[2024-04-01T06:47:26.445+0000] {processor.py:161} INFO - Started process (PID=59) to work on /home/airflow/.local/lib/python3.8/site-packages/airflow/example_dags/example_kubernetes_executor.py
[2024-04-01T06:47:26.446+0000] {processor.py:830} INFO - Processing file /home/airflow/.local/lib/python3.8/site-packages/airflow/example_dags/example_kubernetes_executor.py for tasks to queue
[2024-04-01T06:47:26.447+0000] {logging_mixin.py:188} INFO - [2024-04-01T06:47:26.447+0000] {dagbag.py:540} INFO - Filling up the DagBag from /home/airflow/.local/lib/python3.8/site-packages/airflow/example_dags/example_kubernetes_executor.py
[2024-04-01T06:47:26.459+0000] {processor.py:840} INFO - DAG(s) 'example_kubernetes_executor' retrieved from /home/airflow/.local/lib/python3.8/site-packages/airflow/example_dags/example_kubernetes_executor.py
[2024-04-01T06:47:26.467+0000] {logging_mixin.py:188} INFO - [2024-04-01T06:47:26.467+0000] {dag.py:3047} INFO - Sync 1 DAGs
[2024-04-01T06:47:26.477+0000] {logging_mixin.py:188} INFO - [2024-04-01T06:47:26.477+0000] {dag.py:3834} INFO - Setting next_dagrun for example_kubernetes_executor to None, run_after=None
[2024-04-01T06:47:26.491+0000] {processor.py:183} INFO - Processing /home/airflow/.local/lib/python3.8/site-packages/airflow/example_dags/example_kubernetes_executor.py took 0.048 seconds
[2024-04-01T06:47:57.596+0000] {processor.py:161} INFO - Started process (PID=114) to work on /home/airflow/.local/lib/python3.8/site-packages/airflow/example_dags/example_kubernetes_executor.py
[2024-04-01T06:47:57.596+0000] {processor.py:830} INFO - Processing file /home/airflow/.local/lib/python3.8/site-packages/airflow/example_dags/example_kubernetes_executor.py for tasks to queue
[2024-04-01T06:47:57.597+0000] {logging_mixin.py:188} INFO - [2024-04-01T06:47:57.597+0000] {dagbag.py:540} INFO - Filling up the DagBag from /home/airflow/.local/lib/python3.8/site-packages/airflow/example_dags/example_kubernetes_executor.py
[2024-04-01T06:47:57.606+0000] {processor.py:840} INFO - DAG(s) 'example_kubernetes_executor' retrieved from /home/airflow/.local/lib/python3.8/site-packages/airflow/example_dags/example_kubernetes_executor.py
[2024-04-01T06:47:57.665+0000] {logging_mixin.py:188} INFO - [2024-04-01T06:47:57.665+0000] {dag.py:3047} INFO - Sync 1 DAGs
[2024-04-01T06:47:57.671+0000] {logging_mixin.py:188} INFO - [2024-04-01T06:47:57.671+0000] {dag.py:3834} INFO - Setting next_dagrun for example_kubernetes_executor to None, run_after=None
[2024-04-01T06:47:57.680+0000] {processor.py:183} INFO - Processing /home/airflow/.local/lib/python3.8/site-packages/airflow/example_dags/example_kubernetes_executor.py took 0.086 seconds
[2024-04-01T06:48:27.927+0000] {processor.py:161} INFO - Started process (PID=169) to work on /home/airflow/.local/lib/python3.8/site-packages/airflow/example_dags/example_kubernetes_executor.py
[2024-04-01T06:48:27.931+0000] {processor.py:830} INFO - Processing file /home/airflow/.local/lib/python3.8/site-packages/airflow/example_dags/example_kubernetes_executor.py for tasks to queue
[2024-04-01T06:48:27.932+0000] {logging_mixin.py:188} INFO - [2024-04-01T06:48:27.932+0000] {dagbag.py:540} INFO - Filling up the DagBag from /home/airflow/.local/lib/python3.8/site-packages/airflow/example_dags/example_kubernetes_executor.py
[2024-04-01T06:48:27.941+0000] {processor.py:840} INFO - DAG(s) 'example_kubernetes_executor' retrieved from /home/airflow/.local/lib/python3.8/site-packages/airflow/example_dags/example_kubernetes_executor.py
[2024-04-01T06:48:27.961+0000] {logging_mixin.py:188} INFO - [2024-04-01T06:48:27.961+0000] {dag.py:3047} INFO - Sync 1 DAGs
[2024-04-01T06:48:27.967+0000] {logging_mixin.py:188} INFO - [2024-04-01T06:48:27.967+0000] {dag.py:3834} INFO - Setting next_dagrun for example_kubernetes_executor to None, run_after=None
[2024-04-01T06:48:27.976+0000] {processor.py:183} INFO - Processing /home/airflow/.local/lib/python3.8/site-packages/airflow/example_dags/example_kubernetes_executor.py took 0.051 seconds
[2024-04-01T06:48:58.760+0000] {processor.py:161} INFO - Started process (PID=224) to work on /home/airflow/.local/lib/python3.8/site-packages/airflow/example_dags/example_kubernetes_executor.py
[2024-04-01T06:48:58.761+0000] {processor.py:830} INFO - Processing file /home/airflow/.local/lib/python3.8/site-packages/airflow/example_dags/example_kubernetes_executor.py for tasks to queue
[2024-04-01T06:48:58.762+0000] {logging_mixin.py:188} INFO - [2024-04-01T06:48:58.762+0000] {dagbag.py:540} INFO - Filling up the DagBag from /home/airflow/.local/lib/python3.8/site-packages/airflow/example_dags/example_kubernetes_executor.py
[2024-04-01T06:48:58.770+0000] {processor.py:840} INFO - DAG(s) 'example_kubernetes_executor' retrieved from /home/airflow/.local/lib/python3.8/site-packages/airflow/example_dags/example_kubernetes_executor.py
[2024-04-01T06:48:58.790+0000] {logging_mixin.py:188} INFO - [2024-04-01T06:48:58.790+0000] {dag.py:3047} INFO - Sync 1 DAGs
[2024-04-01T06:48:58.798+0000] {logging_mixin.py:188} INFO - [2024-04-01T06:48:58.798+0000] {dag.py:3834} INFO - Setting next_dagrun for example_kubernetes_executor to None, run_after=None
[2024-04-01T06:48:58.807+0000] {processor.py:183} INFO - Processing /home/airflow/.local/lib/python3.8/site-packages/airflow/example_dags/example_kubernetes_executor.py took 0.049 seconds
[2024-04-01T06:49:29.444+0000] {processor.py:161} INFO - Started process (PID=279) to work on /home/airflow/.local/lib/python3.8/site-packages/airflow/example_dags/example_kubernetes_executor.py
[2024-04-01T06:49:29.444+0000] {processor.py:830} INFO - Processing file /home/airflow/.local/lib/python3.8/site-packages/airflow/example_dags/example_kubernetes_executor.py for tasks to queue
[2024-04-01T06:49:29.445+0000] {logging_mixin.py:188} INFO - [2024-04-01T06:49:29.445+0000] {dagbag.py:540} INFO - Filling up the DagBag from /home/airflow/.local/lib/python3.8/site-packages/airflow/example_dags/example_kubernetes_executor.py
[2024-04-01T06:49:29.454+0000] {processor.py:840} INFO - DAG(s) 'example_kubernetes_executor' retrieved from /home/airflow/.local/lib/python3.8/site-packages/airflow/example_dags/example_kubernetes_executor.py
[2024-04-01T06:49:29.475+0000] {logging_mixin.py:188} INFO - [2024-04-01T06:49:29.474+0000] {dag.py:3047} INFO - Sync 1 DAGs
[2024-04-01T06:49:29.481+0000] {logging_mixin.py:188} INFO - [2024-04-01T06:49:29.481+0000] {dag.py:3834} INFO - Setting next_dagrun for example_kubernetes_executor to None, run_after=None
[2024-04-01T06:49:29.491+0000] {processor.py:183} INFO - Processing /home/airflow/.local/lib/python3.8/site-packages/airflow/example_dags/example_kubernetes_executor.py took 0.049 seconds
[2024-04-01T06:50:00.287+0000] {processor.py:161} INFO - Started process (PID=334) to work on /home/airflow/.local/lib/python3.8/site-packages/airflow/example_dags/example_kubernetes_executor.py
[2024-04-01T06:50:00.288+0000] {processor.py:830} INFO - Processing file /home/airflow/.local/lib/python3.8/site-packages/airflow/example_dags/example_kubernetes_executor.py for tasks to queue
[2024-04-01T06:50:00.289+0000] {logging_mixin.py:188} INFO - [2024-04-01T06:50:00.289+0000] {dagbag.py:540} INFO - Filling up the DagBag from /home/airflow/.local/lib/python3.8/site-packages/airflow/example_dags/example_kubernetes_executor.py
[2024-04-01T06:50:00.299+0000] {processor.py:840} INFO - DAG(s) 'example_kubernetes_executor' retrieved from /home/airflow/.local/lib/python3.8/site-packages/airflow/example_dags/example_kubernetes_executor.py
[2024-04-01T06:50:00.324+0000] {logging_mixin.py:188} INFO - [2024-04-01T06:50:00.324+0000] {dag.py:3047} INFO - Sync 1 DAGs
[2024-04-01T06:50:00.334+0000] {logging_mixin.py:188} INFO - [2024-04-01T06:50:00.334+0000] {dag.py:3834} INFO - Setting next_dagrun for example_kubernetes_executor to None, run_after=None
[2024-04-01T06:50:00.345+0000] {processor.py:183} INFO - Processing /home/airflow/.local/lib/python3.8/site-packages/airflow/example_dags/example_kubernetes_executor.py took 0.060 seconds
[2024-04-01T06:50:30.396+0000] {processor.py:161} INFO - Started process (PID=389) to work on /home/airflow/.local/lib/python3.8/site-packages/airflow/example_dags/example_kubernetes_executor.py
[2024-04-01T06:50:30.397+0000] {processor.py:830} INFO - Processing file /home/airflow/.local/lib/python3.8/site-packages/airflow/example_dags/example_kubernetes_executor.py for tasks to queue
[2024-04-01T06:50:30.398+0000] {logging_mixin.py:188} INFO - [2024-04-01T06:50:30.398+0000] {dagbag.py:540} INFO - Filling up the DagBag from /home/airflow/.local/lib/python3.8/site-packages/airflow/example_dags/example_kubernetes_executor.py
[2024-04-01T06:50:30.407+0000] {processor.py:840} INFO - DAG(s) 'example_kubernetes_executor' retrieved from /home/airflow/.local/lib/python3.8/site-packages/airflow/example_dags/example_kubernetes_executor.py
[2024-04-01T06:50:30.432+0000] {logging_mixin.py:188} INFO - [2024-04-01T06:50:30.432+0000] {dag.py:3047} INFO - Sync 1 DAGs
[2024-04-01T06:50:30.440+0000] {logging_mixin.py:188} INFO - [2024-04-01T06:50:30.440+0000] {dag.py:3834} INFO - Setting next_dagrun for example_kubernetes_executor to None, run_after=None
[2024-04-01T06:50:30.450+0000] {processor.py:183} INFO - Processing /home/airflow/.local/lib/python3.8/site-packages/airflow/example_dags/example_kubernetes_executor.py took 0.057 seconds
[2024-04-01T06:51:01.103+0000] {processor.py:161} INFO - Started process (PID=444) to work on /home/airflow/.local/lib/python3.8/site-packages/airflow/example_dags/example_kubernetes_executor.py
[2024-04-01T06:51:01.104+0000] {processor.py:830} INFO - Processing file /home/airflow/.local/lib/python3.8/site-packages/airflow/example_dags/example_kubernetes_executor.py for tasks to queue
[2024-04-01T06:51:01.105+0000] {logging_mixin.py:188} INFO - [2024-04-01T06:51:01.105+0000] {dagbag.py:540} INFO - Filling up the DagBag from /home/airflow/.local/lib/python3.8/site-packages/airflow/example_dags/example_kubernetes_executor.py
[2024-04-01T06:51:01.113+0000] {processor.py:840} INFO - DAG(s) 'example_kubernetes_executor' retrieved from /home/airflow/.local/lib/python3.8/site-packages/airflow/example_dags/example_kubernetes_executor.py
[2024-04-01T06:51:01.134+0000] {logging_mixin.py:188} INFO - [2024-04-01T06:51:01.134+0000] {dag.py:3047} INFO - Sync 1 DAGs
[2024-04-01T06:51:01.141+0000] {logging_mixin.py:188} INFO - [2024-04-01T06:51:01.141+0000] {dag.py:3834} INFO - Setting next_dagrun for example_kubernetes_executor to None, run_after=None
[2024-04-01T06:51:01.150+0000] {processor.py:183} INFO - Processing /home/airflow/.local/lib/python3.8/site-packages/airflow/example_dags/example_kubernetes_executor.py took 0.049 seconds
[2024-04-01T06:51:31.827+0000] {processor.py:161} INFO - Started process (PID=499) to work on /home/airflow/.local/lib/python3.8/site-packages/airflow/example_dags/example_kubernetes_executor.py
[2024-04-01T06:51:31.828+0000] {processor.py:830} INFO - Processing file /home/airflow/.local/lib/python3.8/site-packages/airflow/example_dags/example_kubernetes_executor.py for tasks to queue
[2024-04-01T06:51:31.829+0000] {logging_mixin.py:188} INFO - [2024-04-01T06:51:31.829+0000] {dagbag.py:540} INFO - Filling up the DagBag from /home/airflow/.local/lib/python3.8/site-packages/airflow/example_dags/example_kubernetes_executor.py
[2024-04-01T06:51:31.837+0000] {processor.py:840} INFO - DAG(s) 'example_kubernetes_executor' retrieved from /home/airflow/.local/lib/python3.8/site-packages/airflow/example_dags/example_kubernetes_executor.py
[2024-04-01T06:51:31.860+0000] {logging_mixin.py:188} INFO - [2024-04-01T06:51:31.860+0000] {dag.py:3047} INFO - Sync 1 DAGs
[2024-04-01T06:51:31.867+0000] {logging_mixin.py:188} INFO - [2024-04-01T06:51:31.867+0000] {dag.py:3834} INFO - Setting next_dagrun for example_kubernetes_executor to None, run_after=None
[2024-04-01T06:51:31.877+0000] {processor.py:183} INFO - Processing /home/airflow/.local/lib/python3.8/site-packages/airflow/example_dags/example_kubernetes_executor.py took 0.052 seconds
[2024-04-01T06:52:02.644+0000] {processor.py:161} INFO - Started process (PID=554) to work on /home/airflow/.local/lib/python3.8/site-packages/airflow/example_dags/example_kubernetes_executor.py
[2024-04-01T06:52:02.645+0000] {processor.py:830} INFO - Processing file /home/airflow/.local/lib/python3.8/site-packages/airflow/example_dags/example_kubernetes_executor.py for tasks to queue
[2024-04-01T06:52:02.646+0000] {logging_mixin.py:188} INFO - [2024-04-01T06:52:02.646+0000] {dagbag.py:540} INFO - Filling up the DagBag from /home/airflow/.local/lib/python3.8/site-packages/airflow/example_dags/example_kubernetes_executor.py
[2024-04-01T06:52:02.655+0000] {processor.py:840} INFO - DAG(s) 'example_kubernetes_executor' retrieved from /home/airflow/.local/lib/python3.8/site-packages/airflow/example_dags/example_kubernetes_executor.py
[2024-04-01T06:52:02.679+0000] {logging_mixin.py:188} INFO - [2024-04-01T06:52:02.679+0000] {dag.py:3047} INFO - Sync 1 DAGs
[2024-04-01T06:52:02.690+0000] {logging_mixin.py:188} INFO - [2024-04-01T06:52:02.689+0000] {dag.py:3834} INFO - Setting next_dagrun for example_kubernetes_executor to None, run_after=None
[2024-04-01T06:52:02.700+0000] {processor.py:183} INFO - Processing /home/airflow/.local/lib/python3.8/site-packages/airflow/example_dags/example_kubernetes_executor.py took 0.057 seconds
[2024-04-01T06:52:33.448+0000] {processor.py:161} INFO - Started process (PID=609) to work on /home/airflow/.local/lib/python3.8/site-packages/airflow/example_dags/example_kubernetes_executor.py
[2024-04-01T06:52:33.449+0000] {processor.py:830} INFO - Processing file /home/airflow/.local/lib/python3.8/site-packages/airflow/example_dags/example_kubernetes_executor.py for tasks to queue
[2024-04-01T06:52:33.450+0000] {logging_mixin.py:188} INFO - [2024-04-01T06:52:33.449+0000] {dagbag.py:540} INFO - Filling up the DagBag from /home/airflow/.local/lib/python3.8/site-packages/airflow/example_dags/example_kubernetes_executor.py
[2024-04-01T06:52:33.458+0000] {processor.py:840} INFO - DAG(s) 'example_kubernetes_executor' retrieved from /home/airflow/.local/lib/python3.8/site-packages/airflow/example_dags/example_kubernetes_executor.py
[2024-04-01T06:52:33.480+0000] {logging_mixin.py:188} INFO - [2024-04-01T06:52:33.480+0000] {dag.py:3047} INFO - Sync 1 DAGs
[2024-04-01T06:52:33.488+0000] {logging_mixin.py:188} INFO - [2024-04-01T06:52:33.488+0000] {dag.py:3834} INFO - Setting next_dagrun for example_kubernetes_executor to None, run_after=None
[2024-04-01T06:52:33.501+0000] {processor.py:183} INFO - Processing /home/airflow/.local/lib/python3.8/site-packages/airflow/example_dags/example_kubernetes_executor.py took 0.057 seconds
[2024-04-01T06:53:03.627+0000] {processor.py:161} INFO - Started process (PID=664) to work on /home/airflow/.local/lib/python3.8/site-packages/airflow/example_dags/example_kubernetes_executor.py
[2024-04-01T06:53:03.628+0000] {processor.py:830} INFO - Processing file /home/airflow/.local/lib/python3.8/site-packages/airflow/example_dags/example_kubernetes_executor.py for tasks to queue
[2024-04-01T06:53:03.629+0000] {logging_mixin.py:188} INFO - [2024-04-01T06:53:03.629+0000] {dagbag.py:540} INFO - Filling up the DagBag from /home/airflow/.local/lib/python3.8/site-packages/airflow/example_dags/example_kubernetes_executor.py
[2024-04-01T06:53:03.639+0000] {processor.py:840} INFO - DAG(s) 'example_kubernetes_executor' retrieved from /home/airflow/.local/lib/python3.8/site-packages/airflow/example_dags/example_kubernetes_executor.py
[2024-04-01T06:53:03.663+0000] {logging_mixin.py:188} INFO - [2024-04-01T06:53:03.662+0000] {dag.py:3047} INFO - Sync 1 DAGs
[2024-04-01T06:53:03.670+0000] {logging_mixin.py:188} INFO - [2024-04-01T06:53:03.670+0000] {dag.py:3834} INFO - Setting next_dagrun for example_kubernetes_executor to None, run_after=None
[2024-04-01T06:53:03.680+0000] {processor.py:183} INFO - Processing /home/airflow/.local/lib/python3.8/site-packages/airflow/example_dags/example_kubernetes_executor.py took 0.055 seconds
[2024-04-01T06:53:33.837+0000] {processor.py:161} INFO - Started process (PID=719) to work on /home/airflow/.local/lib/python3.8/site-packages/airflow/example_dags/example_kubernetes_executor.py
[2024-04-01T06:53:33.838+0000] {processor.py:830} INFO - Processing file /home/airflow/.local/lib/python3.8/site-packages/airflow/example_dags/example_kubernetes_executor.py for tasks to queue
[2024-04-01T06:53:33.839+0000] {logging_mixin.py:188} INFO - [2024-04-01T06:53:33.839+0000] {dagbag.py:540} INFO - Filling up the DagBag from /home/airflow/.local/lib/python3.8/site-packages/airflow/example_dags/example_kubernetes_executor.py
[2024-04-01T06:53:33.849+0000] {processor.py:840} INFO - DAG(s) 'example_kubernetes_executor' retrieved from /home/airflow/.local/lib/python3.8/site-packages/airflow/example_dags/example_kubernetes_executor.py
[2024-04-01T06:53:33.876+0000] {logging_mixin.py:188} INFO - [2024-04-01T06:53:33.876+0000] {dag.py:3047} INFO - Sync 1 DAGs
[2024-04-01T06:53:33.883+0000] {logging_mixin.py:188} INFO - [2024-04-01T06:53:33.883+0000] {dag.py:3834} INFO - Setting next_dagrun for example_kubernetes_executor to None, run_after=None
[2024-04-01T06:53:33.894+0000] {processor.py:183} INFO - Processing /home/airflow/.local/lib/python3.8/site-packages/airflow/example_dags/example_kubernetes_executor.py took 0.060 seconds
[2024-04-01T06:54:04.734+0000] {processor.py:161} INFO - Started process (PID=774) to work on /home/airflow/.local/lib/python3.8/site-packages/airflow/example_dags/example_kubernetes_executor.py
[2024-04-01T06:54:04.734+0000] {processor.py:830} INFO - Processing file /home/airflow/.local/lib/python3.8/site-packages/airflow/example_dags/example_kubernetes_executor.py for tasks to queue
[2024-04-01T06:54:04.735+0000] {logging_mixin.py:188} INFO - [2024-04-01T06:54:04.735+0000] {dagbag.py:540} INFO - Filling up the DagBag from /home/airflow/.local/lib/python3.8/site-packages/airflow/example_dags/example_kubernetes_executor.py
[2024-04-01T06:54:04.743+0000] {processor.py:840} INFO - DAG(s) 'example_kubernetes_executor' retrieved from /home/airflow/.local/lib/python3.8/site-packages/airflow/example_dags/example_kubernetes_executor.py
[2024-04-01T06:54:04.762+0000] {logging_mixin.py:188} INFO - [2024-04-01T06:54:04.762+0000] {dag.py:3047} INFO - Sync 1 DAGs
[2024-04-01T06:54:04.769+0000] {logging_mixin.py:188} INFO - [2024-04-01T06:54:04.769+0000] {dag.py:3834} INFO - Setting next_dagrun for example_kubernetes_executor to None, run_after=None
[2024-04-01T06:54:04.778+0000] {processor.py:183} INFO - Processing /home/airflow/.local/lib/python3.8/site-packages/airflow/example_dags/example_kubernetes_executor.py took 0.045 seconds
[2024-04-01T06:54:35.408+0000] {processor.py:161} INFO - Started process (PID=829) to work on /home/airflow/.local/lib/python3.8/site-packages/airflow/example_dags/example_kubernetes_executor.py
[2024-04-01T06:54:35.409+0000] {processor.py:830} INFO - Processing file /home/airflow/.local/lib/python3.8/site-packages/airflow/example_dags/example_kubernetes_executor.py for tasks to queue
[2024-04-01T06:54:35.410+0000] {logging_mixin.py:188} INFO - [2024-04-01T06:54:35.410+0000] {dagbag.py:540} INFO - Filling up the DagBag from /home/airflow/.local/lib/python3.8/site-packages/airflow/example_dags/example_kubernetes_executor.py
[2024-04-01T06:54:35.419+0000] {processor.py:840} INFO - DAG(s) 'example_kubernetes_executor' retrieved from /home/airflow/.local/lib/python3.8/site-packages/airflow/example_dags/example_kubernetes_executor.py
[2024-04-01T06:54:35.440+0000] {logging_mixin.py:188} INFO - [2024-04-01T06:54:35.440+0000] {dag.py:3047} INFO - Sync 1 DAGs
[2024-04-01T06:54:35.447+0000] {logging_mixin.py:188} INFO - [2024-04-01T06:54:35.446+0000] {dag.py:3834} INFO - Setting next_dagrun for example_kubernetes_executor to None, run_after=None
[2024-04-01T06:54:35.462+0000] {processor.py:183} INFO - Processing /home/airflow/.local/lib/python3.8/site-packages/airflow/example_dags/example_kubernetes_executor.py took 0.056 seconds
[2024-04-01T06:55:06.118+0000] {processor.py:161} INFO - Started process (PID=884) to work on /home/airflow/.local/lib/python3.8/site-packages/airflow/example_dags/example_kubernetes_executor.py
[2024-04-01T06:55:06.119+0000] {processor.py:830} INFO - Processing file /home/airflow/.local/lib/python3.8/site-packages/airflow/example_dags/example_kubernetes_executor.py for tasks to queue
[2024-04-01T06:55:06.120+0000] {logging_mixin.py:188} INFO - [2024-04-01T06:55:06.120+0000] {dagbag.py:540} INFO - Filling up the DagBag from /home/airflow/.local/lib/python3.8/site-packages/airflow/example_dags/example_kubernetes_executor.py
[2024-04-01T06:55:06.130+0000] {processor.py:840} INFO - DAG(s) 'example_kubernetes_executor' retrieved from /home/airflow/.local/lib/python3.8/site-packages/airflow/example_dags/example_kubernetes_executor.py
[2024-04-01T06:55:06.154+0000] {logging_mixin.py:188} INFO - [2024-04-01T06:55:06.153+0000] {dag.py:3047} INFO - Sync 1 DAGs
[2024-04-01T06:55:06.162+0000] {logging_mixin.py:188} INFO - [2024-04-01T06:55:06.162+0000] {dag.py:3834} INFO - Setting next_dagrun for example_kubernetes_executor to None, run_after=None
[2024-04-01T06:55:06.172+0000] {processor.py:183} INFO - Processing /home/airflow/.local/lib/python3.8/site-packages/airflow/example_dags/example_kubernetes_executor.py took 0.056 seconds
[2024-04-01T06:55:36.873+0000] {processor.py:161} INFO - Started process (PID=939) to work on /home/airflow/.local/lib/python3.8/site-packages/airflow/example_dags/example_kubernetes_executor.py
[2024-04-01T06:55:36.873+0000] {processor.py:830} INFO - Processing file /home/airflow/.local/lib/python3.8/site-packages/airflow/example_dags/example_kubernetes_executor.py for tasks to queue
[2024-04-01T06:55:36.874+0000] {logging_mixin.py:188} INFO - [2024-04-01T06:55:36.874+0000] {dagbag.py:540} INFO - Filling up the DagBag from /home/airflow/.local/lib/python3.8/site-packages/airflow/example_dags/example_kubernetes_executor.py
[2024-04-01T06:55:36.883+0000] {processor.py:840} INFO - DAG(s) 'example_kubernetes_executor' retrieved from /home/airflow/.local/lib/python3.8/site-packages/airflow/example_dags/example_kubernetes_executor.py
[2024-04-01T06:55:36.905+0000] {logging_mixin.py:188} INFO - [2024-04-01T06:55:36.905+0000] {dag.py:3047} INFO - Sync 1 DAGs
[2024-04-01T06:55:36.912+0000] {logging_mixin.py:188} INFO - [2024-04-01T06:55:36.912+0000] {dag.py:3834} INFO - Setting next_dagrun for example_kubernetes_executor to None, run_after=None
[2024-04-01T06:55:36.923+0000] {processor.py:183} INFO - Processing /home/airflow/.local/lib/python3.8/site-packages/airflow/example_dags/example_kubernetes_executor.py took 0.052 seconds
[2024-04-01T06:56:07.603+0000] {processor.py:161} INFO - Started process (PID=994) to work on /home/airflow/.local/lib/python3.8/site-packages/airflow/example_dags/example_kubernetes_executor.py
[2024-04-01T06:56:07.604+0000] {processor.py:830} INFO - Processing file /home/airflow/.local/lib/python3.8/site-packages/airflow/example_dags/example_kubernetes_executor.py for tasks to queue
[2024-04-01T06:56:07.606+0000] {logging_mixin.py:188} INFO - [2024-04-01T06:56:07.606+0000] {dagbag.py:540} INFO - Filling up the DagBag from /home/airflow/.local/lib/python3.8/site-packages/airflow/example_dags/example_kubernetes_executor.py
[2024-04-01T06:56:07.617+0000] {processor.py:840} INFO - DAG(s) 'example_kubernetes_executor' retrieved from /home/airflow/.local/lib/python3.8/site-packages/airflow/example_dags/example_kubernetes_executor.py
[2024-04-01T06:56:07.640+0000] {logging_mixin.py:188} INFO - [2024-04-01T06:56:07.640+0000] {dag.py:3047} INFO - Sync 1 DAGs
[2024-04-01T06:56:07.647+0000] {logging_mixin.py:188} INFO - [2024-04-01T06:56:07.647+0000] {dag.py:3834} INFO - Setting next_dagrun for example_kubernetes_executor to None, run_after=None
[2024-04-01T06:56:07.657+0000] {processor.py:183} INFO - Processing /home/airflow/.local/lib/python3.8/site-packages/airflow/example_dags/example_kubernetes_executor.py took 0.056 seconds
[2024-04-01T06:56:38.412+0000] {processor.py:161} INFO - Started process (PID=1048) to work on /home/airflow/.local/lib/python3.8/site-packages/airflow/example_dags/example_kubernetes_executor.py
[2024-04-01T06:56:38.413+0000] {processor.py:830} INFO - Processing file /home/airflow/.local/lib/python3.8/site-packages/airflow/example_dags/example_kubernetes_executor.py for tasks to queue
[2024-04-01T06:56:38.414+0000] {logging_mixin.py:188} INFO - [2024-04-01T06:56:38.414+0000] {dagbag.py:540} INFO - Filling up the DagBag from /home/airflow/.local/lib/python3.8/site-packages/airflow/example_dags/example_kubernetes_executor.py
[2024-04-01T06:56:38.424+0000] {processor.py:840} INFO - DAG(s) 'example_kubernetes_executor' retrieved from /home/airflow/.local/lib/python3.8/site-packages/airflow/example_dags/example_kubernetes_executor.py
[2024-04-01T06:56:38.450+0000] {logging_mixin.py:188} INFO - [2024-04-01T06:56:38.450+0000] {dag.py:3047} INFO - Sync 1 DAGs
[2024-04-01T06:56:38.458+0000] {logging_mixin.py:188} INFO - [2024-04-01T06:56:38.458+0000] {dag.py:3834} INFO - Setting next_dagrun for example_kubernetes_executor to None, run_after=None
[2024-04-01T06:56:38.469+0000] {processor.py:183} INFO - Processing /home/airflow/.local/lib/python3.8/site-packages/airflow/example_dags/example_kubernetes_executor.py took 0.060 seconds
[2024-04-01T06:57:09.489+0000] {processor.py:161} INFO - Started process (PID=1103) to work on /home/airflow/.local/lib/python3.8/site-packages/airflow/example_dags/example_kubernetes_executor.py
[2024-04-01T06:57:09.490+0000] {processor.py:830} INFO - Processing file /home/airflow/.local/lib/python3.8/site-packages/airflow/example_dags/example_kubernetes_executor.py for tasks to queue
[2024-04-01T06:57:09.491+0000] {logging_mixin.py:188} INFO - [2024-04-01T06:57:09.491+0000] {dagbag.py:540} INFO - Filling up the DagBag from /home/airflow/.local/lib/python3.8/site-packages/airflow/example_dags/example_kubernetes_executor.py
[2024-04-01T06:57:09.501+0000] {processor.py:840} INFO - DAG(s) 'example_kubernetes_executor' retrieved from /home/airflow/.local/lib/python3.8/site-packages/airflow/example_dags/example_kubernetes_executor.py
[2024-04-01T06:57:09.526+0000] {logging_mixin.py:188} INFO - [2024-04-01T06:57:09.526+0000] {dag.py:3047} INFO - Sync 1 DAGs
[2024-04-01T06:57:09.533+0000] {logging_mixin.py:188} INFO - [2024-04-01T06:57:09.533+0000] {dag.py:3834} INFO - Setting next_dagrun for example_kubernetes_executor to None, run_after=None
[2024-04-01T06:57:09.544+0000] {processor.py:183} INFO - Processing /home/airflow/.local/lib/python3.8/site-packages/airflow/example_dags/example_kubernetes_executor.py took 0.058 seconds
[2024-04-01T06:57:40.231+0000] {processor.py:161} INFO - Started process (PID=1158) to work on /home/airflow/.local/lib/python3.8/site-packages/airflow/example_dags/example_kubernetes_executor.py
[2024-04-01T06:57:40.232+0000] {processor.py:830} INFO - Processing file /home/airflow/.local/lib/python3.8/site-packages/airflow/example_dags/example_kubernetes_executor.py for tasks to queue
[2024-04-01T06:57:40.233+0000] {logging_mixin.py:188} INFO - [2024-04-01T06:57:40.233+0000] {dagbag.py:540} INFO - Filling up the DagBag from /home/airflow/.local/lib/python3.8/site-packages/airflow/example_dags/example_kubernetes_executor.py
[2024-04-01T06:57:40.242+0000] {processor.py:840} INFO - DAG(s) 'example_kubernetes_executor' retrieved from /home/airflow/.local/lib/python3.8/site-packages/airflow/example_dags/example_kubernetes_executor.py
[2024-04-01T06:57:40.264+0000] {logging_mixin.py:188} INFO - [2024-04-01T06:57:40.264+0000] {dag.py:3047} INFO - Sync 1 DAGs
[2024-04-01T06:57:40.271+0000] {logging_mixin.py:188} INFO - [2024-04-01T06:57:40.271+0000] {dag.py:3834} INFO - Setting next_dagrun for example_kubernetes_executor to None, run_after=None
[2024-04-01T06:57:40.281+0000] {processor.py:183} INFO - Processing /home/airflow/.local/lib/python3.8/site-packages/airflow/example_dags/example_kubernetes_executor.py took 0.051 seconds
[2024-04-01T06:58:11.061+0000] {processor.py:161} INFO - Started process (PID=1213) to work on /home/airflow/.local/lib/python3.8/site-packages/airflow/example_dags/example_kubernetes_executor.py
[2024-04-01T06:58:11.062+0000] {processor.py:830} INFO - Processing file /home/airflow/.local/lib/python3.8/site-packages/airflow/example_dags/example_kubernetes_executor.py for tasks to queue
[2024-04-01T06:58:11.064+0000] {logging_mixin.py:188} INFO - [2024-04-01T06:58:11.063+0000] {dagbag.py:540} INFO - Filling up the DagBag from /home/airflow/.local/lib/python3.8/site-packages/airflow/example_dags/example_kubernetes_executor.py
[2024-04-01T06:58:11.072+0000] {processor.py:840} INFO - DAG(s) 'example_kubernetes_executor' retrieved from /home/airflow/.local/lib/python3.8/site-packages/airflow/example_dags/example_kubernetes_executor.py
[2024-04-01T06:58:11.094+0000] {logging_mixin.py:188} INFO - [2024-04-01T06:58:11.094+0000] {dag.py:3047} INFO - Sync 1 DAGs
[2024-04-01T06:58:11.101+0000] {logging_mixin.py:188} INFO - [2024-04-01T06:58:11.101+0000] {dag.py:3834} INFO - Setting next_dagrun for example_kubernetes_executor to None, run_after=None
[2024-04-01T06:58:11.111+0000] {processor.py:183} INFO - Processing /home/airflow/.local/lib/python3.8/site-packages/airflow/example_dags/example_kubernetes_executor.py took 0.052 seconds
[2024-04-01T06:58:41.156+0000] {processor.py:161} INFO - Started process (PID=1268) to work on /home/airflow/.local/lib/python3.8/site-packages/airflow/example_dags/example_kubernetes_executor.py
[2024-04-01T06:58:41.157+0000] {processor.py:830} INFO - Processing file /home/airflow/.local/lib/python3.8/site-packages/airflow/example_dags/example_kubernetes_executor.py for tasks to queue
[2024-04-01T06:58:41.158+0000] {logging_mixin.py:188} INFO - [2024-04-01T06:58:41.158+0000] {dagbag.py:540} INFO - Filling up the DagBag from /home/airflow/.local/lib/python3.8/site-packages/airflow/example_dags/example_kubernetes_executor.py
[2024-04-01T06:58:41.166+0000] {processor.py:840} INFO - DAG(s) 'example_kubernetes_executor' retrieved from /home/airflow/.local/lib/python3.8/site-packages/airflow/example_dags/example_kubernetes_executor.py
[2024-04-01T06:58:41.188+0000] {logging_mixin.py:188} INFO - [2024-04-01T06:58:41.188+0000] {dag.py:3047} INFO - Sync 1 DAGs
[2024-04-01T06:58:41.196+0000] {logging_mixin.py:188} INFO - [2024-04-01T06:58:41.196+0000] {dag.py:3834} INFO - Setting next_dagrun for example_kubernetes_executor to None, run_after=None
[2024-04-01T06:58:41.205+0000] {processor.py:183} INFO - Processing /home/airflow/.local/lib/python3.8/site-packages/airflow/example_dags/example_kubernetes_executor.py took 0.051 seconds
[2024-04-01T06:59:11.820+0000] {processor.py:161} INFO - Started process (PID=1323) to work on /home/airflow/.local/lib/python3.8/site-packages/airflow/example_dags/example_kubernetes_executor.py
[2024-04-01T06:59:11.822+0000] {processor.py:830} INFO - Processing file /home/airflow/.local/lib/python3.8/site-packages/airflow/example_dags/example_kubernetes_executor.py for tasks to queue
[2024-04-01T06:59:11.824+0000] {logging_mixin.py:188} INFO - [2024-04-01T06:59:11.824+0000] {dagbag.py:540} INFO - Filling up the DagBag from /home/airflow/.local/lib/python3.8/site-packages/airflow/example_dags/example_kubernetes_executor.py
[2024-04-01T06:59:11.833+0000] {processor.py:840} INFO - DAG(s) 'example_kubernetes_executor' retrieved from /home/airflow/.local/lib/python3.8/site-packages/airflow/example_dags/example_kubernetes_executor.py
[2024-04-01T06:59:11.856+0000] {logging_mixin.py:188} INFO - [2024-04-01T06:59:11.856+0000] {dag.py:3047} INFO - Sync 1 DAGs
[2024-04-01T06:59:11.863+0000] {logging_mixin.py:188} INFO - [2024-04-01T06:59:11.863+0000] {dag.py:3834} INFO - Setting next_dagrun for example_kubernetes_executor to None, run_after=None
[2024-04-01T06:59:11.873+0000] {processor.py:183} INFO - Processing /home/airflow/.local/lib/python3.8/site-packages/airflow/example_dags/example_kubernetes_executor.py took 0.055 seconds
[2024-04-01T06:59:42.565+0000] {processor.py:161} INFO - Started process (PID=1378) to work on /home/airflow/.local/lib/python3.8/site-packages/airflow/example_dags/example_kubernetes_executor.py
[2024-04-01T06:59:42.566+0000] {processor.py:830} INFO - Processing file /home/airflow/.local/lib/python3.8/site-packages/airflow/example_dags/example_kubernetes_executor.py for tasks to queue
[2024-04-01T06:59:42.567+0000] {logging_mixin.py:188} INFO - [2024-04-01T06:59:42.567+0000] {dagbag.py:540} INFO - Filling up the DagBag from /home/airflow/.local/lib/python3.8/site-packages/airflow/example_dags/example_kubernetes_executor.py
[2024-04-01T06:59:42.576+0000] {processor.py:840} INFO - DAG(s) 'example_kubernetes_executor' retrieved from /home/airflow/.local/lib/python3.8/site-packages/airflow/example_dags/example_kubernetes_executor.py
[2024-04-01T06:59:42.600+0000] {logging_mixin.py:188} INFO - [2024-04-01T06:59:42.600+0000] {dag.py:3047} INFO - Sync 1 DAGs
[2024-04-01T06:59:42.608+0000] {logging_mixin.py:188} INFO - [2024-04-01T06:59:42.607+0000] {dag.py:3834} INFO - Setting next_dagrun for example_kubernetes_executor to None, run_after=None
[2024-04-01T06:59:42.618+0000] {processor.py:183} INFO - Processing /home/airflow/.local/lib/python3.8/site-packages/airflow/example_dags/example_kubernetes_executor.py took 0.055 seconds
[2024-04-01T07:00:12.640+0000] {processor.py:161} INFO - Started process (PID=1433) to work on /home/airflow/.local/lib/python3.8/site-packages/airflow/example_dags/example_kubernetes_executor.py
[2024-04-01T07:00:12.641+0000] {processor.py:830} INFO - Processing file /home/airflow/.local/lib/python3.8/site-packages/airflow/example_dags/example_kubernetes_executor.py for tasks to queue
[2024-04-01T07:00:12.642+0000] {logging_mixin.py:188} INFO - [2024-04-01T07:00:12.642+0000] {dagbag.py:540} INFO - Filling up the DagBag from /home/airflow/.local/lib/python3.8/site-packages/airflow/example_dags/example_kubernetes_executor.py
[2024-04-01T07:00:12.650+0000] {processor.py:840} INFO - DAG(s) 'example_kubernetes_executor' retrieved from /home/airflow/.local/lib/python3.8/site-packages/airflow/example_dags/example_kubernetes_executor.py
[2024-04-01T07:00:12.670+0000] {logging_mixin.py:188} INFO - [2024-04-01T07:00:12.670+0000] {dag.py:3047} INFO - Sync 1 DAGs
[2024-04-01T07:00:12.677+0000] {logging_mixin.py:188} INFO - [2024-04-01T07:00:12.677+0000] {dag.py:3834} INFO - Setting next_dagrun for example_kubernetes_executor to None, run_after=None
[2024-04-01T07:00:12.687+0000] {processor.py:183} INFO - Processing /home/airflow/.local/lib/python3.8/site-packages/airflow/example_dags/example_kubernetes_executor.py took 0.048 seconds
[2024-04-01T07:00:43.116+0000] {processor.py:161} INFO - Started process (PID=1488) to work on /home/airflow/.local/lib/python3.8/site-packages/airflow/example_dags/example_kubernetes_executor.py
[2024-04-01T07:00:43.116+0000] {processor.py:830} INFO - Processing file /home/airflow/.local/lib/python3.8/site-packages/airflow/example_dags/example_kubernetes_executor.py for tasks to queue
[2024-04-01T07:00:43.117+0000] {logging_mixin.py:188} INFO - [2024-04-01T07:00:43.117+0000] {dagbag.py:540} INFO - Filling up the DagBag from /home/airflow/.local/lib/python3.8/site-packages/airflow/example_dags/example_kubernetes_executor.py
[2024-04-01T07:00:43.125+0000] {processor.py:840} INFO - DAG(s) 'example_kubernetes_executor' retrieved from /home/airflow/.local/lib/python3.8/site-packages/airflow/example_dags/example_kubernetes_executor.py
[2024-04-01T07:00:43.145+0000] {logging_mixin.py:188} INFO - [2024-04-01T07:00:43.145+0000] {dag.py:3047} INFO - Sync 1 DAGs
[2024-04-01T07:00:43.155+0000] {logging_mixin.py:188} INFO - [2024-04-01T07:00:43.155+0000] {dag.py:3834} INFO - Setting next_dagrun for example_kubernetes_executor to None, run_after=None
[2024-04-01T07:00:43.166+0000] {processor.py:183} INFO - Processing /home/airflow/.local/lib/python3.8/site-packages/airflow/example_dags/example_kubernetes_executor.py took 0.053 seconds
[2024-04-01T07:01:37.181+0000] {processor.py:161} INFO - Started process (PID=59) to work on /home/airflow/.local/lib/python3.8/site-packages/airflow/example_dags/example_kubernetes_executor.py
[2024-04-01T07:01:37.182+0000] {processor.py:830} INFO - Processing file /home/airflow/.local/lib/python3.8/site-packages/airflow/example_dags/example_kubernetes_executor.py for tasks to queue
[2024-04-01T07:01:37.183+0000] {logging_mixin.py:188} INFO - [2024-04-01T07:01:37.183+0000] {dagbag.py:540} INFO - Filling up the DagBag from /home/airflow/.local/lib/python3.8/site-packages/airflow/example_dags/example_kubernetes_executor.py
[2024-04-01T07:01:37.197+0000] {processor.py:840} INFO - DAG(s) 'example_kubernetes_executor' retrieved from /home/airflow/.local/lib/python3.8/site-packages/airflow/example_dags/example_kubernetes_executor.py
[2024-04-01T07:01:37.220+0000] {logging_mixin.py:188} INFO - [2024-04-01T07:01:37.219+0000] {dag.py:3047} INFO - Sync 1 DAGs
[2024-04-01T07:01:37.231+0000] {logging_mixin.py:188} INFO - [2024-04-01T07:01:37.231+0000] {dag.py:3834} INFO - Setting next_dagrun for example_kubernetes_executor to None, run_after=None
[2024-04-01T07:01:37.245+0000] {processor.py:183} INFO - Processing /home/airflow/.local/lib/python3.8/site-packages/airflow/example_dags/example_kubernetes_executor.py took 0.067 seconds
[2024-04-01T07:02:07.859+0000] {processor.py:161} INFO - Started process (PID=114) to work on /home/airflow/.local/lib/python3.8/site-packages/airflow/example_dags/example_kubernetes_executor.py
[2024-04-01T07:02:07.860+0000] {processor.py:830} INFO - Processing file /home/airflow/.local/lib/python3.8/site-packages/airflow/example_dags/example_kubernetes_executor.py for tasks to queue
[2024-04-01T07:02:07.861+0000] {logging_mixin.py:188} INFO - [2024-04-01T07:02:07.861+0000] {dagbag.py:540} INFO - Filling up the DagBag from /home/airflow/.local/lib/python3.8/site-packages/airflow/example_dags/example_kubernetes_executor.py
[2024-04-01T07:02:07.872+0000] {processor.py:840} INFO - DAG(s) 'example_kubernetes_executor' retrieved from /home/airflow/.local/lib/python3.8/site-packages/airflow/example_dags/example_kubernetes_executor.py
[2024-04-01T07:02:07.945+0000] {logging_mixin.py:188} INFO - [2024-04-01T07:02:07.944+0000] {dag.py:3047} INFO - Sync 1 DAGs
[2024-04-01T07:02:07.951+0000] {logging_mixin.py:188} INFO - [2024-04-01T07:02:07.951+0000] {dag.py:3834} INFO - Setting next_dagrun for example_kubernetes_executor to None, run_after=None
[2024-04-01T07:02:07.963+0000] {processor.py:183} INFO - Processing /home/airflow/.local/lib/python3.8/site-packages/airflow/example_dags/example_kubernetes_executor.py took 0.107 seconds
[2024-04-01T07:02:38.410+0000] {processor.py:161} INFO - Started process (PID=168) to work on /home/airflow/.local/lib/python3.8/site-packages/airflow/example_dags/example_kubernetes_executor.py
[2024-04-01T07:02:38.411+0000] {processor.py:830} INFO - Processing file /home/airflow/.local/lib/python3.8/site-packages/airflow/example_dags/example_kubernetes_executor.py for tasks to queue
[2024-04-01T07:02:38.412+0000] {logging_mixin.py:188} INFO - [2024-04-01T07:02:38.412+0000] {dagbag.py:540} INFO - Filling up the DagBag from /home/airflow/.local/lib/python3.8/site-packages/airflow/example_dags/example_kubernetes_executor.py
[2024-04-01T07:02:38.422+0000] {processor.py:840} INFO - DAG(s) 'example_kubernetes_executor' retrieved from /home/airflow/.local/lib/python3.8/site-packages/airflow/example_dags/example_kubernetes_executor.py
[2024-04-01T07:02:38.448+0000] {logging_mixin.py:188} INFO - [2024-04-01T07:02:38.447+0000] {dag.py:3047} INFO - Sync 1 DAGs
[2024-04-01T07:02:38.456+0000] {logging_mixin.py:188} INFO - [2024-04-01T07:02:38.456+0000] {dag.py:3834} INFO - Setting next_dagrun for example_kubernetes_executor to None, run_after=None
[2024-04-01T07:02:38.467+0000] {processor.py:183} INFO - Processing /home/airflow/.local/lib/python3.8/site-packages/airflow/example_dags/example_kubernetes_executor.py took 0.060 seconds
[2024-04-01T07:03:08.575+0000] {processor.py:161} INFO - Started process (PID=223) to work on /home/airflow/.local/lib/python3.8/site-packages/airflow/example_dags/example_kubernetes_executor.py
[2024-04-01T07:03:08.576+0000] {processor.py:830} INFO - Processing file /home/airflow/.local/lib/python3.8/site-packages/airflow/example_dags/example_kubernetes_executor.py for tasks to queue
[2024-04-01T07:03:08.577+0000] {logging_mixin.py:188} INFO - [2024-04-01T07:03:08.577+0000] {dagbag.py:540} INFO - Filling up the DagBag from /home/airflow/.local/lib/python3.8/site-packages/airflow/example_dags/example_kubernetes_executor.py
[2024-04-01T07:03:08.587+0000] {processor.py:840} INFO - DAG(s) 'example_kubernetes_executor' retrieved from /home/airflow/.local/lib/python3.8/site-packages/airflow/example_dags/example_kubernetes_executor.py
[2024-04-01T07:03:08.610+0000] {logging_mixin.py:188} INFO - [2024-04-01T07:03:08.610+0000] {dag.py:3047} INFO - Sync 1 DAGs
[2024-04-01T07:03:08.618+0000] {logging_mixin.py:188} INFO - [2024-04-01T07:03:08.618+0000] {dag.py:3834} INFO - Setting next_dagrun for example_kubernetes_executor to None, run_after=None
[2024-04-01T07:03:08.628+0000] {processor.py:183} INFO - Processing /home/airflow/.local/lib/python3.8/site-packages/airflow/example_dags/example_kubernetes_executor.py took 0.056 seconds
[2024-04-01T07:03:38.654+0000] {processor.py:161} INFO - Started process (PID=278) to work on /home/airflow/.local/lib/python3.8/site-packages/airflow/example_dags/example_kubernetes_executor.py
[2024-04-01T07:03:38.655+0000] {processor.py:830} INFO - Processing file /home/airflow/.local/lib/python3.8/site-packages/airflow/example_dags/example_kubernetes_executor.py for tasks to queue
[2024-04-01T07:03:38.657+0000] {logging_mixin.py:188} INFO - [2024-04-01T07:03:38.656+0000] {dagbag.py:540} INFO - Filling up the DagBag from /home/airflow/.local/lib/python3.8/site-packages/airflow/example_dags/example_kubernetes_executor.py
[2024-04-01T07:03:38.669+0000] {processor.py:840} INFO - DAG(s) 'example_kubernetes_executor' retrieved from /home/airflow/.local/lib/python3.8/site-packages/airflow/example_dags/example_kubernetes_executor.py
[2024-04-01T07:03:38.693+0000] {logging_mixin.py:188} INFO - [2024-04-01T07:03:38.693+0000] {dag.py:3047} INFO - Sync 1 DAGs
[2024-04-01T07:03:38.701+0000] {logging_mixin.py:188} INFO - [2024-04-01T07:03:38.701+0000] {dag.py:3834} INFO - Setting next_dagrun for example_kubernetes_executor to None, run_after=None
[2024-04-01T07:03:38.713+0000] {processor.py:183} INFO - Processing /home/airflow/.local/lib/python3.8/site-packages/airflow/example_dags/example_kubernetes_executor.py took 0.061 seconds
[2024-04-01T07:04:08.782+0000] {processor.py:161} INFO - Started process (PID=333) to work on /home/airflow/.local/lib/python3.8/site-packages/airflow/example_dags/example_kubernetes_executor.py
[2024-04-01T07:04:08.783+0000] {processor.py:830} INFO - Processing file /home/airflow/.local/lib/python3.8/site-packages/airflow/example_dags/example_kubernetes_executor.py for tasks to queue
[2024-04-01T07:04:08.784+0000] {logging_mixin.py:188} INFO - [2024-04-01T07:04:08.784+0000] {dagbag.py:540} INFO - Filling up the DagBag from /home/airflow/.local/lib/python3.8/site-packages/airflow/example_dags/example_kubernetes_executor.py
[2024-04-01T07:04:08.794+0000] {processor.py:840} INFO - DAG(s) 'example_kubernetes_executor' retrieved from /home/airflow/.local/lib/python3.8/site-packages/airflow/example_dags/example_kubernetes_executor.py
[2024-04-01T07:04:08.820+0000] {logging_mixin.py:188} INFO - [2024-04-01T07:04:08.820+0000] {dag.py:3047} INFO - Sync 1 DAGs
[2024-04-01T07:04:08.827+0000] {logging_mixin.py:188} INFO - [2024-04-01T07:04:08.827+0000] {dag.py:3834} INFO - Setting next_dagrun for example_kubernetes_executor to None, run_after=None
[2024-04-01T07:04:08.838+0000] {processor.py:183} INFO - Processing /home/airflow/.local/lib/python3.8/site-packages/airflow/example_dags/example_kubernetes_executor.py took 0.059 seconds
[2024-04-01T07:04:38.921+0000] {processor.py:161} INFO - Started process (PID=388) to work on /home/airflow/.local/lib/python3.8/site-packages/airflow/example_dags/example_kubernetes_executor.py
[2024-04-01T07:04:38.922+0000] {processor.py:830} INFO - Processing file /home/airflow/.local/lib/python3.8/site-packages/airflow/example_dags/example_kubernetes_executor.py for tasks to queue
[2024-04-01T07:04:38.923+0000] {logging_mixin.py:188} INFO - [2024-04-01T07:04:38.923+0000] {dagbag.py:540} INFO - Filling up the DagBag from /home/airflow/.local/lib/python3.8/site-packages/airflow/example_dags/example_kubernetes_executor.py
[2024-04-01T07:04:38.934+0000] {processor.py:840} INFO - DAG(s) 'example_kubernetes_executor' retrieved from /home/airflow/.local/lib/python3.8/site-packages/airflow/example_dags/example_kubernetes_executor.py
[2024-04-01T07:04:38.966+0000] {logging_mixin.py:188} INFO - [2024-04-01T07:04:38.966+0000] {dag.py:3047} INFO - Sync 1 DAGs
[2024-04-01T07:04:38.974+0000] {logging_mixin.py:188} INFO - [2024-04-01T07:04:38.973+0000] {dag.py:3834} INFO - Setting next_dagrun for example_kubernetes_executor to None, run_after=None
[2024-04-01T07:04:38.987+0000] {processor.py:183} INFO - Processing /home/airflow/.local/lib/python3.8/site-packages/airflow/example_dags/example_kubernetes_executor.py took 0.069 seconds
[2024-04-01T07:05:09.150+0000] {processor.py:161} INFO - Started process (PID=443) to work on /home/airflow/.local/lib/python3.8/site-packages/airflow/example_dags/example_kubernetes_executor.py
[2024-04-01T07:05:09.151+0000] {processor.py:830} INFO - Processing file /home/airflow/.local/lib/python3.8/site-packages/airflow/example_dags/example_kubernetes_executor.py for tasks to queue
[2024-04-01T07:05:09.152+0000] {logging_mixin.py:188} INFO - [2024-04-01T07:05:09.152+0000] {dagbag.py:540} INFO - Filling up the DagBag from /home/airflow/.local/lib/python3.8/site-packages/airflow/example_dags/example_kubernetes_executor.py
[2024-04-01T07:05:09.162+0000] {processor.py:840} INFO - DAG(s) 'example_kubernetes_executor' retrieved from /home/airflow/.local/lib/python3.8/site-packages/airflow/example_dags/example_kubernetes_executor.py
[2024-04-01T07:05:09.189+0000] {logging_mixin.py:188} INFO - [2024-04-01T07:05:09.189+0000] {dag.py:3047} INFO - Sync 1 DAGs
[2024-04-01T07:05:09.197+0000] {logging_mixin.py:188} INFO - [2024-04-01T07:05:09.197+0000] {dag.py:3834} INFO - Setting next_dagrun for example_kubernetes_executor to None, run_after=None
[2024-04-01T07:05:09.206+0000] {processor.py:183} INFO - Processing /home/airflow/.local/lib/python3.8/site-packages/airflow/example_dags/example_kubernetes_executor.py took 0.059 seconds
[2024-04-01T07:05:39.230+0000] {processor.py:161} INFO - Started process (PID=498) to work on /home/airflow/.local/lib/python3.8/site-packages/airflow/example_dags/example_kubernetes_executor.py
[2024-04-01T07:05:39.231+0000] {processor.py:830} INFO - Processing file /home/airflow/.local/lib/python3.8/site-packages/airflow/example_dags/example_kubernetes_executor.py for tasks to queue
[2024-04-01T07:05:39.233+0000] {logging_mixin.py:188} INFO - [2024-04-01T07:05:39.233+0000] {dagbag.py:540} INFO - Filling up the DagBag from /home/airflow/.local/lib/python3.8/site-packages/airflow/example_dags/example_kubernetes_executor.py
[2024-04-01T07:05:39.243+0000] {processor.py:840} INFO - DAG(s) 'example_kubernetes_executor' retrieved from /home/airflow/.local/lib/python3.8/site-packages/airflow/example_dags/example_kubernetes_executor.py
[2024-04-01T07:05:39.272+0000] {logging_mixin.py:188} INFO - [2024-04-01T07:05:39.271+0000] {dag.py:3047} INFO - Sync 1 DAGs
[2024-04-01T07:05:39.283+0000] {logging_mixin.py:188} INFO - [2024-04-01T07:05:39.282+0000] {dag.py:3834} INFO - Setting next_dagrun for example_kubernetes_executor to None, run_after=None
[2024-04-01T07:05:39.293+0000] {processor.py:183} INFO - Processing /home/airflow/.local/lib/python3.8/site-packages/airflow/example_dags/example_kubernetes_executor.py took 0.066 seconds
[2024-04-01T07:06:09.427+0000] {processor.py:161} INFO - Started process (PID=553) to work on /home/airflow/.local/lib/python3.8/site-packages/airflow/example_dags/example_kubernetes_executor.py
[2024-04-01T07:06:09.427+0000] {processor.py:830} INFO - Processing file /home/airflow/.local/lib/python3.8/site-packages/airflow/example_dags/example_kubernetes_executor.py for tasks to queue
[2024-04-01T07:06:09.428+0000] {logging_mixin.py:188} INFO - [2024-04-01T07:06:09.428+0000] {dagbag.py:540} INFO - Filling up the DagBag from /home/airflow/.local/lib/python3.8/site-packages/airflow/example_dags/example_kubernetes_executor.py
[2024-04-01T07:06:09.438+0000] {processor.py:840} INFO - DAG(s) 'example_kubernetes_executor' retrieved from /home/airflow/.local/lib/python3.8/site-packages/airflow/example_dags/example_kubernetes_executor.py
[2024-04-01T07:06:09.460+0000] {logging_mixin.py:188} INFO - [2024-04-01T07:06:09.460+0000] {dag.py:3047} INFO - Sync 1 DAGs
[2024-04-01T07:06:09.467+0000] {logging_mixin.py:188} INFO - [2024-04-01T07:06:09.467+0000] {dag.py:3834} INFO - Setting next_dagrun for example_kubernetes_executor to None, run_after=None
[2024-04-01T07:06:09.476+0000] {processor.py:183} INFO - Processing /home/airflow/.local/lib/python3.8/site-packages/airflow/example_dags/example_kubernetes_executor.py took 0.052 seconds
[2024-04-01T07:06:39.851+0000] {processor.py:161} INFO - Started process (PID=608) to work on /home/airflow/.local/lib/python3.8/site-packages/airflow/example_dags/example_kubernetes_executor.py
[2024-04-01T07:06:39.852+0000] {processor.py:830} INFO - Processing file /home/airflow/.local/lib/python3.8/site-packages/airflow/example_dags/example_kubernetes_executor.py for tasks to queue
[2024-04-01T07:06:39.854+0000] {logging_mixin.py:188} INFO - [2024-04-01T07:06:39.854+0000] {dagbag.py:540} INFO - Filling up the DagBag from /home/airflow/.local/lib/python3.8/site-packages/airflow/example_dags/example_kubernetes_executor.py
[2024-04-01T07:06:39.866+0000] {processor.py:840} INFO - DAG(s) 'example_kubernetes_executor' retrieved from /home/airflow/.local/lib/python3.8/site-packages/airflow/example_dags/example_kubernetes_executor.py
[2024-04-01T07:06:39.896+0000] {logging_mixin.py:188} INFO - [2024-04-01T07:06:39.895+0000] {dag.py:3047} INFO - Sync 1 DAGs
[2024-04-01T07:06:39.904+0000] {logging_mixin.py:188} INFO - [2024-04-01T07:06:39.904+0000] {dag.py:3834} INFO - Setting next_dagrun for example_kubernetes_executor to None, run_after=None
[2024-04-01T07:06:39.917+0000] {processor.py:183} INFO - Processing /home/airflow/.local/lib/python3.8/site-packages/airflow/example_dags/example_kubernetes_executor.py took 0.069 seconds
[2024-04-01T07:07:09.952+0000] {processor.py:161} INFO - Started process (PID=663) to work on /home/airflow/.local/lib/python3.8/site-packages/airflow/example_dags/example_kubernetes_executor.py
[2024-04-01T07:07:09.953+0000] {processor.py:830} INFO - Processing file /home/airflow/.local/lib/python3.8/site-packages/airflow/example_dags/example_kubernetes_executor.py for tasks to queue
[2024-04-01T07:07:09.955+0000] {logging_mixin.py:188} INFO - [2024-04-01T07:07:09.954+0000] {dagbag.py:540} INFO - Filling up the DagBag from /home/airflow/.local/lib/python3.8/site-packages/airflow/example_dags/example_kubernetes_executor.py
[2024-04-01T07:07:09.964+0000] {processor.py:840} INFO - DAG(s) 'example_kubernetes_executor' retrieved from /home/airflow/.local/lib/python3.8/site-packages/airflow/example_dags/example_kubernetes_executor.py
[2024-04-01T07:07:09.990+0000] {logging_mixin.py:188} INFO - [2024-04-01T07:07:09.990+0000] {dag.py:3047} INFO - Sync 1 DAGs
[2024-04-01T07:07:09.998+0000] {logging_mixin.py:188} INFO - [2024-04-01T07:07:09.997+0000] {dag.py:3834} INFO - Setting next_dagrun for example_kubernetes_executor to None, run_after=None
[2024-04-01T07:07:10.009+0000] {processor.py:183} INFO - Processing /home/airflow/.local/lib/python3.8/site-packages/airflow/example_dags/example_kubernetes_executor.py took 0.060 seconds
[2024-04-01T07:07:40.208+0000] {processor.py:161} INFO - Started process (PID=718) to work on /home/airflow/.local/lib/python3.8/site-packages/airflow/example_dags/example_kubernetes_executor.py
[2024-04-01T07:07:40.209+0000] {processor.py:830} INFO - Processing file /home/airflow/.local/lib/python3.8/site-packages/airflow/example_dags/example_kubernetes_executor.py for tasks to queue
[2024-04-01T07:07:40.210+0000] {logging_mixin.py:188} INFO - [2024-04-01T07:07:40.210+0000] {dagbag.py:540} INFO - Filling up the DagBag from /home/airflow/.local/lib/python3.8/site-packages/airflow/example_dags/example_kubernetes_executor.py
[2024-04-01T07:07:40.220+0000] {processor.py:840} INFO - DAG(s) 'example_kubernetes_executor' retrieved from /home/airflow/.local/lib/python3.8/site-packages/airflow/example_dags/example_kubernetes_executor.py
[2024-04-01T07:07:40.246+0000] {logging_mixin.py:188} INFO - [2024-04-01T07:07:40.246+0000] {dag.py:3047} INFO - Sync 1 DAGs
[2024-04-01T07:07:40.255+0000] {logging_mixin.py:188} INFO - [2024-04-01T07:07:40.255+0000] {dag.py:3834} INFO - Setting next_dagrun for example_kubernetes_executor to None, run_after=None
[2024-04-01T07:07:40.266+0000] {processor.py:183} INFO - Processing /home/airflow/.local/lib/python3.8/site-packages/airflow/example_dags/example_kubernetes_executor.py took 0.061 seconds
[2024-04-01T07:08:10.318+0000] {processor.py:161} INFO - Started process (PID=773) to work on /home/airflow/.local/lib/python3.8/site-packages/airflow/example_dags/example_kubernetes_executor.py
[2024-04-01T07:08:10.319+0000] {processor.py:830} INFO - Processing file /home/airflow/.local/lib/python3.8/site-packages/airflow/example_dags/example_kubernetes_executor.py for tasks to queue
[2024-04-01T07:08:10.320+0000] {logging_mixin.py:188} INFO - [2024-04-01T07:08:10.320+0000] {dagbag.py:540} INFO - Filling up the DagBag from /home/airflow/.local/lib/python3.8/site-packages/airflow/example_dags/example_kubernetes_executor.py
[2024-04-01T07:08:10.328+0000] {processor.py:840} INFO - DAG(s) 'example_kubernetes_executor' retrieved from /home/airflow/.local/lib/python3.8/site-packages/airflow/example_dags/example_kubernetes_executor.py
[2024-04-01T07:08:10.349+0000] {logging_mixin.py:188} INFO - [2024-04-01T07:08:10.349+0000] {dag.py:3047} INFO - Sync 1 DAGs
[2024-04-01T07:08:10.355+0000] {logging_mixin.py:188} INFO - [2024-04-01T07:08:10.355+0000] {dag.py:3834} INFO - Setting next_dagrun for example_kubernetes_executor to None, run_after=None
[2024-04-01T07:08:10.365+0000] {processor.py:183} INFO - Processing /home/airflow/.local/lib/python3.8/site-packages/airflow/example_dags/example_kubernetes_executor.py took 0.049 seconds
[2024-04-01T07:08:41.138+0000] {processor.py:161} INFO - Started process (PID=828) to work on /home/airflow/.local/lib/python3.8/site-packages/airflow/example_dags/example_kubernetes_executor.py
[2024-04-01T07:08:41.138+0000] {processor.py:830} INFO - Processing file /home/airflow/.local/lib/python3.8/site-packages/airflow/example_dags/example_kubernetes_executor.py for tasks to queue
[2024-04-01T07:08:41.140+0000] {logging_mixin.py:188} INFO - [2024-04-01T07:08:41.139+0000] {dagbag.py:540} INFO - Filling up the DagBag from /home/airflow/.local/lib/python3.8/site-packages/airflow/example_dags/example_kubernetes_executor.py
[2024-04-01T07:08:41.149+0000] {processor.py:840} INFO - DAG(s) 'example_kubernetes_executor' retrieved from /home/airflow/.local/lib/python3.8/site-packages/airflow/example_dags/example_kubernetes_executor.py
[2024-04-01T07:08:41.174+0000] {logging_mixin.py:188} INFO - [2024-04-01T07:08:41.174+0000] {dag.py:3047} INFO - Sync 1 DAGs
[2024-04-01T07:08:41.183+0000] {logging_mixin.py:188} INFO - [2024-04-01T07:08:41.183+0000] {dag.py:3834} INFO - Setting next_dagrun for example_kubernetes_executor to None, run_after=None
[2024-04-01T07:08:41.195+0000] {processor.py:183} INFO - Processing /home/airflow/.local/lib/python3.8/site-packages/airflow/example_dags/example_kubernetes_executor.py took 0.059 seconds
[2024-04-01T07:09:11.354+0000] {processor.py:161} INFO - Started process (PID=883) to work on /home/airflow/.local/lib/python3.8/site-packages/airflow/example_dags/example_kubernetes_executor.py
[2024-04-01T07:09:11.355+0000] {processor.py:830} INFO - Processing file /home/airflow/.local/lib/python3.8/site-packages/airflow/example_dags/example_kubernetes_executor.py for tasks to queue
[2024-04-01T07:09:11.356+0000] {logging_mixin.py:188} INFO - [2024-04-01T07:09:11.356+0000] {dagbag.py:540} INFO - Filling up the DagBag from /home/airflow/.local/lib/python3.8/site-packages/airflow/example_dags/example_kubernetes_executor.py
[2024-04-01T07:09:11.366+0000] {processor.py:840} INFO - DAG(s) 'example_kubernetes_executor' retrieved from /home/airflow/.local/lib/python3.8/site-packages/airflow/example_dags/example_kubernetes_executor.py
[2024-04-01T07:09:11.391+0000] {logging_mixin.py:188} INFO - [2024-04-01T07:09:11.391+0000] {dag.py:3047} INFO - Sync 1 DAGs
[2024-04-01T07:09:11.399+0000] {logging_mixin.py:188} INFO - [2024-04-01T07:09:11.399+0000] {dag.py:3834} INFO - Setting next_dagrun for example_kubernetes_executor to None, run_after=None
[2024-04-01T07:09:11.410+0000] {processor.py:183} INFO - Processing /home/airflow/.local/lib/python3.8/site-packages/airflow/example_dags/example_kubernetes_executor.py took 0.058 seconds
[2024-04-01T07:09:42.301+0000] {processor.py:161} INFO - Started process (PID=938) to work on /home/airflow/.local/lib/python3.8/site-packages/airflow/example_dags/example_kubernetes_executor.py
[2024-04-01T07:09:42.301+0000] {processor.py:830} INFO - Processing file /home/airflow/.local/lib/python3.8/site-packages/airflow/example_dags/example_kubernetes_executor.py for tasks to queue
[2024-04-01T07:09:42.302+0000] {logging_mixin.py:188} INFO - [2024-04-01T07:09:42.302+0000] {dagbag.py:540} INFO - Filling up the DagBag from /home/airflow/.local/lib/python3.8/site-packages/airflow/example_dags/example_kubernetes_executor.py
[2024-04-01T07:09:42.311+0000] {processor.py:840} INFO - DAG(s) 'example_kubernetes_executor' retrieved from /home/airflow/.local/lib/python3.8/site-packages/airflow/example_dags/example_kubernetes_executor.py
[2024-04-01T07:09:42.332+0000] {logging_mixin.py:188} INFO - [2024-04-01T07:09:42.332+0000] {dag.py:3047} INFO - Sync 1 DAGs
[2024-04-01T07:09:42.339+0000] {logging_mixin.py:188} INFO - [2024-04-01T07:09:42.338+0000] {dag.py:3834} INFO - Setting next_dagrun for example_kubernetes_executor to None, run_after=None
[2024-04-01T07:09:42.348+0000] {processor.py:183} INFO - Processing /home/airflow/.local/lib/python3.8/site-packages/airflow/example_dags/example_kubernetes_executor.py took 0.049 seconds
[2024-04-01T07:10:13.187+0000] {processor.py:161} INFO - Started process (PID=993) to work on /home/airflow/.local/lib/python3.8/site-packages/airflow/example_dags/example_kubernetes_executor.py
[2024-04-01T07:10:13.188+0000] {processor.py:830} INFO - Processing file /home/airflow/.local/lib/python3.8/site-packages/airflow/example_dags/example_kubernetes_executor.py for tasks to queue
[2024-04-01T07:10:13.190+0000] {logging_mixin.py:188} INFO - [2024-04-01T07:10:13.190+0000] {dagbag.py:540} INFO - Filling up the DagBag from /home/airflow/.local/lib/python3.8/site-packages/airflow/example_dags/example_kubernetes_executor.py
[2024-04-01T07:10:13.200+0000] {processor.py:840} INFO - DAG(s) 'example_kubernetes_executor' retrieved from /home/airflow/.local/lib/python3.8/site-packages/airflow/example_dags/example_kubernetes_executor.py
[2024-04-01T07:10:13.226+0000] {logging_mixin.py:188} INFO - [2024-04-01T07:10:13.226+0000] {dag.py:3047} INFO - Sync 1 DAGs
[2024-04-01T07:10:13.234+0000] {logging_mixin.py:188} INFO - [2024-04-01T07:10:13.234+0000] {dag.py:3834} INFO - Setting next_dagrun for example_kubernetes_executor to None, run_after=None
[2024-04-01T07:10:13.247+0000] {processor.py:183} INFO - Processing /home/airflow/.local/lib/python3.8/site-packages/airflow/example_dags/example_kubernetes_executor.py took 0.063 seconds
[2024-04-01T07:10:43.262+0000] {processor.py:161} INFO - Started process (PID=1048) to work on /home/airflow/.local/lib/python3.8/site-packages/airflow/example_dags/example_kubernetes_executor.py
[2024-04-01T07:10:43.263+0000] {processor.py:830} INFO - Processing file /home/airflow/.local/lib/python3.8/site-packages/airflow/example_dags/example_kubernetes_executor.py for tasks to queue
[2024-04-01T07:10:43.264+0000] {logging_mixin.py:188} INFO - [2024-04-01T07:10:43.264+0000] {dagbag.py:540} INFO - Filling up the DagBag from /home/airflow/.local/lib/python3.8/site-packages/airflow/example_dags/example_kubernetes_executor.py
[2024-04-01T07:10:43.273+0000] {processor.py:840} INFO - DAG(s) 'example_kubernetes_executor' retrieved from /home/airflow/.local/lib/python3.8/site-packages/airflow/example_dags/example_kubernetes_executor.py
[2024-04-01T07:10:43.294+0000] {logging_mixin.py:188} INFO - [2024-04-01T07:10:43.293+0000] {dag.py:3047} INFO - Sync 1 DAGs
[2024-04-01T07:10:43.301+0000] {logging_mixin.py:188} INFO - [2024-04-01T07:10:43.301+0000] {dag.py:3834} INFO - Setting next_dagrun for example_kubernetes_executor to None, run_after=None
[2024-04-01T07:10:43.310+0000] {processor.py:183} INFO - Processing /home/airflow/.local/lib/python3.8/site-packages/airflow/example_dags/example_kubernetes_executor.py took 0.050 seconds
[2024-04-01T07:11:13.410+0000] {processor.py:161} INFO - Started process (PID=1110) to work on /home/airflow/.local/lib/python3.8/site-packages/airflow/example_dags/example_kubernetes_executor.py
[2024-04-01T07:11:13.411+0000] {processor.py:830} INFO - Processing file /home/airflow/.local/lib/python3.8/site-packages/airflow/example_dags/example_kubernetes_executor.py for tasks to queue
[2024-04-01T07:11:13.412+0000] {logging_mixin.py:188} INFO - [2024-04-01T07:11:13.412+0000] {dagbag.py:540} INFO - Filling up the DagBag from /home/airflow/.local/lib/python3.8/site-packages/airflow/example_dags/example_kubernetes_executor.py
[2024-04-01T07:11:13.421+0000] {processor.py:840} INFO - DAG(s) 'example_kubernetes_executor' retrieved from /home/airflow/.local/lib/python3.8/site-packages/airflow/example_dags/example_kubernetes_executor.py
[2024-04-01T07:11:13.444+0000] {logging_mixin.py:188} INFO - [2024-04-01T07:11:13.444+0000] {dag.py:3047} INFO - Sync 1 DAGs
[2024-04-01T07:11:13.451+0000] {logging_mixin.py:188} INFO - [2024-04-01T07:11:13.451+0000] {dag.py:3834} INFO - Setting next_dagrun for example_kubernetes_executor to None, run_after=None
[2024-04-01T07:11:13.461+0000] {processor.py:183} INFO - Processing /home/airflow/.local/lib/python3.8/site-packages/airflow/example_dags/example_kubernetes_executor.py took 0.054 seconds
[2024-04-01T07:11:43.491+0000] {processor.py:161} INFO - Started process (PID=1165) to work on /home/airflow/.local/lib/python3.8/site-packages/airflow/example_dags/example_kubernetes_executor.py
[2024-04-01T07:11:43.492+0000] {processor.py:830} INFO - Processing file /home/airflow/.local/lib/python3.8/site-packages/airflow/example_dags/example_kubernetes_executor.py for tasks to queue
[2024-04-01T07:11:43.494+0000] {logging_mixin.py:188} INFO - [2024-04-01T07:11:43.493+0000] {dagbag.py:540} INFO - Filling up the DagBag from /home/airflow/.local/lib/python3.8/site-packages/airflow/example_dags/example_kubernetes_executor.py
[2024-04-01T07:11:43.502+0000] {processor.py:840} INFO - DAG(s) 'example_kubernetes_executor' retrieved from /home/airflow/.local/lib/python3.8/site-packages/airflow/example_dags/example_kubernetes_executor.py
[2024-04-01T07:11:43.525+0000] {logging_mixin.py:188} INFO - [2024-04-01T07:11:43.524+0000] {dag.py:3047} INFO - Sync 1 DAGs
[2024-04-01T07:11:43.532+0000] {logging_mixin.py:188} INFO - [2024-04-01T07:11:43.531+0000] {dag.py:3834} INFO - Setting next_dagrun for example_kubernetes_executor to None, run_after=None
[2024-04-01T07:11:43.541+0000] {processor.py:183} INFO - Processing /home/airflow/.local/lib/python3.8/site-packages/airflow/example_dags/example_kubernetes_executor.py took 0.052 seconds
[2024-04-01T07:12:13.737+0000] {processor.py:161} INFO - Started process (PID=1220) to work on /home/airflow/.local/lib/python3.8/site-packages/airflow/example_dags/example_kubernetes_executor.py
[2024-04-01T07:12:13.738+0000] {processor.py:830} INFO - Processing file /home/airflow/.local/lib/python3.8/site-packages/airflow/example_dags/example_kubernetes_executor.py for tasks to queue
[2024-04-01T07:12:13.739+0000] {logging_mixin.py:188} INFO - [2024-04-01T07:12:13.739+0000] {dagbag.py:540} INFO - Filling up the DagBag from /home/airflow/.local/lib/python3.8/site-packages/airflow/example_dags/example_kubernetes_executor.py
[2024-04-01T07:12:13.749+0000] {processor.py:840} INFO - DAG(s) 'example_kubernetes_executor' retrieved from /home/airflow/.local/lib/python3.8/site-packages/airflow/example_dags/example_kubernetes_executor.py
[2024-04-01T07:12:13.772+0000] {logging_mixin.py:188} INFO - [2024-04-01T07:12:13.772+0000] {dag.py:3047} INFO - Sync 1 DAGs
[2024-04-01T07:12:13.780+0000] {logging_mixin.py:188} INFO - [2024-04-01T07:12:13.779+0000] {dag.py:3834} INFO - Setting next_dagrun for example_kubernetes_executor to None, run_after=None
[2024-04-01T07:12:13.789+0000] {processor.py:183} INFO - Processing /home/airflow/.local/lib/python3.8/site-packages/airflow/example_dags/example_kubernetes_executor.py took 0.054 seconds
