[2024-04-01T06:47:26.626+0000] {processor.py:161} INFO - Started process (PID=63) to work on /home/airflow/.local/lib/python3.8/site-packages/airflow/example_dags/example_external_task_marker_dag.py
[2024-04-01T06:47:26.627+0000] {processor.py:830} INFO - Processing file /home/airflow/.local/lib/python3.8/site-packages/airflow/example_dags/example_external_task_marker_dag.py for tasks to queue
[2024-04-01T06:47:26.629+0000] {logging_mixin.py:188} INFO - [2024-04-01T06:47:26.629+0000] {dagbag.py:540} INFO - Filling up the DagBag from /home/airflow/.local/lib/python3.8/site-packages/airflow/example_dags/example_external_task_marker_dag.py
[2024-04-01T06:47:26.637+0000] {processor.py:840} INFO - DAG(s) 'example_external_task_marker_child', 'example_external_task_marker_parent' retrieved from /home/airflow/.local/lib/python3.8/site-packages/airflow/example_dags/example_external_task_marker_dag.py
[2024-04-01T06:47:26.648+0000] {logging_mixin.py:188} INFO - [2024-04-01T06:47:26.648+0000] {dag.py:3047} INFO - Sync 2 DAGs
[2024-04-01T06:47:26.656+0000] {logging_mixin.py:188} INFO - [2024-04-01T06:47:26.656+0000] {dag.py:3834} INFO - Setting next_dagrun for example_external_task_marker_child to None, run_after=None
[2024-04-01T06:47:26.659+0000] {logging_mixin.py:188} INFO - [2024-04-01T06:47:26.659+0000] {dag.py:3834} INFO - Setting next_dagrun for example_external_task_marker_parent to None, run_after=None
[2024-04-01T06:47:26.669+0000] {processor.py:183} INFO - Processing /home/airflow/.local/lib/python3.8/site-packages/airflow/example_dags/example_external_task_marker_dag.py took 0.047 seconds
[2024-04-01T06:47:57.874+0000] {processor.py:161} INFO - Started process (PID=118) to work on /home/airflow/.local/lib/python3.8/site-packages/airflow/example_dags/example_external_task_marker_dag.py
[2024-04-01T06:47:57.874+0000] {processor.py:830} INFO - Processing file /home/airflow/.local/lib/python3.8/site-packages/airflow/example_dags/example_external_task_marker_dag.py for tasks to queue
[2024-04-01T06:47:57.875+0000] {logging_mixin.py:188} INFO - [2024-04-01T06:47:57.875+0000] {dagbag.py:540} INFO - Filling up the DagBag from /home/airflow/.local/lib/python3.8/site-packages/airflow/example_dags/example_external_task_marker_dag.py
[2024-04-01T06:47:57.879+0000] {processor.py:840} INFO - DAG(s) 'example_external_task_marker_child', 'example_external_task_marker_parent' retrieved from /home/airflow/.local/lib/python3.8/site-packages/airflow/example_dags/example_external_task_marker_dag.py
[2024-04-01T06:47:57.938+0000] {logging_mixin.py:188} INFO - [2024-04-01T06:47:57.938+0000] {dag.py:3047} INFO - Sync 2 DAGs
[2024-04-01T06:47:57.943+0000] {logging_mixin.py:188} INFO - [2024-04-01T06:47:57.943+0000] {dag.py:3834} INFO - Setting next_dagrun for example_external_task_marker_child to None, run_after=None
[2024-04-01T06:47:57.945+0000] {logging_mixin.py:188} INFO - [2024-04-01T06:47:57.945+0000] {dag.py:3834} INFO - Setting next_dagrun for example_external_task_marker_parent to None, run_after=None
[2024-04-01T06:47:57.954+0000] {processor.py:183} INFO - Processing /home/airflow/.local/lib/python3.8/site-packages/airflow/example_dags/example_external_task_marker_dag.py took 0.082 seconds
[2024-04-01T06:48:28.043+0000] {processor.py:161} INFO - Started process (PID=173) to work on /home/airflow/.local/lib/python3.8/site-packages/airflow/example_dags/example_external_task_marker_dag.py
[2024-04-01T06:48:28.044+0000] {processor.py:830} INFO - Processing file /home/airflow/.local/lib/python3.8/site-packages/airflow/example_dags/example_external_task_marker_dag.py for tasks to queue
[2024-04-01T06:48:28.045+0000] {logging_mixin.py:188} INFO - [2024-04-01T06:48:28.044+0000] {dagbag.py:540} INFO - Filling up the DagBag from /home/airflow/.local/lib/python3.8/site-packages/airflow/example_dags/example_external_task_marker_dag.py
[2024-04-01T06:48:28.049+0000] {processor.py:840} INFO - DAG(s) 'example_external_task_marker_child', 'example_external_task_marker_parent' retrieved from /home/airflow/.local/lib/python3.8/site-packages/airflow/example_dags/example_external_task_marker_dag.py
[2024-04-01T06:48:28.061+0000] {logging_mixin.py:188} INFO - [2024-04-01T06:48:28.061+0000] {dag.py:3047} INFO - Sync 2 DAGs
[2024-04-01T06:48:28.068+0000] {logging_mixin.py:188} INFO - [2024-04-01T06:48:28.068+0000] {dag.py:3834} INFO - Setting next_dagrun for example_external_task_marker_child to None, run_after=None
[2024-04-01T06:48:28.070+0000] {logging_mixin.py:188} INFO - [2024-04-01T06:48:28.070+0000] {dag.py:3834} INFO - Setting next_dagrun for example_external_task_marker_parent to None, run_after=None
[2024-04-01T06:48:28.079+0000] {processor.py:183} INFO - Processing /home/airflow/.local/lib/python3.8/site-packages/airflow/example_dags/example_external_task_marker_dag.py took 0.038 seconds
[2024-04-01T06:48:58.872+0000] {processor.py:161} INFO - Started process (PID=228) to work on /home/airflow/.local/lib/python3.8/site-packages/airflow/example_dags/example_external_task_marker_dag.py
[2024-04-01T06:48:58.872+0000] {processor.py:830} INFO - Processing file /home/airflow/.local/lib/python3.8/site-packages/airflow/example_dags/example_external_task_marker_dag.py for tasks to queue
[2024-04-01T06:48:58.873+0000] {logging_mixin.py:188} INFO - [2024-04-01T06:48:58.873+0000] {dagbag.py:540} INFO - Filling up the DagBag from /home/airflow/.local/lib/python3.8/site-packages/airflow/example_dags/example_external_task_marker_dag.py
[2024-04-01T06:48:58.877+0000] {processor.py:840} INFO - DAG(s) 'example_external_task_marker_parent', 'example_external_task_marker_child' retrieved from /home/airflow/.local/lib/python3.8/site-packages/airflow/example_dags/example_external_task_marker_dag.py
[2024-04-01T06:48:58.890+0000] {logging_mixin.py:188} INFO - [2024-04-01T06:48:58.890+0000] {dag.py:3047} INFO - Sync 2 DAGs
[2024-04-01T06:48:58.898+0000] {logging_mixin.py:188} INFO - [2024-04-01T06:48:58.897+0000] {dag.py:3834} INFO - Setting next_dagrun for example_external_task_marker_child to None, run_after=None
[2024-04-01T06:48:58.900+0000] {logging_mixin.py:188} INFO - [2024-04-01T06:48:58.900+0000] {dag.py:3834} INFO - Setting next_dagrun for example_external_task_marker_parent to None, run_after=None
[2024-04-01T06:48:58.908+0000] {processor.py:183} INFO - Processing /home/airflow/.local/lib/python3.8/site-packages/airflow/example_dags/example_external_task_marker_dag.py took 0.039 seconds
[2024-04-01T06:49:29.555+0000] {processor.py:161} INFO - Started process (PID=283) to work on /home/airflow/.local/lib/python3.8/site-packages/airflow/example_dags/example_external_task_marker_dag.py
[2024-04-01T06:49:29.556+0000] {processor.py:830} INFO - Processing file /home/airflow/.local/lib/python3.8/site-packages/airflow/example_dags/example_external_task_marker_dag.py for tasks to queue
[2024-04-01T06:49:29.557+0000] {logging_mixin.py:188} INFO - [2024-04-01T06:49:29.557+0000] {dagbag.py:540} INFO - Filling up the DagBag from /home/airflow/.local/lib/python3.8/site-packages/airflow/example_dags/example_external_task_marker_dag.py
[2024-04-01T06:49:29.561+0000] {processor.py:840} INFO - DAG(s) 'example_external_task_marker_child', 'example_external_task_marker_parent' retrieved from /home/airflow/.local/lib/python3.8/site-packages/airflow/example_dags/example_external_task_marker_dag.py
[2024-04-01T06:49:29.574+0000] {logging_mixin.py:188} INFO - [2024-04-01T06:49:29.574+0000] {dag.py:3047} INFO - Sync 2 DAGs
[2024-04-01T06:49:29.581+0000] {logging_mixin.py:188} INFO - [2024-04-01T06:49:29.581+0000] {dag.py:3834} INFO - Setting next_dagrun for example_external_task_marker_child to None, run_after=None
[2024-04-01T06:49:29.583+0000] {logging_mixin.py:188} INFO - [2024-04-01T06:49:29.583+0000] {dag.py:3834} INFO - Setting next_dagrun for example_external_task_marker_parent to None, run_after=None
[2024-04-01T06:49:29.591+0000] {processor.py:183} INFO - Processing /home/airflow/.local/lib/python3.8/site-packages/airflow/example_dags/example_external_task_marker_dag.py took 0.037 seconds
[2024-04-01T06:50:00.422+0000] {processor.py:161} INFO - Started process (PID=338) to work on /home/airflow/.local/lib/python3.8/site-packages/airflow/example_dags/example_external_task_marker_dag.py
[2024-04-01T06:50:00.424+0000] {processor.py:830} INFO - Processing file /home/airflow/.local/lib/python3.8/site-packages/airflow/example_dags/example_external_task_marker_dag.py for tasks to queue
[2024-04-01T06:50:00.425+0000] {logging_mixin.py:188} INFO - [2024-04-01T06:50:00.425+0000] {dagbag.py:540} INFO - Filling up the DagBag from /home/airflow/.local/lib/python3.8/site-packages/airflow/example_dags/example_external_task_marker_dag.py
[2024-04-01T06:50:00.429+0000] {processor.py:840} INFO - DAG(s) 'example_external_task_marker_child', 'example_external_task_marker_parent' retrieved from /home/airflow/.local/lib/python3.8/site-packages/airflow/example_dags/example_external_task_marker_dag.py
[2024-04-01T06:50:00.446+0000] {logging_mixin.py:188} INFO - [2024-04-01T06:50:00.446+0000] {dag.py:3047} INFO - Sync 2 DAGs
[2024-04-01T06:50:00.455+0000] {logging_mixin.py:188} INFO - [2024-04-01T06:50:00.455+0000] {dag.py:3834} INFO - Setting next_dagrun for example_external_task_marker_child to None, run_after=None
[2024-04-01T06:50:00.460+0000] {logging_mixin.py:188} INFO - [2024-04-01T06:50:00.460+0000] {dag.py:3834} INFO - Setting next_dagrun for example_external_task_marker_parent to None, run_after=None
[2024-04-01T06:50:00.468+0000] {processor.py:183} INFO - Processing /home/airflow/.local/lib/python3.8/site-packages/airflow/example_dags/example_external_task_marker_dag.py took 0.048 seconds
[2024-04-01T06:50:30.526+0000] {processor.py:161} INFO - Started process (PID=393) to work on /home/airflow/.local/lib/python3.8/site-packages/airflow/example_dags/example_external_task_marker_dag.py
[2024-04-01T06:50:30.527+0000] {processor.py:830} INFO - Processing file /home/airflow/.local/lib/python3.8/site-packages/airflow/example_dags/example_external_task_marker_dag.py for tasks to queue
[2024-04-01T06:50:30.528+0000] {logging_mixin.py:188} INFO - [2024-04-01T06:50:30.528+0000] {dagbag.py:540} INFO - Filling up the DagBag from /home/airflow/.local/lib/python3.8/site-packages/airflow/example_dags/example_external_task_marker_dag.py
[2024-04-01T06:50:30.532+0000] {processor.py:840} INFO - DAG(s) 'example_external_task_marker_child', 'example_external_task_marker_parent' retrieved from /home/airflow/.local/lib/python3.8/site-packages/airflow/example_dags/example_external_task_marker_dag.py
[2024-04-01T06:50:30.546+0000] {logging_mixin.py:188} INFO - [2024-04-01T06:50:30.546+0000] {dag.py:3047} INFO - Sync 2 DAGs
[2024-04-01T06:50:30.553+0000] {logging_mixin.py:188} INFO - [2024-04-01T06:50:30.553+0000] {dag.py:3834} INFO - Setting next_dagrun for example_external_task_marker_child to None, run_after=None
[2024-04-01T06:50:30.557+0000] {logging_mixin.py:188} INFO - [2024-04-01T06:50:30.557+0000] {dag.py:3834} INFO - Setting next_dagrun for example_external_task_marker_parent to None, run_after=None
[2024-04-01T06:50:30.567+0000] {processor.py:183} INFO - Processing /home/airflow/.local/lib/python3.8/site-packages/airflow/example_dags/example_external_task_marker_dag.py took 0.043 seconds
[2024-04-01T06:51:01.217+0000] {processor.py:161} INFO - Started process (PID=448) to work on /home/airflow/.local/lib/python3.8/site-packages/airflow/example_dags/example_external_task_marker_dag.py
[2024-04-01T06:51:01.217+0000] {processor.py:830} INFO - Processing file /home/airflow/.local/lib/python3.8/site-packages/airflow/example_dags/example_external_task_marker_dag.py for tasks to queue
[2024-04-01T06:51:01.218+0000] {logging_mixin.py:188} INFO - [2024-04-01T06:51:01.218+0000] {dagbag.py:540} INFO - Filling up the DagBag from /home/airflow/.local/lib/python3.8/site-packages/airflow/example_dags/example_external_task_marker_dag.py
[2024-04-01T06:51:01.222+0000] {processor.py:840} INFO - DAG(s) 'example_external_task_marker_child', 'example_external_task_marker_parent' retrieved from /home/airflow/.local/lib/python3.8/site-packages/airflow/example_dags/example_external_task_marker_dag.py
[2024-04-01T06:51:01.235+0000] {logging_mixin.py:188} INFO - [2024-04-01T06:51:01.235+0000] {dag.py:3047} INFO - Sync 2 DAGs
[2024-04-01T06:51:01.242+0000] {logging_mixin.py:188} INFO - [2024-04-01T06:51:01.242+0000] {dag.py:3834} INFO - Setting next_dagrun for example_external_task_marker_child to None, run_after=None
[2024-04-01T06:51:01.244+0000] {logging_mixin.py:188} INFO - [2024-04-01T06:51:01.244+0000] {dag.py:3834} INFO - Setting next_dagrun for example_external_task_marker_parent to None, run_after=None
[2024-04-01T06:51:01.252+0000] {processor.py:183} INFO - Processing /home/airflow/.local/lib/python3.8/site-packages/airflow/example_dags/example_external_task_marker_dag.py took 0.037 seconds
[2024-04-01T06:51:31.947+0000] {processor.py:161} INFO - Started process (PID=503) to work on /home/airflow/.local/lib/python3.8/site-packages/airflow/example_dags/example_external_task_marker_dag.py
[2024-04-01T06:51:31.948+0000] {processor.py:830} INFO - Processing file /home/airflow/.local/lib/python3.8/site-packages/airflow/example_dags/example_external_task_marker_dag.py for tasks to queue
[2024-04-01T06:51:31.949+0000] {logging_mixin.py:188} INFO - [2024-04-01T06:51:31.949+0000] {dagbag.py:540} INFO - Filling up the DagBag from /home/airflow/.local/lib/python3.8/site-packages/airflow/example_dags/example_external_task_marker_dag.py
[2024-04-01T06:51:31.953+0000] {processor.py:840} INFO - DAG(s) 'example_external_task_marker_child', 'example_external_task_marker_parent' retrieved from /home/airflow/.local/lib/python3.8/site-packages/airflow/example_dags/example_external_task_marker_dag.py
[2024-04-01T06:51:31.967+0000] {logging_mixin.py:188} INFO - [2024-04-01T06:51:31.967+0000] {dag.py:3047} INFO - Sync 2 DAGs
[2024-04-01T06:51:31.976+0000] {logging_mixin.py:188} INFO - [2024-04-01T06:51:31.975+0000] {dag.py:3834} INFO - Setting next_dagrun for example_external_task_marker_child to None, run_after=None
[2024-04-01T06:51:31.978+0000] {logging_mixin.py:188} INFO - [2024-04-01T06:51:31.978+0000] {dag.py:3834} INFO - Setting next_dagrun for example_external_task_marker_parent to None, run_after=None
[2024-04-01T06:51:31.989+0000] {processor.py:183} INFO - Processing /home/airflow/.local/lib/python3.8/site-packages/airflow/example_dags/example_external_task_marker_dag.py took 0.044 seconds
[2024-04-01T06:52:02.769+0000] {processor.py:161} INFO - Started process (PID=558) to work on /home/airflow/.local/lib/python3.8/site-packages/airflow/example_dags/example_external_task_marker_dag.py
[2024-04-01T06:52:02.769+0000] {processor.py:830} INFO - Processing file /home/airflow/.local/lib/python3.8/site-packages/airflow/example_dags/example_external_task_marker_dag.py for tasks to queue
[2024-04-01T06:52:02.770+0000] {logging_mixin.py:188} INFO - [2024-04-01T06:52:02.770+0000] {dagbag.py:540} INFO - Filling up the DagBag from /home/airflow/.local/lib/python3.8/site-packages/airflow/example_dags/example_external_task_marker_dag.py
[2024-04-01T06:52:02.774+0000] {processor.py:840} INFO - DAG(s) 'example_external_task_marker_parent', 'example_external_task_marker_child' retrieved from /home/airflow/.local/lib/python3.8/site-packages/airflow/example_dags/example_external_task_marker_dag.py
[2024-04-01T06:52:02.788+0000] {logging_mixin.py:188} INFO - [2024-04-01T06:52:02.788+0000] {dag.py:3047} INFO - Sync 2 DAGs
[2024-04-01T06:52:02.795+0000] {logging_mixin.py:188} INFO - [2024-04-01T06:52:02.795+0000] {dag.py:3834} INFO - Setting next_dagrun for example_external_task_marker_child to None, run_after=None
[2024-04-01T06:52:02.798+0000] {logging_mixin.py:188} INFO - [2024-04-01T06:52:02.798+0000] {dag.py:3834} INFO - Setting next_dagrun for example_external_task_marker_parent to None, run_after=None
[2024-04-01T06:52:02.806+0000] {processor.py:183} INFO - Processing /home/airflow/.local/lib/python3.8/site-packages/airflow/example_dags/example_external_task_marker_dag.py took 0.039 seconds
[2024-04-01T06:52:33.576+0000] {processor.py:161} INFO - Started process (PID=613) to work on /home/airflow/.local/lib/python3.8/site-packages/airflow/example_dags/example_external_task_marker_dag.py
[2024-04-01T06:52:33.577+0000] {processor.py:830} INFO - Processing file /home/airflow/.local/lib/python3.8/site-packages/airflow/example_dags/example_external_task_marker_dag.py for tasks to queue
[2024-04-01T06:52:33.578+0000] {logging_mixin.py:188} INFO - [2024-04-01T06:52:33.578+0000] {dagbag.py:540} INFO - Filling up the DagBag from /home/airflow/.local/lib/python3.8/site-packages/airflow/example_dags/example_external_task_marker_dag.py
[2024-04-01T06:52:33.582+0000] {processor.py:840} INFO - DAG(s) 'example_external_task_marker_parent', 'example_external_task_marker_child' retrieved from /home/airflow/.local/lib/python3.8/site-packages/airflow/example_dags/example_external_task_marker_dag.py
[2024-04-01T06:52:33.596+0000] {logging_mixin.py:188} INFO - [2024-04-01T06:52:33.596+0000] {dag.py:3047} INFO - Sync 2 DAGs
[2024-04-01T06:52:33.603+0000] {logging_mixin.py:188} INFO - [2024-04-01T06:52:33.603+0000] {dag.py:3834} INFO - Setting next_dagrun for example_external_task_marker_child to None, run_after=None
[2024-04-01T06:52:33.605+0000] {logging_mixin.py:188} INFO - [2024-04-01T06:52:33.605+0000] {dag.py:3834} INFO - Setting next_dagrun for example_external_task_marker_parent to None, run_after=None
[2024-04-01T06:52:33.615+0000] {processor.py:183} INFO - Processing /home/airflow/.local/lib/python3.8/site-packages/airflow/example_dags/example_external_task_marker_dag.py took 0.042 seconds
[2024-04-01T06:53:03.758+0000] {processor.py:161} INFO - Started process (PID=668) to work on /home/airflow/.local/lib/python3.8/site-packages/airflow/example_dags/example_external_task_marker_dag.py
[2024-04-01T06:53:03.759+0000] {processor.py:830} INFO - Processing file /home/airflow/.local/lib/python3.8/site-packages/airflow/example_dags/example_external_task_marker_dag.py for tasks to queue
[2024-04-01T06:53:03.761+0000] {logging_mixin.py:188} INFO - [2024-04-01T06:53:03.760+0000] {dagbag.py:540} INFO - Filling up the DagBag from /home/airflow/.local/lib/python3.8/site-packages/airflow/example_dags/example_external_task_marker_dag.py
[2024-04-01T06:53:03.765+0000] {processor.py:840} INFO - DAG(s) 'example_external_task_marker_child', 'example_external_task_marker_parent' retrieved from /home/airflow/.local/lib/python3.8/site-packages/airflow/example_dags/example_external_task_marker_dag.py
[2024-04-01T06:53:03.782+0000] {logging_mixin.py:188} INFO - [2024-04-01T06:53:03.782+0000] {dag.py:3047} INFO - Sync 2 DAGs
[2024-04-01T06:53:03.789+0000] {logging_mixin.py:188} INFO - [2024-04-01T06:53:03.788+0000] {dag.py:3834} INFO - Setting next_dagrun for example_external_task_marker_child to None, run_after=None
[2024-04-01T06:53:03.791+0000] {logging_mixin.py:188} INFO - [2024-04-01T06:53:03.791+0000] {dag.py:3834} INFO - Setting next_dagrun for example_external_task_marker_parent to None, run_after=None
[2024-04-01T06:53:03.800+0000] {processor.py:183} INFO - Processing /home/airflow/.local/lib/python3.8/site-packages/airflow/example_dags/example_external_task_marker_dag.py took 0.044 seconds
[2024-04-01T06:53:33.981+0000] {processor.py:161} INFO - Started process (PID=723) to work on /home/airflow/.local/lib/python3.8/site-packages/airflow/example_dags/example_external_task_marker_dag.py
[2024-04-01T06:53:33.982+0000] {processor.py:830} INFO - Processing file /home/airflow/.local/lib/python3.8/site-packages/airflow/example_dags/example_external_task_marker_dag.py for tasks to queue
[2024-04-01T06:53:33.984+0000] {logging_mixin.py:188} INFO - [2024-04-01T06:53:33.983+0000] {dagbag.py:540} INFO - Filling up the DagBag from /home/airflow/.local/lib/python3.8/site-packages/airflow/example_dags/example_external_task_marker_dag.py
[2024-04-01T06:53:33.988+0000] {processor.py:840} INFO - DAG(s) 'example_external_task_marker_child', 'example_external_task_marker_parent' retrieved from /home/airflow/.local/lib/python3.8/site-packages/airflow/example_dags/example_external_task_marker_dag.py
[2024-04-01T06:53:34.006+0000] {logging_mixin.py:188} INFO - [2024-04-01T06:53:34.006+0000] {dag.py:3047} INFO - Sync 2 DAGs
[2024-04-01T06:53:34.015+0000] {logging_mixin.py:188} INFO - [2024-04-01T06:53:34.015+0000] {dag.py:3834} INFO - Setting next_dagrun for example_external_task_marker_child to None, run_after=None
[2024-04-01T06:53:34.018+0000] {logging_mixin.py:188} INFO - [2024-04-01T06:53:34.017+0000] {dag.py:3834} INFO - Setting next_dagrun for example_external_task_marker_parent to None, run_after=None
[2024-04-01T06:53:34.028+0000] {processor.py:183} INFO - Processing /home/airflow/.local/lib/python3.8/site-packages/airflow/example_dags/example_external_task_marker_dag.py took 0.049 seconds
[2024-04-01T06:54:04.843+0000] {processor.py:161} INFO - Started process (PID=778) to work on /home/airflow/.local/lib/python3.8/site-packages/airflow/example_dags/example_external_task_marker_dag.py
[2024-04-01T06:54:04.844+0000] {processor.py:830} INFO - Processing file /home/airflow/.local/lib/python3.8/site-packages/airflow/example_dags/example_external_task_marker_dag.py for tasks to queue
[2024-04-01T06:54:04.845+0000] {logging_mixin.py:188} INFO - [2024-04-01T06:54:04.845+0000] {dagbag.py:540} INFO - Filling up the DagBag from /home/airflow/.local/lib/python3.8/site-packages/airflow/example_dags/example_external_task_marker_dag.py
[2024-04-01T06:54:04.849+0000] {processor.py:840} INFO - DAG(s) 'example_external_task_marker_parent', 'example_external_task_marker_child' retrieved from /home/airflow/.local/lib/python3.8/site-packages/airflow/example_dags/example_external_task_marker_dag.py
[2024-04-01T06:54:04.861+0000] {logging_mixin.py:188} INFO - [2024-04-01T06:54:04.861+0000] {dag.py:3047} INFO - Sync 2 DAGs
[2024-04-01T06:54:04.868+0000] {logging_mixin.py:188} INFO - [2024-04-01T06:54:04.868+0000] {dag.py:3834} INFO - Setting next_dagrun for example_external_task_marker_child to None, run_after=None
[2024-04-01T06:54:04.870+0000] {logging_mixin.py:188} INFO - [2024-04-01T06:54:04.870+0000] {dag.py:3834} INFO - Setting next_dagrun for example_external_task_marker_parent to None, run_after=None
[2024-04-01T06:54:04.879+0000] {processor.py:183} INFO - Processing /home/airflow/.local/lib/python3.8/site-packages/airflow/example_dags/example_external_task_marker_dag.py took 0.038 seconds
[2024-04-01T06:54:35.580+0000] {processor.py:161} INFO - Started process (PID=833) to work on /home/airflow/.local/lib/python3.8/site-packages/airflow/example_dags/example_external_task_marker_dag.py
[2024-04-01T06:54:35.581+0000] {processor.py:830} INFO - Processing file /home/airflow/.local/lib/python3.8/site-packages/airflow/example_dags/example_external_task_marker_dag.py for tasks to queue
[2024-04-01T06:54:35.582+0000] {logging_mixin.py:188} INFO - [2024-04-01T06:54:35.582+0000] {dagbag.py:540} INFO - Filling up the DagBag from /home/airflow/.local/lib/python3.8/site-packages/airflow/example_dags/example_external_task_marker_dag.py
[2024-04-01T06:54:35.586+0000] {processor.py:840} INFO - DAG(s) 'example_external_task_marker_child', 'example_external_task_marker_parent' retrieved from /home/airflow/.local/lib/python3.8/site-packages/airflow/example_dags/example_external_task_marker_dag.py
[2024-04-01T06:54:35.600+0000] {logging_mixin.py:188} INFO - [2024-04-01T06:54:35.600+0000] {dag.py:3047} INFO - Sync 2 DAGs
[2024-04-01T06:54:35.607+0000] {logging_mixin.py:188} INFO - [2024-04-01T06:54:35.607+0000] {dag.py:3834} INFO - Setting next_dagrun for example_external_task_marker_child to None, run_after=None
[2024-04-01T06:54:35.610+0000] {logging_mixin.py:188} INFO - [2024-04-01T06:54:35.609+0000] {dag.py:3834} INFO - Setting next_dagrun for example_external_task_marker_parent to None, run_after=None
[2024-04-01T06:54:35.618+0000] {processor.py:183} INFO - Processing /home/airflow/.local/lib/python3.8/site-packages/airflow/example_dags/example_external_task_marker_dag.py took 0.040 seconds
[2024-04-01T06:55:06.240+0000] {processor.py:161} INFO - Started process (PID=888) to work on /home/airflow/.local/lib/python3.8/site-packages/airflow/example_dags/example_external_task_marker_dag.py
[2024-04-01T06:55:06.240+0000] {processor.py:830} INFO - Processing file /home/airflow/.local/lib/python3.8/site-packages/airflow/example_dags/example_external_task_marker_dag.py for tasks to queue
[2024-04-01T06:55:06.241+0000] {logging_mixin.py:188} INFO - [2024-04-01T06:55:06.241+0000] {dagbag.py:540} INFO - Filling up the DagBag from /home/airflow/.local/lib/python3.8/site-packages/airflow/example_dags/example_external_task_marker_dag.py
[2024-04-01T06:55:06.245+0000] {processor.py:840} INFO - DAG(s) 'example_external_task_marker_child', 'example_external_task_marker_parent' retrieved from /home/airflow/.local/lib/python3.8/site-packages/airflow/example_dags/example_external_task_marker_dag.py
[2024-04-01T06:55:06.259+0000] {logging_mixin.py:188} INFO - [2024-04-01T06:55:06.259+0000] {dag.py:3047} INFO - Sync 2 DAGs
[2024-04-01T06:55:06.267+0000] {logging_mixin.py:188} INFO - [2024-04-01T06:55:06.267+0000] {dag.py:3834} INFO - Setting next_dagrun for example_external_task_marker_child to None, run_after=None
[2024-04-01T06:55:06.269+0000] {logging_mixin.py:188} INFO - [2024-04-01T06:55:06.269+0000] {dag.py:3834} INFO - Setting next_dagrun for example_external_task_marker_parent to None, run_after=None
[2024-04-01T06:55:06.278+0000] {processor.py:183} INFO - Processing /home/airflow/.local/lib/python3.8/site-packages/airflow/example_dags/example_external_task_marker_dag.py took 0.040 seconds
[2024-04-01T06:55:36.993+0000] {processor.py:161} INFO - Started process (PID=943) to work on /home/airflow/.local/lib/python3.8/site-packages/airflow/example_dags/example_external_task_marker_dag.py
[2024-04-01T06:55:36.993+0000] {processor.py:830} INFO - Processing file /home/airflow/.local/lib/python3.8/site-packages/airflow/example_dags/example_external_task_marker_dag.py for tasks to queue
[2024-04-01T06:55:36.994+0000] {logging_mixin.py:188} INFO - [2024-04-01T06:55:36.994+0000] {dagbag.py:540} INFO - Filling up the DagBag from /home/airflow/.local/lib/python3.8/site-packages/airflow/example_dags/example_external_task_marker_dag.py
[2024-04-01T06:55:36.998+0000] {processor.py:840} INFO - DAG(s) 'example_external_task_marker_child', 'example_external_task_marker_parent' retrieved from /home/airflow/.local/lib/python3.8/site-packages/airflow/example_dags/example_external_task_marker_dag.py
[2024-04-01T06:55:37.010+0000] {logging_mixin.py:188} INFO - [2024-04-01T06:55:37.010+0000] {dag.py:3047} INFO - Sync 2 DAGs
[2024-04-01T06:55:37.016+0000] {logging_mixin.py:188} INFO - [2024-04-01T06:55:37.016+0000] {dag.py:3834} INFO - Setting next_dagrun for example_external_task_marker_child to None, run_after=None
[2024-04-01T06:55:37.018+0000] {logging_mixin.py:188} INFO - [2024-04-01T06:55:37.018+0000] {dag.py:3834} INFO - Setting next_dagrun for example_external_task_marker_parent to None, run_after=None
[2024-04-01T06:55:37.027+0000] {processor.py:183} INFO - Processing /home/airflow/.local/lib/python3.8/site-packages/airflow/example_dags/example_external_task_marker_dag.py took 0.036 seconds
[2024-04-01T06:56:07.728+0000] {processor.py:161} INFO - Started process (PID=998) to work on /home/airflow/.local/lib/python3.8/site-packages/airflow/example_dags/example_external_task_marker_dag.py
[2024-04-01T06:56:07.729+0000] {processor.py:830} INFO - Processing file /home/airflow/.local/lib/python3.8/site-packages/airflow/example_dags/example_external_task_marker_dag.py for tasks to queue
[2024-04-01T06:56:07.730+0000] {logging_mixin.py:188} INFO - [2024-04-01T06:56:07.729+0000] {dagbag.py:540} INFO - Filling up the DagBag from /home/airflow/.local/lib/python3.8/site-packages/airflow/example_dags/example_external_task_marker_dag.py
[2024-04-01T06:56:07.734+0000] {processor.py:840} INFO - DAG(s) 'example_external_task_marker_parent', 'example_external_task_marker_child' retrieved from /home/airflow/.local/lib/python3.8/site-packages/airflow/example_dags/example_external_task_marker_dag.py
[2024-04-01T06:56:07.747+0000] {logging_mixin.py:188} INFO - [2024-04-01T06:56:07.747+0000] {dag.py:3047} INFO - Sync 2 DAGs
[2024-04-01T06:56:07.754+0000] {logging_mixin.py:188} INFO - [2024-04-01T06:56:07.754+0000] {dag.py:3834} INFO - Setting next_dagrun for example_external_task_marker_child to None, run_after=None
[2024-04-01T06:56:07.757+0000] {logging_mixin.py:188} INFO - [2024-04-01T06:56:07.756+0000] {dag.py:3834} INFO - Setting next_dagrun for example_external_task_marker_parent to None, run_after=None
[2024-04-01T06:56:07.765+0000] {processor.py:183} INFO - Processing /home/airflow/.local/lib/python3.8/site-packages/airflow/example_dags/example_external_task_marker_dag.py took 0.039 seconds
[2024-04-01T06:56:38.543+0000] {processor.py:161} INFO - Started process (PID=1052) to work on /home/airflow/.local/lib/python3.8/site-packages/airflow/example_dags/example_external_task_marker_dag.py
[2024-04-01T06:56:38.544+0000] {processor.py:830} INFO - Processing file /home/airflow/.local/lib/python3.8/site-packages/airflow/example_dags/example_external_task_marker_dag.py for tasks to queue
[2024-04-01T06:56:38.545+0000] {logging_mixin.py:188} INFO - [2024-04-01T06:56:38.544+0000] {dagbag.py:540} INFO - Filling up the DagBag from /home/airflow/.local/lib/python3.8/site-packages/airflow/example_dags/example_external_task_marker_dag.py
[2024-04-01T06:56:38.549+0000] {processor.py:840} INFO - DAG(s) 'example_external_task_marker_child', 'example_external_task_marker_parent' retrieved from /home/airflow/.local/lib/python3.8/site-packages/airflow/example_dags/example_external_task_marker_dag.py
[2024-04-01T06:56:38.562+0000] {logging_mixin.py:188} INFO - [2024-04-01T06:56:38.562+0000] {dag.py:3047} INFO - Sync 2 DAGs
[2024-04-01T06:56:38.569+0000] {logging_mixin.py:188} INFO - [2024-04-01T06:56:38.569+0000] {dag.py:3834} INFO - Setting next_dagrun for example_external_task_marker_child to None, run_after=None
[2024-04-01T06:56:38.571+0000] {logging_mixin.py:188} INFO - [2024-04-01T06:56:38.571+0000] {dag.py:3834} INFO - Setting next_dagrun for example_external_task_marker_parent to None, run_after=None
[2024-04-01T06:56:38.580+0000] {processor.py:183} INFO - Processing /home/airflow/.local/lib/python3.8/site-packages/airflow/example_dags/example_external_task_marker_dag.py took 0.039 seconds
[2024-04-01T06:57:09.622+0000] {processor.py:161} INFO - Started process (PID=1107) to work on /home/airflow/.local/lib/python3.8/site-packages/airflow/example_dags/example_external_task_marker_dag.py
[2024-04-01T06:57:09.623+0000] {processor.py:830} INFO - Processing file /home/airflow/.local/lib/python3.8/site-packages/airflow/example_dags/example_external_task_marker_dag.py for tasks to queue
[2024-04-01T06:57:09.624+0000] {logging_mixin.py:188} INFO - [2024-04-01T06:57:09.624+0000] {dagbag.py:540} INFO - Filling up the DagBag from /home/airflow/.local/lib/python3.8/site-packages/airflow/example_dags/example_external_task_marker_dag.py
[2024-04-01T06:57:09.629+0000] {processor.py:840} INFO - DAG(s) 'example_external_task_marker_parent', 'example_external_task_marker_child' retrieved from /home/airflow/.local/lib/python3.8/site-packages/airflow/example_dags/example_external_task_marker_dag.py
[2024-04-01T06:57:09.647+0000] {logging_mixin.py:188} INFO - [2024-04-01T06:57:09.646+0000] {dag.py:3047} INFO - Sync 2 DAGs
[2024-04-01T06:57:09.654+0000] {logging_mixin.py:188} INFO - [2024-04-01T06:57:09.654+0000] {dag.py:3834} INFO - Setting next_dagrun for example_external_task_marker_child to None, run_after=None
[2024-04-01T06:57:09.657+0000] {logging_mixin.py:188} INFO - [2024-04-01T06:57:09.657+0000] {dag.py:3834} INFO - Setting next_dagrun for example_external_task_marker_parent to None, run_after=None
[2024-04-01T06:57:09.668+0000] {processor.py:183} INFO - Processing /home/airflow/.local/lib/python3.8/site-packages/airflow/example_dags/example_external_task_marker_dag.py took 0.047 seconds
[2024-04-01T06:57:40.343+0000] {processor.py:161} INFO - Started process (PID=1162) to work on /home/airflow/.local/lib/python3.8/site-packages/airflow/example_dags/example_external_task_marker_dag.py
[2024-04-01T06:57:40.343+0000] {processor.py:830} INFO - Processing file /home/airflow/.local/lib/python3.8/site-packages/airflow/example_dags/example_external_task_marker_dag.py for tasks to queue
[2024-04-01T06:57:40.344+0000] {logging_mixin.py:188} INFO - [2024-04-01T06:57:40.344+0000] {dagbag.py:540} INFO - Filling up the DagBag from /home/airflow/.local/lib/python3.8/site-packages/airflow/example_dags/example_external_task_marker_dag.py
[2024-04-01T06:57:40.348+0000] {processor.py:840} INFO - DAG(s) 'example_external_task_marker_child', 'example_external_task_marker_parent' retrieved from /home/airflow/.local/lib/python3.8/site-packages/airflow/example_dags/example_external_task_marker_dag.py
[2024-04-01T06:57:40.361+0000] {logging_mixin.py:188} INFO - [2024-04-01T06:57:40.360+0000] {dag.py:3047} INFO - Sync 2 DAGs
[2024-04-01T06:57:40.367+0000] {logging_mixin.py:188} INFO - [2024-04-01T06:57:40.367+0000] {dag.py:3834} INFO - Setting next_dagrun for example_external_task_marker_child to None, run_after=None
[2024-04-01T06:57:40.369+0000] {logging_mixin.py:188} INFO - [2024-04-01T06:57:40.369+0000] {dag.py:3834} INFO - Setting next_dagrun for example_external_task_marker_parent to None, run_after=None
[2024-04-01T06:57:40.377+0000] {processor.py:183} INFO - Processing /home/airflow/.local/lib/python3.8/site-packages/airflow/example_dags/example_external_task_marker_dag.py took 0.036 seconds
[2024-04-01T06:58:11.180+0000] {processor.py:161} INFO - Started process (PID=1217) to work on /home/airflow/.local/lib/python3.8/site-packages/airflow/example_dags/example_external_task_marker_dag.py
[2024-04-01T06:58:11.181+0000] {processor.py:830} INFO - Processing file /home/airflow/.local/lib/python3.8/site-packages/airflow/example_dags/example_external_task_marker_dag.py for tasks to queue
[2024-04-01T06:58:11.182+0000] {logging_mixin.py:188} INFO - [2024-04-01T06:58:11.182+0000] {dagbag.py:540} INFO - Filling up the DagBag from /home/airflow/.local/lib/python3.8/site-packages/airflow/example_dags/example_external_task_marker_dag.py
[2024-04-01T06:58:11.185+0000] {processor.py:840} INFO - DAG(s) 'example_external_task_marker_parent', 'example_external_task_marker_child' retrieved from /home/airflow/.local/lib/python3.8/site-packages/airflow/example_dags/example_external_task_marker_dag.py
[2024-04-01T06:58:11.198+0000] {logging_mixin.py:188} INFO - [2024-04-01T06:58:11.198+0000] {dag.py:3047} INFO - Sync 2 DAGs
[2024-04-01T06:58:11.206+0000] {logging_mixin.py:188} INFO - [2024-04-01T06:58:11.206+0000] {dag.py:3834} INFO - Setting next_dagrun for example_external_task_marker_child to None, run_after=None
[2024-04-01T06:58:11.208+0000] {logging_mixin.py:188} INFO - [2024-04-01T06:58:11.208+0000] {dag.py:3834} INFO - Setting next_dagrun for example_external_task_marker_parent to None, run_after=None
[2024-04-01T06:58:11.216+0000] {processor.py:183} INFO - Processing /home/airflow/.local/lib/python3.8/site-packages/airflow/example_dags/example_external_task_marker_dag.py took 0.038 seconds
[2024-04-01T06:58:41.272+0000] {processor.py:161} INFO - Started process (PID=1272) to work on /home/airflow/.local/lib/python3.8/site-packages/airflow/example_dags/example_external_task_marker_dag.py
[2024-04-01T06:58:41.272+0000] {processor.py:830} INFO - Processing file /home/airflow/.local/lib/python3.8/site-packages/airflow/example_dags/example_external_task_marker_dag.py for tasks to queue
[2024-04-01T06:58:41.274+0000] {logging_mixin.py:188} INFO - [2024-04-01T06:58:41.273+0000] {dagbag.py:540} INFO - Filling up the DagBag from /home/airflow/.local/lib/python3.8/site-packages/airflow/example_dags/example_external_task_marker_dag.py
[2024-04-01T06:58:41.277+0000] {processor.py:840} INFO - DAG(s) 'example_external_task_marker_parent', 'example_external_task_marker_child' retrieved from /home/airflow/.local/lib/python3.8/site-packages/airflow/example_dags/example_external_task_marker_dag.py
[2024-04-01T06:58:41.290+0000] {logging_mixin.py:188} INFO - [2024-04-01T06:58:41.290+0000] {dag.py:3047} INFO - Sync 2 DAGs
[2024-04-01T06:58:41.297+0000] {logging_mixin.py:188} INFO - [2024-04-01T06:58:41.297+0000] {dag.py:3834} INFO - Setting next_dagrun for example_external_task_marker_child to None, run_after=None
[2024-04-01T06:58:41.299+0000] {logging_mixin.py:188} INFO - [2024-04-01T06:58:41.299+0000] {dag.py:3834} INFO - Setting next_dagrun for example_external_task_marker_parent to None, run_after=None
[2024-04-01T06:58:41.309+0000] {processor.py:183} INFO - Processing /home/airflow/.local/lib/python3.8/site-packages/airflow/example_dags/example_external_task_marker_dag.py took 0.039 seconds
[2024-04-01T06:59:11.940+0000] {processor.py:161} INFO - Started process (PID=1327) to work on /home/airflow/.local/lib/python3.8/site-packages/airflow/example_dags/example_external_task_marker_dag.py
[2024-04-01T06:59:11.941+0000] {processor.py:830} INFO - Processing file /home/airflow/.local/lib/python3.8/site-packages/airflow/example_dags/example_external_task_marker_dag.py for tasks to queue
[2024-04-01T06:59:11.942+0000] {logging_mixin.py:188} INFO - [2024-04-01T06:59:11.942+0000] {dagbag.py:540} INFO - Filling up the DagBag from /home/airflow/.local/lib/python3.8/site-packages/airflow/example_dags/example_external_task_marker_dag.py
[2024-04-01T06:59:11.946+0000] {processor.py:840} INFO - DAG(s) 'example_external_task_marker_child', 'example_external_task_marker_parent' retrieved from /home/airflow/.local/lib/python3.8/site-packages/airflow/example_dags/example_external_task_marker_dag.py
[2024-04-01T06:59:11.960+0000] {logging_mixin.py:188} INFO - [2024-04-01T06:59:11.959+0000] {dag.py:3047} INFO - Sync 2 DAGs
[2024-04-01T06:59:11.967+0000] {logging_mixin.py:188} INFO - [2024-04-01T06:59:11.967+0000] {dag.py:3834} INFO - Setting next_dagrun for example_external_task_marker_child to None, run_after=None
[2024-04-01T06:59:11.969+0000] {logging_mixin.py:188} INFO - [2024-04-01T06:59:11.969+0000] {dag.py:3834} INFO - Setting next_dagrun for example_external_task_marker_parent to None, run_after=None
[2024-04-01T06:59:11.978+0000] {processor.py:183} INFO - Processing /home/airflow/.local/lib/python3.8/site-packages/airflow/example_dags/example_external_task_marker_dag.py took 0.040 seconds
[2024-04-01T06:59:42.686+0000] {processor.py:161} INFO - Started process (PID=1382) to work on /home/airflow/.local/lib/python3.8/site-packages/airflow/example_dags/example_external_task_marker_dag.py
[2024-04-01T06:59:42.687+0000] {processor.py:830} INFO - Processing file /home/airflow/.local/lib/python3.8/site-packages/airflow/example_dags/example_external_task_marker_dag.py for tasks to queue
[2024-04-01T06:59:42.688+0000] {logging_mixin.py:188} INFO - [2024-04-01T06:59:42.688+0000] {dagbag.py:540} INFO - Filling up the DagBag from /home/airflow/.local/lib/python3.8/site-packages/airflow/example_dags/example_external_task_marker_dag.py
[2024-04-01T06:59:42.692+0000] {processor.py:840} INFO - DAG(s) 'example_external_task_marker_child', 'example_external_task_marker_parent' retrieved from /home/airflow/.local/lib/python3.8/site-packages/airflow/example_dags/example_external_task_marker_dag.py
[2024-04-01T06:59:42.705+0000] {logging_mixin.py:188} INFO - [2024-04-01T06:59:42.705+0000] {dag.py:3047} INFO - Sync 2 DAGs
[2024-04-01T06:59:42.713+0000] {logging_mixin.py:188} INFO - [2024-04-01T06:59:42.713+0000] {dag.py:3834} INFO - Setting next_dagrun for example_external_task_marker_child to None, run_after=None
[2024-04-01T06:59:42.718+0000] {logging_mixin.py:188} INFO - [2024-04-01T06:59:42.718+0000] {dag.py:3834} INFO - Setting next_dagrun for example_external_task_marker_parent to None, run_after=None
[2024-04-01T06:59:42.727+0000] {processor.py:183} INFO - Processing /home/airflow/.local/lib/python3.8/site-packages/airflow/example_dags/example_external_task_marker_dag.py took 0.042 seconds
[2024-04-01T07:00:12.751+0000] {processor.py:161} INFO - Started process (PID=1437) to work on /home/airflow/.local/lib/python3.8/site-packages/airflow/example_dags/example_external_task_marker_dag.py
[2024-04-01T07:00:12.752+0000] {processor.py:830} INFO - Processing file /home/airflow/.local/lib/python3.8/site-packages/airflow/example_dags/example_external_task_marker_dag.py for tasks to queue
[2024-04-01T07:00:12.753+0000] {logging_mixin.py:188} INFO - [2024-04-01T07:00:12.752+0000] {dagbag.py:540} INFO - Filling up the DagBag from /home/airflow/.local/lib/python3.8/site-packages/airflow/example_dags/example_external_task_marker_dag.py
[2024-04-01T07:00:12.757+0000] {processor.py:840} INFO - DAG(s) 'example_external_task_marker_parent', 'example_external_task_marker_child' retrieved from /home/airflow/.local/lib/python3.8/site-packages/airflow/example_dags/example_external_task_marker_dag.py
[2024-04-01T07:00:12.770+0000] {logging_mixin.py:188} INFO - [2024-04-01T07:00:12.770+0000] {dag.py:3047} INFO - Sync 2 DAGs
[2024-04-01T07:00:12.777+0000] {logging_mixin.py:188} INFO - [2024-04-01T07:00:12.776+0000] {dag.py:3834} INFO - Setting next_dagrun for example_external_task_marker_child to None, run_after=None
[2024-04-01T07:00:12.778+0000] {logging_mixin.py:188} INFO - [2024-04-01T07:00:12.778+0000] {dag.py:3834} INFO - Setting next_dagrun for example_external_task_marker_parent to None, run_after=None
[2024-04-01T07:00:12.787+0000] {processor.py:183} INFO - Processing /home/airflow/.local/lib/python3.8/site-packages/airflow/example_dags/example_external_task_marker_dag.py took 0.038 seconds
[2024-04-01T07:00:43.233+0000] {processor.py:161} INFO - Started process (PID=1492) to work on /home/airflow/.local/lib/python3.8/site-packages/airflow/example_dags/example_external_task_marker_dag.py
[2024-04-01T07:00:43.234+0000] {processor.py:830} INFO - Processing file /home/airflow/.local/lib/python3.8/site-packages/airflow/example_dags/example_external_task_marker_dag.py for tasks to queue
[2024-04-01T07:00:43.234+0000] {logging_mixin.py:188} INFO - [2024-04-01T07:00:43.234+0000] {dagbag.py:540} INFO - Filling up the DagBag from /home/airflow/.local/lib/python3.8/site-packages/airflow/example_dags/example_external_task_marker_dag.py
[2024-04-01T07:00:43.238+0000] {processor.py:840} INFO - DAG(s) 'example_external_task_marker_parent', 'example_external_task_marker_child' retrieved from /home/airflow/.local/lib/python3.8/site-packages/airflow/example_dags/example_external_task_marker_dag.py
[2024-04-01T07:00:43.251+0000] {logging_mixin.py:188} INFO - [2024-04-01T07:00:43.251+0000] {dag.py:3047} INFO - Sync 2 DAGs
[2024-04-01T07:00:43.258+0000] {logging_mixin.py:188} INFO - [2024-04-01T07:00:43.258+0000] {dag.py:3834} INFO - Setting next_dagrun for example_external_task_marker_child to None, run_after=None
[2024-04-01T07:00:43.260+0000] {logging_mixin.py:188} INFO - [2024-04-01T07:00:43.260+0000] {dag.py:3834} INFO - Setting next_dagrun for example_external_task_marker_parent to None, run_after=None
[2024-04-01T07:00:43.268+0000] {processor.py:183} INFO - Processing /home/airflow/.local/lib/python3.8/site-packages/airflow/example_dags/example_external_task_marker_dag.py took 0.037 seconds
[2024-04-01T07:01:37.329+0000] {processor.py:161} INFO - Started process (PID=63) to work on /home/airflow/.local/lib/python3.8/site-packages/airflow/example_dags/example_external_task_marker_dag.py
[2024-04-01T07:01:37.331+0000] {processor.py:830} INFO - Processing file /home/airflow/.local/lib/python3.8/site-packages/airflow/example_dags/example_external_task_marker_dag.py for tasks to queue
[2024-04-01T07:01:37.332+0000] {logging_mixin.py:188} INFO - [2024-04-01T07:01:37.332+0000] {dagbag.py:540} INFO - Filling up the DagBag from /home/airflow/.local/lib/python3.8/site-packages/airflow/example_dags/example_external_task_marker_dag.py
[2024-04-01T07:01:37.338+0000] {processor.py:840} INFO - DAG(s) 'example_external_task_marker_parent', 'example_external_task_marker_child' retrieved from /home/airflow/.local/lib/python3.8/site-packages/airflow/example_dags/example_external_task_marker_dag.py
[2024-04-01T07:01:37.347+0000] {logging_mixin.py:188} INFO - [2024-04-01T07:01:37.347+0000] {dag.py:3047} INFO - Sync 2 DAGs
[2024-04-01T07:01:37.357+0000] {logging_mixin.py:188} INFO - [2024-04-01T07:01:37.357+0000] {dag.py:3834} INFO - Setting next_dagrun for example_external_task_marker_child to None, run_after=None
[2024-04-01T07:01:37.359+0000] {logging_mixin.py:188} INFO - [2024-04-01T07:01:37.359+0000] {dag.py:3834} INFO - Setting next_dagrun for example_external_task_marker_parent to None, run_after=None
[2024-04-01T07:01:37.370+0000] {processor.py:183} INFO - Processing /home/airflow/.local/lib/python3.8/site-packages/airflow/example_dags/example_external_task_marker_dag.py took 0.044 seconds
[2024-04-01T07:02:08.090+0000] {processor.py:161} INFO - Started process (PID=118) to work on /home/airflow/.local/lib/python3.8/site-packages/airflow/example_dags/example_external_task_marker_dag.py
[2024-04-01T07:02:08.090+0000] {processor.py:830} INFO - Processing file /home/airflow/.local/lib/python3.8/site-packages/airflow/example_dags/example_external_task_marker_dag.py for tasks to queue
[2024-04-01T07:02:08.091+0000] {logging_mixin.py:188} INFO - [2024-04-01T07:02:08.091+0000] {dagbag.py:540} INFO - Filling up the DagBag from /home/airflow/.local/lib/python3.8/site-packages/airflow/example_dags/example_external_task_marker_dag.py
[2024-04-01T07:02:08.095+0000] {processor.py:840} INFO - DAG(s) 'example_external_task_marker_parent', 'example_external_task_marker_child' retrieved from /home/airflow/.local/lib/python3.8/site-packages/airflow/example_dags/example_external_task_marker_dag.py
[2024-04-01T07:02:08.159+0000] {logging_mixin.py:188} INFO - [2024-04-01T07:02:08.159+0000] {dag.py:3047} INFO - Sync 2 DAGs
[2024-04-01T07:02:08.165+0000] {logging_mixin.py:188} INFO - [2024-04-01T07:02:08.165+0000] {dag.py:3834} INFO - Setting next_dagrun for example_external_task_marker_child to None, run_after=None
[2024-04-01T07:02:08.166+0000] {logging_mixin.py:188} INFO - [2024-04-01T07:02:08.166+0000] {dag.py:3834} INFO - Setting next_dagrun for example_external_task_marker_parent to None, run_after=None
[2024-04-01T07:02:08.175+0000] {processor.py:183} INFO - Processing /home/airflow/.local/lib/python3.8/site-packages/airflow/example_dags/example_external_task_marker_dag.py took 0.088 seconds
[2024-04-01T07:02:38.549+0000] {processor.py:161} INFO - Started process (PID=172) to work on /home/airflow/.local/lib/python3.8/site-packages/airflow/example_dags/example_external_task_marker_dag.py
[2024-04-01T07:02:38.549+0000] {processor.py:830} INFO - Processing file /home/airflow/.local/lib/python3.8/site-packages/airflow/example_dags/example_external_task_marker_dag.py for tasks to queue
[2024-04-01T07:02:38.550+0000] {logging_mixin.py:188} INFO - [2024-04-01T07:02:38.550+0000] {dagbag.py:540} INFO - Filling up the DagBag from /home/airflow/.local/lib/python3.8/site-packages/airflow/example_dags/example_external_task_marker_dag.py
[2024-04-01T07:02:38.554+0000] {processor.py:840} INFO - DAG(s) 'example_external_task_marker_child', 'example_external_task_marker_parent' retrieved from /home/airflow/.local/lib/python3.8/site-packages/airflow/example_dags/example_external_task_marker_dag.py
[2024-04-01T07:02:38.569+0000] {logging_mixin.py:188} INFO - [2024-04-01T07:02:38.569+0000] {dag.py:3047} INFO - Sync 2 DAGs
[2024-04-01T07:02:38.578+0000] {logging_mixin.py:188} INFO - [2024-04-01T07:02:38.577+0000] {dag.py:3834} INFO - Setting next_dagrun for example_external_task_marker_child to None, run_after=None
[2024-04-01T07:02:38.581+0000] {logging_mixin.py:188} INFO - [2024-04-01T07:02:38.581+0000] {dag.py:3834} INFO - Setting next_dagrun for example_external_task_marker_parent to None, run_after=None
[2024-04-01T07:02:38.590+0000] {processor.py:183} INFO - Processing /home/airflow/.local/lib/python3.8/site-packages/airflow/example_dags/example_external_task_marker_dag.py took 0.043 seconds
[2024-04-01T07:03:08.700+0000] {processor.py:161} INFO - Started process (PID=227) to work on /home/airflow/.local/lib/python3.8/site-packages/airflow/example_dags/example_external_task_marker_dag.py
[2024-04-01T07:03:08.700+0000] {processor.py:830} INFO - Processing file /home/airflow/.local/lib/python3.8/site-packages/airflow/example_dags/example_external_task_marker_dag.py for tasks to queue
[2024-04-01T07:03:08.702+0000] {logging_mixin.py:188} INFO - [2024-04-01T07:03:08.702+0000] {dagbag.py:540} INFO - Filling up the DagBag from /home/airflow/.local/lib/python3.8/site-packages/airflow/example_dags/example_external_task_marker_dag.py
[2024-04-01T07:03:08.706+0000] {processor.py:840} INFO - DAG(s) 'example_external_task_marker_child', 'example_external_task_marker_parent' retrieved from /home/airflow/.local/lib/python3.8/site-packages/airflow/example_dags/example_external_task_marker_dag.py
[2024-04-01T07:03:08.721+0000] {logging_mixin.py:188} INFO - [2024-04-01T07:03:08.721+0000] {dag.py:3047} INFO - Sync 2 DAGs
[2024-04-01T07:03:08.728+0000] {logging_mixin.py:188} INFO - [2024-04-01T07:03:08.727+0000] {dag.py:3834} INFO - Setting next_dagrun for example_external_task_marker_child to None, run_after=None
[2024-04-01T07:03:08.730+0000] {logging_mixin.py:188} INFO - [2024-04-01T07:03:08.729+0000] {dag.py:3834} INFO - Setting next_dagrun for example_external_task_marker_parent to None, run_after=None
[2024-04-01T07:03:08.739+0000] {processor.py:183} INFO - Processing /home/airflow/.local/lib/python3.8/site-packages/airflow/example_dags/example_external_task_marker_dag.py took 0.041 seconds
[2024-04-01T07:03:38.787+0000] {processor.py:161} INFO - Started process (PID=282) to work on /home/airflow/.local/lib/python3.8/site-packages/airflow/example_dags/example_external_task_marker_dag.py
[2024-04-01T07:03:38.787+0000] {processor.py:830} INFO - Processing file /home/airflow/.local/lib/python3.8/site-packages/airflow/example_dags/example_external_task_marker_dag.py for tasks to queue
[2024-04-01T07:03:38.789+0000] {logging_mixin.py:188} INFO - [2024-04-01T07:03:38.789+0000] {dagbag.py:540} INFO - Filling up the DagBag from /home/airflow/.local/lib/python3.8/site-packages/airflow/example_dags/example_external_task_marker_dag.py
[2024-04-01T07:03:38.795+0000] {processor.py:840} INFO - DAG(s) 'example_external_task_marker_child', 'example_external_task_marker_parent' retrieved from /home/airflow/.local/lib/python3.8/site-packages/airflow/example_dags/example_external_task_marker_dag.py
[2024-04-01T07:03:38.814+0000] {logging_mixin.py:188} INFO - [2024-04-01T07:03:38.814+0000] {dag.py:3047} INFO - Sync 2 DAGs
[2024-04-01T07:03:38.822+0000] {logging_mixin.py:188} INFO - [2024-04-01T07:03:38.822+0000] {dag.py:3834} INFO - Setting next_dagrun for example_external_task_marker_child to None, run_after=None
[2024-04-01T07:03:38.825+0000] {logging_mixin.py:188} INFO - [2024-04-01T07:03:38.825+0000] {dag.py:3834} INFO - Setting next_dagrun for example_external_task_marker_parent to None, run_after=None
[2024-04-01T07:03:38.837+0000] {processor.py:183} INFO - Processing /home/airflow/.local/lib/python3.8/site-packages/airflow/example_dags/example_external_task_marker_dag.py took 0.053 seconds
[2024-04-01T07:04:08.913+0000] {processor.py:161} INFO - Started process (PID=336) to work on /home/airflow/.local/lib/python3.8/site-packages/airflow/example_dags/example_external_task_marker_dag.py
[2024-04-01T07:04:08.914+0000] {processor.py:830} INFO - Processing file /home/airflow/.local/lib/python3.8/site-packages/airflow/example_dags/example_external_task_marker_dag.py for tasks to queue
[2024-04-01T07:04:08.915+0000] {logging_mixin.py:188} INFO - [2024-04-01T07:04:08.915+0000] {dagbag.py:540} INFO - Filling up the DagBag from /home/airflow/.local/lib/python3.8/site-packages/airflow/example_dags/example_external_task_marker_dag.py
[2024-04-01T07:04:08.920+0000] {processor.py:840} INFO - DAG(s) 'example_external_task_marker_parent', 'example_external_task_marker_child' retrieved from /home/airflow/.local/lib/python3.8/site-packages/airflow/example_dags/example_external_task_marker_dag.py
[2024-04-01T07:04:08.936+0000] {logging_mixin.py:188} INFO - [2024-04-01T07:04:08.936+0000] {dag.py:3047} INFO - Sync 2 DAGs
[2024-04-01T07:04:08.944+0000] {logging_mixin.py:188} INFO - [2024-04-01T07:04:08.944+0000] {dag.py:3834} INFO - Setting next_dagrun for example_external_task_marker_child to None, run_after=None
[2024-04-01T07:04:08.946+0000] {logging_mixin.py:188} INFO - [2024-04-01T07:04:08.946+0000] {dag.py:3834} INFO - Setting next_dagrun for example_external_task_marker_parent to None, run_after=None
[2024-04-01T07:04:08.957+0000] {processor.py:183} INFO - Processing /home/airflow/.local/lib/python3.8/site-packages/airflow/example_dags/example_external_task_marker_dag.py took 0.046 seconds
[2024-04-01T07:04:39.073+0000] {processor.py:161} INFO - Started process (PID=392) to work on /home/airflow/.local/lib/python3.8/site-packages/airflow/example_dags/example_external_task_marker_dag.py
[2024-04-01T07:04:39.074+0000] {processor.py:830} INFO - Processing file /home/airflow/.local/lib/python3.8/site-packages/airflow/example_dags/example_external_task_marker_dag.py for tasks to queue
[2024-04-01T07:04:39.075+0000] {logging_mixin.py:188} INFO - [2024-04-01T07:04:39.075+0000] {dagbag.py:540} INFO - Filling up the DagBag from /home/airflow/.local/lib/python3.8/site-packages/airflow/example_dags/example_external_task_marker_dag.py
[2024-04-01T07:04:39.079+0000] {processor.py:840} INFO - DAG(s) 'example_external_task_marker_parent', 'example_external_task_marker_child' retrieved from /home/airflow/.local/lib/python3.8/site-packages/airflow/example_dags/example_external_task_marker_dag.py
[2024-04-01T07:04:39.096+0000] {logging_mixin.py:188} INFO - [2024-04-01T07:04:39.096+0000] {dag.py:3047} INFO - Sync 2 DAGs
[2024-04-01T07:04:39.104+0000] {logging_mixin.py:188} INFO - [2024-04-01T07:04:39.103+0000] {dag.py:3834} INFO - Setting next_dagrun for example_external_task_marker_child to None, run_after=None
[2024-04-01T07:04:39.106+0000] {logging_mixin.py:188} INFO - [2024-04-01T07:04:39.106+0000] {dag.py:3834} INFO - Setting next_dagrun for example_external_task_marker_parent to None, run_after=None
[2024-04-01T07:04:39.116+0000] {processor.py:183} INFO - Processing /home/airflow/.local/lib/python3.8/site-packages/airflow/example_dags/example_external_task_marker_dag.py took 0.046 seconds
[2024-04-01T07:05:09.277+0000] {processor.py:161} INFO - Started process (PID=447) to work on /home/airflow/.local/lib/python3.8/site-packages/airflow/example_dags/example_external_task_marker_dag.py
[2024-04-01T07:05:09.277+0000] {processor.py:830} INFO - Processing file /home/airflow/.local/lib/python3.8/site-packages/airflow/example_dags/example_external_task_marker_dag.py for tasks to queue
[2024-04-01T07:05:09.279+0000] {logging_mixin.py:188} INFO - [2024-04-01T07:05:09.278+0000] {dagbag.py:540} INFO - Filling up the DagBag from /home/airflow/.local/lib/python3.8/site-packages/airflow/example_dags/example_external_task_marker_dag.py
[2024-04-01T07:05:09.283+0000] {processor.py:840} INFO - DAG(s) 'example_external_task_marker_parent', 'example_external_task_marker_child' retrieved from /home/airflow/.local/lib/python3.8/site-packages/airflow/example_dags/example_external_task_marker_dag.py
[2024-04-01T07:05:09.299+0000] {logging_mixin.py:188} INFO - [2024-04-01T07:05:09.298+0000] {dag.py:3047} INFO - Sync 2 DAGs
[2024-04-01T07:05:09.307+0000] {logging_mixin.py:188} INFO - [2024-04-01T07:05:09.307+0000] {dag.py:3834} INFO - Setting next_dagrun for example_external_task_marker_child to None, run_after=None
[2024-04-01T07:05:09.309+0000] {logging_mixin.py:188} INFO - [2024-04-01T07:05:09.309+0000] {dag.py:3834} INFO - Setting next_dagrun for example_external_task_marker_parent to None, run_after=None
[2024-04-01T07:05:09.318+0000] {processor.py:183} INFO - Processing /home/airflow/.local/lib/python3.8/site-packages/airflow/example_dags/example_external_task_marker_dag.py took 0.044 seconds
[2024-04-01T07:05:39.371+0000] {processor.py:161} INFO - Started process (PID=502) to work on /home/airflow/.local/lib/python3.8/site-packages/airflow/example_dags/example_external_task_marker_dag.py
[2024-04-01T07:05:39.372+0000] {processor.py:830} INFO - Processing file /home/airflow/.local/lib/python3.8/site-packages/airflow/example_dags/example_external_task_marker_dag.py for tasks to queue
[2024-04-01T07:05:39.374+0000] {logging_mixin.py:188} INFO - [2024-04-01T07:05:39.373+0000] {dagbag.py:540} INFO - Filling up the DagBag from /home/airflow/.local/lib/python3.8/site-packages/airflow/example_dags/example_external_task_marker_dag.py
[2024-04-01T07:05:39.378+0000] {processor.py:840} INFO - DAG(s) 'example_external_task_marker_child', 'example_external_task_marker_parent' retrieved from /home/airflow/.local/lib/python3.8/site-packages/airflow/example_dags/example_external_task_marker_dag.py
[2024-04-01T07:05:39.392+0000] {logging_mixin.py:188} INFO - [2024-04-01T07:05:39.392+0000] {dag.py:3047} INFO - Sync 2 DAGs
[2024-04-01T07:05:39.401+0000] {logging_mixin.py:188} INFO - [2024-04-01T07:05:39.401+0000] {dag.py:3834} INFO - Setting next_dagrun for example_external_task_marker_child to None, run_after=None
[2024-04-01T07:05:39.404+0000] {logging_mixin.py:188} INFO - [2024-04-01T07:05:39.404+0000] {dag.py:3834} INFO - Setting next_dagrun for example_external_task_marker_parent to None, run_after=None
[2024-04-01T07:05:39.413+0000] {processor.py:183} INFO - Processing /home/airflow/.local/lib/python3.8/site-packages/airflow/example_dags/example_external_task_marker_dag.py took 0.045 seconds
[2024-04-01T07:06:09.540+0000] {processor.py:161} INFO - Started process (PID=557) to work on /home/airflow/.local/lib/python3.8/site-packages/airflow/example_dags/example_external_task_marker_dag.py
[2024-04-01T07:06:09.541+0000] {processor.py:830} INFO - Processing file /home/airflow/.local/lib/python3.8/site-packages/airflow/example_dags/example_external_task_marker_dag.py for tasks to queue
[2024-04-01T07:06:09.542+0000] {logging_mixin.py:188} INFO - [2024-04-01T07:06:09.542+0000] {dagbag.py:540} INFO - Filling up the DagBag from /home/airflow/.local/lib/python3.8/site-packages/airflow/example_dags/example_external_task_marker_dag.py
[2024-04-01T07:06:09.546+0000] {processor.py:840} INFO - DAG(s) 'example_external_task_marker_child', 'example_external_task_marker_parent' retrieved from /home/airflow/.local/lib/python3.8/site-packages/airflow/example_dags/example_external_task_marker_dag.py
[2024-04-01T07:06:09.559+0000] {logging_mixin.py:188} INFO - [2024-04-01T07:06:09.559+0000] {dag.py:3047} INFO - Sync 2 DAGs
[2024-04-01T07:06:09.566+0000] {logging_mixin.py:188} INFO - [2024-04-01T07:06:09.566+0000] {dag.py:3834} INFO - Setting next_dagrun for example_external_task_marker_child to None, run_after=None
[2024-04-01T07:06:09.568+0000] {logging_mixin.py:188} INFO - [2024-04-01T07:06:09.568+0000] {dag.py:3834} INFO - Setting next_dagrun for example_external_task_marker_parent to None, run_after=None
[2024-04-01T07:06:09.577+0000] {processor.py:183} INFO - Processing /home/airflow/.local/lib/python3.8/site-packages/airflow/example_dags/example_external_task_marker_dag.py took 0.039 seconds
[2024-04-01T07:06:40.082+0000] {processor.py:161} INFO - Started process (PID=612) to work on /home/airflow/.local/lib/python3.8/site-packages/airflow/example_dags/example_external_task_marker_dag.py
[2024-04-01T07:06:40.083+0000] {processor.py:830} INFO - Processing file /home/airflow/.local/lib/python3.8/site-packages/airflow/example_dags/example_external_task_marker_dag.py for tasks to queue
[2024-04-01T07:06:40.084+0000] {logging_mixin.py:188} INFO - [2024-04-01T07:06:40.084+0000] {dagbag.py:540} INFO - Filling up the DagBag from /home/airflow/.local/lib/python3.8/site-packages/airflow/example_dags/example_external_task_marker_dag.py
[2024-04-01T07:06:40.089+0000] {processor.py:840} INFO - DAG(s) 'example_external_task_marker_parent', 'example_external_task_marker_child' retrieved from /home/airflow/.local/lib/python3.8/site-packages/airflow/example_dags/example_external_task_marker_dag.py
[2024-04-01T07:06:40.104+0000] {logging_mixin.py:188} INFO - [2024-04-01T07:06:40.104+0000] {dag.py:3047} INFO - Sync 2 DAGs
[2024-04-01T07:06:40.112+0000] {logging_mixin.py:188} INFO - [2024-04-01T07:06:40.111+0000] {dag.py:3834} INFO - Setting next_dagrun for example_external_task_marker_child to None, run_after=None
[2024-04-01T07:06:40.114+0000] {logging_mixin.py:188} INFO - [2024-04-01T07:06:40.114+0000] {dag.py:3834} INFO - Setting next_dagrun for example_external_task_marker_parent to None, run_after=None
[2024-04-01T07:06:40.125+0000] {processor.py:183} INFO - Processing /home/airflow/.local/lib/python3.8/site-packages/airflow/example_dags/example_external_task_marker_dag.py took 0.045 seconds
[2024-04-01T07:07:10.148+0000] {processor.py:161} INFO - Started process (PID=667) to work on /home/airflow/.local/lib/python3.8/site-packages/airflow/example_dags/example_external_task_marker_dag.py
[2024-04-01T07:07:10.149+0000] {processor.py:830} INFO - Processing file /home/airflow/.local/lib/python3.8/site-packages/airflow/example_dags/example_external_task_marker_dag.py for tasks to queue
[2024-04-01T07:07:10.150+0000] {logging_mixin.py:188} INFO - [2024-04-01T07:07:10.150+0000] {dagbag.py:540} INFO - Filling up the DagBag from /home/airflow/.local/lib/python3.8/site-packages/airflow/example_dags/example_external_task_marker_dag.py
[2024-04-01T07:07:10.155+0000] {processor.py:840} INFO - DAG(s) 'example_external_task_marker_parent', 'example_external_task_marker_child' retrieved from /home/airflow/.local/lib/python3.8/site-packages/airflow/example_dags/example_external_task_marker_dag.py
[2024-04-01T07:07:10.170+0000] {logging_mixin.py:188} INFO - [2024-04-01T07:07:10.169+0000] {dag.py:3047} INFO - Sync 2 DAGs
[2024-04-01T07:07:10.177+0000] {logging_mixin.py:188} INFO - [2024-04-01T07:07:10.177+0000] {dag.py:3834} INFO - Setting next_dagrun for example_external_task_marker_child to None, run_after=None
[2024-04-01T07:07:10.179+0000] {logging_mixin.py:188} INFO - [2024-04-01T07:07:10.179+0000] {dag.py:3834} INFO - Setting next_dagrun for example_external_task_marker_parent to None, run_after=None
[2024-04-01T07:07:10.187+0000] {processor.py:183} INFO - Processing /home/airflow/.local/lib/python3.8/site-packages/airflow/example_dags/example_external_task_marker_dag.py took 0.042 seconds
[2024-04-01T07:07:40.418+0000] {processor.py:161} INFO - Started process (PID=722) to work on /home/airflow/.local/lib/python3.8/site-packages/airflow/example_dags/example_external_task_marker_dag.py
[2024-04-01T07:07:40.419+0000] {processor.py:830} INFO - Processing file /home/airflow/.local/lib/python3.8/site-packages/airflow/example_dags/example_external_task_marker_dag.py for tasks to queue
[2024-04-01T07:07:40.421+0000] {logging_mixin.py:188} INFO - [2024-04-01T07:07:40.421+0000] {dagbag.py:540} INFO - Filling up the DagBag from /home/airflow/.local/lib/python3.8/site-packages/airflow/example_dags/example_external_task_marker_dag.py
[2024-04-01T07:07:40.427+0000] {processor.py:840} INFO - DAG(s) 'example_external_task_marker_parent', 'example_external_task_marker_child' retrieved from /home/airflow/.local/lib/python3.8/site-packages/airflow/example_dags/example_external_task_marker_dag.py
[2024-04-01T07:07:40.444+0000] {logging_mixin.py:188} INFO - [2024-04-01T07:07:40.443+0000] {dag.py:3047} INFO - Sync 2 DAGs
[2024-04-01T07:07:40.451+0000] {logging_mixin.py:188} INFO - [2024-04-01T07:07:40.451+0000] {dag.py:3834} INFO - Setting next_dagrun for example_external_task_marker_child to None, run_after=None
[2024-04-01T07:07:40.454+0000] {logging_mixin.py:188} INFO - [2024-04-01T07:07:40.454+0000] {dag.py:3834} INFO - Setting next_dagrun for example_external_task_marker_parent to None, run_after=None
[2024-04-01T07:07:40.466+0000] {processor.py:183} INFO - Processing /home/airflow/.local/lib/python3.8/site-packages/airflow/example_dags/example_external_task_marker_dag.py took 0.051 seconds
[2024-04-01T07:08:11.455+0000] {processor.py:161} INFO - Started process (PID=777) to work on /home/airflow/.local/lib/python3.8/site-packages/airflow/example_dags/example_external_task_marker_dag.py
[2024-04-01T07:08:11.457+0000] {processor.py:830} INFO - Processing file /home/airflow/.local/lib/python3.8/site-packages/airflow/example_dags/example_external_task_marker_dag.py for tasks to queue
[2024-04-01T07:08:11.459+0000] {logging_mixin.py:188} INFO - [2024-04-01T07:08:11.459+0000] {dagbag.py:540} INFO - Filling up the DagBag from /home/airflow/.local/lib/python3.8/site-packages/airflow/example_dags/example_external_task_marker_dag.py
[2024-04-01T07:08:11.465+0000] {processor.py:840} INFO - DAG(s) 'example_external_task_marker_child', 'example_external_task_marker_parent' retrieved from /home/airflow/.local/lib/python3.8/site-packages/airflow/example_dags/example_external_task_marker_dag.py
[2024-04-01T07:08:11.484+0000] {logging_mixin.py:188} INFO - [2024-04-01T07:08:11.484+0000] {dag.py:3047} INFO - Sync 2 DAGs
[2024-04-01T07:08:11.493+0000] {logging_mixin.py:188} INFO - [2024-04-01T07:08:11.493+0000] {dag.py:3834} INFO - Setting next_dagrun for example_external_task_marker_child to None, run_after=None
[2024-04-01T07:08:11.495+0000] {logging_mixin.py:188} INFO - [2024-04-01T07:08:11.495+0000] {dag.py:3834} INFO - Setting next_dagrun for example_external_task_marker_parent to None, run_after=None
[2024-04-01T07:08:11.505+0000] {processor.py:183} INFO - Processing /home/airflow/.local/lib/python3.8/site-packages/airflow/example_dags/example_external_task_marker_dag.py took 0.054 seconds
[2024-04-01T07:08:42.285+0000] {processor.py:161} INFO - Started process (PID=832) to work on /home/airflow/.local/lib/python3.8/site-packages/airflow/example_dags/example_external_task_marker_dag.py
[2024-04-01T07:08:42.287+0000] {processor.py:830} INFO - Processing file /home/airflow/.local/lib/python3.8/site-packages/airflow/example_dags/example_external_task_marker_dag.py for tasks to queue
[2024-04-01T07:08:42.289+0000] {logging_mixin.py:188} INFO - [2024-04-01T07:08:42.288+0000] {dagbag.py:540} INFO - Filling up the DagBag from /home/airflow/.local/lib/python3.8/site-packages/airflow/example_dags/example_external_task_marker_dag.py
[2024-04-01T07:08:42.295+0000] {processor.py:840} INFO - DAG(s) 'example_external_task_marker_parent', 'example_external_task_marker_child' retrieved from /home/airflow/.local/lib/python3.8/site-packages/airflow/example_dags/example_external_task_marker_dag.py
[2024-04-01T07:08:42.310+0000] {logging_mixin.py:188} INFO - [2024-04-01T07:08:42.310+0000] {dag.py:3047} INFO - Sync 2 DAGs
[2024-04-01T07:08:42.317+0000] {logging_mixin.py:188} INFO - [2024-04-01T07:08:42.317+0000] {dag.py:3834} INFO - Setting next_dagrun for example_external_task_marker_child to None, run_after=None
[2024-04-01T07:08:42.319+0000] {logging_mixin.py:188} INFO - [2024-04-01T07:08:42.319+0000] {dag.py:3834} INFO - Setting next_dagrun for example_external_task_marker_parent to None, run_after=None
[2024-04-01T07:08:42.327+0000] {processor.py:183} INFO - Processing /home/airflow/.local/lib/python3.8/site-packages/airflow/example_dags/example_external_task_marker_dag.py took 0.047 seconds
[2024-04-01T07:09:12.513+0000] {processor.py:161} INFO - Started process (PID=887) to work on /home/airflow/.local/lib/python3.8/site-packages/airflow/example_dags/example_external_task_marker_dag.py
[2024-04-01T07:09:12.515+0000] {processor.py:830} INFO - Processing file /home/airflow/.local/lib/python3.8/site-packages/airflow/example_dags/example_external_task_marker_dag.py for tasks to queue
[2024-04-01T07:09:12.517+0000] {logging_mixin.py:188} INFO - [2024-04-01T07:09:12.517+0000] {dagbag.py:540} INFO - Filling up the DagBag from /home/airflow/.local/lib/python3.8/site-packages/airflow/example_dags/example_external_task_marker_dag.py
[2024-04-01T07:09:12.525+0000] {processor.py:840} INFO - DAG(s) 'example_external_task_marker_parent', 'example_external_task_marker_child' retrieved from /home/airflow/.local/lib/python3.8/site-packages/airflow/example_dags/example_external_task_marker_dag.py
[2024-04-01T07:09:12.542+0000] {logging_mixin.py:188} INFO - [2024-04-01T07:09:12.542+0000] {dag.py:3047} INFO - Sync 2 DAGs
[2024-04-01T07:09:12.549+0000] {logging_mixin.py:188} INFO - [2024-04-01T07:09:12.549+0000] {dag.py:3834} INFO - Setting next_dagrun for example_external_task_marker_child to None, run_after=None
[2024-04-01T07:09:12.551+0000] {logging_mixin.py:188} INFO - [2024-04-01T07:09:12.551+0000] {dag.py:3834} INFO - Setting next_dagrun for example_external_task_marker_parent to None, run_after=None
[2024-04-01T07:09:12.561+0000] {processor.py:183} INFO - Processing /home/airflow/.local/lib/python3.8/site-packages/airflow/example_dags/example_external_task_marker_dag.py took 0.052 seconds
[2024-04-01T07:09:43.438+0000] {processor.py:161} INFO - Started process (PID=942) to work on /home/airflow/.local/lib/python3.8/site-packages/airflow/example_dags/example_external_task_marker_dag.py
[2024-04-01T07:09:43.441+0000] {processor.py:830} INFO - Processing file /home/airflow/.local/lib/python3.8/site-packages/airflow/example_dags/example_external_task_marker_dag.py for tasks to queue
[2024-04-01T07:09:43.444+0000] {logging_mixin.py:188} INFO - [2024-04-01T07:09:43.444+0000] {dagbag.py:540} INFO - Filling up the DagBag from /home/airflow/.local/lib/python3.8/site-packages/airflow/example_dags/example_external_task_marker_dag.py
[2024-04-01T07:09:43.451+0000] {processor.py:840} INFO - DAG(s) 'example_external_task_marker_child', 'example_external_task_marker_parent' retrieved from /home/airflow/.local/lib/python3.8/site-packages/airflow/example_dags/example_external_task_marker_dag.py
[2024-04-01T07:09:43.470+0000] {logging_mixin.py:188} INFO - [2024-04-01T07:09:43.470+0000] {dag.py:3047} INFO - Sync 2 DAGs
[2024-04-01T07:09:43.477+0000] {logging_mixin.py:188} INFO - [2024-04-01T07:09:43.477+0000] {dag.py:3834} INFO - Setting next_dagrun for example_external_task_marker_child to None, run_after=None
[2024-04-01T07:09:43.480+0000] {logging_mixin.py:188} INFO - [2024-04-01T07:09:43.479+0000] {dag.py:3834} INFO - Setting next_dagrun for example_external_task_marker_parent to None, run_after=None
[2024-04-01T07:09:43.488+0000] {processor.py:183} INFO - Processing /home/airflow/.local/lib/python3.8/site-packages/airflow/example_dags/example_external_task_marker_dag.py took 0.054 seconds
[2024-04-01T07:10:14.368+0000] {processor.py:161} INFO - Started process (PID=997) to work on /home/airflow/.local/lib/python3.8/site-packages/airflow/example_dags/example_external_task_marker_dag.py
[2024-04-01T07:10:14.369+0000] {processor.py:830} INFO - Processing file /home/airflow/.local/lib/python3.8/site-packages/airflow/example_dags/example_external_task_marker_dag.py for tasks to queue
[2024-04-01T07:10:14.372+0000] {logging_mixin.py:188} INFO - [2024-04-01T07:10:14.372+0000] {dagbag.py:540} INFO - Filling up the DagBag from /home/airflow/.local/lib/python3.8/site-packages/airflow/example_dags/example_external_task_marker_dag.py
[2024-04-01T07:10:14.378+0000] {processor.py:840} INFO - DAG(s) 'example_external_task_marker_parent', 'example_external_task_marker_child' retrieved from /home/airflow/.local/lib/python3.8/site-packages/airflow/example_dags/example_external_task_marker_dag.py
[2024-04-01T07:10:14.403+0000] {logging_mixin.py:188} INFO - [2024-04-01T07:10:14.403+0000] {dag.py:3047} INFO - Sync 2 DAGs
[2024-04-01T07:10:14.415+0000] {logging_mixin.py:188} INFO - [2024-04-01T07:10:14.415+0000] {dag.py:3834} INFO - Setting next_dagrun for example_external_task_marker_child to None, run_after=None
[2024-04-01T07:10:14.419+0000] {logging_mixin.py:188} INFO - [2024-04-01T07:10:14.418+0000] {dag.py:3834} INFO - Setting next_dagrun for example_external_task_marker_parent to None, run_after=None
[2024-04-01T07:10:14.433+0000] {processor.py:183} INFO - Processing /home/airflow/.local/lib/python3.8/site-packages/airflow/example_dags/example_external_task_marker_dag.py took 0.069 seconds
[2024-04-01T07:10:44.498+0000] {processor.py:161} INFO - Started process (PID=1052) to work on /home/airflow/.local/lib/python3.8/site-packages/airflow/example_dags/example_external_task_marker_dag.py
[2024-04-01T07:10:44.499+0000] {processor.py:830} INFO - Processing file /home/airflow/.local/lib/python3.8/site-packages/airflow/example_dags/example_external_task_marker_dag.py for tasks to queue
[2024-04-01T07:10:44.500+0000] {logging_mixin.py:188} INFO - [2024-04-01T07:10:44.500+0000] {dagbag.py:540} INFO - Filling up the DagBag from /home/airflow/.local/lib/python3.8/site-packages/airflow/example_dags/example_external_task_marker_dag.py
[2024-04-01T07:10:44.505+0000] {processor.py:840} INFO - DAG(s) 'example_external_task_marker_parent', 'example_external_task_marker_child' retrieved from /home/airflow/.local/lib/python3.8/site-packages/airflow/example_dags/example_external_task_marker_dag.py
[2024-04-01T07:10:44.523+0000] {logging_mixin.py:188} INFO - [2024-04-01T07:10:44.523+0000] {dag.py:3047} INFO - Sync 2 DAGs
[2024-04-01T07:10:44.532+0000] {logging_mixin.py:188} INFO - [2024-04-01T07:10:44.532+0000] {dag.py:3834} INFO - Setting next_dagrun for example_external_task_marker_child to None, run_after=None
[2024-04-01T07:10:44.534+0000] {logging_mixin.py:188} INFO - [2024-04-01T07:10:44.534+0000] {dag.py:3834} INFO - Setting next_dagrun for example_external_task_marker_parent to None, run_after=None
[2024-04-01T07:10:44.545+0000] {processor.py:183} INFO - Processing /home/airflow/.local/lib/python3.8/site-packages/airflow/example_dags/example_external_task_marker_dag.py took 0.050 seconds
[2024-04-01T07:11:14.564+0000] {processor.py:161} INFO - Started process (PID=1114) to work on /home/airflow/.local/lib/python3.8/site-packages/airflow/example_dags/example_external_task_marker_dag.py
[2024-04-01T07:11:14.564+0000] {processor.py:830} INFO - Processing file /home/airflow/.local/lib/python3.8/site-packages/airflow/example_dags/example_external_task_marker_dag.py for tasks to queue
[2024-04-01T07:11:14.565+0000] {logging_mixin.py:188} INFO - [2024-04-01T07:11:14.565+0000] {dagbag.py:540} INFO - Filling up the DagBag from /home/airflow/.local/lib/python3.8/site-packages/airflow/example_dags/example_external_task_marker_dag.py
[2024-04-01T07:11:14.569+0000] {processor.py:840} INFO - DAG(s) 'example_external_task_marker_child', 'example_external_task_marker_parent' retrieved from /home/airflow/.local/lib/python3.8/site-packages/airflow/example_dags/example_external_task_marker_dag.py
[2024-04-01T07:11:14.583+0000] {logging_mixin.py:188} INFO - [2024-04-01T07:11:14.582+0000] {dag.py:3047} INFO - Sync 2 DAGs
[2024-04-01T07:11:14.589+0000] {logging_mixin.py:188} INFO - [2024-04-01T07:11:14.589+0000] {dag.py:3834} INFO - Setting next_dagrun for example_external_task_marker_child to None, run_after=None
[2024-04-01T07:11:14.591+0000] {logging_mixin.py:188} INFO - [2024-04-01T07:11:14.591+0000] {dag.py:3834} INFO - Setting next_dagrun for example_external_task_marker_parent to None, run_after=None
[2024-04-01T07:11:14.600+0000] {processor.py:183} INFO - Processing /home/airflow/.local/lib/python3.8/site-packages/airflow/example_dags/example_external_task_marker_dag.py took 0.038 seconds
[2024-04-01T07:11:44.665+0000] {processor.py:161} INFO - Started process (PID=1169) to work on /home/airflow/.local/lib/python3.8/site-packages/airflow/example_dags/example_external_task_marker_dag.py
[2024-04-01T07:11:44.665+0000] {processor.py:830} INFO - Processing file /home/airflow/.local/lib/python3.8/site-packages/airflow/example_dags/example_external_task_marker_dag.py for tasks to queue
[2024-04-01T07:11:44.666+0000] {logging_mixin.py:188} INFO - [2024-04-01T07:11:44.666+0000] {dagbag.py:540} INFO - Filling up the DagBag from /home/airflow/.local/lib/python3.8/site-packages/airflow/example_dags/example_external_task_marker_dag.py
[2024-04-01T07:11:44.670+0000] {processor.py:840} INFO - DAG(s) 'example_external_task_marker_child', 'example_external_task_marker_parent' retrieved from /home/airflow/.local/lib/python3.8/site-packages/airflow/example_dags/example_external_task_marker_dag.py
[2024-04-01T07:11:44.682+0000] {logging_mixin.py:188} INFO - [2024-04-01T07:11:44.682+0000] {dag.py:3047} INFO - Sync 2 DAGs
[2024-04-01T07:11:44.689+0000] {logging_mixin.py:188} INFO - [2024-04-01T07:11:44.689+0000] {dag.py:3834} INFO - Setting next_dagrun for example_external_task_marker_child to None, run_after=None
[2024-04-01T07:11:44.690+0000] {logging_mixin.py:188} INFO - [2024-04-01T07:11:44.690+0000] {dag.py:3834} INFO - Setting next_dagrun for example_external_task_marker_parent to None, run_after=None
[2024-04-01T07:11:44.699+0000] {processor.py:183} INFO - Processing /home/airflow/.local/lib/python3.8/site-packages/airflow/example_dags/example_external_task_marker_dag.py took 0.036 seconds
[2024-04-01T07:12:14.924+0000] {processor.py:161} INFO - Started process (PID=1224) to work on /home/airflow/.local/lib/python3.8/site-packages/airflow/example_dags/example_external_task_marker_dag.py
[2024-04-01T07:12:14.926+0000] {processor.py:830} INFO - Processing file /home/airflow/.local/lib/python3.8/site-packages/airflow/example_dags/example_external_task_marker_dag.py for tasks to queue
[2024-04-01T07:12:14.928+0000] {logging_mixin.py:188} INFO - [2024-04-01T07:12:14.928+0000] {dagbag.py:540} INFO - Filling up the DagBag from /home/airflow/.local/lib/python3.8/site-packages/airflow/example_dags/example_external_task_marker_dag.py
[2024-04-01T07:12:14.936+0000] {processor.py:840} INFO - DAG(s) 'example_external_task_marker_child', 'example_external_task_marker_parent' retrieved from /home/airflow/.local/lib/python3.8/site-packages/airflow/example_dags/example_external_task_marker_dag.py
[2024-04-01T07:12:14.965+0000] {logging_mixin.py:188} INFO - [2024-04-01T07:12:14.965+0000] {dag.py:3047} INFO - Sync 2 DAGs
[2024-04-01T07:12:14.974+0000] {logging_mixin.py:188} INFO - [2024-04-01T07:12:14.974+0000] {dag.py:3834} INFO - Setting next_dagrun for example_external_task_marker_child to None, run_after=None
[2024-04-01T07:12:14.976+0000] {logging_mixin.py:188} INFO - [2024-04-01T07:12:14.976+0000] {dag.py:3834} INFO - Setting next_dagrun for example_external_task_marker_parent to None, run_after=None
[2024-04-01T07:12:14.985+0000] {processor.py:183} INFO - Processing /home/airflow/.local/lib/python3.8/site-packages/airflow/example_dags/example_external_task_marker_dag.py took 0.064 seconds
