[2024-04-01T06:47:25.864+0000] {processor.py:161} INFO - Started process (PID=40) to work on /home/airflow/.local/lib/python3.8/site-packages/airflow/example_dags/example_latest_only.py
[2024-04-01T06:47:25.866+0000] {processor.py:830} INFO - Processing file /home/airflow/.local/lib/python3.8/site-packages/airflow/example_dags/example_latest_only.py for tasks to queue
[2024-04-01T06:47:25.867+0000] {logging_mixin.py:188} INFO - [2024-04-01T06:47:25.867+0000] {dagbag.py:540} INFO - Filling up the DagBag from /home/airflow/.local/lib/python3.8/site-packages/airflow/example_dags/example_latest_only.py
[2024-04-01T06:47:25.876+0000] {processor.py:840} INFO - DAG(s) 'latest_only' retrieved from /home/airflow/.local/lib/python3.8/site-packages/airflow/example_dags/example_latest_only.py
[2024-04-01T06:47:25.894+0000] {logging_mixin.py:188} INFO - [2024-04-01T06:47:25.894+0000] {dag.py:3047} INFO - Sync 1 DAGs
[2024-04-01T06:47:25.911+0000] {logging_mixin.py:188} INFO - [2024-04-01T06:47:25.911+0000] {dag.py:3834} INFO - Setting next_dagrun for latest_only to 2024-04-01 00:00:00+00:00, run_after=2024-04-01 04:00:00+00:00
[2024-04-01T06:47:25.922+0000] {processor.py:183} INFO - Processing /home/airflow/.local/lib/python3.8/site-packages/airflow/example_dags/example_latest_only.py took 0.061 seconds
[2024-04-01T06:47:56.508+0000] {processor.py:161} INFO - Started process (PID=95) to work on /home/airflow/.local/lib/python3.8/site-packages/airflow/example_dags/example_latest_only.py
[2024-04-01T06:47:56.510+0000] {processor.py:830} INFO - Processing file /home/airflow/.local/lib/python3.8/site-packages/airflow/example_dags/example_latest_only.py for tasks to queue
[2024-04-01T06:47:56.512+0000] {logging_mixin.py:188} INFO - [2024-04-01T06:47:56.512+0000] {dagbag.py:540} INFO - Filling up the DagBag from /home/airflow/.local/lib/python3.8/site-packages/airflow/example_dags/example_latest_only.py
[2024-04-01T06:47:56.519+0000] {processor.py:840} INFO - DAG(s) 'latest_only' retrieved from /home/airflow/.local/lib/python3.8/site-packages/airflow/example_dags/example_latest_only.py
[2024-04-01T06:47:56.625+0000] {logging_mixin.py:188} INFO - [2024-04-01T06:47:56.625+0000] {dag.py:3047} INFO - Sync 1 DAGs
[2024-04-01T06:47:56.637+0000] {logging_mixin.py:188} INFO - [2024-04-01T06:47:56.637+0000] {dag.py:3834} INFO - Setting next_dagrun for latest_only to 2024-04-01 00:00:00+00:00, run_after=2024-04-01 04:00:00+00:00
[2024-04-01T06:47:56.647+0000] {processor.py:183} INFO - Processing /home/airflow/.local/lib/python3.8/site-packages/airflow/example_dags/example_latest_only.py took 0.142 seconds
[2024-04-01T06:48:27.320+0000] {processor.py:161} INFO - Started process (PID=150) to work on /home/airflow/.local/lib/python3.8/site-packages/airflow/example_dags/example_latest_only.py
[2024-04-01T06:48:27.322+0000] {processor.py:830} INFO - Processing file /home/airflow/.local/lib/python3.8/site-packages/airflow/example_dags/example_latest_only.py for tasks to queue
[2024-04-01T06:48:27.324+0000] {logging_mixin.py:188} INFO - [2024-04-01T06:48:27.323+0000] {dagbag.py:540} INFO - Filling up the DagBag from /home/airflow/.local/lib/python3.8/site-packages/airflow/example_dags/example_latest_only.py
[2024-04-01T06:48:27.328+0000] {processor.py:840} INFO - DAG(s) 'latest_only' retrieved from /home/airflow/.local/lib/python3.8/site-packages/airflow/example_dags/example_latest_only.py
[2024-04-01T06:48:27.342+0000] {logging_mixin.py:188} INFO - [2024-04-01T06:48:27.342+0000] {dag.py:3047} INFO - Sync 1 DAGs
[2024-04-01T06:48:27.355+0000] {logging_mixin.py:188} INFO - [2024-04-01T06:48:27.354+0000] {dag.py:3834} INFO - Setting next_dagrun for latest_only to 2024-04-01 00:00:00+00:00, run_after=2024-04-01 04:00:00+00:00
[2024-04-01T06:48:27.365+0000] {processor.py:183} INFO - Processing /home/airflow/.local/lib/python3.8/site-packages/airflow/example_dags/example_latest_only.py took 0.049 seconds
[2024-04-01T06:48:58.250+0000] {processor.py:161} INFO - Started process (PID=205) to work on /home/airflow/.local/lib/python3.8/site-packages/airflow/example_dags/example_latest_only.py
[2024-04-01T06:48:58.251+0000] {processor.py:830} INFO - Processing file /home/airflow/.local/lib/python3.8/site-packages/airflow/example_dags/example_latest_only.py for tasks to queue
[2024-04-01T06:48:58.253+0000] {logging_mixin.py:188} INFO - [2024-04-01T06:48:58.253+0000] {dagbag.py:540} INFO - Filling up the DagBag from /home/airflow/.local/lib/python3.8/site-packages/airflow/example_dags/example_latest_only.py
[2024-04-01T06:48:58.258+0000] {processor.py:840} INFO - DAG(s) 'latest_only' retrieved from /home/airflow/.local/lib/python3.8/site-packages/airflow/example_dags/example_latest_only.py
[2024-04-01T06:48:58.273+0000] {logging_mixin.py:188} INFO - [2024-04-01T06:48:58.272+0000] {dag.py:3047} INFO - Sync 1 DAGs
[2024-04-01T06:48:58.285+0000] {logging_mixin.py:188} INFO - [2024-04-01T06:48:58.284+0000] {dag.py:3834} INFO - Setting next_dagrun for latest_only to 2024-04-01 00:00:00+00:00, run_after=2024-04-01 04:00:00+00:00
[2024-04-01T06:48:58.294+0000] {processor.py:183} INFO - Processing /home/airflow/.local/lib/python3.8/site-packages/airflow/example_dags/example_latest_only.py took 0.049 seconds
[2024-04-01T06:49:28.873+0000] {processor.py:161} INFO - Started process (PID=260) to work on /home/airflow/.local/lib/python3.8/site-packages/airflow/example_dags/example_latest_only.py
[2024-04-01T06:49:28.875+0000] {processor.py:830} INFO - Processing file /home/airflow/.local/lib/python3.8/site-packages/airflow/example_dags/example_latest_only.py for tasks to queue
[2024-04-01T06:49:28.877+0000] {logging_mixin.py:188} INFO - [2024-04-01T06:49:28.876+0000] {dagbag.py:540} INFO - Filling up the DagBag from /home/airflow/.local/lib/python3.8/site-packages/airflow/example_dags/example_latest_only.py
[2024-04-01T06:49:28.882+0000] {processor.py:840} INFO - DAG(s) 'latest_only' retrieved from /home/airflow/.local/lib/python3.8/site-packages/airflow/example_dags/example_latest_only.py
[2024-04-01T06:49:28.902+0000] {logging_mixin.py:188} INFO - [2024-04-01T06:49:28.902+0000] {dag.py:3047} INFO - Sync 1 DAGs
[2024-04-01T06:49:28.914+0000] {logging_mixin.py:188} INFO - [2024-04-01T06:49:28.914+0000] {dag.py:3834} INFO - Setting next_dagrun for latest_only to 2024-04-01 00:00:00+00:00, run_after=2024-04-01 04:00:00+00:00
[2024-04-01T06:49:28.924+0000] {processor.py:183} INFO - Processing /home/airflow/.local/lib/python3.8/site-packages/airflow/example_dags/example_latest_only.py took 0.055 seconds
[2024-04-01T06:49:59.641+0000] {processor.py:161} INFO - Started process (PID=315) to work on /home/airflow/.local/lib/python3.8/site-packages/airflow/example_dags/example_latest_only.py
[2024-04-01T06:49:59.642+0000] {processor.py:830} INFO - Processing file /home/airflow/.local/lib/python3.8/site-packages/airflow/example_dags/example_latest_only.py for tasks to queue
[2024-04-01T06:49:59.644+0000] {logging_mixin.py:188} INFO - [2024-04-01T06:49:59.644+0000] {dagbag.py:540} INFO - Filling up the DagBag from /home/airflow/.local/lib/python3.8/site-packages/airflow/example_dags/example_latest_only.py
[2024-04-01T06:49:59.650+0000] {processor.py:840} INFO - DAG(s) 'latest_only' retrieved from /home/airflow/.local/lib/python3.8/site-packages/airflow/example_dags/example_latest_only.py
[2024-04-01T06:49:59.667+0000] {logging_mixin.py:188} INFO - [2024-04-01T06:49:59.667+0000] {dag.py:3047} INFO - Sync 1 DAGs
[2024-04-01T06:49:59.681+0000] {logging_mixin.py:188} INFO - [2024-04-01T06:49:59.681+0000] {dag.py:3834} INFO - Setting next_dagrun for latest_only to 2024-04-01 00:00:00+00:00, run_after=2024-04-01 04:00:00+00:00
[2024-04-01T06:49:59.691+0000] {processor.py:183} INFO - Processing /home/airflow/.local/lib/python3.8/site-packages/airflow/example_dags/example_latest_only.py took 0.056 seconds
[2024-04-01T06:50:29.725+0000] {processor.py:161} INFO - Started process (PID=370) to work on /home/airflow/.local/lib/python3.8/site-packages/airflow/example_dags/example_latest_only.py
[2024-04-01T06:50:29.727+0000] {processor.py:830} INFO - Processing file /home/airflow/.local/lib/python3.8/site-packages/airflow/example_dags/example_latest_only.py for tasks to queue
[2024-04-01T06:50:29.730+0000] {logging_mixin.py:188} INFO - [2024-04-01T06:50:29.730+0000] {dagbag.py:540} INFO - Filling up the DagBag from /home/airflow/.local/lib/python3.8/site-packages/airflow/example_dags/example_latest_only.py
[2024-04-01T06:50:29.734+0000] {processor.py:840} INFO - DAG(s) 'latest_only' retrieved from /home/airflow/.local/lib/python3.8/site-packages/airflow/example_dags/example_latest_only.py
[2024-04-01T06:50:29.746+0000] {logging_mixin.py:188} INFO - [2024-04-01T06:50:29.746+0000] {dag.py:3047} INFO - Sync 1 DAGs
[2024-04-01T06:50:29.758+0000] {logging_mixin.py:188} INFO - [2024-04-01T06:50:29.757+0000] {dag.py:3834} INFO - Setting next_dagrun for latest_only to 2024-04-01 00:00:00+00:00, run_after=2024-04-01 04:00:00+00:00
[2024-04-01T06:50:29.766+0000] {processor.py:183} INFO - Processing /home/airflow/.local/lib/python3.8/site-packages/airflow/example_dags/example_latest_only.py took 0.044 seconds
[2024-04-01T06:51:00.537+0000] {processor.py:161} INFO - Started process (PID=425) to work on /home/airflow/.local/lib/python3.8/site-packages/airflow/example_dags/example_latest_only.py
[2024-04-01T06:51:00.540+0000] {processor.py:830} INFO - Processing file /home/airflow/.local/lib/python3.8/site-packages/airflow/example_dags/example_latest_only.py for tasks to queue
[2024-04-01T06:51:00.543+0000] {logging_mixin.py:188} INFO - [2024-04-01T06:51:00.542+0000] {dagbag.py:540} INFO - Filling up the DagBag from /home/airflow/.local/lib/python3.8/site-packages/airflow/example_dags/example_latest_only.py
[2024-04-01T06:51:00.549+0000] {processor.py:840} INFO - DAG(s) 'latest_only' retrieved from /home/airflow/.local/lib/python3.8/site-packages/airflow/example_dags/example_latest_only.py
[2024-04-01T06:51:00.562+0000] {logging_mixin.py:188} INFO - [2024-04-01T06:51:00.562+0000] {dag.py:3047} INFO - Sync 1 DAGs
[2024-04-01T06:51:00.574+0000] {logging_mixin.py:188} INFO - [2024-04-01T06:51:00.574+0000] {dag.py:3834} INFO - Setting next_dagrun for latest_only to 2024-04-01 00:00:00+00:00, run_after=2024-04-01 04:00:00+00:00
[2024-04-01T06:51:00.583+0000] {processor.py:183} INFO - Processing /home/airflow/.local/lib/python3.8/site-packages/airflow/example_dags/example_latest_only.py took 0.049 seconds
[2024-04-01T06:51:31.225+0000] {processor.py:161} INFO - Started process (PID=480) to work on /home/airflow/.local/lib/python3.8/site-packages/airflow/example_dags/example_latest_only.py
[2024-04-01T06:51:31.226+0000] {processor.py:830} INFO - Processing file /home/airflow/.local/lib/python3.8/site-packages/airflow/example_dags/example_latest_only.py for tasks to queue
[2024-04-01T06:51:31.228+0000] {logging_mixin.py:188} INFO - [2024-04-01T06:51:31.228+0000] {dagbag.py:540} INFO - Filling up the DagBag from /home/airflow/.local/lib/python3.8/site-packages/airflow/example_dags/example_latest_only.py
[2024-04-01T06:51:31.232+0000] {processor.py:840} INFO - DAG(s) 'latest_only' retrieved from /home/airflow/.local/lib/python3.8/site-packages/airflow/example_dags/example_latest_only.py
[2024-04-01T06:51:31.243+0000] {logging_mixin.py:188} INFO - [2024-04-01T06:51:31.243+0000] {dag.py:3047} INFO - Sync 1 DAGs
[2024-04-01T06:51:31.255+0000] {logging_mixin.py:188} INFO - [2024-04-01T06:51:31.255+0000] {dag.py:3834} INFO - Setting next_dagrun for latest_only to 2024-04-01 00:00:00+00:00, run_after=2024-04-01 04:00:00+00:00
[2024-04-01T06:51:31.264+0000] {processor.py:183} INFO - Processing /home/airflow/.local/lib/python3.8/site-packages/airflow/example_dags/example_latest_only.py took 0.042 seconds
[2024-04-01T06:52:01.993+0000] {processor.py:161} INFO - Started process (PID=535) to work on /home/airflow/.local/lib/python3.8/site-packages/airflow/example_dags/example_latest_only.py
[2024-04-01T06:52:01.995+0000] {processor.py:830} INFO - Processing file /home/airflow/.local/lib/python3.8/site-packages/airflow/example_dags/example_latest_only.py for tasks to queue
[2024-04-01T06:52:01.997+0000] {logging_mixin.py:188} INFO - [2024-04-01T06:52:01.997+0000] {dagbag.py:540} INFO - Filling up the DagBag from /home/airflow/.local/lib/python3.8/site-packages/airflow/example_dags/example_latest_only.py
[2024-04-01T06:52:02.003+0000] {processor.py:840} INFO - DAG(s) 'latest_only' retrieved from /home/airflow/.local/lib/python3.8/site-packages/airflow/example_dags/example_latest_only.py
[2024-04-01T06:52:02.018+0000] {logging_mixin.py:188} INFO - [2024-04-01T06:52:02.018+0000] {dag.py:3047} INFO - Sync 1 DAGs
[2024-04-01T06:52:02.031+0000] {logging_mixin.py:188} INFO - [2024-04-01T06:52:02.031+0000] {dag.py:3834} INFO - Setting next_dagrun for latest_only to 2024-04-01 00:00:00+00:00, run_after=2024-04-01 04:00:00+00:00
[2024-04-01T06:52:02.043+0000] {processor.py:183} INFO - Processing /home/airflow/.local/lib/python3.8/site-packages/airflow/example_dags/example_latest_only.py took 0.053 seconds
[2024-04-01T06:52:32.813+0000] {processor.py:161} INFO - Started process (PID=590) to work on /home/airflow/.local/lib/python3.8/site-packages/airflow/example_dags/example_latest_only.py
[2024-04-01T06:52:32.814+0000] {processor.py:830} INFO - Processing file /home/airflow/.local/lib/python3.8/site-packages/airflow/example_dags/example_latest_only.py for tasks to queue
[2024-04-01T06:52:32.816+0000] {logging_mixin.py:188} INFO - [2024-04-01T06:52:32.816+0000] {dagbag.py:540} INFO - Filling up the DagBag from /home/airflow/.local/lib/python3.8/site-packages/airflow/example_dags/example_latest_only.py
[2024-04-01T06:52:32.821+0000] {processor.py:840} INFO - DAG(s) 'latest_only' retrieved from /home/airflow/.local/lib/python3.8/site-packages/airflow/example_dags/example_latest_only.py
[2024-04-01T06:52:32.835+0000] {logging_mixin.py:188} INFO - [2024-04-01T06:52:32.834+0000] {dag.py:3047} INFO - Sync 1 DAGs
[2024-04-01T06:52:32.849+0000] {logging_mixin.py:188} INFO - [2024-04-01T06:52:32.849+0000] {dag.py:3834} INFO - Setting next_dagrun for latest_only to 2024-04-01 00:00:00+00:00, run_after=2024-04-01 04:00:00+00:00
[2024-04-01T06:52:32.860+0000] {processor.py:183} INFO - Processing /home/airflow/.local/lib/python3.8/site-packages/airflow/example_dags/example_latest_only.py took 0.051 seconds
[2024-04-01T06:53:02.923+0000] {processor.py:161} INFO - Started process (PID=645) to work on /home/airflow/.local/lib/python3.8/site-packages/airflow/example_dags/example_latest_only.py
[2024-04-01T06:53:02.924+0000] {processor.py:830} INFO - Processing file /home/airflow/.local/lib/python3.8/site-packages/airflow/example_dags/example_latest_only.py for tasks to queue
[2024-04-01T06:53:02.926+0000] {logging_mixin.py:188} INFO - [2024-04-01T06:53:02.925+0000] {dagbag.py:540} INFO - Filling up the DagBag from /home/airflow/.local/lib/python3.8/site-packages/airflow/example_dags/example_latest_only.py
[2024-04-01T06:53:02.929+0000] {processor.py:840} INFO - DAG(s) 'latest_only' retrieved from /home/airflow/.local/lib/python3.8/site-packages/airflow/example_dags/example_latest_only.py
[2024-04-01T06:53:02.948+0000] {logging_mixin.py:188} INFO - [2024-04-01T06:53:02.948+0000] {dag.py:3047} INFO - Sync 1 DAGs
[2024-04-01T06:53:02.965+0000] {logging_mixin.py:188} INFO - [2024-04-01T06:53:02.965+0000] {dag.py:3834} INFO - Setting next_dagrun for latest_only to 2024-04-01 00:00:00+00:00, run_after=2024-04-01 04:00:00+00:00
[2024-04-01T06:53:02.978+0000] {processor.py:183} INFO - Processing /home/airflow/.local/lib/python3.8/site-packages/airflow/example_dags/example_latest_only.py took 0.057 seconds
[2024-04-01T06:53:33.118+0000] {processor.py:161} INFO - Started process (PID=700) to work on /home/airflow/.local/lib/python3.8/site-packages/airflow/example_dags/example_latest_only.py
[2024-04-01T06:53:33.119+0000] {processor.py:830} INFO - Processing file /home/airflow/.local/lib/python3.8/site-packages/airflow/example_dags/example_latest_only.py for tasks to queue
[2024-04-01T06:53:33.121+0000] {logging_mixin.py:188} INFO - [2024-04-01T06:53:33.120+0000] {dagbag.py:540} INFO - Filling up the DagBag from /home/airflow/.local/lib/python3.8/site-packages/airflow/example_dags/example_latest_only.py
[2024-04-01T06:53:33.126+0000] {processor.py:840} INFO - DAG(s) 'latest_only' retrieved from /home/airflow/.local/lib/python3.8/site-packages/airflow/example_dags/example_latest_only.py
[2024-04-01T06:53:33.145+0000] {logging_mixin.py:188} INFO - [2024-04-01T06:53:33.144+0000] {dag.py:3047} INFO - Sync 1 DAGs
[2024-04-01T06:53:33.162+0000] {logging_mixin.py:188} INFO - [2024-04-01T06:53:33.162+0000] {dag.py:3834} INFO - Setting next_dagrun for latest_only to 2024-04-01 00:00:00+00:00, run_after=2024-04-01 04:00:00+00:00
[2024-04-01T06:53:33.174+0000] {processor.py:183} INFO - Processing /home/airflow/.local/lib/python3.8/site-packages/airflow/example_dags/example_latest_only.py took 0.058 seconds
[2024-04-01T06:54:03.226+0000] {processor.py:161} INFO - Started process (PID=755) to work on /home/airflow/.local/lib/python3.8/site-packages/airflow/example_dags/example_latest_only.py
[2024-04-01T06:54:03.227+0000] {processor.py:830} INFO - Processing file /home/airflow/.local/lib/python3.8/site-packages/airflow/example_dags/example_latest_only.py for tasks to queue
[2024-04-01T06:54:03.229+0000] {logging_mixin.py:188} INFO - [2024-04-01T06:54:03.229+0000] {dagbag.py:540} INFO - Filling up the DagBag from /home/airflow/.local/lib/python3.8/site-packages/airflow/example_dags/example_latest_only.py
[2024-04-01T06:54:03.234+0000] {processor.py:840} INFO - DAG(s) 'latest_only' retrieved from /home/airflow/.local/lib/python3.8/site-packages/airflow/example_dags/example_latest_only.py
[2024-04-01T06:54:03.247+0000] {logging_mixin.py:188} INFO - [2024-04-01T06:54:03.247+0000] {dag.py:3047} INFO - Sync 1 DAGs
[2024-04-01T06:54:03.259+0000] {logging_mixin.py:188} INFO - [2024-04-01T06:54:03.259+0000] {dag.py:3834} INFO - Setting next_dagrun for latest_only to 2024-04-01 00:00:00+00:00, run_after=2024-04-01 04:00:00+00:00
[2024-04-01T06:54:03.269+0000] {processor.py:183} INFO - Processing /home/airflow/.local/lib/python3.8/site-packages/airflow/example_dags/example_latest_only.py took 0.048 seconds
[2024-04-01T06:54:33.881+0000] {processor.py:161} INFO - Started process (PID=810) to work on /home/airflow/.local/lib/python3.8/site-packages/airflow/example_dags/example_latest_only.py
[2024-04-01T06:54:33.883+0000] {processor.py:830} INFO - Processing file /home/airflow/.local/lib/python3.8/site-packages/airflow/example_dags/example_latest_only.py for tasks to queue
[2024-04-01T06:54:33.885+0000] {logging_mixin.py:188} INFO - [2024-04-01T06:54:33.884+0000] {dagbag.py:540} INFO - Filling up the DagBag from /home/airflow/.local/lib/python3.8/site-packages/airflow/example_dags/example_latest_only.py
[2024-04-01T06:54:33.889+0000] {processor.py:840} INFO - DAG(s) 'latest_only' retrieved from /home/airflow/.local/lib/python3.8/site-packages/airflow/example_dags/example_latest_only.py
[2024-04-01T06:54:33.903+0000] {logging_mixin.py:188} INFO - [2024-04-01T06:54:33.903+0000] {dag.py:3047} INFO - Sync 1 DAGs
[2024-04-01T06:54:33.915+0000] {logging_mixin.py:188} INFO - [2024-04-01T06:54:33.915+0000] {dag.py:3834} INFO - Setting next_dagrun for latest_only to 2024-04-01 00:00:00+00:00, run_after=2024-04-01 04:00:00+00:00
[2024-04-01T06:54:33.924+0000] {processor.py:183} INFO - Processing /home/airflow/.local/lib/python3.8/site-packages/airflow/example_dags/example_latest_only.py took 0.047 seconds
[2024-04-01T06:55:04.548+0000] {processor.py:161} INFO - Started process (PID=865) to work on /home/airflow/.local/lib/python3.8/site-packages/airflow/example_dags/example_latest_only.py
[2024-04-01T06:55:04.549+0000] {processor.py:830} INFO - Processing file /home/airflow/.local/lib/python3.8/site-packages/airflow/example_dags/example_latest_only.py for tasks to queue
[2024-04-01T06:55:04.551+0000] {logging_mixin.py:188} INFO - [2024-04-01T06:55:04.550+0000] {dagbag.py:540} INFO - Filling up the DagBag from /home/airflow/.local/lib/python3.8/site-packages/airflow/example_dags/example_latest_only.py
[2024-04-01T06:55:04.554+0000] {processor.py:840} INFO - DAG(s) 'latest_only' retrieved from /home/airflow/.local/lib/python3.8/site-packages/airflow/example_dags/example_latest_only.py
[2024-04-01T06:55:04.567+0000] {logging_mixin.py:188} INFO - [2024-04-01T06:55:04.567+0000] {dag.py:3047} INFO - Sync 1 DAGs
[2024-04-01T06:55:04.580+0000] {logging_mixin.py:188} INFO - [2024-04-01T06:55:04.580+0000] {dag.py:3834} INFO - Setting next_dagrun for latest_only to 2024-04-01 00:00:00+00:00, run_after=2024-04-01 04:00:00+00:00
[2024-04-01T06:55:04.591+0000] {processor.py:183} INFO - Processing /home/airflow/.local/lib/python3.8/site-packages/airflow/example_dags/example_latest_only.py took 0.047 seconds
[2024-04-01T06:55:35.330+0000] {processor.py:161} INFO - Started process (PID=920) to work on /home/airflow/.local/lib/python3.8/site-packages/airflow/example_dags/example_latest_only.py
[2024-04-01T06:55:35.331+0000] {processor.py:830} INFO - Processing file /home/airflow/.local/lib/python3.8/site-packages/airflow/example_dags/example_latest_only.py for tasks to queue
[2024-04-01T06:55:35.333+0000] {logging_mixin.py:188} INFO - [2024-04-01T06:55:35.333+0000] {dagbag.py:540} INFO - Filling up the DagBag from /home/airflow/.local/lib/python3.8/site-packages/airflow/example_dags/example_latest_only.py
[2024-04-01T06:55:35.338+0000] {processor.py:840} INFO - DAG(s) 'latest_only' retrieved from /home/airflow/.local/lib/python3.8/site-packages/airflow/example_dags/example_latest_only.py
[2024-04-01T06:55:35.353+0000] {logging_mixin.py:188} INFO - [2024-04-01T06:55:35.353+0000] {dag.py:3047} INFO - Sync 1 DAGs
[2024-04-01T06:55:35.364+0000] {logging_mixin.py:188} INFO - [2024-04-01T06:55:35.364+0000] {dag.py:3834} INFO - Setting next_dagrun for latest_only to 2024-04-01 00:00:00+00:00, run_after=2024-04-01 04:00:00+00:00
[2024-04-01T06:55:35.373+0000] {processor.py:183} INFO - Processing /home/airflow/.local/lib/python3.8/site-packages/airflow/example_dags/example_latest_only.py took 0.048 seconds
[2024-04-01T06:56:06.003+0000] {processor.py:161} INFO - Started process (PID=975) to work on /home/airflow/.local/lib/python3.8/site-packages/airflow/example_dags/example_latest_only.py
[2024-04-01T06:56:06.004+0000] {processor.py:830} INFO - Processing file /home/airflow/.local/lib/python3.8/site-packages/airflow/example_dags/example_latest_only.py for tasks to queue
[2024-04-01T06:56:06.006+0000] {logging_mixin.py:188} INFO - [2024-04-01T06:56:06.006+0000] {dagbag.py:540} INFO - Filling up the DagBag from /home/airflow/.local/lib/python3.8/site-packages/airflow/example_dags/example_latest_only.py
[2024-04-01T06:56:06.011+0000] {processor.py:840} INFO - DAG(s) 'latest_only' retrieved from /home/airflow/.local/lib/python3.8/site-packages/airflow/example_dags/example_latest_only.py
[2024-04-01T06:56:06.026+0000] {logging_mixin.py:188} INFO - [2024-04-01T06:56:06.026+0000] {dag.py:3047} INFO - Sync 1 DAGs
[2024-04-01T06:56:06.040+0000] {logging_mixin.py:188} INFO - [2024-04-01T06:56:06.040+0000] {dag.py:3834} INFO - Setting next_dagrun for latest_only to 2024-04-01 00:00:00+00:00, run_after=2024-04-01 04:00:00+00:00
[2024-04-01T06:56:06.051+0000] {processor.py:183} INFO - Processing /home/airflow/.local/lib/python3.8/site-packages/airflow/example_dags/example_latest_only.py took 0.051 seconds
[2024-04-01T06:56:36.734+0000] {processor.py:161} INFO - Started process (PID=1029) to work on /home/airflow/.local/lib/python3.8/site-packages/airflow/example_dags/example_latest_only.py
[2024-04-01T06:56:36.735+0000] {processor.py:830} INFO - Processing file /home/airflow/.local/lib/python3.8/site-packages/airflow/example_dags/example_latest_only.py for tasks to queue
[2024-04-01T06:56:36.736+0000] {logging_mixin.py:188} INFO - [2024-04-01T06:56:36.736+0000] {dagbag.py:540} INFO - Filling up the DagBag from /home/airflow/.local/lib/python3.8/site-packages/airflow/example_dags/example_latest_only.py
[2024-04-01T06:56:36.742+0000] {processor.py:840} INFO - DAG(s) 'latest_only' retrieved from /home/airflow/.local/lib/python3.8/site-packages/airflow/example_dags/example_latest_only.py
[2024-04-01T06:56:36.764+0000] {logging_mixin.py:188} INFO - [2024-04-01T06:56:36.763+0000] {dag.py:3047} INFO - Sync 1 DAGs
[2024-04-01T06:56:36.781+0000] {logging_mixin.py:188} INFO - [2024-04-01T06:56:36.781+0000] {dag.py:3834} INFO - Setting next_dagrun for latest_only to 2024-04-01 00:00:00+00:00, run_after=2024-04-01 04:00:00+00:00
[2024-04-01T06:56:36.794+0000] {processor.py:183} INFO - Processing /home/airflow/.local/lib/python3.8/site-packages/airflow/example_dags/example_latest_only.py took 0.065 seconds
[2024-04-01T06:57:06.908+0000] {processor.py:161} INFO - Started process (PID=1084) to work on /home/airflow/.local/lib/python3.8/site-packages/airflow/example_dags/example_latest_only.py
[2024-04-01T06:57:06.909+0000] {processor.py:830} INFO - Processing file /home/airflow/.local/lib/python3.8/site-packages/airflow/example_dags/example_latest_only.py for tasks to queue
[2024-04-01T06:57:06.912+0000] {logging_mixin.py:188} INFO - [2024-04-01T06:57:06.911+0000] {dagbag.py:540} INFO - Filling up the DagBag from /home/airflow/.local/lib/python3.8/site-packages/airflow/example_dags/example_latest_only.py
[2024-04-01T06:57:06.917+0000] {processor.py:840} INFO - DAG(s) 'latest_only' retrieved from /home/airflow/.local/lib/python3.8/site-packages/airflow/example_dags/example_latest_only.py
[2024-04-01T06:57:06.930+0000] {logging_mixin.py:188} INFO - [2024-04-01T06:57:06.930+0000] {dag.py:3047} INFO - Sync 1 DAGs
[2024-04-01T06:57:06.946+0000] {logging_mixin.py:188} INFO - [2024-04-01T06:57:06.946+0000] {dag.py:3834} INFO - Setting next_dagrun for latest_only to 2024-04-01 00:00:00+00:00, run_after=2024-04-01 04:00:00+00:00
[2024-04-01T06:57:06.957+0000] {processor.py:183} INFO - Processing /home/airflow/.local/lib/python3.8/site-packages/airflow/example_dags/example_latest_only.py took 0.055 seconds
[2024-04-01T06:57:37.713+0000] {processor.py:161} INFO - Started process (PID=1139) to work on /home/airflow/.local/lib/python3.8/site-packages/airflow/example_dags/example_latest_only.py
[2024-04-01T06:57:37.714+0000] {processor.py:830} INFO - Processing file /home/airflow/.local/lib/python3.8/site-packages/airflow/example_dags/example_latest_only.py for tasks to queue
[2024-04-01T06:57:37.715+0000] {logging_mixin.py:188} INFO - [2024-04-01T06:57:37.715+0000] {dagbag.py:540} INFO - Filling up the DagBag from /home/airflow/.local/lib/python3.8/site-packages/airflow/example_dags/example_latest_only.py
[2024-04-01T06:57:37.718+0000] {processor.py:840} INFO - DAG(s) 'latest_only' retrieved from /home/airflow/.local/lib/python3.8/site-packages/airflow/example_dags/example_latest_only.py
[2024-04-01T06:57:37.733+0000] {logging_mixin.py:188} INFO - [2024-04-01T06:57:37.733+0000] {dag.py:3047} INFO - Sync 1 DAGs
[2024-04-01T06:57:37.748+0000] {logging_mixin.py:188} INFO - [2024-04-01T06:57:37.748+0000] {dag.py:3834} INFO - Setting next_dagrun for latest_only to 2024-04-01 00:00:00+00:00, run_after=2024-04-01 04:00:00+00:00
[2024-04-01T06:57:37.759+0000] {processor.py:183} INFO - Processing /home/airflow/.local/lib/python3.8/site-packages/airflow/example_dags/example_latest_only.py took 0.050 seconds
[2024-04-01T06:58:08.389+0000] {processor.py:161} INFO - Started process (PID=1194) to work on /home/airflow/.local/lib/python3.8/site-packages/airflow/example_dags/example_latest_only.py
[2024-04-01T06:58:08.390+0000] {processor.py:830} INFO - Processing file /home/airflow/.local/lib/python3.8/site-packages/airflow/example_dags/example_latest_only.py for tasks to queue
[2024-04-01T06:58:08.392+0000] {logging_mixin.py:188} INFO - [2024-04-01T06:58:08.391+0000] {dagbag.py:540} INFO - Filling up the DagBag from /home/airflow/.local/lib/python3.8/site-packages/airflow/example_dags/example_latest_only.py
[2024-04-01T06:58:08.397+0000] {processor.py:840} INFO - DAG(s) 'latest_only' retrieved from /home/airflow/.local/lib/python3.8/site-packages/airflow/example_dags/example_latest_only.py
[2024-04-01T06:58:08.412+0000] {logging_mixin.py:188} INFO - [2024-04-01T06:58:08.412+0000] {dag.py:3047} INFO - Sync 1 DAGs
[2024-04-01T06:58:08.424+0000] {logging_mixin.py:188} INFO - [2024-04-01T06:58:08.424+0000] {dag.py:3834} INFO - Setting next_dagrun for latest_only to 2024-04-01 00:00:00+00:00, run_after=2024-04-01 04:00:00+00:00
[2024-04-01T06:58:08.434+0000] {processor.py:183} INFO - Processing /home/airflow/.local/lib/python3.8/site-packages/airflow/example_dags/example_latest_only.py took 0.049 seconds
[2024-04-01T06:58:38.548+0000] {processor.py:161} INFO - Started process (PID=1249) to work on /home/airflow/.local/lib/python3.8/site-packages/airflow/example_dags/example_latest_only.py
[2024-04-01T06:58:38.549+0000] {processor.py:830} INFO - Processing file /home/airflow/.local/lib/python3.8/site-packages/airflow/example_dags/example_latest_only.py for tasks to queue
[2024-04-01T06:58:38.552+0000] {logging_mixin.py:188} INFO - [2024-04-01T06:58:38.551+0000] {dagbag.py:540} INFO - Filling up the DagBag from /home/airflow/.local/lib/python3.8/site-packages/airflow/example_dags/example_latest_only.py
[2024-04-01T06:58:38.557+0000] {processor.py:840} INFO - DAG(s) 'latest_only' retrieved from /home/airflow/.local/lib/python3.8/site-packages/airflow/example_dags/example_latest_only.py
[2024-04-01T06:58:38.576+0000] {logging_mixin.py:188} INFO - [2024-04-01T06:58:38.576+0000] {dag.py:3047} INFO - Sync 1 DAGs
[2024-04-01T06:58:38.591+0000] {logging_mixin.py:188} INFO - [2024-04-01T06:58:38.591+0000] {dag.py:3834} INFO - Setting next_dagrun for latest_only to 2024-04-01 00:00:00+00:00, run_after=2024-04-01 04:00:00+00:00
[2024-04-01T06:58:38.602+0000] {processor.py:183} INFO - Processing /home/airflow/.local/lib/python3.8/site-packages/airflow/example_dags/example_latest_only.py took 0.059 seconds
[2024-04-01T06:59:09.287+0000] {processor.py:161} INFO - Started process (PID=1304) to work on /home/airflow/.local/lib/python3.8/site-packages/airflow/example_dags/example_latest_only.py
[2024-04-01T06:59:09.288+0000] {processor.py:830} INFO - Processing file /home/airflow/.local/lib/python3.8/site-packages/airflow/example_dags/example_latest_only.py for tasks to queue
[2024-04-01T06:59:09.290+0000] {logging_mixin.py:188} INFO - [2024-04-01T06:59:09.290+0000] {dagbag.py:540} INFO - Filling up the DagBag from /home/airflow/.local/lib/python3.8/site-packages/airflow/example_dags/example_latest_only.py
[2024-04-01T06:59:09.294+0000] {processor.py:840} INFO - DAG(s) 'latest_only' retrieved from /home/airflow/.local/lib/python3.8/site-packages/airflow/example_dags/example_latest_only.py
[2024-04-01T06:59:09.309+0000] {logging_mixin.py:188} INFO - [2024-04-01T06:59:09.309+0000] {dag.py:3047} INFO - Sync 1 DAGs
[2024-04-01T06:59:09.324+0000] {logging_mixin.py:188} INFO - [2024-04-01T06:59:09.324+0000] {dag.py:3834} INFO - Setting next_dagrun for latest_only to 2024-04-01 00:00:00+00:00, run_after=2024-04-01 04:00:00+00:00
[2024-04-01T06:59:09.336+0000] {processor.py:183} INFO - Processing /home/airflow/.local/lib/python3.8/site-packages/airflow/example_dags/example_latest_only.py took 0.053 seconds
[2024-04-01T06:59:39.905+0000] {processor.py:161} INFO - Started process (PID=1359) to work on /home/airflow/.local/lib/python3.8/site-packages/airflow/example_dags/example_latest_only.py
[2024-04-01T06:59:39.906+0000] {processor.py:830} INFO - Processing file /home/airflow/.local/lib/python3.8/site-packages/airflow/example_dags/example_latest_only.py for tasks to queue
[2024-04-01T06:59:39.909+0000] {logging_mixin.py:188} INFO - [2024-04-01T06:59:39.909+0000] {dagbag.py:540} INFO - Filling up the DagBag from /home/airflow/.local/lib/python3.8/site-packages/airflow/example_dags/example_latest_only.py
[2024-04-01T06:59:39.913+0000] {processor.py:840} INFO - DAG(s) 'latest_only' retrieved from /home/airflow/.local/lib/python3.8/site-packages/airflow/example_dags/example_latest_only.py
[2024-04-01T06:59:39.930+0000] {logging_mixin.py:188} INFO - [2024-04-01T06:59:39.930+0000] {dag.py:3047} INFO - Sync 1 DAGs
[2024-04-01T06:59:39.944+0000] {logging_mixin.py:188} INFO - [2024-04-01T06:59:39.944+0000] {dag.py:3834} INFO - Setting next_dagrun for latest_only to 2024-04-01 00:00:00+00:00, run_after=2024-04-01 04:00:00+00:00
[2024-04-01T06:59:39.955+0000] {processor.py:183} INFO - Processing /home/airflow/.local/lib/python3.8/site-packages/airflow/example_dags/example_latest_only.py took 0.054 seconds
[2024-04-01T07:00:10.031+0000] {processor.py:161} INFO - Started process (PID=1414) to work on /home/airflow/.local/lib/python3.8/site-packages/airflow/example_dags/example_latest_only.py
[2024-04-01T07:00:10.032+0000] {processor.py:830} INFO - Processing file /home/airflow/.local/lib/python3.8/site-packages/airflow/example_dags/example_latest_only.py for tasks to queue
[2024-04-01T07:00:10.035+0000] {logging_mixin.py:188} INFO - [2024-04-01T07:00:10.035+0000] {dagbag.py:540} INFO - Filling up the DagBag from /home/airflow/.local/lib/python3.8/site-packages/airflow/example_dags/example_latest_only.py
[2024-04-01T07:00:10.040+0000] {processor.py:840} INFO - DAG(s) 'latest_only' retrieved from /home/airflow/.local/lib/python3.8/site-packages/airflow/example_dags/example_latest_only.py
[2024-04-01T07:00:10.054+0000] {logging_mixin.py:188} INFO - [2024-04-01T07:00:10.054+0000] {dag.py:3047} INFO - Sync 1 DAGs
[2024-04-01T07:00:10.066+0000] {logging_mixin.py:188} INFO - [2024-04-01T07:00:10.066+0000] {dag.py:3834} INFO - Setting next_dagrun for latest_only to 2024-04-01 00:00:00+00:00, run_after=2024-04-01 04:00:00+00:00
[2024-04-01T07:00:10.075+0000] {processor.py:183} INFO - Processing /home/airflow/.local/lib/python3.8/site-packages/airflow/example_dags/example_latest_only.py took 0.049 seconds
[2024-04-01T07:00:40.632+0000] {processor.py:161} INFO - Started process (PID=1469) to work on /home/airflow/.local/lib/python3.8/site-packages/airflow/example_dags/example_latest_only.py
[2024-04-01T07:00:40.633+0000] {processor.py:830} INFO - Processing file /home/airflow/.local/lib/python3.8/site-packages/airflow/example_dags/example_latest_only.py for tasks to queue
[2024-04-01T07:00:40.635+0000] {logging_mixin.py:188} INFO - [2024-04-01T07:00:40.635+0000] {dagbag.py:540} INFO - Filling up the DagBag from /home/airflow/.local/lib/python3.8/site-packages/airflow/example_dags/example_latest_only.py
[2024-04-01T07:00:40.638+0000] {processor.py:840} INFO - DAG(s) 'latest_only' retrieved from /home/airflow/.local/lib/python3.8/site-packages/airflow/example_dags/example_latest_only.py
[2024-04-01T07:00:40.651+0000] {logging_mixin.py:188} INFO - [2024-04-01T07:00:40.651+0000] {dag.py:3047} INFO - Sync 1 DAGs
[2024-04-01T07:00:40.663+0000] {logging_mixin.py:188} INFO - [2024-04-01T07:00:40.663+0000] {dag.py:3834} INFO - Setting next_dagrun for latest_only to 2024-04-01 00:00:00+00:00, run_after=2024-04-01 04:00:00+00:00
[2024-04-01T07:00:40.672+0000] {processor.py:183} INFO - Processing /home/airflow/.local/lib/python3.8/site-packages/airflow/example_dags/example_latest_only.py took 0.043 seconds
[2024-04-01T07:01:36.541+0000] {processor.py:161} INFO - Started process (PID=40) to work on /home/airflow/.local/lib/python3.8/site-packages/airflow/example_dags/example_latest_only.py
[2024-04-01T07:01:36.542+0000] {processor.py:830} INFO - Processing file /home/airflow/.local/lib/python3.8/site-packages/airflow/example_dags/example_latest_only.py for tasks to queue
[2024-04-01T07:01:36.544+0000] {logging_mixin.py:188} INFO - [2024-04-01T07:01:36.543+0000] {dagbag.py:540} INFO - Filling up the DagBag from /home/airflow/.local/lib/python3.8/site-packages/airflow/example_dags/example_latest_only.py
[2024-04-01T07:01:36.551+0000] {processor.py:840} INFO - DAG(s) 'latest_only' retrieved from /home/airflow/.local/lib/python3.8/site-packages/airflow/example_dags/example_latest_only.py
[2024-04-01T07:01:36.566+0000] {logging_mixin.py:188} INFO - [2024-04-01T07:01:36.566+0000] {dag.py:3047} INFO - Sync 1 DAGs
[2024-04-01T07:01:36.582+0000] {logging_mixin.py:188} INFO - [2024-04-01T07:01:36.582+0000] {dag.py:3834} INFO - Setting next_dagrun for latest_only to 2024-04-01 00:00:00+00:00, run_after=2024-04-01 04:00:00+00:00
[2024-04-01T07:01:36.599+0000] {processor.py:183} INFO - Processing /home/airflow/.local/lib/python3.8/site-packages/airflow/example_dags/example_latest_only.py took 0.060 seconds
[2024-04-01T07:02:06.639+0000] {processor.py:161} INFO - Started process (PID=95) to work on /home/airflow/.local/lib/python3.8/site-packages/airflow/example_dags/example_latest_only.py
[2024-04-01T07:02:06.640+0000] {processor.py:830} INFO - Processing file /home/airflow/.local/lib/python3.8/site-packages/airflow/example_dags/example_latest_only.py for tasks to queue
[2024-04-01T07:02:06.641+0000] {logging_mixin.py:188} INFO - [2024-04-01T07:02:06.641+0000] {dagbag.py:540} INFO - Filling up the DagBag from /home/airflow/.local/lib/python3.8/site-packages/airflow/example_dags/example_latest_only.py
[2024-04-01T07:02:06.645+0000] {processor.py:840} INFO - DAG(s) 'latest_only' retrieved from /home/airflow/.local/lib/python3.8/site-packages/airflow/example_dags/example_latest_only.py
[2024-04-01T07:02:06.761+0000] {logging_mixin.py:188} INFO - [2024-04-01T07:02:06.760+0000] {dag.py:3047} INFO - Sync 1 DAGs
[2024-04-01T07:02:06.775+0000] {logging_mixin.py:188} INFO - [2024-04-01T07:02:06.775+0000] {dag.py:3834} INFO - Setting next_dagrun for latest_only to 2024-04-01 00:00:00+00:00, run_after=2024-04-01 04:00:00+00:00
[2024-04-01T07:02:06.788+0000] {processor.py:183} INFO - Processing /home/airflow/.local/lib/python3.8/site-packages/airflow/example_dags/example_latest_only.py took 0.151 seconds
[2024-04-01T07:02:37.612+0000] {processor.py:161} INFO - Started process (PID=149) to work on /home/airflow/.local/lib/python3.8/site-packages/airflow/example_dags/example_latest_only.py
[2024-04-01T07:02:37.613+0000] {processor.py:830} INFO - Processing file /home/airflow/.local/lib/python3.8/site-packages/airflow/example_dags/example_latest_only.py for tasks to queue
[2024-04-01T07:02:37.615+0000] {logging_mixin.py:188} INFO - [2024-04-01T07:02:37.614+0000] {dagbag.py:540} INFO - Filling up the DagBag from /home/airflow/.local/lib/python3.8/site-packages/airflow/example_dags/example_latest_only.py
[2024-04-01T07:02:37.620+0000] {processor.py:840} INFO - DAG(s) 'latest_only' retrieved from /home/airflow/.local/lib/python3.8/site-packages/airflow/example_dags/example_latest_only.py
[2024-04-01T07:02:37.638+0000] {logging_mixin.py:188} INFO - [2024-04-01T07:02:37.638+0000] {dag.py:3047} INFO - Sync 1 DAGs
[2024-04-01T07:02:37.654+0000] {logging_mixin.py:188} INFO - [2024-04-01T07:02:37.654+0000] {dag.py:3834} INFO - Setting next_dagrun for latest_only to 2024-04-01 00:00:00+00:00, run_after=2024-04-01 04:00:00+00:00
[2024-04-01T07:02:37.668+0000] {processor.py:183} INFO - Processing /home/airflow/.local/lib/python3.8/site-packages/airflow/example_dags/example_latest_only.py took 0.058 seconds
[2024-04-01T07:03:07.745+0000] {processor.py:161} INFO - Started process (PID=204) to work on /home/airflow/.local/lib/python3.8/site-packages/airflow/example_dags/example_latest_only.py
[2024-04-01T07:03:07.746+0000] {processor.py:830} INFO - Processing file /home/airflow/.local/lib/python3.8/site-packages/airflow/example_dags/example_latest_only.py for tasks to queue
[2024-04-01T07:03:07.747+0000] {logging_mixin.py:188} INFO - [2024-04-01T07:03:07.747+0000] {dagbag.py:540} INFO - Filling up the DagBag from /home/airflow/.local/lib/python3.8/site-packages/airflow/example_dags/example_latest_only.py
[2024-04-01T07:03:07.750+0000] {processor.py:840} INFO - DAG(s) 'latest_only' retrieved from /home/airflow/.local/lib/python3.8/site-packages/airflow/example_dags/example_latest_only.py
[2024-04-01T07:03:07.762+0000] {logging_mixin.py:188} INFO - [2024-04-01T07:03:07.762+0000] {dag.py:3047} INFO - Sync 1 DAGs
[2024-04-01T07:03:07.774+0000] {logging_mixin.py:188} INFO - [2024-04-01T07:03:07.774+0000] {dag.py:3834} INFO - Setting next_dagrun for latest_only to 2024-04-01 00:00:00+00:00, run_after=2024-04-01 04:00:00+00:00
[2024-04-01T07:03:07.784+0000] {processor.py:183} INFO - Processing /home/airflow/.local/lib/python3.8/site-packages/airflow/example_dags/example_latest_only.py took 0.040 seconds
[2024-04-01T07:03:37.890+0000] {processor.py:161} INFO - Started process (PID=259) to work on /home/airflow/.local/lib/python3.8/site-packages/airflow/example_dags/example_latest_only.py
[2024-04-01T07:03:37.891+0000] {processor.py:830} INFO - Processing file /home/airflow/.local/lib/python3.8/site-packages/airflow/example_dags/example_latest_only.py for tasks to queue
[2024-04-01T07:03:37.892+0000] {logging_mixin.py:188} INFO - [2024-04-01T07:03:37.892+0000] {dagbag.py:540} INFO - Filling up the DagBag from /home/airflow/.local/lib/python3.8/site-packages/airflow/example_dags/example_latest_only.py
[2024-04-01T07:03:37.895+0000] {processor.py:840} INFO - DAG(s) 'latest_only' retrieved from /home/airflow/.local/lib/python3.8/site-packages/airflow/example_dags/example_latest_only.py
[2024-04-01T07:03:37.909+0000] {logging_mixin.py:188} INFO - [2024-04-01T07:03:37.909+0000] {dag.py:3047} INFO - Sync 1 DAGs
[2024-04-01T07:03:37.923+0000] {logging_mixin.py:188} INFO - [2024-04-01T07:03:37.923+0000] {dag.py:3834} INFO - Setting next_dagrun for latest_only to 2024-04-01 00:00:00+00:00, run_after=2024-04-01 04:00:00+00:00
[2024-04-01T07:03:37.934+0000] {processor.py:183} INFO - Processing /home/airflow/.local/lib/python3.8/site-packages/airflow/example_dags/example_latest_only.py took 0.047 seconds
[2024-04-01T07:04:07.966+0000] {processor.py:161} INFO - Started process (PID=314) to work on /home/airflow/.local/lib/python3.8/site-packages/airflow/example_dags/example_latest_only.py
[2024-04-01T07:04:07.967+0000] {processor.py:830} INFO - Processing file /home/airflow/.local/lib/python3.8/site-packages/airflow/example_dags/example_latest_only.py for tasks to queue
[2024-04-01T07:04:07.968+0000] {logging_mixin.py:188} INFO - [2024-04-01T07:04:07.968+0000] {dagbag.py:540} INFO - Filling up the DagBag from /home/airflow/.local/lib/python3.8/site-packages/airflow/example_dags/example_latest_only.py
[2024-04-01T07:04:07.972+0000] {processor.py:840} INFO - DAG(s) 'latest_only' retrieved from /home/airflow/.local/lib/python3.8/site-packages/airflow/example_dags/example_latest_only.py
[2024-04-01T07:04:07.987+0000] {logging_mixin.py:188} INFO - [2024-04-01T07:04:07.987+0000] {dag.py:3047} INFO - Sync 1 DAGs
[2024-04-01T07:04:08.000+0000] {logging_mixin.py:188} INFO - [2024-04-01T07:04:08.000+0000] {dag.py:3834} INFO - Setting next_dagrun for latest_only to 2024-04-01 00:00:00+00:00, run_after=2024-04-01 04:00:00+00:00
[2024-04-01T07:04:08.010+0000] {processor.py:183} INFO - Processing /home/airflow/.local/lib/python3.8/site-packages/airflow/example_dags/example_latest_only.py took 0.047 seconds
[2024-04-01T07:04:38.117+0000] {processor.py:161} INFO - Started process (PID=369) to work on /home/airflow/.local/lib/python3.8/site-packages/airflow/example_dags/example_latest_only.py
[2024-04-01T07:04:38.118+0000] {processor.py:830} INFO - Processing file /home/airflow/.local/lib/python3.8/site-packages/airflow/example_dags/example_latest_only.py for tasks to queue
[2024-04-01T07:04:38.120+0000] {logging_mixin.py:188} INFO - [2024-04-01T07:04:38.120+0000] {dagbag.py:540} INFO - Filling up the DagBag from /home/airflow/.local/lib/python3.8/site-packages/airflow/example_dags/example_latest_only.py
[2024-04-01T07:04:38.126+0000] {processor.py:840} INFO - DAG(s) 'latest_only' retrieved from /home/airflow/.local/lib/python3.8/site-packages/airflow/example_dags/example_latest_only.py
[2024-04-01T07:04:38.145+0000] {logging_mixin.py:188} INFO - [2024-04-01T07:04:38.144+0000] {dag.py:3047} INFO - Sync 1 DAGs
[2024-04-01T07:04:38.162+0000] {logging_mixin.py:188} INFO - [2024-04-01T07:04:38.162+0000] {dag.py:3834} INFO - Setting next_dagrun for latest_only to 2024-04-01 00:00:00+00:00, run_after=2024-04-01 04:00:00+00:00
[2024-04-01T07:04:38.178+0000] {processor.py:183} INFO - Processing /home/airflow/.local/lib/python3.8/site-packages/airflow/example_dags/example_latest_only.py took 0.065 seconds
[2024-04-01T07:05:08.443+0000] {processor.py:161} INFO - Started process (PID=424) to work on /home/airflow/.local/lib/python3.8/site-packages/airflow/example_dags/example_latest_only.py
[2024-04-01T07:05:08.443+0000] {processor.py:830} INFO - Processing file /home/airflow/.local/lib/python3.8/site-packages/airflow/example_dags/example_latest_only.py for tasks to queue
[2024-04-01T07:05:08.445+0000] {logging_mixin.py:188} INFO - [2024-04-01T07:05:08.445+0000] {dagbag.py:540} INFO - Filling up the DagBag from /home/airflow/.local/lib/python3.8/site-packages/airflow/example_dags/example_latest_only.py
[2024-04-01T07:05:08.449+0000] {processor.py:840} INFO - DAG(s) 'latest_only' retrieved from /home/airflow/.local/lib/python3.8/site-packages/airflow/example_dags/example_latest_only.py
[2024-04-01T07:05:08.465+0000] {logging_mixin.py:188} INFO - [2024-04-01T07:05:08.465+0000] {dag.py:3047} INFO - Sync 1 DAGs
[2024-04-01T07:05:08.479+0000] {logging_mixin.py:188} INFO - [2024-04-01T07:05:08.479+0000] {dag.py:3834} INFO - Setting next_dagrun for latest_only to 2024-04-01 00:00:00+00:00, run_after=2024-04-01 04:00:00+00:00
[2024-04-01T07:05:08.489+0000] {processor.py:183} INFO - Processing /home/airflow/.local/lib/python3.8/site-packages/airflow/example_dags/example_latest_only.py took 0.048 seconds
[2024-04-01T07:05:38.562+0000] {processor.py:161} INFO - Started process (PID=479) to work on /home/airflow/.local/lib/python3.8/site-packages/airflow/example_dags/example_latest_only.py
[2024-04-01T07:05:38.563+0000] {processor.py:830} INFO - Processing file /home/airflow/.local/lib/python3.8/site-packages/airflow/example_dags/example_latest_only.py for tasks to queue
[2024-04-01T07:05:38.564+0000] {logging_mixin.py:188} INFO - [2024-04-01T07:05:38.564+0000] {dagbag.py:540} INFO - Filling up the DagBag from /home/airflow/.local/lib/python3.8/site-packages/airflow/example_dags/example_latest_only.py
[2024-04-01T07:05:38.567+0000] {processor.py:840} INFO - DAG(s) 'latest_only' retrieved from /home/airflow/.local/lib/python3.8/site-packages/airflow/example_dags/example_latest_only.py
[2024-04-01T07:05:38.583+0000] {logging_mixin.py:188} INFO - [2024-04-01T07:05:38.583+0000] {dag.py:3047} INFO - Sync 1 DAGs
[2024-04-01T07:05:38.599+0000] {logging_mixin.py:188} INFO - [2024-04-01T07:05:38.599+0000] {dag.py:3834} INFO - Setting next_dagrun for latest_only to 2024-04-01 00:00:00+00:00, run_after=2024-04-01 04:00:00+00:00
[2024-04-01T07:05:38.610+0000] {processor.py:183} INFO - Processing /home/airflow/.local/lib/python3.8/site-packages/airflow/example_dags/example_latest_only.py took 0.051 seconds
[2024-04-01T07:06:08.813+0000] {processor.py:161} INFO - Started process (PID=534) to work on /home/airflow/.local/lib/python3.8/site-packages/airflow/example_dags/example_latest_only.py
[2024-04-01T07:06:08.815+0000] {processor.py:830} INFO - Processing file /home/airflow/.local/lib/python3.8/site-packages/airflow/example_dags/example_latest_only.py for tasks to queue
[2024-04-01T07:06:08.818+0000] {logging_mixin.py:188} INFO - [2024-04-01T07:06:08.818+0000] {dagbag.py:540} INFO - Filling up the DagBag from /home/airflow/.local/lib/python3.8/site-packages/airflow/example_dags/example_latest_only.py
[2024-04-01T07:06:08.823+0000] {processor.py:840} INFO - DAG(s) 'latest_only' retrieved from /home/airflow/.local/lib/python3.8/site-packages/airflow/example_dags/example_latest_only.py
[2024-04-01T07:06:08.838+0000] {logging_mixin.py:188} INFO - [2024-04-01T07:06:08.837+0000] {dag.py:3047} INFO - Sync 1 DAGs
[2024-04-01T07:06:08.851+0000] {logging_mixin.py:188} INFO - [2024-04-01T07:06:08.851+0000] {dag.py:3834} INFO - Setting next_dagrun for latest_only to 2024-04-01 00:00:00+00:00, run_after=2024-04-01 04:00:00+00:00
[2024-04-01T07:06:08.860+0000] {processor.py:183} INFO - Processing /home/airflow/.local/lib/python3.8/site-packages/airflow/example_dags/example_latest_only.py took 0.050 seconds
[2024-04-01T07:06:38.961+0000] {processor.py:161} INFO - Started process (PID=589) to work on /home/airflow/.local/lib/python3.8/site-packages/airflow/example_dags/example_latest_only.py
[2024-04-01T07:06:38.963+0000] {processor.py:830} INFO - Processing file /home/airflow/.local/lib/python3.8/site-packages/airflow/example_dags/example_latest_only.py for tasks to queue
[2024-04-01T07:06:38.967+0000] {logging_mixin.py:188} INFO - [2024-04-01T07:06:38.966+0000] {dagbag.py:540} INFO - Filling up the DagBag from /home/airflow/.local/lib/python3.8/site-packages/airflow/example_dags/example_latest_only.py
[2024-04-01T07:06:38.973+0000] {processor.py:840} INFO - DAG(s) 'latest_only' retrieved from /home/airflow/.local/lib/python3.8/site-packages/airflow/example_dags/example_latest_only.py
[2024-04-01T07:06:38.987+0000] {logging_mixin.py:188} INFO - [2024-04-01T07:06:38.987+0000] {dag.py:3047} INFO - Sync 1 DAGs
[2024-04-01T07:06:39.001+0000] {logging_mixin.py:188} INFO - [2024-04-01T07:06:39.001+0000] {dag.py:3834} INFO - Setting next_dagrun for latest_only to 2024-04-01 00:00:00+00:00, run_after=2024-04-01 04:00:00+00:00
[2024-04-01T07:06:39.012+0000] {processor.py:183} INFO - Processing /home/airflow/.local/lib/python3.8/site-packages/airflow/example_dags/example_latest_only.py took 0.055 seconds
[2024-04-01T07:07:09.209+0000] {processor.py:161} INFO - Started process (PID=644) to work on /home/airflow/.local/lib/python3.8/site-packages/airflow/example_dags/example_latest_only.py
[2024-04-01T07:07:09.210+0000] {processor.py:830} INFO - Processing file /home/airflow/.local/lib/python3.8/site-packages/airflow/example_dags/example_latest_only.py for tasks to queue
[2024-04-01T07:07:09.212+0000] {logging_mixin.py:188} INFO - [2024-04-01T07:07:09.212+0000] {dagbag.py:540} INFO - Filling up the DagBag from /home/airflow/.local/lib/python3.8/site-packages/airflow/example_dags/example_latest_only.py
[2024-04-01T07:07:09.217+0000] {processor.py:840} INFO - DAG(s) 'latest_only' retrieved from /home/airflow/.local/lib/python3.8/site-packages/airflow/example_dags/example_latest_only.py
[2024-04-01T07:07:09.233+0000] {logging_mixin.py:188} INFO - [2024-04-01T07:07:09.233+0000] {dag.py:3047} INFO - Sync 1 DAGs
[2024-04-01T07:07:09.248+0000] {logging_mixin.py:188} INFO - [2024-04-01T07:07:09.248+0000] {dag.py:3834} INFO - Setting next_dagrun for latest_only to 2024-04-01 00:00:00+00:00, run_after=2024-04-01 04:00:00+00:00
[2024-04-01T07:07:09.260+0000] {processor.py:183} INFO - Processing /home/airflow/.local/lib/python3.8/site-packages/airflow/example_dags/example_latest_only.py took 0.056 seconds
[2024-04-01T07:07:39.371+0000] {processor.py:161} INFO - Started process (PID=699) to work on /home/airflow/.local/lib/python3.8/site-packages/airflow/example_dags/example_latest_only.py
[2024-04-01T07:07:39.372+0000] {processor.py:830} INFO - Processing file /home/airflow/.local/lib/python3.8/site-packages/airflow/example_dags/example_latest_only.py for tasks to queue
[2024-04-01T07:07:39.374+0000] {logging_mixin.py:188} INFO - [2024-04-01T07:07:39.373+0000] {dagbag.py:540} INFO - Filling up the DagBag from /home/airflow/.local/lib/python3.8/site-packages/airflow/example_dags/example_latest_only.py
[2024-04-01T07:07:39.378+0000] {processor.py:840} INFO - DAG(s) 'latest_only' retrieved from /home/airflow/.local/lib/python3.8/site-packages/airflow/example_dags/example_latest_only.py
[2024-04-01T07:07:39.401+0000] {logging_mixin.py:188} INFO - [2024-04-01T07:07:39.400+0000] {dag.py:3047} INFO - Sync 1 DAGs
[2024-04-01T07:07:39.420+0000] {logging_mixin.py:188} INFO - [2024-04-01T07:07:39.420+0000] {dag.py:3834} INFO - Setting next_dagrun for latest_only to 2024-04-01 00:00:00+00:00, run_after=2024-04-01 04:00:00+00:00
[2024-04-01T07:07:39.434+0000] {processor.py:183} INFO - Processing /home/airflow/.local/lib/python3.8/site-packages/airflow/example_dags/example_latest_only.py took 0.067 seconds
[2024-04-01T07:08:09.758+0000] {processor.py:161} INFO - Started process (PID=754) to work on /home/airflow/.local/lib/python3.8/site-packages/airflow/example_dags/example_latest_only.py
[2024-04-01T07:08:09.760+0000] {processor.py:830} INFO - Processing file /home/airflow/.local/lib/python3.8/site-packages/airflow/example_dags/example_latest_only.py for tasks to queue
[2024-04-01T07:08:09.764+0000] {logging_mixin.py:188} INFO - [2024-04-01T07:08:09.764+0000] {dagbag.py:540} INFO - Filling up the DagBag from /home/airflow/.local/lib/python3.8/site-packages/airflow/example_dags/example_latest_only.py
[2024-04-01T07:08:09.769+0000] {processor.py:840} INFO - DAG(s) 'latest_only' retrieved from /home/airflow/.local/lib/python3.8/site-packages/airflow/example_dags/example_latest_only.py
[2024-04-01T07:08:09.781+0000] {logging_mixin.py:188} INFO - [2024-04-01T07:08:09.781+0000] {dag.py:3047} INFO - Sync 1 DAGs
[2024-04-01T07:08:09.792+0000] {logging_mixin.py:188} INFO - [2024-04-01T07:08:09.792+0000] {dag.py:3834} INFO - Setting next_dagrun for latest_only to 2024-04-01 00:00:00+00:00, run_after=2024-04-01 04:00:00+00:00
[2024-04-01T07:08:09.801+0000] {processor.py:183} INFO - Processing /home/airflow/.local/lib/python3.8/site-packages/airflow/example_dags/example_latest_only.py took 0.047 seconds
[2024-04-01T07:08:40.501+0000] {processor.py:161} INFO - Started process (PID=809) to work on /home/airflow/.local/lib/python3.8/site-packages/airflow/example_dags/example_latest_only.py
[2024-04-01T07:08:40.502+0000] {processor.py:830} INFO - Processing file /home/airflow/.local/lib/python3.8/site-packages/airflow/example_dags/example_latest_only.py for tasks to queue
[2024-04-01T07:08:40.504+0000] {logging_mixin.py:188} INFO - [2024-04-01T07:08:40.503+0000] {dagbag.py:540} INFO - Filling up the DagBag from /home/airflow/.local/lib/python3.8/site-packages/airflow/example_dags/example_latest_only.py
[2024-04-01T07:08:40.509+0000] {processor.py:840} INFO - DAG(s) 'latest_only' retrieved from /home/airflow/.local/lib/python3.8/site-packages/airflow/example_dags/example_latest_only.py
[2024-04-01T07:08:40.528+0000] {logging_mixin.py:188} INFO - [2024-04-01T07:08:40.527+0000] {dag.py:3047} INFO - Sync 1 DAGs
[2024-04-01T07:08:40.545+0000] {logging_mixin.py:188} INFO - [2024-04-01T07:08:40.544+0000] {dag.py:3834} INFO - Setting next_dagrun for latest_only to 2024-04-01 00:00:00+00:00, run_after=2024-04-01 04:00:00+00:00
[2024-04-01T07:08:40.558+0000] {processor.py:183} INFO - Processing /home/airflow/.local/lib/python3.8/site-packages/airflow/example_dags/example_latest_only.py took 0.062 seconds
[2024-04-01T07:09:10.615+0000] {processor.py:161} INFO - Started process (PID=864) to work on /home/airflow/.local/lib/python3.8/site-packages/airflow/example_dags/example_latest_only.py
[2024-04-01T07:09:10.617+0000] {processor.py:830} INFO - Processing file /home/airflow/.local/lib/python3.8/site-packages/airflow/example_dags/example_latest_only.py for tasks to queue
[2024-04-01T07:09:10.619+0000] {logging_mixin.py:188} INFO - [2024-04-01T07:09:10.618+0000] {dagbag.py:540} INFO - Filling up the DagBag from /home/airflow/.local/lib/python3.8/site-packages/airflow/example_dags/example_latest_only.py
[2024-04-01T07:09:10.625+0000] {processor.py:840} INFO - DAG(s) 'latest_only' retrieved from /home/airflow/.local/lib/python3.8/site-packages/airflow/example_dags/example_latest_only.py
[2024-04-01T07:09:10.643+0000] {logging_mixin.py:188} INFO - [2024-04-01T07:09:10.643+0000] {dag.py:3047} INFO - Sync 1 DAGs
[2024-04-01T07:09:10.657+0000] {logging_mixin.py:188} INFO - [2024-04-01T07:09:10.657+0000] {dag.py:3834} INFO - Setting next_dagrun for latest_only to 2024-04-01 00:00:00+00:00, run_after=2024-04-01 04:00:00+00:00
[2024-04-01T07:09:10.668+0000] {processor.py:183} INFO - Processing /home/airflow/.local/lib/python3.8/site-packages/airflow/example_dags/example_latest_only.py took 0.057 seconds
[2024-04-01T07:09:40.781+0000] {processor.py:161} INFO - Started process (PID=919) to work on /home/airflow/.local/lib/python3.8/site-packages/airflow/example_dags/example_latest_only.py
[2024-04-01T07:09:40.782+0000] {processor.py:830} INFO - Processing file /home/airflow/.local/lib/python3.8/site-packages/airflow/example_dags/example_latest_only.py for tasks to queue
[2024-04-01T07:09:40.785+0000] {logging_mixin.py:188} INFO - [2024-04-01T07:09:40.784+0000] {dagbag.py:540} INFO - Filling up the DagBag from /home/airflow/.local/lib/python3.8/site-packages/airflow/example_dags/example_latest_only.py
[2024-04-01T07:09:40.790+0000] {processor.py:840} INFO - DAG(s) 'latest_only' retrieved from /home/airflow/.local/lib/python3.8/site-packages/airflow/example_dags/example_latest_only.py
[2024-04-01T07:09:40.808+0000] {logging_mixin.py:188} INFO - [2024-04-01T07:09:40.808+0000] {dag.py:3047} INFO - Sync 1 DAGs
[2024-04-01T07:09:40.822+0000] {logging_mixin.py:188} INFO - [2024-04-01T07:09:40.822+0000] {dag.py:3834} INFO - Setting next_dagrun for latest_only to 2024-04-01 00:00:00+00:00, run_after=2024-04-01 04:00:00+00:00
[2024-04-01T07:09:40.831+0000] {processor.py:183} INFO - Processing /home/airflow/.local/lib/python3.8/site-packages/airflow/example_dags/example_latest_only.py took 0.055 seconds
[2024-04-01T07:10:11.418+0000] {processor.py:161} INFO - Started process (PID=974) to work on /home/airflow/.local/lib/python3.8/site-packages/airflow/example_dags/example_latest_only.py
[2024-04-01T07:10:11.419+0000] {processor.py:830} INFO - Processing file /home/airflow/.local/lib/python3.8/site-packages/airflow/example_dags/example_latest_only.py for tasks to queue
[2024-04-01T07:10:11.421+0000] {logging_mixin.py:188} INFO - [2024-04-01T07:10:11.420+0000] {dagbag.py:540} INFO - Filling up the DagBag from /home/airflow/.local/lib/python3.8/site-packages/airflow/example_dags/example_latest_only.py
[2024-04-01T07:10:11.425+0000] {processor.py:840} INFO - DAG(s) 'latest_only' retrieved from /home/airflow/.local/lib/python3.8/site-packages/airflow/example_dags/example_latest_only.py
[2024-04-01T07:10:11.440+0000] {logging_mixin.py:188} INFO - [2024-04-01T07:10:11.440+0000] {dag.py:3047} INFO - Sync 1 DAGs
[2024-04-01T07:10:11.453+0000] {logging_mixin.py:188} INFO - [2024-04-01T07:10:11.453+0000] {dag.py:3834} INFO - Setting next_dagrun for latest_only to 2024-04-01 00:00:00+00:00, run_after=2024-04-01 04:00:00+00:00
[2024-04-01T07:10:11.465+0000] {processor.py:183} INFO - Processing /home/airflow/.local/lib/python3.8/site-packages/airflow/example_dags/example_latest_only.py took 0.051 seconds
[2024-04-01T07:10:41.504+0000] {processor.py:161} INFO - Started process (PID=1029) to work on /home/airflow/.local/lib/python3.8/site-packages/airflow/example_dags/example_latest_only.py
[2024-04-01T07:10:41.505+0000] {processor.py:830} INFO - Processing file /home/airflow/.local/lib/python3.8/site-packages/airflow/example_dags/example_latest_only.py for tasks to queue
[2024-04-01T07:10:41.507+0000] {logging_mixin.py:188} INFO - [2024-04-01T07:10:41.507+0000] {dagbag.py:540} INFO - Filling up the DagBag from /home/airflow/.local/lib/python3.8/site-packages/airflow/example_dags/example_latest_only.py
[2024-04-01T07:10:41.516+0000] {processor.py:840} INFO - DAG(s) 'latest_only' retrieved from /home/airflow/.local/lib/python3.8/site-packages/airflow/example_dags/example_latest_only.py
[2024-04-01T07:10:41.540+0000] {logging_mixin.py:188} INFO - [2024-04-01T07:10:41.540+0000] {dag.py:3047} INFO - Sync 1 DAGs
[2024-04-01T07:10:41.561+0000] {logging_mixin.py:188} INFO - [2024-04-01T07:10:41.561+0000] {dag.py:3834} INFO - Setting next_dagrun for latest_only to 2024-04-01 00:00:00+00:00, run_after=2024-04-01 04:00:00+00:00
[2024-04-01T07:10:41.579+0000] {processor.py:183} INFO - Processing /home/airflow/.local/lib/python3.8/site-packages/airflow/example_dags/example_latest_only.py took 0.079 seconds
[2024-04-01T07:11:11.634+0000] {processor.py:161} INFO - Started process (PID=1091) to work on /home/airflow/.local/lib/python3.8/site-packages/airflow/example_dags/example_latest_only.py
[2024-04-01T07:11:11.636+0000] {processor.py:830} INFO - Processing file /home/airflow/.local/lib/python3.8/site-packages/airflow/example_dags/example_latest_only.py for tasks to queue
[2024-04-01T07:11:11.638+0000] {logging_mixin.py:188} INFO - [2024-04-01T07:11:11.637+0000] {dagbag.py:540} INFO - Filling up the DagBag from /home/airflow/.local/lib/python3.8/site-packages/airflow/example_dags/example_latest_only.py
[2024-04-01T07:11:11.643+0000] {processor.py:840} INFO - DAG(s) 'latest_only' retrieved from /home/airflow/.local/lib/python3.8/site-packages/airflow/example_dags/example_latest_only.py
[2024-04-01T07:11:11.661+0000] {logging_mixin.py:188} INFO - [2024-04-01T07:11:11.660+0000] {dag.py:3047} INFO - Sync 1 DAGs
[2024-04-01T07:11:11.679+0000] {logging_mixin.py:188} INFO - [2024-04-01T07:11:11.679+0000] {dag.py:3834} INFO - Setting next_dagrun for latest_only to 2024-04-01 00:00:00+00:00, run_after=2024-04-01 04:00:00+00:00
[2024-04-01T07:11:11.690+0000] {processor.py:183} INFO - Processing /home/airflow/.local/lib/python3.8/site-packages/airflow/example_dags/example_latest_only.py took 0.059 seconds
[2024-04-01T07:11:41.804+0000] {processor.py:161} INFO - Started process (PID=1146) to work on /home/airflow/.local/lib/python3.8/site-packages/airflow/example_dags/example_latest_only.py
[2024-04-01T07:11:41.805+0000] {processor.py:830} INFO - Processing file /home/airflow/.local/lib/python3.8/site-packages/airflow/example_dags/example_latest_only.py for tasks to queue
[2024-04-01T07:11:41.807+0000] {logging_mixin.py:188} INFO - [2024-04-01T07:11:41.807+0000] {dagbag.py:540} INFO - Filling up the DagBag from /home/airflow/.local/lib/python3.8/site-packages/airflow/example_dags/example_latest_only.py
[2024-04-01T07:11:41.813+0000] {processor.py:840} INFO - DAG(s) 'latest_only' retrieved from /home/airflow/.local/lib/python3.8/site-packages/airflow/example_dags/example_latest_only.py
[2024-04-01T07:11:41.830+0000] {logging_mixin.py:188} INFO - [2024-04-01T07:11:41.830+0000] {dag.py:3047} INFO - Sync 1 DAGs
[2024-04-01T07:11:41.845+0000] {logging_mixin.py:188} INFO - [2024-04-01T07:11:41.845+0000] {dag.py:3834} INFO - Setting next_dagrun for latest_only to 2024-04-01 00:00:00+00:00, run_after=2024-04-01 04:00:00+00:00
[2024-04-01T07:11:41.855+0000] {processor.py:183} INFO - Processing /home/airflow/.local/lib/python3.8/site-packages/airflow/example_dags/example_latest_only.py took 0.057 seconds
[2024-04-01T07:12:12.000+0000] {processor.py:161} INFO - Started process (PID=1201) to work on /home/airflow/.local/lib/python3.8/site-packages/airflow/example_dags/example_latest_only.py
[2024-04-01T07:12:12.002+0000] {processor.py:830} INFO - Processing file /home/airflow/.local/lib/python3.8/site-packages/airflow/example_dags/example_latest_only.py for tasks to queue
[2024-04-01T07:12:12.004+0000] {logging_mixin.py:188} INFO - [2024-04-01T07:12:12.004+0000] {dagbag.py:540} INFO - Filling up the DagBag from /home/airflow/.local/lib/python3.8/site-packages/airflow/example_dags/example_latest_only.py
[2024-04-01T07:12:12.013+0000] {processor.py:840} INFO - DAG(s) 'latest_only' retrieved from /home/airflow/.local/lib/python3.8/site-packages/airflow/example_dags/example_latest_only.py
[2024-04-01T07:12:12.034+0000] {logging_mixin.py:188} INFO - [2024-04-01T07:12:12.034+0000] {dag.py:3047} INFO - Sync 1 DAGs
[2024-04-01T07:12:12.049+0000] {logging_mixin.py:188} INFO - [2024-04-01T07:12:12.049+0000] {dag.py:3834} INFO - Setting next_dagrun for latest_only to 2024-04-01 00:00:00+00:00, run_after=2024-04-01 04:00:00+00:00
[2024-04-01T07:12:12.060+0000] {processor.py:183} INFO - Processing /home/airflow/.local/lib/python3.8/site-packages/airflow/example_dags/example_latest_only.py took 0.063 seconds
