[2024-04-01T06:47:27.012+0000] {processor.py:161} INFO - Started process (PID=73) to work on /home/airflow/.local/lib/python3.8/site-packages/airflow/example_dags/example_task_group_decorator.py
[2024-04-01T06:47:27.013+0000] {processor.py:830} INFO - Processing file /home/airflow/.local/lib/python3.8/site-packages/airflow/example_dags/example_task_group_decorator.py for tasks to queue
[2024-04-01T06:47:27.014+0000] {logging_mixin.py:188} INFO - [2024-04-01T06:47:27.014+0000] {dagbag.py:540} INFO - Filling up the DagBag from /home/airflow/.local/lib/python3.8/site-packages/airflow/example_dags/example_task_group_decorator.py
[2024-04-01T06:47:27.025+0000] {processor.py:840} INFO - DAG(s) 'example_task_group_decorator' retrieved from /home/airflow/.local/lib/python3.8/site-packages/airflow/example_dags/example_task_group_decorator.py
[2024-04-01T06:47:27.035+0000] {logging_mixin.py:188} INFO - [2024-04-01T06:47:27.035+0000] {dag.py:3047} INFO - Sync 1 DAGs
[2024-04-01T06:47:27.053+0000] {logging_mixin.py:188} INFO - [2024-04-01T06:47:27.053+0000] {dag.py:3834} INFO - Setting next_dagrun for example_task_group_decorator to 2024-03-31 00:00:00+00:00, run_after=2024-04-01 00:00:00+00:00
[2024-04-01T06:47:27.064+0000] {processor.py:183} INFO - Processing /home/airflow/.local/lib/python3.8/site-packages/airflow/example_dags/example_task_group_decorator.py took 0.056 seconds
[2024-04-01T06:47:58.361+0000] {processor.py:161} INFO - Started process (PID=128) to work on /home/airflow/.local/lib/python3.8/site-packages/airflow/example_dags/example_task_group_decorator.py
[2024-04-01T06:47:58.362+0000] {processor.py:830} INFO - Processing file /home/airflow/.local/lib/python3.8/site-packages/airflow/example_dags/example_task_group_decorator.py for tasks to queue
[2024-04-01T06:47:58.363+0000] {logging_mixin.py:188} INFO - [2024-04-01T06:47:58.363+0000] {dagbag.py:540} INFO - Filling up the DagBag from /home/airflow/.local/lib/python3.8/site-packages/airflow/example_dags/example_task_group_decorator.py
[2024-04-01T06:47:58.372+0000] {processor.py:840} INFO - DAG(s) 'example_task_group_decorator' retrieved from /home/airflow/.local/lib/python3.8/site-packages/airflow/example_dags/example_task_group_decorator.py
[2024-04-01T06:47:58.424+0000] {logging_mixin.py:188} INFO - [2024-04-01T06:47:58.424+0000] {dag.py:3047} INFO - Sync 1 DAGs
[2024-04-01T06:47:58.434+0000] {logging_mixin.py:188} INFO - [2024-04-01T06:47:58.434+0000] {dag.py:3834} INFO - Setting next_dagrun for example_task_group_decorator to 2024-03-31 00:00:00+00:00, run_after=2024-04-01 00:00:00+00:00
[2024-04-01T06:47:58.444+0000] {processor.py:183} INFO - Processing /home/airflow/.local/lib/python3.8/site-packages/airflow/example_dags/example_task_group_decorator.py took 0.084 seconds
[2024-04-01T06:48:28.499+0000] {processor.py:161} INFO - Started process (PID=183) to work on /home/airflow/.local/lib/python3.8/site-packages/airflow/example_dags/example_task_group_decorator.py
[2024-04-01T06:48:28.500+0000] {processor.py:830} INFO - Processing file /home/airflow/.local/lib/python3.8/site-packages/airflow/example_dags/example_task_group_decorator.py for tasks to queue
[2024-04-01T06:48:28.502+0000] {logging_mixin.py:188} INFO - [2024-04-01T06:48:28.501+0000] {dagbag.py:540} INFO - Filling up the DagBag from /home/airflow/.local/lib/python3.8/site-packages/airflow/example_dags/example_task_group_decorator.py
[2024-04-01T06:48:28.511+0000] {processor.py:840} INFO - DAG(s) 'example_task_group_decorator' retrieved from /home/airflow/.local/lib/python3.8/site-packages/airflow/example_dags/example_task_group_decorator.py
[2024-04-01T06:48:28.527+0000] {logging_mixin.py:188} INFO - [2024-04-01T06:48:28.526+0000] {dag.py:3047} INFO - Sync 1 DAGs
[2024-04-01T06:48:28.539+0000] {logging_mixin.py:188} INFO - [2024-04-01T06:48:28.539+0000] {dag.py:3834} INFO - Setting next_dagrun for example_task_group_decorator to 2024-03-31 00:00:00+00:00, run_after=2024-04-01 00:00:00+00:00
[2024-04-01T06:48:28.549+0000] {processor.py:183} INFO - Processing /home/airflow/.local/lib/python3.8/site-packages/airflow/example_dags/example_task_group_decorator.py took 0.053 seconds
[2024-04-01T06:48:59.186+0000] {processor.py:161} INFO - Started process (PID=238) to work on /home/airflow/.local/lib/python3.8/site-packages/airflow/example_dags/example_task_group_decorator.py
[2024-04-01T06:48:59.187+0000] {processor.py:830} INFO - Processing file /home/airflow/.local/lib/python3.8/site-packages/airflow/example_dags/example_task_group_decorator.py for tasks to queue
[2024-04-01T06:48:59.188+0000] {logging_mixin.py:188} INFO - [2024-04-01T06:48:59.188+0000] {dagbag.py:540} INFO - Filling up the DagBag from /home/airflow/.local/lib/python3.8/site-packages/airflow/example_dags/example_task_group_decorator.py
[2024-04-01T06:48:59.196+0000] {processor.py:840} INFO - DAG(s) 'example_task_group_decorator' retrieved from /home/airflow/.local/lib/python3.8/site-packages/airflow/example_dags/example_task_group_decorator.py
[2024-04-01T06:48:59.209+0000] {logging_mixin.py:188} INFO - [2024-04-01T06:48:59.209+0000] {dag.py:3047} INFO - Sync 1 DAGs
[2024-04-01T06:48:59.221+0000] {logging_mixin.py:188} INFO - [2024-04-01T06:48:59.221+0000] {dag.py:3834} INFO - Setting next_dagrun for example_task_group_decorator to 2024-03-31 00:00:00+00:00, run_after=2024-04-01 00:00:00+00:00
[2024-04-01T06:48:59.230+0000] {processor.py:183} INFO - Processing /home/airflow/.local/lib/python3.8/site-packages/airflow/example_dags/example_task_group_decorator.py took 0.046 seconds
[2024-04-01T06:49:29.860+0000] {processor.py:161} INFO - Started process (PID=293) to work on /home/airflow/.local/lib/python3.8/site-packages/airflow/example_dags/example_task_group_decorator.py
[2024-04-01T06:49:29.860+0000] {processor.py:830} INFO - Processing file /home/airflow/.local/lib/python3.8/site-packages/airflow/example_dags/example_task_group_decorator.py for tasks to queue
[2024-04-01T06:49:29.861+0000] {logging_mixin.py:188} INFO - [2024-04-01T06:49:29.861+0000] {dagbag.py:540} INFO - Filling up the DagBag from /home/airflow/.local/lib/python3.8/site-packages/airflow/example_dags/example_task_group_decorator.py
[2024-04-01T06:49:29.870+0000] {processor.py:840} INFO - DAG(s) 'example_task_group_decorator' retrieved from /home/airflow/.local/lib/python3.8/site-packages/airflow/example_dags/example_task_group_decorator.py
[2024-04-01T06:49:29.883+0000] {logging_mixin.py:188} INFO - [2024-04-01T06:49:29.883+0000] {dag.py:3047} INFO - Sync 1 DAGs
[2024-04-01T06:49:29.894+0000] {logging_mixin.py:188} INFO - [2024-04-01T06:49:29.894+0000] {dag.py:3834} INFO - Setting next_dagrun for example_task_group_decorator to 2024-03-31 00:00:00+00:00, run_after=2024-04-01 00:00:00+00:00
[2024-04-01T06:49:29.902+0000] {processor.py:183} INFO - Processing /home/airflow/.local/lib/python3.8/site-packages/airflow/example_dags/example_task_group_decorator.py took 0.044 seconds
[2024-04-01T06:50:00.913+0000] {processor.py:161} INFO - Started process (PID=348) to work on /home/airflow/.local/lib/python3.8/site-packages/airflow/example_dags/example_task_group_decorator.py
[2024-04-01T06:50:00.914+0000] {processor.py:830} INFO - Processing file /home/airflow/.local/lib/python3.8/site-packages/airflow/example_dags/example_task_group_decorator.py for tasks to queue
[2024-04-01T06:50:00.915+0000] {logging_mixin.py:188} INFO - [2024-04-01T06:50:00.915+0000] {dagbag.py:540} INFO - Filling up the DagBag from /home/airflow/.local/lib/python3.8/site-packages/airflow/example_dags/example_task_group_decorator.py
[2024-04-01T06:50:00.925+0000] {processor.py:840} INFO - DAG(s) 'example_task_group_decorator' retrieved from /home/airflow/.local/lib/python3.8/site-packages/airflow/example_dags/example_task_group_decorator.py
[2024-04-01T06:50:00.943+0000] {logging_mixin.py:188} INFO - [2024-04-01T06:50:00.943+0000] {dag.py:3047} INFO - Sync 1 DAGs
[2024-04-01T06:50:00.957+0000] {logging_mixin.py:188} INFO - [2024-04-01T06:50:00.957+0000] {dag.py:3834} INFO - Setting next_dagrun for example_task_group_decorator to 2024-03-31 00:00:00+00:00, run_after=2024-04-01 00:00:00+00:00
[2024-04-01T06:50:00.967+0000] {processor.py:183} INFO - Processing /home/airflow/.local/lib/python3.8/site-packages/airflow/example_dags/example_task_group_decorator.py took 0.057 seconds
[2024-04-01T06:50:31.880+0000] {processor.py:161} INFO - Started process (PID=403) to work on /home/airflow/.local/lib/python3.8/site-packages/airflow/example_dags/example_task_group_decorator.py
[2024-04-01T06:50:31.880+0000] {processor.py:830} INFO - Processing file /home/airflow/.local/lib/python3.8/site-packages/airflow/example_dags/example_task_group_decorator.py for tasks to queue
[2024-04-01T06:50:31.881+0000] {logging_mixin.py:188} INFO - [2024-04-01T06:50:31.881+0000] {dagbag.py:540} INFO - Filling up the DagBag from /home/airflow/.local/lib/python3.8/site-packages/airflow/example_dags/example_task_group_decorator.py
[2024-04-01T06:50:31.889+0000] {processor.py:840} INFO - DAG(s) 'example_task_group_decorator' retrieved from /home/airflow/.local/lib/python3.8/site-packages/airflow/example_dags/example_task_group_decorator.py
[2024-04-01T06:50:31.902+0000] {logging_mixin.py:188} INFO - [2024-04-01T06:50:31.902+0000] {dag.py:3047} INFO - Sync 1 DAGs
[2024-04-01T06:50:31.913+0000] {logging_mixin.py:188} INFO - [2024-04-01T06:50:31.913+0000] {dag.py:3834} INFO - Setting next_dagrun for example_task_group_decorator to 2024-03-31 00:00:00+00:00, run_after=2024-04-01 00:00:00+00:00
[2024-04-01T06:50:31.921+0000] {processor.py:183} INFO - Processing /home/airflow/.local/lib/python3.8/site-packages/airflow/example_dags/example_task_group_decorator.py took 0.043 seconds
[2024-04-01T06:51:02.548+0000] {processor.py:161} INFO - Started process (PID=458) to work on /home/airflow/.local/lib/python3.8/site-packages/airflow/example_dags/example_task_group_decorator.py
[2024-04-01T06:51:02.548+0000] {processor.py:830} INFO - Processing file /home/airflow/.local/lib/python3.8/site-packages/airflow/example_dags/example_task_group_decorator.py for tasks to queue
[2024-04-01T06:51:02.549+0000] {logging_mixin.py:188} INFO - [2024-04-01T06:51:02.549+0000] {dagbag.py:540} INFO - Filling up the DagBag from /home/airflow/.local/lib/python3.8/site-packages/airflow/example_dags/example_task_group_decorator.py
[2024-04-01T06:51:02.557+0000] {processor.py:840} INFO - DAG(s) 'example_task_group_decorator' retrieved from /home/airflow/.local/lib/python3.8/site-packages/airflow/example_dags/example_task_group_decorator.py
[2024-04-01T06:51:02.570+0000] {logging_mixin.py:188} INFO - [2024-04-01T06:51:02.570+0000] {dag.py:3047} INFO - Sync 1 DAGs
[2024-04-01T06:51:02.582+0000] {logging_mixin.py:188} INFO - [2024-04-01T06:51:02.582+0000] {dag.py:3834} INFO - Setting next_dagrun for example_task_group_decorator to 2024-03-31 00:00:00+00:00, run_after=2024-04-01 00:00:00+00:00
[2024-04-01T06:51:02.590+0000] {processor.py:183} INFO - Processing /home/airflow/.local/lib/python3.8/site-packages/airflow/example_dags/example_task_group_decorator.py took 0.044 seconds
[2024-04-01T06:51:33.286+0000] {processor.py:161} INFO - Started process (PID=513) to work on /home/airflow/.local/lib/python3.8/site-packages/airflow/example_dags/example_task_group_decorator.py
[2024-04-01T06:51:33.287+0000] {processor.py:830} INFO - Processing file /home/airflow/.local/lib/python3.8/site-packages/airflow/example_dags/example_task_group_decorator.py for tasks to queue
[2024-04-01T06:51:33.288+0000] {logging_mixin.py:188} INFO - [2024-04-01T06:51:33.288+0000] {dagbag.py:540} INFO - Filling up the DagBag from /home/airflow/.local/lib/python3.8/site-packages/airflow/example_dags/example_task_group_decorator.py
[2024-04-01T06:51:33.296+0000] {processor.py:840} INFO - DAG(s) 'example_task_group_decorator' retrieved from /home/airflow/.local/lib/python3.8/site-packages/airflow/example_dags/example_task_group_decorator.py
[2024-04-01T06:51:33.310+0000] {logging_mixin.py:188} INFO - [2024-04-01T06:51:33.310+0000] {dag.py:3047} INFO - Sync 1 DAGs
[2024-04-01T06:51:33.321+0000] {logging_mixin.py:188} INFO - [2024-04-01T06:51:33.321+0000] {dag.py:3834} INFO - Setting next_dagrun for example_task_group_decorator to 2024-03-31 00:00:00+00:00, run_after=2024-04-01 00:00:00+00:00
[2024-04-01T06:51:33.330+0000] {processor.py:183} INFO - Processing /home/airflow/.local/lib/python3.8/site-packages/airflow/example_dags/example_task_group_decorator.py took 0.046 seconds
[2024-04-01T06:52:04.143+0000] {processor.py:161} INFO - Started process (PID=568) to work on /home/airflow/.local/lib/python3.8/site-packages/airflow/example_dags/example_task_group_decorator.py
[2024-04-01T06:52:04.143+0000] {processor.py:830} INFO - Processing file /home/airflow/.local/lib/python3.8/site-packages/airflow/example_dags/example_task_group_decorator.py for tasks to queue
[2024-04-01T06:52:04.144+0000] {logging_mixin.py:188} INFO - [2024-04-01T06:52:04.144+0000] {dagbag.py:540} INFO - Filling up the DagBag from /home/airflow/.local/lib/python3.8/site-packages/airflow/example_dags/example_task_group_decorator.py
[2024-04-01T06:52:04.153+0000] {processor.py:840} INFO - DAG(s) 'example_task_group_decorator' retrieved from /home/airflow/.local/lib/python3.8/site-packages/airflow/example_dags/example_task_group_decorator.py
[2024-04-01T06:52:04.169+0000] {logging_mixin.py:188} INFO - [2024-04-01T06:52:04.169+0000] {dag.py:3047} INFO - Sync 1 DAGs
[2024-04-01T06:52:04.181+0000] {logging_mixin.py:188} INFO - [2024-04-01T06:52:04.181+0000] {dag.py:3834} INFO - Setting next_dagrun for example_task_group_decorator to 2024-03-31 00:00:00+00:00, run_after=2024-04-01 00:00:00+00:00
[2024-04-01T06:52:04.191+0000] {processor.py:183} INFO - Processing /home/airflow/.local/lib/python3.8/site-packages/airflow/example_dags/example_task_group_decorator.py took 0.050 seconds
[2024-04-01T06:52:34.968+0000] {processor.py:161} INFO - Started process (PID=623) to work on /home/airflow/.local/lib/python3.8/site-packages/airflow/example_dags/example_task_group_decorator.py
[2024-04-01T06:52:34.969+0000] {processor.py:830} INFO - Processing file /home/airflow/.local/lib/python3.8/site-packages/airflow/example_dags/example_task_group_decorator.py for tasks to queue
[2024-04-01T06:52:34.971+0000] {logging_mixin.py:188} INFO - [2024-04-01T06:52:34.971+0000] {dagbag.py:540} INFO - Filling up the DagBag from /home/airflow/.local/lib/python3.8/site-packages/airflow/example_dags/example_task_group_decorator.py
[2024-04-01T06:52:34.981+0000] {processor.py:840} INFO - DAG(s) 'example_task_group_decorator' retrieved from /home/airflow/.local/lib/python3.8/site-packages/airflow/example_dags/example_task_group_decorator.py
[2024-04-01T06:52:34.998+0000] {logging_mixin.py:188} INFO - [2024-04-01T06:52:34.998+0000] {dag.py:3047} INFO - Sync 1 DAGs
[2024-04-01T06:52:35.013+0000] {logging_mixin.py:188} INFO - [2024-04-01T06:52:35.013+0000] {dag.py:3834} INFO - Setting next_dagrun for example_task_group_decorator to 2024-03-31 00:00:00+00:00, run_after=2024-04-01 00:00:00+00:00
[2024-04-01T06:52:35.024+0000] {processor.py:183} INFO - Processing /home/airflow/.local/lib/python3.8/site-packages/airflow/example_dags/example_task_group_decorator.py took 0.058 seconds
[2024-04-01T06:53:05.200+0000] {processor.py:161} INFO - Started process (PID=678) to work on /home/airflow/.local/lib/python3.8/site-packages/airflow/example_dags/example_task_group_decorator.py
[2024-04-01T06:53:05.201+0000] {processor.py:830} INFO - Processing file /home/airflow/.local/lib/python3.8/site-packages/airflow/example_dags/example_task_group_decorator.py for tasks to queue
[2024-04-01T06:53:05.202+0000] {logging_mixin.py:188} INFO - [2024-04-01T06:53:05.202+0000] {dagbag.py:540} INFO - Filling up the DagBag from /home/airflow/.local/lib/python3.8/site-packages/airflow/example_dags/example_task_group_decorator.py
[2024-04-01T06:53:05.211+0000] {processor.py:840} INFO - DAG(s) 'example_task_group_decorator' retrieved from /home/airflow/.local/lib/python3.8/site-packages/airflow/example_dags/example_task_group_decorator.py
[2024-04-01T06:53:05.225+0000] {logging_mixin.py:188} INFO - [2024-04-01T06:53:05.225+0000] {dag.py:3047} INFO - Sync 1 DAGs
[2024-04-01T06:53:05.237+0000] {logging_mixin.py:188} INFO - [2024-04-01T06:53:05.237+0000] {dag.py:3834} INFO - Setting next_dagrun for example_task_group_decorator to 2024-03-31 00:00:00+00:00, run_after=2024-04-01 00:00:00+00:00
[2024-04-01T06:53:05.247+0000] {processor.py:183} INFO - Processing /home/airflow/.local/lib/python3.8/site-packages/airflow/example_dags/example_task_group_decorator.py took 0.049 seconds
[2024-04-01T06:53:35.434+0000] {processor.py:161} INFO - Started process (PID=733) to work on /home/airflow/.local/lib/python3.8/site-packages/airflow/example_dags/example_task_group_decorator.py
[2024-04-01T06:53:35.435+0000] {processor.py:830} INFO - Processing file /home/airflow/.local/lib/python3.8/site-packages/airflow/example_dags/example_task_group_decorator.py for tasks to queue
[2024-04-01T06:53:35.437+0000] {logging_mixin.py:188} INFO - [2024-04-01T06:53:35.437+0000] {dagbag.py:540} INFO - Filling up the DagBag from /home/airflow/.local/lib/python3.8/site-packages/airflow/example_dags/example_task_group_decorator.py
[2024-04-01T06:53:35.448+0000] {processor.py:840} INFO - DAG(s) 'example_task_group_decorator' retrieved from /home/airflow/.local/lib/python3.8/site-packages/airflow/example_dags/example_task_group_decorator.py
[2024-04-01T06:53:35.467+0000] {logging_mixin.py:188} INFO - [2024-04-01T06:53:35.467+0000] {dag.py:3047} INFO - Sync 1 DAGs
[2024-04-01T06:53:35.482+0000] {logging_mixin.py:188} INFO - [2024-04-01T06:53:35.482+0000] {dag.py:3834} INFO - Setting next_dagrun for example_task_group_decorator to 2024-03-31 00:00:00+00:00, run_after=2024-04-01 00:00:00+00:00
[2024-04-01T06:53:35.493+0000] {processor.py:183} INFO - Processing /home/airflow/.local/lib/python3.8/site-packages/airflow/example_dags/example_task_group_decorator.py took 0.061 seconds
[2024-04-01T06:54:06.176+0000] {processor.py:161} INFO - Started process (PID=788) to work on /home/airflow/.local/lib/python3.8/site-packages/airflow/example_dags/example_task_group_decorator.py
[2024-04-01T06:54:06.177+0000] {processor.py:830} INFO - Processing file /home/airflow/.local/lib/python3.8/site-packages/airflow/example_dags/example_task_group_decorator.py for tasks to queue
[2024-04-01T06:54:06.178+0000] {logging_mixin.py:188} INFO - [2024-04-01T06:54:06.178+0000] {dagbag.py:540} INFO - Filling up the DagBag from /home/airflow/.local/lib/python3.8/site-packages/airflow/example_dags/example_task_group_decorator.py
[2024-04-01T06:54:06.186+0000] {processor.py:840} INFO - DAG(s) 'example_task_group_decorator' retrieved from /home/airflow/.local/lib/python3.8/site-packages/airflow/example_dags/example_task_group_decorator.py
[2024-04-01T06:54:06.201+0000] {logging_mixin.py:188} INFO - [2024-04-01T06:54:06.201+0000] {dag.py:3047} INFO - Sync 1 DAGs
[2024-04-01T06:54:06.213+0000] {logging_mixin.py:188} INFO - [2024-04-01T06:54:06.213+0000] {dag.py:3834} INFO - Setting next_dagrun for example_task_group_decorator to 2024-03-31 00:00:00+00:00, run_after=2024-04-01 00:00:00+00:00
[2024-04-01T06:54:06.222+0000] {processor.py:183} INFO - Processing /home/airflow/.local/lib/python3.8/site-packages/airflow/example_dags/example_task_group_decorator.py took 0.048 seconds
[2024-04-01T06:54:36.880+0000] {processor.py:161} INFO - Started process (PID=843) to work on /home/airflow/.local/lib/python3.8/site-packages/airflow/example_dags/example_task_group_decorator.py
[2024-04-01T06:54:36.880+0000] {processor.py:830} INFO - Processing file /home/airflow/.local/lib/python3.8/site-packages/airflow/example_dags/example_task_group_decorator.py for tasks to queue
[2024-04-01T06:54:36.881+0000] {logging_mixin.py:188} INFO - [2024-04-01T06:54:36.881+0000] {dagbag.py:540} INFO - Filling up the DagBag from /home/airflow/.local/lib/python3.8/site-packages/airflow/example_dags/example_task_group_decorator.py
[2024-04-01T06:54:36.890+0000] {processor.py:840} INFO - DAG(s) 'example_task_group_decorator' retrieved from /home/airflow/.local/lib/python3.8/site-packages/airflow/example_dags/example_task_group_decorator.py
[2024-04-01T06:54:36.904+0000] {logging_mixin.py:188} INFO - [2024-04-01T06:54:36.904+0000] {dag.py:3047} INFO - Sync 1 DAGs
[2024-04-01T06:54:36.917+0000] {logging_mixin.py:188} INFO - [2024-04-01T06:54:36.917+0000] {dag.py:3834} INFO - Setting next_dagrun for example_task_group_decorator to 2024-03-31 00:00:00+00:00, run_after=2024-04-01 00:00:00+00:00
[2024-04-01T06:54:36.926+0000] {processor.py:183} INFO - Processing /home/airflow/.local/lib/python3.8/site-packages/airflow/example_dags/example_task_group_decorator.py took 0.048 seconds
[2024-04-01T06:55:07.642+0000] {processor.py:161} INFO - Started process (PID=898) to work on /home/airflow/.local/lib/python3.8/site-packages/airflow/example_dags/example_task_group_decorator.py
[2024-04-01T06:55:07.643+0000] {processor.py:830} INFO - Processing file /home/airflow/.local/lib/python3.8/site-packages/airflow/example_dags/example_task_group_decorator.py for tasks to queue
[2024-04-01T06:55:07.644+0000] {logging_mixin.py:188} INFO - [2024-04-01T06:55:07.644+0000] {dagbag.py:540} INFO - Filling up the DagBag from /home/airflow/.local/lib/python3.8/site-packages/airflow/example_dags/example_task_group_decorator.py
[2024-04-01T06:55:07.654+0000] {processor.py:840} INFO - DAG(s) 'example_task_group_decorator' retrieved from /home/airflow/.local/lib/python3.8/site-packages/airflow/example_dags/example_task_group_decorator.py
[2024-04-01T06:55:07.670+0000] {logging_mixin.py:188} INFO - [2024-04-01T06:55:07.670+0000] {dag.py:3047} INFO - Sync 1 DAGs
[2024-04-01T06:55:07.683+0000] {logging_mixin.py:188} INFO - [2024-04-01T06:55:07.683+0000] {dag.py:3834} INFO - Setting next_dagrun for example_task_group_decorator to 2024-03-31 00:00:00+00:00, run_after=2024-04-01 00:00:00+00:00
[2024-04-01T06:55:07.693+0000] {processor.py:183} INFO - Processing /home/airflow/.local/lib/python3.8/site-packages/airflow/example_dags/example_task_group_decorator.py took 0.054 seconds
[2024-04-01T06:55:38.378+0000] {processor.py:161} INFO - Started process (PID=953) to work on /home/airflow/.local/lib/python3.8/site-packages/airflow/example_dags/example_task_group_decorator.py
[2024-04-01T06:55:38.378+0000] {processor.py:830} INFO - Processing file /home/airflow/.local/lib/python3.8/site-packages/airflow/example_dags/example_task_group_decorator.py for tasks to queue
[2024-04-01T06:55:38.379+0000] {logging_mixin.py:188} INFO - [2024-04-01T06:55:38.379+0000] {dagbag.py:540} INFO - Filling up the DagBag from /home/airflow/.local/lib/python3.8/site-packages/airflow/example_dags/example_task_group_decorator.py
[2024-04-01T06:55:38.388+0000] {processor.py:840} INFO - DAG(s) 'example_task_group_decorator' retrieved from /home/airflow/.local/lib/python3.8/site-packages/airflow/example_dags/example_task_group_decorator.py
[2024-04-01T06:55:38.403+0000] {logging_mixin.py:188} INFO - [2024-04-01T06:55:38.402+0000] {dag.py:3047} INFO - Sync 1 DAGs
[2024-04-01T06:55:38.417+0000] {logging_mixin.py:188} INFO - [2024-04-01T06:55:38.417+0000] {dag.py:3834} INFO - Setting next_dagrun for example_task_group_decorator to 2024-03-31 00:00:00+00:00, run_after=2024-04-01 00:00:00+00:00
[2024-04-01T06:55:38.428+0000] {processor.py:183} INFO - Processing /home/airflow/.local/lib/python3.8/site-packages/airflow/example_dags/example_task_group_decorator.py took 0.052 seconds
[2024-04-01T06:56:09.062+0000] {processor.py:161} INFO - Started process (PID=1008) to work on /home/airflow/.local/lib/python3.8/site-packages/airflow/example_dags/example_task_group_decorator.py
[2024-04-01T06:56:09.062+0000] {processor.py:830} INFO - Processing file /home/airflow/.local/lib/python3.8/site-packages/airflow/example_dags/example_task_group_decorator.py for tasks to queue
[2024-04-01T06:56:09.063+0000] {logging_mixin.py:188} INFO - [2024-04-01T06:56:09.063+0000] {dagbag.py:540} INFO - Filling up the DagBag from /home/airflow/.local/lib/python3.8/site-packages/airflow/example_dags/example_task_group_decorator.py
[2024-04-01T06:56:09.072+0000] {processor.py:840} INFO - DAG(s) 'example_task_group_decorator' retrieved from /home/airflow/.local/lib/python3.8/site-packages/airflow/example_dags/example_task_group_decorator.py
[2024-04-01T06:56:09.086+0000] {logging_mixin.py:188} INFO - [2024-04-01T06:56:09.086+0000] {dag.py:3047} INFO - Sync 1 DAGs
[2024-04-01T06:56:09.098+0000] {logging_mixin.py:188} INFO - [2024-04-01T06:56:09.098+0000] {dag.py:3834} INFO - Setting next_dagrun for example_task_group_decorator to 2024-03-31 00:00:00+00:00, run_after=2024-04-01 00:00:00+00:00
[2024-04-01T06:56:09.106+0000] {processor.py:183} INFO - Processing /home/airflow/.local/lib/python3.8/site-packages/airflow/example_dags/example_task_group_decorator.py took 0.046 seconds
[2024-04-01T06:56:39.852+0000] {processor.py:161} INFO - Started process (PID=1062) to work on /home/airflow/.local/lib/python3.8/site-packages/airflow/example_dags/example_task_group_decorator.py
[2024-04-01T06:56:39.853+0000] {processor.py:830} INFO - Processing file /home/airflow/.local/lib/python3.8/site-packages/airflow/example_dags/example_task_group_decorator.py for tasks to queue
[2024-04-01T06:56:39.854+0000] {logging_mixin.py:188} INFO - [2024-04-01T06:56:39.854+0000] {dagbag.py:540} INFO - Filling up the DagBag from /home/airflow/.local/lib/python3.8/site-packages/airflow/example_dags/example_task_group_decorator.py
[2024-04-01T06:56:39.862+0000] {processor.py:840} INFO - DAG(s) 'example_task_group_decorator' retrieved from /home/airflow/.local/lib/python3.8/site-packages/airflow/example_dags/example_task_group_decorator.py
[2024-04-01T06:56:39.876+0000] {logging_mixin.py:188} INFO - [2024-04-01T06:56:39.876+0000] {dag.py:3047} INFO - Sync 1 DAGs
[2024-04-01T06:56:39.888+0000] {logging_mixin.py:188} INFO - [2024-04-01T06:56:39.888+0000] {dag.py:3834} INFO - Setting next_dagrun for example_task_group_decorator to 2024-03-31 00:00:00+00:00, run_after=2024-04-01 00:00:00+00:00
[2024-04-01T06:56:39.898+0000] {processor.py:183} INFO - Processing /home/airflow/.local/lib/python3.8/site-packages/airflow/example_dags/example_task_group_decorator.py took 0.047 seconds
[2024-04-01T06:57:10.012+0000] {processor.py:161} INFO - Started process (PID=1117) to work on /home/airflow/.local/lib/python3.8/site-packages/airflow/example_dags/example_task_group_decorator.py
[2024-04-01T06:57:10.013+0000] {processor.py:830} INFO - Processing file /home/airflow/.local/lib/python3.8/site-packages/airflow/example_dags/example_task_group_decorator.py for tasks to queue
[2024-04-01T06:57:10.014+0000] {logging_mixin.py:188} INFO - [2024-04-01T06:57:10.014+0000] {dagbag.py:540} INFO - Filling up the DagBag from /home/airflow/.local/lib/python3.8/site-packages/airflow/example_dags/example_task_group_decorator.py
[2024-04-01T06:57:10.022+0000] {processor.py:840} INFO - DAG(s) 'example_task_group_decorator' retrieved from /home/airflow/.local/lib/python3.8/site-packages/airflow/example_dags/example_task_group_decorator.py
[2024-04-01T06:57:10.038+0000] {logging_mixin.py:188} INFO - [2024-04-01T06:57:10.038+0000] {dag.py:3047} INFO - Sync 1 DAGs
[2024-04-01T06:57:10.051+0000] {logging_mixin.py:188} INFO - [2024-04-01T06:57:10.051+0000] {dag.py:3834} INFO - Setting next_dagrun for example_task_group_decorator to 2024-03-31 00:00:00+00:00, run_after=2024-04-01 00:00:00+00:00
[2024-04-01T06:57:10.062+0000] {processor.py:183} INFO - Processing /home/airflow/.local/lib/python3.8/site-packages/airflow/example_dags/example_task_group_decorator.py took 0.053 seconds
[2024-04-01T06:57:40.715+0000] {processor.py:161} INFO - Started process (PID=1172) to work on /home/airflow/.local/lib/python3.8/site-packages/airflow/example_dags/example_task_group_decorator.py
[2024-04-01T06:57:40.715+0000] {processor.py:830} INFO - Processing file /home/airflow/.local/lib/python3.8/site-packages/airflow/example_dags/example_task_group_decorator.py for tasks to queue
[2024-04-01T06:57:40.716+0000] {logging_mixin.py:188} INFO - [2024-04-01T06:57:40.716+0000] {dagbag.py:540} INFO - Filling up the DagBag from /home/airflow/.local/lib/python3.8/site-packages/airflow/example_dags/example_task_group_decorator.py
[2024-04-01T06:57:40.725+0000] {processor.py:840} INFO - DAG(s) 'example_task_group_decorator' retrieved from /home/airflow/.local/lib/python3.8/site-packages/airflow/example_dags/example_task_group_decorator.py
[2024-04-01T06:57:40.740+0000] {logging_mixin.py:188} INFO - [2024-04-01T06:57:40.739+0000] {dag.py:3047} INFO - Sync 1 DAGs
[2024-04-01T06:57:40.751+0000] {logging_mixin.py:188} INFO - [2024-04-01T06:57:40.751+0000] {dag.py:3834} INFO - Setting next_dagrun for example_task_group_decorator to 2024-03-31 00:00:00+00:00, run_after=2024-04-01 00:00:00+00:00
[2024-04-01T06:57:40.760+0000] {processor.py:183} INFO - Processing /home/airflow/.local/lib/python3.8/site-packages/airflow/example_dags/example_task_group_decorator.py took 0.047 seconds
[2024-04-01T06:58:11.508+0000] {processor.py:161} INFO - Started process (PID=1227) to work on /home/airflow/.local/lib/python3.8/site-packages/airflow/example_dags/example_task_group_decorator.py
[2024-04-01T06:58:11.508+0000] {processor.py:830} INFO - Processing file /home/airflow/.local/lib/python3.8/site-packages/airflow/example_dags/example_task_group_decorator.py for tasks to queue
[2024-04-01T06:58:11.509+0000] {logging_mixin.py:188} INFO - [2024-04-01T06:58:11.509+0000] {dagbag.py:540} INFO - Filling up the DagBag from /home/airflow/.local/lib/python3.8/site-packages/airflow/example_dags/example_task_group_decorator.py
[2024-04-01T06:58:11.518+0000] {processor.py:840} INFO - DAG(s) 'example_task_group_decorator' retrieved from /home/airflow/.local/lib/python3.8/site-packages/airflow/example_dags/example_task_group_decorator.py
[2024-04-01T06:58:11.533+0000] {logging_mixin.py:188} INFO - [2024-04-01T06:58:11.533+0000] {dag.py:3047} INFO - Sync 1 DAGs
[2024-04-01T06:58:11.548+0000] {logging_mixin.py:188} INFO - [2024-04-01T06:58:11.548+0000] {dag.py:3834} INFO - Setting next_dagrun for example_task_group_decorator to 2024-03-31 00:00:00+00:00, run_after=2024-04-01 00:00:00+00:00
[2024-04-01T06:58:11.560+0000] {processor.py:183} INFO - Processing /home/airflow/.local/lib/python3.8/site-packages/airflow/example_dags/example_task_group_decorator.py took 0.054 seconds
[2024-04-01T06:58:41.615+0000] {processor.py:161} INFO - Started process (PID=1282) to work on /home/airflow/.local/lib/python3.8/site-packages/airflow/example_dags/example_task_group_decorator.py
[2024-04-01T06:58:41.616+0000] {processor.py:830} INFO - Processing file /home/airflow/.local/lib/python3.8/site-packages/airflow/example_dags/example_task_group_decorator.py for tasks to queue
[2024-04-01T06:58:41.617+0000] {logging_mixin.py:188} INFO - [2024-04-01T06:58:41.617+0000] {dagbag.py:540} INFO - Filling up the DagBag from /home/airflow/.local/lib/python3.8/site-packages/airflow/example_dags/example_task_group_decorator.py
[2024-04-01T06:58:41.626+0000] {processor.py:840} INFO - DAG(s) 'example_task_group_decorator' retrieved from /home/airflow/.local/lib/python3.8/site-packages/airflow/example_dags/example_task_group_decorator.py
[2024-04-01T06:58:41.640+0000] {logging_mixin.py:188} INFO - [2024-04-01T06:58:41.640+0000] {dag.py:3047} INFO - Sync 1 DAGs
[2024-04-01T06:58:41.654+0000] {logging_mixin.py:188} INFO - [2024-04-01T06:58:41.654+0000] {dag.py:3834} INFO - Setting next_dagrun for example_task_group_decorator to 2024-03-31 00:00:00+00:00, run_after=2024-04-01 00:00:00+00:00
[2024-04-01T06:58:41.663+0000] {processor.py:183} INFO - Processing /home/airflow/.local/lib/python3.8/site-packages/airflow/example_dags/example_task_group_decorator.py took 0.050 seconds
[2024-04-01T06:59:12.244+0000] {processor.py:161} INFO - Started process (PID=1337) to work on /home/airflow/.local/lib/python3.8/site-packages/airflow/example_dags/example_task_group_decorator.py
[2024-04-01T06:59:12.245+0000] {processor.py:830} INFO - Processing file /home/airflow/.local/lib/python3.8/site-packages/airflow/example_dags/example_task_group_decorator.py for tasks to queue
[2024-04-01T06:59:12.246+0000] {logging_mixin.py:188} INFO - [2024-04-01T06:59:12.246+0000] {dagbag.py:540} INFO - Filling up the DagBag from /home/airflow/.local/lib/python3.8/site-packages/airflow/example_dags/example_task_group_decorator.py
[2024-04-01T06:59:12.254+0000] {processor.py:840} INFO - DAG(s) 'example_task_group_decorator' retrieved from /home/airflow/.local/lib/python3.8/site-packages/airflow/example_dags/example_task_group_decorator.py
[2024-04-01T06:59:12.268+0000] {logging_mixin.py:188} INFO - [2024-04-01T06:59:12.268+0000] {dag.py:3047} INFO - Sync 1 DAGs
[2024-04-01T06:59:12.279+0000] {logging_mixin.py:188} INFO - [2024-04-01T06:59:12.279+0000] {dag.py:3834} INFO - Setting next_dagrun for example_task_group_decorator to 2024-03-31 00:00:00+00:00, run_after=2024-04-01 00:00:00+00:00
[2024-04-01T06:59:12.289+0000] {processor.py:183} INFO - Processing /home/airflow/.local/lib/python3.8/site-packages/airflow/example_dags/example_task_group_decorator.py took 0.047 seconds
[2024-04-01T06:59:43.059+0000] {processor.py:161} INFO - Started process (PID=1392) to work on /home/airflow/.local/lib/python3.8/site-packages/airflow/example_dags/example_task_group_decorator.py
[2024-04-01T06:59:43.059+0000] {processor.py:830} INFO - Processing file /home/airflow/.local/lib/python3.8/site-packages/airflow/example_dags/example_task_group_decorator.py for tasks to queue
[2024-04-01T06:59:43.060+0000] {logging_mixin.py:188} INFO - [2024-04-01T06:59:43.060+0000] {dagbag.py:540} INFO - Filling up the DagBag from /home/airflow/.local/lib/python3.8/site-packages/airflow/example_dags/example_task_group_decorator.py
[2024-04-01T06:59:43.070+0000] {processor.py:840} INFO - DAG(s) 'example_task_group_decorator' retrieved from /home/airflow/.local/lib/python3.8/site-packages/airflow/example_dags/example_task_group_decorator.py
[2024-04-01T06:59:43.085+0000] {logging_mixin.py:188} INFO - [2024-04-01T06:59:43.085+0000] {dag.py:3047} INFO - Sync 1 DAGs
[2024-04-01T06:59:43.098+0000] {logging_mixin.py:188} INFO - [2024-04-01T06:59:43.097+0000] {dag.py:3834} INFO - Setting next_dagrun for example_task_group_decorator to 2024-03-31 00:00:00+00:00, run_after=2024-04-01 00:00:00+00:00
[2024-04-01T06:59:43.108+0000] {processor.py:183} INFO - Processing /home/airflow/.local/lib/python3.8/site-packages/airflow/example_dags/example_task_group_decorator.py took 0.051 seconds
[2024-04-01T07:00:14.067+0000] {processor.py:161} INFO - Started process (PID=1447) to work on /home/airflow/.local/lib/python3.8/site-packages/airflow/example_dags/example_task_group_decorator.py
[2024-04-01T07:00:14.067+0000] {processor.py:830} INFO - Processing file /home/airflow/.local/lib/python3.8/site-packages/airflow/example_dags/example_task_group_decorator.py for tasks to queue
[2024-04-01T07:00:14.068+0000] {logging_mixin.py:188} INFO - [2024-04-01T07:00:14.068+0000] {dagbag.py:540} INFO - Filling up the DagBag from /home/airflow/.local/lib/python3.8/site-packages/airflow/example_dags/example_task_group_decorator.py
[2024-04-01T07:00:14.077+0000] {processor.py:840} INFO - DAG(s) 'example_task_group_decorator' retrieved from /home/airflow/.local/lib/python3.8/site-packages/airflow/example_dags/example_task_group_decorator.py
[2024-04-01T07:00:14.091+0000] {logging_mixin.py:188} INFO - [2024-04-01T07:00:14.091+0000] {dag.py:3047} INFO - Sync 1 DAGs
[2024-04-01T07:00:14.103+0000] {logging_mixin.py:188} INFO - [2024-04-01T07:00:14.103+0000] {dag.py:3834} INFO - Setting next_dagrun for example_task_group_decorator to 2024-03-31 00:00:00+00:00, run_after=2024-04-01 00:00:00+00:00
[2024-04-01T07:00:14.112+0000] {processor.py:183} INFO - Processing /home/airflow/.local/lib/python3.8/site-packages/airflow/example_dags/example_task_group_decorator.py took 0.048 seconds
[2024-04-01T07:00:44.525+0000] {processor.py:161} INFO - Started process (PID=1502) to work on /home/airflow/.local/lib/python3.8/site-packages/airflow/example_dags/example_task_group_decorator.py
[2024-04-01T07:00:44.526+0000] {processor.py:830} INFO - Processing file /home/airflow/.local/lib/python3.8/site-packages/airflow/example_dags/example_task_group_decorator.py for tasks to queue
[2024-04-01T07:00:44.527+0000] {logging_mixin.py:188} INFO - [2024-04-01T07:00:44.526+0000] {dagbag.py:540} INFO - Filling up the DagBag from /home/airflow/.local/lib/python3.8/site-packages/airflow/example_dags/example_task_group_decorator.py
[2024-04-01T07:00:44.535+0000] {processor.py:840} INFO - DAG(s) 'example_task_group_decorator' retrieved from /home/airflow/.local/lib/python3.8/site-packages/airflow/example_dags/example_task_group_decorator.py
[2024-04-01T07:00:44.548+0000] {logging_mixin.py:188} INFO - [2024-04-01T07:00:44.548+0000] {dag.py:3047} INFO - Sync 1 DAGs
[2024-04-01T07:00:44.560+0000] {logging_mixin.py:188} INFO - [2024-04-01T07:00:44.560+0000] {dag.py:3834} INFO - Setting next_dagrun for example_task_group_decorator to 2024-03-31 00:00:00+00:00, run_after=2024-04-01 00:00:00+00:00
[2024-04-01T07:00:44.568+0000] {processor.py:183} INFO - Processing /home/airflow/.local/lib/python3.8/site-packages/airflow/example_dags/example_task_group_decorator.py took 0.045 seconds
[2024-04-01T07:01:37.845+0000] {processor.py:161} INFO - Started process (PID=73) to work on /home/airflow/.local/lib/python3.8/site-packages/airflow/example_dags/example_task_group_decorator.py
[2024-04-01T07:01:37.846+0000] {processor.py:830} INFO - Processing file /home/airflow/.local/lib/python3.8/site-packages/airflow/example_dags/example_task_group_decorator.py for tasks to queue
[2024-04-01T07:01:37.848+0000] {logging_mixin.py:188} INFO - [2024-04-01T07:01:37.848+0000] {dagbag.py:540} INFO - Filling up the DagBag from /home/airflow/.local/lib/python3.8/site-packages/airflow/example_dags/example_task_group_decorator.py
[2024-04-01T07:01:37.858+0000] {processor.py:840} INFO - DAG(s) 'example_task_group_decorator' retrieved from /home/airflow/.local/lib/python3.8/site-packages/airflow/example_dags/example_task_group_decorator.py
[2024-04-01T07:01:37.866+0000] {logging_mixin.py:188} INFO - [2024-04-01T07:01:37.865+0000] {dag.py:3047} INFO - Sync 1 DAGs
[2024-04-01T07:01:37.885+0000] {logging_mixin.py:188} INFO - [2024-04-01T07:01:37.885+0000] {dag.py:3834} INFO - Setting next_dagrun for example_task_group_decorator to 2024-03-31 00:00:00+00:00, run_after=2024-04-01 00:00:00+00:00
[2024-04-01T07:01:37.898+0000] {processor.py:183} INFO - Processing /home/airflow/.local/lib/python3.8/site-packages/airflow/example_dags/example_task_group_decorator.py took 0.055 seconds
[2024-04-01T07:02:08.724+0000] {processor.py:161} INFO - Started process (PID=128) to work on /home/airflow/.local/lib/python3.8/site-packages/airflow/example_dags/example_task_group_decorator.py
[2024-04-01T07:02:08.725+0000] {processor.py:830} INFO - Processing file /home/airflow/.local/lib/python3.8/site-packages/airflow/example_dags/example_task_group_decorator.py for tasks to queue
[2024-04-01T07:02:08.726+0000] {logging_mixin.py:188} INFO - [2024-04-01T07:02:08.726+0000] {dagbag.py:540} INFO - Filling up the DagBag from /home/airflow/.local/lib/python3.8/site-packages/airflow/example_dags/example_task_group_decorator.py
[2024-04-01T07:02:08.734+0000] {processor.py:840} INFO - DAG(s) 'example_task_group_decorator' retrieved from /home/airflow/.local/lib/python3.8/site-packages/airflow/example_dags/example_task_group_decorator.py
[2024-04-01T07:02:08.788+0000] {logging_mixin.py:188} INFO - [2024-04-01T07:02:08.788+0000] {dag.py:3047} INFO - Sync 1 DAGs
[2024-04-01T07:02:08.798+0000] {logging_mixin.py:188} INFO - [2024-04-01T07:02:08.798+0000] {dag.py:3834} INFO - Setting next_dagrun for example_task_group_decorator to 2024-03-31 00:00:00+00:00, run_after=2024-04-01 00:00:00+00:00
[2024-04-01T07:02:08.807+0000] {processor.py:183} INFO - Processing /home/airflow/.local/lib/python3.8/site-packages/airflow/example_dags/example_task_group_decorator.py took 0.085 seconds
[2024-04-01T07:02:39.023+0000] {processor.py:161} INFO - Started process (PID=182) to work on /home/airflow/.local/lib/python3.8/site-packages/airflow/example_dags/example_task_group_decorator.py
[2024-04-01T07:02:39.024+0000] {processor.py:830} INFO - Processing file /home/airflow/.local/lib/python3.8/site-packages/airflow/example_dags/example_task_group_decorator.py for tasks to queue
[2024-04-01T07:02:39.025+0000] {logging_mixin.py:188} INFO - [2024-04-01T07:02:39.025+0000] {dagbag.py:540} INFO - Filling up the DagBag from /home/airflow/.local/lib/python3.8/site-packages/airflow/example_dags/example_task_group_decorator.py
[2024-04-01T07:02:39.035+0000] {processor.py:840} INFO - DAG(s) 'example_task_group_decorator' retrieved from /home/airflow/.local/lib/python3.8/site-packages/airflow/example_dags/example_task_group_decorator.py
[2024-04-01T07:02:39.055+0000] {logging_mixin.py:188} INFO - [2024-04-01T07:02:39.054+0000] {dag.py:3047} INFO - Sync 1 DAGs
[2024-04-01T07:02:39.073+0000] {logging_mixin.py:188} INFO - [2024-04-01T07:02:39.073+0000] {dag.py:3834} INFO - Setting next_dagrun for example_task_group_decorator to 2024-03-31 00:00:00+00:00, run_after=2024-04-01 00:00:00+00:00
[2024-04-01T07:02:39.086+0000] {processor.py:183} INFO - Processing /home/airflow/.local/lib/python3.8/site-packages/airflow/example_dags/example_task_group_decorator.py took 0.066 seconds
[2024-04-01T07:03:09.152+0000] {processor.py:161} INFO - Started process (PID=237) to work on /home/airflow/.local/lib/python3.8/site-packages/airflow/example_dags/example_task_group_decorator.py
[2024-04-01T07:03:09.154+0000] {processor.py:830} INFO - Processing file /home/airflow/.local/lib/python3.8/site-packages/airflow/example_dags/example_task_group_decorator.py for tasks to queue
[2024-04-01T07:03:09.158+0000] {logging_mixin.py:188} INFO - [2024-04-01T07:03:09.158+0000] {dagbag.py:540} INFO - Filling up the DagBag from /home/airflow/.local/lib/python3.8/site-packages/airflow/example_dags/example_task_group_decorator.py
[2024-04-01T07:03:09.167+0000] {processor.py:840} INFO - DAG(s) 'example_task_group_decorator' retrieved from /home/airflow/.local/lib/python3.8/site-packages/airflow/example_dags/example_task_group_decorator.py
[2024-04-01T07:03:09.183+0000] {logging_mixin.py:188} INFO - [2024-04-01T07:03:09.182+0000] {dag.py:3047} INFO - Sync 1 DAGs
[2024-04-01T07:03:09.196+0000] {logging_mixin.py:188} INFO - [2024-04-01T07:03:09.196+0000] {dag.py:3834} INFO - Setting next_dagrun for example_task_group_decorator to 2024-03-31 00:00:00+00:00, run_after=2024-04-01 00:00:00+00:00
[2024-04-01T07:03:09.207+0000] {processor.py:183} INFO - Processing /home/airflow/.local/lib/python3.8/site-packages/airflow/example_dags/example_task_group_decorator.py took 0.057 seconds
[2024-04-01T07:03:39.278+0000] {processor.py:161} INFO - Started process (PID=292) to work on /home/airflow/.local/lib/python3.8/site-packages/airflow/example_dags/example_task_group_decorator.py
[2024-04-01T07:03:39.278+0000] {processor.py:830} INFO - Processing file /home/airflow/.local/lib/python3.8/site-packages/airflow/example_dags/example_task_group_decorator.py for tasks to queue
[2024-04-01T07:03:39.280+0000] {logging_mixin.py:188} INFO - [2024-04-01T07:03:39.279+0000] {dagbag.py:540} INFO - Filling up the DagBag from /home/airflow/.local/lib/python3.8/site-packages/airflow/example_dags/example_task_group_decorator.py
[2024-04-01T07:03:39.288+0000] {processor.py:840} INFO - DAG(s) 'example_task_group_decorator' retrieved from /home/airflow/.local/lib/python3.8/site-packages/airflow/example_dags/example_task_group_decorator.py
[2024-04-01T07:03:39.303+0000] {logging_mixin.py:188} INFO - [2024-04-01T07:03:39.303+0000] {dag.py:3047} INFO - Sync 1 DAGs
[2024-04-01T07:03:39.315+0000] {logging_mixin.py:188} INFO - [2024-04-01T07:03:39.315+0000] {dag.py:3834} INFO - Setting next_dagrun for example_task_group_decorator to 2024-03-31 00:00:00+00:00, run_after=2024-04-01 00:00:00+00:00
[2024-04-01T07:03:39.324+0000] {processor.py:183} INFO - Processing /home/airflow/.local/lib/python3.8/site-packages/airflow/example_dags/example_task_group_decorator.py took 0.048 seconds
[2024-04-01T07:04:10.355+0000] {processor.py:161} INFO - Started process (PID=347) to work on /home/airflow/.local/lib/python3.8/site-packages/airflow/example_dags/example_task_group_decorator.py
[2024-04-01T07:04:10.355+0000] {processor.py:830} INFO - Processing file /home/airflow/.local/lib/python3.8/site-packages/airflow/example_dags/example_task_group_decorator.py for tasks to queue
[2024-04-01T07:04:10.356+0000] {logging_mixin.py:188} INFO - [2024-04-01T07:04:10.356+0000] {dagbag.py:540} INFO - Filling up the DagBag from /home/airflow/.local/lib/python3.8/site-packages/airflow/example_dags/example_task_group_decorator.py
[2024-04-01T07:04:10.364+0000] {processor.py:840} INFO - DAG(s) 'example_task_group_decorator' retrieved from /home/airflow/.local/lib/python3.8/site-packages/airflow/example_dags/example_task_group_decorator.py
[2024-04-01T07:04:10.378+0000] {logging_mixin.py:188} INFO - [2024-04-01T07:04:10.377+0000] {dag.py:3047} INFO - Sync 1 DAGs
[2024-04-01T07:04:10.389+0000] {logging_mixin.py:188} INFO - [2024-04-01T07:04:10.389+0000] {dag.py:3834} INFO - Setting next_dagrun for example_task_group_decorator to 2024-03-31 00:00:00+00:00, run_after=2024-04-01 00:00:00+00:00
[2024-04-01T07:04:10.398+0000] {processor.py:183} INFO - Processing /home/airflow/.local/lib/python3.8/site-packages/airflow/example_dags/example_task_group_decorator.py took 0.046 seconds
[2024-04-01T07:04:40.485+0000] {processor.py:161} INFO - Started process (PID=402) to work on /home/airflow/.local/lib/python3.8/site-packages/airflow/example_dags/example_task_group_decorator.py
[2024-04-01T07:04:40.486+0000] {processor.py:830} INFO - Processing file /home/airflow/.local/lib/python3.8/site-packages/airflow/example_dags/example_task_group_decorator.py for tasks to queue
[2024-04-01T07:04:40.487+0000] {logging_mixin.py:188} INFO - [2024-04-01T07:04:40.487+0000] {dagbag.py:540} INFO - Filling up the DagBag from /home/airflow/.local/lib/python3.8/site-packages/airflow/example_dags/example_task_group_decorator.py
[2024-04-01T07:04:40.497+0000] {processor.py:840} INFO - DAG(s) 'example_task_group_decorator' retrieved from /home/airflow/.local/lib/python3.8/site-packages/airflow/example_dags/example_task_group_decorator.py
[2024-04-01T07:04:40.512+0000] {logging_mixin.py:188} INFO - [2024-04-01T07:04:40.512+0000] {dag.py:3047} INFO - Sync 1 DAGs
[2024-04-01T07:04:40.525+0000] {logging_mixin.py:188} INFO - [2024-04-01T07:04:40.524+0000] {dag.py:3834} INFO - Setting next_dagrun for example_task_group_decorator to 2024-03-31 00:00:00+00:00, run_after=2024-04-01 00:00:00+00:00
[2024-04-01T07:04:40.535+0000] {processor.py:183} INFO - Processing /home/airflow/.local/lib/python3.8/site-packages/airflow/example_dags/example_task_group_decorator.py took 0.052 seconds
[2024-04-01T07:05:10.573+0000] {processor.py:161} INFO - Started process (PID=457) to work on /home/airflow/.local/lib/python3.8/site-packages/airflow/example_dags/example_task_group_decorator.py
[2024-04-01T07:05:10.574+0000] {processor.py:830} INFO - Processing file /home/airflow/.local/lib/python3.8/site-packages/airflow/example_dags/example_task_group_decorator.py for tasks to queue
[2024-04-01T07:05:10.575+0000] {logging_mixin.py:188} INFO - [2024-04-01T07:05:10.575+0000] {dagbag.py:540} INFO - Filling up the DagBag from /home/airflow/.local/lib/python3.8/site-packages/airflow/example_dags/example_task_group_decorator.py
[2024-04-01T07:05:10.583+0000] {processor.py:840} INFO - DAG(s) 'example_task_group_decorator' retrieved from /home/airflow/.local/lib/python3.8/site-packages/airflow/example_dags/example_task_group_decorator.py
[2024-04-01T07:05:10.596+0000] {logging_mixin.py:188} INFO - [2024-04-01T07:05:10.596+0000] {dag.py:3047} INFO - Sync 1 DAGs
[2024-04-01T07:05:10.608+0000] {logging_mixin.py:188} INFO - [2024-04-01T07:05:10.608+0000] {dag.py:3834} INFO - Setting next_dagrun for example_task_group_decorator to 2024-03-31 00:00:00+00:00, run_after=2024-04-01 00:00:00+00:00
[2024-04-01T07:05:10.617+0000] {processor.py:183} INFO - Processing /home/airflow/.local/lib/python3.8/site-packages/airflow/example_dags/example_task_group_decorator.py took 0.046 seconds
[2024-04-01T07:05:40.706+0000] {processor.py:161} INFO - Started process (PID=511) to work on /home/airflow/.local/lib/python3.8/site-packages/airflow/example_dags/example_task_group_decorator.py
[2024-04-01T07:05:40.707+0000] {processor.py:830} INFO - Processing file /home/airflow/.local/lib/python3.8/site-packages/airflow/example_dags/example_task_group_decorator.py for tasks to queue
[2024-04-01T07:05:40.709+0000] {logging_mixin.py:188} INFO - [2024-04-01T07:05:40.709+0000] {dagbag.py:540} INFO - Filling up the DagBag from /home/airflow/.local/lib/python3.8/site-packages/airflow/example_dags/example_task_group_decorator.py
[2024-04-01T07:05:40.719+0000] {processor.py:840} INFO - DAG(s) 'example_task_group_decorator' retrieved from /home/airflow/.local/lib/python3.8/site-packages/airflow/example_dags/example_task_group_decorator.py
[2024-04-01T07:05:40.737+0000] {logging_mixin.py:188} INFO - [2024-04-01T07:05:40.737+0000] {dag.py:3047} INFO - Sync 1 DAGs
[2024-04-01T07:05:40.751+0000] {logging_mixin.py:188} INFO - [2024-04-01T07:05:40.751+0000] {dag.py:3834} INFO - Setting next_dagrun for example_task_group_decorator to 2024-03-31 00:00:00+00:00, run_after=2024-04-01 00:00:00+00:00
[2024-04-01T07:05:40.763+0000] {processor.py:183} INFO - Processing /home/airflow/.local/lib/python3.8/site-packages/airflow/example_dags/example_task_group_decorator.py took 0.059 seconds
[2024-04-01T07:06:10.814+0000] {processor.py:161} INFO - Started process (PID=566) to work on /home/airflow/.local/lib/python3.8/site-packages/airflow/example_dags/example_task_group_decorator.py
[2024-04-01T07:06:10.815+0000] {processor.py:830} INFO - Processing file /home/airflow/.local/lib/python3.8/site-packages/airflow/example_dags/example_task_group_decorator.py for tasks to queue
[2024-04-01T07:06:10.816+0000] {logging_mixin.py:188} INFO - [2024-04-01T07:06:10.816+0000] {dagbag.py:540} INFO - Filling up the DagBag from /home/airflow/.local/lib/python3.8/site-packages/airflow/example_dags/example_task_group_decorator.py
[2024-04-01T07:06:10.826+0000] {processor.py:840} INFO - DAG(s) 'example_task_group_decorator' retrieved from /home/airflow/.local/lib/python3.8/site-packages/airflow/example_dags/example_task_group_decorator.py
[2024-04-01T07:06:10.843+0000] {logging_mixin.py:188} INFO - [2024-04-01T07:06:10.843+0000] {dag.py:3047} INFO - Sync 1 DAGs
[2024-04-01T07:06:10.857+0000] {logging_mixin.py:188} INFO - [2024-04-01T07:06:10.857+0000] {dag.py:3834} INFO - Setting next_dagrun for example_task_group_decorator to 2024-03-31 00:00:00+00:00, run_after=2024-04-01 00:00:00+00:00
[2024-04-01T07:06:10.869+0000] {processor.py:183} INFO - Processing /home/airflow/.local/lib/python3.8/site-packages/airflow/example_dags/example_task_group_decorator.py took 0.058 seconds
[2024-04-01T07:06:41.463+0000] {processor.py:161} INFO - Started process (PID=622) to work on /home/airflow/.local/lib/python3.8/site-packages/airflow/example_dags/example_task_group_decorator.py
[2024-04-01T07:06:41.464+0000] {processor.py:830} INFO - Processing file /home/airflow/.local/lib/python3.8/site-packages/airflow/example_dags/example_task_group_decorator.py for tasks to queue
[2024-04-01T07:06:41.465+0000] {logging_mixin.py:188} INFO - [2024-04-01T07:06:41.465+0000] {dagbag.py:540} INFO - Filling up the DagBag from /home/airflow/.local/lib/python3.8/site-packages/airflow/example_dags/example_task_group_decorator.py
[2024-04-01T07:06:41.475+0000] {processor.py:840} INFO - DAG(s) 'example_task_group_decorator' retrieved from /home/airflow/.local/lib/python3.8/site-packages/airflow/example_dags/example_task_group_decorator.py
[2024-04-01T07:06:41.494+0000] {logging_mixin.py:188} INFO - [2024-04-01T07:06:41.494+0000] {dag.py:3047} INFO - Sync 1 DAGs
[2024-04-01T07:06:41.508+0000] {logging_mixin.py:188} INFO - [2024-04-01T07:06:41.508+0000] {dag.py:3834} INFO - Setting next_dagrun for example_task_group_decorator to 2024-03-31 00:00:00+00:00, run_after=2024-04-01 00:00:00+00:00
[2024-04-01T07:06:41.522+0000] {processor.py:183} INFO - Processing /home/airflow/.local/lib/python3.8/site-packages/airflow/example_dags/example_task_group_decorator.py took 0.061 seconds
[2024-04-01T07:07:11.564+0000] {processor.py:161} INFO - Started process (PID=677) to work on /home/airflow/.local/lib/python3.8/site-packages/airflow/example_dags/example_task_group_decorator.py
[2024-04-01T07:07:11.565+0000] {processor.py:830} INFO - Processing file /home/airflow/.local/lib/python3.8/site-packages/airflow/example_dags/example_task_group_decorator.py for tasks to queue
[2024-04-01T07:07:11.566+0000] {logging_mixin.py:188} INFO - [2024-04-01T07:07:11.566+0000] {dagbag.py:540} INFO - Filling up the DagBag from /home/airflow/.local/lib/python3.8/site-packages/airflow/example_dags/example_task_group_decorator.py
[2024-04-01T07:07:11.576+0000] {processor.py:840} INFO - DAG(s) 'example_task_group_decorator' retrieved from /home/airflow/.local/lib/python3.8/site-packages/airflow/example_dags/example_task_group_decorator.py
[2024-04-01T07:07:11.594+0000] {logging_mixin.py:188} INFO - [2024-04-01T07:07:11.594+0000] {dag.py:3047} INFO - Sync 1 DAGs
[2024-04-01T07:07:11.610+0000] {logging_mixin.py:188} INFO - [2024-04-01T07:07:11.609+0000] {dag.py:3834} INFO - Setting next_dagrun for example_task_group_decorator to 2024-03-31 00:00:00+00:00, run_after=2024-04-01 00:00:00+00:00
[2024-04-01T07:07:11.622+0000] {processor.py:183} INFO - Processing /home/airflow/.local/lib/python3.8/site-packages/airflow/example_dags/example_task_group_decorator.py took 0.061 seconds
[2024-04-01T07:07:41.728+0000] {processor.py:161} INFO - Started process (PID=731) to work on /home/airflow/.local/lib/python3.8/site-packages/airflow/example_dags/example_task_group_decorator.py
[2024-04-01T07:07:41.729+0000] {processor.py:830} INFO - Processing file /home/airflow/.local/lib/python3.8/site-packages/airflow/example_dags/example_task_group_decorator.py for tasks to queue
[2024-04-01T07:07:41.730+0000] {logging_mixin.py:188} INFO - [2024-04-01T07:07:41.730+0000] {dagbag.py:540} INFO - Filling up the DagBag from /home/airflow/.local/lib/python3.8/site-packages/airflow/example_dags/example_task_group_decorator.py
[2024-04-01T07:07:41.740+0000] {processor.py:840} INFO - DAG(s) 'example_task_group_decorator' retrieved from /home/airflow/.local/lib/python3.8/site-packages/airflow/example_dags/example_task_group_decorator.py
[2024-04-01T07:07:41.756+0000] {logging_mixin.py:188} INFO - [2024-04-01T07:07:41.756+0000] {dag.py:3047} INFO - Sync 1 DAGs
[2024-04-01T07:07:41.768+0000] {logging_mixin.py:188} INFO - [2024-04-01T07:07:41.768+0000] {dag.py:3834} INFO - Setting next_dagrun for example_task_group_decorator to 2024-03-31 00:00:00+00:00, run_after=2024-04-01 00:00:00+00:00
[2024-04-01T07:07:41.779+0000] {processor.py:183} INFO - Processing /home/airflow/.local/lib/python3.8/site-packages/airflow/example_dags/example_task_group_decorator.py took 0.053 seconds
[2024-04-01T07:08:12.828+0000] {processor.py:161} INFO - Started process (PID=787) to work on /home/airflow/.local/lib/python3.8/site-packages/airflow/example_dags/example_task_group_decorator.py
[2024-04-01T07:08:12.829+0000] {processor.py:830} INFO - Processing file /home/airflow/.local/lib/python3.8/site-packages/airflow/example_dags/example_task_group_decorator.py for tasks to queue
[2024-04-01T07:08:12.830+0000] {logging_mixin.py:188} INFO - [2024-04-01T07:08:12.829+0000] {dagbag.py:540} INFO - Filling up the DagBag from /home/airflow/.local/lib/python3.8/site-packages/airflow/example_dags/example_task_group_decorator.py
[2024-04-01T07:08:12.838+0000] {processor.py:840} INFO - DAG(s) 'example_task_group_decorator' retrieved from /home/airflow/.local/lib/python3.8/site-packages/airflow/example_dags/example_task_group_decorator.py
[2024-04-01T07:08:12.850+0000] {logging_mixin.py:188} INFO - [2024-04-01T07:08:12.850+0000] {dag.py:3047} INFO - Sync 1 DAGs
[2024-04-01T07:08:12.862+0000] {logging_mixin.py:188} INFO - [2024-04-01T07:08:12.862+0000] {dag.py:3834} INFO - Setting next_dagrun for example_task_group_decorator to 2024-03-31 00:00:00+00:00, run_after=2024-04-01 00:00:00+00:00
[2024-04-01T07:08:12.871+0000] {processor.py:183} INFO - Processing /home/airflow/.local/lib/python3.8/site-packages/airflow/example_dags/example_task_group_decorator.py took 0.045 seconds
[2024-04-01T07:08:43.604+0000] {processor.py:161} INFO - Started process (PID=842) to work on /home/airflow/.local/lib/python3.8/site-packages/airflow/example_dags/example_task_group_decorator.py
[2024-04-01T07:08:43.605+0000] {processor.py:830} INFO - Processing file /home/airflow/.local/lib/python3.8/site-packages/airflow/example_dags/example_task_group_decorator.py for tasks to queue
[2024-04-01T07:08:43.606+0000] {logging_mixin.py:188} INFO - [2024-04-01T07:08:43.606+0000] {dagbag.py:540} INFO - Filling up the DagBag from /home/airflow/.local/lib/python3.8/site-packages/airflow/example_dags/example_task_group_decorator.py
[2024-04-01T07:08:43.615+0000] {processor.py:840} INFO - DAG(s) 'example_task_group_decorator' retrieved from /home/airflow/.local/lib/python3.8/site-packages/airflow/example_dags/example_task_group_decorator.py
[2024-04-01T07:08:43.629+0000] {logging_mixin.py:188} INFO - [2024-04-01T07:08:43.629+0000] {dag.py:3047} INFO - Sync 1 DAGs
[2024-04-01T07:08:43.640+0000] {logging_mixin.py:188} INFO - [2024-04-01T07:08:43.640+0000] {dag.py:3834} INFO - Setting next_dagrun for example_task_group_decorator to 2024-03-31 00:00:00+00:00, run_after=2024-04-01 00:00:00+00:00
[2024-04-01T07:08:43.649+0000] {processor.py:183} INFO - Processing /home/airflow/.local/lib/python3.8/site-packages/airflow/example_dags/example_task_group_decorator.py took 0.047 seconds
[2024-04-01T07:09:13.811+0000] {processor.py:161} INFO - Started process (PID=897) to work on /home/airflow/.local/lib/python3.8/site-packages/airflow/example_dags/example_task_group_decorator.py
[2024-04-01T07:09:13.811+0000] {processor.py:830} INFO - Processing file /home/airflow/.local/lib/python3.8/site-packages/airflow/example_dags/example_task_group_decorator.py for tasks to queue
[2024-04-01T07:09:13.812+0000] {logging_mixin.py:188} INFO - [2024-04-01T07:09:13.812+0000] {dagbag.py:540} INFO - Filling up the DagBag from /home/airflow/.local/lib/python3.8/site-packages/airflow/example_dags/example_task_group_decorator.py
[2024-04-01T07:09:13.820+0000] {processor.py:840} INFO - DAG(s) 'example_task_group_decorator' retrieved from /home/airflow/.local/lib/python3.8/site-packages/airflow/example_dags/example_task_group_decorator.py
[2024-04-01T07:09:13.833+0000] {logging_mixin.py:188} INFO - [2024-04-01T07:09:13.833+0000] {dag.py:3047} INFO - Sync 1 DAGs
[2024-04-01T07:09:13.844+0000] {logging_mixin.py:188} INFO - [2024-04-01T07:09:13.844+0000] {dag.py:3834} INFO - Setting next_dagrun for example_task_group_decorator to 2024-03-31 00:00:00+00:00, run_after=2024-04-01 00:00:00+00:00
[2024-04-01T07:09:13.856+0000] {processor.py:183} INFO - Processing /home/airflow/.local/lib/python3.8/site-packages/airflow/example_dags/example_task_group_decorator.py took 0.047 seconds
[2024-04-01T07:09:44.775+0000] {processor.py:161} INFO - Started process (PID=952) to work on /home/airflow/.local/lib/python3.8/site-packages/airflow/example_dags/example_task_group_decorator.py
[2024-04-01T07:09:44.776+0000] {processor.py:830} INFO - Processing file /home/airflow/.local/lib/python3.8/site-packages/airflow/example_dags/example_task_group_decorator.py for tasks to queue
[2024-04-01T07:09:44.777+0000] {logging_mixin.py:188} INFO - [2024-04-01T07:09:44.777+0000] {dagbag.py:540} INFO - Filling up the DagBag from /home/airflow/.local/lib/python3.8/site-packages/airflow/example_dags/example_task_group_decorator.py
[2024-04-01T07:09:44.787+0000] {processor.py:840} INFO - DAG(s) 'example_task_group_decorator' retrieved from /home/airflow/.local/lib/python3.8/site-packages/airflow/example_dags/example_task_group_decorator.py
[2024-04-01T07:09:44.803+0000] {logging_mixin.py:188} INFO - [2024-04-01T07:09:44.803+0000] {dag.py:3047} INFO - Sync 1 DAGs
[2024-04-01T07:09:44.816+0000] {logging_mixin.py:188} INFO - [2024-04-01T07:09:44.816+0000] {dag.py:3834} INFO - Setting next_dagrun for example_task_group_decorator to 2024-03-31 00:00:00+00:00, run_after=2024-04-01 00:00:00+00:00
[2024-04-01T07:09:44.826+0000] {processor.py:183} INFO - Processing /home/airflow/.local/lib/python3.8/site-packages/airflow/example_dags/example_task_group_decorator.py took 0.054 seconds
[2024-04-01T07:10:15.792+0000] {processor.py:161} INFO - Started process (PID=1007) to work on /home/airflow/.local/lib/python3.8/site-packages/airflow/example_dags/example_task_group_decorator.py
[2024-04-01T07:10:15.793+0000] {processor.py:830} INFO - Processing file /home/airflow/.local/lib/python3.8/site-packages/airflow/example_dags/example_task_group_decorator.py for tasks to queue
[2024-04-01T07:10:15.795+0000] {logging_mixin.py:188} INFO - [2024-04-01T07:10:15.794+0000] {dagbag.py:540} INFO - Filling up the DagBag from /home/airflow/.local/lib/python3.8/site-packages/airflow/example_dags/example_task_group_decorator.py
[2024-04-01T07:10:15.805+0000] {processor.py:840} INFO - DAG(s) 'example_task_group_decorator' retrieved from /home/airflow/.local/lib/python3.8/site-packages/airflow/example_dags/example_task_group_decorator.py
[2024-04-01T07:10:15.823+0000] {logging_mixin.py:188} INFO - [2024-04-01T07:10:15.823+0000] {dag.py:3047} INFO - Sync 1 DAGs
[2024-04-01T07:10:15.836+0000] {logging_mixin.py:188} INFO - [2024-04-01T07:10:15.836+0000] {dag.py:3834} INFO - Setting next_dagrun for example_task_group_decorator to 2024-03-31 00:00:00+00:00, run_after=2024-04-01 00:00:00+00:00
[2024-04-01T07:10:15.846+0000] {processor.py:183} INFO - Processing /home/airflow/.local/lib/python3.8/site-packages/airflow/example_dags/example_task_group_decorator.py took 0.057 seconds
[2024-04-01T07:10:45.906+0000] {processor.py:161} INFO - Started process (PID=1062) to work on /home/airflow/.local/lib/python3.8/site-packages/airflow/example_dags/example_task_group_decorator.py
[2024-04-01T07:10:45.907+0000] {processor.py:830} INFO - Processing file /home/airflow/.local/lib/python3.8/site-packages/airflow/example_dags/example_task_group_decorator.py for tasks to queue
[2024-04-01T07:10:45.908+0000] {logging_mixin.py:188} INFO - [2024-04-01T07:10:45.908+0000] {dagbag.py:540} INFO - Filling up the DagBag from /home/airflow/.local/lib/python3.8/site-packages/airflow/example_dags/example_task_group_decorator.py
[2024-04-01T07:10:45.918+0000] {processor.py:840} INFO - DAG(s) 'example_task_group_decorator' retrieved from /home/airflow/.local/lib/python3.8/site-packages/airflow/example_dags/example_task_group_decorator.py
[2024-04-01T07:10:45.934+0000] {logging_mixin.py:188} INFO - [2024-04-01T07:10:45.934+0000] {dag.py:3047} INFO - Sync 1 DAGs
[2024-04-01T07:10:45.948+0000] {logging_mixin.py:188} INFO - [2024-04-01T07:10:45.948+0000] {dag.py:3834} INFO - Setting next_dagrun for example_task_group_decorator to 2024-03-31 00:00:00+00:00, run_after=2024-04-01 00:00:00+00:00
[2024-04-01T07:10:45.959+0000] {processor.py:183} INFO - Processing /home/airflow/.local/lib/python3.8/site-packages/airflow/example_dags/example_task_group_decorator.py took 0.057 seconds
[2024-04-01T07:11:15.997+0000] {processor.py:161} INFO - Started process (PID=1123) to work on /home/airflow/.local/lib/python3.8/site-packages/airflow/example_dags/example_task_group_decorator.py
[2024-04-01T07:11:15.997+0000] {processor.py:830} INFO - Processing file /home/airflow/.local/lib/python3.8/site-packages/airflow/example_dags/example_task_group_decorator.py for tasks to queue
[2024-04-01T07:11:15.999+0000] {logging_mixin.py:188} INFO - [2024-04-01T07:11:15.999+0000] {dagbag.py:540} INFO - Filling up the DagBag from /home/airflow/.local/lib/python3.8/site-packages/airflow/example_dags/example_task_group_decorator.py
[2024-04-01T07:11:16.009+0000] {processor.py:840} INFO - DAG(s) 'example_task_group_decorator' retrieved from /home/airflow/.local/lib/python3.8/site-packages/airflow/example_dags/example_task_group_decorator.py
[2024-04-01T07:11:16.027+0000] {logging_mixin.py:188} INFO - [2024-04-01T07:11:16.026+0000] {dag.py:3047} INFO - Sync 1 DAGs
[2024-04-01T07:11:16.041+0000] {logging_mixin.py:188} INFO - [2024-04-01T07:11:16.041+0000] {dag.py:3834} INFO - Setting next_dagrun for example_task_group_decorator to 2024-03-31 00:00:00+00:00, run_after=2024-04-01 00:00:00+00:00
[2024-04-01T07:11:16.052+0000] {processor.py:183} INFO - Processing /home/airflow/.local/lib/python3.8/site-packages/airflow/example_dags/example_task_group_decorator.py took 0.059 seconds
[2024-04-01T07:11:46.104+0000] {processor.py:161} INFO - Started process (PID=1178) to work on /home/airflow/.local/lib/python3.8/site-packages/airflow/example_dags/example_task_group_decorator.py
[2024-04-01T07:11:46.105+0000] {processor.py:830} INFO - Processing file /home/airflow/.local/lib/python3.8/site-packages/airflow/example_dags/example_task_group_decorator.py for tasks to queue
[2024-04-01T07:11:46.106+0000] {logging_mixin.py:188} INFO - [2024-04-01T07:11:46.106+0000] {dagbag.py:540} INFO - Filling up the DagBag from /home/airflow/.local/lib/python3.8/site-packages/airflow/example_dags/example_task_group_decorator.py
[2024-04-01T07:11:46.114+0000] {processor.py:840} INFO - DAG(s) 'example_task_group_decorator' retrieved from /home/airflow/.local/lib/python3.8/site-packages/airflow/example_dags/example_task_group_decorator.py
[2024-04-01T07:11:46.127+0000] {logging_mixin.py:188} INFO - [2024-04-01T07:11:46.127+0000] {dag.py:3047} INFO - Sync 1 DAGs
[2024-04-01T07:11:46.139+0000] {logging_mixin.py:188} INFO - [2024-04-01T07:11:46.139+0000] {dag.py:3834} INFO - Setting next_dagrun for example_task_group_decorator to 2024-03-31 00:00:00+00:00, run_after=2024-04-01 00:00:00+00:00
[2024-04-01T07:11:46.147+0000] {processor.py:183} INFO - Processing /home/airflow/.local/lib/python3.8/site-packages/airflow/example_dags/example_task_group_decorator.py took 0.045 seconds
[2024-04-01T07:12:16.245+0000] {processor.py:161} INFO - Started process (PID=1233) to work on /home/airflow/.local/lib/python3.8/site-packages/airflow/example_dags/example_task_group_decorator.py
[2024-04-01T07:12:16.246+0000] {processor.py:830} INFO - Processing file /home/airflow/.local/lib/python3.8/site-packages/airflow/example_dags/example_task_group_decorator.py for tasks to queue
[2024-04-01T07:12:16.248+0000] {logging_mixin.py:188} INFO - [2024-04-01T07:12:16.247+0000] {dagbag.py:540} INFO - Filling up the DagBag from /home/airflow/.local/lib/python3.8/site-packages/airflow/example_dags/example_task_group_decorator.py
[2024-04-01T07:12:16.257+0000] {processor.py:840} INFO - DAG(s) 'example_task_group_decorator' retrieved from /home/airflow/.local/lib/python3.8/site-packages/airflow/example_dags/example_task_group_decorator.py
[2024-04-01T07:12:16.273+0000] {logging_mixin.py:188} INFO - [2024-04-01T07:12:16.273+0000] {dag.py:3047} INFO - Sync 1 DAGs
[2024-04-01T07:12:16.287+0000] {logging_mixin.py:188} INFO - [2024-04-01T07:12:16.287+0000] {dag.py:3834} INFO - Setting next_dagrun for example_task_group_decorator to 2024-03-31 00:00:00+00:00, run_after=2024-04-01 00:00:00+00:00
[2024-04-01T07:12:16.296+0000] {processor.py:183} INFO - Processing /home/airflow/.local/lib/python3.8/site-packages/airflow/example_dags/example_task_group_decorator.py took 0.053 seconds
