[2024-04-01T06:47:26.131+0000] {processor.py:161} INFO - Started process (PID=48) to work on /home/airflow/.local/lib/python3.8/site-packages/airflow/example_dags/example_xcomargs.py
[2024-04-01T06:47:26.132+0000] {processor.py:830} INFO - Processing file /home/airflow/.local/lib/python3.8/site-packages/airflow/example_dags/example_xcomargs.py for tasks to queue
[2024-04-01T06:47:26.133+0000] {logging_mixin.py:188} INFO - [2024-04-01T06:47:26.133+0000] {dagbag.py:540} INFO - Filling up the DagBag from /home/airflow/.local/lib/python3.8/site-packages/airflow/example_dags/example_xcomargs.py
[2024-04-01T06:47:26.139+0000] {processor.py:840} INFO - DAG(s) 'example_xcom_args', 'example_xcom_args_with_operators' retrieved from /home/airflow/.local/lib/python3.8/site-packages/airflow/example_dags/example_xcomargs.py
[2024-04-01T06:47:26.146+0000] {logging_mixin.py:188} INFO - [2024-04-01T06:47:26.146+0000] {dag.py:3047} INFO - Sync 2 DAGs
[2024-04-01T06:47:26.153+0000] {logging_mixin.py:188} INFO - [2024-04-01T06:47:26.153+0000] {dag.py:3834} INFO - Setting next_dagrun for example_xcom_args to None, run_after=None
[2024-04-01T06:47:26.156+0000] {logging_mixin.py:188} INFO - [2024-04-01T06:47:26.156+0000] {dag.py:3834} INFO - Setting next_dagrun for example_xcom_args_with_operators to None, run_after=None
[2024-04-01T06:47:26.164+0000] {processor.py:183} INFO - Processing /home/airflow/.local/lib/python3.8/site-packages/airflow/example_dags/example_xcomargs.py took 0.035 seconds
[2024-04-01T06:47:57.043+0000] {processor.py:161} INFO - Started process (PID=103) to work on /home/airflow/.local/lib/python3.8/site-packages/airflow/example_dags/example_xcomargs.py
[2024-04-01T06:47:57.044+0000] {processor.py:830} INFO - Processing file /home/airflow/.local/lib/python3.8/site-packages/airflow/example_dags/example_xcomargs.py for tasks to queue
[2024-04-01T06:47:57.045+0000] {logging_mixin.py:188} INFO - [2024-04-01T06:47:57.044+0000] {dagbag.py:540} INFO - Filling up the DagBag from /home/airflow/.local/lib/python3.8/site-packages/airflow/example_dags/example_xcomargs.py
[2024-04-01T06:47:57.050+0000] {processor.py:840} INFO - DAG(s) 'example_xcom_args_with_operators', 'example_xcom_args' retrieved from /home/airflow/.local/lib/python3.8/site-packages/airflow/example_dags/example_xcomargs.py
[2024-04-01T06:47:57.107+0000] {logging_mixin.py:188} INFO - [2024-04-01T06:47:57.107+0000] {dag.py:3047} INFO - Sync 2 DAGs
[2024-04-01T06:47:57.114+0000] {logging_mixin.py:188} INFO - [2024-04-01T06:47:57.113+0000] {dag.py:3834} INFO - Setting next_dagrun for example_xcom_args to None, run_after=None
[2024-04-01T06:47:57.115+0000] {logging_mixin.py:188} INFO - [2024-04-01T06:47:57.115+0000] {dag.py:3834} INFO - Setting next_dagrun for example_xcom_args_with_operators to None, run_after=None
[2024-04-01T06:47:57.124+0000] {processor.py:183} INFO - Processing /home/airflow/.local/lib/python3.8/site-packages/airflow/example_dags/example_xcomargs.py took 0.083 seconds
[2024-04-01T06:48:27.628+0000] {processor.py:161} INFO - Started process (PID=158) to work on /home/airflow/.local/lib/python3.8/site-packages/airflow/example_dags/example_xcomargs.py
[2024-04-01T06:48:27.628+0000] {processor.py:830} INFO - Processing file /home/airflow/.local/lib/python3.8/site-packages/airflow/example_dags/example_xcomargs.py for tasks to queue
[2024-04-01T06:48:27.629+0000] {logging_mixin.py:188} INFO - [2024-04-01T06:48:27.629+0000] {dagbag.py:540} INFO - Filling up the DagBag from /home/airflow/.local/lib/python3.8/site-packages/airflow/example_dags/example_xcomargs.py
[2024-04-01T06:48:27.634+0000] {processor.py:840} INFO - DAG(s) 'example_xcom_args_with_operators', 'example_xcom_args' retrieved from /home/airflow/.local/lib/python3.8/site-packages/airflow/example_dags/example_xcomargs.py
[2024-04-01T06:48:27.648+0000] {logging_mixin.py:188} INFO - [2024-04-01T06:48:27.648+0000] {dag.py:3047} INFO - Sync 2 DAGs
[2024-04-01T06:48:27.654+0000] {logging_mixin.py:188} INFO - [2024-04-01T06:48:27.654+0000] {dag.py:3834} INFO - Setting next_dagrun for example_xcom_args to None, run_after=None
[2024-04-01T06:48:27.656+0000] {logging_mixin.py:188} INFO - [2024-04-01T06:48:27.656+0000] {dag.py:3834} INFO - Setting next_dagrun for example_xcom_args_with_operators to None, run_after=None
[2024-04-01T06:48:27.664+0000] {processor.py:183} INFO - Processing /home/airflow/.local/lib/python3.8/site-packages/airflow/example_dags/example_xcomargs.py took 0.039 seconds
[2024-04-01T06:48:58.510+0000] {processor.py:161} INFO - Started process (PID=213) to work on /home/airflow/.local/lib/python3.8/site-packages/airflow/example_dags/example_xcomargs.py
[2024-04-01T06:48:58.510+0000] {processor.py:830} INFO - Processing file /home/airflow/.local/lib/python3.8/site-packages/airflow/example_dags/example_xcomargs.py for tasks to queue
[2024-04-01T06:48:58.511+0000] {logging_mixin.py:188} INFO - [2024-04-01T06:48:58.511+0000] {dagbag.py:540} INFO - Filling up the DagBag from /home/airflow/.local/lib/python3.8/site-packages/airflow/example_dags/example_xcomargs.py
[2024-04-01T06:48:58.516+0000] {processor.py:840} INFO - DAG(s) 'example_xcom_args_with_operators', 'example_xcom_args' retrieved from /home/airflow/.local/lib/python3.8/site-packages/airflow/example_dags/example_xcomargs.py
[2024-04-01T06:48:58.529+0000] {logging_mixin.py:188} INFO - [2024-04-01T06:48:58.529+0000] {dag.py:3047} INFO - Sync 2 DAGs
[2024-04-01T06:48:58.535+0000] {logging_mixin.py:188} INFO - [2024-04-01T06:48:58.535+0000] {dag.py:3834} INFO - Setting next_dagrun for example_xcom_args to None, run_after=None
[2024-04-01T06:48:58.537+0000] {logging_mixin.py:188} INFO - [2024-04-01T06:48:58.537+0000] {dag.py:3834} INFO - Setting next_dagrun for example_xcom_args_with_operators to None, run_after=None
[2024-04-01T06:48:58.545+0000] {processor.py:183} INFO - Processing /home/airflow/.local/lib/python3.8/site-packages/airflow/example_dags/example_xcomargs.py took 0.037 seconds
[2024-04-01T06:49:29.137+0000] {processor.py:161} INFO - Started process (PID=268) to work on /home/airflow/.local/lib/python3.8/site-packages/airflow/example_dags/example_xcomargs.py
[2024-04-01T06:49:29.138+0000] {processor.py:830} INFO - Processing file /home/airflow/.local/lib/python3.8/site-packages/airflow/example_dags/example_xcomargs.py for tasks to queue
[2024-04-01T06:49:29.139+0000] {logging_mixin.py:188} INFO - [2024-04-01T06:49:29.139+0000] {dagbag.py:540} INFO - Filling up the DagBag from /home/airflow/.local/lib/python3.8/site-packages/airflow/example_dags/example_xcomargs.py
[2024-04-01T06:49:29.144+0000] {processor.py:840} INFO - DAG(s) 'example_xcom_args', 'example_xcom_args_with_operators' retrieved from /home/airflow/.local/lib/python3.8/site-packages/airflow/example_dags/example_xcomargs.py
[2024-04-01T06:49:29.156+0000] {logging_mixin.py:188} INFO - [2024-04-01T06:49:29.156+0000] {dag.py:3047} INFO - Sync 2 DAGs
[2024-04-01T06:49:29.163+0000] {logging_mixin.py:188} INFO - [2024-04-01T06:49:29.163+0000] {dag.py:3834} INFO - Setting next_dagrun for example_xcom_args to None, run_after=None
[2024-04-01T06:49:29.165+0000] {logging_mixin.py:188} INFO - [2024-04-01T06:49:29.165+0000] {dag.py:3834} INFO - Setting next_dagrun for example_xcom_args_with_operators to None, run_after=None
[2024-04-01T06:49:29.173+0000] {processor.py:183} INFO - Processing /home/airflow/.local/lib/python3.8/site-packages/airflow/example_dags/example_xcomargs.py took 0.038 seconds
[2024-04-01T06:49:59.963+0000] {processor.py:161} INFO - Started process (PID=323) to work on /home/airflow/.local/lib/python3.8/site-packages/airflow/example_dags/example_xcomargs.py
[2024-04-01T06:49:59.963+0000] {processor.py:830} INFO - Processing file /home/airflow/.local/lib/python3.8/site-packages/airflow/example_dags/example_xcomargs.py for tasks to queue
[2024-04-01T06:49:59.964+0000] {logging_mixin.py:188} INFO - [2024-04-01T06:49:59.964+0000] {dagbag.py:540} INFO - Filling up the DagBag from /home/airflow/.local/lib/python3.8/site-packages/airflow/example_dags/example_xcomargs.py
[2024-04-01T06:49:59.970+0000] {processor.py:840} INFO - DAG(s) 'example_xcom_args_with_operators', 'example_xcom_args' retrieved from /home/airflow/.local/lib/python3.8/site-packages/airflow/example_dags/example_xcomargs.py
[2024-04-01T06:49:59.984+0000] {logging_mixin.py:188} INFO - [2024-04-01T06:49:59.984+0000] {dag.py:3047} INFO - Sync 2 DAGs
[2024-04-01T06:49:59.990+0000] {logging_mixin.py:188} INFO - [2024-04-01T06:49:59.990+0000] {dag.py:3834} INFO - Setting next_dagrun for example_xcom_args to None, run_after=None
[2024-04-01T06:49:59.992+0000] {logging_mixin.py:188} INFO - [2024-04-01T06:49:59.992+0000] {dag.py:3834} INFO - Setting next_dagrun for example_xcom_args_with_operators to None, run_after=None
[2024-04-01T06:50:00.001+0000] {processor.py:183} INFO - Processing /home/airflow/.local/lib/python3.8/site-packages/airflow/example_dags/example_xcomargs.py took 0.040 seconds
[2024-04-01T06:50:30.011+0000] {processor.py:161} INFO - Started process (PID=378) to work on /home/airflow/.local/lib/python3.8/site-packages/airflow/example_dags/example_xcomargs.py
[2024-04-01T06:50:30.012+0000] {processor.py:830} INFO - Processing file /home/airflow/.local/lib/python3.8/site-packages/airflow/example_dags/example_xcomargs.py for tasks to queue
[2024-04-01T06:50:30.013+0000] {logging_mixin.py:188} INFO - [2024-04-01T06:50:30.012+0000] {dagbag.py:540} INFO - Filling up the DagBag from /home/airflow/.local/lib/python3.8/site-packages/airflow/example_dags/example_xcomargs.py
[2024-04-01T06:50:30.018+0000] {processor.py:840} INFO - DAG(s) 'example_xcom_args_with_operators', 'example_xcom_args' retrieved from /home/airflow/.local/lib/python3.8/site-packages/airflow/example_dags/example_xcomargs.py
[2024-04-01T06:50:30.032+0000] {logging_mixin.py:188} INFO - [2024-04-01T06:50:30.032+0000] {dag.py:3047} INFO - Sync 2 DAGs
[2024-04-01T06:50:30.039+0000] {logging_mixin.py:188} INFO - [2024-04-01T06:50:30.039+0000] {dag.py:3834} INFO - Setting next_dagrun for example_xcom_args to None, run_after=None
[2024-04-01T06:50:30.041+0000] {logging_mixin.py:188} INFO - [2024-04-01T06:50:30.041+0000] {dag.py:3834} INFO - Setting next_dagrun for example_xcom_args_with_operators to None, run_after=None
[2024-04-01T06:50:30.050+0000] {processor.py:183} INFO - Processing /home/airflow/.local/lib/python3.8/site-packages/airflow/example_dags/example_xcomargs.py took 0.041 seconds
[2024-04-01T06:51:00.813+0000] {processor.py:161} INFO - Started process (PID=433) to work on /home/airflow/.local/lib/python3.8/site-packages/airflow/example_dags/example_xcomargs.py
[2024-04-01T06:51:00.813+0000] {processor.py:830} INFO - Processing file /home/airflow/.local/lib/python3.8/site-packages/airflow/example_dags/example_xcomargs.py for tasks to queue
[2024-04-01T06:51:00.815+0000] {logging_mixin.py:188} INFO - [2024-04-01T06:51:00.814+0000] {dagbag.py:540} INFO - Filling up the DagBag from /home/airflow/.local/lib/python3.8/site-packages/airflow/example_dags/example_xcomargs.py
[2024-04-01T06:51:00.819+0000] {processor.py:840} INFO - DAG(s) 'example_xcom_args_with_operators', 'example_xcom_args' retrieved from /home/airflow/.local/lib/python3.8/site-packages/airflow/example_dags/example_xcomargs.py
[2024-04-01T06:51:00.832+0000] {logging_mixin.py:188} INFO - [2024-04-01T06:51:00.832+0000] {dag.py:3047} INFO - Sync 2 DAGs
[2024-04-01T06:51:00.839+0000] {logging_mixin.py:188} INFO - [2024-04-01T06:51:00.839+0000] {dag.py:3834} INFO - Setting next_dagrun for example_xcom_args to None, run_after=None
[2024-04-01T06:51:00.841+0000] {logging_mixin.py:188} INFO - [2024-04-01T06:51:00.840+0000] {dag.py:3834} INFO - Setting next_dagrun for example_xcom_args_with_operators to None, run_after=None
[2024-04-01T06:51:00.849+0000] {processor.py:183} INFO - Processing /home/airflow/.local/lib/python3.8/site-packages/airflow/example_dags/example_xcomargs.py took 0.038 seconds
[2024-04-01T06:51:31.485+0000] {processor.py:161} INFO - Started process (PID=488) to work on /home/airflow/.local/lib/python3.8/site-packages/airflow/example_dags/example_xcomargs.py
[2024-04-01T06:51:31.486+0000] {processor.py:830} INFO - Processing file /home/airflow/.local/lib/python3.8/site-packages/airflow/example_dags/example_xcomargs.py for tasks to queue
[2024-04-01T06:51:31.487+0000] {logging_mixin.py:188} INFO - [2024-04-01T06:51:31.487+0000] {dagbag.py:540} INFO - Filling up the DagBag from /home/airflow/.local/lib/python3.8/site-packages/airflow/example_dags/example_xcomargs.py
[2024-04-01T06:51:31.493+0000] {processor.py:840} INFO - DAG(s) 'example_xcom_args', 'example_xcom_args_with_operators' retrieved from /home/airflow/.local/lib/python3.8/site-packages/airflow/example_dags/example_xcomargs.py
[2024-04-01T06:51:31.506+0000] {logging_mixin.py:188} INFO - [2024-04-01T06:51:31.506+0000] {dag.py:3047} INFO - Sync 2 DAGs
[2024-04-01T06:51:31.513+0000] {logging_mixin.py:188} INFO - [2024-04-01T06:51:31.513+0000] {dag.py:3834} INFO - Setting next_dagrun for example_xcom_args to None, run_after=None
[2024-04-01T06:51:31.515+0000] {logging_mixin.py:188} INFO - [2024-04-01T06:51:31.515+0000] {dag.py:3834} INFO - Setting next_dagrun for example_xcom_args_with_operators to None, run_after=None
[2024-04-01T06:51:31.524+0000] {processor.py:183} INFO - Processing /home/airflow/.local/lib/python3.8/site-packages/airflow/example_dags/example_xcomargs.py took 0.040 seconds
[2024-04-01T06:52:02.274+0000] {processor.py:161} INFO - Started process (PID=543) to work on /home/airflow/.local/lib/python3.8/site-packages/airflow/example_dags/example_xcomargs.py
[2024-04-01T06:52:02.275+0000] {processor.py:830} INFO - Processing file /home/airflow/.local/lib/python3.8/site-packages/airflow/example_dags/example_xcomargs.py for tasks to queue
[2024-04-01T06:52:02.276+0000] {logging_mixin.py:188} INFO - [2024-04-01T06:52:02.276+0000] {dagbag.py:540} INFO - Filling up the DagBag from /home/airflow/.local/lib/python3.8/site-packages/airflow/example_dags/example_xcomargs.py
[2024-04-01T06:52:02.281+0000] {processor.py:840} INFO - DAG(s) 'example_xcom_args_with_operators', 'example_xcom_args' retrieved from /home/airflow/.local/lib/python3.8/site-packages/airflow/example_dags/example_xcomargs.py
[2024-04-01T06:52:02.295+0000] {logging_mixin.py:188} INFO - [2024-04-01T06:52:02.295+0000] {dag.py:3047} INFO - Sync 2 DAGs
[2024-04-01T06:52:02.302+0000] {logging_mixin.py:188} INFO - [2024-04-01T06:52:02.302+0000] {dag.py:3834} INFO - Setting next_dagrun for example_xcom_args to None, run_after=None
[2024-04-01T06:52:02.304+0000] {logging_mixin.py:188} INFO - [2024-04-01T06:52:02.304+0000] {dag.py:3834} INFO - Setting next_dagrun for example_xcom_args_with_operators to None, run_after=None
[2024-04-01T06:52:02.312+0000] {processor.py:183} INFO - Processing /home/airflow/.local/lib/python3.8/site-packages/airflow/example_dags/example_xcomargs.py took 0.040 seconds
[2024-04-01T06:52:33.136+0000] {processor.py:161} INFO - Started process (PID=598) to work on /home/airflow/.local/lib/python3.8/site-packages/airflow/example_dags/example_xcomargs.py
[2024-04-01T06:52:33.137+0000] {processor.py:830} INFO - Processing file /home/airflow/.local/lib/python3.8/site-packages/airflow/example_dags/example_xcomargs.py for tasks to queue
[2024-04-01T06:52:33.138+0000] {logging_mixin.py:188} INFO - [2024-04-01T06:52:33.138+0000] {dagbag.py:540} INFO - Filling up the DagBag from /home/airflow/.local/lib/python3.8/site-packages/airflow/example_dags/example_xcomargs.py
[2024-04-01T06:52:33.144+0000] {processor.py:840} INFO - DAG(s) 'example_xcom_args', 'example_xcom_args_with_operators' retrieved from /home/airflow/.local/lib/python3.8/site-packages/airflow/example_dags/example_xcomargs.py
[2024-04-01T06:52:33.160+0000] {logging_mixin.py:188} INFO - [2024-04-01T06:52:33.160+0000] {dag.py:3047} INFO - Sync 2 DAGs
[2024-04-01T06:52:33.168+0000] {logging_mixin.py:188} INFO - [2024-04-01T06:52:33.168+0000] {dag.py:3834} INFO - Setting next_dagrun for example_xcom_args to None, run_after=None
[2024-04-01T06:52:33.170+0000] {logging_mixin.py:188} INFO - [2024-04-01T06:52:33.170+0000] {dag.py:3834} INFO - Setting next_dagrun for example_xcom_args_with_operators to None, run_after=None
[2024-04-01T06:52:33.179+0000] {processor.py:183} INFO - Processing /home/airflow/.local/lib/python3.8/site-packages/airflow/example_dags/example_xcomargs.py took 0.046 seconds
[2024-04-01T06:53:03.297+0000] {processor.py:161} INFO - Started process (PID=653) to work on /home/airflow/.local/lib/python3.8/site-packages/airflow/example_dags/example_xcomargs.py
[2024-04-01T06:53:03.298+0000] {processor.py:830} INFO - Processing file /home/airflow/.local/lib/python3.8/site-packages/airflow/example_dags/example_xcomargs.py for tasks to queue
[2024-04-01T06:53:03.299+0000] {logging_mixin.py:188} INFO - [2024-04-01T06:53:03.299+0000] {dagbag.py:540} INFO - Filling up the DagBag from /home/airflow/.local/lib/python3.8/site-packages/airflow/example_dags/example_xcomargs.py
[2024-04-01T06:53:03.306+0000] {processor.py:840} INFO - DAG(s) 'example_xcom_args', 'example_xcom_args_with_operators' retrieved from /home/airflow/.local/lib/python3.8/site-packages/airflow/example_dags/example_xcomargs.py
[2024-04-01T06:53:03.325+0000] {logging_mixin.py:188} INFO - [2024-04-01T06:53:03.325+0000] {dag.py:3047} INFO - Sync 2 DAGs
[2024-04-01T06:53:03.333+0000] {logging_mixin.py:188} INFO - [2024-04-01T06:53:03.333+0000] {dag.py:3834} INFO - Setting next_dagrun for example_xcom_args to None, run_after=None
[2024-04-01T06:53:03.336+0000] {logging_mixin.py:188} INFO - [2024-04-01T06:53:03.336+0000] {dag.py:3834} INFO - Setting next_dagrun for example_xcom_args_with_operators to None, run_after=None
[2024-04-01T06:53:03.345+0000] {processor.py:183} INFO - Processing /home/airflow/.local/lib/python3.8/site-packages/airflow/example_dags/example_xcomargs.py took 0.051 seconds
[2024-04-01T06:53:33.506+0000] {processor.py:161} INFO - Started process (PID=708) to work on /home/airflow/.local/lib/python3.8/site-packages/airflow/example_dags/example_xcomargs.py
[2024-04-01T06:53:33.507+0000] {processor.py:830} INFO - Processing file /home/airflow/.local/lib/python3.8/site-packages/airflow/example_dags/example_xcomargs.py for tasks to queue
[2024-04-01T06:53:33.509+0000] {logging_mixin.py:188} INFO - [2024-04-01T06:53:33.508+0000] {dagbag.py:540} INFO - Filling up the DagBag from /home/airflow/.local/lib/python3.8/site-packages/airflow/example_dags/example_xcomargs.py
[2024-04-01T06:53:33.515+0000] {processor.py:840} INFO - DAG(s) 'example_xcom_args_with_operators', 'example_xcom_args' retrieved from /home/airflow/.local/lib/python3.8/site-packages/airflow/example_dags/example_xcomargs.py
[2024-04-01T06:53:33.531+0000] {logging_mixin.py:188} INFO - [2024-04-01T06:53:33.530+0000] {dag.py:3047} INFO - Sync 2 DAGs
[2024-04-01T06:53:33.539+0000] {logging_mixin.py:188} INFO - [2024-04-01T06:53:33.538+0000] {dag.py:3834} INFO - Setting next_dagrun for example_xcom_args to None, run_after=None
[2024-04-01T06:53:33.542+0000] {logging_mixin.py:188} INFO - [2024-04-01T06:53:33.541+0000] {dag.py:3834} INFO - Setting next_dagrun for example_xcom_args_with_operators to None, run_after=None
[2024-04-01T06:53:33.551+0000] {processor.py:183} INFO - Processing /home/airflow/.local/lib/python3.8/site-packages/airflow/example_dags/example_xcomargs.py took 0.047 seconds
[2024-04-01T06:54:04.441+0000] {processor.py:161} INFO - Started process (PID=763) to work on /home/airflow/.local/lib/python3.8/site-packages/airflow/example_dags/example_xcomargs.py
[2024-04-01T06:54:04.442+0000] {processor.py:830} INFO - Processing file /home/airflow/.local/lib/python3.8/site-packages/airflow/example_dags/example_xcomargs.py for tasks to queue
[2024-04-01T06:54:04.443+0000] {logging_mixin.py:188} INFO - [2024-04-01T06:54:04.443+0000] {dagbag.py:540} INFO - Filling up the DagBag from /home/airflow/.local/lib/python3.8/site-packages/airflow/example_dags/example_xcomargs.py
[2024-04-01T06:54:04.448+0000] {processor.py:840} INFO - DAG(s) 'example_xcom_args', 'example_xcom_args_with_operators' retrieved from /home/airflow/.local/lib/python3.8/site-packages/airflow/example_dags/example_xcomargs.py
[2024-04-01T06:54:04.460+0000] {logging_mixin.py:188} INFO - [2024-04-01T06:54:04.460+0000] {dag.py:3047} INFO - Sync 2 DAGs
[2024-04-01T06:54:04.467+0000] {logging_mixin.py:188} INFO - [2024-04-01T06:54:04.467+0000] {dag.py:3834} INFO - Setting next_dagrun for example_xcom_args to None, run_after=None
[2024-04-01T06:54:04.469+0000] {logging_mixin.py:188} INFO - [2024-04-01T06:54:04.469+0000] {dag.py:3834} INFO - Setting next_dagrun for example_xcom_args_with_operators to None, run_after=None
[2024-04-01T06:54:04.476+0000] {processor.py:183} INFO - Processing /home/airflow/.local/lib/python3.8/site-packages/airflow/example_dags/example_xcomargs.py took 0.037 seconds
[2024-04-01T06:54:35.106+0000] {processor.py:161} INFO - Started process (PID=818) to work on /home/airflow/.local/lib/python3.8/site-packages/airflow/example_dags/example_xcomargs.py
[2024-04-01T06:54:35.107+0000] {processor.py:830} INFO - Processing file /home/airflow/.local/lib/python3.8/site-packages/airflow/example_dags/example_xcomargs.py for tasks to queue
[2024-04-01T06:54:35.108+0000] {logging_mixin.py:188} INFO - [2024-04-01T06:54:35.108+0000] {dagbag.py:540} INFO - Filling up the DagBag from /home/airflow/.local/lib/python3.8/site-packages/airflow/example_dags/example_xcomargs.py
[2024-04-01T06:54:35.113+0000] {processor.py:840} INFO - DAG(s) 'example_xcom_args_with_operators', 'example_xcom_args' retrieved from /home/airflow/.local/lib/python3.8/site-packages/airflow/example_dags/example_xcomargs.py
[2024-04-01T06:54:35.125+0000] {logging_mixin.py:188} INFO - [2024-04-01T06:54:35.125+0000] {dag.py:3047} INFO - Sync 2 DAGs
[2024-04-01T06:54:35.132+0000] {logging_mixin.py:188} INFO - [2024-04-01T06:54:35.132+0000] {dag.py:3834} INFO - Setting next_dagrun for example_xcom_args to None, run_after=None
[2024-04-01T06:54:35.134+0000] {logging_mixin.py:188} INFO - [2024-04-01T06:54:35.134+0000] {dag.py:3834} INFO - Setting next_dagrun for example_xcom_args_with_operators to None, run_after=None
[2024-04-01T06:54:35.143+0000] {processor.py:183} INFO - Processing /home/airflow/.local/lib/python3.8/site-packages/airflow/example_dags/example_xcomargs.py took 0.038 seconds
[2024-04-01T06:55:05.803+0000] {processor.py:161} INFO - Started process (PID=873) to work on /home/airflow/.local/lib/python3.8/site-packages/airflow/example_dags/example_xcomargs.py
[2024-04-01T06:55:05.803+0000] {processor.py:830} INFO - Processing file /home/airflow/.local/lib/python3.8/site-packages/airflow/example_dags/example_xcomargs.py for tasks to queue
[2024-04-01T06:55:05.804+0000] {logging_mixin.py:188} INFO - [2024-04-01T06:55:05.804+0000] {dagbag.py:540} INFO - Filling up the DagBag from /home/airflow/.local/lib/python3.8/site-packages/airflow/example_dags/example_xcomargs.py
[2024-04-01T06:55:05.809+0000] {processor.py:840} INFO - DAG(s) 'example_xcom_args', 'example_xcom_args_with_operators' retrieved from /home/airflow/.local/lib/python3.8/site-packages/airflow/example_dags/example_xcomargs.py
[2024-04-01T06:55:05.822+0000] {logging_mixin.py:188} INFO - [2024-04-01T06:55:05.822+0000] {dag.py:3047} INFO - Sync 2 DAGs
[2024-04-01T06:55:05.829+0000] {logging_mixin.py:188} INFO - [2024-04-01T06:55:05.829+0000] {dag.py:3834} INFO - Setting next_dagrun for example_xcom_args to None, run_after=None
[2024-04-01T06:55:05.831+0000] {logging_mixin.py:188} INFO - [2024-04-01T06:55:05.831+0000] {dag.py:3834} INFO - Setting next_dagrun for example_xcom_args_with_operators to None, run_after=None
[2024-04-01T06:55:05.839+0000] {processor.py:183} INFO - Processing /home/airflow/.local/lib/python3.8/site-packages/airflow/example_dags/example_xcomargs.py took 0.038 seconds
[2024-04-01T06:55:36.572+0000] {processor.py:161} INFO - Started process (PID=928) to work on /home/airflow/.local/lib/python3.8/site-packages/airflow/example_dags/example_xcomargs.py
[2024-04-01T06:55:36.573+0000] {processor.py:830} INFO - Processing file /home/airflow/.local/lib/python3.8/site-packages/airflow/example_dags/example_xcomargs.py for tasks to queue
[2024-04-01T06:55:36.574+0000] {logging_mixin.py:188} INFO - [2024-04-01T06:55:36.574+0000] {dagbag.py:540} INFO - Filling up the DagBag from /home/airflow/.local/lib/python3.8/site-packages/airflow/example_dags/example_xcomargs.py
[2024-04-01T06:55:36.579+0000] {processor.py:840} INFO - DAG(s) 'example_xcom_args_with_operators', 'example_xcom_args' retrieved from /home/airflow/.local/lib/python3.8/site-packages/airflow/example_dags/example_xcomargs.py
[2024-04-01T06:55:36.591+0000] {logging_mixin.py:188} INFO - [2024-04-01T06:55:36.591+0000] {dag.py:3047} INFO - Sync 2 DAGs
[2024-04-01T06:55:36.598+0000] {logging_mixin.py:188} INFO - [2024-04-01T06:55:36.597+0000] {dag.py:3834} INFO - Setting next_dagrun for example_xcom_args to None, run_after=None
[2024-04-01T06:55:36.599+0000] {logging_mixin.py:188} INFO - [2024-04-01T06:55:36.599+0000] {dag.py:3834} INFO - Setting next_dagrun for example_xcom_args_with_operators to None, run_after=None
[2024-04-01T06:55:36.607+0000] {processor.py:183} INFO - Processing /home/airflow/.local/lib/python3.8/site-packages/airflow/example_dags/example_xcomargs.py took 0.037 seconds
[2024-04-01T06:56:07.256+0000] {processor.py:161} INFO - Started process (PID=983) to work on /home/airflow/.local/lib/python3.8/site-packages/airflow/example_dags/example_xcomargs.py
[2024-04-01T06:56:07.257+0000] {processor.py:830} INFO - Processing file /home/airflow/.local/lib/python3.8/site-packages/airflow/example_dags/example_xcomargs.py for tasks to queue
[2024-04-01T06:56:07.258+0000] {logging_mixin.py:188} INFO - [2024-04-01T06:56:07.258+0000] {dagbag.py:540} INFO - Filling up the DagBag from /home/airflow/.local/lib/python3.8/site-packages/airflow/example_dags/example_xcomargs.py
[2024-04-01T06:56:07.263+0000] {processor.py:840} INFO - DAG(s) 'example_xcom_args_with_operators', 'example_xcom_args' retrieved from /home/airflow/.local/lib/python3.8/site-packages/airflow/example_dags/example_xcomargs.py
[2024-04-01T06:56:07.275+0000] {logging_mixin.py:188} INFO - [2024-04-01T06:56:07.275+0000] {dag.py:3047} INFO - Sync 2 DAGs
[2024-04-01T06:56:07.282+0000] {logging_mixin.py:188} INFO - [2024-04-01T06:56:07.282+0000] {dag.py:3834} INFO - Setting next_dagrun for example_xcom_args to None, run_after=None
[2024-04-01T06:56:07.284+0000] {logging_mixin.py:188} INFO - [2024-04-01T06:56:07.284+0000] {dag.py:3834} INFO - Setting next_dagrun for example_xcom_args_with_operators to None, run_after=None
[2024-04-01T06:56:07.292+0000] {processor.py:183} INFO - Processing /home/airflow/.local/lib/python3.8/site-packages/airflow/example_dags/example_xcomargs.py took 0.038 seconds
[2024-04-01T06:56:38.065+0000] {processor.py:161} INFO - Started process (PID=1037) to work on /home/airflow/.local/lib/python3.8/site-packages/airflow/example_dags/example_xcomargs.py
[2024-04-01T06:56:38.066+0000] {processor.py:830} INFO - Processing file /home/airflow/.local/lib/python3.8/site-packages/airflow/example_dags/example_xcomargs.py for tasks to queue
[2024-04-01T06:56:38.067+0000] {logging_mixin.py:188} INFO - [2024-04-01T06:56:38.067+0000] {dagbag.py:540} INFO - Filling up the DagBag from /home/airflow/.local/lib/python3.8/site-packages/airflow/example_dags/example_xcomargs.py
[2024-04-01T06:56:38.072+0000] {processor.py:840} INFO - DAG(s) 'example_xcom_args_with_operators', 'example_xcom_args' retrieved from /home/airflow/.local/lib/python3.8/site-packages/airflow/example_dags/example_xcomargs.py
[2024-04-01T06:56:38.087+0000] {logging_mixin.py:188} INFO - [2024-04-01T06:56:38.087+0000] {dag.py:3047} INFO - Sync 2 DAGs
[2024-04-01T06:56:38.093+0000] {logging_mixin.py:188} INFO - [2024-04-01T06:56:38.093+0000] {dag.py:3834} INFO - Setting next_dagrun for example_xcom_args to None, run_after=None
[2024-04-01T06:56:38.095+0000] {logging_mixin.py:188} INFO - [2024-04-01T06:56:38.095+0000] {dag.py:3834} INFO - Setting next_dagrun for example_xcom_args_with_operators to None, run_after=None
[2024-04-01T06:56:38.104+0000] {processor.py:183} INFO - Processing /home/airflow/.local/lib/python3.8/site-packages/airflow/example_dags/example_xcomargs.py took 0.041 seconds
[2024-04-01T06:57:08.168+0000] {processor.py:161} INFO - Started process (PID=1092) to work on /home/airflow/.local/lib/python3.8/site-packages/airflow/example_dags/example_xcomargs.py
[2024-04-01T06:57:08.169+0000] {processor.py:830} INFO - Processing file /home/airflow/.local/lib/python3.8/site-packages/airflow/example_dags/example_xcomargs.py for tasks to queue
[2024-04-01T06:57:08.170+0000] {logging_mixin.py:188} INFO - [2024-04-01T06:57:08.170+0000] {dagbag.py:540} INFO - Filling up the DagBag from /home/airflow/.local/lib/python3.8/site-packages/airflow/example_dags/example_xcomargs.py
[2024-04-01T06:57:08.175+0000] {processor.py:840} INFO - DAG(s) 'example_xcom_args_with_operators', 'example_xcom_args' retrieved from /home/airflow/.local/lib/python3.8/site-packages/airflow/example_dags/example_xcomargs.py
[2024-04-01T06:57:08.189+0000] {logging_mixin.py:188} INFO - [2024-04-01T06:57:08.188+0000] {dag.py:3047} INFO - Sync 2 DAGs
[2024-04-01T06:57:08.197+0000] {logging_mixin.py:188} INFO - [2024-04-01T06:57:08.196+0000] {dag.py:3834} INFO - Setting next_dagrun for example_xcom_args to None, run_after=None
[2024-04-01T06:57:08.199+0000] {logging_mixin.py:188} INFO - [2024-04-01T06:57:08.199+0000] {dag.py:3834} INFO - Setting next_dagrun for example_xcom_args_with_operators to None, run_after=None
[2024-04-01T06:57:08.208+0000] {processor.py:183} INFO - Processing /home/airflow/.local/lib/python3.8/site-packages/airflow/example_dags/example_xcomargs.py took 0.042 seconds
[2024-04-01T06:57:38.965+0000] {processor.py:161} INFO - Started process (PID=1147) to work on /home/airflow/.local/lib/python3.8/site-packages/airflow/example_dags/example_xcomargs.py
[2024-04-01T06:57:38.966+0000] {processor.py:830} INFO - Processing file /home/airflow/.local/lib/python3.8/site-packages/airflow/example_dags/example_xcomargs.py for tasks to queue
[2024-04-01T06:57:38.967+0000] {logging_mixin.py:188} INFO - [2024-04-01T06:57:38.966+0000] {dagbag.py:540} INFO - Filling up the DagBag from /home/airflow/.local/lib/python3.8/site-packages/airflow/example_dags/example_xcomargs.py
[2024-04-01T06:57:38.971+0000] {processor.py:840} INFO - DAG(s) 'example_xcom_args_with_operators', 'example_xcom_args' retrieved from /home/airflow/.local/lib/python3.8/site-packages/airflow/example_dags/example_xcomargs.py
[2024-04-01T06:57:38.984+0000] {logging_mixin.py:188} INFO - [2024-04-01T06:57:38.984+0000] {dag.py:3047} INFO - Sync 2 DAGs
[2024-04-01T06:57:38.991+0000] {logging_mixin.py:188} INFO - [2024-04-01T06:57:38.991+0000] {dag.py:3834} INFO - Setting next_dagrun for example_xcom_args to None, run_after=None
[2024-04-01T06:57:38.993+0000] {logging_mixin.py:188} INFO - [2024-04-01T06:57:38.993+0000] {dag.py:3834} INFO - Setting next_dagrun for example_xcom_args_with_operators to None, run_after=None
[2024-04-01T06:57:39.001+0000] {processor.py:183} INFO - Processing /home/airflow/.local/lib/python3.8/site-packages/airflow/example_dags/example_xcomargs.py took 0.038 seconds
[2024-04-01T06:58:09.699+0000] {processor.py:161} INFO - Started process (PID=1202) to work on /home/airflow/.local/lib/python3.8/site-packages/airflow/example_dags/example_xcomargs.py
[2024-04-01T06:58:09.699+0000] {processor.py:830} INFO - Processing file /home/airflow/.local/lib/python3.8/site-packages/airflow/example_dags/example_xcomargs.py for tasks to queue
[2024-04-01T06:58:09.700+0000] {logging_mixin.py:188} INFO - [2024-04-01T06:58:09.700+0000] {dagbag.py:540} INFO - Filling up the DagBag from /home/airflow/.local/lib/python3.8/site-packages/airflow/example_dags/example_xcomargs.py
[2024-04-01T06:58:09.706+0000] {processor.py:840} INFO - DAG(s) 'example_xcom_args_with_operators', 'example_xcom_args' retrieved from /home/airflow/.local/lib/python3.8/site-packages/airflow/example_dags/example_xcomargs.py
[2024-04-01T06:58:09.721+0000] {logging_mixin.py:188} INFO - [2024-04-01T06:58:09.721+0000] {dag.py:3047} INFO - Sync 2 DAGs
[2024-04-01T06:58:09.728+0000] {logging_mixin.py:188} INFO - [2024-04-01T06:58:09.728+0000] {dag.py:3834} INFO - Setting next_dagrun for example_xcom_args to None, run_after=None
[2024-04-01T06:58:09.730+0000] {logging_mixin.py:188} INFO - [2024-04-01T06:58:09.730+0000] {dag.py:3834} INFO - Setting next_dagrun for example_xcom_args_with_operators to None, run_after=None
[2024-04-01T06:58:09.739+0000] {processor.py:183} INFO - Processing /home/airflow/.local/lib/python3.8/site-packages/airflow/example_dags/example_xcomargs.py took 0.042 seconds
[2024-04-01T06:58:39.861+0000] {processor.py:161} INFO - Started process (PID=1257) to work on /home/airflow/.local/lib/python3.8/site-packages/airflow/example_dags/example_xcomargs.py
[2024-04-01T06:58:39.862+0000] {processor.py:830} INFO - Processing file /home/airflow/.local/lib/python3.8/site-packages/airflow/example_dags/example_xcomargs.py for tasks to queue
[2024-04-01T06:58:39.863+0000] {logging_mixin.py:188} INFO - [2024-04-01T06:58:39.863+0000] {dagbag.py:540} INFO - Filling up the DagBag from /home/airflow/.local/lib/python3.8/site-packages/airflow/example_dags/example_xcomargs.py
[2024-04-01T06:58:39.868+0000] {processor.py:840} INFO - DAG(s) 'example_xcom_args_with_operators', 'example_xcom_args' retrieved from /home/airflow/.local/lib/python3.8/site-packages/airflow/example_dags/example_xcomargs.py
[2024-04-01T06:58:39.882+0000] {logging_mixin.py:188} INFO - [2024-04-01T06:58:39.882+0000] {dag.py:3047} INFO - Sync 2 DAGs
[2024-04-01T06:58:39.888+0000] {logging_mixin.py:188} INFO - [2024-04-01T06:58:39.888+0000] {dag.py:3834} INFO - Setting next_dagrun for example_xcom_args to None, run_after=None
[2024-04-01T06:58:39.890+0000] {logging_mixin.py:188} INFO - [2024-04-01T06:58:39.890+0000] {dag.py:3834} INFO - Setting next_dagrun for example_xcom_args_with_operators to None, run_after=None
[2024-04-01T06:58:39.898+0000] {processor.py:183} INFO - Processing /home/airflow/.local/lib/python3.8/site-packages/airflow/example_dags/example_xcomargs.py took 0.038 seconds
[2024-04-01T06:59:10.549+0000] {processor.py:161} INFO - Started process (PID=1312) to work on /home/airflow/.local/lib/python3.8/site-packages/airflow/example_dags/example_xcomargs.py
[2024-04-01T06:59:10.549+0000] {processor.py:830} INFO - Processing file /home/airflow/.local/lib/python3.8/site-packages/airflow/example_dags/example_xcomargs.py for tasks to queue
[2024-04-01T06:59:10.550+0000] {logging_mixin.py:188} INFO - [2024-04-01T06:59:10.550+0000] {dagbag.py:540} INFO - Filling up the DagBag from /home/airflow/.local/lib/python3.8/site-packages/airflow/example_dags/example_xcomargs.py
[2024-04-01T06:59:10.555+0000] {processor.py:840} INFO - DAG(s) 'example_xcom_args', 'example_xcom_args_with_operators' retrieved from /home/airflow/.local/lib/python3.8/site-packages/airflow/example_dags/example_xcomargs.py
[2024-04-01T06:59:10.568+0000] {logging_mixin.py:188} INFO - [2024-04-01T06:59:10.568+0000] {dag.py:3047} INFO - Sync 2 DAGs
[2024-04-01T06:59:10.575+0000] {logging_mixin.py:188} INFO - [2024-04-01T06:59:10.575+0000] {dag.py:3834} INFO - Setting next_dagrun for example_xcom_args to None, run_after=None
[2024-04-01T06:59:10.577+0000] {logging_mixin.py:188} INFO - [2024-04-01T06:59:10.577+0000] {dag.py:3834} INFO - Setting next_dagrun for example_xcom_args_with_operators to None, run_after=None
[2024-04-01T06:59:10.585+0000] {processor.py:183} INFO - Processing /home/airflow/.local/lib/python3.8/site-packages/airflow/example_dags/example_xcomargs.py took 0.038 seconds
[2024-04-01T06:59:41.176+0000] {processor.py:161} INFO - Started process (PID=1367) to work on /home/airflow/.local/lib/python3.8/site-packages/airflow/example_dags/example_xcomargs.py
[2024-04-01T06:59:41.176+0000] {processor.py:830} INFO - Processing file /home/airflow/.local/lib/python3.8/site-packages/airflow/example_dags/example_xcomargs.py for tasks to queue
[2024-04-01T06:59:41.177+0000] {logging_mixin.py:188} INFO - [2024-04-01T06:59:41.177+0000] {dagbag.py:540} INFO - Filling up the DagBag from /home/airflow/.local/lib/python3.8/site-packages/airflow/example_dags/example_xcomargs.py
[2024-04-01T06:59:41.182+0000] {processor.py:840} INFO - DAG(s) 'example_xcom_args_with_operators', 'example_xcom_args' retrieved from /home/airflow/.local/lib/python3.8/site-packages/airflow/example_dags/example_xcomargs.py
[2024-04-01T06:59:41.195+0000] {logging_mixin.py:188} INFO - [2024-04-01T06:59:41.195+0000] {dag.py:3047} INFO - Sync 2 DAGs
[2024-04-01T06:59:41.202+0000] {logging_mixin.py:188} INFO - [2024-04-01T06:59:41.202+0000] {dag.py:3834} INFO - Setting next_dagrun for example_xcom_args to None, run_after=None
[2024-04-01T06:59:41.204+0000] {logging_mixin.py:188} INFO - [2024-04-01T06:59:41.204+0000] {dag.py:3834} INFO - Setting next_dagrun for example_xcom_args_with_operators to None, run_after=None
[2024-04-01T06:59:41.211+0000] {processor.py:183} INFO - Processing /home/airflow/.local/lib/python3.8/site-packages/airflow/example_dags/example_xcomargs.py took 0.038 seconds
[2024-04-01T07:00:11.289+0000] {processor.py:161} INFO - Started process (PID=1422) to work on /home/airflow/.local/lib/python3.8/site-packages/airflow/example_dags/example_xcomargs.py
[2024-04-01T07:00:11.290+0000] {processor.py:830} INFO - Processing file /home/airflow/.local/lib/python3.8/site-packages/airflow/example_dags/example_xcomargs.py for tasks to queue
[2024-04-01T07:00:11.291+0000] {logging_mixin.py:188} INFO - [2024-04-01T07:00:11.290+0000] {dagbag.py:540} INFO - Filling up the DagBag from /home/airflow/.local/lib/python3.8/site-packages/airflow/example_dags/example_xcomargs.py
[2024-04-01T07:00:11.296+0000] {processor.py:840} INFO - DAG(s) 'example_xcom_args_with_operators', 'example_xcom_args' retrieved from /home/airflow/.local/lib/python3.8/site-packages/airflow/example_dags/example_xcomargs.py
[2024-04-01T07:00:11.308+0000] {logging_mixin.py:188} INFO - [2024-04-01T07:00:11.308+0000] {dag.py:3047} INFO - Sync 2 DAGs
[2024-04-01T07:00:11.316+0000] {logging_mixin.py:188} INFO - [2024-04-01T07:00:11.316+0000] {dag.py:3834} INFO - Setting next_dagrun for example_xcom_args to None, run_after=None
[2024-04-01T07:00:11.318+0000] {logging_mixin.py:188} INFO - [2024-04-01T07:00:11.318+0000] {dag.py:3834} INFO - Setting next_dagrun for example_xcom_args_with_operators to None, run_after=None
[2024-04-01T07:00:11.326+0000] {processor.py:183} INFO - Processing /home/airflow/.local/lib/python3.8/site-packages/airflow/example_dags/example_xcomargs.py took 0.039 seconds
[2024-04-01T07:00:41.863+0000] {processor.py:161} INFO - Started process (PID=1477) to work on /home/airflow/.local/lib/python3.8/site-packages/airflow/example_dags/example_xcomargs.py
[2024-04-01T07:00:41.864+0000] {processor.py:830} INFO - Processing file /home/airflow/.local/lib/python3.8/site-packages/airflow/example_dags/example_xcomargs.py for tasks to queue
[2024-04-01T07:00:41.865+0000] {logging_mixin.py:188} INFO - [2024-04-01T07:00:41.865+0000] {dagbag.py:540} INFO - Filling up the DagBag from /home/airflow/.local/lib/python3.8/site-packages/airflow/example_dags/example_xcomargs.py
[2024-04-01T07:00:41.870+0000] {processor.py:840} INFO - DAG(s) 'example_xcom_args_with_operators', 'example_xcom_args' retrieved from /home/airflow/.local/lib/python3.8/site-packages/airflow/example_dags/example_xcomargs.py
[2024-04-01T07:00:41.882+0000] {logging_mixin.py:188} INFO - [2024-04-01T07:00:41.882+0000] {dag.py:3047} INFO - Sync 2 DAGs
[2024-04-01T07:00:41.889+0000] {logging_mixin.py:188} INFO - [2024-04-01T07:00:41.889+0000] {dag.py:3834} INFO - Setting next_dagrun for example_xcom_args to None, run_after=None
[2024-04-01T07:00:41.891+0000] {logging_mixin.py:188} INFO - [2024-04-01T07:00:41.891+0000] {dag.py:3834} INFO - Setting next_dagrun for example_xcom_args_with_operators to None, run_after=None
[2024-04-01T07:00:41.899+0000] {processor.py:183} INFO - Processing /home/airflow/.local/lib/python3.8/site-packages/airflow/example_dags/example_xcomargs.py took 0.037 seconds
[2024-04-01T07:01:36.859+0000] {processor.py:161} INFO - Started process (PID=48) to work on /home/airflow/.local/lib/python3.8/site-packages/airflow/example_dags/example_xcomargs.py
[2024-04-01T07:01:36.860+0000] {processor.py:830} INFO - Processing file /home/airflow/.local/lib/python3.8/site-packages/airflow/example_dags/example_xcomargs.py for tasks to queue
[2024-04-01T07:01:36.861+0000] {logging_mixin.py:188} INFO - [2024-04-01T07:01:36.861+0000] {dagbag.py:540} INFO - Filling up the DagBag from /home/airflow/.local/lib/python3.8/site-packages/airflow/example_dags/example_xcomargs.py
[2024-04-01T07:01:36.868+0000] {processor.py:840} INFO - DAG(s) 'example_xcom_args', 'example_xcom_args_with_operators' retrieved from /home/airflow/.local/lib/python3.8/site-packages/airflow/example_dags/example_xcomargs.py
[2024-04-01T07:01:36.875+0000] {logging_mixin.py:188} INFO - [2024-04-01T07:01:36.875+0000] {dag.py:3047} INFO - Sync 2 DAGs
[2024-04-01T07:01:36.884+0000] {logging_mixin.py:188} INFO - [2024-04-01T07:01:36.883+0000] {dag.py:3834} INFO - Setting next_dagrun for example_xcom_args to None, run_after=None
[2024-04-01T07:01:36.887+0000] {logging_mixin.py:188} INFO - [2024-04-01T07:01:36.887+0000] {dag.py:3834} INFO - Setting next_dagrun for example_xcom_args_with_operators to None, run_after=None
[2024-04-01T07:01:36.899+0000] {processor.py:183} INFO - Processing /home/airflow/.local/lib/python3.8/site-packages/airflow/example_dags/example_xcomargs.py took 0.042 seconds
[2024-04-01T07:02:07.243+0000] {processor.py:161} INFO - Started process (PID=103) to work on /home/airflow/.local/lib/python3.8/site-packages/airflow/example_dags/example_xcomargs.py
[2024-04-01T07:02:07.244+0000] {processor.py:830} INFO - Processing file /home/airflow/.local/lib/python3.8/site-packages/airflow/example_dags/example_xcomargs.py for tasks to queue
[2024-04-01T07:02:07.245+0000] {logging_mixin.py:188} INFO - [2024-04-01T07:02:07.245+0000] {dagbag.py:540} INFO - Filling up the DagBag from /home/airflow/.local/lib/python3.8/site-packages/airflow/example_dags/example_xcomargs.py
[2024-04-01T07:02:07.251+0000] {processor.py:840} INFO - DAG(s) 'example_xcom_args', 'example_xcom_args_with_operators' retrieved from /home/airflow/.local/lib/python3.8/site-packages/airflow/example_dags/example_xcomargs.py
[2024-04-01T07:02:07.323+0000] {logging_mixin.py:188} INFO - [2024-04-01T07:02:07.322+0000] {dag.py:3047} INFO - Sync 2 DAGs
[2024-04-01T07:02:07.333+0000] {logging_mixin.py:188} INFO - [2024-04-01T07:02:07.333+0000] {dag.py:3834} INFO - Setting next_dagrun for example_xcom_args to None, run_after=None
[2024-04-01T07:02:07.335+0000] {logging_mixin.py:188} INFO - [2024-04-01T07:02:07.335+0000] {dag.py:3834} INFO - Setting next_dagrun for example_xcom_args_with_operators to None, run_after=None
[2024-04-01T07:02:07.350+0000] {processor.py:183} INFO - Processing /home/airflow/.local/lib/python3.8/site-packages/airflow/example_dags/example_xcomargs.py took 0.109 seconds
[2024-04-01T07:02:38.018+0000] {processor.py:161} INFO - Started process (PID=157) to work on /home/airflow/.local/lib/python3.8/site-packages/airflow/example_dags/example_xcomargs.py
[2024-04-01T07:02:38.019+0000] {processor.py:830} INFO - Processing file /home/airflow/.local/lib/python3.8/site-packages/airflow/example_dags/example_xcomargs.py for tasks to queue
[2024-04-01T07:02:38.020+0000] {logging_mixin.py:188} INFO - [2024-04-01T07:02:38.020+0000] {dagbag.py:540} INFO - Filling up the DagBag from /home/airflow/.local/lib/python3.8/site-packages/airflow/example_dags/example_xcomargs.py
[2024-04-01T07:02:38.026+0000] {processor.py:840} INFO - DAG(s) 'example_xcom_args', 'example_xcom_args_with_operators' retrieved from /home/airflow/.local/lib/python3.8/site-packages/airflow/example_dags/example_xcomargs.py
[2024-04-01T07:02:38.048+0000] {logging_mixin.py:188} INFO - [2024-04-01T07:02:38.048+0000] {dag.py:3047} INFO - Sync 2 DAGs
[2024-04-01T07:02:38.056+0000] {logging_mixin.py:188} INFO - [2024-04-01T07:02:38.056+0000] {dag.py:3834} INFO - Setting next_dagrun for example_xcom_args to None, run_after=None
[2024-04-01T07:02:38.059+0000] {logging_mixin.py:188} INFO - [2024-04-01T07:02:38.059+0000] {dag.py:3834} INFO - Setting next_dagrun for example_xcom_args_with_operators to None, run_after=None
[2024-04-01T07:02:38.073+0000] {processor.py:183} INFO - Processing /home/airflow/.local/lib/python3.8/site-packages/airflow/example_dags/example_xcomargs.py took 0.058 seconds
[2024-04-01T07:03:08.104+0000] {processor.py:161} INFO - Started process (PID=212) to work on /home/airflow/.local/lib/python3.8/site-packages/airflow/example_dags/example_xcomargs.py
[2024-04-01T07:03:08.105+0000] {processor.py:830} INFO - Processing file /home/airflow/.local/lib/python3.8/site-packages/airflow/example_dags/example_xcomargs.py for tasks to queue
[2024-04-01T07:03:08.106+0000] {logging_mixin.py:188} INFO - [2024-04-01T07:03:08.106+0000] {dagbag.py:540} INFO - Filling up the DagBag from /home/airflow/.local/lib/python3.8/site-packages/airflow/example_dags/example_xcomargs.py
[2024-04-01T07:03:08.112+0000] {processor.py:840} INFO - DAG(s) 'example_xcom_args_with_operators', 'example_xcom_args' retrieved from /home/airflow/.local/lib/python3.8/site-packages/airflow/example_dags/example_xcomargs.py
[2024-04-01T07:03:08.127+0000] {logging_mixin.py:188} INFO - [2024-04-01T07:03:08.127+0000] {dag.py:3047} INFO - Sync 2 DAGs
[2024-04-01T07:03:08.137+0000] {logging_mixin.py:188} INFO - [2024-04-01T07:03:08.137+0000] {dag.py:3834} INFO - Setting next_dagrun for example_xcom_args to None, run_after=None
[2024-04-01T07:03:08.139+0000] {logging_mixin.py:188} INFO - [2024-04-01T07:03:08.139+0000] {dag.py:3834} INFO - Setting next_dagrun for example_xcom_args_with_operators to None, run_after=None
[2024-04-01T07:03:08.149+0000] {processor.py:183} INFO - Processing /home/airflow/.local/lib/python3.8/site-packages/airflow/example_dags/example_xcomargs.py took 0.047 seconds
[2024-04-01T07:03:38.227+0000] {processor.py:161} INFO - Started process (PID=267) to work on /home/airflow/.local/lib/python3.8/site-packages/airflow/example_dags/example_xcomargs.py
[2024-04-01T07:03:38.228+0000] {processor.py:830} INFO - Processing file /home/airflow/.local/lib/python3.8/site-packages/airflow/example_dags/example_xcomargs.py for tasks to queue
[2024-04-01T07:03:38.229+0000] {logging_mixin.py:188} INFO - [2024-04-01T07:03:38.229+0000] {dagbag.py:540} INFO - Filling up the DagBag from /home/airflow/.local/lib/python3.8/site-packages/airflow/example_dags/example_xcomargs.py
[2024-04-01T07:03:38.235+0000] {processor.py:840} INFO - DAG(s) 'example_xcom_args', 'example_xcom_args_with_operators' retrieved from /home/airflow/.local/lib/python3.8/site-packages/airflow/example_dags/example_xcomargs.py
[2024-04-01T07:03:38.252+0000] {logging_mixin.py:188} INFO - [2024-04-01T07:03:38.252+0000] {dag.py:3047} INFO - Sync 2 DAGs
[2024-04-01T07:03:38.259+0000] {logging_mixin.py:188} INFO - [2024-04-01T07:03:38.259+0000] {dag.py:3834} INFO - Setting next_dagrun for example_xcom_args to None, run_after=None
[2024-04-01T07:03:38.261+0000] {logging_mixin.py:188} INFO - [2024-04-01T07:03:38.261+0000] {dag.py:3834} INFO - Setting next_dagrun for example_xcom_args_with_operators to None, run_after=None
[2024-04-01T07:03:38.270+0000] {processor.py:183} INFO - Processing /home/airflow/.local/lib/python3.8/site-packages/airflow/example_dags/example_xcomargs.py took 0.046 seconds
[2024-04-01T07:04:08.316+0000] {processor.py:161} INFO - Started process (PID=322) to work on /home/airflow/.local/lib/python3.8/site-packages/airflow/example_dags/example_xcomargs.py
[2024-04-01T07:04:08.317+0000] {processor.py:830} INFO - Processing file /home/airflow/.local/lib/python3.8/site-packages/airflow/example_dags/example_xcomargs.py for tasks to queue
[2024-04-01T07:04:08.318+0000] {logging_mixin.py:188} INFO - [2024-04-01T07:04:08.318+0000] {dagbag.py:540} INFO - Filling up the DagBag from /home/airflow/.local/lib/python3.8/site-packages/airflow/example_dags/example_xcomargs.py
[2024-04-01T07:04:08.324+0000] {processor.py:840} INFO - DAG(s) 'example_xcom_args_with_operators', 'example_xcom_args' retrieved from /home/airflow/.local/lib/python3.8/site-packages/airflow/example_dags/example_xcomargs.py
[2024-04-01T07:04:08.340+0000] {logging_mixin.py:188} INFO - [2024-04-01T07:04:08.339+0000] {dag.py:3047} INFO - Sync 2 DAGs
[2024-04-01T07:04:08.346+0000] {logging_mixin.py:188} INFO - [2024-04-01T07:04:08.346+0000] {dag.py:3834} INFO - Setting next_dagrun for example_xcom_args to None, run_after=None
[2024-04-01T07:04:08.348+0000] {logging_mixin.py:188} INFO - [2024-04-01T07:04:08.348+0000] {dag.py:3834} INFO - Setting next_dagrun for example_xcom_args_with_operators to None, run_after=None
[2024-04-01T07:04:08.357+0000] {processor.py:183} INFO - Processing /home/airflow/.local/lib/python3.8/site-packages/airflow/example_dags/example_xcomargs.py took 0.044 seconds
[2024-04-01T07:04:38.454+0000] {processor.py:161} INFO - Started process (PID=377) to work on /home/airflow/.local/lib/python3.8/site-packages/airflow/example_dags/example_xcomargs.py
[2024-04-01T07:04:38.455+0000] {processor.py:830} INFO - Processing file /home/airflow/.local/lib/python3.8/site-packages/airflow/example_dags/example_xcomargs.py for tasks to queue
[2024-04-01T07:04:38.459+0000] {logging_mixin.py:188} INFO - [2024-04-01T07:04:38.458+0000] {dagbag.py:540} INFO - Filling up the DagBag from /home/airflow/.local/lib/python3.8/site-packages/airflow/example_dags/example_xcomargs.py
[2024-04-01T07:04:38.464+0000] {processor.py:840} INFO - DAG(s) 'example_xcom_args', 'example_xcom_args_with_operators' retrieved from /home/airflow/.local/lib/python3.8/site-packages/airflow/example_dags/example_xcomargs.py
[2024-04-01T07:04:38.478+0000] {logging_mixin.py:188} INFO - [2024-04-01T07:04:38.478+0000] {dag.py:3047} INFO - Sync 2 DAGs
[2024-04-01T07:04:38.488+0000] {logging_mixin.py:188} INFO - [2024-04-01T07:04:38.487+0000] {dag.py:3834} INFO - Setting next_dagrun for example_xcom_args to None, run_after=None
[2024-04-01T07:04:38.490+0000] {logging_mixin.py:188} INFO - [2024-04-01T07:04:38.490+0000] {dag.py:3834} INFO - Setting next_dagrun for example_xcom_args_with_operators to None, run_after=None
[2024-04-01T07:04:38.499+0000] {processor.py:183} INFO - Processing /home/airflow/.local/lib/python3.8/site-packages/airflow/example_dags/example_xcomargs.py took 0.047 seconds
[2024-04-01T07:05:08.775+0000] {processor.py:161} INFO - Started process (PID=432) to work on /home/airflow/.local/lib/python3.8/site-packages/airflow/example_dags/example_xcomargs.py
[2024-04-01T07:05:08.776+0000] {processor.py:830} INFO - Processing file /home/airflow/.local/lib/python3.8/site-packages/airflow/example_dags/example_xcomargs.py for tasks to queue
[2024-04-01T07:05:08.778+0000] {logging_mixin.py:188} INFO - [2024-04-01T07:05:08.777+0000] {dagbag.py:540} INFO - Filling up the DagBag from /home/airflow/.local/lib/python3.8/site-packages/airflow/example_dags/example_xcomargs.py
[2024-04-01T07:05:08.784+0000] {processor.py:840} INFO - DAG(s) 'example_xcom_args_with_operators', 'example_xcom_args' retrieved from /home/airflow/.local/lib/python3.8/site-packages/airflow/example_dags/example_xcomargs.py
[2024-04-01T07:05:08.802+0000] {logging_mixin.py:188} INFO - [2024-04-01T07:05:08.802+0000] {dag.py:3047} INFO - Sync 2 DAGs
[2024-04-01T07:05:08.811+0000] {logging_mixin.py:188} INFO - [2024-04-01T07:05:08.810+0000] {dag.py:3834} INFO - Setting next_dagrun for example_xcom_args to None, run_after=None
[2024-04-01T07:05:08.813+0000] {logging_mixin.py:188} INFO - [2024-04-01T07:05:08.813+0000] {dag.py:3834} INFO - Setting next_dagrun for example_xcom_args_with_operators to None, run_after=None
[2024-04-01T07:05:08.822+0000] {processor.py:183} INFO - Processing /home/airflow/.local/lib/python3.8/site-packages/airflow/example_dags/example_xcomargs.py took 0.050 seconds
[2024-04-01T07:05:38.862+0000] {processor.py:161} INFO - Started process (PID=487) to work on /home/airflow/.local/lib/python3.8/site-packages/airflow/example_dags/example_xcomargs.py
[2024-04-01T07:05:38.863+0000] {processor.py:830} INFO - Processing file /home/airflow/.local/lib/python3.8/site-packages/airflow/example_dags/example_xcomargs.py for tasks to queue
[2024-04-01T07:05:38.864+0000] {logging_mixin.py:188} INFO - [2024-04-01T07:05:38.864+0000] {dagbag.py:540} INFO - Filling up the DagBag from /home/airflow/.local/lib/python3.8/site-packages/airflow/example_dags/example_xcomargs.py
[2024-04-01T07:05:38.870+0000] {processor.py:840} INFO - DAG(s) 'example_xcom_args', 'example_xcom_args_with_operators' retrieved from /home/airflow/.local/lib/python3.8/site-packages/airflow/example_dags/example_xcomargs.py
[2024-04-01T07:05:38.887+0000] {logging_mixin.py:188} INFO - [2024-04-01T07:05:38.886+0000] {dag.py:3047} INFO - Sync 2 DAGs
[2024-04-01T07:05:38.895+0000] {logging_mixin.py:188} INFO - [2024-04-01T07:05:38.895+0000] {dag.py:3834} INFO - Setting next_dagrun for example_xcom_args to None, run_after=None
[2024-04-01T07:05:38.897+0000] {logging_mixin.py:188} INFO - [2024-04-01T07:05:38.897+0000] {dag.py:3834} INFO - Setting next_dagrun for example_xcom_args_with_operators to None, run_after=None
[2024-04-01T07:05:38.906+0000] {processor.py:183} INFO - Processing /home/airflow/.local/lib/python3.8/site-packages/airflow/example_dags/example_xcomargs.py took 0.046 seconds
[2024-04-01T07:06:09.110+0000] {processor.py:161} INFO - Started process (PID=542) to work on /home/airflow/.local/lib/python3.8/site-packages/airflow/example_dags/example_xcomargs.py
[2024-04-01T07:06:09.111+0000] {processor.py:830} INFO - Processing file /home/airflow/.local/lib/python3.8/site-packages/airflow/example_dags/example_xcomargs.py for tasks to queue
[2024-04-01T07:06:09.112+0000] {logging_mixin.py:188} INFO - [2024-04-01T07:06:09.112+0000] {dagbag.py:540} INFO - Filling up the DagBag from /home/airflow/.local/lib/python3.8/site-packages/airflow/example_dags/example_xcomargs.py
[2024-04-01T07:06:09.117+0000] {processor.py:840} INFO - DAG(s) 'example_xcom_args', 'example_xcom_args_with_operators' retrieved from /home/airflow/.local/lib/python3.8/site-packages/airflow/example_dags/example_xcomargs.py
[2024-04-01T07:06:09.130+0000] {logging_mixin.py:188} INFO - [2024-04-01T07:06:09.130+0000] {dag.py:3047} INFO - Sync 2 DAGs
[2024-04-01T07:06:09.138+0000] {logging_mixin.py:188} INFO - [2024-04-01T07:06:09.138+0000] {dag.py:3834} INFO - Setting next_dagrun for example_xcom_args to None, run_after=None
[2024-04-01T07:06:09.140+0000] {logging_mixin.py:188} INFO - [2024-04-01T07:06:09.140+0000] {dag.py:3834} INFO - Setting next_dagrun for example_xcom_args_with_operators to None, run_after=None
[2024-04-01T07:06:09.148+0000] {processor.py:183} INFO - Processing /home/airflow/.local/lib/python3.8/site-packages/airflow/example_dags/example_xcomargs.py took 0.039 seconds
[2024-04-01T07:06:39.317+0000] {processor.py:161} INFO - Started process (PID=597) to work on /home/airflow/.local/lib/python3.8/site-packages/airflow/example_dags/example_xcomargs.py
[2024-04-01T07:06:39.318+0000] {processor.py:830} INFO - Processing file /home/airflow/.local/lib/python3.8/site-packages/airflow/example_dags/example_xcomargs.py for tasks to queue
[2024-04-01T07:06:39.320+0000] {logging_mixin.py:188} INFO - [2024-04-01T07:06:39.319+0000] {dagbag.py:540} INFO - Filling up the DagBag from /home/airflow/.local/lib/python3.8/site-packages/airflow/example_dags/example_xcomargs.py
[2024-04-01T07:06:39.326+0000] {processor.py:840} INFO - DAG(s) 'example_xcom_args', 'example_xcom_args_with_operators' retrieved from /home/airflow/.local/lib/python3.8/site-packages/airflow/example_dags/example_xcomargs.py
[2024-04-01T07:06:39.342+0000] {logging_mixin.py:188} INFO - [2024-04-01T07:06:39.342+0000] {dag.py:3047} INFO - Sync 2 DAGs
[2024-04-01T07:06:39.350+0000] {logging_mixin.py:188} INFO - [2024-04-01T07:06:39.350+0000] {dag.py:3834} INFO - Setting next_dagrun for example_xcom_args to None, run_after=None
[2024-04-01T07:06:39.353+0000] {logging_mixin.py:188} INFO - [2024-04-01T07:06:39.352+0000] {dag.py:3834} INFO - Setting next_dagrun for example_xcom_args_with_operators to None, run_after=None
[2024-04-01T07:06:39.362+0000] {processor.py:183} INFO - Processing /home/airflow/.local/lib/python3.8/site-packages/airflow/example_dags/example_xcomargs.py took 0.047 seconds
[2024-04-01T07:07:09.530+0000] {processor.py:161} INFO - Started process (PID=652) to work on /home/airflow/.local/lib/python3.8/site-packages/airflow/example_dags/example_xcomargs.py
[2024-04-01T07:07:09.531+0000] {processor.py:830} INFO - Processing file /home/airflow/.local/lib/python3.8/site-packages/airflow/example_dags/example_xcomargs.py for tasks to queue
[2024-04-01T07:07:09.532+0000] {logging_mixin.py:188} INFO - [2024-04-01T07:07:09.532+0000] {dagbag.py:540} INFO - Filling up the DagBag from /home/airflow/.local/lib/python3.8/site-packages/airflow/example_dags/example_xcomargs.py
[2024-04-01T07:07:09.538+0000] {processor.py:840} INFO - DAG(s) 'example_xcom_args_with_operators', 'example_xcom_args' retrieved from /home/airflow/.local/lib/python3.8/site-packages/airflow/example_dags/example_xcomargs.py
[2024-04-01T07:07:09.554+0000] {logging_mixin.py:188} INFO - [2024-04-01T07:07:09.553+0000] {dag.py:3047} INFO - Sync 2 DAGs
[2024-04-01T07:07:09.561+0000] {logging_mixin.py:188} INFO - [2024-04-01T07:07:09.561+0000] {dag.py:3834} INFO - Setting next_dagrun for example_xcom_args to None, run_after=None
[2024-04-01T07:07:09.563+0000] {logging_mixin.py:188} INFO - [2024-04-01T07:07:09.563+0000] {dag.py:3834} INFO - Setting next_dagrun for example_xcom_args_with_operators to None, run_after=None
[2024-04-01T07:07:09.576+0000] {processor.py:183} INFO - Processing /home/airflow/.local/lib/python3.8/site-packages/airflow/example_dags/example_xcomargs.py took 0.048 seconds
[2024-04-01T07:07:39.744+0000] {processor.py:161} INFO - Started process (PID=707) to work on /home/airflow/.local/lib/python3.8/site-packages/airflow/example_dags/example_xcomargs.py
[2024-04-01T07:07:39.745+0000] {processor.py:830} INFO - Processing file /home/airflow/.local/lib/python3.8/site-packages/airflow/example_dags/example_xcomargs.py for tasks to queue
[2024-04-01T07:07:39.746+0000] {logging_mixin.py:188} INFO - [2024-04-01T07:07:39.746+0000] {dagbag.py:540} INFO - Filling up the DagBag from /home/airflow/.local/lib/python3.8/site-packages/airflow/example_dags/example_xcomargs.py
[2024-04-01T07:07:39.752+0000] {processor.py:840} INFO - DAG(s) 'example_xcom_args_with_operators', 'example_xcom_args' retrieved from /home/airflow/.local/lib/python3.8/site-packages/airflow/example_dags/example_xcomargs.py
[2024-04-01T07:07:39.773+0000] {logging_mixin.py:188} INFO - [2024-04-01T07:07:39.772+0000] {dag.py:3047} INFO - Sync 2 DAGs
[2024-04-01T07:07:39.782+0000] {logging_mixin.py:188} INFO - [2024-04-01T07:07:39.781+0000] {dag.py:3834} INFO - Setting next_dagrun for example_xcom_args to None, run_after=None
[2024-04-01T07:07:39.785+0000] {logging_mixin.py:188} INFO - [2024-04-01T07:07:39.785+0000] {dag.py:3834} INFO - Setting next_dagrun for example_xcom_args_with_operators to None, run_after=None
[2024-04-01T07:07:39.798+0000] {processor.py:183} INFO - Processing /home/airflow/.local/lib/python3.8/site-packages/airflow/example_dags/example_xcomargs.py took 0.056 seconds
[2024-04-01T07:08:10.012+0000] {processor.py:161} INFO - Started process (PID=762) to work on /home/airflow/.local/lib/python3.8/site-packages/airflow/example_dags/example_xcomargs.py
[2024-04-01T07:08:10.013+0000] {processor.py:830} INFO - Processing file /home/airflow/.local/lib/python3.8/site-packages/airflow/example_dags/example_xcomargs.py for tasks to queue
[2024-04-01T07:08:10.014+0000] {logging_mixin.py:188} INFO - [2024-04-01T07:08:10.014+0000] {dagbag.py:540} INFO - Filling up the DagBag from /home/airflow/.local/lib/python3.8/site-packages/airflow/example_dags/example_xcomargs.py
[2024-04-01T07:08:10.019+0000] {processor.py:840} INFO - DAG(s) 'example_xcom_args_with_operators', 'example_xcom_args' retrieved from /home/airflow/.local/lib/python3.8/site-packages/airflow/example_dags/example_xcomargs.py
[2024-04-01T07:08:10.032+0000] {logging_mixin.py:188} INFO - [2024-04-01T07:08:10.031+0000] {dag.py:3047} INFO - Sync 2 DAGs
[2024-04-01T07:08:10.038+0000] {logging_mixin.py:188} INFO - [2024-04-01T07:08:10.038+0000] {dag.py:3834} INFO - Setting next_dagrun for example_xcom_args to None, run_after=None
[2024-04-01T07:08:10.040+0000] {logging_mixin.py:188} INFO - [2024-04-01T07:08:10.040+0000] {dag.py:3834} INFO - Setting next_dagrun for example_xcom_args_with_operators to None, run_after=None
[2024-04-01T07:08:10.048+0000] {processor.py:183} INFO - Processing /home/airflow/.local/lib/python3.8/site-packages/airflow/example_dags/example_xcomargs.py took 0.039 seconds
[2024-04-01T07:08:40.832+0000] {processor.py:161} INFO - Started process (PID=817) to work on /home/airflow/.local/lib/python3.8/site-packages/airflow/example_dags/example_xcomargs.py
[2024-04-01T07:08:40.833+0000] {processor.py:830} INFO - Processing file /home/airflow/.local/lib/python3.8/site-packages/airflow/example_dags/example_xcomargs.py for tasks to queue
[2024-04-01T07:08:40.834+0000] {logging_mixin.py:188} INFO - [2024-04-01T07:08:40.834+0000] {dagbag.py:540} INFO - Filling up the DagBag from /home/airflow/.local/lib/python3.8/site-packages/airflow/example_dags/example_xcomargs.py
[2024-04-01T07:08:40.840+0000] {processor.py:840} INFO - DAG(s) 'example_xcom_args', 'example_xcom_args_with_operators' retrieved from /home/airflow/.local/lib/python3.8/site-packages/airflow/example_dags/example_xcomargs.py
[2024-04-01T07:08:40.853+0000] {logging_mixin.py:188} INFO - [2024-04-01T07:08:40.853+0000] {dag.py:3047} INFO - Sync 2 DAGs
[2024-04-01T07:08:40.860+0000] {logging_mixin.py:188} INFO - [2024-04-01T07:08:40.860+0000] {dag.py:3834} INFO - Setting next_dagrun for example_xcom_args to None, run_after=None
[2024-04-01T07:08:40.862+0000] {logging_mixin.py:188} INFO - [2024-04-01T07:08:40.862+0000] {dag.py:3834} INFO - Setting next_dagrun for example_xcom_args_with_operators to None, run_after=None
[2024-04-01T07:08:40.870+0000] {processor.py:183} INFO - Processing /home/airflow/.local/lib/python3.8/site-packages/airflow/example_dags/example_xcomargs.py took 0.041 seconds
[2024-04-01T07:09:10.948+0000] {processor.py:161} INFO - Started process (PID=872) to work on /home/airflow/.local/lib/python3.8/site-packages/airflow/example_dags/example_xcomargs.py
[2024-04-01T07:09:10.949+0000] {processor.py:830} INFO - Processing file /home/airflow/.local/lib/python3.8/site-packages/airflow/example_dags/example_xcomargs.py for tasks to queue
[2024-04-01T07:09:10.950+0000] {logging_mixin.py:188} INFO - [2024-04-01T07:09:10.950+0000] {dagbag.py:540} INFO - Filling up the DagBag from /home/airflow/.local/lib/python3.8/site-packages/airflow/example_dags/example_xcomargs.py
[2024-04-01T07:09:10.955+0000] {processor.py:840} INFO - DAG(s) 'example_xcom_args', 'example_xcom_args_with_operators' retrieved from /home/airflow/.local/lib/python3.8/site-packages/airflow/example_dags/example_xcomargs.py
[2024-04-01T07:09:10.972+0000] {logging_mixin.py:188} INFO - [2024-04-01T07:09:10.972+0000] {dag.py:3047} INFO - Sync 2 DAGs
[2024-04-01T07:09:10.979+0000] {logging_mixin.py:188} INFO - [2024-04-01T07:09:10.979+0000] {dag.py:3834} INFO - Setting next_dagrun for example_xcom_args to None, run_after=None
[2024-04-01T07:09:10.981+0000] {logging_mixin.py:188} INFO - [2024-04-01T07:09:10.981+0000] {dag.py:3834} INFO - Setting next_dagrun for example_xcom_args_with_operators to None, run_after=None
[2024-04-01T07:09:10.988+0000] {processor.py:183} INFO - Processing /home/airflow/.local/lib/python3.8/site-packages/airflow/example_dags/example_xcomargs.py took 0.042 seconds
[2024-04-01T07:09:41.052+0000] {processor.py:161} INFO - Started process (PID=927) to work on /home/airflow/.local/lib/python3.8/site-packages/airflow/example_dags/example_xcomargs.py
[2024-04-01T07:09:41.052+0000] {processor.py:830} INFO - Processing file /home/airflow/.local/lib/python3.8/site-packages/airflow/example_dags/example_xcomargs.py for tasks to queue
[2024-04-01T07:09:41.053+0000] {logging_mixin.py:188} INFO - [2024-04-01T07:09:41.053+0000] {dagbag.py:540} INFO - Filling up the DagBag from /home/airflow/.local/lib/python3.8/site-packages/airflow/example_dags/example_xcomargs.py
[2024-04-01T07:09:41.058+0000] {processor.py:840} INFO - DAG(s) 'example_xcom_args_with_operators', 'example_xcom_args' retrieved from /home/airflow/.local/lib/python3.8/site-packages/airflow/example_dags/example_xcomargs.py
[2024-04-01T07:09:41.071+0000] {logging_mixin.py:188} INFO - [2024-04-01T07:09:41.071+0000] {dag.py:3047} INFO - Sync 2 DAGs
[2024-04-01T07:09:41.078+0000] {logging_mixin.py:188} INFO - [2024-04-01T07:09:41.078+0000] {dag.py:3834} INFO - Setting next_dagrun for example_xcom_args to None, run_after=None
[2024-04-01T07:09:41.080+0000] {logging_mixin.py:188} INFO - [2024-04-01T07:09:41.080+0000] {dag.py:3834} INFO - Setting next_dagrun for example_xcom_args_with_operators to None, run_after=None
[2024-04-01T07:09:41.088+0000] {processor.py:183} INFO - Processing /home/airflow/.local/lib/python3.8/site-packages/airflow/example_dags/example_xcomargs.py took 0.039 seconds
[2024-04-01T07:10:11.754+0000] {processor.py:161} INFO - Started process (PID=982) to work on /home/airflow/.local/lib/python3.8/site-packages/airflow/example_dags/example_xcomargs.py
[2024-04-01T07:10:11.755+0000] {processor.py:830} INFO - Processing file /home/airflow/.local/lib/python3.8/site-packages/airflow/example_dags/example_xcomargs.py for tasks to queue
[2024-04-01T07:10:11.756+0000] {logging_mixin.py:188} INFO - [2024-04-01T07:10:11.756+0000] {dagbag.py:540} INFO - Filling up the DagBag from /home/airflow/.local/lib/python3.8/site-packages/airflow/example_dags/example_xcomargs.py
[2024-04-01T07:10:11.761+0000] {processor.py:840} INFO - DAG(s) 'example_xcom_args', 'example_xcom_args_with_operators' retrieved from /home/airflow/.local/lib/python3.8/site-packages/airflow/example_dags/example_xcomargs.py
[2024-04-01T07:10:11.777+0000] {logging_mixin.py:188} INFO - [2024-04-01T07:10:11.776+0000] {dag.py:3047} INFO - Sync 2 DAGs
[2024-04-01T07:10:11.783+0000] {logging_mixin.py:188} INFO - [2024-04-01T07:10:11.783+0000] {dag.py:3834} INFO - Setting next_dagrun for example_xcom_args to None, run_after=None
[2024-04-01T07:10:11.786+0000] {logging_mixin.py:188} INFO - [2024-04-01T07:10:11.785+0000] {dag.py:3834} INFO - Setting next_dagrun for example_xcom_args_with_operators to None, run_after=None
[2024-04-01T07:10:11.799+0000] {processor.py:183} INFO - Processing /home/airflow/.local/lib/python3.8/site-packages/airflow/example_dags/example_xcomargs.py took 0.047 seconds
[2024-04-01T07:10:41.915+0000] {processor.py:161} INFO - Started process (PID=1037) to work on /home/airflow/.local/lib/python3.8/site-packages/airflow/example_dags/example_xcomargs.py
[2024-04-01T07:10:41.916+0000] {processor.py:830} INFO - Processing file /home/airflow/.local/lib/python3.8/site-packages/airflow/example_dags/example_xcomargs.py for tasks to queue
[2024-04-01T07:10:41.918+0000] {logging_mixin.py:188} INFO - [2024-04-01T07:10:41.918+0000] {dagbag.py:540} INFO - Filling up the DagBag from /home/airflow/.local/lib/python3.8/site-packages/airflow/example_dags/example_xcomargs.py
[2024-04-01T07:10:41.926+0000] {processor.py:840} INFO - DAG(s) 'example_xcom_args', 'example_xcom_args_with_operators' retrieved from /home/airflow/.local/lib/python3.8/site-packages/airflow/example_dags/example_xcomargs.py
[2024-04-01T07:10:41.943+0000] {logging_mixin.py:188} INFO - [2024-04-01T07:10:41.943+0000] {dag.py:3047} INFO - Sync 2 DAGs
[2024-04-01T07:10:41.953+0000] {logging_mixin.py:188} INFO - [2024-04-01T07:10:41.953+0000] {dag.py:3834} INFO - Setting next_dagrun for example_xcom_args to None, run_after=None
[2024-04-01T07:10:41.957+0000] {logging_mixin.py:188} INFO - [2024-04-01T07:10:41.957+0000] {dag.py:3834} INFO - Setting next_dagrun for example_xcom_args_with_operators to None, run_after=None
[2024-04-01T07:10:41.967+0000] {processor.py:183} INFO - Processing /home/airflow/.local/lib/python3.8/site-packages/airflow/example_dags/example_xcomargs.py took 0.055 seconds
[2024-04-01T07:11:12.001+0000] {processor.py:161} INFO - Started process (PID=1099) to work on /home/airflow/.local/lib/python3.8/site-packages/airflow/example_dags/example_xcomargs.py
[2024-04-01T07:11:12.001+0000] {processor.py:830} INFO - Processing file /home/airflow/.local/lib/python3.8/site-packages/airflow/example_dags/example_xcomargs.py for tasks to queue
[2024-04-01T07:11:12.003+0000] {logging_mixin.py:188} INFO - [2024-04-01T07:11:12.003+0000] {dagbag.py:540} INFO - Filling up the DagBag from /home/airflow/.local/lib/python3.8/site-packages/airflow/example_dags/example_xcomargs.py
[2024-04-01T07:11:12.009+0000] {processor.py:840} INFO - DAG(s) 'example_xcom_args', 'example_xcom_args_with_operators' retrieved from /home/airflow/.local/lib/python3.8/site-packages/airflow/example_dags/example_xcomargs.py
[2024-04-01T07:11:12.024+0000] {logging_mixin.py:188} INFO - [2024-04-01T07:11:12.023+0000] {dag.py:3047} INFO - Sync 2 DAGs
[2024-04-01T07:11:12.031+0000] {logging_mixin.py:188} INFO - [2024-04-01T07:11:12.031+0000] {dag.py:3834} INFO - Setting next_dagrun for example_xcom_args to None, run_after=None
[2024-04-01T07:11:12.033+0000] {logging_mixin.py:188} INFO - [2024-04-01T07:11:12.033+0000] {dag.py:3834} INFO - Setting next_dagrun for example_xcom_args_with_operators to None, run_after=None
[2024-04-01T07:11:12.041+0000] {processor.py:183} INFO - Processing /home/airflow/.local/lib/python3.8/site-packages/airflow/example_dags/example_xcomargs.py took 0.043 seconds
[2024-04-01T07:11:42.161+0000] {processor.py:161} INFO - Started process (PID=1154) to work on /home/airflow/.local/lib/python3.8/site-packages/airflow/example_dags/example_xcomargs.py
[2024-04-01T07:11:42.162+0000] {processor.py:830} INFO - Processing file /home/airflow/.local/lib/python3.8/site-packages/airflow/example_dags/example_xcomargs.py for tasks to queue
[2024-04-01T07:11:42.163+0000] {logging_mixin.py:188} INFO - [2024-04-01T07:11:42.163+0000] {dagbag.py:540} INFO - Filling up the DagBag from /home/airflow/.local/lib/python3.8/site-packages/airflow/example_dags/example_xcomargs.py
[2024-04-01T07:11:42.169+0000] {processor.py:840} INFO - DAG(s) 'example_xcom_args_with_operators', 'example_xcom_args' retrieved from /home/airflow/.local/lib/python3.8/site-packages/airflow/example_dags/example_xcomargs.py
[2024-04-01T07:11:42.185+0000] {logging_mixin.py:188} INFO - [2024-04-01T07:11:42.185+0000] {dag.py:3047} INFO - Sync 2 DAGs
[2024-04-01T07:11:42.192+0000] {logging_mixin.py:188} INFO - [2024-04-01T07:11:42.192+0000] {dag.py:3834} INFO - Setting next_dagrun for example_xcom_args to None, run_after=None
[2024-04-01T07:11:42.194+0000] {logging_mixin.py:188} INFO - [2024-04-01T07:11:42.194+0000] {dag.py:3834} INFO - Setting next_dagrun for example_xcom_args_with_operators to None, run_after=None
[2024-04-01T07:11:42.203+0000] {processor.py:183} INFO - Processing /home/airflow/.local/lib/python3.8/site-packages/airflow/example_dags/example_xcomargs.py took 0.044 seconds
[2024-04-01T07:12:12.369+0000] {processor.py:161} INFO - Started process (PID=1209) to work on /home/airflow/.local/lib/python3.8/site-packages/airflow/example_dags/example_xcomargs.py
[2024-04-01T07:12:12.369+0000] {processor.py:830} INFO - Processing file /home/airflow/.local/lib/python3.8/site-packages/airflow/example_dags/example_xcomargs.py for tasks to queue
[2024-04-01T07:12:12.371+0000] {logging_mixin.py:188} INFO - [2024-04-01T07:12:12.371+0000] {dagbag.py:540} INFO - Filling up the DagBag from /home/airflow/.local/lib/python3.8/site-packages/airflow/example_dags/example_xcomargs.py
[2024-04-01T07:12:12.376+0000] {processor.py:840} INFO - DAG(s) 'example_xcom_args_with_operators', 'example_xcom_args' retrieved from /home/airflow/.local/lib/python3.8/site-packages/airflow/example_dags/example_xcomargs.py
[2024-04-01T07:12:12.391+0000] {logging_mixin.py:188} INFO - [2024-04-01T07:12:12.391+0000] {dag.py:3047} INFO - Sync 2 DAGs
[2024-04-01T07:12:12.398+0000] {logging_mixin.py:188} INFO - [2024-04-01T07:12:12.398+0000] {dag.py:3834} INFO - Setting next_dagrun for example_xcom_args to None, run_after=None
[2024-04-01T07:12:12.400+0000] {logging_mixin.py:188} INFO - [2024-04-01T07:12:12.400+0000] {dag.py:3834} INFO - Setting next_dagrun for example_xcom_args_with_operators to None, run_after=None
[2024-04-01T07:12:12.409+0000] {processor.py:183} INFO - Processing /home/airflow/.local/lib/python3.8/site-packages/airflow/example_dags/example_xcomargs.py took 0.043 seconds
