[2024-04-01T06:47:26.225+0000] {processor.py:161} INFO - Started process (PID=52) to work on /home/airflow/.local/lib/python3.8/site-packages/airflow/example_dags/example_branch_labels.py
[2024-04-01T06:47:26.226+0000] {processor.py:830} INFO - Processing file /home/airflow/.local/lib/python3.8/site-packages/airflow/example_dags/example_branch_labels.py for tasks to queue
[2024-04-01T06:47:26.228+0000] {logging_mixin.py:188} INFO - [2024-04-01T06:47:26.227+0000] {dagbag.py:540} INFO - Filling up the DagBag from /home/airflow/.local/lib/python3.8/site-packages/airflow/example_dags/example_branch_labels.py
[2024-04-01T06:47:26.236+0000] {processor.py:840} INFO - DAG(s) 'example_branch_labels' retrieved from /home/airflow/.local/lib/python3.8/site-packages/airflow/example_dags/example_branch_labels.py
[2024-04-01T06:47:26.248+0000] {logging_mixin.py:188} INFO - [2024-04-01T06:47:26.247+0000] {dag.py:3047} INFO - Sync 1 DAGs
[2024-04-01T06:47:26.265+0000] {logging_mixin.py:188} INFO - [2024-04-01T06:47:26.265+0000] {dag.py:3834} INFO - Setting next_dagrun for example_branch_labels to 2024-03-31 00:00:00+00:00, run_after=2024-04-01 00:00:00+00:00
[2024-04-01T06:47:26.287+0000] {processor.py:183} INFO - Processing /home/airflow/.local/lib/python3.8/site-packages/airflow/example_dags/example_branch_labels.py took 0.064 seconds
[2024-04-01T06:47:57.224+0000] {processor.py:161} INFO - Started process (PID=107) to work on /home/airflow/.local/lib/python3.8/site-packages/airflow/example_dags/example_branch_labels.py
[2024-04-01T06:47:57.225+0000] {processor.py:830} INFO - Processing file /home/airflow/.local/lib/python3.8/site-packages/airflow/example_dags/example_branch_labels.py for tasks to queue
[2024-04-01T06:47:57.226+0000] {logging_mixin.py:188} INFO - [2024-04-01T06:47:57.226+0000] {dagbag.py:540} INFO - Filling up the DagBag from /home/airflow/.local/lib/python3.8/site-packages/airflow/example_dags/example_branch_labels.py
[2024-04-01T06:47:57.230+0000] {processor.py:840} INFO - DAG(s) 'example_branch_labels' retrieved from /home/airflow/.local/lib/python3.8/site-packages/airflow/example_dags/example_branch_labels.py
[2024-04-01T06:47:57.283+0000] {logging_mixin.py:188} INFO - [2024-04-01T06:47:57.283+0000] {dag.py:3047} INFO - Sync 1 DAGs
[2024-04-01T06:47:57.294+0000] {logging_mixin.py:188} INFO - [2024-04-01T06:47:57.294+0000] {dag.py:3834} INFO - Setting next_dagrun for example_branch_labels to 2024-03-31 00:00:00+00:00, run_after=2024-04-01 00:00:00+00:00
[2024-04-01T06:47:57.302+0000] {processor.py:183} INFO - Processing /home/airflow/.local/lib/python3.8/site-packages/airflow/example_dags/example_branch_labels.py took 0.080 seconds
[2024-04-01T06:48:27.723+0000] {processor.py:161} INFO - Started process (PID=162) to work on /home/airflow/.local/lib/python3.8/site-packages/airflow/example_dags/example_branch_labels.py
[2024-04-01T06:48:27.723+0000] {processor.py:830} INFO - Processing file /home/airflow/.local/lib/python3.8/site-packages/airflow/example_dags/example_branch_labels.py for tasks to queue
[2024-04-01T06:48:27.724+0000] {logging_mixin.py:188} INFO - [2024-04-01T06:48:27.724+0000] {dagbag.py:540} INFO - Filling up the DagBag from /home/airflow/.local/lib/python3.8/site-packages/airflow/example_dags/example_branch_labels.py
[2024-04-01T06:48:27.730+0000] {processor.py:840} INFO - DAG(s) 'example_branch_labels' retrieved from /home/airflow/.local/lib/python3.8/site-packages/airflow/example_dags/example_branch_labels.py
[2024-04-01T06:48:27.741+0000] {logging_mixin.py:188} INFO - [2024-04-01T06:48:27.741+0000] {dag.py:3047} INFO - Sync 1 DAGs
[2024-04-01T06:48:27.753+0000] {logging_mixin.py:188} INFO - [2024-04-01T06:48:27.753+0000] {dag.py:3834} INFO - Setting next_dagrun for example_branch_labels to 2024-03-31 00:00:00+00:00, run_after=2024-04-01 00:00:00+00:00
[2024-04-01T06:48:27.762+0000] {processor.py:183} INFO - Processing /home/airflow/.local/lib/python3.8/site-packages/airflow/example_dags/example_branch_labels.py took 0.041 seconds
[2024-04-01T06:48:58.603+0000] {processor.py:161} INFO - Started process (PID=217) to work on /home/airflow/.local/lib/python3.8/site-packages/airflow/example_dags/example_branch_labels.py
[2024-04-01T06:48:58.603+0000] {processor.py:830} INFO - Processing file /home/airflow/.local/lib/python3.8/site-packages/airflow/example_dags/example_branch_labels.py for tasks to queue
[2024-04-01T06:48:58.604+0000] {logging_mixin.py:188} INFO - [2024-04-01T06:48:58.604+0000] {dagbag.py:540} INFO - Filling up the DagBag from /home/airflow/.local/lib/python3.8/site-packages/airflow/example_dags/example_branch_labels.py
[2024-04-01T06:48:58.609+0000] {processor.py:840} INFO - DAG(s) 'example_branch_labels' retrieved from /home/airflow/.local/lib/python3.8/site-packages/airflow/example_dags/example_branch_labels.py
[2024-04-01T06:48:58.620+0000] {logging_mixin.py:188} INFO - [2024-04-01T06:48:58.620+0000] {dag.py:3047} INFO - Sync 1 DAGs
[2024-04-01T06:48:58.631+0000] {logging_mixin.py:188} INFO - [2024-04-01T06:48:58.631+0000] {dag.py:3834} INFO - Setting next_dagrun for example_branch_labels to 2024-03-31 00:00:00+00:00, run_after=2024-04-01 00:00:00+00:00
[2024-04-01T06:48:58.640+0000] {processor.py:183} INFO - Processing /home/airflow/.local/lib/python3.8/site-packages/airflow/example_dags/example_branch_labels.py took 0.039 seconds
[2024-04-01T06:49:29.231+0000] {processor.py:161} INFO - Started process (PID=272) to work on /home/airflow/.local/lib/python3.8/site-packages/airflow/example_dags/example_branch_labels.py
[2024-04-01T06:49:29.232+0000] {processor.py:830} INFO - Processing file /home/airflow/.local/lib/python3.8/site-packages/airflow/example_dags/example_branch_labels.py for tasks to queue
[2024-04-01T06:49:29.233+0000] {logging_mixin.py:188} INFO - [2024-04-01T06:49:29.232+0000] {dagbag.py:540} INFO - Filling up the DagBag from /home/airflow/.local/lib/python3.8/site-packages/airflow/example_dags/example_branch_labels.py
[2024-04-01T06:49:29.238+0000] {processor.py:840} INFO - DAG(s) 'example_branch_labels' retrieved from /home/airflow/.local/lib/python3.8/site-packages/airflow/example_dags/example_branch_labels.py
[2024-04-01T06:49:29.250+0000] {logging_mixin.py:188} INFO - [2024-04-01T06:49:29.250+0000] {dag.py:3047} INFO - Sync 1 DAGs
[2024-04-01T06:49:29.262+0000] {logging_mixin.py:188} INFO - [2024-04-01T06:49:29.262+0000] {dag.py:3834} INFO - Setting next_dagrun for example_branch_labels to 2024-03-31 00:00:00+00:00, run_after=2024-04-01 00:00:00+00:00
[2024-04-01T06:49:29.271+0000] {processor.py:183} INFO - Processing /home/airflow/.local/lib/python3.8/site-packages/airflow/example_dags/example_branch_labels.py took 0.041 seconds
[2024-04-01T06:50:00.066+0000] {processor.py:161} INFO - Started process (PID=327) to work on /home/airflow/.local/lib/python3.8/site-packages/airflow/example_dags/example_branch_labels.py
[2024-04-01T06:50:00.066+0000] {processor.py:830} INFO - Processing file /home/airflow/.local/lib/python3.8/site-packages/airflow/example_dags/example_branch_labels.py for tasks to queue
[2024-04-01T06:50:00.068+0000] {logging_mixin.py:188} INFO - [2024-04-01T06:50:00.067+0000] {dagbag.py:540} INFO - Filling up the DagBag from /home/airflow/.local/lib/python3.8/site-packages/airflow/example_dags/example_branch_labels.py
[2024-04-01T06:50:00.073+0000] {processor.py:840} INFO - DAG(s) 'example_branch_labels' retrieved from /home/airflow/.local/lib/python3.8/site-packages/airflow/example_dags/example_branch_labels.py
[2024-04-01T06:50:00.085+0000] {logging_mixin.py:188} INFO - [2024-04-01T06:50:00.085+0000] {dag.py:3047} INFO - Sync 1 DAGs
[2024-04-01T06:50:00.098+0000] {logging_mixin.py:188} INFO - [2024-04-01T06:50:00.097+0000] {dag.py:3834} INFO - Setting next_dagrun for example_branch_labels to 2024-03-31 00:00:00+00:00, run_after=2024-04-01 00:00:00+00:00
[2024-04-01T06:50:00.106+0000] {processor.py:183} INFO - Processing /home/airflow/.local/lib/python3.8/site-packages/airflow/example_dags/example_branch_labels.py took 0.043 seconds
[2024-04-01T06:50:30.141+0000] {processor.py:161} INFO - Started process (PID=382) to work on /home/airflow/.local/lib/python3.8/site-packages/airflow/example_dags/example_branch_labels.py
[2024-04-01T06:50:30.141+0000] {processor.py:830} INFO - Processing file /home/airflow/.local/lib/python3.8/site-packages/airflow/example_dags/example_branch_labels.py for tasks to queue
[2024-04-01T06:50:30.142+0000] {logging_mixin.py:188} INFO - [2024-04-01T06:50:30.142+0000] {dagbag.py:540} INFO - Filling up the DagBag from /home/airflow/.local/lib/python3.8/site-packages/airflow/example_dags/example_branch_labels.py
[2024-04-01T06:50:30.147+0000] {processor.py:840} INFO - DAG(s) 'example_branch_labels' retrieved from /home/airflow/.local/lib/python3.8/site-packages/airflow/example_dags/example_branch_labels.py
[2024-04-01T06:50:30.160+0000] {logging_mixin.py:188} INFO - [2024-04-01T06:50:30.160+0000] {dag.py:3047} INFO - Sync 1 DAGs
[2024-04-01T06:50:30.171+0000] {logging_mixin.py:188} INFO - [2024-04-01T06:50:30.171+0000] {dag.py:3834} INFO - Setting next_dagrun for example_branch_labels to 2024-03-31 00:00:00+00:00, run_after=2024-04-01 00:00:00+00:00
[2024-04-01T06:50:30.181+0000] {processor.py:183} INFO - Processing /home/airflow/.local/lib/python3.8/site-packages/airflow/example_dags/example_branch_labels.py took 0.042 seconds
[2024-04-01T06:51:00.910+0000] {processor.py:161} INFO - Started process (PID=437) to work on /home/airflow/.local/lib/python3.8/site-packages/airflow/example_dags/example_branch_labels.py
[2024-04-01T06:51:00.911+0000] {processor.py:830} INFO - Processing file /home/airflow/.local/lib/python3.8/site-packages/airflow/example_dags/example_branch_labels.py for tasks to queue
[2024-04-01T06:51:00.912+0000] {logging_mixin.py:188} INFO - [2024-04-01T06:51:00.911+0000] {dagbag.py:540} INFO - Filling up the DagBag from /home/airflow/.local/lib/python3.8/site-packages/airflow/example_dags/example_branch_labels.py
[2024-04-01T06:51:00.916+0000] {processor.py:840} INFO - DAG(s) 'example_branch_labels' retrieved from /home/airflow/.local/lib/python3.8/site-packages/airflow/example_dags/example_branch_labels.py
[2024-04-01T06:51:00.930+0000] {logging_mixin.py:188} INFO - [2024-04-01T06:51:00.929+0000] {dag.py:3047} INFO - Sync 1 DAGs
[2024-04-01T06:51:00.943+0000] {logging_mixin.py:188} INFO - [2024-04-01T06:51:00.943+0000] {dag.py:3834} INFO - Setting next_dagrun for example_branch_labels to 2024-03-31 00:00:00+00:00, run_after=2024-04-01 00:00:00+00:00
[2024-04-01T06:51:00.952+0000] {processor.py:183} INFO - Processing /home/airflow/.local/lib/python3.8/site-packages/airflow/example_dags/example_branch_labels.py took 0.044 seconds
[2024-04-01T06:51:31.586+0000] {processor.py:161} INFO - Started process (PID=492) to work on /home/airflow/.local/lib/python3.8/site-packages/airflow/example_dags/example_branch_labels.py
[2024-04-01T06:51:31.586+0000] {processor.py:830} INFO - Processing file /home/airflow/.local/lib/python3.8/site-packages/airflow/example_dags/example_branch_labels.py for tasks to queue
[2024-04-01T06:51:31.587+0000] {logging_mixin.py:188} INFO - [2024-04-01T06:51:31.587+0000] {dagbag.py:540} INFO - Filling up the DagBag from /home/airflow/.local/lib/python3.8/site-packages/airflow/example_dags/example_branch_labels.py
[2024-04-01T06:51:31.592+0000] {processor.py:840} INFO - DAG(s) 'example_branch_labels' retrieved from /home/airflow/.local/lib/python3.8/site-packages/airflow/example_dags/example_branch_labels.py
[2024-04-01T06:51:31.604+0000] {logging_mixin.py:188} INFO - [2024-04-01T06:51:31.604+0000] {dag.py:3047} INFO - Sync 1 DAGs
[2024-04-01T06:51:31.617+0000] {logging_mixin.py:188} INFO - [2024-04-01T06:51:31.617+0000] {dag.py:3834} INFO - Setting next_dagrun for example_branch_labels to 2024-03-31 00:00:00+00:00, run_after=2024-04-01 00:00:00+00:00
[2024-04-01T06:51:31.626+0000] {processor.py:183} INFO - Processing /home/airflow/.local/lib/python3.8/site-packages/airflow/example_dags/example_branch_labels.py took 0.042 seconds
[2024-04-01T06:52:02.422+0000] {processor.py:161} INFO - Started process (PID=547) to work on /home/airflow/.local/lib/python3.8/site-packages/airflow/example_dags/example_branch_labels.py
[2024-04-01T06:52:02.422+0000] {processor.py:830} INFO - Processing file /home/airflow/.local/lib/python3.8/site-packages/airflow/example_dags/example_branch_labels.py for tasks to queue
[2024-04-01T06:52:02.424+0000] {logging_mixin.py:188} INFO - [2024-04-01T06:52:02.423+0000] {dagbag.py:540} INFO - Filling up the DagBag from /home/airflow/.local/lib/python3.8/site-packages/airflow/example_dags/example_branch_labels.py
[2024-04-01T06:52:02.429+0000] {processor.py:840} INFO - DAG(s) 'example_branch_labels' retrieved from /home/airflow/.local/lib/python3.8/site-packages/airflow/example_dags/example_branch_labels.py
[2024-04-01T06:52:02.441+0000] {logging_mixin.py:188} INFO - [2024-04-01T06:52:02.441+0000] {dag.py:3047} INFO - Sync 1 DAGs
[2024-04-01T06:52:02.460+0000] {logging_mixin.py:188} INFO - [2024-04-01T06:52:02.460+0000] {dag.py:3834} INFO - Setting next_dagrun for example_branch_labels to 2024-03-31 00:00:00+00:00, run_after=2024-04-01 00:00:00+00:00
[2024-04-01T06:52:02.471+0000] {processor.py:183} INFO - Processing /home/airflow/.local/lib/python3.8/site-packages/airflow/example_dags/example_branch_labels.py took 0.051 seconds
[2024-04-01T06:52:33.264+0000] {processor.py:161} INFO - Started process (PID=602) to work on /home/airflow/.local/lib/python3.8/site-packages/airflow/example_dags/example_branch_labels.py
[2024-04-01T06:52:33.265+0000] {processor.py:830} INFO - Processing file /home/airflow/.local/lib/python3.8/site-packages/airflow/example_dags/example_branch_labels.py for tasks to queue
[2024-04-01T06:52:33.266+0000] {logging_mixin.py:188} INFO - [2024-04-01T06:52:33.266+0000] {dagbag.py:540} INFO - Filling up the DagBag from /home/airflow/.local/lib/python3.8/site-packages/airflow/example_dags/example_branch_labels.py
[2024-04-01T06:52:33.272+0000] {processor.py:840} INFO - DAG(s) 'example_branch_labels' retrieved from /home/airflow/.local/lib/python3.8/site-packages/airflow/example_dags/example_branch_labels.py
[2024-04-01T06:52:33.286+0000] {logging_mixin.py:188} INFO - [2024-04-01T06:52:33.286+0000] {dag.py:3047} INFO - Sync 1 DAGs
[2024-04-01T06:52:33.299+0000] {logging_mixin.py:188} INFO - [2024-04-01T06:52:33.299+0000] {dag.py:3834} INFO - Setting next_dagrun for example_branch_labels to 2024-03-31 00:00:00+00:00, run_after=2024-04-01 00:00:00+00:00
[2024-04-01T06:52:33.308+0000] {processor.py:183} INFO - Processing /home/airflow/.local/lib/python3.8/site-packages/airflow/example_dags/example_branch_labels.py took 0.047 seconds
[2024-04-01T06:53:03.422+0000] {processor.py:161} INFO - Started process (PID=657) to work on /home/airflow/.local/lib/python3.8/site-packages/airflow/example_dags/example_branch_labels.py
[2024-04-01T06:53:03.423+0000] {processor.py:830} INFO - Processing file /home/airflow/.local/lib/python3.8/site-packages/airflow/example_dags/example_branch_labels.py for tasks to queue
[2024-04-01T06:53:03.424+0000] {logging_mixin.py:188} INFO - [2024-04-01T06:53:03.424+0000] {dagbag.py:540} INFO - Filling up the DagBag from /home/airflow/.local/lib/python3.8/site-packages/airflow/example_dags/example_branch_labels.py
[2024-04-01T06:53:03.430+0000] {processor.py:840} INFO - DAG(s) 'example_branch_labels' retrieved from /home/airflow/.local/lib/python3.8/site-packages/airflow/example_dags/example_branch_labels.py
[2024-04-01T06:53:03.445+0000] {logging_mixin.py:188} INFO - [2024-04-01T06:53:03.445+0000] {dag.py:3047} INFO - Sync 1 DAGs
[2024-04-01T06:53:03.459+0000] {logging_mixin.py:188} INFO - [2024-04-01T06:53:03.459+0000] {dag.py:3834} INFO - Setting next_dagrun for example_branch_labels to 2024-03-31 00:00:00+00:00, run_after=2024-04-01 00:00:00+00:00
[2024-04-01T06:53:03.469+0000] {processor.py:183} INFO - Processing /home/airflow/.local/lib/python3.8/site-packages/airflow/example_dags/example_branch_labels.py took 0.049 seconds
[2024-04-01T06:53:33.627+0000] {processor.py:161} INFO - Started process (PID=712) to work on /home/airflow/.local/lib/python3.8/site-packages/airflow/example_dags/example_branch_labels.py
[2024-04-01T06:53:33.628+0000] {processor.py:830} INFO - Processing file /home/airflow/.local/lib/python3.8/site-packages/airflow/example_dags/example_branch_labels.py for tasks to queue
[2024-04-01T06:53:33.630+0000] {logging_mixin.py:188} INFO - [2024-04-01T06:53:33.629+0000] {dagbag.py:540} INFO - Filling up the DagBag from /home/airflow/.local/lib/python3.8/site-packages/airflow/example_dags/example_branch_labels.py
[2024-04-01T06:53:33.635+0000] {processor.py:840} INFO - DAG(s) 'example_branch_labels' retrieved from /home/airflow/.local/lib/python3.8/site-packages/airflow/example_dags/example_branch_labels.py
[2024-04-01T06:53:33.650+0000] {logging_mixin.py:188} INFO - [2024-04-01T06:53:33.650+0000] {dag.py:3047} INFO - Sync 1 DAGs
[2024-04-01T06:53:33.666+0000] {logging_mixin.py:188} INFO - [2024-04-01T06:53:33.666+0000] {dag.py:3834} INFO - Setting next_dagrun for example_branch_labels to 2024-03-31 00:00:00+00:00, run_after=2024-04-01 00:00:00+00:00
[2024-04-01T06:53:33.678+0000] {processor.py:183} INFO - Processing /home/airflow/.local/lib/python3.8/site-packages/airflow/example_dags/example_branch_labels.py took 0.054 seconds
[2024-04-01T06:54:04.535+0000] {processor.py:161} INFO - Started process (PID=767) to work on /home/airflow/.local/lib/python3.8/site-packages/airflow/example_dags/example_branch_labels.py
[2024-04-01T06:54:04.535+0000] {processor.py:830} INFO - Processing file /home/airflow/.local/lib/python3.8/site-packages/airflow/example_dags/example_branch_labels.py for tasks to queue
[2024-04-01T06:54:04.536+0000] {logging_mixin.py:188} INFO - [2024-04-01T06:54:04.536+0000] {dagbag.py:540} INFO - Filling up the DagBag from /home/airflow/.local/lib/python3.8/site-packages/airflow/example_dags/example_branch_labels.py
[2024-04-01T06:54:04.541+0000] {processor.py:840} INFO - DAG(s) 'example_branch_labels' retrieved from /home/airflow/.local/lib/python3.8/site-packages/airflow/example_dags/example_branch_labels.py
[2024-04-01T06:54:04.552+0000] {logging_mixin.py:188} INFO - [2024-04-01T06:54:04.552+0000] {dag.py:3047} INFO - Sync 1 DAGs
[2024-04-01T06:54:04.564+0000] {logging_mixin.py:188} INFO - [2024-04-01T06:54:04.564+0000] {dag.py:3834} INFO - Setting next_dagrun for example_branch_labels to 2024-03-31 00:00:00+00:00, run_after=2024-04-01 00:00:00+00:00
[2024-04-01T06:54:04.573+0000] {processor.py:183} INFO - Processing /home/airflow/.local/lib/python3.8/site-packages/airflow/example_dags/example_branch_labels.py took 0.040 seconds
[2024-04-01T06:54:35.201+0000] {processor.py:161} INFO - Started process (PID=822) to work on /home/airflow/.local/lib/python3.8/site-packages/airflow/example_dags/example_branch_labels.py
[2024-04-01T06:54:35.202+0000] {processor.py:830} INFO - Processing file /home/airflow/.local/lib/python3.8/site-packages/airflow/example_dags/example_branch_labels.py for tasks to queue
[2024-04-01T06:54:35.203+0000] {logging_mixin.py:188} INFO - [2024-04-01T06:54:35.203+0000] {dagbag.py:540} INFO - Filling up the DagBag from /home/airflow/.local/lib/python3.8/site-packages/airflow/example_dags/example_branch_labels.py
[2024-04-01T06:54:35.207+0000] {processor.py:840} INFO - DAG(s) 'example_branch_labels' retrieved from /home/airflow/.local/lib/python3.8/site-packages/airflow/example_dags/example_branch_labels.py
[2024-04-01T06:54:35.219+0000] {logging_mixin.py:188} INFO - [2024-04-01T06:54:35.219+0000] {dag.py:3047} INFO - Sync 1 DAGs
[2024-04-01T06:54:35.231+0000] {logging_mixin.py:188} INFO - [2024-04-01T06:54:35.231+0000] {dag.py:3834} INFO - Setting next_dagrun for example_branch_labels to 2024-03-31 00:00:00+00:00, run_after=2024-04-01 00:00:00+00:00
[2024-04-01T06:54:35.239+0000] {processor.py:183} INFO - Processing /home/airflow/.local/lib/python3.8/site-packages/airflow/example_dags/example_branch_labels.py took 0.040 seconds
[2024-04-01T06:55:05.900+0000] {processor.py:161} INFO - Started process (PID=877) to work on /home/airflow/.local/lib/python3.8/site-packages/airflow/example_dags/example_branch_labels.py
[2024-04-01T06:55:05.901+0000] {processor.py:830} INFO - Processing file /home/airflow/.local/lib/python3.8/site-packages/airflow/example_dags/example_branch_labels.py for tasks to queue
[2024-04-01T06:55:05.902+0000] {logging_mixin.py:188} INFO - [2024-04-01T06:55:05.902+0000] {dagbag.py:540} INFO - Filling up the DagBag from /home/airflow/.local/lib/python3.8/site-packages/airflow/example_dags/example_branch_labels.py
[2024-04-01T06:55:05.907+0000] {processor.py:840} INFO - DAG(s) 'example_branch_labels' retrieved from /home/airflow/.local/lib/python3.8/site-packages/airflow/example_dags/example_branch_labels.py
[2024-04-01T06:55:05.919+0000] {logging_mixin.py:188} INFO - [2024-04-01T06:55:05.919+0000] {dag.py:3047} INFO - Sync 1 DAGs
[2024-04-01T06:55:05.931+0000] {logging_mixin.py:188} INFO - [2024-04-01T06:55:05.931+0000] {dag.py:3834} INFO - Setting next_dagrun for example_branch_labels to 2024-03-31 00:00:00+00:00, run_after=2024-04-01 00:00:00+00:00
[2024-04-01T06:55:05.940+0000] {processor.py:183} INFO - Processing /home/airflow/.local/lib/python3.8/site-packages/airflow/example_dags/example_branch_labels.py took 0.042 seconds
[2024-04-01T06:55:36.667+0000] {processor.py:161} INFO - Started process (PID=932) to work on /home/airflow/.local/lib/python3.8/site-packages/airflow/example_dags/example_branch_labels.py
[2024-04-01T06:55:36.668+0000] {processor.py:830} INFO - Processing file /home/airflow/.local/lib/python3.8/site-packages/airflow/example_dags/example_branch_labels.py for tasks to queue
[2024-04-01T06:55:36.669+0000] {logging_mixin.py:188} INFO - [2024-04-01T06:55:36.669+0000] {dagbag.py:540} INFO - Filling up the DagBag from /home/airflow/.local/lib/python3.8/site-packages/airflow/example_dags/example_branch_labels.py
[2024-04-01T06:55:36.674+0000] {processor.py:840} INFO - DAG(s) 'example_branch_labels' retrieved from /home/airflow/.local/lib/python3.8/site-packages/airflow/example_dags/example_branch_labels.py
[2024-04-01T06:55:36.685+0000] {logging_mixin.py:188} INFO - [2024-04-01T06:55:36.685+0000] {dag.py:3047} INFO - Sync 1 DAGs
[2024-04-01T06:55:36.697+0000] {logging_mixin.py:188} INFO - [2024-04-01T06:55:36.697+0000] {dag.py:3834} INFO - Setting next_dagrun for example_branch_labels to 2024-03-31 00:00:00+00:00, run_after=2024-04-01 00:00:00+00:00
[2024-04-01T06:55:36.705+0000] {processor.py:183} INFO - Processing /home/airflow/.local/lib/python3.8/site-packages/airflow/example_dags/example_branch_labels.py took 0.040 seconds
[2024-04-01T06:56:07.350+0000] {processor.py:161} INFO - Started process (PID=987) to work on /home/airflow/.local/lib/python3.8/site-packages/airflow/example_dags/example_branch_labels.py
[2024-04-01T06:56:07.351+0000] {processor.py:830} INFO - Processing file /home/airflow/.local/lib/python3.8/site-packages/airflow/example_dags/example_branch_labels.py for tasks to queue
[2024-04-01T06:56:07.352+0000] {logging_mixin.py:188} INFO - [2024-04-01T06:56:07.352+0000] {dagbag.py:540} INFO - Filling up the DagBag from /home/airflow/.local/lib/python3.8/site-packages/airflow/example_dags/example_branch_labels.py
[2024-04-01T06:56:07.356+0000] {processor.py:840} INFO - DAG(s) 'example_branch_labels' retrieved from /home/airflow/.local/lib/python3.8/site-packages/airflow/example_dags/example_branch_labels.py
[2024-04-01T06:56:07.374+0000] {logging_mixin.py:188} INFO - [2024-04-01T06:56:07.374+0000] {dag.py:3047} INFO - Sync 1 DAGs
[2024-04-01T06:56:07.387+0000] {logging_mixin.py:188} INFO - [2024-04-01T06:56:07.387+0000] {dag.py:3834} INFO - Setting next_dagrun for example_branch_labels to 2024-03-31 00:00:00+00:00, run_after=2024-04-01 00:00:00+00:00
[2024-04-01T06:56:07.397+0000] {processor.py:183} INFO - Processing /home/airflow/.local/lib/python3.8/site-packages/airflow/example_dags/example_branch_labels.py took 0.049 seconds
[2024-04-01T06:56:38.169+0000] {processor.py:161} INFO - Started process (PID=1041) to work on /home/airflow/.local/lib/python3.8/site-packages/airflow/example_dags/example_branch_labels.py
[2024-04-01T06:56:38.170+0000] {processor.py:830} INFO - Processing file /home/airflow/.local/lib/python3.8/site-packages/airflow/example_dags/example_branch_labels.py for tasks to queue
[2024-04-01T06:56:38.171+0000] {logging_mixin.py:188} INFO - [2024-04-01T06:56:38.171+0000] {dagbag.py:540} INFO - Filling up the DagBag from /home/airflow/.local/lib/python3.8/site-packages/airflow/example_dags/example_branch_labels.py
[2024-04-01T06:56:38.176+0000] {processor.py:840} INFO - DAG(s) 'example_branch_labels' retrieved from /home/airflow/.local/lib/python3.8/site-packages/airflow/example_dags/example_branch_labels.py
[2024-04-01T06:56:38.189+0000] {logging_mixin.py:188} INFO - [2024-04-01T06:56:38.189+0000] {dag.py:3047} INFO - Sync 1 DAGs
[2024-04-01T06:56:38.202+0000] {logging_mixin.py:188} INFO - [2024-04-01T06:56:38.202+0000] {dag.py:3834} INFO - Setting next_dagrun for example_branch_labels to 2024-03-31 00:00:00+00:00, run_after=2024-04-01 00:00:00+00:00
[2024-04-01T06:56:38.212+0000] {processor.py:183} INFO - Processing /home/airflow/.local/lib/python3.8/site-packages/airflow/example_dags/example_branch_labels.py took 0.045 seconds
[2024-04-01T06:57:08.270+0000] {processor.py:161} INFO - Started process (PID=1096) to work on /home/airflow/.local/lib/python3.8/site-packages/airflow/example_dags/example_branch_labels.py
[2024-04-01T06:57:08.271+0000] {processor.py:830} INFO - Processing file /home/airflow/.local/lib/python3.8/site-packages/airflow/example_dags/example_branch_labels.py for tasks to queue
[2024-04-01T06:57:08.272+0000] {logging_mixin.py:188} INFO - [2024-04-01T06:57:08.272+0000] {dagbag.py:540} INFO - Filling up the DagBag from /home/airflow/.local/lib/python3.8/site-packages/airflow/example_dags/example_branch_labels.py
[2024-04-01T06:57:08.277+0000] {processor.py:840} INFO - DAG(s) 'example_branch_labels' retrieved from /home/airflow/.local/lib/python3.8/site-packages/airflow/example_dags/example_branch_labels.py
[2024-04-01T06:57:08.289+0000] {logging_mixin.py:188} INFO - [2024-04-01T06:57:08.289+0000] {dag.py:3047} INFO - Sync 1 DAGs
[2024-04-01T06:57:08.301+0000] {logging_mixin.py:188} INFO - [2024-04-01T06:57:08.301+0000] {dag.py:3834} INFO - Setting next_dagrun for example_branch_labels to 2024-03-31 00:00:00+00:00, run_after=2024-04-01 00:00:00+00:00
[2024-04-01T06:57:08.310+0000] {processor.py:183} INFO - Processing /home/airflow/.local/lib/python3.8/site-packages/airflow/example_dags/example_branch_labels.py took 0.042 seconds
[2024-04-01T06:57:39.064+0000] {processor.py:161} INFO - Started process (PID=1151) to work on /home/airflow/.local/lib/python3.8/site-packages/airflow/example_dags/example_branch_labels.py
[2024-04-01T06:57:39.064+0000] {processor.py:830} INFO - Processing file /home/airflow/.local/lib/python3.8/site-packages/airflow/example_dags/example_branch_labels.py for tasks to queue
[2024-04-01T06:57:39.065+0000] {logging_mixin.py:188} INFO - [2024-04-01T06:57:39.065+0000] {dagbag.py:540} INFO - Filling up the DagBag from /home/airflow/.local/lib/python3.8/site-packages/airflow/example_dags/example_branch_labels.py
[2024-04-01T06:57:39.070+0000] {processor.py:840} INFO - DAG(s) 'example_branch_labels' retrieved from /home/airflow/.local/lib/python3.8/site-packages/airflow/example_dags/example_branch_labels.py
[2024-04-01T06:57:39.082+0000] {logging_mixin.py:188} INFO - [2024-04-01T06:57:39.082+0000] {dag.py:3047} INFO - Sync 1 DAGs
[2024-04-01T06:57:39.094+0000] {logging_mixin.py:188} INFO - [2024-04-01T06:57:39.094+0000] {dag.py:3834} INFO - Setting next_dagrun for example_branch_labels to 2024-03-31 00:00:00+00:00, run_after=2024-04-01 00:00:00+00:00
[2024-04-01T06:57:39.103+0000] {processor.py:183} INFO - Processing /home/airflow/.local/lib/python3.8/site-packages/airflow/example_dags/example_branch_labels.py took 0.041 seconds
[2024-04-01T06:58:09.804+0000] {processor.py:161} INFO - Started process (PID=1206) to work on /home/airflow/.local/lib/python3.8/site-packages/airflow/example_dags/example_branch_labels.py
[2024-04-01T06:58:09.804+0000] {processor.py:830} INFO - Processing file /home/airflow/.local/lib/python3.8/site-packages/airflow/example_dags/example_branch_labels.py for tasks to queue
[2024-04-01T06:58:09.805+0000] {logging_mixin.py:188} INFO - [2024-04-01T06:58:09.805+0000] {dagbag.py:540} INFO - Filling up the DagBag from /home/airflow/.local/lib/python3.8/site-packages/airflow/example_dags/example_branch_labels.py
[2024-04-01T06:58:09.810+0000] {processor.py:840} INFO - DAG(s) 'example_branch_labels' retrieved from /home/airflow/.local/lib/python3.8/site-packages/airflow/example_dags/example_branch_labels.py
[2024-04-01T06:58:09.823+0000] {logging_mixin.py:188} INFO - [2024-04-01T06:58:09.822+0000] {dag.py:3047} INFO - Sync 1 DAGs
[2024-04-01T06:58:09.834+0000] {logging_mixin.py:188} INFO - [2024-04-01T06:58:09.834+0000] {dag.py:3834} INFO - Setting next_dagrun for example_branch_labels to 2024-03-31 00:00:00+00:00, run_after=2024-04-01 00:00:00+00:00
[2024-04-01T06:58:09.843+0000] {processor.py:183} INFO - Processing /home/airflow/.local/lib/python3.8/site-packages/airflow/example_dags/example_branch_labels.py took 0.042 seconds
[2024-04-01T06:58:39.958+0000] {processor.py:161} INFO - Started process (PID=1261) to work on /home/airflow/.local/lib/python3.8/site-packages/airflow/example_dags/example_branch_labels.py
[2024-04-01T06:58:39.959+0000] {processor.py:830} INFO - Processing file /home/airflow/.local/lib/python3.8/site-packages/airflow/example_dags/example_branch_labels.py for tasks to queue
[2024-04-01T06:58:39.960+0000] {logging_mixin.py:188} INFO - [2024-04-01T06:58:39.960+0000] {dagbag.py:540} INFO - Filling up the DagBag from /home/airflow/.local/lib/python3.8/site-packages/airflow/example_dags/example_branch_labels.py
[2024-04-01T06:58:39.965+0000] {processor.py:840} INFO - DAG(s) 'example_branch_labels' retrieved from /home/airflow/.local/lib/python3.8/site-packages/airflow/example_dags/example_branch_labels.py
[2024-04-01T06:58:39.977+0000] {logging_mixin.py:188} INFO - [2024-04-01T06:58:39.977+0000] {dag.py:3047} INFO - Sync 1 DAGs
[2024-04-01T06:58:39.989+0000] {logging_mixin.py:188} INFO - [2024-04-01T06:58:39.989+0000] {dag.py:3834} INFO - Setting next_dagrun for example_branch_labels to 2024-03-31 00:00:00+00:00, run_after=2024-04-01 00:00:00+00:00
[2024-04-01T06:58:39.998+0000] {processor.py:183} INFO - Processing /home/airflow/.local/lib/python3.8/site-packages/airflow/example_dags/example_branch_labels.py took 0.042 seconds
[2024-04-01T06:59:10.647+0000] {processor.py:161} INFO - Started process (PID=1316) to work on /home/airflow/.local/lib/python3.8/site-packages/airflow/example_dags/example_branch_labels.py
[2024-04-01T06:59:10.648+0000] {processor.py:830} INFO - Processing file /home/airflow/.local/lib/python3.8/site-packages/airflow/example_dags/example_branch_labels.py for tasks to queue
[2024-04-01T06:59:10.649+0000] {logging_mixin.py:188} INFO - [2024-04-01T06:59:10.648+0000] {dagbag.py:540} INFO - Filling up the DagBag from /home/airflow/.local/lib/python3.8/site-packages/airflow/example_dags/example_branch_labels.py
[2024-04-01T06:59:10.654+0000] {processor.py:840} INFO - DAG(s) 'example_branch_labels' retrieved from /home/airflow/.local/lib/python3.8/site-packages/airflow/example_dags/example_branch_labels.py
[2024-04-01T06:59:10.666+0000] {logging_mixin.py:188} INFO - [2024-04-01T06:59:10.666+0000] {dag.py:3047} INFO - Sync 1 DAGs
[2024-04-01T06:59:10.679+0000] {logging_mixin.py:188} INFO - [2024-04-01T06:59:10.679+0000] {dag.py:3834} INFO - Setting next_dagrun for example_branch_labels to 2024-03-31 00:00:00+00:00, run_after=2024-04-01 00:00:00+00:00
[2024-04-01T06:59:10.688+0000] {processor.py:183} INFO - Processing /home/airflow/.local/lib/python3.8/site-packages/airflow/example_dags/example_branch_labels.py took 0.043 seconds
[2024-04-01T06:59:41.326+0000] {processor.py:161} INFO - Started process (PID=1371) to work on /home/airflow/.local/lib/python3.8/site-packages/airflow/example_dags/example_branch_labels.py
[2024-04-01T06:59:41.327+0000] {processor.py:830} INFO - Processing file /home/airflow/.local/lib/python3.8/site-packages/airflow/example_dags/example_branch_labels.py for tasks to queue
[2024-04-01T06:59:41.329+0000] {logging_mixin.py:188} INFO - [2024-04-01T06:59:41.328+0000] {dagbag.py:540} INFO - Filling up the DagBag from /home/airflow/.local/lib/python3.8/site-packages/airflow/example_dags/example_branch_labels.py
[2024-04-01T06:59:41.335+0000] {processor.py:840} INFO - DAG(s) 'example_branch_labels' retrieved from /home/airflow/.local/lib/python3.8/site-packages/airflow/example_dags/example_branch_labels.py
[2024-04-01T06:59:41.352+0000] {logging_mixin.py:188} INFO - [2024-04-01T06:59:41.351+0000] {dag.py:3047} INFO - Sync 1 DAGs
[2024-04-01T06:59:41.369+0000] {logging_mixin.py:188} INFO - [2024-04-01T06:59:41.368+0000] {dag.py:3834} INFO - Setting next_dagrun for example_branch_labels to 2024-03-31 00:00:00+00:00, run_after=2024-04-01 00:00:00+00:00
[2024-04-01T06:59:41.382+0000] {processor.py:183} INFO - Processing /home/airflow/.local/lib/python3.8/site-packages/airflow/example_dags/example_branch_labels.py took 0.060 seconds
[2024-04-01T07:00:11.437+0000] {processor.py:161} INFO - Started process (PID=1427) to work on /home/airflow/.local/lib/python3.8/site-packages/airflow/example_dags/example_branch_labels.py
[2024-04-01T07:00:11.438+0000] {processor.py:830} INFO - Processing file /home/airflow/.local/lib/python3.8/site-packages/airflow/example_dags/example_branch_labels.py for tasks to queue
[2024-04-01T07:00:11.439+0000] {logging_mixin.py:188} INFO - [2024-04-01T07:00:11.439+0000] {dagbag.py:540} INFO - Filling up the DagBag from /home/airflow/.local/lib/python3.8/site-packages/airflow/example_dags/example_branch_labels.py
[2024-04-01T07:00:11.444+0000] {processor.py:840} INFO - DAG(s) 'example_branch_labels' retrieved from /home/airflow/.local/lib/python3.8/site-packages/airflow/example_dags/example_branch_labels.py
[2024-04-01T07:00:11.456+0000] {logging_mixin.py:188} INFO - [2024-04-01T07:00:11.456+0000] {dag.py:3047} INFO - Sync 1 DAGs
[2024-04-01T07:00:11.469+0000] {logging_mixin.py:188} INFO - [2024-04-01T07:00:11.468+0000] {dag.py:3834} INFO - Setting next_dagrun for example_branch_labels to 2024-03-31 00:00:00+00:00, run_after=2024-04-01 00:00:00+00:00
[2024-04-01T07:00:11.477+0000] {processor.py:183} INFO - Processing /home/airflow/.local/lib/python3.8/site-packages/airflow/example_dags/example_branch_labels.py took 0.042 seconds
[2024-04-01T07:00:41.959+0000] {processor.py:161} INFO - Started process (PID=1481) to work on /home/airflow/.local/lib/python3.8/site-packages/airflow/example_dags/example_branch_labels.py
[2024-04-01T07:00:41.959+0000] {processor.py:830} INFO - Processing file /home/airflow/.local/lib/python3.8/site-packages/airflow/example_dags/example_branch_labels.py for tasks to queue
[2024-04-01T07:00:41.960+0000] {logging_mixin.py:188} INFO - [2024-04-01T07:00:41.960+0000] {dagbag.py:540} INFO - Filling up the DagBag from /home/airflow/.local/lib/python3.8/site-packages/airflow/example_dags/example_branch_labels.py
[2024-04-01T07:00:41.966+0000] {processor.py:840} INFO - DAG(s) 'example_branch_labels' retrieved from /home/airflow/.local/lib/python3.8/site-packages/airflow/example_dags/example_branch_labels.py
[2024-04-01T07:00:41.977+0000] {logging_mixin.py:188} INFO - [2024-04-01T07:00:41.977+0000] {dag.py:3047} INFO - Sync 1 DAGs
[2024-04-01T07:00:41.990+0000] {logging_mixin.py:188} INFO - [2024-04-01T07:00:41.990+0000] {dag.py:3834} INFO - Setting next_dagrun for example_branch_labels to 2024-03-31 00:00:00+00:00, run_after=2024-04-01 00:00:00+00:00
[2024-04-01T07:00:41.999+0000] {processor.py:183} INFO - Processing /home/airflow/.local/lib/python3.8/site-packages/airflow/example_dags/example_branch_labels.py took 0.042 seconds
[2024-04-01T07:01:36.982+0000] {processor.py:161} INFO - Started process (PID=52) to work on /home/airflow/.local/lib/python3.8/site-packages/airflow/example_dags/example_branch_labels.py
[2024-04-01T07:01:36.983+0000] {processor.py:830} INFO - Processing file /home/airflow/.local/lib/python3.8/site-packages/airflow/example_dags/example_branch_labels.py for tasks to queue
[2024-04-01T07:01:36.984+0000] {logging_mixin.py:188} INFO - [2024-04-01T07:01:36.984+0000] {dagbag.py:540} INFO - Filling up the DagBag from /home/airflow/.local/lib/python3.8/site-packages/airflow/example_dags/example_branch_labels.py
[2024-04-01T07:01:36.993+0000] {processor.py:840} INFO - DAG(s) 'example_branch_labels' retrieved from /home/airflow/.local/lib/python3.8/site-packages/airflow/example_dags/example_branch_labels.py
[2024-04-01T07:01:37.002+0000] {logging_mixin.py:188} INFO - [2024-04-01T07:01:37.002+0000] {dag.py:3047} INFO - Sync 1 DAGs
[2024-04-01T07:01:37.019+0000] {logging_mixin.py:188} INFO - [2024-04-01T07:01:37.019+0000] {dag.py:3834} INFO - Setting next_dagrun for example_branch_labels to 2024-03-31 00:00:00+00:00, run_after=2024-04-01 00:00:00+00:00
[2024-04-01T07:01:37.030+0000] {processor.py:183} INFO - Processing /home/airflow/.local/lib/python3.8/site-packages/airflow/example_dags/example_branch_labels.py took 0.051 seconds
[2024-04-01T07:02:07.468+0000] {processor.py:161} INFO - Started process (PID=107) to work on /home/airflow/.local/lib/python3.8/site-packages/airflow/example_dags/example_branch_labels.py
[2024-04-01T07:02:07.469+0000] {processor.py:830} INFO - Processing file /home/airflow/.local/lib/python3.8/site-packages/airflow/example_dags/example_branch_labels.py for tasks to queue
[2024-04-01T07:02:07.470+0000] {logging_mixin.py:188} INFO - [2024-04-01T07:02:07.470+0000] {dagbag.py:540} INFO - Filling up the DagBag from /home/airflow/.local/lib/python3.8/site-packages/airflow/example_dags/example_branch_labels.py
[2024-04-01T07:02:07.475+0000] {processor.py:840} INFO - DAG(s) 'example_branch_labels' retrieved from /home/airflow/.local/lib/python3.8/site-packages/airflow/example_dags/example_branch_labels.py
[2024-04-01T07:02:07.529+0000] {logging_mixin.py:188} INFO - [2024-04-01T07:02:07.529+0000] {dag.py:3047} INFO - Sync 1 DAGs
[2024-04-01T07:02:07.541+0000] {logging_mixin.py:188} INFO - [2024-04-01T07:02:07.541+0000] {dag.py:3834} INFO - Setting next_dagrun for example_branch_labels to 2024-03-31 00:00:00+00:00, run_after=2024-04-01 00:00:00+00:00
[2024-04-01T07:02:07.550+0000] {processor.py:183} INFO - Processing /home/airflow/.local/lib/python3.8/site-packages/airflow/example_dags/example_branch_labels.py took 0.083 seconds
[2024-04-01T07:02:38.156+0000] {processor.py:161} INFO - Started process (PID=161) to work on /home/airflow/.local/lib/python3.8/site-packages/airflow/example_dags/example_branch_labels.py
[2024-04-01T07:02:38.156+0000] {processor.py:830} INFO - Processing file /home/airflow/.local/lib/python3.8/site-packages/airflow/example_dags/example_branch_labels.py for tasks to queue
[2024-04-01T07:02:38.158+0000] {logging_mixin.py:188} INFO - [2024-04-01T07:02:38.157+0000] {dagbag.py:540} INFO - Filling up the DagBag from /home/airflow/.local/lib/python3.8/site-packages/airflow/example_dags/example_branch_labels.py
[2024-04-01T07:02:38.163+0000] {processor.py:840} INFO - DAG(s) 'example_branch_labels' retrieved from /home/airflow/.local/lib/python3.8/site-packages/airflow/example_dags/example_branch_labels.py
[2024-04-01T07:02:38.177+0000] {logging_mixin.py:188} INFO - [2024-04-01T07:02:38.176+0000] {dag.py:3047} INFO - Sync 1 DAGs
[2024-04-01T07:02:38.191+0000] {logging_mixin.py:188} INFO - [2024-04-01T07:02:38.191+0000] {dag.py:3834} INFO - Setting next_dagrun for example_branch_labels to 2024-03-31 00:00:00+00:00, run_after=2024-04-01 00:00:00+00:00
[2024-04-01T07:02:38.202+0000] {processor.py:183} INFO - Processing /home/airflow/.local/lib/python3.8/site-packages/airflow/example_dags/example_branch_labels.py took 0.049 seconds
[2024-04-01T07:03:08.226+0000] {processor.py:161} INFO - Started process (PID=216) to work on /home/airflow/.local/lib/python3.8/site-packages/airflow/example_dags/example_branch_labels.py
[2024-04-01T07:03:08.227+0000] {processor.py:830} INFO - Processing file /home/airflow/.local/lib/python3.8/site-packages/airflow/example_dags/example_branch_labels.py for tasks to queue
[2024-04-01T07:03:08.228+0000] {logging_mixin.py:188} INFO - [2024-04-01T07:03:08.228+0000] {dagbag.py:540} INFO - Filling up the DagBag from /home/airflow/.local/lib/python3.8/site-packages/airflow/example_dags/example_branch_labels.py
[2024-04-01T07:03:08.234+0000] {processor.py:840} INFO - DAG(s) 'example_branch_labels' retrieved from /home/airflow/.local/lib/python3.8/site-packages/airflow/example_dags/example_branch_labels.py
[2024-04-01T07:03:08.246+0000] {logging_mixin.py:188} INFO - [2024-04-01T07:03:08.246+0000] {dag.py:3047} INFO - Sync 1 DAGs
[2024-04-01T07:03:08.262+0000] {logging_mixin.py:188} INFO - [2024-04-01T07:03:08.261+0000] {dag.py:3834} INFO - Setting next_dagrun for example_branch_labels to 2024-03-31 00:00:00+00:00, run_after=2024-04-01 00:00:00+00:00
[2024-04-01T07:03:08.273+0000] {processor.py:183} INFO - Processing /home/airflow/.local/lib/python3.8/site-packages/airflow/example_dags/example_branch_labels.py took 0.049 seconds
[2024-04-01T07:03:38.342+0000] {processor.py:161} INFO - Started process (PID=271) to work on /home/airflow/.local/lib/python3.8/site-packages/airflow/example_dags/example_branch_labels.py
[2024-04-01T07:03:38.343+0000] {processor.py:830} INFO - Processing file /home/airflow/.local/lib/python3.8/site-packages/airflow/example_dags/example_branch_labels.py for tasks to queue
[2024-04-01T07:03:38.344+0000] {logging_mixin.py:188} INFO - [2024-04-01T07:03:38.343+0000] {dagbag.py:540} INFO - Filling up the DagBag from /home/airflow/.local/lib/python3.8/site-packages/airflow/example_dags/example_branch_labels.py
[2024-04-01T07:03:38.349+0000] {processor.py:840} INFO - DAG(s) 'example_branch_labels' retrieved from /home/airflow/.local/lib/python3.8/site-packages/airflow/example_dags/example_branch_labels.py
[2024-04-01T07:03:38.361+0000] {logging_mixin.py:188} INFO - [2024-04-01T07:03:38.361+0000] {dag.py:3047} INFO - Sync 1 DAGs
[2024-04-01T07:03:38.379+0000] {logging_mixin.py:188} INFO - [2024-04-01T07:03:38.379+0000] {dag.py:3834} INFO - Setting next_dagrun for example_branch_labels to 2024-03-31 00:00:00+00:00, run_after=2024-04-01 00:00:00+00:00
[2024-04-01T07:03:38.397+0000] {processor.py:183} INFO - Processing /home/airflow/.local/lib/python3.8/site-packages/airflow/example_dags/example_branch_labels.py took 0.058 seconds
[2024-04-01T07:04:08.428+0000] {processor.py:161} INFO - Started process (PID=326) to work on /home/airflow/.local/lib/python3.8/site-packages/airflow/example_dags/example_branch_labels.py
[2024-04-01T07:04:08.429+0000] {processor.py:830} INFO - Processing file /home/airflow/.local/lib/python3.8/site-packages/airflow/example_dags/example_branch_labels.py for tasks to queue
[2024-04-01T07:04:08.430+0000] {logging_mixin.py:188} INFO - [2024-04-01T07:04:08.430+0000] {dagbag.py:540} INFO - Filling up the DagBag from /home/airflow/.local/lib/python3.8/site-packages/airflow/example_dags/example_branch_labels.py
[2024-04-01T07:04:08.435+0000] {processor.py:840} INFO - DAG(s) 'example_branch_labels' retrieved from /home/airflow/.local/lib/python3.8/site-packages/airflow/example_dags/example_branch_labels.py
[2024-04-01T07:04:08.447+0000] {logging_mixin.py:188} INFO - [2024-04-01T07:04:08.447+0000] {dag.py:3047} INFO - Sync 1 DAGs
[2024-04-01T07:04:08.460+0000] {logging_mixin.py:188} INFO - [2024-04-01T07:04:08.460+0000] {dag.py:3834} INFO - Setting next_dagrun for example_branch_labels to 2024-03-31 00:00:00+00:00, run_after=2024-04-01 00:00:00+00:00
[2024-04-01T07:04:08.469+0000] {processor.py:183} INFO - Processing /home/airflow/.local/lib/python3.8/site-packages/airflow/example_dags/example_branch_labels.py took 0.044 seconds
[2024-04-01T07:04:38.571+0000] {processor.py:161} INFO - Started process (PID=381) to work on /home/airflow/.local/lib/python3.8/site-packages/airflow/example_dags/example_branch_labels.py
[2024-04-01T07:04:38.572+0000] {processor.py:830} INFO - Processing file /home/airflow/.local/lib/python3.8/site-packages/airflow/example_dags/example_branch_labels.py for tasks to queue
[2024-04-01T07:04:38.573+0000] {logging_mixin.py:188} INFO - [2024-04-01T07:04:38.573+0000] {dagbag.py:540} INFO - Filling up the DagBag from /home/airflow/.local/lib/python3.8/site-packages/airflow/example_dags/example_branch_labels.py
[2024-04-01T07:04:38.579+0000] {processor.py:840} INFO - DAG(s) 'example_branch_labels' retrieved from /home/airflow/.local/lib/python3.8/site-packages/airflow/example_dags/example_branch_labels.py
[2024-04-01T07:04:38.596+0000] {logging_mixin.py:188} INFO - [2024-04-01T07:04:38.596+0000] {dag.py:3047} INFO - Sync 1 DAGs
[2024-04-01T07:04:38.613+0000] {logging_mixin.py:188} INFO - [2024-04-01T07:04:38.613+0000] {dag.py:3834} INFO - Setting next_dagrun for example_branch_labels to 2024-03-31 00:00:00+00:00, run_after=2024-04-01 00:00:00+00:00
[2024-04-01T07:04:38.622+0000] {processor.py:183} INFO - Processing /home/airflow/.local/lib/python3.8/site-packages/airflow/example_dags/example_branch_labels.py took 0.053 seconds
[2024-04-01T07:05:08.901+0000] {processor.py:161} INFO - Started process (PID=436) to work on /home/airflow/.local/lib/python3.8/site-packages/airflow/example_dags/example_branch_labels.py
[2024-04-01T07:05:08.902+0000] {processor.py:830} INFO - Processing file /home/airflow/.local/lib/python3.8/site-packages/airflow/example_dags/example_branch_labels.py for tasks to queue
[2024-04-01T07:05:08.903+0000] {logging_mixin.py:188} INFO - [2024-04-01T07:05:08.903+0000] {dagbag.py:540} INFO - Filling up the DagBag from /home/airflow/.local/lib/python3.8/site-packages/airflow/example_dags/example_branch_labels.py
[2024-04-01T07:05:08.909+0000] {processor.py:840} INFO - DAG(s) 'example_branch_labels' retrieved from /home/airflow/.local/lib/python3.8/site-packages/airflow/example_dags/example_branch_labels.py
[2024-04-01T07:05:08.924+0000] {logging_mixin.py:188} INFO - [2024-04-01T07:05:08.924+0000] {dag.py:3047} INFO - Sync 1 DAGs
[2024-04-01T07:05:08.938+0000] {logging_mixin.py:188} INFO - [2024-04-01T07:05:08.938+0000] {dag.py:3834} INFO - Setting next_dagrun for example_branch_labels to 2024-03-31 00:00:00+00:00, run_after=2024-04-01 00:00:00+00:00
[2024-04-01T07:05:08.949+0000] {processor.py:183} INFO - Processing /home/airflow/.local/lib/python3.8/site-packages/airflow/example_dags/example_branch_labels.py took 0.050 seconds
[2024-04-01T07:05:38.992+0000] {processor.py:161} INFO - Started process (PID=491) to work on /home/airflow/.local/lib/python3.8/site-packages/airflow/example_dags/example_branch_labels.py
[2024-04-01T07:05:38.994+0000] {processor.py:830} INFO - Processing file /home/airflow/.local/lib/python3.8/site-packages/airflow/example_dags/example_branch_labels.py for tasks to queue
[2024-04-01T07:05:38.995+0000] {logging_mixin.py:188} INFO - [2024-04-01T07:05:38.994+0000] {dagbag.py:540} INFO - Filling up the DagBag from /home/airflow/.local/lib/python3.8/site-packages/airflow/example_dags/example_branch_labels.py
[2024-04-01T07:05:39.000+0000] {processor.py:840} INFO - DAG(s) 'example_branch_labels' retrieved from /home/airflow/.local/lib/python3.8/site-packages/airflow/example_dags/example_branch_labels.py
[2024-04-01T07:05:39.016+0000] {logging_mixin.py:188} INFO - [2024-04-01T07:05:39.016+0000] {dag.py:3047} INFO - Sync 1 DAGs
[2024-04-01T07:05:39.029+0000] {logging_mixin.py:188} INFO - [2024-04-01T07:05:39.029+0000] {dag.py:3834} INFO - Setting next_dagrun for example_branch_labels to 2024-03-31 00:00:00+00:00, run_after=2024-04-01 00:00:00+00:00
[2024-04-01T07:05:39.038+0000] {processor.py:183} INFO - Processing /home/airflow/.local/lib/python3.8/site-packages/airflow/example_dags/example_branch_labels.py took 0.049 seconds
[2024-04-01T07:06:09.252+0000] {processor.py:161} INFO - Started process (PID=546) to work on /home/airflow/.local/lib/python3.8/site-packages/airflow/example_dags/example_branch_labels.py
[2024-04-01T07:06:09.253+0000] {processor.py:830} INFO - Processing file /home/airflow/.local/lib/python3.8/site-packages/airflow/example_dags/example_branch_labels.py for tasks to queue
[2024-04-01T07:06:09.254+0000] {logging_mixin.py:188} INFO - [2024-04-01T07:06:09.254+0000] {dagbag.py:540} INFO - Filling up the DagBag from /home/airflow/.local/lib/python3.8/site-packages/airflow/example_dags/example_branch_labels.py
[2024-04-01T07:06:09.259+0000] {processor.py:840} INFO - DAG(s) 'example_branch_labels' retrieved from /home/airflow/.local/lib/python3.8/site-packages/airflow/example_dags/example_branch_labels.py
[2024-04-01T07:06:09.271+0000] {logging_mixin.py:188} INFO - [2024-04-01T07:06:09.271+0000] {dag.py:3047} INFO - Sync 1 DAGs
[2024-04-01T07:06:09.283+0000] {logging_mixin.py:188} INFO - [2024-04-01T07:06:09.283+0000] {dag.py:3834} INFO - Setting next_dagrun for example_branch_labels to 2024-03-31 00:00:00+00:00, run_after=2024-04-01 00:00:00+00:00
[2024-04-01T07:06:09.292+0000] {processor.py:183} INFO - Processing /home/airflow/.local/lib/python3.8/site-packages/airflow/example_dags/example_branch_labels.py took 0.041 seconds
[2024-04-01T07:06:39.485+0000] {processor.py:161} INFO - Started process (PID=601) to work on /home/airflow/.local/lib/python3.8/site-packages/airflow/example_dags/example_branch_labels.py
[2024-04-01T07:06:39.486+0000] {processor.py:830} INFO - Processing file /home/airflow/.local/lib/python3.8/site-packages/airflow/example_dags/example_branch_labels.py for tasks to queue
[2024-04-01T07:06:39.487+0000] {logging_mixin.py:188} INFO - [2024-04-01T07:06:39.487+0000] {dagbag.py:540} INFO - Filling up the DagBag from /home/airflow/.local/lib/python3.8/site-packages/airflow/example_dags/example_branch_labels.py
[2024-04-01T07:06:39.494+0000] {processor.py:840} INFO - DAG(s) 'example_branch_labels' retrieved from /home/airflow/.local/lib/python3.8/site-packages/airflow/example_dags/example_branch_labels.py
[2024-04-01T07:06:39.508+0000] {logging_mixin.py:188} INFO - [2024-04-01T07:06:39.508+0000] {dag.py:3047} INFO - Sync 1 DAGs
[2024-04-01T07:06:39.522+0000] {logging_mixin.py:188} INFO - [2024-04-01T07:06:39.522+0000] {dag.py:3834} INFO - Setting next_dagrun for example_branch_labels to 2024-03-31 00:00:00+00:00, run_after=2024-04-01 00:00:00+00:00
[2024-04-01T07:06:39.533+0000] {processor.py:183} INFO - Processing /home/airflow/.local/lib/python3.8/site-packages/airflow/example_dags/example_branch_labels.py took 0.050 seconds
[2024-04-01T07:07:09.657+0000] {processor.py:161} INFO - Started process (PID=656) to work on /home/airflow/.local/lib/python3.8/site-packages/airflow/example_dags/example_branch_labels.py
[2024-04-01T07:07:09.658+0000] {processor.py:830} INFO - Processing file /home/airflow/.local/lib/python3.8/site-packages/airflow/example_dags/example_branch_labels.py for tasks to queue
[2024-04-01T07:07:09.659+0000] {logging_mixin.py:188} INFO - [2024-04-01T07:07:09.659+0000] {dagbag.py:540} INFO - Filling up the DagBag from /home/airflow/.local/lib/python3.8/site-packages/airflow/example_dags/example_branch_labels.py
[2024-04-01T07:07:09.664+0000] {processor.py:840} INFO - DAG(s) 'example_branch_labels' retrieved from /home/airflow/.local/lib/python3.8/site-packages/airflow/example_dags/example_branch_labels.py
[2024-04-01T07:07:09.679+0000] {logging_mixin.py:188} INFO - [2024-04-01T07:07:09.678+0000] {dag.py:3047} INFO - Sync 1 DAGs
[2024-04-01T07:07:09.693+0000] {logging_mixin.py:188} INFO - [2024-04-01T07:07:09.692+0000] {dag.py:3834} INFO - Setting next_dagrun for example_branch_labels to 2024-03-31 00:00:00+00:00, run_after=2024-04-01 00:00:00+00:00
[2024-04-01T07:07:09.702+0000] {processor.py:183} INFO - Processing /home/airflow/.local/lib/python3.8/site-packages/airflow/example_dags/example_branch_labels.py took 0.047 seconds
[2024-04-01T07:07:39.874+0000] {processor.py:161} INFO - Started process (PID=711) to work on /home/airflow/.local/lib/python3.8/site-packages/airflow/example_dags/example_branch_labels.py
[2024-04-01T07:07:39.875+0000] {processor.py:830} INFO - Processing file /home/airflow/.local/lib/python3.8/site-packages/airflow/example_dags/example_branch_labels.py for tasks to queue
[2024-04-01T07:07:39.876+0000] {logging_mixin.py:188} INFO - [2024-04-01T07:07:39.876+0000] {dagbag.py:540} INFO - Filling up the DagBag from /home/airflow/.local/lib/python3.8/site-packages/airflow/example_dags/example_branch_labels.py
[2024-04-01T07:07:39.881+0000] {processor.py:840} INFO - DAG(s) 'example_branch_labels' retrieved from /home/airflow/.local/lib/python3.8/site-packages/airflow/example_dags/example_branch_labels.py
[2024-04-01T07:07:39.895+0000] {logging_mixin.py:188} INFO - [2024-04-01T07:07:39.895+0000] {dag.py:3047} INFO - Sync 1 DAGs
[2024-04-01T07:07:39.909+0000] {logging_mixin.py:188} INFO - [2024-04-01T07:07:39.908+0000] {dag.py:3834} INFO - Setting next_dagrun for example_branch_labels to 2024-03-31 00:00:00+00:00, run_after=2024-04-01 00:00:00+00:00
[2024-04-01T07:07:39.918+0000] {processor.py:183} INFO - Processing /home/airflow/.local/lib/python3.8/site-packages/airflow/example_dags/example_branch_labels.py took 0.047 seconds
[2024-04-01T07:08:10.108+0000] {processor.py:161} INFO - Started process (PID=766) to work on /home/airflow/.local/lib/python3.8/site-packages/airflow/example_dags/example_branch_labels.py
[2024-04-01T07:08:10.108+0000] {processor.py:830} INFO - Processing file /home/airflow/.local/lib/python3.8/site-packages/airflow/example_dags/example_branch_labels.py for tasks to queue
[2024-04-01T07:08:10.109+0000] {logging_mixin.py:188} INFO - [2024-04-01T07:08:10.109+0000] {dagbag.py:540} INFO - Filling up the DagBag from /home/airflow/.local/lib/python3.8/site-packages/airflow/example_dags/example_branch_labels.py
[2024-04-01T07:08:10.114+0000] {processor.py:840} INFO - DAG(s) 'example_branch_labels' retrieved from /home/airflow/.local/lib/python3.8/site-packages/airflow/example_dags/example_branch_labels.py
[2024-04-01T07:08:10.126+0000] {logging_mixin.py:188} INFO - [2024-04-01T07:08:10.126+0000] {dag.py:3047} INFO - Sync 1 DAGs
[2024-04-01T07:08:10.138+0000] {logging_mixin.py:188} INFO - [2024-04-01T07:08:10.138+0000] {dag.py:3834} INFO - Setting next_dagrun for example_branch_labels to 2024-03-31 00:00:00+00:00, run_after=2024-04-01 00:00:00+00:00
[2024-04-01T07:08:10.146+0000] {processor.py:183} INFO - Processing /home/airflow/.local/lib/python3.8/site-packages/airflow/example_dags/example_branch_labels.py took 0.040 seconds
[2024-04-01T07:08:40.931+0000] {processor.py:161} INFO - Started process (PID=821) to work on /home/airflow/.local/lib/python3.8/site-packages/airflow/example_dags/example_branch_labels.py
[2024-04-01T07:08:40.932+0000] {processor.py:830} INFO - Processing file /home/airflow/.local/lib/python3.8/site-packages/airflow/example_dags/example_branch_labels.py for tasks to queue
[2024-04-01T07:08:40.933+0000] {logging_mixin.py:188} INFO - [2024-04-01T07:08:40.932+0000] {dagbag.py:540} INFO - Filling up the DagBag from /home/airflow/.local/lib/python3.8/site-packages/airflow/example_dags/example_branch_labels.py
[2024-04-01T07:08:40.937+0000] {processor.py:840} INFO - DAG(s) 'example_branch_labels' retrieved from /home/airflow/.local/lib/python3.8/site-packages/airflow/example_dags/example_branch_labels.py
[2024-04-01T07:08:40.950+0000] {logging_mixin.py:188} INFO - [2024-04-01T07:08:40.950+0000] {dag.py:3047} INFO - Sync 1 DAGs
[2024-04-01T07:08:40.965+0000] {logging_mixin.py:188} INFO - [2024-04-01T07:08:40.965+0000] {dag.py:3834} INFO - Setting next_dagrun for example_branch_labels to 2024-03-31 00:00:00+00:00, run_after=2024-04-01 00:00:00+00:00
[2024-04-01T07:08:40.975+0000] {processor.py:183} INFO - Processing /home/airflow/.local/lib/python3.8/site-packages/airflow/example_dags/example_branch_labels.py took 0.046 seconds
[2024-04-01T07:09:11.108+0000] {processor.py:161} INFO - Started process (PID=876) to work on /home/airflow/.local/lib/python3.8/site-packages/airflow/example_dags/example_branch_labels.py
[2024-04-01T07:09:11.109+0000] {processor.py:830} INFO - Processing file /home/airflow/.local/lib/python3.8/site-packages/airflow/example_dags/example_branch_labels.py for tasks to queue
[2024-04-01T07:09:11.110+0000] {logging_mixin.py:188} INFO - [2024-04-01T07:09:11.110+0000] {dagbag.py:540} INFO - Filling up the DagBag from /home/airflow/.local/lib/python3.8/site-packages/airflow/example_dags/example_branch_labels.py
[2024-04-01T07:09:11.115+0000] {processor.py:840} INFO - DAG(s) 'example_branch_labels' retrieved from /home/airflow/.local/lib/python3.8/site-packages/airflow/example_dags/example_branch_labels.py
[2024-04-01T07:09:11.130+0000] {logging_mixin.py:188} INFO - [2024-04-01T07:09:11.130+0000] {dag.py:3047} INFO - Sync 1 DAGs
[2024-04-01T07:09:11.143+0000] {logging_mixin.py:188} INFO - [2024-04-01T07:09:11.143+0000] {dag.py:3834} INFO - Setting next_dagrun for example_branch_labels to 2024-03-31 00:00:00+00:00, run_after=2024-04-01 00:00:00+00:00
[2024-04-01T07:09:11.152+0000] {processor.py:183} INFO - Processing /home/airflow/.local/lib/python3.8/site-packages/airflow/example_dags/example_branch_labels.py took 0.047 seconds
[2024-04-01T07:09:42.134+0000] {processor.py:161} INFO - Started process (PID=931) to work on /home/airflow/.local/lib/python3.8/site-packages/airflow/example_dags/example_branch_labels.py
[2024-04-01T07:09:42.136+0000] {processor.py:830} INFO - Processing file /home/airflow/.local/lib/python3.8/site-packages/airflow/example_dags/example_branch_labels.py for tasks to queue
[2024-04-01T07:09:42.137+0000] {logging_mixin.py:188} INFO - [2024-04-01T07:09:42.137+0000] {dagbag.py:540} INFO - Filling up the DagBag from /home/airflow/.local/lib/python3.8/site-packages/airflow/example_dags/example_branch_labels.py
[2024-04-01T07:09:42.145+0000] {processor.py:840} INFO - DAG(s) 'example_branch_labels' retrieved from /home/airflow/.local/lib/python3.8/site-packages/airflow/example_dags/example_branch_labels.py
[2024-04-01T07:09:42.160+0000] {logging_mixin.py:188} INFO - [2024-04-01T07:09:42.160+0000] {dag.py:3047} INFO - Sync 1 DAGs
[2024-04-01T07:09:42.171+0000] {logging_mixin.py:188} INFO - [2024-04-01T07:09:42.171+0000] {dag.py:3834} INFO - Setting next_dagrun for example_branch_labels to 2024-03-31 00:00:00+00:00, run_after=2024-04-01 00:00:00+00:00
[2024-04-01T07:09:42.180+0000] {processor.py:183} INFO - Processing /home/airflow/.local/lib/python3.8/site-packages/airflow/example_dags/example_branch_labels.py took 0.050 seconds
[2024-04-01T07:10:12.912+0000] {processor.py:161} INFO - Started process (PID=986) to work on /home/airflow/.local/lib/python3.8/site-packages/airflow/example_dags/example_branch_labels.py
[2024-04-01T07:10:12.914+0000] {processor.py:830} INFO - Processing file /home/airflow/.local/lib/python3.8/site-packages/airflow/example_dags/example_branch_labels.py for tasks to queue
[2024-04-01T07:10:12.916+0000] {logging_mixin.py:188} INFO - [2024-04-01T07:10:12.916+0000] {dagbag.py:540} INFO - Filling up the DagBag from /home/airflow/.local/lib/python3.8/site-packages/airflow/example_dags/example_branch_labels.py
[2024-04-01T07:10:12.927+0000] {processor.py:840} INFO - DAG(s) 'example_branch_labels' retrieved from /home/airflow/.local/lib/python3.8/site-packages/airflow/example_dags/example_branch_labels.py
[2024-04-01T07:10:12.949+0000] {logging_mixin.py:188} INFO - [2024-04-01T07:10:12.949+0000] {dag.py:3047} INFO - Sync 1 DAGs
[2024-04-01T07:10:12.968+0000] {logging_mixin.py:188} INFO - [2024-04-01T07:10:12.968+0000] {dag.py:3834} INFO - Setting next_dagrun for example_branch_labels to 2024-03-31 00:00:00+00:00, run_after=2024-04-01 00:00:00+00:00
[2024-04-01T07:10:12.979+0000] {processor.py:183} INFO - Processing /home/airflow/.local/lib/python3.8/site-packages/airflow/example_dags/example_branch_labels.py took 0.073 seconds
[2024-04-01T07:10:43.075+0000] {processor.py:161} INFO - Started process (PID=1041) to work on /home/airflow/.local/lib/python3.8/site-packages/airflow/example_dags/example_branch_labels.py
[2024-04-01T07:10:43.078+0000] {processor.py:830} INFO - Processing file /home/airflow/.local/lib/python3.8/site-packages/airflow/example_dags/example_branch_labels.py for tasks to queue
[2024-04-01T07:10:43.081+0000] {logging_mixin.py:188} INFO - [2024-04-01T07:10:43.081+0000] {dagbag.py:540} INFO - Filling up the DagBag from /home/airflow/.local/lib/python3.8/site-packages/airflow/example_dags/example_branch_labels.py
[2024-04-01T07:10:43.090+0000] {processor.py:840} INFO - DAG(s) 'example_branch_labels' retrieved from /home/airflow/.local/lib/python3.8/site-packages/airflow/example_dags/example_branch_labels.py
[2024-04-01T07:10:43.105+0000] {logging_mixin.py:188} INFO - [2024-04-01T07:10:43.105+0000] {dag.py:3047} INFO - Sync 1 DAGs
[2024-04-01T07:10:43.117+0000] {logging_mixin.py:188} INFO - [2024-04-01T07:10:43.117+0000] {dag.py:3834} INFO - Setting next_dagrun for example_branch_labels to 2024-03-31 00:00:00+00:00, run_after=2024-04-01 00:00:00+00:00
[2024-04-01T07:10:43.127+0000] {processor.py:183} INFO - Processing /home/airflow/.local/lib/python3.8/site-packages/airflow/example_dags/example_branch_labels.py took 0.057 seconds
[2024-04-01T07:11:13.177+0000] {processor.py:161} INFO - Started process (PID=1103) to work on /home/airflow/.local/lib/python3.8/site-packages/airflow/example_dags/example_branch_labels.py
[2024-04-01T07:11:13.178+0000] {processor.py:830} INFO - Processing file /home/airflow/.local/lib/python3.8/site-packages/airflow/example_dags/example_branch_labels.py for tasks to queue
[2024-04-01T07:11:13.180+0000] {logging_mixin.py:188} INFO - [2024-04-01T07:11:13.180+0000] {dagbag.py:540} INFO - Filling up the DagBag from /home/airflow/.local/lib/python3.8/site-packages/airflow/example_dags/example_branch_labels.py
[2024-04-01T07:11:13.187+0000] {processor.py:840} INFO - DAG(s) 'example_branch_labels' retrieved from /home/airflow/.local/lib/python3.8/site-packages/airflow/example_dags/example_branch_labels.py
[2024-04-01T07:11:13.204+0000] {logging_mixin.py:188} INFO - [2024-04-01T07:11:13.204+0000] {dag.py:3047} INFO - Sync 1 DAGs
[2024-04-01T07:11:13.221+0000] {logging_mixin.py:188} INFO - [2024-04-01T07:11:13.221+0000] {dag.py:3834} INFO - Setting next_dagrun for example_branch_labels to 2024-03-31 00:00:00+00:00, run_after=2024-04-01 00:00:00+00:00
[2024-04-01T07:11:13.231+0000] {processor.py:183} INFO - Processing /home/airflow/.local/lib/python3.8/site-packages/airflow/example_dags/example_branch_labels.py took 0.058 seconds
[2024-04-01T07:11:43.298+0000] {processor.py:161} INFO - Started process (PID=1158) to work on /home/airflow/.local/lib/python3.8/site-packages/airflow/example_dags/example_branch_labels.py
[2024-04-01T07:11:43.300+0000] {processor.py:830} INFO - Processing file /home/airflow/.local/lib/python3.8/site-packages/airflow/example_dags/example_branch_labels.py for tasks to queue
[2024-04-01T07:11:43.302+0000] {logging_mixin.py:188} INFO - [2024-04-01T07:11:43.302+0000] {dagbag.py:540} INFO - Filling up the DagBag from /home/airflow/.local/lib/python3.8/site-packages/airflow/example_dags/example_branch_labels.py
[2024-04-01T07:11:43.313+0000] {processor.py:840} INFO - DAG(s) 'example_branch_labels' retrieved from /home/airflow/.local/lib/python3.8/site-packages/airflow/example_dags/example_branch_labels.py
[2024-04-01T07:11:43.331+0000] {logging_mixin.py:188} INFO - [2024-04-01T07:11:43.331+0000] {dag.py:3047} INFO - Sync 1 DAGs
[2024-04-01T07:11:43.343+0000] {logging_mixin.py:188} INFO - [2024-04-01T07:11:43.343+0000] {dag.py:3834} INFO - Setting next_dagrun for example_branch_labels to 2024-03-31 00:00:00+00:00, run_after=2024-04-01 00:00:00+00:00
[2024-04-01T07:11:43.352+0000] {processor.py:183} INFO - Processing /home/airflow/.local/lib/python3.8/site-packages/airflow/example_dags/example_branch_labels.py took 0.059 seconds
[2024-04-01T07:12:13.521+0000] {processor.py:161} INFO - Started process (PID=1213) to work on /home/airflow/.local/lib/python3.8/site-packages/airflow/example_dags/example_branch_labels.py
[2024-04-01T07:12:13.523+0000] {processor.py:830} INFO - Processing file /home/airflow/.local/lib/python3.8/site-packages/airflow/example_dags/example_branch_labels.py for tasks to queue
[2024-04-01T07:12:13.525+0000] {logging_mixin.py:188} INFO - [2024-04-01T07:12:13.525+0000] {dagbag.py:540} INFO - Filling up the DagBag from /home/airflow/.local/lib/python3.8/site-packages/airflow/example_dags/example_branch_labels.py
[2024-04-01T07:12:13.536+0000] {processor.py:840} INFO - DAG(s) 'example_branch_labels' retrieved from /home/airflow/.local/lib/python3.8/site-packages/airflow/example_dags/example_branch_labels.py
[2024-04-01T07:12:13.556+0000] {logging_mixin.py:188} INFO - [2024-04-01T07:12:13.556+0000] {dag.py:3047} INFO - Sync 1 DAGs
[2024-04-01T07:12:13.572+0000] {logging_mixin.py:188} INFO - [2024-04-01T07:12:13.572+0000] {dag.py:3834} INFO - Setting next_dagrun for example_branch_labels to 2024-03-31 00:00:00+00:00, run_after=2024-04-01 00:00:00+00:00
[2024-04-01T07:12:13.583+0000] {processor.py:183} INFO - Processing /home/airflow/.local/lib/python3.8/site-packages/airflow/example_dags/example_branch_labels.py took 0.068 seconds
