[2024-04-01T06:47:27.364+0000] {processor.py:161} INFO - Started process (PID=80) to work on /home/airflow/.local/lib/python3.8/site-packages/airflow/example_dags/example_short_circuit_operator.py
[2024-04-01T06:47:27.365+0000] {processor.py:830} INFO - Processing file /home/airflow/.local/lib/python3.8/site-packages/airflow/example_dags/example_short_circuit_operator.py for tasks to queue
[2024-04-01T06:47:27.366+0000] {logging_mixin.py:188} INFO - [2024-04-01T06:47:27.366+0000] {dagbag.py:540} INFO - Filling up the DagBag from /home/airflow/.local/lib/python3.8/site-packages/airflow/example_dags/example_short_circuit_operator.py
[2024-04-01T06:47:27.371+0000] {processor.py:840} INFO - DAG(s) 'example_short_circuit_operator' retrieved from /home/airflow/.local/lib/python3.8/site-packages/airflow/example_dags/example_short_circuit_operator.py
[2024-04-01T06:47:27.379+0000] {logging_mixin.py:188} INFO - [2024-04-01T06:47:27.379+0000] {dag.py:3047} INFO - Sync 1 DAGs
[2024-04-01T06:47:27.396+0000] {logging_mixin.py:188} INFO - [2024-04-01T06:47:27.395+0000] {dag.py:3834} INFO - Setting next_dagrun for example_short_circuit_operator to 2024-03-31 00:00:00+00:00, run_after=2024-04-01 00:00:00+00:00
[2024-04-01T06:47:27.408+0000] {processor.py:183} INFO - Processing /home/airflow/.local/lib/python3.8/site-packages/airflow/example_dags/example_short_circuit_operator.py took 0.046 seconds
[2024-04-01T06:47:58.712+0000] {processor.py:161} INFO - Started process (PID=135) to work on /home/airflow/.local/lib/python3.8/site-packages/airflow/example_dags/example_short_circuit_operator.py
[2024-04-01T06:47:58.712+0000] {processor.py:830} INFO - Processing file /home/airflow/.local/lib/python3.8/site-packages/airflow/example_dags/example_short_circuit_operator.py for tasks to queue
[2024-04-01T06:47:58.713+0000] {logging_mixin.py:188} INFO - [2024-04-01T06:47:58.713+0000] {dagbag.py:540} INFO - Filling up the DagBag from /home/airflow/.local/lib/python3.8/site-packages/airflow/example_dags/example_short_circuit_operator.py
[2024-04-01T06:47:58.718+0000] {processor.py:840} INFO - DAG(s) 'example_short_circuit_operator' retrieved from /home/airflow/.local/lib/python3.8/site-packages/airflow/example_dags/example_short_circuit_operator.py
[2024-04-01T06:47:58.771+0000] {logging_mixin.py:188} INFO - [2024-04-01T06:47:58.770+0000] {dag.py:3047} INFO - Sync 1 DAGs
[2024-04-01T06:47:58.781+0000] {logging_mixin.py:188} INFO - [2024-04-01T06:47:58.781+0000] {dag.py:3834} INFO - Setting next_dagrun for example_short_circuit_operator to 2024-03-31 00:00:00+00:00, run_after=2024-04-01 00:00:00+00:00
[2024-04-01T06:47:58.790+0000] {processor.py:183} INFO - Processing /home/airflow/.local/lib/python3.8/site-packages/airflow/example_dags/example_short_circuit_operator.py took 0.080 seconds
[2024-04-01T06:48:28.803+0000] {processor.py:161} INFO - Started process (PID=190) to work on /home/airflow/.local/lib/python3.8/site-packages/airflow/example_dags/example_short_circuit_operator.py
[2024-04-01T06:48:28.804+0000] {processor.py:830} INFO - Processing file /home/airflow/.local/lib/python3.8/site-packages/airflow/example_dags/example_short_circuit_operator.py for tasks to queue
[2024-04-01T06:48:28.805+0000] {logging_mixin.py:188} INFO - [2024-04-01T06:48:28.805+0000] {dagbag.py:540} INFO - Filling up the DagBag from /home/airflow/.local/lib/python3.8/site-packages/airflow/example_dags/example_short_circuit_operator.py
[2024-04-01T06:48:28.810+0000] {processor.py:840} INFO - DAG(s) 'example_short_circuit_operator' retrieved from /home/airflow/.local/lib/python3.8/site-packages/airflow/example_dags/example_short_circuit_operator.py
[2024-04-01T06:48:28.826+0000] {logging_mixin.py:188} INFO - [2024-04-01T06:48:28.825+0000] {dag.py:3047} INFO - Sync 1 DAGs
[2024-04-01T06:48:28.838+0000] {logging_mixin.py:188} INFO - [2024-04-01T06:48:28.838+0000] {dag.py:3834} INFO - Setting next_dagrun for example_short_circuit_operator to 2024-03-31 00:00:00+00:00, run_after=2024-04-01 00:00:00+00:00
[2024-04-01T06:48:28.848+0000] {processor.py:183} INFO - Processing /home/airflow/.local/lib/python3.8/site-packages/airflow/example_dags/example_short_circuit_operator.py took 0.047 seconds
[2024-04-01T06:48:59.359+0000] {processor.py:161} INFO - Started process (PID=245) to work on /home/airflow/.local/lib/python3.8/site-packages/airflow/example_dags/example_short_circuit_operator.py
[2024-04-01T06:48:59.360+0000] {processor.py:830} INFO - Processing file /home/airflow/.local/lib/python3.8/site-packages/airflow/example_dags/example_short_circuit_operator.py for tasks to queue
[2024-04-01T06:48:59.361+0000] {logging_mixin.py:188} INFO - [2024-04-01T06:48:59.361+0000] {dagbag.py:540} INFO - Filling up the DagBag from /home/airflow/.local/lib/python3.8/site-packages/airflow/example_dags/example_short_circuit_operator.py
[2024-04-01T06:48:59.365+0000] {processor.py:840} INFO - DAG(s) 'example_short_circuit_operator' retrieved from /home/airflow/.local/lib/python3.8/site-packages/airflow/example_dags/example_short_circuit_operator.py
[2024-04-01T06:48:59.378+0000] {logging_mixin.py:188} INFO - [2024-04-01T06:48:59.378+0000] {dag.py:3047} INFO - Sync 1 DAGs
[2024-04-01T06:48:59.389+0000] {logging_mixin.py:188} INFO - [2024-04-01T06:48:59.389+0000] {dag.py:3834} INFO - Setting next_dagrun for example_short_circuit_operator to 2024-03-31 00:00:00+00:00, run_after=2024-04-01 00:00:00+00:00
[2024-04-01T06:48:59.398+0000] {processor.py:183} INFO - Processing /home/airflow/.local/lib/python3.8/site-packages/airflow/example_dags/example_short_circuit_operator.py took 0.040 seconds
[2024-04-01T06:49:30.087+0000] {processor.py:161} INFO - Started process (PID=300) to work on /home/airflow/.local/lib/python3.8/site-packages/airflow/example_dags/example_short_circuit_operator.py
[2024-04-01T06:49:30.088+0000] {processor.py:830} INFO - Processing file /home/airflow/.local/lib/python3.8/site-packages/airflow/example_dags/example_short_circuit_operator.py for tasks to queue
[2024-04-01T06:49:30.089+0000] {logging_mixin.py:188} INFO - [2024-04-01T06:49:30.089+0000] {dagbag.py:540} INFO - Filling up the DagBag from /home/airflow/.local/lib/python3.8/site-packages/airflow/example_dags/example_short_circuit_operator.py
[2024-04-01T06:49:30.094+0000] {processor.py:840} INFO - DAG(s) 'example_short_circuit_operator' retrieved from /home/airflow/.local/lib/python3.8/site-packages/airflow/example_dags/example_short_circuit_operator.py
[2024-04-01T06:49:30.107+0000] {logging_mixin.py:188} INFO - [2024-04-01T06:49:30.107+0000] {dag.py:3047} INFO - Sync 1 DAGs
[2024-04-01T06:49:30.118+0000] {logging_mixin.py:188} INFO - [2024-04-01T06:49:30.118+0000] {dag.py:3834} INFO - Setting next_dagrun for example_short_circuit_operator to 2024-03-31 00:00:00+00:00, run_after=2024-04-01 00:00:00+00:00
[2024-04-01T06:49:30.127+0000] {processor.py:183} INFO - Processing /home/airflow/.local/lib/python3.8/site-packages/airflow/example_dags/example_short_circuit_operator.py took 0.041 seconds
[2024-04-01T06:50:01.112+0000] {processor.py:161} INFO - Started process (PID=355) to work on /home/airflow/.local/lib/python3.8/site-packages/airflow/example_dags/example_short_circuit_operator.py
[2024-04-01T06:50:01.113+0000] {processor.py:830} INFO - Processing file /home/airflow/.local/lib/python3.8/site-packages/airflow/example_dags/example_short_circuit_operator.py for tasks to queue
[2024-04-01T06:50:01.114+0000] {logging_mixin.py:188} INFO - [2024-04-01T06:50:01.114+0000] {dagbag.py:540} INFO - Filling up the DagBag from /home/airflow/.local/lib/python3.8/site-packages/airflow/example_dags/example_short_circuit_operator.py
[2024-04-01T06:50:01.119+0000] {processor.py:840} INFO - DAG(s) 'example_short_circuit_operator' retrieved from /home/airflow/.local/lib/python3.8/site-packages/airflow/example_dags/example_short_circuit_operator.py
[2024-04-01T06:50:01.132+0000] {logging_mixin.py:188} INFO - [2024-04-01T06:50:01.132+0000] {dag.py:3047} INFO - Sync 1 DAGs
[2024-04-01T06:50:01.144+0000] {logging_mixin.py:188} INFO - [2024-04-01T06:50:01.143+0000] {dag.py:3834} INFO - Setting next_dagrun for example_short_circuit_operator to 2024-03-31 00:00:00+00:00, run_after=2024-04-01 00:00:00+00:00
[2024-04-01T06:50:01.153+0000] {processor.py:183} INFO - Processing /home/airflow/.local/lib/python3.8/site-packages/airflow/example_dags/example_short_circuit_operator.py took 0.043 seconds
[2024-04-01T06:50:32.042+0000] {processor.py:161} INFO - Started process (PID=410) to work on /home/airflow/.local/lib/python3.8/site-packages/airflow/example_dags/example_short_circuit_operator.py
[2024-04-01T06:50:32.042+0000] {processor.py:830} INFO - Processing file /home/airflow/.local/lib/python3.8/site-packages/airflow/example_dags/example_short_circuit_operator.py for tasks to queue
[2024-04-01T06:50:32.043+0000] {logging_mixin.py:188} INFO - [2024-04-01T06:50:32.043+0000] {dagbag.py:540} INFO - Filling up the DagBag from /home/airflow/.local/lib/python3.8/site-packages/airflow/example_dags/example_short_circuit_operator.py
[2024-04-01T06:50:32.048+0000] {processor.py:840} INFO - DAG(s) 'example_short_circuit_operator' retrieved from /home/airflow/.local/lib/python3.8/site-packages/airflow/example_dags/example_short_circuit_operator.py
[2024-04-01T06:50:32.060+0000] {logging_mixin.py:188} INFO - [2024-04-01T06:50:32.060+0000] {dag.py:3047} INFO - Sync 1 DAGs
[2024-04-01T06:50:32.071+0000] {logging_mixin.py:188} INFO - [2024-04-01T06:50:32.071+0000] {dag.py:3834} INFO - Setting next_dagrun for example_short_circuit_operator to 2024-03-31 00:00:00+00:00, run_after=2024-04-01 00:00:00+00:00
[2024-04-01T06:50:32.079+0000] {processor.py:183} INFO - Processing /home/airflow/.local/lib/python3.8/site-packages/airflow/example_dags/example_short_circuit_operator.py took 0.039 seconds
[2024-04-01T06:51:02.724+0000] {processor.py:161} INFO - Started process (PID=465) to work on /home/airflow/.local/lib/python3.8/site-packages/airflow/example_dags/example_short_circuit_operator.py
[2024-04-01T06:51:02.725+0000] {processor.py:830} INFO - Processing file /home/airflow/.local/lib/python3.8/site-packages/airflow/example_dags/example_short_circuit_operator.py for tasks to queue
[2024-04-01T06:51:02.726+0000] {logging_mixin.py:188} INFO - [2024-04-01T06:51:02.726+0000] {dagbag.py:540} INFO - Filling up the DagBag from /home/airflow/.local/lib/python3.8/site-packages/airflow/example_dags/example_short_circuit_operator.py
[2024-04-01T06:51:02.730+0000] {processor.py:840} INFO - DAG(s) 'example_short_circuit_operator' retrieved from /home/airflow/.local/lib/python3.8/site-packages/airflow/example_dags/example_short_circuit_operator.py
[2024-04-01T06:51:02.743+0000] {logging_mixin.py:188} INFO - [2024-04-01T06:51:02.742+0000] {dag.py:3047} INFO - Sync 1 DAGs
[2024-04-01T06:51:02.754+0000] {logging_mixin.py:188} INFO - [2024-04-01T06:51:02.754+0000] {dag.py:3834} INFO - Setting next_dagrun for example_short_circuit_operator to 2024-03-31 00:00:00+00:00, run_after=2024-04-01 00:00:00+00:00
[2024-04-01T06:51:02.762+0000] {processor.py:183} INFO - Processing /home/airflow/.local/lib/python3.8/site-packages/airflow/example_dags/example_short_circuit_operator.py took 0.040 seconds
[2024-04-01T06:51:33.485+0000] {processor.py:161} INFO - Started process (PID=520) to work on /home/airflow/.local/lib/python3.8/site-packages/airflow/example_dags/example_short_circuit_operator.py
[2024-04-01T06:51:33.485+0000] {processor.py:830} INFO - Processing file /home/airflow/.local/lib/python3.8/site-packages/airflow/example_dags/example_short_circuit_operator.py for tasks to queue
[2024-04-01T06:51:33.486+0000] {logging_mixin.py:188} INFO - [2024-04-01T06:51:33.486+0000] {dagbag.py:540} INFO - Filling up the DagBag from /home/airflow/.local/lib/python3.8/site-packages/airflow/example_dags/example_short_circuit_operator.py
[2024-04-01T06:51:33.491+0000] {processor.py:840} INFO - DAG(s) 'example_short_circuit_operator' retrieved from /home/airflow/.local/lib/python3.8/site-packages/airflow/example_dags/example_short_circuit_operator.py
[2024-04-01T06:51:33.503+0000] {logging_mixin.py:188} INFO - [2024-04-01T06:51:33.503+0000] {dag.py:3047} INFO - Sync 1 DAGs
[2024-04-01T06:51:33.515+0000] {logging_mixin.py:188} INFO - [2024-04-01T06:51:33.515+0000] {dag.py:3834} INFO - Setting next_dagrun for example_short_circuit_operator to 2024-03-31 00:00:00+00:00, run_after=2024-04-01 00:00:00+00:00
[2024-04-01T06:51:33.523+0000] {processor.py:183} INFO - Processing /home/airflow/.local/lib/python3.8/site-packages/airflow/example_dags/example_short_circuit_operator.py took 0.040 seconds
[2024-04-01T06:52:04.328+0000] {processor.py:161} INFO - Started process (PID=575) to work on /home/airflow/.local/lib/python3.8/site-packages/airflow/example_dags/example_short_circuit_operator.py
[2024-04-01T06:52:04.328+0000] {processor.py:830} INFO - Processing file /home/airflow/.local/lib/python3.8/site-packages/airflow/example_dags/example_short_circuit_operator.py for tasks to queue
[2024-04-01T06:52:04.330+0000] {logging_mixin.py:188} INFO - [2024-04-01T06:52:04.329+0000] {dagbag.py:540} INFO - Filling up the DagBag from /home/airflow/.local/lib/python3.8/site-packages/airflow/example_dags/example_short_circuit_operator.py
[2024-04-01T06:52:04.334+0000] {processor.py:840} INFO - DAG(s) 'example_short_circuit_operator' retrieved from /home/airflow/.local/lib/python3.8/site-packages/airflow/example_dags/example_short_circuit_operator.py
[2024-04-01T06:52:04.347+0000] {logging_mixin.py:188} INFO - [2024-04-01T06:52:04.347+0000] {dag.py:3047} INFO - Sync 1 DAGs
[2024-04-01T06:52:04.359+0000] {logging_mixin.py:188} INFO - [2024-04-01T06:52:04.359+0000] {dag.py:3834} INFO - Setting next_dagrun for example_short_circuit_operator to 2024-03-31 00:00:00+00:00, run_after=2024-04-01 00:00:00+00:00
[2024-04-01T06:52:04.368+0000] {processor.py:183} INFO - Processing /home/airflow/.local/lib/python3.8/site-packages/airflow/example_dags/example_short_circuit_operator.py took 0.042 seconds
[2024-04-01T06:52:35.176+0000] {processor.py:161} INFO - Started process (PID=630) to work on /home/airflow/.local/lib/python3.8/site-packages/airflow/example_dags/example_short_circuit_operator.py
[2024-04-01T06:52:35.177+0000] {processor.py:830} INFO - Processing file /home/airflow/.local/lib/python3.8/site-packages/airflow/example_dags/example_short_circuit_operator.py for tasks to queue
[2024-04-01T06:52:35.179+0000] {logging_mixin.py:188} INFO - [2024-04-01T06:52:35.178+0000] {dagbag.py:540} INFO - Filling up the DagBag from /home/airflow/.local/lib/python3.8/site-packages/airflow/example_dags/example_short_circuit_operator.py
[2024-04-01T06:52:35.185+0000] {processor.py:840} INFO - DAG(s) 'example_short_circuit_operator' retrieved from /home/airflow/.local/lib/python3.8/site-packages/airflow/example_dags/example_short_circuit_operator.py
[2024-04-01T06:52:35.203+0000] {logging_mixin.py:188} INFO - [2024-04-01T06:52:35.203+0000] {dag.py:3047} INFO - Sync 1 DAGs
[2024-04-01T06:52:35.217+0000] {logging_mixin.py:188} INFO - [2024-04-01T06:52:35.217+0000] {dag.py:3834} INFO - Setting next_dagrun for example_short_circuit_operator to 2024-03-31 00:00:00+00:00, run_after=2024-04-01 00:00:00+00:00
[2024-04-01T06:52:35.228+0000] {processor.py:183} INFO - Processing /home/airflow/.local/lib/python3.8/site-packages/airflow/example_dags/example_short_circuit_operator.py took 0.054 seconds
[2024-04-01T06:53:05.392+0000] {processor.py:161} INFO - Started process (PID=685) to work on /home/airflow/.local/lib/python3.8/site-packages/airflow/example_dags/example_short_circuit_operator.py
[2024-04-01T06:53:05.393+0000] {processor.py:830} INFO - Processing file /home/airflow/.local/lib/python3.8/site-packages/airflow/example_dags/example_short_circuit_operator.py for tasks to queue
[2024-04-01T06:53:05.394+0000] {logging_mixin.py:188} INFO - [2024-04-01T06:53:05.394+0000] {dagbag.py:540} INFO - Filling up the DagBag from /home/airflow/.local/lib/python3.8/site-packages/airflow/example_dags/example_short_circuit_operator.py
[2024-04-01T06:53:05.399+0000] {processor.py:840} INFO - DAG(s) 'example_short_circuit_operator' retrieved from /home/airflow/.local/lib/python3.8/site-packages/airflow/example_dags/example_short_circuit_operator.py
[2024-04-01T06:53:05.412+0000] {logging_mixin.py:188} INFO - [2024-04-01T06:53:05.412+0000] {dag.py:3047} INFO - Sync 1 DAGs
[2024-04-01T06:53:05.424+0000] {logging_mixin.py:188} INFO - [2024-04-01T06:53:05.424+0000] {dag.py:3834} INFO - Setting next_dagrun for example_short_circuit_operator to 2024-03-31 00:00:00+00:00, run_after=2024-04-01 00:00:00+00:00
[2024-04-01T06:53:05.434+0000] {processor.py:183} INFO - Processing /home/airflow/.local/lib/python3.8/site-packages/airflow/example_dags/example_short_circuit_operator.py took 0.044 seconds
[2024-04-01T06:53:35.714+0000] {processor.py:161} INFO - Started process (PID=740) to work on /home/airflow/.local/lib/python3.8/site-packages/airflow/example_dags/example_short_circuit_operator.py
[2024-04-01T06:53:35.716+0000] {processor.py:830} INFO - Processing file /home/airflow/.local/lib/python3.8/site-packages/airflow/example_dags/example_short_circuit_operator.py for tasks to queue
[2024-04-01T06:53:35.718+0000] {logging_mixin.py:188} INFO - [2024-04-01T06:53:35.717+0000] {dagbag.py:540} INFO - Filling up the DagBag from /home/airflow/.local/lib/python3.8/site-packages/airflow/example_dags/example_short_circuit_operator.py
[2024-04-01T06:53:35.725+0000] {processor.py:840} INFO - DAG(s) 'example_short_circuit_operator' retrieved from /home/airflow/.local/lib/python3.8/site-packages/airflow/example_dags/example_short_circuit_operator.py
[2024-04-01T06:53:35.742+0000] {logging_mixin.py:188} INFO - [2024-04-01T06:53:35.742+0000] {dag.py:3047} INFO - Sync 1 DAGs
[2024-04-01T06:53:35.755+0000] {logging_mixin.py:188} INFO - [2024-04-01T06:53:35.755+0000] {dag.py:3834} INFO - Setting next_dagrun for example_short_circuit_operator to 2024-03-31 00:00:00+00:00, run_after=2024-04-01 00:00:00+00:00
[2024-04-01T06:53:35.766+0000] {processor.py:183} INFO - Processing /home/airflow/.local/lib/python3.8/site-packages/airflow/example_dags/example_short_circuit_operator.py took 0.055 seconds
[2024-04-01T06:54:06.351+0000] {processor.py:161} INFO - Started process (PID=795) to work on /home/airflow/.local/lib/python3.8/site-packages/airflow/example_dags/example_short_circuit_operator.py
[2024-04-01T06:54:06.352+0000] {processor.py:830} INFO - Processing file /home/airflow/.local/lib/python3.8/site-packages/airflow/example_dags/example_short_circuit_operator.py for tasks to queue
[2024-04-01T06:54:06.353+0000] {logging_mixin.py:188} INFO - [2024-04-01T06:54:06.353+0000] {dagbag.py:540} INFO - Filling up the DagBag from /home/airflow/.local/lib/python3.8/site-packages/airflow/example_dags/example_short_circuit_operator.py
[2024-04-01T06:54:06.357+0000] {processor.py:840} INFO - DAG(s) 'example_short_circuit_operator' retrieved from /home/airflow/.local/lib/python3.8/site-packages/airflow/example_dags/example_short_circuit_operator.py
[2024-04-01T06:54:06.371+0000] {logging_mixin.py:188} INFO - [2024-04-01T06:54:06.371+0000] {dag.py:3047} INFO - Sync 1 DAGs
[2024-04-01T06:54:06.383+0000] {logging_mixin.py:188} INFO - [2024-04-01T06:54:06.383+0000] {dag.py:3834} INFO - Setting next_dagrun for example_short_circuit_operator to 2024-03-31 00:00:00+00:00, run_after=2024-04-01 00:00:00+00:00
[2024-04-01T06:54:06.392+0000] {processor.py:183} INFO - Processing /home/airflow/.local/lib/python3.8/site-packages/airflow/example_dags/example_short_circuit_operator.py took 0.043 seconds
[2024-04-01T06:54:37.068+0000] {processor.py:161} INFO - Started process (PID=850) to work on /home/airflow/.local/lib/python3.8/site-packages/airflow/example_dags/example_short_circuit_operator.py
[2024-04-01T06:54:37.069+0000] {processor.py:830} INFO - Processing file /home/airflow/.local/lib/python3.8/site-packages/airflow/example_dags/example_short_circuit_operator.py for tasks to queue
[2024-04-01T06:54:37.070+0000] {logging_mixin.py:188} INFO - [2024-04-01T06:54:37.070+0000] {dagbag.py:540} INFO - Filling up the DagBag from /home/airflow/.local/lib/python3.8/site-packages/airflow/example_dags/example_short_circuit_operator.py
[2024-04-01T06:54:37.075+0000] {processor.py:840} INFO - DAG(s) 'example_short_circuit_operator' retrieved from /home/airflow/.local/lib/python3.8/site-packages/airflow/example_dags/example_short_circuit_operator.py
[2024-04-01T06:54:37.088+0000] {logging_mixin.py:188} INFO - [2024-04-01T06:54:37.088+0000] {dag.py:3047} INFO - Sync 1 DAGs
[2024-04-01T06:54:37.100+0000] {logging_mixin.py:188} INFO - [2024-04-01T06:54:37.100+0000] {dag.py:3834} INFO - Setting next_dagrun for example_short_circuit_operator to 2024-03-31 00:00:00+00:00, run_after=2024-04-01 00:00:00+00:00
[2024-04-01T06:54:37.110+0000] {processor.py:183} INFO - Processing /home/airflow/.local/lib/python3.8/site-packages/airflow/example_dags/example_short_circuit_operator.py took 0.043 seconds
[2024-04-01T06:55:07.837+0000] {processor.py:161} INFO - Started process (PID=905) to work on /home/airflow/.local/lib/python3.8/site-packages/airflow/example_dags/example_short_circuit_operator.py
[2024-04-01T06:55:07.838+0000] {processor.py:830} INFO - Processing file /home/airflow/.local/lib/python3.8/site-packages/airflow/example_dags/example_short_circuit_operator.py for tasks to queue
[2024-04-01T06:55:07.839+0000] {logging_mixin.py:188} INFO - [2024-04-01T06:55:07.839+0000] {dagbag.py:540} INFO - Filling up the DagBag from /home/airflow/.local/lib/python3.8/site-packages/airflow/example_dags/example_short_circuit_operator.py
[2024-04-01T06:55:07.844+0000] {processor.py:840} INFO - DAG(s) 'example_short_circuit_operator' retrieved from /home/airflow/.local/lib/python3.8/site-packages/airflow/example_dags/example_short_circuit_operator.py
[2024-04-01T06:55:07.858+0000] {logging_mixin.py:188} INFO - [2024-04-01T06:55:07.858+0000] {dag.py:3047} INFO - Sync 1 DAGs
[2024-04-01T06:55:07.871+0000] {logging_mixin.py:188} INFO - [2024-04-01T06:55:07.871+0000] {dag.py:3834} INFO - Setting next_dagrun for example_short_circuit_operator to 2024-03-31 00:00:00+00:00, run_after=2024-04-01 00:00:00+00:00
[2024-04-01T06:55:07.881+0000] {processor.py:183} INFO - Processing /home/airflow/.local/lib/python3.8/site-packages/airflow/example_dags/example_short_circuit_operator.py took 0.046 seconds
[2024-04-01T06:55:38.576+0000] {processor.py:161} INFO - Started process (PID=960) to work on /home/airflow/.local/lib/python3.8/site-packages/airflow/example_dags/example_short_circuit_operator.py
[2024-04-01T06:55:38.577+0000] {processor.py:830} INFO - Processing file /home/airflow/.local/lib/python3.8/site-packages/airflow/example_dags/example_short_circuit_operator.py for tasks to queue
[2024-04-01T06:55:38.578+0000] {logging_mixin.py:188} INFO - [2024-04-01T06:55:38.578+0000] {dagbag.py:540} INFO - Filling up the DagBag from /home/airflow/.local/lib/python3.8/site-packages/airflow/example_dags/example_short_circuit_operator.py
[2024-04-01T06:55:38.583+0000] {processor.py:840} INFO - DAG(s) 'example_short_circuit_operator' retrieved from /home/airflow/.local/lib/python3.8/site-packages/airflow/example_dags/example_short_circuit_operator.py
[2024-04-01T06:55:38.597+0000] {logging_mixin.py:188} INFO - [2024-04-01T06:55:38.597+0000] {dag.py:3047} INFO - Sync 1 DAGs
[2024-04-01T06:55:38.611+0000] {logging_mixin.py:188} INFO - [2024-04-01T06:55:38.611+0000] {dag.py:3834} INFO - Setting next_dagrun for example_short_circuit_operator to 2024-03-31 00:00:00+00:00, run_after=2024-04-01 00:00:00+00:00
[2024-04-01T06:55:38.621+0000] {processor.py:183} INFO - Processing /home/airflow/.local/lib/python3.8/site-packages/airflow/example_dags/example_short_circuit_operator.py took 0.047 seconds
[2024-04-01T06:56:09.244+0000] {processor.py:161} INFO - Started process (PID=1015) to work on /home/airflow/.local/lib/python3.8/site-packages/airflow/example_dags/example_short_circuit_operator.py
[2024-04-01T06:56:09.245+0000] {processor.py:830} INFO - Processing file /home/airflow/.local/lib/python3.8/site-packages/airflow/example_dags/example_short_circuit_operator.py for tasks to queue
[2024-04-01T06:56:09.246+0000] {logging_mixin.py:188} INFO - [2024-04-01T06:56:09.246+0000] {dagbag.py:540} INFO - Filling up the DagBag from /home/airflow/.local/lib/python3.8/site-packages/airflow/example_dags/example_short_circuit_operator.py
[2024-04-01T06:56:09.250+0000] {processor.py:840} INFO - DAG(s) 'example_short_circuit_operator' retrieved from /home/airflow/.local/lib/python3.8/site-packages/airflow/example_dags/example_short_circuit_operator.py
[2024-04-01T06:56:09.263+0000] {logging_mixin.py:188} INFO - [2024-04-01T06:56:09.263+0000] {dag.py:3047} INFO - Sync 1 DAGs
[2024-04-01T06:56:09.275+0000] {logging_mixin.py:188} INFO - [2024-04-01T06:56:09.275+0000] {dag.py:3834} INFO - Setting next_dagrun for example_short_circuit_operator to 2024-03-31 00:00:00+00:00, run_after=2024-04-01 00:00:00+00:00
[2024-04-01T06:56:09.285+0000] {processor.py:183} INFO - Processing /home/airflow/.local/lib/python3.8/site-packages/airflow/example_dags/example_short_circuit_operator.py took 0.042 seconds
[2024-04-01T06:56:40.048+0000] {processor.py:161} INFO - Started process (PID=1069) to work on /home/airflow/.local/lib/python3.8/site-packages/airflow/example_dags/example_short_circuit_operator.py
[2024-04-01T06:56:40.048+0000] {processor.py:830} INFO - Processing file /home/airflow/.local/lib/python3.8/site-packages/airflow/example_dags/example_short_circuit_operator.py for tasks to queue
[2024-04-01T06:56:40.049+0000] {logging_mixin.py:188} INFO - [2024-04-01T06:56:40.049+0000] {dagbag.py:540} INFO - Filling up the DagBag from /home/airflow/.local/lib/python3.8/site-packages/airflow/example_dags/example_short_circuit_operator.py
[2024-04-01T06:56:40.054+0000] {processor.py:840} INFO - DAG(s) 'example_short_circuit_operator' retrieved from /home/airflow/.local/lib/python3.8/site-packages/airflow/example_dags/example_short_circuit_operator.py
[2024-04-01T06:56:40.067+0000] {logging_mixin.py:188} INFO - [2024-04-01T06:56:40.067+0000] {dag.py:3047} INFO - Sync 1 DAGs
[2024-04-01T06:56:40.079+0000] {logging_mixin.py:188} INFO - [2024-04-01T06:56:40.079+0000] {dag.py:3834} INFO - Setting next_dagrun for example_short_circuit_operator to 2024-03-31 00:00:00+00:00, run_after=2024-04-01 00:00:00+00:00
[2024-04-01T06:56:40.088+0000] {processor.py:183} INFO - Processing /home/airflow/.local/lib/python3.8/site-packages/airflow/example_dags/example_short_circuit_operator.py took 0.042 seconds
[2024-04-01T06:57:10.234+0000] {processor.py:161} INFO - Started process (PID=1124) to work on /home/airflow/.local/lib/python3.8/site-packages/airflow/example_dags/example_short_circuit_operator.py
[2024-04-01T06:57:10.235+0000] {processor.py:830} INFO - Processing file /home/airflow/.local/lib/python3.8/site-packages/airflow/example_dags/example_short_circuit_operator.py for tasks to queue
[2024-04-01T06:57:10.236+0000] {logging_mixin.py:188} INFO - [2024-04-01T06:57:10.236+0000] {dagbag.py:540} INFO - Filling up the DagBag from /home/airflow/.local/lib/python3.8/site-packages/airflow/example_dags/example_short_circuit_operator.py
[2024-04-01T06:57:10.241+0000] {processor.py:840} INFO - DAG(s) 'example_short_circuit_operator' retrieved from /home/airflow/.local/lib/python3.8/site-packages/airflow/example_dags/example_short_circuit_operator.py
[2024-04-01T06:57:10.255+0000] {logging_mixin.py:188} INFO - [2024-04-01T06:57:10.255+0000] {dag.py:3047} INFO - Sync 1 DAGs
[2024-04-01T06:57:10.266+0000] {logging_mixin.py:188} INFO - [2024-04-01T06:57:10.266+0000] {dag.py:3834} INFO - Setting next_dagrun for example_short_circuit_operator to 2024-03-31 00:00:00+00:00, run_after=2024-04-01 00:00:00+00:00
[2024-04-01T06:57:10.277+0000] {processor.py:183} INFO - Processing /home/airflow/.local/lib/python3.8/site-packages/airflow/example_dags/example_short_circuit_operator.py took 0.045 seconds
[2024-04-01T06:57:40.891+0000] {processor.py:161} INFO - Started process (PID=1179) to work on /home/airflow/.local/lib/python3.8/site-packages/airflow/example_dags/example_short_circuit_operator.py
[2024-04-01T06:57:40.891+0000] {processor.py:830} INFO - Processing file /home/airflow/.local/lib/python3.8/site-packages/airflow/example_dags/example_short_circuit_operator.py for tasks to queue
[2024-04-01T06:57:40.892+0000] {logging_mixin.py:188} INFO - [2024-04-01T06:57:40.892+0000] {dagbag.py:540} INFO - Filling up the DagBag from /home/airflow/.local/lib/python3.8/site-packages/airflow/example_dags/example_short_circuit_operator.py
[2024-04-01T06:57:40.897+0000] {processor.py:840} INFO - DAG(s) 'example_short_circuit_operator' retrieved from /home/airflow/.local/lib/python3.8/site-packages/airflow/example_dags/example_short_circuit_operator.py
[2024-04-01T06:57:40.910+0000] {logging_mixin.py:188} INFO - [2024-04-01T06:57:40.910+0000] {dag.py:3047} INFO - Sync 1 DAGs
[2024-04-01T06:57:40.922+0000] {logging_mixin.py:188} INFO - [2024-04-01T06:57:40.922+0000] {dag.py:3834} INFO - Setting next_dagrun for example_short_circuit_operator to 2024-03-31 00:00:00+00:00, run_after=2024-04-01 00:00:00+00:00
[2024-04-01T06:57:40.930+0000] {processor.py:183} INFO - Processing /home/airflow/.local/lib/python3.8/site-packages/airflow/example_dags/example_short_circuit_operator.py took 0.041 seconds
[2024-04-01T06:58:11.816+0000] {processor.py:161} INFO - Started process (PID=1234) to work on /home/airflow/.local/lib/python3.8/site-packages/airflow/example_dags/example_short_circuit_operator.py
[2024-04-01T06:58:11.816+0000] {processor.py:830} INFO - Processing file /home/airflow/.local/lib/python3.8/site-packages/airflow/example_dags/example_short_circuit_operator.py for tasks to queue
[2024-04-01T06:58:11.818+0000] {logging_mixin.py:188} INFO - [2024-04-01T06:58:11.817+0000] {dagbag.py:540} INFO - Filling up the DagBag from /home/airflow/.local/lib/python3.8/site-packages/airflow/example_dags/example_short_circuit_operator.py
[2024-04-01T06:58:11.823+0000] {processor.py:840} INFO - DAG(s) 'example_short_circuit_operator' retrieved from /home/airflow/.local/lib/python3.8/site-packages/airflow/example_dags/example_short_circuit_operator.py
[2024-04-01T06:58:11.840+0000] {logging_mixin.py:188} INFO - [2024-04-01T06:58:11.840+0000] {dag.py:3047} INFO - Sync 1 DAGs
[2024-04-01T06:58:11.853+0000] {logging_mixin.py:188} INFO - [2024-04-01T06:58:11.853+0000] {dag.py:3834} INFO - Setting next_dagrun for example_short_circuit_operator to 2024-03-31 00:00:00+00:00, run_after=2024-04-01 00:00:00+00:00
[2024-04-01T06:58:11.863+0000] {processor.py:183} INFO - Processing /home/airflow/.local/lib/python3.8/site-packages/airflow/example_dags/example_short_circuit_operator.py took 0.049 seconds
[2024-04-01T06:58:41.912+0000] {processor.py:161} INFO - Started process (PID=1289) to work on /home/airflow/.local/lib/python3.8/site-packages/airflow/example_dags/example_short_circuit_operator.py
[2024-04-01T06:58:41.913+0000] {processor.py:830} INFO - Processing file /home/airflow/.local/lib/python3.8/site-packages/airflow/example_dags/example_short_circuit_operator.py for tasks to queue
[2024-04-01T06:58:41.914+0000] {logging_mixin.py:188} INFO - [2024-04-01T06:58:41.914+0000] {dagbag.py:540} INFO - Filling up the DagBag from /home/airflow/.local/lib/python3.8/site-packages/airflow/example_dags/example_short_circuit_operator.py
[2024-04-01T06:58:41.920+0000] {processor.py:840} INFO - DAG(s) 'example_short_circuit_operator' retrieved from /home/airflow/.local/lib/python3.8/site-packages/airflow/example_dags/example_short_circuit_operator.py
[2024-04-01T06:58:41.935+0000] {logging_mixin.py:188} INFO - [2024-04-01T06:58:41.935+0000] {dag.py:3047} INFO - Sync 1 DAGs
[2024-04-01T06:58:41.949+0000] {logging_mixin.py:188} INFO - [2024-04-01T06:58:41.949+0000] {dag.py:3834} INFO - Setting next_dagrun for example_short_circuit_operator to 2024-03-31 00:00:00+00:00, run_after=2024-04-01 00:00:00+00:00
[2024-04-01T06:58:41.959+0000] {processor.py:183} INFO - Processing /home/airflow/.local/lib/python3.8/site-packages/airflow/example_dags/example_short_circuit_operator.py took 0.050 seconds
[2024-04-01T06:59:12.454+0000] {processor.py:161} INFO - Started process (PID=1344) to work on /home/airflow/.local/lib/python3.8/site-packages/airflow/example_dags/example_short_circuit_operator.py
[2024-04-01T06:59:12.455+0000] {processor.py:830} INFO - Processing file /home/airflow/.local/lib/python3.8/site-packages/airflow/example_dags/example_short_circuit_operator.py for tasks to queue
[2024-04-01T06:59:12.456+0000] {logging_mixin.py:188} INFO - [2024-04-01T06:59:12.456+0000] {dagbag.py:540} INFO - Filling up the DagBag from /home/airflow/.local/lib/python3.8/site-packages/airflow/example_dags/example_short_circuit_operator.py
[2024-04-01T06:59:12.461+0000] {processor.py:840} INFO - DAG(s) 'example_short_circuit_operator' retrieved from /home/airflow/.local/lib/python3.8/site-packages/airflow/example_dags/example_short_circuit_operator.py
[2024-04-01T06:59:12.474+0000] {logging_mixin.py:188} INFO - [2024-04-01T06:59:12.474+0000] {dag.py:3047} INFO - Sync 1 DAGs
[2024-04-01T06:59:12.486+0000] {logging_mixin.py:188} INFO - [2024-04-01T06:59:12.486+0000] {dag.py:3834} INFO - Setting next_dagrun for example_short_circuit_operator to 2024-03-31 00:00:00+00:00, run_after=2024-04-01 00:00:00+00:00
[2024-04-01T06:59:12.495+0000] {processor.py:183} INFO - Processing /home/airflow/.local/lib/python3.8/site-packages/airflow/example_dags/example_short_circuit_operator.py took 0.043 seconds
[2024-04-01T06:59:43.283+0000] {processor.py:161} INFO - Started process (PID=1399) to work on /home/airflow/.local/lib/python3.8/site-packages/airflow/example_dags/example_short_circuit_operator.py
[2024-04-01T06:59:43.284+0000] {processor.py:830} INFO - Processing file /home/airflow/.local/lib/python3.8/site-packages/airflow/example_dags/example_short_circuit_operator.py for tasks to queue
[2024-04-01T06:59:43.285+0000] {logging_mixin.py:188} INFO - [2024-04-01T06:59:43.285+0000] {dagbag.py:540} INFO - Filling up the DagBag from /home/airflow/.local/lib/python3.8/site-packages/airflow/example_dags/example_short_circuit_operator.py
[2024-04-01T06:59:43.291+0000] {processor.py:840} INFO - DAG(s) 'example_short_circuit_operator' retrieved from /home/airflow/.local/lib/python3.8/site-packages/airflow/example_dags/example_short_circuit_operator.py
[2024-04-01T06:59:43.305+0000] {logging_mixin.py:188} INFO - [2024-04-01T06:59:43.305+0000] {dag.py:3047} INFO - Sync 1 DAGs
[2024-04-01T06:59:43.318+0000] {logging_mixin.py:188} INFO - [2024-04-01T06:59:43.318+0000] {dag.py:3834} INFO - Setting next_dagrun for example_short_circuit_operator to 2024-03-31 00:00:00+00:00, run_after=2024-04-01 00:00:00+00:00
[2024-04-01T06:59:43.329+0000] {processor.py:183} INFO - Processing /home/airflow/.local/lib/python3.8/site-packages/airflow/example_dags/example_short_circuit_operator.py took 0.048 seconds
[2024-04-01T07:00:14.248+0000] {processor.py:161} INFO - Started process (PID=1454) to work on /home/airflow/.local/lib/python3.8/site-packages/airflow/example_dags/example_short_circuit_operator.py
[2024-04-01T07:00:14.249+0000] {processor.py:830} INFO - Processing file /home/airflow/.local/lib/python3.8/site-packages/airflow/example_dags/example_short_circuit_operator.py for tasks to queue
[2024-04-01T07:00:14.250+0000] {logging_mixin.py:188} INFO - [2024-04-01T07:00:14.250+0000] {dagbag.py:540} INFO - Filling up the DagBag from /home/airflow/.local/lib/python3.8/site-packages/airflow/example_dags/example_short_circuit_operator.py
[2024-04-01T07:00:14.255+0000] {processor.py:840} INFO - DAG(s) 'example_short_circuit_operator' retrieved from /home/airflow/.local/lib/python3.8/site-packages/airflow/example_dags/example_short_circuit_operator.py
[2024-04-01T07:00:14.268+0000] {logging_mixin.py:188} INFO - [2024-04-01T07:00:14.268+0000] {dag.py:3047} INFO - Sync 1 DAGs
[2024-04-01T07:00:14.279+0000] {logging_mixin.py:188} INFO - [2024-04-01T07:00:14.279+0000] {dag.py:3834} INFO - Setting next_dagrun for example_short_circuit_operator to 2024-03-31 00:00:00+00:00, run_after=2024-04-01 00:00:00+00:00
[2024-04-01T07:00:14.288+0000] {processor.py:183} INFO - Processing /home/airflow/.local/lib/python3.8/site-packages/airflow/example_dags/example_short_circuit_operator.py took 0.042 seconds
[2024-04-01T07:00:44.703+0000] {processor.py:161} INFO - Started process (PID=1509) to work on /home/airflow/.local/lib/python3.8/site-packages/airflow/example_dags/example_short_circuit_operator.py
[2024-04-01T07:00:44.704+0000] {processor.py:830} INFO - Processing file /home/airflow/.local/lib/python3.8/site-packages/airflow/example_dags/example_short_circuit_operator.py for tasks to queue
[2024-04-01T07:00:44.705+0000] {logging_mixin.py:188} INFO - [2024-04-01T07:00:44.705+0000] {dagbag.py:540} INFO - Filling up the DagBag from /home/airflow/.local/lib/python3.8/site-packages/airflow/example_dags/example_short_circuit_operator.py
[2024-04-01T07:00:44.709+0000] {processor.py:840} INFO - DAG(s) 'example_short_circuit_operator' retrieved from /home/airflow/.local/lib/python3.8/site-packages/airflow/example_dags/example_short_circuit_operator.py
[2024-04-01T07:00:44.722+0000] {logging_mixin.py:188} INFO - [2024-04-01T07:00:44.722+0000] {dag.py:3047} INFO - Sync 1 DAGs
[2024-04-01T07:00:44.733+0000] {logging_mixin.py:188} INFO - [2024-04-01T07:00:44.733+0000] {dag.py:3834} INFO - Setting next_dagrun for example_short_circuit_operator to 2024-03-31 00:00:00+00:00, run_after=2024-04-01 00:00:00+00:00
[2024-04-01T07:00:44.742+0000] {processor.py:183} INFO - Processing /home/airflow/.local/lib/python3.8/site-packages/airflow/example_dags/example_short_circuit_operator.py took 0.041 seconds
[2024-04-01T07:01:38.157+0000] {processor.py:161} INFO - Started process (PID=80) to work on /home/airflow/.local/lib/python3.8/site-packages/airflow/example_dags/example_short_circuit_operator.py
[2024-04-01T07:01:38.158+0000] {processor.py:830} INFO - Processing file /home/airflow/.local/lib/python3.8/site-packages/airflow/example_dags/example_short_circuit_operator.py for tasks to queue
[2024-04-01T07:01:38.160+0000] {logging_mixin.py:188} INFO - [2024-04-01T07:01:38.159+0000] {dagbag.py:540} INFO - Filling up the DagBag from /home/airflow/.local/lib/python3.8/site-packages/airflow/example_dags/example_short_circuit_operator.py
[2024-04-01T07:01:38.165+0000] {processor.py:840} INFO - DAG(s) 'example_short_circuit_operator' retrieved from /home/airflow/.local/lib/python3.8/site-packages/airflow/example_dags/example_short_circuit_operator.py
[2024-04-01T07:01:38.173+0000] {logging_mixin.py:188} INFO - [2024-04-01T07:01:38.173+0000] {dag.py:3047} INFO - Sync 1 DAGs
[2024-04-01T07:01:38.186+0000] {logging_mixin.py:188} INFO - [2024-04-01T07:01:38.186+0000] {dag.py:3834} INFO - Setting next_dagrun for example_short_circuit_operator to 2024-03-31 00:00:00+00:00, run_after=2024-04-01 00:00:00+00:00
[2024-04-01T07:01:38.198+0000] {processor.py:183} INFO - Processing /home/airflow/.local/lib/python3.8/site-packages/airflow/example_dags/example_short_circuit_operator.py took 0.043 seconds
[2024-04-01T07:02:09.086+0000] {processor.py:161} INFO - Started process (PID=135) to work on /home/airflow/.local/lib/python3.8/site-packages/airflow/example_dags/example_short_circuit_operator.py
[2024-04-01T07:02:09.087+0000] {processor.py:830} INFO - Processing file /home/airflow/.local/lib/python3.8/site-packages/airflow/example_dags/example_short_circuit_operator.py for tasks to queue
[2024-04-01T07:02:09.088+0000] {logging_mixin.py:188} INFO - [2024-04-01T07:02:09.087+0000] {dagbag.py:540} INFO - Filling up the DagBag from /home/airflow/.local/lib/python3.8/site-packages/airflow/example_dags/example_short_circuit_operator.py
[2024-04-01T07:02:09.092+0000] {processor.py:840} INFO - DAG(s) 'example_short_circuit_operator' retrieved from /home/airflow/.local/lib/python3.8/site-packages/airflow/example_dags/example_short_circuit_operator.py
[2024-04-01T07:02:09.147+0000] {logging_mixin.py:188} INFO - [2024-04-01T07:02:09.146+0000] {dag.py:3047} INFO - Sync 1 DAGs
[2024-04-01T07:02:09.157+0000] {logging_mixin.py:188} INFO - [2024-04-01T07:02:09.156+0000] {dag.py:3834} INFO - Setting next_dagrun for example_short_circuit_operator to 2024-03-31 00:00:00+00:00, run_after=2024-04-01 00:00:00+00:00
[2024-04-01T07:02:09.165+0000] {processor.py:183} INFO - Processing /home/airflow/.local/lib/python3.8/site-packages/airflow/example_dags/example_short_circuit_operator.py took 0.081 seconds
[2024-04-01T07:02:39.262+0000] {processor.py:161} INFO - Started process (PID=189) to work on /home/airflow/.local/lib/python3.8/site-packages/airflow/example_dags/example_short_circuit_operator.py
[2024-04-01T07:02:39.263+0000] {processor.py:830} INFO - Processing file /home/airflow/.local/lib/python3.8/site-packages/airflow/example_dags/example_short_circuit_operator.py for tasks to queue
[2024-04-01T07:02:39.265+0000] {logging_mixin.py:188} INFO - [2024-04-01T07:02:39.264+0000] {dagbag.py:540} INFO - Filling up the DagBag from /home/airflow/.local/lib/python3.8/site-packages/airflow/example_dags/example_short_circuit_operator.py
[2024-04-01T07:02:39.270+0000] {processor.py:840} INFO - DAG(s) 'example_short_circuit_operator' retrieved from /home/airflow/.local/lib/python3.8/site-packages/airflow/example_dags/example_short_circuit_operator.py
[2024-04-01T07:02:39.284+0000] {logging_mixin.py:188} INFO - [2024-04-01T07:02:39.284+0000] {dag.py:3047} INFO - Sync 1 DAGs
[2024-04-01T07:02:39.296+0000] {logging_mixin.py:188} INFO - [2024-04-01T07:02:39.295+0000] {dag.py:3834} INFO - Setting next_dagrun for example_short_circuit_operator to 2024-03-31 00:00:00+00:00, run_after=2024-04-01 00:00:00+00:00
[2024-04-01T07:02:39.306+0000] {processor.py:183} INFO - Processing /home/airflow/.local/lib/python3.8/site-packages/airflow/example_dags/example_short_circuit_operator.py took 0.046 seconds
[2024-04-01T07:03:09.353+0000] {processor.py:161} INFO - Started process (PID=244) to work on /home/airflow/.local/lib/python3.8/site-packages/airflow/example_dags/example_short_circuit_operator.py
[2024-04-01T07:03:09.353+0000] {processor.py:830} INFO - Processing file /home/airflow/.local/lib/python3.8/site-packages/airflow/example_dags/example_short_circuit_operator.py for tasks to queue
[2024-04-01T07:03:09.354+0000] {logging_mixin.py:188} INFO - [2024-04-01T07:03:09.354+0000] {dagbag.py:540} INFO - Filling up the DagBag from /home/airflow/.local/lib/python3.8/site-packages/airflow/example_dags/example_short_circuit_operator.py
[2024-04-01T07:03:09.359+0000] {processor.py:840} INFO - DAG(s) 'example_short_circuit_operator' retrieved from /home/airflow/.local/lib/python3.8/site-packages/airflow/example_dags/example_short_circuit_operator.py
[2024-04-01T07:03:09.373+0000] {logging_mixin.py:188} INFO - [2024-04-01T07:03:09.373+0000] {dag.py:3047} INFO - Sync 1 DAGs
[2024-04-01T07:03:09.385+0000] {logging_mixin.py:188} INFO - [2024-04-01T07:03:09.385+0000] {dag.py:3834} INFO - Setting next_dagrun for example_short_circuit_operator to 2024-03-31 00:00:00+00:00, run_after=2024-04-01 00:00:00+00:00
[2024-04-01T07:03:09.395+0000] {processor.py:183} INFO - Processing /home/airflow/.local/lib/python3.8/site-packages/airflow/example_dags/example_short_circuit_operator.py took 0.044 seconds
[2024-04-01T07:03:39.514+0000] {processor.py:161} INFO - Started process (PID=299) to work on /home/airflow/.local/lib/python3.8/site-packages/airflow/example_dags/example_short_circuit_operator.py
[2024-04-01T07:03:39.514+0000] {processor.py:830} INFO - Processing file /home/airflow/.local/lib/python3.8/site-packages/airflow/example_dags/example_short_circuit_operator.py for tasks to queue
[2024-04-01T07:03:39.515+0000] {logging_mixin.py:188} INFO - [2024-04-01T07:03:39.515+0000] {dagbag.py:540} INFO - Filling up the DagBag from /home/airflow/.local/lib/python3.8/site-packages/airflow/example_dags/example_short_circuit_operator.py
[2024-04-01T07:03:39.520+0000] {processor.py:840} INFO - DAG(s) 'example_short_circuit_operator' retrieved from /home/airflow/.local/lib/python3.8/site-packages/airflow/example_dags/example_short_circuit_operator.py
[2024-04-01T07:03:39.533+0000] {logging_mixin.py:188} INFO - [2024-04-01T07:03:39.533+0000] {dag.py:3047} INFO - Sync 1 DAGs
[2024-04-01T07:03:39.546+0000] {logging_mixin.py:188} INFO - [2024-04-01T07:03:39.545+0000] {dag.py:3834} INFO - Setting next_dagrun for example_short_circuit_operator to 2024-03-31 00:00:00+00:00, run_after=2024-04-01 00:00:00+00:00
[2024-04-01T07:03:39.556+0000] {processor.py:183} INFO - Processing /home/airflow/.local/lib/python3.8/site-packages/airflow/example_dags/example_short_circuit_operator.py took 0.044 seconds
[2024-04-01T07:04:10.524+0000] {processor.py:161} INFO - Started process (PID=354) to work on /home/airflow/.local/lib/python3.8/site-packages/airflow/example_dags/example_short_circuit_operator.py
[2024-04-01T07:04:10.525+0000] {processor.py:830} INFO - Processing file /home/airflow/.local/lib/python3.8/site-packages/airflow/example_dags/example_short_circuit_operator.py for tasks to queue
[2024-04-01T07:04:10.526+0000] {logging_mixin.py:188} INFO - [2024-04-01T07:04:10.526+0000] {dagbag.py:540} INFO - Filling up the DagBag from /home/airflow/.local/lib/python3.8/site-packages/airflow/example_dags/example_short_circuit_operator.py
[2024-04-01T07:04:10.530+0000] {processor.py:840} INFO - DAG(s) 'example_short_circuit_operator' retrieved from /home/airflow/.local/lib/python3.8/site-packages/airflow/example_dags/example_short_circuit_operator.py
[2024-04-01T07:04:10.543+0000] {logging_mixin.py:188} INFO - [2024-04-01T07:04:10.543+0000] {dag.py:3047} INFO - Sync 1 DAGs
[2024-04-01T07:04:10.554+0000] {logging_mixin.py:188} INFO - [2024-04-01T07:04:10.554+0000] {dag.py:3834} INFO - Setting next_dagrun for example_short_circuit_operator to 2024-03-31 00:00:00+00:00, run_after=2024-04-01 00:00:00+00:00
[2024-04-01T07:04:10.564+0000] {processor.py:183} INFO - Processing /home/airflow/.local/lib/python3.8/site-packages/airflow/example_dags/example_short_circuit_operator.py took 0.041 seconds
[2024-04-01T07:04:40.736+0000] {processor.py:161} INFO - Started process (PID=409) to work on /home/airflow/.local/lib/python3.8/site-packages/airflow/example_dags/example_short_circuit_operator.py
[2024-04-01T07:04:40.737+0000] {processor.py:830} INFO - Processing file /home/airflow/.local/lib/python3.8/site-packages/airflow/example_dags/example_short_circuit_operator.py for tasks to queue
[2024-04-01T07:04:40.738+0000] {logging_mixin.py:188} INFO - [2024-04-01T07:04:40.738+0000] {dagbag.py:540} INFO - Filling up the DagBag from /home/airflow/.local/lib/python3.8/site-packages/airflow/example_dags/example_short_circuit_operator.py
[2024-04-01T07:04:40.744+0000] {processor.py:840} INFO - DAG(s) 'example_short_circuit_operator' retrieved from /home/airflow/.local/lib/python3.8/site-packages/airflow/example_dags/example_short_circuit_operator.py
[2024-04-01T07:04:40.759+0000] {logging_mixin.py:188} INFO - [2024-04-01T07:04:40.759+0000] {dag.py:3047} INFO - Sync 1 DAGs
[2024-04-01T07:04:40.773+0000] {logging_mixin.py:188} INFO - [2024-04-01T07:04:40.773+0000] {dag.py:3834} INFO - Setting next_dagrun for example_short_circuit_operator to 2024-03-31 00:00:00+00:00, run_after=2024-04-01 00:00:00+00:00
[2024-04-01T07:04:40.783+0000] {processor.py:183} INFO - Processing /home/airflow/.local/lib/python3.8/site-packages/airflow/example_dags/example_short_circuit_operator.py took 0.049 seconds
[2024-04-01T07:05:10.811+0000] {processor.py:161} INFO - Started process (PID=464) to work on /home/airflow/.local/lib/python3.8/site-packages/airflow/example_dags/example_short_circuit_operator.py
[2024-04-01T07:05:10.811+0000] {processor.py:830} INFO - Processing file /home/airflow/.local/lib/python3.8/site-packages/airflow/example_dags/example_short_circuit_operator.py for tasks to queue
[2024-04-01T07:05:10.812+0000] {logging_mixin.py:188} INFO - [2024-04-01T07:05:10.812+0000] {dagbag.py:540} INFO - Filling up the DagBag from /home/airflow/.local/lib/python3.8/site-packages/airflow/example_dags/example_short_circuit_operator.py
[2024-04-01T07:05:10.817+0000] {processor.py:840} INFO - DAG(s) 'example_short_circuit_operator' retrieved from /home/airflow/.local/lib/python3.8/site-packages/airflow/example_dags/example_short_circuit_operator.py
[2024-04-01T07:05:10.831+0000] {logging_mixin.py:188} INFO - [2024-04-01T07:05:10.830+0000] {dag.py:3047} INFO - Sync 1 DAGs
[2024-04-01T07:05:10.842+0000] {logging_mixin.py:188} INFO - [2024-04-01T07:05:10.842+0000] {dag.py:3834} INFO - Setting next_dagrun for example_short_circuit_operator to 2024-03-31 00:00:00+00:00, run_after=2024-04-01 00:00:00+00:00
[2024-04-01T07:05:10.854+0000] {processor.py:183} INFO - Processing /home/airflow/.local/lib/python3.8/site-packages/airflow/example_dags/example_short_circuit_operator.py took 0.045 seconds
[2024-04-01T07:05:41.017+0000] {processor.py:161} INFO - Started process (PID=519) to work on /home/airflow/.local/lib/python3.8/site-packages/airflow/example_dags/example_short_circuit_operator.py
[2024-04-01T07:05:41.017+0000] {processor.py:830} INFO - Processing file /home/airflow/.local/lib/python3.8/site-packages/airflow/example_dags/example_short_circuit_operator.py for tasks to queue
[2024-04-01T07:05:41.019+0000] {logging_mixin.py:188} INFO - [2024-04-01T07:05:41.018+0000] {dagbag.py:540} INFO - Filling up the DagBag from /home/airflow/.local/lib/python3.8/site-packages/airflow/example_dags/example_short_circuit_operator.py
[2024-04-01T07:05:41.023+0000] {processor.py:840} INFO - DAG(s) 'example_short_circuit_operator' retrieved from /home/airflow/.local/lib/python3.8/site-packages/airflow/example_dags/example_short_circuit_operator.py
[2024-04-01T07:05:41.039+0000] {logging_mixin.py:188} INFO - [2024-04-01T07:05:41.039+0000] {dag.py:3047} INFO - Sync 1 DAGs
[2024-04-01T07:05:41.052+0000] {logging_mixin.py:188} INFO - [2024-04-01T07:05:41.052+0000] {dag.py:3834} INFO - Setting next_dagrun for example_short_circuit_operator to 2024-03-31 00:00:00+00:00, run_after=2024-04-01 00:00:00+00:00
[2024-04-01T07:05:41.062+0000] {processor.py:183} INFO - Processing /home/airflow/.local/lib/python3.8/site-packages/airflow/example_dags/example_short_circuit_operator.py took 0.048 seconds
[2024-04-01T07:06:11.201+0000] {processor.py:161} INFO - Started process (PID=574) to work on /home/airflow/.local/lib/python3.8/site-packages/airflow/example_dags/example_short_circuit_operator.py
[2024-04-01T07:06:11.202+0000] {processor.py:830} INFO - Processing file /home/airflow/.local/lib/python3.8/site-packages/airflow/example_dags/example_short_circuit_operator.py for tasks to queue
[2024-04-01T07:06:11.204+0000] {logging_mixin.py:188} INFO - [2024-04-01T07:06:11.204+0000] {dagbag.py:540} INFO - Filling up the DagBag from /home/airflow/.local/lib/python3.8/site-packages/airflow/example_dags/example_short_circuit_operator.py
[2024-04-01T07:06:11.210+0000] {processor.py:840} INFO - DAG(s) 'example_short_circuit_operator' retrieved from /home/airflow/.local/lib/python3.8/site-packages/airflow/example_dags/example_short_circuit_operator.py
[2024-04-01T07:06:11.233+0000] {logging_mixin.py:188} INFO - [2024-04-01T07:06:11.233+0000] {dag.py:3047} INFO - Sync 1 DAGs
[2024-04-01T07:06:11.248+0000] {logging_mixin.py:188} INFO - [2024-04-01T07:06:11.248+0000] {dag.py:3834} INFO - Setting next_dagrun for example_short_circuit_operator to 2024-03-31 00:00:00+00:00, run_after=2024-04-01 00:00:00+00:00
[2024-04-01T07:06:11.259+0000] {processor.py:183} INFO - Processing /home/airflow/.local/lib/python3.8/site-packages/airflow/example_dags/example_short_circuit_operator.py took 0.062 seconds
[2024-04-01T07:06:41.728+0000] {processor.py:161} INFO - Started process (PID=629) to work on /home/airflow/.local/lib/python3.8/site-packages/airflow/example_dags/example_short_circuit_operator.py
[2024-04-01T07:06:41.729+0000] {processor.py:830} INFO - Processing file /home/airflow/.local/lib/python3.8/site-packages/airflow/example_dags/example_short_circuit_operator.py for tasks to queue
[2024-04-01T07:06:41.731+0000] {logging_mixin.py:188} INFO - [2024-04-01T07:06:41.730+0000] {dagbag.py:540} INFO - Filling up the DagBag from /home/airflow/.local/lib/python3.8/site-packages/airflow/example_dags/example_short_circuit_operator.py
[2024-04-01T07:06:41.737+0000] {processor.py:840} INFO - DAG(s) 'example_short_circuit_operator' retrieved from /home/airflow/.local/lib/python3.8/site-packages/airflow/example_dags/example_short_circuit_operator.py
[2024-04-01T07:06:41.753+0000] {logging_mixin.py:188} INFO - [2024-04-01T07:06:41.752+0000] {dag.py:3047} INFO - Sync 1 DAGs
[2024-04-01T07:06:41.766+0000] {logging_mixin.py:188} INFO - [2024-04-01T07:06:41.766+0000] {dag.py:3834} INFO - Setting next_dagrun for example_short_circuit_operator to 2024-03-31 00:00:00+00:00, run_after=2024-04-01 00:00:00+00:00
[2024-04-01T07:06:41.777+0000] {processor.py:183} INFO - Processing /home/airflow/.local/lib/python3.8/site-packages/airflow/example_dags/example_short_circuit_operator.py took 0.052 seconds
[2024-04-01T07:07:11.862+0000] {processor.py:161} INFO - Started process (PID=684) to work on /home/airflow/.local/lib/python3.8/site-packages/airflow/example_dags/example_short_circuit_operator.py
[2024-04-01T07:07:11.863+0000] {processor.py:830} INFO - Processing file /home/airflow/.local/lib/python3.8/site-packages/airflow/example_dags/example_short_circuit_operator.py for tasks to queue
[2024-04-01T07:07:11.865+0000] {logging_mixin.py:188} INFO - [2024-04-01T07:07:11.865+0000] {dagbag.py:540} INFO - Filling up the DagBag from /home/airflow/.local/lib/python3.8/site-packages/airflow/example_dags/example_short_circuit_operator.py
[2024-04-01T07:07:11.872+0000] {processor.py:840} INFO - DAG(s) 'example_short_circuit_operator' retrieved from /home/airflow/.local/lib/python3.8/site-packages/airflow/example_dags/example_short_circuit_operator.py
[2024-04-01T07:07:11.895+0000] {logging_mixin.py:188} INFO - [2024-04-01T07:07:11.895+0000] {dag.py:3047} INFO - Sync 1 DAGs
[2024-04-01T07:07:11.912+0000] {logging_mixin.py:188} INFO - [2024-04-01T07:07:11.912+0000] {dag.py:3834} INFO - Setting next_dagrun for example_short_circuit_operator to 2024-03-31 00:00:00+00:00, run_after=2024-04-01 00:00:00+00:00
[2024-04-01T07:07:11.928+0000] {processor.py:183} INFO - Processing /home/airflow/.local/lib/python3.8/site-packages/airflow/example_dags/example_short_circuit_operator.py took 0.070 seconds
[2024-04-01T07:07:42.002+0000] {processor.py:161} INFO - Started process (PID=739) to work on /home/airflow/.local/lib/python3.8/site-packages/airflow/example_dags/example_short_circuit_operator.py
[2024-04-01T07:07:42.003+0000] {processor.py:830} INFO - Processing file /home/airflow/.local/lib/python3.8/site-packages/airflow/example_dags/example_short_circuit_operator.py for tasks to queue
[2024-04-01T07:07:42.004+0000] {logging_mixin.py:188} INFO - [2024-04-01T07:07:42.004+0000] {dagbag.py:540} INFO - Filling up the DagBag from /home/airflow/.local/lib/python3.8/site-packages/airflow/example_dags/example_short_circuit_operator.py
[2024-04-01T07:07:42.009+0000] {processor.py:840} INFO - DAG(s) 'example_short_circuit_operator' retrieved from /home/airflow/.local/lib/python3.8/site-packages/airflow/example_dags/example_short_circuit_operator.py
[2024-04-01T07:07:42.023+0000] {logging_mixin.py:188} INFO - [2024-04-01T07:07:42.023+0000] {dag.py:3047} INFO - Sync 1 DAGs
[2024-04-01T07:07:42.036+0000] {logging_mixin.py:188} INFO - [2024-04-01T07:07:42.036+0000] {dag.py:3834} INFO - Setting next_dagrun for example_short_circuit_operator to 2024-03-31 00:00:00+00:00, run_after=2024-04-01 00:00:00+00:00
[2024-04-01T07:07:42.046+0000] {processor.py:183} INFO - Processing /home/airflow/.local/lib/python3.8/site-packages/airflow/example_dags/example_short_circuit_operator.py took 0.046 seconds
[2024-04-01T07:08:13.013+0000] {processor.py:161} INFO - Started process (PID=794) to work on /home/airflow/.local/lib/python3.8/site-packages/airflow/example_dags/example_short_circuit_operator.py
[2024-04-01T07:08:13.014+0000] {processor.py:830} INFO - Processing file /home/airflow/.local/lib/python3.8/site-packages/airflow/example_dags/example_short_circuit_operator.py for tasks to queue
[2024-04-01T07:08:13.015+0000] {logging_mixin.py:188} INFO - [2024-04-01T07:08:13.015+0000] {dagbag.py:540} INFO - Filling up the DagBag from /home/airflow/.local/lib/python3.8/site-packages/airflow/example_dags/example_short_circuit_operator.py
[2024-04-01T07:08:13.020+0000] {processor.py:840} INFO - DAG(s) 'example_short_circuit_operator' retrieved from /home/airflow/.local/lib/python3.8/site-packages/airflow/example_dags/example_short_circuit_operator.py
[2024-04-01T07:08:13.033+0000] {logging_mixin.py:188} INFO - [2024-04-01T07:08:13.032+0000] {dag.py:3047} INFO - Sync 1 DAGs
[2024-04-01T07:08:13.044+0000] {logging_mixin.py:188} INFO - [2024-04-01T07:08:13.044+0000] {dag.py:3834} INFO - Setting next_dagrun for example_short_circuit_operator to 2024-03-31 00:00:00+00:00, run_after=2024-04-01 00:00:00+00:00
[2024-04-01T07:08:13.054+0000] {processor.py:183} INFO - Processing /home/airflow/.local/lib/python3.8/site-packages/airflow/example_dags/example_short_circuit_operator.py took 0.042 seconds
[2024-04-01T07:08:43.775+0000] {processor.py:161} INFO - Started process (PID=849) to work on /home/airflow/.local/lib/python3.8/site-packages/airflow/example_dags/example_short_circuit_operator.py
[2024-04-01T07:08:43.776+0000] {processor.py:830} INFO - Processing file /home/airflow/.local/lib/python3.8/site-packages/airflow/example_dags/example_short_circuit_operator.py for tasks to queue
[2024-04-01T07:08:43.777+0000] {logging_mixin.py:188} INFO - [2024-04-01T07:08:43.777+0000] {dagbag.py:540} INFO - Filling up the DagBag from /home/airflow/.local/lib/python3.8/site-packages/airflow/example_dags/example_short_circuit_operator.py
[2024-04-01T07:08:43.781+0000] {processor.py:840} INFO - DAG(s) 'example_short_circuit_operator' retrieved from /home/airflow/.local/lib/python3.8/site-packages/airflow/example_dags/example_short_circuit_operator.py
[2024-04-01T07:08:43.794+0000] {logging_mixin.py:188} INFO - [2024-04-01T07:08:43.794+0000] {dag.py:3047} INFO - Sync 1 DAGs
[2024-04-01T07:08:43.805+0000] {logging_mixin.py:188} INFO - [2024-04-01T07:08:43.805+0000] {dag.py:3834} INFO - Setting next_dagrun for example_short_circuit_operator to 2024-03-31 00:00:00+00:00, run_after=2024-04-01 00:00:00+00:00
[2024-04-01T07:08:43.815+0000] {processor.py:183} INFO - Processing /home/airflow/.local/lib/python3.8/site-packages/airflow/example_dags/example_short_circuit_operator.py took 0.042 seconds
[2024-04-01T07:09:13.995+0000] {processor.py:161} INFO - Started process (PID=904) to work on /home/airflow/.local/lib/python3.8/site-packages/airflow/example_dags/example_short_circuit_operator.py
[2024-04-01T07:09:13.995+0000] {processor.py:830} INFO - Processing file /home/airflow/.local/lib/python3.8/site-packages/airflow/example_dags/example_short_circuit_operator.py for tasks to queue
[2024-04-01T07:09:13.996+0000] {logging_mixin.py:188} INFO - [2024-04-01T07:09:13.996+0000] {dagbag.py:540} INFO - Filling up the DagBag from /home/airflow/.local/lib/python3.8/site-packages/airflow/example_dags/example_short_circuit_operator.py
[2024-04-01T07:09:14.001+0000] {processor.py:840} INFO - DAG(s) 'example_short_circuit_operator' retrieved from /home/airflow/.local/lib/python3.8/site-packages/airflow/example_dags/example_short_circuit_operator.py
[2024-04-01T07:09:14.014+0000] {logging_mixin.py:188} INFO - [2024-04-01T07:09:14.014+0000] {dag.py:3047} INFO - Sync 1 DAGs
[2024-04-01T07:09:14.027+0000] {logging_mixin.py:188} INFO - [2024-04-01T07:09:14.026+0000] {dag.py:3834} INFO - Setting next_dagrun for example_short_circuit_operator to 2024-03-31 00:00:00+00:00, run_after=2024-04-01 00:00:00+00:00
[2024-04-01T07:09:14.036+0000] {processor.py:183} INFO - Processing /home/airflow/.local/lib/python3.8/site-packages/airflow/example_dags/example_short_circuit_operator.py took 0.043 seconds
[2024-04-01T07:09:44.966+0000] {processor.py:161} INFO - Started process (PID=959) to work on /home/airflow/.local/lib/python3.8/site-packages/airflow/example_dags/example_short_circuit_operator.py
[2024-04-01T07:09:44.967+0000] {processor.py:830} INFO - Processing file /home/airflow/.local/lib/python3.8/site-packages/airflow/example_dags/example_short_circuit_operator.py for tasks to queue
[2024-04-01T07:09:44.968+0000] {logging_mixin.py:188} INFO - [2024-04-01T07:09:44.968+0000] {dagbag.py:540} INFO - Filling up the DagBag from /home/airflow/.local/lib/python3.8/site-packages/airflow/example_dags/example_short_circuit_operator.py
[2024-04-01T07:09:44.972+0000] {processor.py:840} INFO - DAG(s) 'example_short_circuit_operator' retrieved from /home/airflow/.local/lib/python3.8/site-packages/airflow/example_dags/example_short_circuit_operator.py
[2024-04-01T07:09:44.987+0000] {logging_mixin.py:188} INFO - [2024-04-01T07:09:44.986+0000] {dag.py:3047} INFO - Sync 1 DAGs
[2024-04-01T07:09:44.999+0000] {logging_mixin.py:188} INFO - [2024-04-01T07:09:44.998+0000] {dag.py:3834} INFO - Setting next_dagrun for example_short_circuit_operator to 2024-03-31 00:00:00+00:00, run_after=2024-04-01 00:00:00+00:00
[2024-04-01T07:09:45.009+0000] {processor.py:183} INFO - Processing /home/airflow/.local/lib/python3.8/site-packages/airflow/example_dags/example_short_circuit_operator.py took 0.045 seconds
[2024-04-01T07:10:16.046+0000] {processor.py:161} INFO - Started process (PID=1014) to work on /home/airflow/.local/lib/python3.8/site-packages/airflow/example_dags/example_short_circuit_operator.py
[2024-04-01T07:10:16.047+0000] {processor.py:830} INFO - Processing file /home/airflow/.local/lib/python3.8/site-packages/airflow/example_dags/example_short_circuit_operator.py for tasks to queue
[2024-04-01T07:10:16.048+0000] {logging_mixin.py:188} INFO - [2024-04-01T07:10:16.048+0000] {dagbag.py:540} INFO - Filling up the DagBag from /home/airflow/.local/lib/python3.8/site-packages/airflow/example_dags/example_short_circuit_operator.py
[2024-04-01T07:10:16.054+0000] {processor.py:840} INFO - DAG(s) 'example_short_circuit_operator' retrieved from /home/airflow/.local/lib/python3.8/site-packages/airflow/example_dags/example_short_circuit_operator.py
[2024-04-01T07:10:16.069+0000] {logging_mixin.py:188} INFO - [2024-04-01T07:10:16.069+0000] {dag.py:3047} INFO - Sync 1 DAGs
[2024-04-01T07:10:16.082+0000] {logging_mixin.py:188} INFO - [2024-04-01T07:10:16.082+0000] {dag.py:3834} INFO - Setting next_dagrun for example_short_circuit_operator to 2024-03-31 00:00:00+00:00, run_after=2024-04-01 00:00:00+00:00
[2024-04-01T07:10:16.092+0000] {processor.py:183} INFO - Processing /home/airflow/.local/lib/python3.8/site-packages/airflow/example_dags/example_short_circuit_operator.py took 0.049 seconds
[2024-04-01T07:10:46.203+0000] {processor.py:161} INFO - Started process (PID=1069) to work on /home/airflow/.local/lib/python3.8/site-packages/airflow/example_dags/example_short_circuit_operator.py
[2024-04-01T07:10:46.204+0000] {processor.py:830} INFO - Processing file /home/airflow/.local/lib/python3.8/site-packages/airflow/example_dags/example_short_circuit_operator.py for tasks to queue
[2024-04-01T07:10:46.206+0000] {logging_mixin.py:188} INFO - [2024-04-01T07:10:46.205+0000] {dagbag.py:540} INFO - Filling up the DagBag from /home/airflow/.local/lib/python3.8/site-packages/airflow/example_dags/example_short_circuit_operator.py
[2024-04-01T07:10:46.211+0000] {processor.py:840} INFO - DAG(s) 'example_short_circuit_operator' retrieved from /home/airflow/.local/lib/python3.8/site-packages/airflow/example_dags/example_short_circuit_operator.py
[2024-04-01T07:10:46.229+0000] {logging_mixin.py:188} INFO - [2024-04-01T07:10:46.228+0000] {dag.py:3047} INFO - Sync 1 DAGs
[2024-04-01T07:10:46.244+0000] {logging_mixin.py:188} INFO - [2024-04-01T07:10:46.244+0000] {dag.py:3834} INFO - Setting next_dagrun for example_short_circuit_operator to 2024-03-31 00:00:00+00:00, run_after=2024-04-01 00:00:00+00:00
[2024-04-01T07:10:46.256+0000] {processor.py:183} INFO - Processing /home/airflow/.local/lib/python3.8/site-packages/airflow/example_dags/example_short_circuit_operator.py took 0.055 seconds
[2024-04-01T07:11:16.324+0000] {processor.py:161} INFO - Started process (PID=1131) to work on /home/airflow/.local/lib/python3.8/site-packages/airflow/example_dags/example_short_circuit_operator.py
[2024-04-01T07:11:16.325+0000] {processor.py:830} INFO - Processing file /home/airflow/.local/lib/python3.8/site-packages/airflow/example_dags/example_short_circuit_operator.py for tasks to queue
[2024-04-01T07:11:16.326+0000] {logging_mixin.py:188} INFO - [2024-04-01T07:11:16.326+0000] {dagbag.py:540} INFO - Filling up the DagBag from /home/airflow/.local/lib/python3.8/site-packages/airflow/example_dags/example_short_circuit_operator.py
[2024-04-01T07:11:16.331+0000] {processor.py:840} INFO - DAG(s) 'example_short_circuit_operator' retrieved from /home/airflow/.local/lib/python3.8/site-packages/airflow/example_dags/example_short_circuit_operator.py
[2024-04-01T07:11:16.345+0000] {logging_mixin.py:188} INFO - [2024-04-01T07:11:16.344+0000] {dag.py:3047} INFO - Sync 1 DAGs
[2024-04-01T07:11:16.357+0000] {logging_mixin.py:188} INFO - [2024-04-01T07:11:16.357+0000] {dag.py:3834} INFO - Setting next_dagrun for example_short_circuit_operator to 2024-03-31 00:00:00+00:00, run_after=2024-04-01 00:00:00+00:00
[2024-04-01T07:11:16.366+0000] {processor.py:183} INFO - Processing /home/airflow/.local/lib/python3.8/site-packages/airflow/example_dags/example_short_circuit_operator.py took 0.044 seconds
[2024-04-01T07:11:46.545+0000] {processor.py:161} INFO - Started process (PID=1186) to work on /home/airflow/.local/lib/python3.8/site-packages/airflow/example_dags/example_short_circuit_operator.py
[2024-04-01T07:11:46.546+0000] {processor.py:830} INFO - Processing file /home/airflow/.local/lib/python3.8/site-packages/airflow/example_dags/example_short_circuit_operator.py for tasks to queue
[2024-04-01T07:11:46.547+0000] {logging_mixin.py:188} INFO - [2024-04-01T07:11:46.547+0000] {dagbag.py:540} INFO - Filling up the DagBag from /home/airflow/.local/lib/python3.8/site-packages/airflow/example_dags/example_short_circuit_operator.py
[2024-04-01T07:11:46.553+0000] {processor.py:840} INFO - DAG(s) 'example_short_circuit_operator' retrieved from /home/airflow/.local/lib/python3.8/site-packages/airflow/example_dags/example_short_circuit_operator.py
[2024-04-01T07:11:46.571+0000] {logging_mixin.py:188} INFO - [2024-04-01T07:11:46.571+0000] {dag.py:3047} INFO - Sync 1 DAGs
[2024-04-01T07:11:46.586+0000] {logging_mixin.py:188} INFO - [2024-04-01T07:11:46.586+0000] {dag.py:3834} INFO - Setting next_dagrun for example_short_circuit_operator to 2024-03-31 00:00:00+00:00, run_after=2024-04-01 00:00:00+00:00
[2024-04-01T07:11:46.598+0000] {processor.py:183} INFO - Processing /home/airflow/.local/lib/python3.8/site-packages/airflow/example_dags/example_short_circuit_operator.py took 0.057 seconds
[2024-04-01T07:12:17.502+0000] {processor.py:161} INFO - Started process (PID=1241) to work on /home/airflow/.local/lib/python3.8/site-packages/airflow/example_dags/example_short_circuit_operator.py
[2024-04-01T07:12:17.503+0000] {processor.py:830} INFO - Processing file /home/airflow/.local/lib/python3.8/site-packages/airflow/example_dags/example_short_circuit_operator.py for tasks to queue
[2024-04-01T07:12:17.504+0000] {logging_mixin.py:188} INFO - [2024-04-01T07:12:17.504+0000] {dagbag.py:540} INFO - Filling up the DagBag from /home/airflow/.local/lib/python3.8/site-packages/airflow/example_dags/example_short_circuit_operator.py
[2024-04-01T07:12:17.508+0000] {processor.py:840} INFO - DAG(s) 'example_short_circuit_operator' retrieved from /home/airflow/.local/lib/python3.8/site-packages/airflow/example_dags/example_short_circuit_operator.py
[2024-04-01T07:12:17.521+0000] {logging_mixin.py:188} INFO - [2024-04-01T07:12:17.521+0000] {dag.py:3047} INFO - Sync 1 DAGs
[2024-04-01T07:12:17.533+0000] {logging_mixin.py:188} INFO - [2024-04-01T07:12:17.532+0000] {dag.py:3834} INFO - Setting next_dagrun for example_short_circuit_operator to 2024-03-31 00:00:00+00:00, run_after=2024-04-01 00:00:00+00:00
[2024-04-01T07:12:17.542+0000] {processor.py:183} INFO - Processing /home/airflow/.local/lib/python3.8/site-packages/airflow/example_dags/example_short_circuit_operator.py took 0.041 seconds
