[2024-04-01T06:47:26.387+0000] {processor.py:161} INFO - Started process (PID=57) to work on /home/airflow/.local/lib/python3.8/site-packages/airflow/example_dags/example_python_operator.py
[2024-04-01T06:47:26.388+0000] {processor.py:830} INFO - Processing file /home/airflow/.local/lib/python3.8/site-packages/airflow/example_dags/example_python_operator.py for tasks to queue
[2024-04-01T06:47:26.389+0000] {logging_mixin.py:188} INFO - [2024-04-01T06:47:26.389+0000] {dagbag.py:540} INFO - Filling up the DagBag from /home/airflow/.local/lib/python3.8/site-packages/airflow/example_dags/example_python_operator.py
[2024-04-01T06:47:26.398+0000] {processor.py:840} INFO - DAG(s) 'example_python_operator' retrieved from /home/airflow/.local/lib/python3.8/site-packages/airflow/example_dags/example_python_operator.py
[2024-04-01T06:47:26.407+0000] {logging_mixin.py:188} INFO - [2024-04-01T06:47:26.407+0000] {dag.py:3047} INFO - Sync 1 DAGs
[2024-04-01T06:47:26.415+0000] {logging_mixin.py:188} INFO - [2024-04-01T06:47:26.415+0000] {dag.py:3834} INFO - Setting next_dagrun for example_python_operator to None, run_after=None
[2024-04-01T06:47:26.428+0000] {processor.py:183} INFO - Processing /home/airflow/.local/lib/python3.8/site-packages/airflow/example_dags/example_python_operator.py took 0.044 seconds
[2024-04-01T06:47:57.507+0000] {processor.py:161} INFO - Started process (PID=112) to work on /home/airflow/.local/lib/python3.8/site-packages/airflow/example_dags/example_python_operator.py
[2024-04-01T06:47:57.507+0000] {processor.py:830} INFO - Processing file /home/airflow/.local/lib/python3.8/site-packages/airflow/example_dags/example_python_operator.py for tasks to queue
[2024-04-01T06:47:57.508+0000] {logging_mixin.py:188} INFO - [2024-04-01T06:47:57.508+0000] {dagbag.py:540} INFO - Filling up the DagBag from /home/airflow/.local/lib/python3.8/site-packages/airflow/example_dags/example_python_operator.py
[2024-04-01T06:47:57.515+0000] {processor.py:840} INFO - DAG(s) 'example_python_operator' retrieved from /home/airflow/.local/lib/python3.8/site-packages/airflow/example_dags/example_python_operator.py
[2024-04-01T06:47:57.566+0000] {logging_mixin.py:188} INFO - [2024-04-01T06:47:57.566+0000] {dag.py:3047} INFO - Sync 1 DAGs
[2024-04-01T06:47:57.572+0000] {logging_mixin.py:188} INFO - [2024-04-01T06:47:57.571+0000] {dag.py:3834} INFO - Setting next_dagrun for example_python_operator to None, run_after=None
[2024-04-01T06:47:57.584+0000] {processor.py:183} INFO - Processing /home/airflow/.local/lib/python3.8/site-packages/airflow/example_dags/example_python_operator.py took 0.079 seconds
[2024-04-01T06:48:27.878+0000] {processor.py:161} INFO - Started process (PID=167) to work on /home/airflow/.local/lib/python3.8/site-packages/airflow/example_dags/example_python_operator.py
[2024-04-01T06:48:27.878+0000] {processor.py:830} INFO - Processing file /home/airflow/.local/lib/python3.8/site-packages/airflow/example_dags/example_python_operator.py for tasks to queue
[2024-04-01T06:48:27.879+0000] {logging_mixin.py:188} INFO - [2024-04-01T06:48:27.879+0000] {dagbag.py:540} INFO - Filling up the DagBag from /home/airflow/.local/lib/python3.8/site-packages/airflow/example_dags/example_python_operator.py
[2024-04-01T06:48:27.886+0000] {processor.py:840} INFO - DAG(s) 'example_python_operator' retrieved from /home/airflow/.local/lib/python3.8/site-packages/airflow/example_dags/example_python_operator.py
[2024-04-01T06:48:27.899+0000] {logging_mixin.py:188} INFO - [2024-04-01T06:48:27.899+0000] {dag.py:3047} INFO - Sync 1 DAGs
[2024-04-01T06:48:27.906+0000] {logging_mixin.py:188} INFO - [2024-04-01T06:48:27.906+0000] {dag.py:3834} INFO - Setting next_dagrun for example_python_operator to None, run_after=None
[2024-04-01T06:48:27.915+0000] {processor.py:183} INFO - Processing /home/airflow/.local/lib/python3.8/site-packages/airflow/example_dags/example_python_operator.py took 0.039 seconds
[2024-04-01T06:48:58.712+0000] {processor.py:161} INFO - Started process (PID=222) to work on /home/airflow/.local/lib/python3.8/site-packages/airflow/example_dags/example_python_operator.py
[2024-04-01T06:48:58.712+0000] {processor.py:830} INFO - Processing file /home/airflow/.local/lib/python3.8/site-packages/airflow/example_dags/example_python_operator.py for tasks to queue
[2024-04-01T06:48:58.713+0000] {logging_mixin.py:188} INFO - [2024-04-01T06:48:58.713+0000] {dagbag.py:540} INFO - Filling up the DagBag from /home/airflow/.local/lib/python3.8/site-packages/airflow/example_dags/example_python_operator.py
[2024-04-01T06:48:58.720+0000] {processor.py:840} INFO - DAG(s) 'example_python_operator' retrieved from /home/airflow/.local/lib/python3.8/site-packages/airflow/example_dags/example_python_operator.py
[2024-04-01T06:48:58.732+0000] {logging_mixin.py:188} INFO - [2024-04-01T06:48:58.732+0000] {dag.py:3047} INFO - Sync 1 DAGs
[2024-04-01T06:48:58.738+0000] {logging_mixin.py:188} INFO - [2024-04-01T06:48:58.738+0000] {dag.py:3834} INFO - Setting next_dagrun for example_python_operator to None, run_after=None
[2024-04-01T06:48:58.748+0000] {processor.py:183} INFO - Processing /home/airflow/.local/lib/python3.8/site-packages/airflow/example_dags/example_python_operator.py took 0.038 seconds
[2024-04-01T06:49:29.392+0000] {processor.py:161} INFO - Started process (PID=277) to work on /home/airflow/.local/lib/python3.8/site-packages/airflow/example_dags/example_python_operator.py
[2024-04-01T06:49:29.395+0000] {processor.py:830} INFO - Processing file /home/airflow/.local/lib/python3.8/site-packages/airflow/example_dags/example_python_operator.py for tasks to queue
[2024-04-01T06:49:29.396+0000] {logging_mixin.py:188} INFO - [2024-04-01T06:49:29.396+0000] {dagbag.py:540} INFO - Filling up the DagBag from /home/airflow/.local/lib/python3.8/site-packages/airflow/example_dags/example_python_operator.py
[2024-04-01T06:49:29.403+0000] {processor.py:840} INFO - DAG(s) 'example_python_operator' retrieved from /home/airflow/.local/lib/python3.8/site-packages/airflow/example_dags/example_python_operator.py
[2024-04-01T06:49:29.416+0000] {logging_mixin.py:188} INFO - [2024-04-01T06:49:29.416+0000] {dag.py:3047} INFO - Sync 1 DAGs
[2024-04-01T06:49:29.423+0000] {logging_mixin.py:188} INFO - [2024-04-01T06:49:29.423+0000] {dag.py:3834} INFO - Setting next_dagrun for example_python_operator to None, run_after=None
[2024-04-01T06:49:29.432+0000] {processor.py:183} INFO - Processing /home/airflow/.local/lib/python3.8/site-packages/airflow/example_dags/example_python_operator.py took 0.042 seconds
[2024-04-01T06:50:00.236+0000] {processor.py:161} INFO - Started process (PID=332) to work on /home/airflow/.local/lib/python3.8/site-packages/airflow/example_dags/example_python_operator.py
[2024-04-01T06:50:00.237+0000] {processor.py:830} INFO - Processing file /home/airflow/.local/lib/python3.8/site-packages/airflow/example_dags/example_python_operator.py for tasks to queue
[2024-04-01T06:50:00.238+0000] {logging_mixin.py:188} INFO - [2024-04-01T06:50:00.238+0000] {dagbag.py:540} INFO - Filling up the DagBag from /home/airflow/.local/lib/python3.8/site-packages/airflow/example_dags/example_python_operator.py
[2024-04-01T06:50:00.244+0000] {processor.py:840} INFO - DAG(s) 'example_python_operator' retrieved from /home/airflow/.local/lib/python3.8/site-packages/airflow/example_dags/example_python_operator.py
[2024-04-01T06:50:00.257+0000] {logging_mixin.py:188} INFO - [2024-04-01T06:50:00.257+0000] {dag.py:3047} INFO - Sync 1 DAGs
[2024-04-01T06:50:00.263+0000] {logging_mixin.py:188} INFO - [2024-04-01T06:50:00.263+0000] {dag.py:3834} INFO - Setting next_dagrun for example_python_operator to None, run_after=None
[2024-04-01T06:50:00.271+0000] {processor.py:183} INFO - Processing /home/airflow/.local/lib/python3.8/site-packages/airflow/example_dags/example_python_operator.py took 0.037 seconds
[2024-04-01T06:50:30.335+0000] {processor.py:161} INFO - Started process (PID=387) to work on /home/airflow/.local/lib/python3.8/site-packages/airflow/example_dags/example_python_operator.py
[2024-04-01T06:50:30.336+0000] {processor.py:830} INFO - Processing file /home/airflow/.local/lib/python3.8/site-packages/airflow/example_dags/example_python_operator.py for tasks to queue
[2024-04-01T06:50:30.337+0000] {logging_mixin.py:188} INFO - [2024-04-01T06:50:30.337+0000] {dagbag.py:540} INFO - Filling up the DagBag from /home/airflow/.local/lib/python3.8/site-packages/airflow/example_dags/example_python_operator.py
[2024-04-01T06:50:30.345+0000] {processor.py:840} INFO - DAG(s) 'example_python_operator' retrieved from /home/airflow/.local/lib/python3.8/site-packages/airflow/example_dags/example_python_operator.py
[2024-04-01T06:50:30.360+0000] {logging_mixin.py:188} INFO - [2024-04-01T06:50:30.360+0000] {dag.py:3047} INFO - Sync 1 DAGs
[2024-04-01T06:50:30.368+0000] {logging_mixin.py:188} INFO - [2024-04-01T06:50:30.368+0000] {dag.py:3834} INFO - Setting next_dagrun for example_python_operator to None, run_after=None
[2024-04-01T06:50:30.379+0000] {processor.py:183} INFO - Processing /home/airflow/.local/lib/python3.8/site-packages/airflow/example_dags/example_python_operator.py took 0.047 seconds
[2024-04-01T06:51:01.054+0000] {processor.py:161} INFO - Started process (PID=442) to work on /home/airflow/.local/lib/python3.8/site-packages/airflow/example_dags/example_python_operator.py
[2024-04-01T06:51:01.055+0000] {processor.py:830} INFO - Processing file /home/airflow/.local/lib/python3.8/site-packages/airflow/example_dags/example_python_operator.py for tasks to queue
[2024-04-01T06:51:01.056+0000] {logging_mixin.py:188} INFO - [2024-04-01T06:51:01.055+0000] {dagbag.py:540} INFO - Filling up the DagBag from /home/airflow/.local/lib/python3.8/site-packages/airflow/example_dags/example_python_operator.py
[2024-04-01T06:51:01.062+0000] {processor.py:840} INFO - DAG(s) 'example_python_operator' retrieved from /home/airflow/.local/lib/python3.8/site-packages/airflow/example_dags/example_python_operator.py
[2024-04-01T06:51:01.074+0000] {logging_mixin.py:188} INFO - [2024-04-01T06:51:01.074+0000] {dag.py:3047} INFO - Sync 1 DAGs
[2024-04-01T06:51:01.081+0000] {logging_mixin.py:188} INFO - [2024-04-01T06:51:01.081+0000] {dag.py:3834} INFO - Setting next_dagrun for example_python_operator to None, run_after=None
[2024-04-01T06:51:01.090+0000] {processor.py:183} INFO - Processing /home/airflow/.local/lib/python3.8/site-packages/airflow/example_dags/example_python_operator.py took 0.038 seconds
[2024-04-01T06:51:31.770+0000] {processor.py:161} INFO - Started process (PID=497) to work on /home/airflow/.local/lib/python3.8/site-packages/airflow/example_dags/example_python_operator.py
[2024-04-01T06:51:31.770+0000] {processor.py:830} INFO - Processing file /home/airflow/.local/lib/python3.8/site-packages/airflow/example_dags/example_python_operator.py for tasks to queue
[2024-04-01T06:51:31.772+0000] {logging_mixin.py:188} INFO - [2024-04-01T06:51:31.772+0000] {dagbag.py:540} INFO - Filling up the DagBag from /home/airflow/.local/lib/python3.8/site-packages/airflow/example_dags/example_python_operator.py
[2024-04-01T06:51:31.780+0000] {processor.py:840} INFO - DAG(s) 'example_python_operator' retrieved from /home/airflow/.local/lib/python3.8/site-packages/airflow/example_dags/example_python_operator.py
[2024-04-01T06:51:31.796+0000] {logging_mixin.py:188} INFO - [2024-04-01T06:51:31.796+0000] {dag.py:3047} INFO - Sync 1 DAGs
[2024-04-01T06:51:31.804+0000] {logging_mixin.py:188} INFO - [2024-04-01T06:51:31.803+0000] {dag.py:3834} INFO - Setting next_dagrun for example_python_operator to None, run_after=None
[2024-04-01T06:51:31.814+0000] {processor.py:183} INFO - Processing /home/airflow/.local/lib/python3.8/site-packages/airflow/example_dags/example_python_operator.py took 0.047 seconds
[2024-04-01T06:52:02.596+0000] {processor.py:161} INFO - Started process (PID=552) to work on /home/airflow/.local/lib/python3.8/site-packages/airflow/example_dags/example_python_operator.py
[2024-04-01T06:52:02.596+0000] {processor.py:830} INFO - Processing file /home/airflow/.local/lib/python3.8/site-packages/airflow/example_dags/example_python_operator.py for tasks to queue
[2024-04-01T06:52:02.597+0000] {logging_mixin.py:188} INFO - [2024-04-01T06:52:02.597+0000] {dagbag.py:540} INFO - Filling up the DagBag from /home/airflow/.local/lib/python3.8/site-packages/airflow/example_dags/example_python_operator.py
[2024-04-01T06:52:02.604+0000] {processor.py:840} INFO - DAG(s) 'example_python_operator' retrieved from /home/airflow/.local/lib/python3.8/site-packages/airflow/example_dags/example_python_operator.py
[2024-04-01T06:52:02.617+0000] {logging_mixin.py:188} INFO - [2024-04-01T06:52:02.616+0000] {dag.py:3047} INFO - Sync 1 DAGs
[2024-04-01T06:52:02.623+0000] {logging_mixin.py:188} INFO - [2024-04-01T06:52:02.623+0000] {dag.py:3834} INFO - Setting next_dagrun for example_python_operator to None, run_after=None
[2024-04-01T06:52:02.633+0000] {processor.py:183} INFO - Processing /home/airflow/.local/lib/python3.8/site-packages/airflow/example_dags/example_python_operator.py took 0.039 seconds
[2024-04-01T06:52:33.390+0000] {processor.py:161} INFO - Started process (PID=607) to work on /home/airflow/.local/lib/python3.8/site-packages/airflow/example_dags/example_python_operator.py
[2024-04-01T06:52:33.391+0000] {processor.py:830} INFO - Processing file /home/airflow/.local/lib/python3.8/site-packages/airflow/example_dags/example_python_operator.py for tasks to queue
[2024-04-01T06:52:33.392+0000] {logging_mixin.py:188} INFO - [2024-04-01T06:52:33.392+0000] {dagbag.py:540} INFO - Filling up the DagBag from /home/airflow/.local/lib/python3.8/site-packages/airflow/example_dags/example_python_operator.py
[2024-04-01T06:52:33.399+0000] {processor.py:840} INFO - DAG(s) 'example_python_operator' retrieved from /home/airflow/.local/lib/python3.8/site-packages/airflow/example_dags/example_python_operator.py
[2024-04-01T06:52:33.413+0000] {logging_mixin.py:188} INFO - [2024-04-01T06:52:33.413+0000] {dag.py:3047} INFO - Sync 1 DAGs
[2024-04-01T06:52:33.420+0000] {logging_mixin.py:188} INFO - [2024-04-01T06:52:33.419+0000] {dag.py:3834} INFO - Setting next_dagrun for example_python_operator to None, run_after=None
[2024-04-01T06:52:33.430+0000] {processor.py:183} INFO - Processing /home/airflow/.local/lib/python3.8/site-packages/airflow/example_dags/example_python_operator.py took 0.042 seconds
[2024-04-01T06:53:03.569+0000] {processor.py:161} INFO - Started process (PID=662) to work on /home/airflow/.local/lib/python3.8/site-packages/airflow/example_dags/example_python_operator.py
[2024-04-01T06:53:03.570+0000] {processor.py:830} INFO - Processing file /home/airflow/.local/lib/python3.8/site-packages/airflow/example_dags/example_python_operator.py for tasks to queue
[2024-04-01T06:53:03.571+0000] {logging_mixin.py:188} INFO - [2024-04-01T06:53:03.571+0000] {dagbag.py:540} INFO - Filling up the DagBag from /home/airflow/.local/lib/python3.8/site-packages/airflow/example_dags/example_python_operator.py
[2024-04-01T06:53:03.579+0000] {processor.py:840} INFO - DAG(s) 'example_python_operator' retrieved from /home/airflow/.local/lib/python3.8/site-packages/airflow/example_dags/example_python_operator.py
[2024-04-01T06:53:03.594+0000] {logging_mixin.py:188} INFO - [2024-04-01T06:53:03.594+0000] {dag.py:3047} INFO - Sync 1 DAGs
[2024-04-01T06:53:03.601+0000] {logging_mixin.py:188} INFO - [2024-04-01T06:53:03.601+0000] {dag.py:3834} INFO - Setting next_dagrun for example_python_operator to None, run_after=None
[2024-04-01T06:53:03.611+0000] {processor.py:183} INFO - Processing /home/airflow/.local/lib/python3.8/site-packages/airflow/example_dags/example_python_operator.py took 0.045 seconds
[2024-04-01T06:53:33.775+0000] {processor.py:161} INFO - Started process (PID=717) to work on /home/airflow/.local/lib/python3.8/site-packages/airflow/example_dags/example_python_operator.py
[2024-04-01T06:53:33.777+0000] {processor.py:830} INFO - Processing file /home/airflow/.local/lib/python3.8/site-packages/airflow/example_dags/example_python_operator.py for tasks to queue
[2024-04-01T06:53:33.778+0000] {logging_mixin.py:188} INFO - [2024-04-01T06:53:33.778+0000] {dagbag.py:540} INFO - Filling up the DagBag from /home/airflow/.local/lib/python3.8/site-packages/airflow/example_dags/example_python_operator.py
[2024-04-01T06:53:33.785+0000] {processor.py:840} INFO - DAG(s) 'example_python_operator' retrieved from /home/airflow/.local/lib/python3.8/site-packages/airflow/example_dags/example_python_operator.py
[2024-04-01T06:53:33.800+0000] {logging_mixin.py:188} INFO - [2024-04-01T06:53:33.800+0000] {dag.py:3047} INFO - Sync 1 DAGs
[2024-04-01T06:53:33.809+0000] {logging_mixin.py:188} INFO - [2024-04-01T06:53:33.808+0000] {dag.py:3834} INFO - Setting next_dagrun for example_python_operator to None, run_after=None
[2024-04-01T06:53:33.820+0000] {processor.py:183} INFO - Processing /home/airflow/.local/lib/python3.8/site-packages/airflow/example_dags/example_python_operator.py took 0.048 seconds
[2024-04-01T06:54:04.688+0000] {processor.py:161} INFO - Started process (PID=772) to work on /home/airflow/.local/lib/python3.8/site-packages/airflow/example_dags/example_python_operator.py
[2024-04-01T06:54:04.689+0000] {processor.py:830} INFO - Processing file /home/airflow/.local/lib/python3.8/site-packages/airflow/example_dags/example_python_operator.py for tasks to queue
[2024-04-01T06:54:04.690+0000] {logging_mixin.py:188} INFO - [2024-04-01T06:54:04.690+0000] {dagbag.py:540} INFO - Filling up the DagBag from /home/airflow/.local/lib/python3.8/site-packages/airflow/example_dags/example_python_operator.py
[2024-04-01T06:54:04.696+0000] {processor.py:840} INFO - DAG(s) 'example_python_operator' retrieved from /home/airflow/.local/lib/python3.8/site-packages/airflow/example_dags/example_python_operator.py
[2024-04-01T06:54:04.708+0000] {logging_mixin.py:188} INFO - [2024-04-01T06:54:04.707+0000] {dag.py:3047} INFO - Sync 1 DAGs
[2024-04-01T06:54:04.714+0000] {logging_mixin.py:188} INFO - [2024-04-01T06:54:04.714+0000] {dag.py:3834} INFO - Setting next_dagrun for example_python_operator to None, run_after=None
[2024-04-01T06:54:04.723+0000] {processor.py:183} INFO - Processing /home/airflow/.local/lib/python3.8/site-packages/airflow/example_dags/example_python_operator.py took 0.036 seconds
[2024-04-01T06:54:35.357+0000] {processor.py:161} INFO - Started process (PID=827) to work on /home/airflow/.local/lib/python3.8/site-packages/airflow/example_dags/example_python_operator.py
[2024-04-01T06:54:35.357+0000] {processor.py:830} INFO - Processing file /home/airflow/.local/lib/python3.8/site-packages/airflow/example_dags/example_python_operator.py for tasks to queue
[2024-04-01T06:54:35.358+0000] {logging_mixin.py:188} INFO - [2024-04-01T06:54:35.358+0000] {dagbag.py:540} INFO - Filling up the DagBag from /home/airflow/.local/lib/python3.8/site-packages/airflow/example_dags/example_python_operator.py
[2024-04-01T06:54:35.365+0000] {processor.py:840} INFO - DAG(s) 'example_python_operator' retrieved from /home/airflow/.local/lib/python3.8/site-packages/airflow/example_dags/example_python_operator.py
[2024-04-01T06:54:35.377+0000] {logging_mixin.py:188} INFO - [2024-04-01T06:54:35.377+0000] {dag.py:3047} INFO - Sync 1 DAGs
[2024-04-01T06:54:35.384+0000] {logging_mixin.py:188} INFO - [2024-04-01T06:54:35.384+0000] {dag.py:3834} INFO - Setting next_dagrun for example_python_operator to None, run_after=None
[2024-04-01T06:54:35.394+0000] {processor.py:183} INFO - Processing /home/airflow/.local/lib/python3.8/site-packages/airflow/example_dags/example_python_operator.py took 0.039 seconds
[2024-04-01T06:55:06.066+0000] {processor.py:161} INFO - Started process (PID=882) to work on /home/airflow/.local/lib/python3.8/site-packages/airflow/example_dags/example_python_operator.py
[2024-04-01T06:55:06.067+0000] {processor.py:830} INFO - Processing file /home/airflow/.local/lib/python3.8/site-packages/airflow/example_dags/example_python_operator.py for tasks to queue
[2024-04-01T06:55:06.068+0000] {logging_mixin.py:188} INFO - [2024-04-01T06:55:06.067+0000] {dagbag.py:540} INFO - Filling up the DagBag from /home/airflow/.local/lib/python3.8/site-packages/airflow/example_dags/example_python_operator.py
[2024-04-01T06:55:06.075+0000] {processor.py:840} INFO - DAG(s) 'example_python_operator' retrieved from /home/airflow/.local/lib/python3.8/site-packages/airflow/example_dags/example_python_operator.py
[2024-04-01T06:55:06.088+0000] {logging_mixin.py:188} INFO - [2024-04-01T06:55:06.088+0000] {dag.py:3047} INFO - Sync 1 DAGs
[2024-04-01T06:55:06.095+0000] {logging_mixin.py:188} INFO - [2024-04-01T06:55:06.095+0000] {dag.py:3834} INFO - Setting next_dagrun for example_python_operator to None, run_after=None
[2024-04-01T06:55:06.105+0000] {processor.py:183} INFO - Processing /home/airflow/.local/lib/python3.8/site-packages/airflow/example_dags/example_python_operator.py took 0.041 seconds
[2024-04-01T06:55:36.822+0000] {processor.py:161} INFO - Started process (PID=937) to work on /home/airflow/.local/lib/python3.8/site-packages/airflow/example_dags/example_python_operator.py
[2024-04-01T06:55:36.823+0000] {processor.py:830} INFO - Processing file /home/airflow/.local/lib/python3.8/site-packages/airflow/example_dags/example_python_operator.py for tasks to queue
[2024-04-01T06:55:36.824+0000] {logging_mixin.py:188} INFO - [2024-04-01T06:55:36.824+0000] {dagbag.py:540} INFO - Filling up the DagBag from /home/airflow/.local/lib/python3.8/site-packages/airflow/example_dags/example_python_operator.py
[2024-04-01T06:55:36.830+0000] {processor.py:840} INFO - DAG(s) 'example_python_operator' retrieved from /home/airflow/.local/lib/python3.8/site-packages/airflow/example_dags/example_python_operator.py
[2024-04-01T06:55:36.843+0000] {logging_mixin.py:188} INFO - [2024-04-01T06:55:36.843+0000] {dag.py:3047} INFO - Sync 1 DAGs
[2024-04-01T06:55:36.849+0000] {logging_mixin.py:188} INFO - [2024-04-01T06:55:36.849+0000] {dag.py:3834} INFO - Setting next_dagrun for example_python_operator to None, run_after=None
[2024-04-01T06:55:36.858+0000] {processor.py:183} INFO - Processing /home/airflow/.local/lib/python3.8/site-packages/airflow/example_dags/example_python_operator.py took 0.038 seconds
[2024-04-01T06:56:07.549+0000] {processor.py:161} INFO - Started process (PID=992) to work on /home/airflow/.local/lib/python3.8/site-packages/airflow/example_dags/example_python_operator.py
[2024-04-01T06:56:07.550+0000] {processor.py:830} INFO - Processing file /home/airflow/.local/lib/python3.8/site-packages/airflow/example_dags/example_python_operator.py for tasks to queue
[2024-04-01T06:56:07.551+0000] {logging_mixin.py:188} INFO - [2024-04-01T06:56:07.551+0000] {dagbag.py:540} INFO - Filling up the DagBag from /home/airflow/.local/lib/python3.8/site-packages/airflow/example_dags/example_python_operator.py
[2024-04-01T06:56:07.558+0000] {processor.py:840} INFO - DAG(s) 'example_python_operator' retrieved from /home/airflow/.local/lib/python3.8/site-packages/airflow/example_dags/example_python_operator.py
[2024-04-01T06:56:07.572+0000] {logging_mixin.py:188} INFO - [2024-04-01T06:56:07.572+0000] {dag.py:3047} INFO - Sync 1 DAGs
[2024-04-01T06:56:07.580+0000] {logging_mixin.py:188} INFO - [2024-04-01T06:56:07.580+0000] {dag.py:3834} INFO - Setting next_dagrun for example_python_operator to None, run_after=None
[2024-04-01T06:56:07.589+0000] {processor.py:183} INFO - Processing /home/airflow/.local/lib/python3.8/site-packages/airflow/example_dags/example_python_operator.py took 0.042 seconds
[2024-04-01T06:56:38.352+0000] {processor.py:161} INFO - Started process (PID=1046) to work on /home/airflow/.local/lib/python3.8/site-packages/airflow/example_dags/example_python_operator.py
[2024-04-01T06:56:38.352+0000] {processor.py:830} INFO - Processing file /home/airflow/.local/lib/python3.8/site-packages/airflow/example_dags/example_python_operator.py for tasks to queue
[2024-04-01T06:56:38.354+0000] {logging_mixin.py:188} INFO - [2024-04-01T06:56:38.353+0000] {dagbag.py:540} INFO - Filling up the DagBag from /home/airflow/.local/lib/python3.8/site-packages/airflow/example_dags/example_python_operator.py
[2024-04-01T06:56:38.362+0000] {processor.py:840} INFO - DAG(s) 'example_python_operator' retrieved from /home/airflow/.local/lib/python3.8/site-packages/airflow/example_dags/example_python_operator.py
[2024-04-01T06:56:38.377+0000] {logging_mixin.py:188} INFO - [2024-04-01T06:56:38.376+0000] {dag.py:3047} INFO - Sync 1 DAGs
[2024-04-01T06:56:38.384+0000] {logging_mixin.py:188} INFO - [2024-04-01T06:56:38.384+0000] {dag.py:3834} INFO - Setting next_dagrun for example_python_operator to None, run_after=None
[2024-04-01T06:56:38.395+0000] {processor.py:183} INFO - Processing /home/airflow/.local/lib/python3.8/site-packages/airflow/example_dags/example_python_operator.py took 0.047 seconds
[2024-04-01T06:57:09.410+0000] {processor.py:161} INFO - Started process (PID=1101) to work on /home/airflow/.local/lib/python3.8/site-packages/airflow/example_dags/example_python_operator.py
[2024-04-01T06:57:09.411+0000] {processor.py:830} INFO - Processing file /home/airflow/.local/lib/python3.8/site-packages/airflow/example_dags/example_python_operator.py for tasks to queue
[2024-04-01T06:57:09.413+0000] {logging_mixin.py:188} INFO - [2024-04-01T06:57:09.413+0000] {dagbag.py:540} INFO - Filling up the DagBag from /home/airflow/.local/lib/python3.8/site-packages/airflow/example_dags/example_python_operator.py
[2024-04-01T06:57:09.421+0000] {processor.py:840} INFO - DAG(s) 'example_python_operator' retrieved from /home/airflow/.local/lib/python3.8/site-packages/airflow/example_dags/example_python_operator.py
[2024-04-01T06:57:09.439+0000] {logging_mixin.py:188} INFO - [2024-04-01T06:57:09.438+0000] {dag.py:3047} INFO - Sync 1 DAGs
[2024-04-01T06:57:09.449+0000] {logging_mixin.py:188} INFO - [2024-04-01T06:57:09.449+0000] {dag.py:3834} INFO - Setting next_dagrun for example_python_operator to None, run_after=None
[2024-04-01T06:57:09.465+0000] {processor.py:183} INFO - Processing /home/airflow/.local/lib/python3.8/site-packages/airflow/example_dags/example_python_operator.py took 0.057 seconds
[2024-04-01T06:57:40.179+0000] {processor.py:161} INFO - Started process (PID=1156) to work on /home/airflow/.local/lib/python3.8/site-packages/airflow/example_dags/example_python_operator.py
[2024-04-01T06:57:40.180+0000] {processor.py:830} INFO - Processing file /home/airflow/.local/lib/python3.8/site-packages/airflow/example_dags/example_python_operator.py for tasks to queue
[2024-04-01T06:57:40.181+0000] {logging_mixin.py:188} INFO - [2024-04-01T06:57:40.181+0000] {dagbag.py:540} INFO - Filling up the DagBag from /home/airflow/.local/lib/python3.8/site-packages/airflow/example_dags/example_python_operator.py
[2024-04-01T06:57:40.188+0000] {processor.py:840} INFO - DAG(s) 'example_python_operator' retrieved from /home/airflow/.local/lib/python3.8/site-packages/airflow/example_dags/example_python_operator.py
[2024-04-01T06:57:40.201+0000] {logging_mixin.py:188} INFO - [2024-04-01T06:57:40.201+0000] {dag.py:3047} INFO - Sync 1 DAGs
[2024-04-01T06:57:40.208+0000] {logging_mixin.py:188} INFO - [2024-04-01T06:57:40.208+0000] {dag.py:3834} INFO - Setting next_dagrun for example_python_operator to None, run_after=None
[2024-04-01T06:57:40.219+0000] {processor.py:183} INFO - Processing /home/airflow/.local/lib/python3.8/site-packages/airflow/example_dags/example_python_operator.py took 0.042 seconds
[2024-04-01T06:58:11.000+0000] {processor.py:161} INFO - Started process (PID=1211) to work on /home/airflow/.local/lib/python3.8/site-packages/airflow/example_dags/example_python_operator.py
[2024-04-01T06:58:11.001+0000] {processor.py:830} INFO - Processing file /home/airflow/.local/lib/python3.8/site-packages/airflow/example_dags/example_python_operator.py for tasks to queue
[2024-04-01T06:58:11.002+0000] {logging_mixin.py:188} INFO - [2024-04-01T06:58:11.002+0000] {dagbag.py:540} INFO - Filling up the DagBag from /home/airflow/.local/lib/python3.8/site-packages/airflow/example_dags/example_python_operator.py
[2024-04-01T06:58:11.009+0000] {processor.py:840} INFO - DAG(s) 'example_python_operator' retrieved from /home/airflow/.local/lib/python3.8/site-packages/airflow/example_dags/example_python_operator.py
[2024-04-01T06:58:11.025+0000] {logging_mixin.py:188} INFO - [2024-04-01T06:58:11.024+0000] {dag.py:3047} INFO - Sync 1 DAGs
[2024-04-01T06:58:11.034+0000] {logging_mixin.py:188} INFO - [2024-04-01T06:58:11.033+0000] {dag.py:3834} INFO - Setting next_dagrun for example_python_operator to None, run_after=None
[2024-04-01T06:58:11.046+0000] {processor.py:183} INFO - Processing /home/airflow/.local/lib/python3.8/site-packages/airflow/example_dags/example_python_operator.py took 0.049 seconds
[2024-04-01T06:58:41.106+0000] {processor.py:161} INFO - Started process (PID=1266) to work on /home/airflow/.local/lib/python3.8/site-packages/airflow/example_dags/example_python_operator.py
[2024-04-01T06:58:41.107+0000] {processor.py:830} INFO - Processing file /home/airflow/.local/lib/python3.8/site-packages/airflow/example_dags/example_python_operator.py for tasks to queue
[2024-04-01T06:58:41.108+0000] {logging_mixin.py:188} INFO - [2024-04-01T06:58:41.107+0000] {dagbag.py:540} INFO - Filling up the DagBag from /home/airflow/.local/lib/python3.8/site-packages/airflow/example_dags/example_python_operator.py
[2024-04-01T06:58:41.114+0000] {processor.py:840} INFO - DAG(s) 'example_python_operator' retrieved from /home/airflow/.local/lib/python3.8/site-packages/airflow/example_dags/example_python_operator.py
[2024-04-01T06:58:41.127+0000] {logging_mixin.py:188} INFO - [2024-04-01T06:58:41.127+0000] {dag.py:3047} INFO - Sync 1 DAGs
[2024-04-01T06:58:41.134+0000] {logging_mixin.py:188} INFO - [2024-04-01T06:58:41.134+0000] {dag.py:3834} INFO - Setting next_dagrun for example_python_operator to None, run_after=None
[2024-04-01T06:58:41.144+0000] {processor.py:183} INFO - Processing /home/airflow/.local/lib/python3.8/site-packages/airflow/example_dags/example_python_operator.py took 0.040 seconds
[2024-04-01T06:59:11.765+0000] {processor.py:161} INFO - Started process (PID=1321) to work on /home/airflow/.local/lib/python3.8/site-packages/airflow/example_dags/example_python_operator.py
[2024-04-01T06:59:11.766+0000] {processor.py:830} INFO - Processing file /home/airflow/.local/lib/python3.8/site-packages/airflow/example_dags/example_python_operator.py for tasks to queue
[2024-04-01T06:59:11.767+0000] {logging_mixin.py:188} INFO - [2024-04-01T06:59:11.767+0000] {dagbag.py:540} INFO - Filling up the DagBag from /home/airflow/.local/lib/python3.8/site-packages/airflow/example_dags/example_python_operator.py
[2024-04-01T06:59:11.773+0000] {processor.py:840} INFO - DAG(s) 'example_python_operator' retrieved from /home/airflow/.local/lib/python3.8/site-packages/airflow/example_dags/example_python_operator.py
[2024-04-01T06:59:11.786+0000] {logging_mixin.py:188} INFO - [2024-04-01T06:59:11.786+0000] {dag.py:3047} INFO - Sync 1 DAGs
[2024-04-01T06:59:11.793+0000] {logging_mixin.py:188} INFO - [2024-04-01T06:59:11.793+0000] {dag.py:3834} INFO - Setting next_dagrun for example_python_operator to None, run_after=None
[2024-04-01T06:59:11.803+0000] {processor.py:183} INFO - Processing /home/airflow/.local/lib/python3.8/site-packages/airflow/example_dags/example_python_operator.py took 0.040 seconds
[2024-04-01T06:59:42.501+0000] {processor.py:161} INFO - Started process (PID=1376) to work on /home/airflow/.local/lib/python3.8/site-packages/airflow/example_dags/example_python_operator.py
[2024-04-01T06:59:42.502+0000] {processor.py:830} INFO - Processing file /home/airflow/.local/lib/python3.8/site-packages/airflow/example_dags/example_python_operator.py for tasks to queue
[2024-04-01T06:59:42.504+0000] {logging_mixin.py:188} INFO - [2024-04-01T06:59:42.503+0000] {dagbag.py:540} INFO - Filling up the DagBag from /home/airflow/.local/lib/python3.8/site-packages/airflow/example_dags/example_python_operator.py
[2024-04-01T06:59:42.511+0000] {processor.py:840} INFO - DAG(s) 'example_python_operator' retrieved from /home/airflow/.local/lib/python3.8/site-packages/airflow/example_dags/example_python_operator.py
[2024-04-01T06:59:42.527+0000] {logging_mixin.py:188} INFO - [2024-04-01T06:59:42.527+0000] {dag.py:3047} INFO - Sync 1 DAGs
[2024-04-01T06:59:42.535+0000] {logging_mixin.py:188} INFO - [2024-04-01T06:59:42.535+0000] {dag.py:3834} INFO - Setting next_dagrun for example_python_operator to None, run_after=None
[2024-04-01T06:59:42.548+0000] {processor.py:183} INFO - Processing /home/airflow/.local/lib/python3.8/site-packages/airflow/example_dags/example_python_operator.py took 0.049 seconds
[2024-04-01T07:00:12.592+0000] {processor.py:161} INFO - Started process (PID=1431) to work on /home/airflow/.local/lib/python3.8/site-packages/airflow/example_dags/example_python_operator.py
[2024-04-01T07:00:12.592+0000] {processor.py:830} INFO - Processing file /home/airflow/.local/lib/python3.8/site-packages/airflow/example_dags/example_python_operator.py for tasks to queue
[2024-04-01T07:00:12.594+0000] {logging_mixin.py:188} INFO - [2024-04-01T07:00:12.593+0000] {dagbag.py:540} INFO - Filling up the DagBag from /home/airflow/.local/lib/python3.8/site-packages/airflow/example_dags/example_python_operator.py
[2024-04-01T07:00:12.600+0000] {processor.py:840} INFO - DAG(s) 'example_python_operator' retrieved from /home/airflow/.local/lib/python3.8/site-packages/airflow/example_dags/example_python_operator.py
[2024-04-01T07:00:12.612+0000] {logging_mixin.py:188} INFO - [2024-04-01T07:00:12.612+0000] {dag.py:3047} INFO - Sync 1 DAGs
[2024-04-01T07:00:12.619+0000] {logging_mixin.py:188} INFO - [2024-04-01T07:00:12.619+0000] {dag.py:3834} INFO - Setting next_dagrun for example_python_operator to None, run_after=None
[2024-04-01T07:00:12.628+0000] {processor.py:183} INFO - Processing /home/airflow/.local/lib/python3.8/site-packages/airflow/example_dags/example_python_operator.py took 0.038 seconds
[2024-04-01T07:00:43.068+0000] {processor.py:161} INFO - Started process (PID=1486) to work on /home/airflow/.local/lib/python3.8/site-packages/airflow/example_dags/example_python_operator.py
[2024-04-01T07:00:43.069+0000] {processor.py:830} INFO - Processing file /home/airflow/.local/lib/python3.8/site-packages/airflow/example_dags/example_python_operator.py for tasks to queue
[2024-04-01T07:00:43.070+0000] {logging_mixin.py:188} INFO - [2024-04-01T07:00:43.069+0000] {dagbag.py:540} INFO - Filling up the DagBag from /home/airflow/.local/lib/python3.8/site-packages/airflow/example_dags/example_python_operator.py
[2024-04-01T07:00:43.076+0000] {processor.py:840} INFO - DAG(s) 'example_python_operator' retrieved from /home/airflow/.local/lib/python3.8/site-packages/airflow/example_dags/example_python_operator.py
[2024-04-01T07:00:43.088+0000] {logging_mixin.py:188} INFO - [2024-04-01T07:00:43.088+0000] {dag.py:3047} INFO - Sync 1 DAGs
[2024-04-01T07:00:43.094+0000] {logging_mixin.py:188} INFO - [2024-04-01T07:00:43.094+0000] {dag.py:3834} INFO - Setting next_dagrun for example_python_operator to None, run_after=None
[2024-04-01T07:00:43.104+0000] {processor.py:183} INFO - Processing /home/airflow/.local/lib/python3.8/site-packages/airflow/example_dags/example_python_operator.py took 0.038 seconds
[2024-04-01T07:01:37.117+0000] {processor.py:161} INFO - Started process (PID=57) to work on /home/airflow/.local/lib/python3.8/site-packages/airflow/example_dags/example_python_operator.py
[2024-04-01T07:01:37.118+0000] {processor.py:830} INFO - Processing file /home/airflow/.local/lib/python3.8/site-packages/airflow/example_dags/example_python_operator.py for tasks to queue
[2024-04-01T07:01:37.120+0000] {logging_mixin.py:188} INFO - [2024-04-01T07:01:37.120+0000] {dagbag.py:540} INFO - Filling up the DagBag from /home/airflow/.local/lib/python3.8/site-packages/airflow/example_dags/example_python_operator.py
[2024-04-01T07:01:37.131+0000] {processor.py:840} INFO - DAG(s) 'example_python_operator' retrieved from /home/airflow/.local/lib/python3.8/site-packages/airflow/example_dags/example_python_operator.py
[2024-04-01T07:01:37.139+0000] {logging_mixin.py:188} INFO - [2024-04-01T07:01:37.139+0000] {dag.py:3047} INFO - Sync 1 DAGs
[2024-04-01T07:01:37.149+0000] {logging_mixin.py:188} INFO - [2024-04-01T07:01:37.149+0000] {dag.py:3834} INFO - Setting next_dagrun for example_python_operator to None, run_after=None
[2024-04-01T07:01:37.160+0000] {processor.py:183} INFO - Processing /home/airflow/.local/lib/python3.8/site-packages/airflow/example_dags/example_python_operator.py took 0.046 seconds
[2024-04-01T07:02:07.675+0000] {processor.py:161} INFO - Started process (PID=112) to work on /home/airflow/.local/lib/python3.8/site-packages/airflow/example_dags/example_python_operator.py
[2024-04-01T07:02:07.676+0000] {processor.py:830} INFO - Processing file /home/airflow/.local/lib/python3.8/site-packages/airflow/example_dags/example_python_operator.py for tasks to queue
[2024-04-01T07:02:07.677+0000] {logging_mixin.py:188} INFO - [2024-04-01T07:02:07.677+0000] {dagbag.py:540} INFO - Filling up the DagBag from /home/airflow/.local/lib/python3.8/site-packages/airflow/example_dags/example_python_operator.py
[2024-04-01T07:02:07.684+0000] {processor.py:840} INFO - DAG(s) 'example_python_operator' retrieved from /home/airflow/.local/lib/python3.8/site-packages/airflow/example_dags/example_python_operator.py
[2024-04-01T07:02:07.738+0000] {logging_mixin.py:188} INFO - [2024-04-01T07:02:07.738+0000] {dag.py:3047} INFO - Sync 1 DAGs
[2024-04-01T07:02:07.744+0000] {logging_mixin.py:188} INFO - [2024-04-01T07:02:07.744+0000] {dag.py:3834} INFO - Setting next_dagrun for example_python_operator to None, run_after=None
[2024-04-01T07:02:07.753+0000] {processor.py:183} INFO - Processing /home/airflow/.local/lib/python3.8/site-packages/airflow/example_dags/example_python_operator.py took 0.081 seconds
[2024-04-01T07:02:38.349+0000] {processor.py:161} INFO - Started process (PID=166) to work on /home/airflow/.local/lib/python3.8/site-packages/airflow/example_dags/example_python_operator.py
[2024-04-01T07:02:38.350+0000] {processor.py:830} INFO - Processing file /home/airflow/.local/lib/python3.8/site-packages/airflow/example_dags/example_python_operator.py for tasks to queue
[2024-04-01T07:02:38.351+0000] {logging_mixin.py:188} INFO - [2024-04-01T07:02:38.351+0000] {dagbag.py:540} INFO - Filling up the DagBag from /home/airflow/.local/lib/python3.8/site-packages/airflow/example_dags/example_python_operator.py
[2024-04-01T07:02:38.359+0000] {processor.py:840} INFO - DAG(s) 'example_python_operator' retrieved from /home/airflow/.local/lib/python3.8/site-packages/airflow/example_dags/example_python_operator.py
[2024-04-01T07:02:38.374+0000] {logging_mixin.py:188} INFO - [2024-04-01T07:02:38.374+0000] {dag.py:3047} INFO - Sync 1 DAGs
[2024-04-01T07:02:38.383+0000] {logging_mixin.py:188} INFO - [2024-04-01T07:02:38.382+0000] {dag.py:3834} INFO - Setting next_dagrun for example_python_operator to None, run_after=None
[2024-04-01T07:02:38.393+0000] {processor.py:183} INFO - Processing /home/airflow/.local/lib/python3.8/site-packages/airflow/example_dags/example_python_operator.py took 0.047 seconds
[2024-04-01T07:03:08.461+0000] {processor.py:161} INFO - Started process (PID=221) to work on /home/airflow/.local/lib/python3.8/site-packages/airflow/example_dags/example_python_operator.py
[2024-04-01T07:03:08.462+0000] {processor.py:830} INFO - Processing file /home/airflow/.local/lib/python3.8/site-packages/airflow/example_dags/example_python_operator.py for tasks to queue
[2024-04-01T07:03:08.463+0000] {logging_mixin.py:188} INFO - [2024-04-01T07:03:08.463+0000] {dagbag.py:540} INFO - Filling up the DagBag from /home/airflow/.local/lib/python3.8/site-packages/airflow/example_dags/example_python_operator.py
[2024-04-01T07:03:08.469+0000] {processor.py:840} INFO - DAG(s) 'example_python_operator' retrieved from /home/airflow/.local/lib/python3.8/site-packages/airflow/example_dags/example_python_operator.py
[2024-04-01T07:03:08.482+0000] {logging_mixin.py:188} INFO - [2024-04-01T07:03:08.482+0000] {dag.py:3047} INFO - Sync 1 DAGs
[2024-04-01T07:03:08.488+0000] {logging_mixin.py:188} INFO - [2024-04-01T07:03:08.488+0000] {dag.py:3834} INFO - Setting next_dagrun for example_python_operator to None, run_after=None
[2024-04-01T07:03:08.499+0000] {processor.py:183} INFO - Processing /home/airflow/.local/lib/python3.8/site-packages/airflow/example_dags/example_python_operator.py took 0.040 seconds
[2024-04-01T07:03:38.555+0000] {processor.py:161} INFO - Started process (PID=276) to work on /home/airflow/.local/lib/python3.8/site-packages/airflow/example_dags/example_python_operator.py
[2024-04-01T07:03:38.556+0000] {processor.py:830} INFO - Processing file /home/airflow/.local/lib/python3.8/site-packages/airflow/example_dags/example_python_operator.py for tasks to queue
[2024-04-01T07:03:38.557+0000] {logging_mixin.py:188} INFO - [2024-04-01T07:03:38.557+0000] {dagbag.py:540} INFO - Filling up the DagBag from /home/airflow/.local/lib/python3.8/site-packages/airflow/example_dags/example_python_operator.py
[2024-04-01T07:03:38.565+0000] {processor.py:840} INFO - DAG(s) 'example_python_operator' retrieved from /home/airflow/.local/lib/python3.8/site-packages/airflow/example_dags/example_python_operator.py
[2024-04-01T07:03:38.578+0000] {logging_mixin.py:188} INFO - [2024-04-01T07:03:38.578+0000] {dag.py:3047} INFO - Sync 1 DAGs
[2024-04-01T07:03:38.586+0000] {logging_mixin.py:188} INFO - [2024-04-01T07:03:38.586+0000] {dag.py:3834} INFO - Setting next_dagrun for example_python_operator to None, run_after=None
[2024-04-01T07:03:38.598+0000] {processor.py:183} INFO - Processing /home/airflow/.local/lib/python3.8/site-packages/airflow/example_dags/example_python_operator.py took 0.045 seconds
[2024-04-01T07:04:08.664+0000] {processor.py:161} INFO - Started process (PID=331) to work on /home/airflow/.local/lib/python3.8/site-packages/airflow/example_dags/example_python_operator.py
[2024-04-01T07:04:08.665+0000] {processor.py:830} INFO - Processing file /home/airflow/.local/lib/python3.8/site-packages/airflow/example_dags/example_python_operator.py for tasks to queue
[2024-04-01T07:04:08.666+0000] {logging_mixin.py:188} INFO - [2024-04-01T07:04:08.666+0000] {dagbag.py:540} INFO - Filling up the DagBag from /home/airflow/.local/lib/python3.8/site-packages/airflow/example_dags/example_python_operator.py
[2024-04-01T07:04:08.674+0000] {processor.py:840} INFO - DAG(s) 'example_python_operator' retrieved from /home/airflow/.local/lib/python3.8/site-packages/airflow/example_dags/example_python_operator.py
[2024-04-01T07:04:08.687+0000] {logging_mixin.py:188} INFO - [2024-04-01T07:04:08.687+0000] {dag.py:3047} INFO - Sync 1 DAGs
[2024-04-01T07:04:08.695+0000] {logging_mixin.py:188} INFO - [2024-04-01T07:04:08.694+0000] {dag.py:3834} INFO - Setting next_dagrun for example_python_operator to None, run_after=None
[2024-04-01T07:04:08.705+0000] {processor.py:183} INFO - Processing /home/airflow/.local/lib/python3.8/site-packages/airflow/example_dags/example_python_operator.py took 0.043 seconds
[2024-04-01T07:04:38.791+0000] {processor.py:161} INFO - Started process (PID=386) to work on /home/airflow/.local/lib/python3.8/site-packages/airflow/example_dags/example_python_operator.py
[2024-04-01T07:04:38.792+0000] {processor.py:830} INFO - Processing file /home/airflow/.local/lib/python3.8/site-packages/airflow/example_dags/example_python_operator.py for tasks to queue
[2024-04-01T07:04:38.793+0000] {logging_mixin.py:188} INFO - [2024-04-01T07:04:38.793+0000] {dagbag.py:540} INFO - Filling up the DagBag from /home/airflow/.local/lib/python3.8/site-packages/airflow/example_dags/example_python_operator.py
[2024-04-01T07:04:38.802+0000] {processor.py:840} INFO - DAG(s) 'example_python_operator' retrieved from /home/airflow/.local/lib/python3.8/site-packages/airflow/example_dags/example_python_operator.py
[2024-04-01T07:04:38.818+0000] {logging_mixin.py:188} INFO - [2024-04-01T07:04:38.818+0000] {dag.py:3047} INFO - Sync 1 DAGs
[2024-04-01T07:04:38.826+0000] {logging_mixin.py:188} INFO - [2024-04-01T07:04:38.826+0000] {dag.py:3834} INFO - Setting next_dagrun for example_python_operator to None, run_after=None
[2024-04-01T07:04:38.838+0000] {processor.py:183} INFO - Processing /home/airflow/.local/lib/python3.8/site-packages/airflow/example_dags/example_python_operator.py took 0.049 seconds
[2024-04-01T07:05:09.083+0000] {processor.py:161} INFO - Started process (PID=441) to work on /home/airflow/.local/lib/python3.8/site-packages/airflow/example_dags/example_python_operator.py
[2024-04-01T07:05:09.084+0000] {processor.py:830} INFO - Processing file /home/airflow/.local/lib/python3.8/site-packages/airflow/example_dags/example_python_operator.py for tasks to queue
[2024-04-01T07:05:09.086+0000] {logging_mixin.py:188} INFO - [2024-04-01T07:05:09.086+0000] {dagbag.py:540} INFO - Filling up the DagBag from /home/airflow/.local/lib/python3.8/site-packages/airflow/example_dags/example_python_operator.py
[2024-04-01T07:05:09.095+0000] {processor.py:840} INFO - DAG(s) 'example_python_operator' retrieved from /home/airflow/.local/lib/python3.8/site-packages/airflow/example_dags/example_python_operator.py
[2024-04-01T07:05:09.113+0000] {logging_mixin.py:188} INFO - [2024-04-01T07:05:09.113+0000] {dag.py:3047} INFO - Sync 1 DAGs
[2024-04-01T07:05:09.122+0000] {logging_mixin.py:188} INFO - [2024-04-01T07:05:09.122+0000] {dag.py:3834} INFO - Setting next_dagrun for example_python_operator to None, run_after=None
[2024-04-01T07:05:09.133+0000] {processor.py:183} INFO - Processing /home/airflow/.local/lib/python3.8/site-packages/airflow/example_dags/example_python_operator.py took 0.053 seconds
[2024-04-01T07:05:39.150+0000] {processor.py:161} INFO - Started process (PID=496) to work on /home/airflow/.local/lib/python3.8/site-packages/airflow/example_dags/example_python_operator.py
[2024-04-01T07:05:39.150+0000] {processor.py:830} INFO - Processing file /home/airflow/.local/lib/python3.8/site-packages/airflow/example_dags/example_python_operator.py for tasks to queue
[2024-04-01T07:05:39.151+0000] {logging_mixin.py:188} INFO - [2024-04-01T07:05:39.151+0000] {dagbag.py:540} INFO - Filling up the DagBag from /home/airflow/.local/lib/python3.8/site-packages/airflow/example_dags/example_python_operator.py
[2024-04-01T07:05:39.162+0000] {processor.py:840} INFO - DAG(s) 'example_python_operator' retrieved from /home/airflow/.local/lib/python3.8/site-packages/airflow/example_dags/example_python_operator.py
[2024-04-01T07:05:39.174+0000] {logging_mixin.py:188} INFO - [2024-04-01T07:05:39.174+0000] {dag.py:3047} INFO - Sync 1 DAGs
[2024-04-01T07:05:39.181+0000] {logging_mixin.py:188} INFO - [2024-04-01T07:05:39.181+0000] {dag.py:3834} INFO - Setting next_dagrun for example_python_operator to None, run_after=None
[2024-04-01T07:05:39.190+0000] {processor.py:183} INFO - Processing /home/airflow/.local/lib/python3.8/site-packages/airflow/example_dags/example_python_operator.py took 0.043 seconds
[2024-04-01T07:06:09.342+0000] {processor.py:161} INFO - Started process (PID=550) to work on /home/airflow/.local/lib/python3.8/site-packages/airflow/example_dags/example_python_operator.py
[2024-04-01T07:06:09.342+0000] {processor.py:830} INFO - Processing file /home/airflow/.local/lib/python3.8/site-packages/airflow/example_dags/example_python_operator.py for tasks to queue
[2024-04-01T07:06:09.343+0000] {logging_mixin.py:188} INFO - [2024-04-01T07:06:09.343+0000] {dagbag.py:540} INFO - Filling up the DagBag from /home/airflow/.local/lib/python3.8/site-packages/airflow/example_dags/example_python_operator.py
[2024-04-01T07:06:09.350+0000] {processor.py:840} INFO - DAG(s) 'example_python_operator' retrieved from /home/airflow/.local/lib/python3.8/site-packages/airflow/example_dags/example_python_operator.py
[2024-04-01T07:06:09.362+0000] {logging_mixin.py:188} INFO - [2024-04-01T07:06:09.361+0000] {dag.py:3047} INFO - Sync 1 DAGs
[2024-04-01T07:06:09.369+0000] {logging_mixin.py:188} INFO - [2024-04-01T07:06:09.369+0000] {dag.py:3834} INFO - Setting next_dagrun for example_python_operator to None, run_after=None
[2024-04-01T07:06:09.383+0000] {processor.py:183} INFO - Processing /home/airflow/.local/lib/python3.8/site-packages/airflow/example_dags/example_python_operator.py took 0.043 seconds
[2024-04-01T07:06:39.730+0000] {processor.py:161} INFO - Started process (PID=606) to work on /home/airflow/.local/lib/python3.8/site-packages/airflow/example_dags/example_python_operator.py
[2024-04-01T07:06:39.731+0000] {processor.py:830} INFO - Processing file /home/airflow/.local/lib/python3.8/site-packages/airflow/example_dags/example_python_operator.py for tasks to queue
[2024-04-01T07:06:39.734+0000] {logging_mixin.py:188} INFO - [2024-04-01T07:06:39.733+0000] {dagbag.py:540} INFO - Filling up the DagBag from /home/airflow/.local/lib/python3.8/site-packages/airflow/example_dags/example_python_operator.py
[2024-04-01T07:06:39.744+0000] {processor.py:840} INFO - DAG(s) 'example_python_operator' retrieved from /home/airflow/.local/lib/python3.8/site-packages/airflow/example_dags/example_python_operator.py
[2024-04-01T07:06:39.774+0000] {logging_mixin.py:188} INFO - [2024-04-01T07:06:39.771+0000] {dag.py:3047} INFO - Sync 1 DAGs
[2024-04-01T07:06:39.806+0000] {logging_mixin.py:188} INFO - [2024-04-01T07:06:39.806+0000] {dag.py:3834} INFO - Setting next_dagrun for example_python_operator to None, run_after=None
[2024-04-01T07:06:39.824+0000] {processor.py:183} INFO - Processing /home/airflow/.local/lib/python3.8/site-packages/airflow/example_dags/example_python_operator.py took 0.099 seconds
[2024-04-01T07:07:09.853+0000] {processor.py:161} INFO - Started process (PID=661) to work on /home/airflow/.local/lib/python3.8/site-packages/airflow/example_dags/example_python_operator.py
[2024-04-01T07:07:09.854+0000] {processor.py:830} INFO - Processing file /home/airflow/.local/lib/python3.8/site-packages/airflow/example_dags/example_python_operator.py for tasks to queue
[2024-04-01T07:07:09.856+0000] {logging_mixin.py:188} INFO - [2024-04-01T07:07:09.855+0000] {dagbag.py:540} INFO - Filling up the DagBag from /home/airflow/.local/lib/python3.8/site-packages/airflow/example_dags/example_python_operator.py
[2024-04-01T07:07:09.864+0000] {processor.py:840} INFO - DAG(s) 'example_python_operator' retrieved from /home/airflow/.local/lib/python3.8/site-packages/airflow/example_dags/example_python_operator.py
[2024-04-01T07:07:09.879+0000] {logging_mixin.py:188} INFO - [2024-04-01T07:07:09.879+0000] {dag.py:3047} INFO - Sync 1 DAGs
[2024-04-01T07:07:09.888+0000] {logging_mixin.py:188} INFO - [2024-04-01T07:07:09.887+0000] {dag.py:3834} INFO - Setting next_dagrun for example_python_operator to None, run_after=None
[2024-04-01T07:07:09.898+0000] {processor.py:183} INFO - Processing /home/airflow/.local/lib/python3.8/site-packages/airflow/example_dags/example_python_operator.py took 0.047 seconds
[2024-04-01T07:07:40.070+0000] {processor.py:161} INFO - Started process (PID=716) to work on /home/airflow/.local/lib/python3.8/site-packages/airflow/example_dags/example_python_operator.py
[2024-04-01T07:07:40.071+0000] {processor.py:830} INFO - Processing file /home/airflow/.local/lib/python3.8/site-packages/airflow/example_dags/example_python_operator.py for tasks to queue
[2024-04-01T07:07:40.073+0000] {logging_mixin.py:188} INFO - [2024-04-01T07:07:40.072+0000] {dagbag.py:540} INFO - Filling up the DagBag from /home/airflow/.local/lib/python3.8/site-packages/airflow/example_dags/example_python_operator.py
[2024-04-01T07:07:40.081+0000] {processor.py:840} INFO - DAG(s) 'example_python_operator' retrieved from /home/airflow/.local/lib/python3.8/site-packages/airflow/example_dags/example_python_operator.py
[2024-04-01T07:07:40.097+0000] {logging_mixin.py:188} INFO - [2024-04-01T07:07:40.097+0000] {dag.py:3047} INFO - Sync 1 DAGs
[2024-04-01T07:07:40.105+0000] {logging_mixin.py:188} INFO - [2024-04-01T07:07:40.105+0000] {dag.py:3834} INFO - Setting next_dagrun for example_python_operator to None, run_after=None
[2024-04-01T07:07:40.116+0000] {processor.py:183} INFO - Processing /home/airflow/.local/lib/python3.8/site-packages/airflow/example_dags/example_python_operator.py took 0.049 seconds
[2024-04-01T07:08:10.267+0000] {processor.py:161} INFO - Started process (PID=771) to work on /home/airflow/.local/lib/python3.8/site-packages/airflow/example_dags/example_python_operator.py
[2024-04-01T07:08:10.268+0000] {processor.py:830} INFO - Processing file /home/airflow/.local/lib/python3.8/site-packages/airflow/example_dags/example_python_operator.py for tasks to queue
[2024-04-01T07:08:10.269+0000] {logging_mixin.py:188} INFO - [2024-04-01T07:08:10.269+0000] {dagbag.py:540} INFO - Filling up the DagBag from /home/airflow/.local/lib/python3.8/site-packages/airflow/example_dags/example_python_operator.py
[2024-04-01T07:08:10.276+0000] {processor.py:840} INFO - DAG(s) 'example_python_operator' retrieved from /home/airflow/.local/lib/python3.8/site-packages/airflow/example_dags/example_python_operator.py
[2024-04-01T07:08:10.288+0000] {logging_mixin.py:188} INFO - [2024-04-01T07:08:10.288+0000] {dag.py:3047} INFO - Sync 1 DAGs
[2024-04-01T07:08:10.295+0000] {logging_mixin.py:188} INFO - [2024-04-01T07:08:10.294+0000] {dag.py:3834} INFO - Setting next_dagrun for example_python_operator to None, run_after=None
[2024-04-01T07:08:10.303+0000] {processor.py:183} INFO - Processing /home/airflow/.local/lib/python3.8/site-packages/airflow/example_dags/example_python_operator.py took 0.038 seconds
[2024-04-01T07:08:41.086+0000] {processor.py:161} INFO - Started process (PID=826) to work on /home/airflow/.local/lib/python3.8/site-packages/airflow/example_dags/example_python_operator.py
[2024-04-01T07:08:41.087+0000] {processor.py:830} INFO - Processing file /home/airflow/.local/lib/python3.8/site-packages/airflow/example_dags/example_python_operator.py for tasks to queue
[2024-04-01T07:08:41.088+0000] {logging_mixin.py:188} INFO - [2024-04-01T07:08:41.088+0000] {dagbag.py:540} INFO - Filling up the DagBag from /home/airflow/.local/lib/python3.8/site-packages/airflow/example_dags/example_python_operator.py
[2024-04-01T07:08:41.095+0000] {processor.py:840} INFO - DAG(s) 'example_python_operator' retrieved from /home/airflow/.local/lib/python3.8/site-packages/airflow/example_dags/example_python_operator.py
[2024-04-01T07:08:41.108+0000] {logging_mixin.py:188} INFO - [2024-04-01T07:08:41.107+0000] {dag.py:3047} INFO - Sync 1 DAGs
[2024-04-01T07:08:41.114+0000] {logging_mixin.py:188} INFO - [2024-04-01T07:08:41.114+0000] {dag.py:3834} INFO - Setting next_dagrun for example_python_operator to None, run_after=None
[2024-04-01T07:08:41.124+0000] {processor.py:183} INFO - Processing /home/airflow/.local/lib/python3.8/site-packages/airflow/example_dags/example_python_operator.py took 0.040 seconds
[2024-04-01T07:09:11.296+0000] {processor.py:161} INFO - Started process (PID=881) to work on /home/airflow/.local/lib/python3.8/site-packages/airflow/example_dags/example_python_operator.py
[2024-04-01T07:09:11.297+0000] {processor.py:830} INFO - Processing file /home/airflow/.local/lib/python3.8/site-packages/airflow/example_dags/example_python_operator.py for tasks to queue
[2024-04-01T07:09:11.298+0000] {logging_mixin.py:188} INFO - [2024-04-01T07:09:11.298+0000] {dagbag.py:540} INFO - Filling up the DagBag from /home/airflow/.local/lib/python3.8/site-packages/airflow/example_dags/example_python_operator.py
[2024-04-01T07:09:11.306+0000] {processor.py:840} INFO - DAG(s) 'example_python_operator' retrieved from /home/airflow/.local/lib/python3.8/site-packages/airflow/example_dags/example_python_operator.py
[2024-04-01T07:09:11.321+0000] {logging_mixin.py:188} INFO - [2024-04-01T07:09:11.320+0000] {dag.py:3047} INFO - Sync 1 DAGs
[2024-04-01T07:09:11.328+0000] {logging_mixin.py:188} INFO - [2024-04-01T07:09:11.328+0000] {dag.py:3834} INFO - Setting next_dagrun for example_python_operator to None, run_after=None
[2024-04-01T07:09:11.338+0000] {processor.py:183} INFO - Processing /home/airflow/.local/lib/python3.8/site-packages/airflow/example_dags/example_python_operator.py took 0.045 seconds
[2024-04-01T07:09:42.252+0000] {processor.py:161} INFO - Started process (PID=936) to work on /home/airflow/.local/lib/python3.8/site-packages/airflow/example_dags/example_python_operator.py
[2024-04-01T07:09:42.253+0000] {processor.py:830} INFO - Processing file /home/airflow/.local/lib/python3.8/site-packages/airflow/example_dags/example_python_operator.py for tasks to queue
[2024-04-01T07:09:42.254+0000] {logging_mixin.py:188} INFO - [2024-04-01T07:09:42.254+0000] {dagbag.py:540} INFO - Filling up the DagBag from /home/airflow/.local/lib/python3.8/site-packages/airflow/example_dags/example_python_operator.py
[2024-04-01T07:09:42.260+0000] {processor.py:840} INFO - DAG(s) 'example_python_operator' retrieved from /home/airflow/.local/lib/python3.8/site-packages/airflow/example_dags/example_python_operator.py
[2024-04-01T07:09:42.274+0000] {logging_mixin.py:188} INFO - [2024-04-01T07:09:42.273+0000] {dag.py:3047} INFO - Sync 1 DAGs
[2024-04-01T07:09:42.280+0000] {logging_mixin.py:188} INFO - [2024-04-01T07:09:42.280+0000] {dag.py:3834} INFO - Setting next_dagrun for example_python_operator to None, run_after=None
[2024-04-01T07:09:42.289+0000] {processor.py:183} INFO - Processing /home/airflow/.local/lib/python3.8/site-packages/airflow/example_dags/example_python_operator.py took 0.039 seconds
[2024-04-01T07:10:13.124+0000] {processor.py:161} INFO - Started process (PID=991) to work on /home/airflow/.local/lib/python3.8/site-packages/airflow/example_dags/example_python_operator.py
[2024-04-01T07:10:13.125+0000] {processor.py:830} INFO - Processing file /home/airflow/.local/lib/python3.8/site-packages/airflow/example_dags/example_python_operator.py for tasks to queue
[2024-04-01T07:10:13.127+0000] {logging_mixin.py:188} INFO - [2024-04-01T07:10:13.126+0000] {dagbag.py:540} INFO - Filling up the DagBag from /home/airflow/.local/lib/python3.8/site-packages/airflow/example_dags/example_python_operator.py
[2024-04-01T07:10:13.134+0000] {processor.py:840} INFO - DAG(s) 'example_python_operator' retrieved from /home/airflow/.local/lib/python3.8/site-packages/airflow/example_dags/example_python_operator.py
[2024-04-01T07:10:13.149+0000] {logging_mixin.py:188} INFO - [2024-04-01T07:10:13.149+0000] {dag.py:3047} INFO - Sync 1 DAGs
[2024-04-01T07:10:13.157+0000] {logging_mixin.py:188} INFO - [2024-04-01T07:10:13.157+0000] {dag.py:3834} INFO - Setting next_dagrun for example_python_operator to None, run_after=None
[2024-04-01T07:10:13.167+0000] {processor.py:183} INFO - Processing /home/airflow/.local/lib/python3.8/site-packages/airflow/example_dags/example_python_operator.py took 0.046 seconds
[2024-04-01T07:10:43.210+0000] {processor.py:161} INFO - Started process (PID=1046) to work on /home/airflow/.local/lib/python3.8/site-packages/airflow/example_dags/example_python_operator.py
[2024-04-01T07:10:43.211+0000] {processor.py:830} INFO - Processing file /home/airflow/.local/lib/python3.8/site-packages/airflow/example_dags/example_python_operator.py for tasks to queue
[2024-04-01T07:10:43.212+0000] {logging_mixin.py:188} INFO - [2024-04-01T07:10:43.212+0000] {dagbag.py:540} INFO - Filling up the DagBag from /home/airflow/.local/lib/python3.8/site-packages/airflow/example_dags/example_python_operator.py
[2024-04-01T07:10:43.219+0000] {processor.py:840} INFO - DAG(s) 'example_python_operator' retrieved from /home/airflow/.local/lib/python3.8/site-packages/airflow/example_dags/example_python_operator.py
[2024-04-01T07:10:43.232+0000] {logging_mixin.py:188} INFO - [2024-04-01T07:10:43.232+0000] {dag.py:3047} INFO - Sync 1 DAGs
[2024-04-01T07:10:43.238+0000] {logging_mixin.py:188} INFO - [2024-04-01T07:10:43.238+0000] {dag.py:3834} INFO - Setting next_dagrun for example_python_operator to None, run_after=None
[2024-04-01T07:10:43.248+0000] {processor.py:183} INFO - Processing /home/airflow/.local/lib/python3.8/site-packages/airflow/example_dags/example_python_operator.py took 0.039 seconds
[2024-04-01T07:11:13.359+0000] {processor.py:161} INFO - Started process (PID=1108) to work on /home/airflow/.local/lib/python3.8/site-packages/airflow/example_dags/example_python_operator.py
[2024-04-01T07:11:13.360+0000] {processor.py:830} INFO - Processing file /home/airflow/.local/lib/python3.8/site-packages/airflow/example_dags/example_python_operator.py for tasks to queue
[2024-04-01T07:11:13.361+0000] {logging_mixin.py:188} INFO - [2024-04-01T07:11:13.361+0000] {dagbag.py:540} INFO - Filling up the DagBag from /home/airflow/.local/lib/python3.8/site-packages/airflow/example_dags/example_python_operator.py
[2024-04-01T07:11:13.367+0000] {processor.py:840} INFO - DAG(s) 'example_python_operator' retrieved from /home/airflow/.local/lib/python3.8/site-packages/airflow/example_dags/example_python_operator.py
[2024-04-01T07:11:13.380+0000] {logging_mixin.py:188} INFO - [2024-04-01T07:11:13.380+0000] {dag.py:3047} INFO - Sync 1 DAGs
[2024-04-01T07:11:13.387+0000] {logging_mixin.py:188} INFO - [2024-04-01T07:11:13.387+0000] {dag.py:3834} INFO - Setting next_dagrun for example_python_operator to None, run_after=None
[2024-04-01T07:11:13.397+0000] {processor.py:183} INFO - Processing /home/airflow/.local/lib/python3.8/site-packages/airflow/example_dags/example_python_operator.py took 0.040 seconds
[2024-04-01T07:11:43.436+0000] {processor.py:161} INFO - Started process (PID=1163) to work on /home/airflow/.local/lib/python3.8/site-packages/airflow/example_dags/example_python_operator.py
[2024-04-01T07:11:43.437+0000] {processor.py:830} INFO - Processing file /home/airflow/.local/lib/python3.8/site-packages/airflow/example_dags/example_python_operator.py for tasks to queue
[2024-04-01T07:11:43.438+0000] {logging_mixin.py:188} INFO - [2024-04-01T07:11:43.438+0000] {dagbag.py:540} INFO - Filling up the DagBag from /home/airflow/.local/lib/python3.8/site-packages/airflow/example_dags/example_python_operator.py
[2024-04-01T07:11:43.446+0000] {processor.py:840} INFO - DAG(s) 'example_python_operator' retrieved from /home/airflow/.local/lib/python3.8/site-packages/airflow/example_dags/example_python_operator.py
[2024-04-01T07:11:43.459+0000] {logging_mixin.py:188} INFO - [2024-04-01T07:11:43.459+0000] {dag.py:3047} INFO - Sync 1 DAGs
[2024-04-01T07:11:43.467+0000] {logging_mixin.py:188} INFO - [2024-04-01T07:11:43.466+0000] {dag.py:3834} INFO - Setting next_dagrun for example_python_operator to None, run_after=None
[2024-04-01T07:11:43.478+0000] {processor.py:183} INFO - Processing /home/airflow/.local/lib/python3.8/site-packages/airflow/example_dags/example_python_operator.py took 0.044 seconds
[2024-04-01T07:12:13.679+0000] {processor.py:161} INFO - Started process (PID=1218) to work on /home/airflow/.local/lib/python3.8/site-packages/airflow/example_dags/example_python_operator.py
[2024-04-01T07:12:13.680+0000] {processor.py:830} INFO - Processing file /home/airflow/.local/lib/python3.8/site-packages/airflow/example_dags/example_python_operator.py for tasks to queue
[2024-04-01T07:12:13.681+0000] {logging_mixin.py:188} INFO - [2024-04-01T07:12:13.680+0000] {dagbag.py:540} INFO - Filling up the DagBag from /home/airflow/.local/lib/python3.8/site-packages/airflow/example_dags/example_python_operator.py
[2024-04-01T07:12:13.688+0000] {processor.py:840} INFO - DAG(s) 'example_python_operator' retrieved from /home/airflow/.local/lib/python3.8/site-packages/airflow/example_dags/example_python_operator.py
[2024-04-01T07:12:13.702+0000] {logging_mixin.py:188} INFO - [2024-04-01T07:12:13.702+0000] {dag.py:3047} INFO - Sync 1 DAGs
[2024-04-01T07:12:13.713+0000] {logging_mixin.py:188} INFO - [2024-04-01T07:12:13.713+0000] {dag.py:3834} INFO - Setting next_dagrun for example_python_operator to None, run_after=None
[2024-04-01T07:12:13.724+0000] {processor.py:183} INFO - Processing /home/airflow/.local/lib/python3.8/site-packages/airflow/example_dags/example_python_operator.py took 0.048 seconds
