[2024-04-01T06:47:26.257+0000] {processor.py:161} INFO - Started process (PID=53) to work on /home/airflow/.local/lib/python3.8/site-packages/airflow/example_dags/tutorial_dag.py
[2024-04-01T06:47:26.257+0000] {processor.py:830} INFO - Processing file /home/airflow/.local/lib/python3.8/site-packages/airflow/example_dags/tutorial_dag.py for tasks to queue
[2024-04-01T06:47:26.259+0000] {logging_mixin.py:188} INFO - [2024-04-01T06:47:26.258+0000] {dagbag.py:540} INFO - Filling up the DagBag from /home/airflow/.local/lib/python3.8/site-packages/airflow/example_dags/tutorial_dag.py
[2024-04-01T06:47:26.267+0000] {processor.py:840} INFO - DAG(s) 'tutorial_dag' retrieved from /home/airflow/.local/lib/python3.8/site-packages/airflow/example_dags/tutorial_dag.py
[2024-04-01T06:47:26.283+0000] {logging_mixin.py:188} INFO - [2024-04-01T06:47:26.283+0000] {dag.py:3047} INFO - Sync 1 DAGs
[2024-04-01T06:47:26.295+0000] {logging_mixin.py:188} INFO - [2024-04-01T06:47:26.295+0000] {dag.py:3834} INFO - Setting next_dagrun for tutorial_dag to None, run_after=None
[2024-04-01T06:47:26.320+0000] {processor.py:183} INFO - Processing /home/airflow/.local/lib/python3.8/site-packages/airflow/example_dags/tutorial_dag.py took 0.065 seconds
[2024-04-01T06:47:57.255+0000] {processor.py:161} INFO - Started process (PID=108) to work on /home/airflow/.local/lib/python3.8/site-packages/airflow/example_dags/tutorial_dag.py
[2024-04-01T06:47:57.256+0000] {processor.py:830} INFO - Processing file /home/airflow/.local/lib/python3.8/site-packages/airflow/example_dags/tutorial_dag.py for tasks to queue
[2024-04-01T06:47:57.257+0000] {logging_mixin.py:188} INFO - [2024-04-01T06:47:57.257+0000] {dagbag.py:540} INFO - Filling up the DagBag from /home/airflow/.local/lib/python3.8/site-packages/airflow/example_dags/tutorial_dag.py
[2024-04-01T06:47:57.260+0000] {processor.py:840} INFO - DAG(s) 'tutorial_dag' retrieved from /home/airflow/.local/lib/python3.8/site-packages/airflow/example_dags/tutorial_dag.py
[2024-04-01T06:47:57.311+0000] {logging_mixin.py:188} INFO - [2024-04-01T06:47:57.311+0000] {dag.py:3047} INFO - Sync 1 DAGs
[2024-04-01T06:47:57.318+0000] {logging_mixin.py:188} INFO - [2024-04-01T06:47:57.318+0000] {dag.py:3834} INFO - Setting next_dagrun for tutorial_dag to None, run_after=None
[2024-04-01T06:47:57.327+0000] {processor.py:183} INFO - Processing /home/airflow/.local/lib/python3.8/site-packages/airflow/example_dags/tutorial_dag.py took 0.074 seconds
[2024-04-01T06:48:27.725+0000] {processor.py:161} INFO - Started process (PID=163) to work on /home/airflow/.local/lib/python3.8/site-packages/airflow/example_dags/tutorial_dag.py
[2024-04-01T06:48:27.725+0000] {processor.py:830} INFO - Processing file /home/airflow/.local/lib/python3.8/site-packages/airflow/example_dags/tutorial_dag.py for tasks to queue
[2024-04-01T06:48:27.726+0000] {logging_mixin.py:188} INFO - [2024-04-01T06:48:27.726+0000] {dagbag.py:540} INFO - Filling up the DagBag from /home/airflow/.local/lib/python3.8/site-packages/airflow/example_dags/tutorial_dag.py
[2024-04-01T06:48:27.730+0000] {processor.py:840} INFO - DAG(s) 'tutorial_dag' retrieved from /home/airflow/.local/lib/python3.8/site-packages/airflow/example_dags/tutorial_dag.py
[2024-04-01T06:48:27.741+0000] {logging_mixin.py:188} INFO - [2024-04-01T06:48:27.741+0000] {dag.py:3047} INFO - Sync 1 DAGs
[2024-04-01T06:48:27.748+0000] {logging_mixin.py:188} INFO - [2024-04-01T06:48:27.748+0000] {dag.py:3834} INFO - Setting next_dagrun for tutorial_dag to None, run_after=None
[2024-04-01T06:48:27.757+0000] {processor.py:183} INFO - Processing /home/airflow/.local/lib/python3.8/site-packages/airflow/example_dags/tutorial_dag.py took 0.034 seconds
[2024-04-01T06:48:58.604+0000] {processor.py:161} INFO - Started process (PID=218) to work on /home/airflow/.local/lib/python3.8/site-packages/airflow/example_dags/tutorial_dag.py
[2024-04-01T06:48:58.605+0000] {processor.py:830} INFO - Processing file /home/airflow/.local/lib/python3.8/site-packages/airflow/example_dags/tutorial_dag.py for tasks to queue
[2024-04-01T06:48:58.606+0000] {logging_mixin.py:188} INFO - [2024-04-01T06:48:58.606+0000] {dagbag.py:540} INFO - Filling up the DagBag from /home/airflow/.local/lib/python3.8/site-packages/airflow/example_dags/tutorial_dag.py
[2024-04-01T06:48:58.609+0000] {processor.py:840} INFO - DAG(s) 'tutorial_dag' retrieved from /home/airflow/.local/lib/python3.8/site-packages/airflow/example_dags/tutorial_dag.py
[2024-04-01T06:48:58.620+0000] {logging_mixin.py:188} INFO - [2024-04-01T06:48:58.620+0000] {dag.py:3047} INFO - Sync 1 DAGs
[2024-04-01T06:48:58.626+0000] {logging_mixin.py:188} INFO - [2024-04-01T06:48:58.626+0000] {dag.py:3834} INFO - Setting next_dagrun for tutorial_dag to None, run_after=None
[2024-04-01T06:48:58.635+0000] {processor.py:183} INFO - Processing /home/airflow/.local/lib/python3.8/site-packages/airflow/example_dags/tutorial_dag.py took 0.032 seconds
[2024-04-01T06:49:29.236+0000] {processor.py:161} INFO - Started process (PID=273) to work on /home/airflow/.local/lib/python3.8/site-packages/airflow/example_dags/tutorial_dag.py
[2024-04-01T06:49:29.237+0000] {processor.py:830} INFO - Processing file /home/airflow/.local/lib/python3.8/site-packages/airflow/example_dags/tutorial_dag.py for tasks to queue
[2024-04-01T06:49:29.238+0000] {logging_mixin.py:188} INFO - [2024-04-01T06:49:29.238+0000] {dagbag.py:540} INFO - Filling up the DagBag from /home/airflow/.local/lib/python3.8/site-packages/airflow/example_dags/tutorial_dag.py
[2024-04-01T06:49:29.242+0000] {processor.py:840} INFO - DAG(s) 'tutorial_dag' retrieved from /home/airflow/.local/lib/python3.8/site-packages/airflow/example_dags/tutorial_dag.py
[2024-04-01T06:49:29.253+0000] {logging_mixin.py:188} INFO - [2024-04-01T06:49:29.252+0000] {dag.py:3047} INFO - Sync 1 DAGs
[2024-04-01T06:49:29.259+0000] {logging_mixin.py:188} INFO - [2024-04-01T06:49:29.259+0000] {dag.py:3834} INFO - Setting next_dagrun for tutorial_dag to None, run_after=None
[2024-04-01T06:49:29.268+0000] {processor.py:183} INFO - Processing /home/airflow/.local/lib/python3.8/site-packages/airflow/example_dags/tutorial_dag.py took 0.034 seconds
[2024-04-01T06:50:00.068+0000] {processor.py:161} INFO - Started process (PID=328) to work on /home/airflow/.local/lib/python3.8/site-packages/airflow/example_dags/tutorial_dag.py
[2024-04-01T06:50:00.069+0000] {processor.py:830} INFO - Processing file /home/airflow/.local/lib/python3.8/site-packages/airflow/example_dags/tutorial_dag.py for tasks to queue
[2024-04-01T06:50:00.070+0000] {logging_mixin.py:188} INFO - [2024-04-01T06:50:00.070+0000] {dagbag.py:540} INFO - Filling up the DagBag from /home/airflow/.local/lib/python3.8/site-packages/airflow/example_dags/tutorial_dag.py
[2024-04-01T06:50:00.074+0000] {processor.py:840} INFO - DAG(s) 'tutorial_dag' retrieved from /home/airflow/.local/lib/python3.8/site-packages/airflow/example_dags/tutorial_dag.py
[2024-04-01T06:50:00.085+0000] {logging_mixin.py:188} INFO - [2024-04-01T06:50:00.085+0000] {dag.py:3047} INFO - Sync 1 DAGs
[2024-04-01T06:50:00.092+0000] {logging_mixin.py:188} INFO - [2024-04-01T06:50:00.092+0000] {dag.py:3834} INFO - Setting next_dagrun for tutorial_dag to None, run_after=None
[2024-04-01T06:50:00.101+0000] {processor.py:183} INFO - Processing /home/airflow/.local/lib/python3.8/site-packages/airflow/example_dags/tutorial_dag.py took 0.035 seconds
[2024-04-01T06:50:30.194+0000] {processor.py:161} INFO - Started process (PID=383) to work on /home/airflow/.local/lib/python3.8/site-packages/airflow/example_dags/tutorial_dag.py
[2024-04-01T06:50:30.194+0000] {processor.py:830} INFO - Processing file /home/airflow/.local/lib/python3.8/site-packages/airflow/example_dags/tutorial_dag.py for tasks to queue
[2024-04-01T06:50:30.196+0000] {logging_mixin.py:188} INFO - [2024-04-01T06:50:30.195+0000] {dagbag.py:540} INFO - Filling up the DagBag from /home/airflow/.local/lib/python3.8/site-packages/airflow/example_dags/tutorial_dag.py
[2024-04-01T06:50:30.200+0000] {processor.py:840} INFO - DAG(s) 'tutorial_dag' retrieved from /home/airflow/.local/lib/python3.8/site-packages/airflow/example_dags/tutorial_dag.py
[2024-04-01T06:50:30.213+0000] {logging_mixin.py:188} INFO - [2024-04-01T06:50:30.213+0000] {dag.py:3047} INFO - Sync 1 DAGs
[2024-04-01T06:50:30.221+0000] {logging_mixin.py:188} INFO - [2024-04-01T06:50:30.221+0000] {dag.py:3834} INFO - Setting next_dagrun for tutorial_dag to None, run_after=None
[2024-04-01T06:50:30.230+0000] {processor.py:183} INFO - Processing /home/airflow/.local/lib/python3.8/site-packages/airflow/example_dags/tutorial_dag.py took 0.039 seconds
[2024-04-01T06:51:00.963+0000] {processor.py:161} INFO - Started process (PID=438) to work on /home/airflow/.local/lib/python3.8/site-packages/airflow/example_dags/tutorial_dag.py
[2024-04-01T06:51:00.963+0000] {processor.py:830} INFO - Processing file /home/airflow/.local/lib/python3.8/site-packages/airflow/example_dags/tutorial_dag.py for tasks to queue
[2024-04-01T06:51:00.964+0000] {logging_mixin.py:188} INFO - [2024-04-01T06:51:00.964+0000] {dagbag.py:540} INFO - Filling up the DagBag from /home/airflow/.local/lib/python3.8/site-packages/airflow/example_dags/tutorial_dag.py
[2024-04-01T06:51:00.968+0000] {processor.py:840} INFO - DAG(s) 'tutorial_dag' retrieved from /home/airflow/.local/lib/python3.8/site-packages/airflow/example_dags/tutorial_dag.py
[2024-04-01T06:51:00.981+0000] {logging_mixin.py:188} INFO - [2024-04-01T06:51:00.980+0000] {dag.py:3047} INFO - Sync 1 DAGs
[2024-04-01T06:51:00.987+0000] {logging_mixin.py:188} INFO - [2024-04-01T06:51:00.987+0000] {dag.py:3834} INFO - Setting next_dagrun for tutorial_dag to None, run_after=None
[2024-04-01T06:51:00.997+0000] {processor.py:183} INFO - Processing /home/airflow/.local/lib/python3.8/site-packages/airflow/example_dags/tutorial_dag.py took 0.036 seconds
[2024-04-01T06:51:31.637+0000] {processor.py:161} INFO - Started process (PID=493) to work on /home/airflow/.local/lib/python3.8/site-packages/airflow/example_dags/tutorial_dag.py
[2024-04-01T06:51:31.637+0000] {processor.py:830} INFO - Processing file /home/airflow/.local/lib/python3.8/site-packages/airflow/example_dags/tutorial_dag.py for tasks to queue
[2024-04-01T06:51:31.639+0000] {logging_mixin.py:188} INFO - [2024-04-01T06:51:31.638+0000] {dagbag.py:540} INFO - Filling up the DagBag from /home/airflow/.local/lib/python3.8/site-packages/airflow/example_dags/tutorial_dag.py
[2024-04-01T06:51:31.643+0000] {processor.py:840} INFO - DAG(s) 'tutorial_dag' retrieved from /home/airflow/.local/lib/python3.8/site-packages/airflow/example_dags/tutorial_dag.py
[2024-04-01T06:51:31.657+0000] {logging_mixin.py:188} INFO - [2024-04-01T06:51:31.657+0000] {dag.py:3047} INFO - Sync 1 DAGs
[2024-04-01T06:51:31.665+0000] {logging_mixin.py:188} INFO - [2024-04-01T06:51:31.665+0000] {dag.py:3834} INFO - Setting next_dagrun for tutorial_dag to None, run_after=None
[2024-04-01T06:51:31.676+0000] {processor.py:183} INFO - Processing /home/airflow/.local/lib/python3.8/site-packages/airflow/example_dags/tutorial_dag.py took 0.041 seconds
[2024-04-01T06:52:02.424+0000] {processor.py:161} INFO - Started process (PID=548) to work on /home/airflow/.local/lib/python3.8/site-packages/airflow/example_dags/tutorial_dag.py
[2024-04-01T06:52:02.424+0000] {processor.py:830} INFO - Processing file /home/airflow/.local/lib/python3.8/site-packages/airflow/example_dags/tutorial_dag.py for tasks to queue
[2024-04-01T06:52:02.425+0000] {logging_mixin.py:188} INFO - [2024-04-01T06:52:02.425+0000] {dagbag.py:540} INFO - Filling up the DagBag from /home/airflow/.local/lib/python3.8/site-packages/airflow/example_dags/tutorial_dag.py
[2024-04-01T06:52:02.429+0000] {processor.py:840} INFO - DAG(s) 'tutorial_dag' retrieved from /home/airflow/.local/lib/python3.8/site-packages/airflow/example_dags/tutorial_dag.py
[2024-04-01T06:52:02.441+0000] {logging_mixin.py:188} INFO - [2024-04-01T06:52:02.441+0000] {dag.py:3047} INFO - Sync 1 DAGs
[2024-04-01T06:52:02.452+0000] {logging_mixin.py:188} INFO - [2024-04-01T06:52:02.452+0000] {dag.py:3834} INFO - Setting next_dagrun for tutorial_dag to None, run_after=None
[2024-04-01T06:52:02.466+0000] {processor.py:183} INFO - Processing /home/airflow/.local/lib/python3.8/site-packages/airflow/example_dags/tutorial_dag.py took 0.044 seconds
[2024-04-01T06:52:33.274+0000] {processor.py:161} INFO - Started process (PID=603) to work on /home/airflow/.local/lib/python3.8/site-packages/airflow/example_dags/tutorial_dag.py
[2024-04-01T06:52:33.275+0000] {processor.py:830} INFO - Processing file /home/airflow/.local/lib/python3.8/site-packages/airflow/example_dags/tutorial_dag.py for tasks to queue
[2024-04-01T06:52:33.276+0000] {logging_mixin.py:188} INFO - [2024-04-01T06:52:33.276+0000] {dagbag.py:540} INFO - Filling up the DagBag from /home/airflow/.local/lib/python3.8/site-packages/airflow/example_dags/tutorial_dag.py
[2024-04-01T06:52:33.280+0000] {processor.py:840} INFO - DAG(s) 'tutorial_dag' retrieved from /home/airflow/.local/lib/python3.8/site-packages/airflow/example_dags/tutorial_dag.py
[2024-04-01T06:52:33.292+0000] {logging_mixin.py:188} INFO - [2024-04-01T06:52:33.292+0000] {dag.py:3047} INFO - Sync 1 DAGs
[2024-04-01T06:52:33.299+0000] {logging_mixin.py:188} INFO - [2024-04-01T06:52:33.299+0000] {dag.py:3834} INFO - Setting next_dagrun for tutorial_dag to None, run_after=None
[2024-04-01T06:52:33.308+0000] {processor.py:183} INFO - Processing /home/airflow/.local/lib/python3.8/site-packages/airflow/example_dags/tutorial_dag.py took 0.037 seconds
[2024-04-01T06:53:03.444+0000] {processor.py:161} INFO - Started process (PID=658) to work on /home/airflow/.local/lib/python3.8/site-packages/airflow/example_dags/tutorial_dag.py
[2024-04-01T06:53:03.445+0000] {processor.py:830} INFO - Processing file /home/airflow/.local/lib/python3.8/site-packages/airflow/example_dags/tutorial_dag.py for tasks to queue
[2024-04-01T06:53:03.447+0000] {logging_mixin.py:188} INFO - [2024-04-01T06:53:03.446+0000] {dagbag.py:540} INFO - Filling up the DagBag from /home/airflow/.local/lib/python3.8/site-packages/airflow/example_dags/tutorial_dag.py
[2024-04-01T06:53:03.451+0000] {processor.py:840} INFO - DAG(s) 'tutorial_dag' retrieved from /home/airflow/.local/lib/python3.8/site-packages/airflow/example_dags/tutorial_dag.py
[2024-04-01T06:53:03.464+0000] {logging_mixin.py:188} INFO - [2024-04-01T06:53:03.464+0000] {dag.py:3047} INFO - Sync 1 DAGs
[2024-04-01T06:53:03.471+0000] {logging_mixin.py:188} INFO - [2024-04-01T06:53:03.471+0000] {dag.py:3834} INFO - Setting next_dagrun for tutorial_dag to None, run_after=None
[2024-04-01T06:53:03.482+0000] {processor.py:183} INFO - Processing /home/airflow/.local/lib/python3.8/site-packages/airflow/example_dags/tutorial_dag.py took 0.040 seconds
[2024-04-01T06:53:33.646+0000] {processor.py:161} INFO - Started process (PID=713) to work on /home/airflow/.local/lib/python3.8/site-packages/airflow/example_dags/tutorial_dag.py
[2024-04-01T06:53:33.647+0000] {processor.py:830} INFO - Processing file /home/airflow/.local/lib/python3.8/site-packages/airflow/example_dags/tutorial_dag.py for tasks to queue
[2024-04-01T06:53:33.648+0000] {logging_mixin.py:188} INFO - [2024-04-01T06:53:33.648+0000] {dagbag.py:540} INFO - Filling up the DagBag from /home/airflow/.local/lib/python3.8/site-packages/airflow/example_dags/tutorial_dag.py
[2024-04-01T06:53:33.652+0000] {processor.py:840} INFO - DAG(s) 'tutorial_dag' retrieved from /home/airflow/.local/lib/python3.8/site-packages/airflow/example_dags/tutorial_dag.py
[2024-04-01T06:53:33.667+0000] {logging_mixin.py:188} INFO - [2024-04-01T06:53:33.667+0000] {dag.py:3047} INFO - Sync 1 DAGs
[2024-04-01T06:53:33.675+0000] {logging_mixin.py:188} INFO - [2024-04-01T06:53:33.675+0000] {dag.py:3834} INFO - Setting next_dagrun for tutorial_dag to None, run_after=None
[2024-04-01T06:53:33.686+0000] {processor.py:183} INFO - Processing /home/airflow/.local/lib/python3.8/site-packages/airflow/example_dags/tutorial_dag.py took 0.042 seconds
[2024-04-01T06:54:04.546+0000] {processor.py:161} INFO - Started process (PID=768) to work on /home/airflow/.local/lib/python3.8/site-packages/airflow/example_dags/tutorial_dag.py
[2024-04-01T06:54:04.547+0000] {processor.py:830} INFO - Processing file /home/airflow/.local/lib/python3.8/site-packages/airflow/example_dags/tutorial_dag.py for tasks to queue
[2024-04-01T06:54:04.548+0000] {logging_mixin.py:188} INFO - [2024-04-01T06:54:04.548+0000] {dagbag.py:540} INFO - Filling up the DagBag from /home/airflow/.local/lib/python3.8/site-packages/airflow/example_dags/tutorial_dag.py
[2024-04-01T06:54:04.551+0000] {processor.py:840} INFO - DAG(s) 'tutorial_dag' retrieved from /home/airflow/.local/lib/python3.8/site-packages/airflow/example_dags/tutorial_dag.py
[2024-04-01T06:54:04.561+0000] {logging_mixin.py:188} INFO - [2024-04-01T06:54:04.561+0000] {dag.py:3047} INFO - Sync 1 DAGs
[2024-04-01T06:54:04.568+0000] {logging_mixin.py:188} INFO - [2024-04-01T06:54:04.568+0000] {dag.py:3834} INFO - Setting next_dagrun for tutorial_dag to None, run_after=None
[2024-04-01T06:54:04.576+0000] {processor.py:183} INFO - Processing /home/airflow/.local/lib/python3.8/site-packages/airflow/example_dags/tutorial_dag.py took 0.032 seconds
[2024-04-01T06:54:35.206+0000] {processor.py:161} INFO - Started process (PID=823) to work on /home/airflow/.local/lib/python3.8/site-packages/airflow/example_dags/tutorial_dag.py
[2024-04-01T06:54:35.207+0000] {processor.py:830} INFO - Processing file /home/airflow/.local/lib/python3.8/site-packages/airflow/example_dags/tutorial_dag.py for tasks to queue
[2024-04-01T06:54:35.208+0000] {logging_mixin.py:188} INFO - [2024-04-01T06:54:35.207+0000] {dagbag.py:540} INFO - Filling up the DagBag from /home/airflow/.local/lib/python3.8/site-packages/airflow/example_dags/tutorial_dag.py
[2024-04-01T06:54:35.211+0000] {processor.py:840} INFO - DAG(s) 'tutorial_dag' retrieved from /home/airflow/.local/lib/python3.8/site-packages/airflow/example_dags/tutorial_dag.py
[2024-04-01T06:54:35.221+0000] {logging_mixin.py:188} INFO - [2024-04-01T06:54:35.221+0000] {dag.py:3047} INFO - Sync 1 DAGs
[2024-04-01T06:54:35.227+0000] {logging_mixin.py:188} INFO - [2024-04-01T06:54:35.227+0000] {dag.py:3834} INFO - Setting next_dagrun for tutorial_dag to None, run_after=None
[2024-04-01T06:54:35.236+0000] {processor.py:183} INFO - Processing /home/airflow/.local/lib/python3.8/site-packages/airflow/example_dags/tutorial_dag.py took 0.031 seconds
[2024-04-01T06:55:05.909+0000] {processor.py:161} INFO - Started process (PID=878) to work on /home/airflow/.local/lib/python3.8/site-packages/airflow/example_dags/tutorial_dag.py
[2024-04-01T06:55:05.909+0000] {processor.py:830} INFO - Processing file /home/airflow/.local/lib/python3.8/site-packages/airflow/example_dags/tutorial_dag.py for tasks to queue
[2024-04-01T06:55:05.910+0000] {logging_mixin.py:188} INFO - [2024-04-01T06:55:05.910+0000] {dagbag.py:540} INFO - Filling up the DagBag from /home/airflow/.local/lib/python3.8/site-packages/airflow/example_dags/tutorial_dag.py
[2024-04-01T06:55:05.914+0000] {processor.py:840} INFO - DAG(s) 'tutorial_dag' retrieved from /home/airflow/.local/lib/python3.8/site-packages/airflow/example_dags/tutorial_dag.py
[2024-04-01T06:55:05.925+0000] {logging_mixin.py:188} INFO - [2024-04-01T06:55:05.924+0000] {dag.py:3047} INFO - Sync 1 DAGs
[2024-04-01T06:55:05.931+0000] {logging_mixin.py:188} INFO - [2024-04-01T06:55:05.931+0000] {dag.py:3834} INFO - Setting next_dagrun for tutorial_dag to None, run_after=None
[2024-04-01T06:55:05.940+0000] {processor.py:183} INFO - Processing /home/airflow/.local/lib/python3.8/site-packages/airflow/example_dags/tutorial_dag.py took 0.033 seconds
[2024-04-01T06:55:36.673+0000] {processor.py:161} INFO - Started process (PID=933) to work on /home/airflow/.local/lib/python3.8/site-packages/airflow/example_dags/tutorial_dag.py
[2024-04-01T06:55:36.673+0000] {processor.py:830} INFO - Processing file /home/airflow/.local/lib/python3.8/site-packages/airflow/example_dags/tutorial_dag.py for tasks to queue
[2024-04-01T06:55:36.674+0000] {logging_mixin.py:188} INFO - [2024-04-01T06:55:36.674+0000] {dagbag.py:540} INFO - Filling up the DagBag from /home/airflow/.local/lib/python3.8/site-packages/airflow/example_dags/tutorial_dag.py
[2024-04-01T06:55:36.678+0000] {processor.py:840} INFO - DAG(s) 'tutorial_dag' retrieved from /home/airflow/.local/lib/python3.8/site-packages/airflow/example_dags/tutorial_dag.py
[2024-04-01T06:55:36.688+0000] {logging_mixin.py:188} INFO - [2024-04-01T06:55:36.687+0000] {dag.py:3047} INFO - Sync 1 DAGs
[2024-04-01T06:55:36.694+0000] {logging_mixin.py:188} INFO - [2024-04-01T06:55:36.693+0000] {dag.py:3834} INFO - Setting next_dagrun for tutorial_dag to None, run_after=None
[2024-04-01T06:55:36.702+0000] {processor.py:183} INFO - Processing /home/airflow/.local/lib/python3.8/site-packages/airflow/example_dags/tutorial_dag.py took 0.031 seconds
[2024-04-01T06:56:07.355+0000] {processor.py:161} INFO - Started process (PID=988) to work on /home/airflow/.local/lib/python3.8/site-packages/airflow/example_dags/tutorial_dag.py
[2024-04-01T06:56:07.356+0000] {processor.py:830} INFO - Processing file /home/airflow/.local/lib/python3.8/site-packages/airflow/example_dags/tutorial_dag.py for tasks to queue
[2024-04-01T06:56:07.357+0000] {logging_mixin.py:188} INFO - [2024-04-01T06:56:07.357+0000] {dagbag.py:540} INFO - Filling up the DagBag from /home/airflow/.local/lib/python3.8/site-packages/airflow/example_dags/tutorial_dag.py
[2024-04-01T06:56:07.363+0000] {processor.py:840} INFO - DAG(s) 'tutorial_dag' retrieved from /home/airflow/.local/lib/python3.8/site-packages/airflow/example_dags/tutorial_dag.py
[2024-04-01T06:56:07.378+0000] {logging_mixin.py:188} INFO - [2024-04-01T06:56:07.377+0000] {dag.py:3047} INFO - Sync 1 DAGs
[2024-04-01T06:56:07.384+0000] {logging_mixin.py:188} INFO - [2024-04-01T06:56:07.384+0000] {dag.py:3834} INFO - Setting next_dagrun for tutorial_dag to None, run_after=None
[2024-04-01T06:56:07.395+0000] {processor.py:183} INFO - Processing /home/airflow/.local/lib/python3.8/site-packages/airflow/example_dags/tutorial_dag.py took 0.042 seconds
[2024-04-01T06:56:38.221+0000] {processor.py:161} INFO - Started process (PID=1042) to work on /home/airflow/.local/lib/python3.8/site-packages/airflow/example_dags/tutorial_dag.py
[2024-04-01T06:56:38.222+0000] {processor.py:830} INFO - Processing file /home/airflow/.local/lib/python3.8/site-packages/airflow/example_dags/tutorial_dag.py for tasks to queue
[2024-04-01T06:56:38.224+0000] {logging_mixin.py:188} INFO - [2024-04-01T06:56:38.224+0000] {dagbag.py:540} INFO - Filling up the DagBag from /home/airflow/.local/lib/python3.8/site-packages/airflow/example_dags/tutorial_dag.py
[2024-04-01T06:56:38.228+0000] {processor.py:840} INFO - DAG(s) 'tutorial_dag' retrieved from /home/airflow/.local/lib/python3.8/site-packages/airflow/example_dags/tutorial_dag.py
[2024-04-01T06:56:38.242+0000] {logging_mixin.py:188} INFO - [2024-04-01T06:56:38.242+0000] {dag.py:3047} INFO - Sync 1 DAGs
[2024-04-01T06:56:38.249+0000] {logging_mixin.py:188} INFO - [2024-04-01T06:56:38.249+0000] {dag.py:3834} INFO - Setting next_dagrun for tutorial_dag to None, run_after=None
[2024-04-01T06:56:38.258+0000] {processor.py:183} INFO - Processing /home/airflow/.local/lib/python3.8/site-packages/airflow/example_dags/tutorial_dag.py took 0.040 seconds
[2024-04-01T06:57:08.280+0000] {processor.py:161} INFO - Started process (PID=1097) to work on /home/airflow/.local/lib/python3.8/site-packages/airflow/example_dags/tutorial_dag.py
[2024-04-01T06:57:08.281+0000] {processor.py:830} INFO - Processing file /home/airflow/.local/lib/python3.8/site-packages/airflow/example_dags/tutorial_dag.py for tasks to queue
[2024-04-01T06:57:08.282+0000] {logging_mixin.py:188} INFO - [2024-04-01T06:57:08.281+0000] {dagbag.py:540} INFO - Filling up the DagBag from /home/airflow/.local/lib/python3.8/site-packages/airflow/example_dags/tutorial_dag.py
[2024-04-01T06:57:08.285+0000] {processor.py:840} INFO - DAG(s) 'tutorial_dag' retrieved from /home/airflow/.local/lib/python3.8/site-packages/airflow/example_dags/tutorial_dag.py
[2024-04-01T06:57:08.296+0000] {logging_mixin.py:188} INFO - [2024-04-01T06:57:08.295+0000] {dag.py:3047} INFO - Sync 1 DAGs
[2024-04-01T06:57:08.302+0000] {logging_mixin.py:188} INFO - [2024-04-01T06:57:08.302+0000] {dag.py:3834} INFO - Setting next_dagrun for tutorial_dag to None, run_after=None
[2024-04-01T06:57:08.311+0000] {processor.py:183} INFO - Processing /home/airflow/.local/lib/python3.8/site-packages/airflow/example_dags/tutorial_dag.py took 0.033 seconds
[2024-04-01T06:57:39.071+0000] {processor.py:161} INFO - Started process (PID=1152) to work on /home/airflow/.local/lib/python3.8/site-packages/airflow/example_dags/tutorial_dag.py
[2024-04-01T06:57:39.072+0000] {processor.py:830} INFO - Processing file /home/airflow/.local/lib/python3.8/site-packages/airflow/example_dags/tutorial_dag.py for tasks to queue
[2024-04-01T06:57:39.073+0000] {logging_mixin.py:188} INFO - [2024-04-01T06:57:39.073+0000] {dagbag.py:540} INFO - Filling up the DagBag from /home/airflow/.local/lib/python3.8/site-packages/airflow/example_dags/tutorial_dag.py
[2024-04-01T06:57:39.076+0000] {processor.py:840} INFO - DAG(s) 'tutorial_dag' retrieved from /home/airflow/.local/lib/python3.8/site-packages/airflow/example_dags/tutorial_dag.py
[2024-04-01T06:57:39.087+0000] {logging_mixin.py:188} INFO - [2024-04-01T06:57:39.087+0000] {dag.py:3047} INFO - Sync 1 DAGs
[2024-04-01T06:57:39.094+0000] {logging_mixin.py:188} INFO - [2024-04-01T06:57:39.094+0000] {dag.py:3834} INFO - Setting next_dagrun for tutorial_dag to None, run_after=None
[2024-04-01T06:57:39.103+0000] {processor.py:183} INFO - Processing /home/airflow/.local/lib/python3.8/site-packages/airflow/example_dags/tutorial_dag.py took 0.034 seconds
[2024-04-01T06:58:09.855+0000] {processor.py:161} INFO - Started process (PID=1207) to work on /home/airflow/.local/lib/python3.8/site-packages/airflow/example_dags/tutorial_dag.py
[2024-04-01T06:58:09.855+0000] {processor.py:830} INFO - Processing file /home/airflow/.local/lib/python3.8/site-packages/airflow/example_dags/tutorial_dag.py for tasks to queue
[2024-04-01T06:58:09.856+0000] {logging_mixin.py:188} INFO - [2024-04-01T06:58:09.856+0000] {dagbag.py:540} INFO - Filling up the DagBag from /home/airflow/.local/lib/python3.8/site-packages/airflow/example_dags/tutorial_dag.py
[2024-04-01T06:58:09.860+0000] {processor.py:840} INFO - DAG(s) 'tutorial_dag' retrieved from /home/airflow/.local/lib/python3.8/site-packages/airflow/example_dags/tutorial_dag.py
[2024-04-01T06:58:09.871+0000] {logging_mixin.py:188} INFO - [2024-04-01T06:58:09.871+0000] {dag.py:3047} INFO - Sync 1 DAGs
[2024-04-01T06:58:09.878+0000] {logging_mixin.py:188} INFO - [2024-04-01T06:58:09.877+0000] {dag.py:3834} INFO - Setting next_dagrun for tutorial_dag to None, run_after=None
[2024-04-01T06:58:09.886+0000] {processor.py:183} INFO - Processing /home/airflow/.local/lib/python3.8/site-packages/airflow/example_dags/tutorial_dag.py took 0.034 seconds
[2024-04-01T06:58:39.960+0000] {processor.py:161} INFO - Started process (PID=1262) to work on /home/airflow/.local/lib/python3.8/site-packages/airflow/example_dags/tutorial_dag.py
[2024-04-01T06:58:39.961+0000] {processor.py:830} INFO - Processing file /home/airflow/.local/lib/python3.8/site-packages/airflow/example_dags/tutorial_dag.py for tasks to queue
[2024-04-01T06:58:39.962+0000] {logging_mixin.py:188} INFO - [2024-04-01T06:58:39.962+0000] {dagbag.py:540} INFO - Filling up the DagBag from /home/airflow/.local/lib/python3.8/site-packages/airflow/example_dags/tutorial_dag.py
[2024-04-01T06:58:39.965+0000] {processor.py:840} INFO - DAG(s) 'tutorial_dag' retrieved from /home/airflow/.local/lib/python3.8/site-packages/airflow/example_dags/tutorial_dag.py
[2024-04-01T06:58:39.977+0000] {logging_mixin.py:188} INFO - [2024-04-01T06:58:39.977+0000] {dag.py:3047} INFO - Sync 1 DAGs
[2024-04-01T06:58:39.984+0000] {logging_mixin.py:188} INFO - [2024-04-01T06:58:39.984+0000] {dag.py:3834} INFO - Setting next_dagrun for tutorial_dag to None, run_after=None
[2024-04-01T06:58:39.993+0000] {processor.py:183} INFO - Processing /home/airflow/.local/lib/python3.8/site-packages/airflow/example_dags/tutorial_dag.py took 0.034 seconds
[2024-04-01T06:59:10.655+0000] {processor.py:161} INFO - Started process (PID=1317) to work on /home/airflow/.local/lib/python3.8/site-packages/airflow/example_dags/tutorial_dag.py
[2024-04-01T06:59:10.655+0000] {processor.py:830} INFO - Processing file /home/airflow/.local/lib/python3.8/site-packages/airflow/example_dags/tutorial_dag.py for tasks to queue
[2024-04-01T06:59:10.657+0000] {logging_mixin.py:188} INFO - [2024-04-01T06:59:10.656+0000] {dagbag.py:540} INFO - Filling up the DagBag from /home/airflow/.local/lib/python3.8/site-packages/airflow/example_dags/tutorial_dag.py
[2024-04-01T06:59:10.660+0000] {processor.py:840} INFO - DAG(s) 'tutorial_dag' retrieved from /home/airflow/.local/lib/python3.8/site-packages/airflow/example_dags/tutorial_dag.py
[2024-04-01T06:59:10.671+0000] {logging_mixin.py:188} INFO - [2024-04-01T06:59:10.671+0000] {dag.py:3047} INFO - Sync 1 DAGs
[2024-04-01T06:59:10.678+0000] {logging_mixin.py:188} INFO - [2024-04-01T06:59:10.678+0000] {dag.py:3834} INFO - Setting next_dagrun for tutorial_dag to None, run_after=None
[2024-04-01T06:59:10.688+0000] {processor.py:183} INFO - Processing /home/airflow/.local/lib/python3.8/site-packages/airflow/example_dags/tutorial_dag.py took 0.035 seconds
[2024-04-01T06:59:41.326+0000] {processor.py:161} INFO - Started process (PID=1372) to work on /home/airflow/.local/lib/python3.8/site-packages/airflow/example_dags/tutorial_dag.py
[2024-04-01T06:59:41.327+0000] {processor.py:830} INFO - Processing file /home/airflow/.local/lib/python3.8/site-packages/airflow/example_dags/tutorial_dag.py for tasks to queue
[2024-04-01T06:59:41.329+0000] {logging_mixin.py:188} INFO - [2024-04-01T06:59:41.328+0000] {dagbag.py:540} INFO - Filling up the DagBag from /home/airflow/.local/lib/python3.8/site-packages/airflow/example_dags/tutorial_dag.py
[2024-04-01T06:59:41.334+0000] {processor.py:840} INFO - DAG(s) 'tutorial_dag' retrieved from /home/airflow/.local/lib/python3.8/site-packages/airflow/example_dags/tutorial_dag.py
[2024-04-01T06:59:41.352+0000] {logging_mixin.py:188} INFO - [2024-04-01T06:59:41.351+0000] {dag.py:3047} INFO - Sync 1 DAGs
[2024-04-01T06:59:41.361+0000] {logging_mixin.py:188} INFO - [2024-04-01T06:59:41.361+0000] {dag.py:3834} INFO - Setting next_dagrun for tutorial_dag to None, run_after=None
[2024-04-01T06:59:41.375+0000] {processor.py:183} INFO - Processing /home/airflow/.local/lib/python3.8/site-packages/airflow/example_dags/tutorial_dag.py took 0.052 seconds
[2024-04-01T07:00:11.394+0000] {processor.py:161} INFO - Started process (PID=1426) to work on /home/airflow/.local/lib/python3.8/site-packages/airflow/example_dags/tutorial_dag.py
[2024-04-01T07:00:11.395+0000] {processor.py:830} INFO - Processing file /home/airflow/.local/lib/python3.8/site-packages/airflow/example_dags/tutorial_dag.py for tasks to queue
[2024-04-01T07:00:11.396+0000] {logging_mixin.py:188} INFO - [2024-04-01T07:00:11.396+0000] {dagbag.py:540} INFO - Filling up the DagBag from /home/airflow/.local/lib/python3.8/site-packages/airflow/example_dags/tutorial_dag.py
[2024-04-01T07:00:11.399+0000] {processor.py:840} INFO - DAG(s) 'tutorial_dag' retrieved from /home/airflow/.local/lib/python3.8/site-packages/airflow/example_dags/tutorial_dag.py
[2024-04-01T07:00:11.411+0000] {logging_mixin.py:188} INFO - [2024-04-01T07:00:11.411+0000] {dag.py:3047} INFO - Sync 1 DAGs
[2024-04-01T07:00:11.417+0000] {logging_mixin.py:188} INFO - [2024-04-01T07:00:11.417+0000] {dag.py:3834} INFO - Setting next_dagrun for tutorial_dag to None, run_after=None
[2024-04-01T07:00:11.426+0000] {processor.py:183} INFO - Processing /home/airflow/.local/lib/python3.8/site-packages/airflow/example_dags/tutorial_dag.py took 0.034 seconds
[2024-04-01T07:00:41.967+0000] {processor.py:161} INFO - Started process (PID=1482) to work on /home/airflow/.local/lib/python3.8/site-packages/airflow/example_dags/tutorial_dag.py
[2024-04-01T07:00:41.967+0000] {processor.py:830} INFO - Processing file /home/airflow/.local/lib/python3.8/site-packages/airflow/example_dags/tutorial_dag.py for tasks to queue
[2024-04-01T07:00:41.968+0000] {logging_mixin.py:188} INFO - [2024-04-01T07:00:41.968+0000] {dagbag.py:540} INFO - Filling up the DagBag from /home/airflow/.local/lib/python3.8/site-packages/airflow/example_dags/tutorial_dag.py
[2024-04-01T07:00:41.972+0000] {processor.py:840} INFO - DAG(s) 'tutorial_dag' retrieved from /home/airflow/.local/lib/python3.8/site-packages/airflow/example_dags/tutorial_dag.py
[2024-04-01T07:00:41.983+0000] {logging_mixin.py:188} INFO - [2024-04-01T07:00:41.983+0000] {dag.py:3047} INFO - Sync 1 DAGs
[2024-04-01T07:00:41.989+0000] {logging_mixin.py:188} INFO - [2024-04-01T07:00:41.989+0000] {dag.py:3834} INFO - Setting next_dagrun for tutorial_dag to None, run_after=None
[2024-04-01T07:00:41.999+0000] {processor.py:183} INFO - Processing /home/airflow/.local/lib/python3.8/site-packages/airflow/example_dags/tutorial_dag.py took 0.034 seconds
[2024-04-01T07:01:37.012+0000] {processor.py:161} INFO - Started process (PID=53) to work on /home/airflow/.local/lib/python3.8/site-packages/airflow/example_dags/tutorial_dag.py
[2024-04-01T07:01:37.013+0000] {processor.py:830} INFO - Processing file /home/airflow/.local/lib/python3.8/site-packages/airflow/example_dags/tutorial_dag.py for tasks to queue
[2024-04-01T07:01:37.015+0000] {logging_mixin.py:188} INFO - [2024-04-01T07:01:37.015+0000] {dagbag.py:540} INFO - Filling up the DagBag from /home/airflow/.local/lib/python3.8/site-packages/airflow/example_dags/tutorial_dag.py
[2024-04-01T07:01:37.021+0000] {processor.py:840} INFO - DAG(s) 'tutorial_dag' retrieved from /home/airflow/.local/lib/python3.8/site-packages/airflow/example_dags/tutorial_dag.py
[2024-04-01T07:01:37.030+0000] {logging_mixin.py:188} INFO - [2024-04-01T07:01:37.029+0000] {dag.py:3047} INFO - Sync 1 DAGs
[2024-04-01T07:01:37.038+0000] {logging_mixin.py:188} INFO - [2024-04-01T07:01:37.038+0000] {dag.py:3834} INFO - Setting next_dagrun for tutorial_dag to None, run_after=None
[2024-04-01T07:01:37.050+0000] {processor.py:183} INFO - Processing /home/airflow/.local/lib/python3.8/site-packages/airflow/example_dags/tutorial_dag.py took 0.040 seconds
[2024-04-01T07:02:07.493+0000] {processor.py:161} INFO - Started process (PID=108) to work on /home/airflow/.local/lib/python3.8/site-packages/airflow/example_dags/tutorial_dag.py
[2024-04-01T07:02:07.493+0000] {processor.py:830} INFO - Processing file /home/airflow/.local/lib/python3.8/site-packages/airflow/example_dags/tutorial_dag.py for tasks to queue
[2024-04-01T07:02:07.494+0000] {logging_mixin.py:188} INFO - [2024-04-01T07:02:07.494+0000] {dagbag.py:540} INFO - Filling up the DagBag from /home/airflow/.local/lib/python3.8/site-packages/airflow/example_dags/tutorial_dag.py
[2024-04-01T07:02:07.498+0000] {processor.py:840} INFO - DAG(s) 'tutorial_dag' retrieved from /home/airflow/.local/lib/python3.8/site-packages/airflow/example_dags/tutorial_dag.py
[2024-04-01T07:02:07.550+0000] {logging_mixin.py:188} INFO - [2024-04-01T07:02:07.550+0000] {dag.py:3047} INFO - Sync 1 DAGs
[2024-04-01T07:02:07.557+0000] {logging_mixin.py:188} INFO - [2024-04-01T07:02:07.557+0000] {dag.py:3834} INFO - Setting next_dagrun for tutorial_dag to None, run_after=None
[2024-04-01T07:02:07.567+0000] {processor.py:183} INFO - Processing /home/airflow/.local/lib/python3.8/site-packages/airflow/example_dags/tutorial_dag.py took 0.077 seconds
[2024-04-01T07:02:38.211+0000] {processor.py:161} INFO - Started process (PID=162) to work on /home/airflow/.local/lib/python3.8/site-packages/airflow/example_dags/tutorial_dag.py
[2024-04-01T07:02:38.212+0000] {processor.py:830} INFO - Processing file /home/airflow/.local/lib/python3.8/site-packages/airflow/example_dags/tutorial_dag.py for tasks to queue
[2024-04-01T07:02:38.213+0000] {logging_mixin.py:188} INFO - [2024-04-01T07:02:38.213+0000] {dagbag.py:540} INFO - Filling up the DagBag from /home/airflow/.local/lib/python3.8/site-packages/airflow/example_dags/tutorial_dag.py
[2024-04-01T07:02:38.218+0000] {processor.py:840} INFO - DAG(s) 'tutorial_dag' retrieved from /home/airflow/.local/lib/python3.8/site-packages/airflow/example_dags/tutorial_dag.py
[2024-04-01T07:02:38.234+0000] {logging_mixin.py:188} INFO - [2024-04-01T07:02:38.234+0000] {dag.py:3047} INFO - Sync 1 DAGs
[2024-04-01T07:02:38.242+0000] {logging_mixin.py:188} INFO - [2024-04-01T07:02:38.241+0000] {dag.py:3834} INFO - Setting next_dagrun for tutorial_dag to None, run_after=None
[2024-04-01T07:02:38.253+0000] {processor.py:183} INFO - Processing /home/airflow/.local/lib/python3.8/site-packages/airflow/example_dags/tutorial_dag.py took 0.044 seconds
[2024-04-01T07:03:08.285+0000] {processor.py:161} INFO - Started process (PID=217) to work on /home/airflow/.local/lib/python3.8/site-packages/airflow/example_dags/tutorial_dag.py
[2024-04-01T07:03:08.286+0000] {processor.py:830} INFO - Processing file /home/airflow/.local/lib/python3.8/site-packages/airflow/example_dags/tutorial_dag.py for tasks to queue
[2024-04-01T07:03:08.287+0000] {logging_mixin.py:188} INFO - [2024-04-01T07:03:08.287+0000] {dagbag.py:540} INFO - Filling up the DagBag from /home/airflow/.local/lib/python3.8/site-packages/airflow/example_dags/tutorial_dag.py
[2024-04-01T07:03:08.291+0000] {processor.py:840} INFO - DAG(s) 'tutorial_dag' retrieved from /home/airflow/.local/lib/python3.8/site-packages/airflow/example_dags/tutorial_dag.py
[2024-04-01T07:03:08.304+0000] {logging_mixin.py:188} INFO - [2024-04-01T07:03:08.304+0000] {dag.py:3047} INFO - Sync 1 DAGs
[2024-04-01T07:03:08.311+0000] {logging_mixin.py:188} INFO - [2024-04-01T07:03:08.311+0000] {dag.py:3834} INFO - Setting next_dagrun for tutorial_dag to None, run_after=None
[2024-04-01T07:03:08.321+0000] {processor.py:183} INFO - Processing /home/airflow/.local/lib/python3.8/site-packages/airflow/example_dags/tutorial_dag.py took 0.038 seconds
[2024-04-01T07:03:38.408+0000] {processor.py:161} INFO - Started process (PID=272) to work on /home/airflow/.local/lib/python3.8/site-packages/airflow/example_dags/tutorial_dag.py
[2024-04-01T07:03:38.409+0000] {processor.py:830} INFO - Processing file /home/airflow/.local/lib/python3.8/site-packages/airflow/example_dags/tutorial_dag.py for tasks to queue
[2024-04-01T07:03:38.411+0000] {logging_mixin.py:188} INFO - [2024-04-01T07:03:38.410+0000] {dagbag.py:540} INFO - Filling up the DagBag from /home/airflow/.local/lib/python3.8/site-packages/airflow/example_dags/tutorial_dag.py
[2024-04-01T07:03:38.416+0000] {processor.py:840} INFO - DAG(s) 'tutorial_dag' retrieved from /home/airflow/.local/lib/python3.8/site-packages/airflow/example_dags/tutorial_dag.py
[2024-04-01T07:03:38.432+0000] {logging_mixin.py:188} INFO - [2024-04-01T07:03:38.431+0000] {dag.py:3047} INFO - Sync 1 DAGs
[2024-04-01T07:03:38.441+0000] {logging_mixin.py:188} INFO - [2024-04-01T07:03:38.440+0000] {dag.py:3834} INFO - Setting next_dagrun for tutorial_dag to None, run_after=None
[2024-04-01T07:03:38.453+0000] {processor.py:183} INFO - Processing /home/airflow/.local/lib/python3.8/site-packages/airflow/example_dags/tutorial_dag.py took 0.049 seconds
[2024-04-01T07:04:08.479+0000] {processor.py:161} INFO - Started process (PID=327) to work on /home/airflow/.local/lib/python3.8/site-packages/airflow/example_dags/tutorial_dag.py
[2024-04-01T07:04:08.479+0000] {processor.py:830} INFO - Processing file /home/airflow/.local/lib/python3.8/site-packages/airflow/example_dags/tutorial_dag.py for tasks to queue
[2024-04-01T07:04:08.481+0000] {logging_mixin.py:188} INFO - [2024-04-01T07:04:08.481+0000] {dagbag.py:540} INFO - Filling up the DagBag from /home/airflow/.local/lib/python3.8/site-packages/airflow/example_dags/tutorial_dag.py
[2024-04-01T07:04:08.485+0000] {processor.py:840} INFO - DAG(s) 'tutorial_dag' retrieved from /home/airflow/.local/lib/python3.8/site-packages/airflow/example_dags/tutorial_dag.py
[2024-04-01T07:04:08.500+0000] {logging_mixin.py:188} INFO - [2024-04-01T07:04:08.500+0000] {dag.py:3047} INFO - Sync 1 DAGs
[2024-04-01T07:04:08.507+0000] {logging_mixin.py:188} INFO - [2024-04-01T07:04:08.507+0000] {dag.py:3834} INFO - Setting next_dagrun for tutorial_dag to None, run_after=None
[2024-04-01T07:04:08.518+0000] {processor.py:183} INFO - Processing /home/airflow/.local/lib/python3.8/site-packages/airflow/example_dags/tutorial_dag.py took 0.042 seconds
[2024-04-01T07:04:38.639+0000] {processor.py:161} INFO - Started process (PID=382) to work on /home/airflow/.local/lib/python3.8/site-packages/airflow/example_dags/tutorial_dag.py
[2024-04-01T07:04:38.640+0000] {processor.py:830} INFO - Processing file /home/airflow/.local/lib/python3.8/site-packages/airflow/example_dags/tutorial_dag.py for tasks to queue
[2024-04-01T07:04:38.642+0000] {logging_mixin.py:188} INFO - [2024-04-01T07:04:38.642+0000] {dagbag.py:540} INFO - Filling up the DagBag from /home/airflow/.local/lib/python3.8/site-packages/airflow/example_dags/tutorial_dag.py
[2024-04-01T07:04:38.646+0000] {processor.py:840} INFO - DAG(s) 'tutorial_dag' retrieved from /home/airflow/.local/lib/python3.8/site-packages/airflow/example_dags/tutorial_dag.py
[2024-04-01T07:04:38.662+0000] {logging_mixin.py:188} INFO - [2024-04-01T07:04:38.662+0000] {dag.py:3047} INFO - Sync 1 DAGs
[2024-04-01T07:04:38.671+0000] {logging_mixin.py:188} INFO - [2024-04-01T07:04:38.671+0000] {dag.py:3834} INFO - Setting next_dagrun for tutorial_dag to None, run_after=None
[2024-04-01T07:04:38.684+0000] {processor.py:183} INFO - Processing /home/airflow/.local/lib/python3.8/site-packages/airflow/example_dags/tutorial_dag.py took 0.048 seconds
[2024-04-01T07:05:08.910+0000] {processor.py:161} INFO - Started process (PID=437) to work on /home/airflow/.local/lib/python3.8/site-packages/airflow/example_dags/tutorial_dag.py
[2024-04-01T07:05:08.911+0000] {processor.py:830} INFO - Processing file /home/airflow/.local/lib/python3.8/site-packages/airflow/example_dags/tutorial_dag.py for tasks to queue
[2024-04-01T07:05:08.912+0000] {logging_mixin.py:188} INFO - [2024-04-01T07:05:08.912+0000] {dagbag.py:540} INFO - Filling up the DagBag from /home/airflow/.local/lib/python3.8/site-packages/airflow/example_dags/tutorial_dag.py
[2024-04-01T07:05:08.917+0000] {processor.py:840} INFO - DAG(s) 'tutorial_dag' retrieved from /home/airflow/.local/lib/python3.8/site-packages/airflow/example_dags/tutorial_dag.py
[2024-04-01T07:05:08.930+0000] {logging_mixin.py:188} INFO - [2024-04-01T07:05:08.930+0000] {dag.py:3047} INFO - Sync 1 DAGs
[2024-04-01T07:05:08.937+0000] {logging_mixin.py:188} INFO - [2024-04-01T07:05:08.937+0000] {dag.py:3834} INFO - Setting next_dagrun for tutorial_dag to None, run_after=None
[2024-04-01T07:05:08.949+0000] {processor.py:183} INFO - Processing /home/airflow/.local/lib/python3.8/site-packages/airflow/example_dags/tutorial_dag.py took 0.041 seconds
[2024-04-01T07:05:39.006+0000] {processor.py:161} INFO - Started process (PID=492) to work on /home/airflow/.local/lib/python3.8/site-packages/airflow/example_dags/tutorial_dag.py
[2024-04-01T07:05:39.007+0000] {processor.py:830} INFO - Processing file /home/airflow/.local/lib/python3.8/site-packages/airflow/example_dags/tutorial_dag.py for tasks to queue
[2024-04-01T07:05:39.008+0000] {logging_mixin.py:188} INFO - [2024-04-01T07:05:39.007+0000] {dagbag.py:540} INFO - Filling up the DagBag from /home/airflow/.local/lib/python3.8/site-packages/airflow/example_dags/tutorial_dag.py
[2024-04-01T07:05:39.011+0000] {processor.py:840} INFO - DAG(s) 'tutorial_dag' retrieved from /home/airflow/.local/lib/python3.8/site-packages/airflow/example_dags/tutorial_dag.py
[2024-04-01T07:05:39.023+0000] {logging_mixin.py:188} INFO - [2024-04-01T07:05:39.023+0000] {dag.py:3047} INFO - Sync 1 DAGs
[2024-04-01T07:05:39.030+0000] {logging_mixin.py:188} INFO - [2024-04-01T07:05:39.030+0000] {dag.py:3834} INFO - Setting next_dagrun for tutorial_dag to None, run_after=None
[2024-04-01T07:05:39.039+0000] {processor.py:183} INFO - Processing /home/airflow/.local/lib/python3.8/site-packages/airflow/example_dags/tutorial_dag.py took 0.039 seconds
[2024-04-01T07:06:09.255+0000] {processor.py:161} INFO - Started process (PID=547) to work on /home/airflow/.local/lib/python3.8/site-packages/airflow/example_dags/tutorial_dag.py
[2024-04-01T07:06:09.255+0000] {processor.py:830} INFO - Processing file /home/airflow/.local/lib/python3.8/site-packages/airflow/example_dags/tutorial_dag.py for tasks to queue
[2024-04-01T07:06:09.256+0000] {logging_mixin.py:188} INFO - [2024-04-01T07:06:09.256+0000] {dagbag.py:540} INFO - Filling up the DagBag from /home/airflow/.local/lib/python3.8/site-packages/airflow/example_dags/tutorial_dag.py
[2024-04-01T07:06:09.260+0000] {processor.py:840} INFO - DAG(s) 'tutorial_dag' retrieved from /home/airflow/.local/lib/python3.8/site-packages/airflow/example_dags/tutorial_dag.py
[2024-04-01T07:06:09.271+0000] {logging_mixin.py:188} INFO - [2024-04-01T07:06:09.271+0000] {dag.py:3047} INFO - Sync 1 DAGs
[2024-04-01T07:06:09.278+0000] {logging_mixin.py:188} INFO - [2024-04-01T07:06:09.277+0000] {dag.py:3834} INFO - Setting next_dagrun for tutorial_dag to None, run_after=None
[2024-04-01T07:06:09.287+0000] {processor.py:183} INFO - Processing /home/airflow/.local/lib/python3.8/site-packages/airflow/example_dags/tutorial_dag.py took 0.034 seconds
[2024-04-01T07:06:39.488+0000] {processor.py:161} INFO - Started process (PID=602) to work on /home/airflow/.local/lib/python3.8/site-packages/airflow/example_dags/tutorial_dag.py
[2024-04-01T07:06:39.489+0000] {processor.py:830} INFO - Processing file /home/airflow/.local/lib/python3.8/site-packages/airflow/example_dags/tutorial_dag.py for tasks to queue
[2024-04-01T07:06:39.490+0000] {logging_mixin.py:188} INFO - [2024-04-01T07:06:39.490+0000] {dagbag.py:540} INFO - Filling up the DagBag from /home/airflow/.local/lib/python3.8/site-packages/airflow/example_dags/tutorial_dag.py
[2024-04-01T07:06:39.494+0000] {processor.py:840} INFO - DAG(s) 'tutorial_dag' retrieved from /home/airflow/.local/lib/python3.8/site-packages/airflow/example_dags/tutorial_dag.py
[2024-04-01T07:06:39.508+0000] {logging_mixin.py:188} INFO - [2024-04-01T07:06:39.508+0000] {dag.py:3047} INFO - Sync 1 DAGs
[2024-04-01T07:06:39.516+0000] {logging_mixin.py:188} INFO - [2024-04-01T07:06:39.516+0000] {dag.py:3834} INFO - Setting next_dagrun for tutorial_dag to None, run_after=None
[2024-04-01T07:06:39.526+0000] {processor.py:183} INFO - Processing /home/airflow/.local/lib/python3.8/site-packages/airflow/example_dags/tutorial_dag.py took 0.041 seconds
[2024-04-01T07:07:09.716+0000] {processor.py:161} INFO - Started process (PID=657) to work on /home/airflow/.local/lib/python3.8/site-packages/airflow/example_dags/tutorial_dag.py
[2024-04-01T07:07:09.718+0000] {processor.py:830} INFO - Processing file /home/airflow/.local/lib/python3.8/site-packages/airflow/example_dags/tutorial_dag.py for tasks to queue
[2024-04-01T07:07:09.719+0000] {logging_mixin.py:188} INFO - [2024-04-01T07:07:09.719+0000] {dagbag.py:540} INFO - Filling up the DagBag from /home/airflow/.local/lib/python3.8/site-packages/airflow/example_dags/tutorial_dag.py
[2024-04-01T07:07:09.723+0000] {processor.py:840} INFO - DAG(s) 'tutorial_dag' retrieved from /home/airflow/.local/lib/python3.8/site-packages/airflow/example_dags/tutorial_dag.py
[2024-04-01T07:07:09.737+0000] {logging_mixin.py:188} INFO - [2024-04-01T07:07:09.737+0000] {dag.py:3047} INFO - Sync 1 DAGs
[2024-04-01T07:07:09.745+0000] {logging_mixin.py:188} INFO - [2024-04-01T07:07:09.745+0000] {dag.py:3834} INFO - Setting next_dagrun for tutorial_dag to None, run_after=None
[2024-04-01T07:07:09.755+0000] {processor.py:183} INFO - Processing /home/airflow/.local/lib/python3.8/site-packages/airflow/example_dags/tutorial_dag.py took 0.042 seconds
[2024-04-01T07:07:39.884+0000] {processor.py:161} INFO - Started process (PID=712) to work on /home/airflow/.local/lib/python3.8/site-packages/airflow/example_dags/tutorial_dag.py
[2024-04-01T07:07:39.885+0000] {processor.py:830} INFO - Processing file /home/airflow/.local/lib/python3.8/site-packages/airflow/example_dags/tutorial_dag.py for tasks to queue
[2024-04-01T07:07:39.887+0000] {logging_mixin.py:188} INFO - [2024-04-01T07:07:39.886+0000] {dagbag.py:540} INFO - Filling up the DagBag from /home/airflow/.local/lib/python3.8/site-packages/airflow/example_dags/tutorial_dag.py
[2024-04-01T07:07:39.891+0000] {processor.py:840} INFO - DAG(s) 'tutorial_dag' retrieved from /home/airflow/.local/lib/python3.8/site-packages/airflow/example_dags/tutorial_dag.py
[2024-04-01T07:07:39.903+0000] {logging_mixin.py:188} INFO - [2024-04-01T07:07:39.903+0000] {dag.py:3047} INFO - Sync 1 DAGs
[2024-04-01T07:07:39.910+0000] {logging_mixin.py:188} INFO - [2024-04-01T07:07:39.910+0000] {dag.py:3834} INFO - Setting next_dagrun for tutorial_dag to None, run_after=None
[2024-04-01T07:07:39.920+0000] {processor.py:183} INFO - Processing /home/airflow/.local/lib/python3.8/site-packages/airflow/example_dags/tutorial_dag.py took 0.039 seconds
[2024-04-01T07:08:10.118+0000] {processor.py:161} INFO - Started process (PID=767) to work on /home/airflow/.local/lib/python3.8/site-packages/airflow/example_dags/tutorial_dag.py
[2024-04-01T07:08:10.118+0000] {processor.py:830} INFO - Processing file /home/airflow/.local/lib/python3.8/site-packages/airflow/example_dags/tutorial_dag.py for tasks to queue
[2024-04-01T07:08:10.119+0000] {logging_mixin.py:188} INFO - [2024-04-01T07:08:10.119+0000] {dagbag.py:540} INFO - Filling up the DagBag from /home/airflow/.local/lib/python3.8/site-packages/airflow/example_dags/tutorial_dag.py
[2024-04-01T07:08:10.122+0000] {processor.py:840} INFO - DAG(s) 'tutorial_dag' retrieved from /home/airflow/.local/lib/python3.8/site-packages/airflow/example_dags/tutorial_dag.py
[2024-04-01T07:08:10.133+0000] {logging_mixin.py:188} INFO - [2024-04-01T07:08:10.133+0000] {dag.py:3047} INFO - Sync 1 DAGs
[2024-04-01T07:08:10.139+0000] {logging_mixin.py:188} INFO - [2024-04-01T07:08:10.139+0000] {dag.py:3834} INFO - Setting next_dagrun for tutorial_dag to None, run_after=None
[2024-04-01T07:08:10.148+0000] {processor.py:183} INFO - Processing /home/airflow/.local/lib/python3.8/site-packages/airflow/example_dags/tutorial_dag.py took 0.032 seconds
[2024-04-01T07:08:40.988+0000] {processor.py:161} INFO - Started process (PID=822) to work on /home/airflow/.local/lib/python3.8/site-packages/airflow/example_dags/tutorial_dag.py
[2024-04-01T07:08:40.989+0000] {processor.py:830} INFO - Processing file /home/airflow/.local/lib/python3.8/site-packages/airflow/example_dags/tutorial_dag.py for tasks to queue
[2024-04-01T07:08:40.990+0000] {logging_mixin.py:188} INFO - [2024-04-01T07:08:40.990+0000] {dagbag.py:540} INFO - Filling up the DagBag from /home/airflow/.local/lib/python3.8/site-packages/airflow/example_dags/tutorial_dag.py
[2024-04-01T07:08:40.995+0000] {processor.py:840} INFO - DAG(s) 'tutorial_dag' retrieved from /home/airflow/.local/lib/python3.8/site-packages/airflow/example_dags/tutorial_dag.py
[2024-04-01T07:08:41.009+0000] {logging_mixin.py:188} INFO - [2024-04-01T07:08:41.009+0000] {dag.py:3047} INFO - Sync 1 DAGs
[2024-04-01T07:08:41.016+0000] {logging_mixin.py:188} INFO - [2024-04-01T07:08:41.016+0000] {dag.py:3834} INFO - Setting next_dagrun for tutorial_dag to None, run_after=None
[2024-04-01T07:08:41.026+0000] {processor.py:183} INFO - Processing /home/airflow/.local/lib/python3.8/site-packages/airflow/example_dags/tutorial_dag.py took 0.040 seconds
[2024-04-01T07:09:11.166+0000] {processor.py:161} INFO - Started process (PID=877) to work on /home/airflow/.local/lib/python3.8/site-packages/airflow/example_dags/tutorial_dag.py
[2024-04-01T07:09:11.166+0000] {processor.py:830} INFO - Processing file /home/airflow/.local/lib/python3.8/site-packages/airflow/example_dags/tutorial_dag.py for tasks to queue
[2024-04-01T07:09:11.168+0000] {logging_mixin.py:188} INFO - [2024-04-01T07:09:11.167+0000] {dagbag.py:540} INFO - Filling up the DagBag from /home/airflow/.local/lib/python3.8/site-packages/airflow/example_dags/tutorial_dag.py
[2024-04-01T07:09:11.172+0000] {processor.py:840} INFO - DAG(s) 'tutorial_dag' retrieved from /home/airflow/.local/lib/python3.8/site-packages/airflow/example_dags/tutorial_dag.py
[2024-04-01T07:09:11.185+0000] {logging_mixin.py:188} INFO - [2024-04-01T07:09:11.185+0000] {dag.py:3047} INFO - Sync 1 DAGs
[2024-04-01T07:09:11.193+0000] {logging_mixin.py:188} INFO - [2024-04-01T07:09:11.192+0000] {dag.py:3834} INFO - Setting next_dagrun for tutorial_dag to None, run_after=None
[2024-04-01T07:09:11.202+0000] {processor.py:183} INFO - Processing /home/airflow/.local/lib/python3.8/site-packages/airflow/example_dags/tutorial_dag.py took 0.039 seconds
[2024-04-01T07:09:42.138+0000] {processor.py:161} INFO - Started process (PID=932) to work on /home/airflow/.local/lib/python3.8/site-packages/airflow/example_dags/tutorial_dag.py
[2024-04-01T07:09:42.139+0000] {processor.py:830} INFO - Processing file /home/airflow/.local/lib/python3.8/site-packages/airflow/example_dags/tutorial_dag.py for tasks to queue
[2024-04-01T07:09:42.141+0000] {logging_mixin.py:188} INFO - [2024-04-01T07:09:42.141+0000] {dagbag.py:540} INFO - Filling up the DagBag from /home/airflow/.local/lib/python3.8/site-packages/airflow/example_dags/tutorial_dag.py
[2024-04-01T07:09:42.146+0000] {processor.py:840} INFO - DAG(s) 'tutorial_dag' retrieved from /home/airflow/.local/lib/python3.8/site-packages/airflow/example_dags/tutorial_dag.py
[2024-04-01T07:09:42.159+0000] {logging_mixin.py:188} INFO - [2024-04-01T07:09:42.159+0000] {dag.py:3047} INFO - Sync 1 DAGs
[2024-04-01T07:09:42.166+0000] {logging_mixin.py:188} INFO - [2024-04-01T07:09:42.166+0000] {dag.py:3834} INFO - Setting next_dagrun for tutorial_dag to None, run_after=None
[2024-04-01T07:09:42.176+0000] {processor.py:183} INFO - Processing /home/airflow/.local/lib/python3.8/site-packages/airflow/example_dags/tutorial_dag.py took 0.040 seconds
[2024-04-01T07:10:12.919+0000] {processor.py:161} INFO - Started process (PID=987) to work on /home/airflow/.local/lib/python3.8/site-packages/airflow/example_dags/tutorial_dag.py
[2024-04-01T07:10:12.921+0000] {processor.py:830} INFO - Processing file /home/airflow/.local/lib/python3.8/site-packages/airflow/example_dags/tutorial_dag.py for tasks to queue
[2024-04-01T07:10:12.923+0000] {logging_mixin.py:188} INFO - [2024-04-01T07:10:12.923+0000] {dagbag.py:540} INFO - Filling up the DagBag from /home/airflow/.local/lib/python3.8/site-packages/airflow/example_dags/tutorial_dag.py
[2024-04-01T07:10:12.931+0000] {processor.py:840} INFO - DAG(s) 'tutorial_dag' retrieved from /home/airflow/.local/lib/python3.8/site-packages/airflow/example_dags/tutorial_dag.py
[2024-04-01T07:10:12.949+0000] {logging_mixin.py:188} INFO - [2024-04-01T07:10:12.949+0000] {dag.py:3047} INFO - Sync 1 DAGs
[2024-04-01T07:10:12.961+0000] {logging_mixin.py:188} INFO - [2024-04-01T07:10:12.961+0000] {dag.py:3834} INFO - Setting next_dagrun for tutorial_dag to None, run_after=None
[2024-04-01T07:10:12.973+0000] {processor.py:183} INFO - Processing /home/airflow/.local/lib/python3.8/site-packages/airflow/example_dags/tutorial_dag.py took 0.058 seconds
[2024-04-01T07:10:43.079+0000] {processor.py:161} INFO - Started process (PID=1042) to work on /home/airflow/.local/lib/python3.8/site-packages/airflow/example_dags/tutorial_dag.py
[2024-04-01T07:10:43.081+0000] {processor.py:830} INFO - Processing file /home/airflow/.local/lib/python3.8/site-packages/airflow/example_dags/tutorial_dag.py for tasks to queue
[2024-04-01T07:10:43.083+0000] {logging_mixin.py:188} INFO - [2024-04-01T07:10:43.082+0000] {dagbag.py:540} INFO - Filling up the DagBag from /home/airflow/.local/lib/python3.8/site-packages/airflow/example_dags/tutorial_dag.py
[2024-04-01T07:10:43.088+0000] {processor.py:840} INFO - DAG(s) 'tutorial_dag' retrieved from /home/airflow/.local/lib/python3.8/site-packages/airflow/example_dags/tutorial_dag.py
[2024-04-01T07:10:43.105+0000] {logging_mixin.py:188} INFO - [2024-04-01T07:10:43.105+0000] {dag.py:3047} INFO - Sync 1 DAGs
[2024-04-01T07:10:43.112+0000] {logging_mixin.py:188} INFO - [2024-04-01T07:10:43.112+0000] {dag.py:3834} INFO - Setting next_dagrun for tutorial_dag to None, run_after=None
[2024-04-01T07:10:43.122+0000] {processor.py:183} INFO - Processing /home/airflow/.local/lib/python3.8/site-packages/airflow/example_dags/tutorial_dag.py took 0.047 seconds
[2024-04-01T07:11:13.182+0000] {processor.py:161} INFO - Started process (PID=1104) to work on /home/airflow/.local/lib/python3.8/site-packages/airflow/example_dags/tutorial_dag.py
[2024-04-01T07:11:13.183+0000] {processor.py:830} INFO - Processing file /home/airflow/.local/lib/python3.8/site-packages/airflow/example_dags/tutorial_dag.py for tasks to queue
[2024-04-01T07:11:13.184+0000] {logging_mixin.py:188} INFO - [2024-04-01T07:11:13.184+0000] {dagbag.py:540} INFO - Filling up the DagBag from /home/airflow/.local/lib/python3.8/site-packages/airflow/example_dags/tutorial_dag.py
[2024-04-01T07:11:13.189+0000] {processor.py:840} INFO - DAG(s) 'tutorial_dag' retrieved from /home/airflow/.local/lib/python3.8/site-packages/airflow/example_dags/tutorial_dag.py
[2024-04-01T07:11:13.204+0000] {logging_mixin.py:188} INFO - [2024-04-01T07:11:13.204+0000] {dag.py:3047} INFO - Sync 1 DAGs
[2024-04-01T07:11:13.215+0000] {logging_mixin.py:188} INFO - [2024-04-01T07:11:13.215+0000] {dag.py:3834} INFO - Setting next_dagrun for tutorial_dag to None, run_after=None
[2024-04-01T07:11:13.226+0000] {processor.py:183} INFO - Processing /home/airflow/.local/lib/python3.8/site-packages/airflow/example_dags/tutorial_dag.py took 0.047 seconds
[2024-04-01T07:11:43.305+0000] {processor.py:161} INFO - Started process (PID=1159) to work on /home/airflow/.local/lib/python3.8/site-packages/airflow/example_dags/tutorial_dag.py
[2024-04-01T07:11:43.307+0000] {processor.py:830} INFO - Processing file /home/airflow/.local/lib/python3.8/site-packages/airflow/example_dags/tutorial_dag.py for tasks to queue
[2024-04-01T07:11:43.309+0000] {logging_mixin.py:188} INFO - [2024-04-01T07:11:43.309+0000] {dagbag.py:540} INFO - Filling up the DagBag from /home/airflow/.local/lib/python3.8/site-packages/airflow/example_dags/tutorial_dag.py
[2024-04-01T07:11:43.315+0000] {processor.py:840} INFO - DAG(s) 'tutorial_dag' retrieved from /home/airflow/.local/lib/python3.8/site-packages/airflow/example_dags/tutorial_dag.py
[2024-04-01T07:11:43.330+0000] {logging_mixin.py:188} INFO - [2024-04-01T07:11:43.330+0000] {dag.py:3047} INFO - Sync 1 DAGs
[2024-04-01T07:11:43.338+0000] {logging_mixin.py:188} INFO - [2024-04-01T07:11:43.337+0000] {dag.py:3834} INFO - Setting next_dagrun for tutorial_dag to None, run_after=None
[2024-04-01T07:11:43.348+0000] {processor.py:183} INFO - Processing /home/airflow/.local/lib/python3.8/site-packages/airflow/example_dags/tutorial_dag.py took 0.047 seconds
[2024-04-01T07:12:13.527+0000] {processor.py:161} INFO - Started process (PID=1214) to work on /home/airflow/.local/lib/python3.8/site-packages/airflow/example_dags/tutorial_dag.py
[2024-04-01T07:12:13.528+0000] {processor.py:830} INFO - Processing file /home/airflow/.local/lib/python3.8/site-packages/airflow/example_dags/tutorial_dag.py for tasks to queue
[2024-04-01T07:12:13.530+0000] {logging_mixin.py:188} INFO - [2024-04-01T07:12:13.530+0000] {dagbag.py:540} INFO - Filling up the DagBag from /home/airflow/.local/lib/python3.8/site-packages/airflow/example_dags/tutorial_dag.py
[2024-04-01T07:12:13.536+0000] {processor.py:840} INFO - DAG(s) 'tutorial_dag' retrieved from /home/airflow/.local/lib/python3.8/site-packages/airflow/example_dags/tutorial_dag.py
[2024-04-01T07:12:13.556+0000] {logging_mixin.py:188} INFO - [2024-04-01T07:12:13.556+0000] {dag.py:3047} INFO - Sync 1 DAGs
[2024-04-01T07:12:13.565+0000] {logging_mixin.py:188} INFO - [2024-04-01T07:12:13.565+0000] {dag.py:3834} INFO - Setting next_dagrun for tutorial_dag to None, run_after=None
[2024-04-01T07:12:13.578+0000] {processor.py:183} INFO - Processing /home/airflow/.local/lib/python3.8/site-packages/airflow/example_dags/tutorial_dag.py took 0.056 seconds
