[2024-04-01T06:47:27.425+0000] {processor.py:161} INFO - Started process (PID=82) to work on /home/airflow/.local/lib/python3.8/site-packages/airflow/example_dags/example_task_group.py
[2024-04-01T06:47:27.426+0000] {processor.py:830} INFO - Processing file /home/airflow/.local/lib/python3.8/site-packages/airflow/example_dags/example_task_group.py for tasks to queue
[2024-04-01T06:47:27.428+0000] {logging_mixin.py:188} INFO - [2024-04-01T06:47:27.428+0000] {dagbag.py:540} INFO - Filling up the DagBag from /home/airflow/.local/lib/python3.8/site-packages/airflow/example_dags/example_task_group.py
[2024-04-01T06:47:27.436+0000] {processor.py:840} INFO - DAG(s) 'example_task_group' retrieved from /home/airflow/.local/lib/python3.8/site-packages/airflow/example_dags/example_task_group.py
[2024-04-01T06:47:27.445+0000] {logging_mixin.py:188} INFO - [2024-04-01T06:47:27.444+0000] {dag.py:3047} INFO - Sync 1 DAGs
[2024-04-01T06:47:27.461+0000] {logging_mixin.py:188} INFO - [2024-04-01T06:47:27.461+0000] {dag.py:3834} INFO - Setting next_dagrun for example_task_group to 2024-03-31 00:00:00+00:00, run_after=2024-04-01 00:00:00+00:00
[2024-04-01T06:47:27.474+0000] {processor.py:183} INFO - Processing /home/airflow/.local/lib/python3.8/site-packages/airflow/example_dags/example_task_group.py took 0.052 seconds
[2024-04-01T06:47:58.804+0000] {processor.py:161} INFO - Started process (PID=137) to work on /home/airflow/.local/lib/python3.8/site-packages/airflow/example_dags/example_task_group.py
[2024-04-01T06:47:58.804+0000] {processor.py:830} INFO - Processing file /home/airflow/.local/lib/python3.8/site-packages/airflow/example_dags/example_task_group.py for tasks to queue
[2024-04-01T06:47:58.805+0000] {logging_mixin.py:188} INFO - [2024-04-01T06:47:58.805+0000] {dagbag.py:540} INFO - Filling up the DagBag from /home/airflow/.local/lib/python3.8/site-packages/airflow/example_dags/example_task_group.py
[2024-04-01T06:47:58.810+0000] {processor.py:840} INFO - DAG(s) 'example_task_group' retrieved from /home/airflow/.local/lib/python3.8/site-packages/airflow/example_dags/example_task_group.py
[2024-04-01T06:47:58.865+0000] {logging_mixin.py:188} INFO - [2024-04-01T06:47:58.864+0000] {dag.py:3047} INFO - Sync 1 DAGs
[2024-04-01T06:47:58.876+0000] {logging_mixin.py:188} INFO - [2024-04-01T06:47:58.875+0000] {dag.py:3834} INFO - Setting next_dagrun for example_task_group to 2024-03-31 00:00:00+00:00, run_after=2024-04-01 00:00:00+00:00
[2024-04-01T06:47:58.886+0000] {processor.py:183} INFO - Processing /home/airflow/.local/lib/python3.8/site-packages/airflow/example_dags/example_task_group.py took 0.084 seconds
[2024-04-01T06:48:29.811+0000] {processor.py:161} INFO - Started process (PID=192) to work on /home/airflow/.local/lib/python3.8/site-packages/airflow/example_dags/example_task_group.py
[2024-04-01T06:48:29.811+0000] {processor.py:830} INFO - Processing file /home/airflow/.local/lib/python3.8/site-packages/airflow/example_dags/example_task_group.py for tasks to queue
[2024-04-01T06:48:29.812+0000] {logging_mixin.py:188} INFO - [2024-04-01T06:48:29.812+0000] {dagbag.py:540} INFO - Filling up the DagBag from /home/airflow/.local/lib/python3.8/site-packages/airflow/example_dags/example_task_group.py
[2024-04-01T06:48:29.816+0000] {processor.py:840} INFO - DAG(s) 'example_task_group' retrieved from /home/airflow/.local/lib/python3.8/site-packages/airflow/example_dags/example_task_group.py
[2024-04-01T06:48:29.830+0000] {logging_mixin.py:188} INFO - [2024-04-01T06:48:29.830+0000] {dag.py:3047} INFO - Sync 1 DAGs
[2024-04-01T06:48:29.843+0000] {logging_mixin.py:188} INFO - [2024-04-01T06:48:29.843+0000] {dag.py:3834} INFO - Setting next_dagrun for example_task_group to 2024-03-31 00:00:00+00:00, run_after=2024-04-01 00:00:00+00:00
[2024-04-01T06:48:29.853+0000] {processor.py:183} INFO - Processing /home/airflow/.local/lib/python3.8/site-packages/airflow/example_dags/example_task_group.py took 0.044 seconds
[2024-04-01T06:49:00.423+0000] {processor.py:161} INFO - Started process (PID=247) to work on /home/airflow/.local/lib/python3.8/site-packages/airflow/example_dags/example_task_group.py
[2024-04-01T06:49:00.424+0000] {processor.py:830} INFO - Processing file /home/airflow/.local/lib/python3.8/site-packages/airflow/example_dags/example_task_group.py for tasks to queue
[2024-04-01T06:49:00.426+0000] {logging_mixin.py:188} INFO - [2024-04-01T06:49:00.426+0000] {dagbag.py:540} INFO - Filling up the DagBag from /home/airflow/.local/lib/python3.8/site-packages/airflow/example_dags/example_task_group.py
[2024-04-01T06:49:00.433+0000] {processor.py:840} INFO - DAG(s) 'example_task_group' retrieved from /home/airflow/.local/lib/python3.8/site-packages/airflow/example_dags/example_task_group.py
[2024-04-01T06:49:00.447+0000] {logging_mixin.py:188} INFO - [2024-04-01T06:49:00.447+0000] {dag.py:3047} INFO - Sync 1 DAGs
[2024-04-01T06:49:00.459+0000] {logging_mixin.py:188} INFO - [2024-04-01T06:49:00.459+0000] {dag.py:3834} INFO - Setting next_dagrun for example_task_group to 2024-03-31 00:00:00+00:00, run_after=2024-04-01 00:00:00+00:00
[2024-04-01T06:49:00.468+0000] {processor.py:183} INFO - Processing /home/airflow/.local/lib/python3.8/site-packages/airflow/example_dags/example_task_group.py took 0.050 seconds
[2024-04-01T06:49:31.146+0000] {processor.py:161} INFO - Started process (PID=302) to work on /home/airflow/.local/lib/python3.8/site-packages/airflow/example_dags/example_task_group.py
[2024-04-01T06:49:31.147+0000] {processor.py:830} INFO - Processing file /home/airflow/.local/lib/python3.8/site-packages/airflow/example_dags/example_task_group.py for tasks to queue
[2024-04-01T06:49:31.149+0000] {logging_mixin.py:188} INFO - [2024-04-01T06:49:31.148+0000] {dagbag.py:540} INFO - Filling up the DagBag from /home/airflow/.local/lib/python3.8/site-packages/airflow/example_dags/example_task_group.py
[2024-04-01T06:49:31.158+0000] {processor.py:840} INFO - DAG(s) 'example_task_group' retrieved from /home/airflow/.local/lib/python3.8/site-packages/airflow/example_dags/example_task_group.py
[2024-04-01T06:49:31.183+0000] {logging_mixin.py:188} INFO - [2024-04-01T06:49:31.183+0000] {dag.py:3047} INFO - Sync 1 DAGs
[2024-04-01T06:49:31.197+0000] {logging_mixin.py:188} INFO - [2024-04-01T06:49:31.197+0000] {dag.py:3834} INFO - Setting next_dagrun for example_task_group to 2024-03-31 00:00:00+00:00, run_after=2024-04-01 00:00:00+00:00
[2024-04-01T06:49:31.207+0000] {processor.py:183} INFO - Processing /home/airflow/.local/lib/python3.8/site-packages/airflow/example_dags/example_task_group.py took 0.065 seconds
[2024-04-01T06:50:02.172+0000] {processor.py:161} INFO - Started process (PID=357) to work on /home/airflow/.local/lib/python3.8/site-packages/airflow/example_dags/example_task_group.py
[2024-04-01T06:50:02.173+0000] {processor.py:830} INFO - Processing file /home/airflow/.local/lib/python3.8/site-packages/airflow/example_dags/example_task_group.py for tasks to queue
[2024-04-01T06:50:02.175+0000] {logging_mixin.py:188} INFO - [2024-04-01T06:50:02.175+0000] {dagbag.py:540} INFO - Filling up the DagBag from /home/airflow/.local/lib/python3.8/site-packages/airflow/example_dags/example_task_group.py
[2024-04-01T06:50:02.182+0000] {processor.py:840} INFO - DAG(s) 'example_task_group' retrieved from /home/airflow/.local/lib/python3.8/site-packages/airflow/example_dags/example_task_group.py
[2024-04-01T06:50:02.196+0000] {logging_mixin.py:188} INFO - [2024-04-01T06:50:02.196+0000] {dag.py:3047} INFO - Sync 1 DAGs
[2024-04-01T06:50:02.207+0000] {logging_mixin.py:188} INFO - [2024-04-01T06:50:02.207+0000] {dag.py:3834} INFO - Setting next_dagrun for example_task_group to 2024-03-31 00:00:00+00:00, run_after=2024-04-01 00:00:00+00:00
[2024-04-01T06:50:02.217+0000] {processor.py:183} INFO - Processing /home/airflow/.local/lib/python3.8/site-packages/airflow/example_dags/example_task_group.py took 0.050 seconds
[2024-04-01T06:50:33.109+0000] {processor.py:161} INFO - Started process (PID=412) to work on /home/airflow/.local/lib/python3.8/site-packages/airflow/example_dags/example_task_group.py
[2024-04-01T06:50:33.111+0000] {processor.py:830} INFO - Processing file /home/airflow/.local/lib/python3.8/site-packages/airflow/example_dags/example_task_group.py for tasks to queue
[2024-04-01T06:50:33.113+0000] {logging_mixin.py:188} INFO - [2024-04-01T06:50:33.112+0000] {dagbag.py:540} INFO - Filling up the DagBag from /home/airflow/.local/lib/python3.8/site-packages/airflow/example_dags/example_task_group.py
[2024-04-01T06:50:33.119+0000] {processor.py:840} INFO - DAG(s) 'example_task_group' retrieved from /home/airflow/.local/lib/python3.8/site-packages/airflow/example_dags/example_task_group.py
[2024-04-01T06:50:33.134+0000] {logging_mixin.py:188} INFO - [2024-04-01T06:50:33.134+0000] {dag.py:3047} INFO - Sync 1 DAGs
[2024-04-01T06:50:33.146+0000] {logging_mixin.py:188} INFO - [2024-04-01T06:50:33.145+0000] {dag.py:3834} INFO - Setting next_dagrun for example_task_group to 2024-03-31 00:00:00+00:00, run_after=2024-04-01 00:00:00+00:00
[2024-04-01T06:50:33.155+0000] {processor.py:183} INFO - Processing /home/airflow/.local/lib/python3.8/site-packages/airflow/example_dags/example_task_group.py took 0.050 seconds
[2024-04-01T06:51:03.777+0000] {processor.py:161} INFO - Started process (PID=467) to work on /home/airflow/.local/lib/python3.8/site-packages/airflow/example_dags/example_task_group.py
[2024-04-01T06:51:03.778+0000] {processor.py:830} INFO - Processing file /home/airflow/.local/lib/python3.8/site-packages/airflow/example_dags/example_task_group.py for tasks to queue
[2024-04-01T06:51:03.780+0000] {logging_mixin.py:188} INFO - [2024-04-01T06:51:03.780+0000] {dagbag.py:540} INFO - Filling up the DagBag from /home/airflow/.local/lib/python3.8/site-packages/airflow/example_dags/example_task_group.py
[2024-04-01T06:51:03.786+0000] {processor.py:840} INFO - DAG(s) 'example_task_group' retrieved from /home/airflow/.local/lib/python3.8/site-packages/airflow/example_dags/example_task_group.py
[2024-04-01T06:51:03.801+0000] {logging_mixin.py:188} INFO - [2024-04-01T06:51:03.800+0000] {dag.py:3047} INFO - Sync 1 DAGs
[2024-04-01T06:51:03.812+0000] {logging_mixin.py:188} INFO - [2024-04-01T06:51:03.812+0000] {dag.py:3834} INFO - Setting next_dagrun for example_task_group to 2024-03-31 00:00:00+00:00, run_after=2024-04-01 00:00:00+00:00
[2024-04-01T06:51:03.822+0000] {processor.py:183} INFO - Processing /home/airflow/.local/lib/python3.8/site-packages/airflow/example_dags/example_task_group.py took 0.049 seconds
[2024-04-01T06:51:34.533+0000] {processor.py:161} INFO - Started process (PID=522) to work on /home/airflow/.local/lib/python3.8/site-packages/airflow/example_dags/example_task_group.py
[2024-04-01T06:51:34.534+0000] {processor.py:830} INFO - Processing file /home/airflow/.local/lib/python3.8/site-packages/airflow/example_dags/example_task_group.py for tasks to queue
[2024-04-01T06:51:34.536+0000] {logging_mixin.py:188} INFO - [2024-04-01T06:51:34.536+0000] {dagbag.py:540} INFO - Filling up the DagBag from /home/airflow/.local/lib/python3.8/site-packages/airflow/example_dags/example_task_group.py
[2024-04-01T06:51:34.543+0000] {processor.py:840} INFO - DAG(s) 'example_task_group' retrieved from /home/airflow/.local/lib/python3.8/site-packages/airflow/example_dags/example_task_group.py
[2024-04-01T06:51:34.558+0000] {logging_mixin.py:188} INFO - [2024-04-01T06:51:34.558+0000] {dag.py:3047} INFO - Sync 1 DAGs
[2024-04-01T06:51:34.570+0000] {logging_mixin.py:188} INFO - [2024-04-01T06:51:34.570+0000] {dag.py:3834} INFO - Setting next_dagrun for example_task_group to 2024-03-31 00:00:00+00:00, run_after=2024-04-01 00:00:00+00:00
[2024-04-01T06:51:34.579+0000] {processor.py:183} INFO - Processing /home/airflow/.local/lib/python3.8/site-packages/airflow/example_dags/example_task_group.py took 0.050 seconds
[2024-04-01T06:52:05.388+0000] {processor.py:161} INFO - Started process (PID=577) to work on /home/airflow/.local/lib/python3.8/site-packages/airflow/example_dags/example_task_group.py
[2024-04-01T06:52:05.390+0000] {processor.py:830} INFO - Processing file /home/airflow/.local/lib/python3.8/site-packages/airflow/example_dags/example_task_group.py for tasks to queue
[2024-04-01T06:52:05.392+0000] {logging_mixin.py:188} INFO - [2024-04-01T06:52:05.391+0000] {dagbag.py:540} INFO - Filling up the DagBag from /home/airflow/.local/lib/python3.8/site-packages/airflow/example_dags/example_task_group.py
[2024-04-01T06:52:05.398+0000] {processor.py:840} INFO - DAG(s) 'example_task_group' retrieved from /home/airflow/.local/lib/python3.8/site-packages/airflow/example_dags/example_task_group.py
[2024-04-01T06:52:05.414+0000] {logging_mixin.py:188} INFO - [2024-04-01T06:52:05.413+0000] {dag.py:3047} INFO - Sync 1 DAGs
[2024-04-01T06:52:05.425+0000] {logging_mixin.py:188} INFO - [2024-04-01T06:52:05.425+0000] {dag.py:3834} INFO - Setting next_dagrun for example_task_group to 2024-03-31 00:00:00+00:00, run_after=2024-04-01 00:00:00+00:00
[2024-04-01T06:52:05.435+0000] {processor.py:183} INFO - Processing /home/airflow/.local/lib/python3.8/site-packages/airflow/example_dags/example_task_group.py took 0.050 seconds
[2024-04-01T06:52:36.249+0000] {processor.py:161} INFO - Started process (PID=632) to work on /home/airflow/.local/lib/python3.8/site-packages/airflow/example_dags/example_task_group.py
[2024-04-01T06:52:36.250+0000] {processor.py:830} INFO - Processing file /home/airflow/.local/lib/python3.8/site-packages/airflow/example_dags/example_task_group.py for tasks to queue
[2024-04-01T06:52:36.251+0000] {logging_mixin.py:188} INFO - [2024-04-01T06:52:36.251+0000] {dagbag.py:540} INFO - Filling up the DagBag from /home/airflow/.local/lib/python3.8/site-packages/airflow/example_dags/example_task_group.py
[2024-04-01T06:52:36.256+0000] {processor.py:840} INFO - DAG(s) 'example_task_group' retrieved from /home/airflow/.local/lib/python3.8/site-packages/airflow/example_dags/example_task_group.py
[2024-04-01T06:52:36.273+0000] {logging_mixin.py:188} INFO - [2024-04-01T06:52:36.273+0000] {dag.py:3047} INFO - Sync 1 DAGs
[2024-04-01T06:52:36.287+0000] {logging_mixin.py:188} INFO - [2024-04-01T06:52:36.287+0000] {dag.py:3834} INFO - Setting next_dagrun for example_task_group to 2024-03-31 00:00:00+00:00, run_after=2024-04-01 00:00:00+00:00
[2024-04-01T06:52:36.298+0000] {processor.py:183} INFO - Processing /home/airflow/.local/lib/python3.8/site-packages/airflow/example_dags/example_task_group.py took 0.052 seconds
[2024-04-01T06:53:06.446+0000] {processor.py:161} INFO - Started process (PID=687) to work on /home/airflow/.local/lib/python3.8/site-packages/airflow/example_dags/example_task_group.py
[2024-04-01T06:53:06.447+0000] {processor.py:830} INFO - Processing file /home/airflow/.local/lib/python3.8/site-packages/airflow/example_dags/example_task_group.py for tasks to queue
[2024-04-01T06:53:06.449+0000] {logging_mixin.py:188} INFO - [2024-04-01T06:53:06.449+0000] {dagbag.py:540} INFO - Filling up the DagBag from /home/airflow/.local/lib/python3.8/site-packages/airflow/example_dags/example_task_group.py
[2024-04-01T06:53:06.456+0000] {processor.py:840} INFO - DAG(s) 'example_task_group' retrieved from /home/airflow/.local/lib/python3.8/site-packages/airflow/example_dags/example_task_group.py
[2024-04-01T06:53:06.471+0000] {logging_mixin.py:188} INFO - [2024-04-01T06:53:06.471+0000] {dag.py:3047} INFO - Sync 1 DAGs
[2024-04-01T06:53:06.483+0000] {logging_mixin.py:188} INFO - [2024-04-01T06:53:06.483+0000] {dag.py:3834} INFO - Setting next_dagrun for example_task_group to 2024-03-31 00:00:00+00:00, run_after=2024-04-01 00:00:00+00:00
[2024-04-01T06:53:06.493+0000] {processor.py:183} INFO - Processing /home/airflow/.local/lib/python3.8/site-packages/airflow/example_dags/example_task_group.py took 0.051 seconds
[2024-04-01T06:53:36.764+0000] {processor.py:161} INFO - Started process (PID=742) to work on /home/airflow/.local/lib/python3.8/site-packages/airflow/example_dags/example_task_group.py
[2024-04-01T06:53:36.765+0000] {processor.py:830} INFO - Processing file /home/airflow/.local/lib/python3.8/site-packages/airflow/example_dags/example_task_group.py for tasks to queue
[2024-04-01T06:53:36.767+0000] {logging_mixin.py:188} INFO - [2024-04-01T06:53:36.767+0000] {dagbag.py:540} INFO - Filling up the DagBag from /home/airflow/.local/lib/python3.8/site-packages/airflow/example_dags/example_task_group.py
[2024-04-01T06:53:36.774+0000] {processor.py:840} INFO - DAG(s) 'example_task_group' retrieved from /home/airflow/.local/lib/python3.8/site-packages/airflow/example_dags/example_task_group.py
[2024-04-01T06:53:36.790+0000] {logging_mixin.py:188} INFO - [2024-04-01T06:53:36.789+0000] {dag.py:3047} INFO - Sync 1 DAGs
[2024-04-01T06:53:36.804+0000] {logging_mixin.py:188} INFO - [2024-04-01T06:53:36.803+0000] {dag.py:3834} INFO - Setting next_dagrun for example_task_group to 2024-03-31 00:00:00+00:00, run_after=2024-04-01 00:00:00+00:00
[2024-04-01T06:53:36.815+0000] {processor.py:183} INFO - Processing /home/airflow/.local/lib/python3.8/site-packages/airflow/example_dags/example_task_group.py took 0.055 seconds
[2024-04-01T06:54:07.422+0000] {processor.py:161} INFO - Started process (PID=797) to work on /home/airflow/.local/lib/python3.8/site-packages/airflow/example_dags/example_task_group.py
[2024-04-01T06:54:07.423+0000] {processor.py:830} INFO - Processing file /home/airflow/.local/lib/python3.8/site-packages/airflow/example_dags/example_task_group.py for tasks to queue
[2024-04-01T06:54:07.425+0000] {logging_mixin.py:188} INFO - [2024-04-01T06:54:07.425+0000] {dagbag.py:540} INFO - Filling up the DagBag from /home/airflow/.local/lib/python3.8/site-packages/airflow/example_dags/example_task_group.py
[2024-04-01T06:54:07.432+0000] {processor.py:840} INFO - DAG(s) 'example_task_group' retrieved from /home/airflow/.local/lib/python3.8/site-packages/airflow/example_dags/example_task_group.py
[2024-04-01T06:54:07.447+0000] {logging_mixin.py:188} INFO - [2024-04-01T06:54:07.447+0000] {dag.py:3047} INFO - Sync 1 DAGs
[2024-04-01T06:54:07.458+0000] {logging_mixin.py:188} INFO - [2024-04-01T06:54:07.458+0000] {dag.py:3834} INFO - Setting next_dagrun for example_task_group to 2024-03-31 00:00:00+00:00, run_after=2024-04-01 00:00:00+00:00
[2024-04-01T06:54:07.468+0000] {processor.py:183} INFO - Processing /home/airflow/.local/lib/python3.8/site-packages/airflow/example_dags/example_task_group.py took 0.050 seconds
[2024-04-01T06:54:38.134+0000] {processor.py:161} INFO - Started process (PID=852) to work on /home/airflow/.local/lib/python3.8/site-packages/airflow/example_dags/example_task_group.py
[2024-04-01T06:54:38.135+0000] {processor.py:830} INFO - Processing file /home/airflow/.local/lib/python3.8/site-packages/airflow/example_dags/example_task_group.py for tasks to queue
[2024-04-01T06:54:38.137+0000] {logging_mixin.py:188} INFO - [2024-04-01T06:54:38.137+0000] {dagbag.py:540} INFO - Filling up the DagBag from /home/airflow/.local/lib/python3.8/site-packages/airflow/example_dags/example_task_group.py
[2024-04-01T06:54:38.143+0000] {processor.py:840} INFO - DAG(s) 'example_task_group' retrieved from /home/airflow/.local/lib/python3.8/site-packages/airflow/example_dags/example_task_group.py
[2024-04-01T06:54:38.158+0000] {logging_mixin.py:188} INFO - [2024-04-01T06:54:38.158+0000] {dag.py:3047} INFO - Sync 1 DAGs
[2024-04-01T06:54:38.170+0000] {logging_mixin.py:188} INFO - [2024-04-01T06:54:38.170+0000] {dag.py:3834} INFO - Setting next_dagrun for example_task_group to 2024-03-31 00:00:00+00:00, run_after=2024-04-01 00:00:00+00:00
[2024-04-01T06:54:38.179+0000] {processor.py:183} INFO - Processing /home/airflow/.local/lib/python3.8/site-packages/airflow/example_dags/example_task_group.py took 0.049 seconds
[2024-04-01T06:55:08.889+0000] {processor.py:161} INFO - Started process (PID=907) to work on /home/airflow/.local/lib/python3.8/site-packages/airflow/example_dags/example_task_group.py
[2024-04-01T06:55:08.890+0000] {processor.py:830} INFO - Processing file /home/airflow/.local/lib/python3.8/site-packages/airflow/example_dags/example_task_group.py for tasks to queue
[2024-04-01T06:55:08.892+0000] {logging_mixin.py:188} INFO - [2024-04-01T06:55:08.892+0000] {dagbag.py:540} INFO - Filling up the DagBag from /home/airflow/.local/lib/python3.8/site-packages/airflow/example_dags/example_task_group.py
[2024-04-01T06:55:08.897+0000] {processor.py:840} INFO - DAG(s) 'example_task_group' retrieved from /home/airflow/.local/lib/python3.8/site-packages/airflow/example_dags/example_task_group.py
[2024-04-01T06:55:08.915+0000] {logging_mixin.py:188} INFO - [2024-04-01T06:55:08.915+0000] {dag.py:3047} INFO - Sync 1 DAGs
[2024-04-01T06:55:08.933+0000] {logging_mixin.py:188} INFO - [2024-04-01T06:55:08.933+0000] {dag.py:3834} INFO - Setting next_dagrun for example_task_group to 2024-03-31 00:00:00+00:00, run_after=2024-04-01 00:00:00+00:00
[2024-04-01T06:55:08.949+0000] {processor.py:183} INFO - Processing /home/airflow/.local/lib/python3.8/site-packages/airflow/example_dags/example_task_group.py took 0.063 seconds
[2024-04-01T06:55:39.625+0000] {processor.py:161} INFO - Started process (PID=962) to work on /home/airflow/.local/lib/python3.8/site-packages/airflow/example_dags/example_task_group.py
[2024-04-01T06:55:39.626+0000] {processor.py:830} INFO - Processing file /home/airflow/.local/lib/python3.8/site-packages/airflow/example_dags/example_task_group.py for tasks to queue
[2024-04-01T06:55:39.627+0000] {logging_mixin.py:188} INFO - [2024-04-01T06:55:39.627+0000] {dagbag.py:540} INFO - Filling up the DagBag from /home/airflow/.local/lib/python3.8/site-packages/airflow/example_dags/example_task_group.py
[2024-04-01T06:55:39.632+0000] {processor.py:840} INFO - DAG(s) 'example_task_group' retrieved from /home/airflow/.local/lib/python3.8/site-packages/airflow/example_dags/example_task_group.py
[2024-04-01T06:55:39.648+0000] {logging_mixin.py:188} INFO - [2024-04-01T06:55:39.647+0000] {dag.py:3047} INFO - Sync 1 DAGs
[2024-04-01T06:55:39.661+0000] {logging_mixin.py:188} INFO - [2024-04-01T06:55:39.661+0000] {dag.py:3834} INFO - Setting next_dagrun for example_task_group to 2024-03-31 00:00:00+00:00, run_after=2024-04-01 00:00:00+00:00
[2024-04-01T06:55:39.671+0000] {processor.py:183} INFO - Processing /home/airflow/.local/lib/python3.8/site-packages/airflow/example_dags/example_task_group.py took 0.049 seconds
[2024-04-01T06:56:10.290+0000] {processor.py:161} INFO - Started process (PID=1017) to work on /home/airflow/.local/lib/python3.8/site-packages/airflow/example_dags/example_task_group.py
[2024-04-01T06:56:10.291+0000] {processor.py:830} INFO - Processing file /home/airflow/.local/lib/python3.8/site-packages/airflow/example_dags/example_task_group.py for tasks to queue
[2024-04-01T06:56:10.293+0000] {logging_mixin.py:188} INFO - [2024-04-01T06:56:10.292+0000] {dagbag.py:540} INFO - Filling up the DagBag from /home/airflow/.local/lib/python3.8/site-packages/airflow/example_dags/example_task_group.py
[2024-04-01T06:56:10.299+0000] {processor.py:840} INFO - DAG(s) 'example_task_group' retrieved from /home/airflow/.local/lib/python3.8/site-packages/airflow/example_dags/example_task_group.py
[2024-04-01T06:56:10.316+0000] {logging_mixin.py:188} INFO - [2024-04-01T06:56:10.316+0000] {dag.py:3047} INFO - Sync 1 DAGs
[2024-04-01T06:56:10.331+0000] {logging_mixin.py:188} INFO - [2024-04-01T06:56:10.330+0000] {dag.py:3834} INFO - Setting next_dagrun for example_task_group to 2024-03-31 00:00:00+00:00, run_after=2024-04-01 00:00:00+00:00
[2024-04-01T06:56:10.344+0000] {processor.py:183} INFO - Processing /home/airflow/.local/lib/python3.8/site-packages/airflow/example_dags/example_task_group.py took 0.057 seconds
[2024-04-01T06:56:41.080+0000] {processor.py:161} INFO - Started process (PID=1071) to work on /home/airflow/.local/lib/python3.8/site-packages/airflow/example_dags/example_task_group.py
[2024-04-01T06:56:41.081+0000] {processor.py:830} INFO - Processing file /home/airflow/.local/lib/python3.8/site-packages/airflow/example_dags/example_task_group.py for tasks to queue
[2024-04-01T06:56:41.082+0000] {logging_mixin.py:188} INFO - [2024-04-01T06:56:41.082+0000] {dagbag.py:540} INFO - Filling up the DagBag from /home/airflow/.local/lib/python3.8/site-packages/airflow/example_dags/example_task_group.py
[2024-04-01T06:56:41.087+0000] {processor.py:840} INFO - DAG(s) 'example_task_group' retrieved from /home/airflow/.local/lib/python3.8/site-packages/airflow/example_dags/example_task_group.py
[2024-04-01T06:56:41.103+0000] {logging_mixin.py:188} INFO - [2024-04-01T06:56:41.103+0000] {dag.py:3047} INFO - Sync 1 DAGs
[2024-04-01T06:56:41.116+0000] {logging_mixin.py:188} INFO - [2024-04-01T06:56:41.116+0000] {dag.py:3834} INFO - Setting next_dagrun for example_task_group to 2024-03-31 00:00:00+00:00, run_after=2024-04-01 00:00:00+00:00
[2024-04-01T06:56:41.128+0000] {processor.py:183} INFO - Processing /home/airflow/.local/lib/python3.8/site-packages/airflow/example_dags/example_task_group.py took 0.050 seconds
[2024-04-01T06:57:11.274+0000] {processor.py:161} INFO - Started process (PID=1126) to work on /home/airflow/.local/lib/python3.8/site-packages/airflow/example_dags/example_task_group.py
[2024-04-01T06:57:11.275+0000] {processor.py:830} INFO - Processing file /home/airflow/.local/lib/python3.8/site-packages/airflow/example_dags/example_task_group.py for tasks to queue
[2024-04-01T06:57:11.276+0000] {logging_mixin.py:188} INFO - [2024-04-01T06:57:11.275+0000] {dagbag.py:540} INFO - Filling up the DagBag from /home/airflow/.local/lib/python3.8/site-packages/airflow/example_dags/example_task_group.py
[2024-04-01T06:57:11.281+0000] {processor.py:840} INFO - DAG(s) 'example_task_group' retrieved from /home/airflow/.local/lib/python3.8/site-packages/airflow/example_dags/example_task_group.py
[2024-04-01T06:57:11.295+0000] {logging_mixin.py:188} INFO - [2024-04-01T06:57:11.295+0000] {dag.py:3047} INFO - Sync 1 DAGs
[2024-04-01T06:57:11.309+0000] {logging_mixin.py:188} INFO - [2024-04-01T06:57:11.309+0000] {dag.py:3834} INFO - Setting next_dagrun for example_task_group to 2024-03-31 00:00:00+00:00, run_after=2024-04-01 00:00:00+00:00
[2024-04-01T06:57:11.320+0000] {processor.py:183} INFO - Processing /home/airflow/.local/lib/python3.8/site-packages/airflow/example_dags/example_task_group.py took 0.050 seconds
[2024-04-01T06:57:41.957+0000] {processor.py:161} INFO - Started process (PID=1181) to work on /home/airflow/.local/lib/python3.8/site-packages/airflow/example_dags/example_task_group.py
[2024-04-01T06:57:41.958+0000] {processor.py:830} INFO - Processing file /home/airflow/.local/lib/python3.8/site-packages/airflow/example_dags/example_task_group.py for tasks to queue
[2024-04-01T06:57:41.960+0000] {logging_mixin.py:188} INFO - [2024-04-01T06:57:41.960+0000] {dagbag.py:540} INFO - Filling up the DagBag from /home/airflow/.local/lib/python3.8/site-packages/airflow/example_dags/example_task_group.py
[2024-04-01T06:57:41.967+0000] {processor.py:840} INFO - DAG(s) 'example_task_group' retrieved from /home/airflow/.local/lib/python3.8/site-packages/airflow/example_dags/example_task_group.py
[2024-04-01T06:57:41.981+0000] {logging_mixin.py:188} INFO - [2024-04-01T06:57:41.981+0000] {dag.py:3047} INFO - Sync 1 DAGs
[2024-04-01T06:57:41.992+0000] {logging_mixin.py:188} INFO - [2024-04-01T06:57:41.992+0000] {dag.py:3834} INFO - Setting next_dagrun for example_task_group to 2024-03-31 00:00:00+00:00, run_after=2024-04-01 00:00:00+00:00
[2024-04-01T06:57:42.002+0000] {processor.py:183} INFO - Processing /home/airflow/.local/lib/python3.8/site-packages/airflow/example_dags/example_task_group.py took 0.048 seconds
[2024-04-01T06:58:12.838+0000] {processor.py:161} INFO - Started process (PID=1236) to work on /home/airflow/.local/lib/python3.8/site-packages/airflow/example_dags/example_task_group.py
[2024-04-01T06:58:12.838+0000] {processor.py:830} INFO - Processing file /home/airflow/.local/lib/python3.8/site-packages/airflow/example_dags/example_task_group.py for tasks to queue
[2024-04-01T06:58:12.839+0000] {logging_mixin.py:188} INFO - [2024-04-01T06:58:12.839+0000] {dagbag.py:540} INFO - Filling up the DagBag from /home/airflow/.local/lib/python3.8/site-packages/airflow/example_dags/example_task_group.py
[2024-04-01T06:58:12.845+0000] {processor.py:840} INFO - DAG(s) 'example_task_group' retrieved from /home/airflow/.local/lib/python3.8/site-packages/airflow/example_dags/example_task_group.py
[2024-04-01T06:58:12.860+0000] {logging_mixin.py:188} INFO - [2024-04-01T06:58:12.860+0000] {dag.py:3047} INFO - Sync 1 DAGs
[2024-04-01T06:58:12.874+0000] {logging_mixin.py:188} INFO - [2024-04-01T06:58:12.873+0000] {dag.py:3834} INFO - Setting next_dagrun for example_task_group to 2024-03-31 00:00:00+00:00, run_after=2024-04-01 00:00:00+00:00
[2024-04-01T06:58:12.885+0000] {processor.py:183} INFO - Processing /home/airflow/.local/lib/python3.8/site-packages/airflow/example_dags/example_task_group.py took 0.050 seconds
[2024-04-01T06:58:42.929+0000] {processor.py:161} INFO - Started process (PID=1291) to work on /home/airflow/.local/lib/python3.8/site-packages/airflow/example_dags/example_task_group.py
[2024-04-01T06:58:42.930+0000] {processor.py:830} INFO - Processing file /home/airflow/.local/lib/python3.8/site-packages/airflow/example_dags/example_task_group.py for tasks to queue
[2024-04-01T06:58:42.931+0000] {logging_mixin.py:188} INFO - [2024-04-01T06:58:42.931+0000] {dagbag.py:540} INFO - Filling up the DagBag from /home/airflow/.local/lib/python3.8/site-packages/airflow/example_dags/example_task_group.py
[2024-04-01T06:58:42.937+0000] {processor.py:840} INFO - DAG(s) 'example_task_group' retrieved from /home/airflow/.local/lib/python3.8/site-packages/airflow/example_dags/example_task_group.py
[2024-04-01T06:58:42.953+0000] {logging_mixin.py:188} INFO - [2024-04-01T06:58:42.953+0000] {dag.py:3047} INFO - Sync 1 DAGs
[2024-04-01T06:58:42.964+0000] {logging_mixin.py:188} INFO - [2024-04-01T06:58:42.964+0000] {dag.py:3834} INFO - Setting next_dagrun for example_task_group to 2024-03-31 00:00:00+00:00, run_after=2024-04-01 00:00:00+00:00
[2024-04-01T06:58:42.973+0000] {processor.py:183} INFO - Processing /home/airflow/.local/lib/python3.8/site-packages/airflow/example_dags/example_task_group.py took 0.047 seconds
[2024-04-01T06:59:13.510+0000] {processor.py:161} INFO - Started process (PID=1346) to work on /home/airflow/.local/lib/python3.8/site-packages/airflow/example_dags/example_task_group.py
[2024-04-01T06:59:13.511+0000] {processor.py:830} INFO - Processing file /home/airflow/.local/lib/python3.8/site-packages/airflow/example_dags/example_task_group.py for tasks to queue
[2024-04-01T06:59:13.513+0000] {logging_mixin.py:188} INFO - [2024-04-01T06:59:13.512+0000] {dagbag.py:540} INFO - Filling up the DagBag from /home/airflow/.local/lib/python3.8/site-packages/airflow/example_dags/example_task_group.py
[2024-04-01T06:59:13.520+0000] {processor.py:840} INFO - DAG(s) 'example_task_group' retrieved from /home/airflow/.local/lib/python3.8/site-packages/airflow/example_dags/example_task_group.py
[2024-04-01T06:59:13.535+0000] {logging_mixin.py:188} INFO - [2024-04-01T06:59:13.535+0000] {dag.py:3047} INFO - Sync 1 DAGs
[2024-04-01T06:59:13.547+0000] {logging_mixin.py:188} INFO - [2024-04-01T06:59:13.547+0000] {dag.py:3834} INFO - Setting next_dagrun for example_task_group to 2024-03-31 00:00:00+00:00, run_after=2024-04-01 00:00:00+00:00
[2024-04-01T06:59:13.557+0000] {processor.py:183} INFO - Processing /home/airflow/.local/lib/python3.8/site-packages/airflow/example_dags/example_task_group.py took 0.050 seconds
[2024-04-01T06:59:44.314+0000] {processor.py:161} INFO - Started process (PID=1401) to work on /home/airflow/.local/lib/python3.8/site-packages/airflow/example_dags/example_task_group.py
[2024-04-01T06:59:44.315+0000] {processor.py:830} INFO - Processing file /home/airflow/.local/lib/python3.8/site-packages/airflow/example_dags/example_task_group.py for tasks to queue
[2024-04-01T06:59:44.317+0000] {logging_mixin.py:188} INFO - [2024-04-01T06:59:44.317+0000] {dagbag.py:540} INFO - Filling up the DagBag from /home/airflow/.local/lib/python3.8/site-packages/airflow/example_dags/example_task_group.py
[2024-04-01T06:59:44.324+0000] {processor.py:840} INFO - DAG(s) 'example_task_group' retrieved from /home/airflow/.local/lib/python3.8/site-packages/airflow/example_dags/example_task_group.py
[2024-04-01T06:59:44.343+0000] {logging_mixin.py:188} INFO - [2024-04-01T06:59:44.343+0000] {dag.py:3047} INFO - Sync 1 DAGs
[2024-04-01T06:59:44.357+0000] {logging_mixin.py:188} INFO - [2024-04-01T06:59:44.357+0000] {dag.py:3834} INFO - Setting next_dagrun for example_task_group to 2024-03-31 00:00:00+00:00, run_after=2024-04-01 00:00:00+00:00
[2024-04-01T06:59:44.369+0000] {processor.py:183} INFO - Processing /home/airflow/.local/lib/python3.8/site-packages/airflow/example_dags/example_task_group.py took 0.059 seconds
[2024-04-01T07:00:15.297+0000] {processor.py:161} INFO - Started process (PID=1456) to work on /home/airflow/.local/lib/python3.8/site-packages/airflow/example_dags/example_task_group.py
[2024-04-01T07:00:15.298+0000] {processor.py:830} INFO - Processing file /home/airflow/.local/lib/python3.8/site-packages/airflow/example_dags/example_task_group.py for tasks to queue
[2024-04-01T07:00:15.300+0000] {logging_mixin.py:188} INFO - [2024-04-01T07:00:15.299+0000] {dagbag.py:540} INFO - Filling up the DagBag from /home/airflow/.local/lib/python3.8/site-packages/airflow/example_dags/example_task_group.py
[2024-04-01T07:00:15.305+0000] {processor.py:840} INFO - DAG(s) 'example_task_group' retrieved from /home/airflow/.local/lib/python3.8/site-packages/airflow/example_dags/example_task_group.py
[2024-04-01T07:00:15.318+0000] {logging_mixin.py:188} INFO - [2024-04-01T07:00:15.318+0000] {dag.py:3047} INFO - Sync 1 DAGs
[2024-04-01T07:00:15.330+0000] {logging_mixin.py:188} INFO - [2024-04-01T07:00:15.330+0000] {dag.py:3834} INFO - Setting next_dagrun for example_task_group to 2024-03-31 00:00:00+00:00, run_after=2024-04-01 00:00:00+00:00
[2024-04-01T07:00:15.339+0000] {processor.py:183} INFO - Processing /home/airflow/.local/lib/python3.8/site-packages/airflow/example_dags/example_task_group.py took 0.046 seconds
[2024-04-01T07:00:45.760+0000] {processor.py:161} INFO - Started process (PID=1511) to work on /home/airflow/.local/lib/python3.8/site-packages/airflow/example_dags/example_task_group.py
[2024-04-01T07:00:45.762+0000] {processor.py:830} INFO - Processing file /home/airflow/.local/lib/python3.8/site-packages/airflow/example_dags/example_task_group.py for tasks to queue
[2024-04-01T07:00:45.764+0000] {logging_mixin.py:188} INFO - [2024-04-01T07:00:45.763+0000] {dagbag.py:540} INFO - Filling up the DagBag from /home/airflow/.local/lib/python3.8/site-packages/airflow/example_dags/example_task_group.py
[2024-04-01T07:00:45.770+0000] {processor.py:840} INFO - DAG(s) 'example_task_group' retrieved from /home/airflow/.local/lib/python3.8/site-packages/airflow/example_dags/example_task_group.py
[2024-04-01T07:00:45.785+0000] {logging_mixin.py:188} INFO - [2024-04-01T07:00:45.784+0000] {dag.py:3047} INFO - Sync 1 DAGs
[2024-04-01T07:00:45.797+0000] {logging_mixin.py:188} INFO - [2024-04-01T07:00:45.796+0000] {dag.py:3834} INFO - Setting next_dagrun for example_task_group to 2024-03-31 00:00:00+00:00, run_after=2024-04-01 00:00:00+00:00
[2024-04-01T07:00:45.806+0000] {processor.py:183} INFO - Processing /home/airflow/.local/lib/python3.8/site-packages/airflow/example_dags/example_task_group.py took 0.049 seconds
[2024-04-01T07:01:38.216+0000] {processor.py:161} INFO - Started process (PID=82) to work on /home/airflow/.local/lib/python3.8/site-packages/airflow/example_dags/example_task_group.py
[2024-04-01T07:01:38.218+0000] {processor.py:830} INFO - Processing file /home/airflow/.local/lib/python3.8/site-packages/airflow/example_dags/example_task_group.py for tasks to queue
[2024-04-01T07:01:38.219+0000] {logging_mixin.py:188} INFO - [2024-04-01T07:01:38.219+0000] {dagbag.py:540} INFO - Filling up the DagBag from /home/airflow/.local/lib/python3.8/site-packages/airflow/example_dags/example_task_group.py
[2024-04-01T07:01:38.225+0000] {processor.py:840} INFO - DAG(s) 'example_task_group' retrieved from /home/airflow/.local/lib/python3.8/site-packages/airflow/example_dags/example_task_group.py
[2024-04-01T07:01:38.235+0000] {logging_mixin.py:188} INFO - [2024-04-01T07:01:38.235+0000] {dag.py:3047} INFO - Sync 1 DAGs
[2024-04-01T07:01:38.252+0000] {logging_mixin.py:188} INFO - [2024-04-01T07:01:38.251+0000] {dag.py:3834} INFO - Setting next_dagrun for example_task_group to 2024-03-31 00:00:00+00:00, run_after=2024-04-01 00:00:00+00:00
[2024-04-01T07:01:38.262+0000] {processor.py:183} INFO - Processing /home/airflow/.local/lib/python3.8/site-packages/airflow/example_dags/example_task_group.py took 0.050 seconds
[2024-04-01T07:02:09.177+0000] {processor.py:161} INFO - Started process (PID=137) to work on /home/airflow/.local/lib/python3.8/site-packages/airflow/example_dags/example_task_group.py
[2024-04-01T07:02:09.177+0000] {processor.py:830} INFO - Processing file /home/airflow/.local/lib/python3.8/site-packages/airflow/example_dags/example_task_group.py for tasks to queue
[2024-04-01T07:02:09.179+0000] {logging_mixin.py:188} INFO - [2024-04-01T07:02:09.178+0000] {dagbag.py:540} INFO - Filling up the DagBag from /home/airflow/.local/lib/python3.8/site-packages/airflow/example_dags/example_task_group.py
[2024-04-01T07:02:09.187+0000] {processor.py:840} INFO - DAG(s) 'example_task_group' retrieved from /home/airflow/.local/lib/python3.8/site-packages/airflow/example_dags/example_task_group.py
[2024-04-01T07:02:09.245+0000] {logging_mixin.py:188} INFO - [2024-04-01T07:02:09.245+0000] {dag.py:3047} INFO - Sync 1 DAGs
[2024-04-01T07:02:09.256+0000] {logging_mixin.py:188} INFO - [2024-04-01T07:02:09.256+0000] {dag.py:3834} INFO - Setting next_dagrun for example_task_group to 2024-03-31 00:00:00+00:00, run_after=2024-04-01 00:00:00+00:00
[2024-04-01T07:02:09.268+0000] {processor.py:183} INFO - Processing /home/airflow/.local/lib/python3.8/site-packages/airflow/example_dags/example_task_group.py took 0.093 seconds
[2024-04-01T07:02:39.357+0000] {processor.py:161} INFO - Started process (PID=194) to work on /home/airflow/.local/lib/python3.8/site-packages/airflow/example_dags/example_task_group.py
[2024-04-01T07:02:39.358+0000] {processor.py:830} INFO - Processing file /home/airflow/.local/lib/python3.8/site-packages/airflow/example_dags/example_task_group.py for tasks to queue
[2024-04-01T07:02:39.359+0000] {logging_mixin.py:188} INFO - [2024-04-01T07:02:39.359+0000] {dagbag.py:540} INFO - Filling up the DagBag from /home/airflow/.local/lib/python3.8/site-packages/airflow/example_dags/example_task_group.py
[2024-04-01T07:02:39.364+0000] {processor.py:840} INFO - DAG(s) 'example_task_group' retrieved from /home/airflow/.local/lib/python3.8/site-packages/airflow/example_dags/example_task_group.py
[2024-04-01T07:02:39.377+0000] {logging_mixin.py:188} INFO - [2024-04-01T07:02:39.377+0000] {dag.py:3047} INFO - Sync 1 DAGs
[2024-04-01T07:02:39.390+0000] {logging_mixin.py:188} INFO - [2024-04-01T07:02:39.389+0000] {dag.py:3834} INFO - Setting next_dagrun for example_task_group to 2024-03-31 00:00:00+00:00, run_after=2024-04-01 00:00:00+00:00
[2024-04-01T07:02:39.401+0000] {processor.py:183} INFO - Processing /home/airflow/.local/lib/python3.8/site-packages/airflow/example_dags/example_task_group.py took 0.046 seconds
[2024-04-01T07:03:09.429+0000] {processor.py:161} INFO - Started process (PID=247) to work on /home/airflow/.local/lib/python3.8/site-packages/airflow/example_dags/example_task_group.py
[2024-04-01T07:03:09.430+0000] {processor.py:830} INFO - Processing file /home/airflow/.local/lib/python3.8/site-packages/airflow/example_dags/example_task_group.py for tasks to queue
[2024-04-01T07:03:09.434+0000] {logging_mixin.py:188} INFO - [2024-04-01T07:03:09.434+0000] {dagbag.py:540} INFO - Filling up the DagBag from /home/airflow/.local/lib/python3.8/site-packages/airflow/example_dags/example_task_group.py
[2024-04-01T07:03:09.438+0000] {processor.py:840} INFO - DAG(s) 'example_task_group' retrieved from /home/airflow/.local/lib/python3.8/site-packages/airflow/example_dags/example_task_group.py
[2024-04-01T07:03:09.451+0000] {logging_mixin.py:188} INFO - [2024-04-01T07:03:09.451+0000] {dag.py:3047} INFO - Sync 1 DAGs
[2024-04-01T07:03:09.463+0000] {logging_mixin.py:188} INFO - [2024-04-01T07:03:09.463+0000] {dag.py:3834} INFO - Setting next_dagrun for example_task_group to 2024-03-31 00:00:00+00:00, run_after=2024-04-01 00:00:00+00:00
[2024-04-01T07:03:09.472+0000] {processor.py:183} INFO - Processing /home/airflow/.local/lib/python3.8/site-packages/airflow/example_dags/example_task_group.py took 0.046 seconds
[2024-04-01T07:03:39.568+0000] {processor.py:161} INFO - Started process (PID=301) to work on /home/airflow/.local/lib/python3.8/site-packages/airflow/example_dags/example_task_group.py
[2024-04-01T07:03:39.569+0000] {processor.py:830} INFO - Processing file /home/airflow/.local/lib/python3.8/site-packages/airflow/example_dags/example_task_group.py for tasks to queue
[2024-04-01T07:03:39.570+0000] {logging_mixin.py:188} INFO - [2024-04-01T07:03:39.569+0000] {dagbag.py:540} INFO - Filling up the DagBag from /home/airflow/.local/lib/python3.8/site-packages/airflow/example_dags/example_task_group.py
[2024-04-01T07:03:39.574+0000] {processor.py:840} INFO - DAG(s) 'example_task_group' retrieved from /home/airflow/.local/lib/python3.8/site-packages/airflow/example_dags/example_task_group.py
[2024-04-01T07:03:39.586+0000] {logging_mixin.py:188} INFO - [2024-04-01T07:03:39.586+0000] {dag.py:3047} INFO - Sync 1 DAGs
[2024-04-01T07:03:39.599+0000] {logging_mixin.py:188} INFO - [2024-04-01T07:03:39.598+0000] {dag.py:3834} INFO - Setting next_dagrun for example_task_group to 2024-03-31 00:00:00+00:00, run_after=2024-04-01 00:00:00+00:00
[2024-04-01T07:03:39.608+0000] {processor.py:183} INFO - Processing /home/airflow/.local/lib/python3.8/site-packages/airflow/example_dags/example_task_group.py took 0.042 seconds
[2024-04-01T07:04:10.574+0000] {processor.py:161} INFO - Started process (PID=356) to work on /home/airflow/.local/lib/python3.8/site-packages/airflow/example_dags/example_task_group.py
[2024-04-01T07:04:10.575+0000] {processor.py:830} INFO - Processing file /home/airflow/.local/lib/python3.8/site-packages/airflow/example_dags/example_task_group.py for tasks to queue
[2024-04-01T07:04:10.576+0000] {logging_mixin.py:188} INFO - [2024-04-01T07:04:10.576+0000] {dagbag.py:540} INFO - Filling up the DagBag from /home/airflow/.local/lib/python3.8/site-packages/airflow/example_dags/example_task_group.py
[2024-04-01T07:04:10.580+0000] {processor.py:840} INFO - DAG(s) 'example_task_group' retrieved from /home/airflow/.local/lib/python3.8/site-packages/airflow/example_dags/example_task_group.py
[2024-04-01T07:04:10.592+0000] {logging_mixin.py:188} INFO - [2024-04-01T07:04:10.592+0000] {dag.py:3047} INFO - Sync 1 DAGs
[2024-04-01T07:04:10.604+0000] {logging_mixin.py:188} INFO - [2024-04-01T07:04:10.604+0000] {dag.py:3834} INFO - Setting next_dagrun for example_task_group to 2024-03-31 00:00:00+00:00, run_after=2024-04-01 00:00:00+00:00
[2024-04-01T07:04:10.613+0000] {processor.py:183} INFO - Processing /home/airflow/.local/lib/python3.8/site-packages/airflow/example_dags/example_task_group.py took 0.041 seconds
[2024-04-01T07:04:40.795+0000] {processor.py:161} INFO - Started process (PID=411) to work on /home/airflow/.local/lib/python3.8/site-packages/airflow/example_dags/example_task_group.py
[2024-04-01T07:04:40.795+0000] {processor.py:830} INFO - Processing file /home/airflow/.local/lib/python3.8/site-packages/airflow/example_dags/example_task_group.py for tasks to queue
[2024-04-01T07:04:40.797+0000] {logging_mixin.py:188} INFO - [2024-04-01T07:04:40.796+0000] {dagbag.py:540} INFO - Filling up the DagBag from /home/airflow/.local/lib/python3.8/site-packages/airflow/example_dags/example_task_group.py
[2024-04-01T07:04:40.801+0000] {processor.py:840} INFO - DAG(s) 'example_task_group' retrieved from /home/airflow/.local/lib/python3.8/site-packages/airflow/example_dags/example_task_group.py
[2024-04-01T07:04:40.813+0000] {logging_mixin.py:188} INFO - [2024-04-01T07:04:40.813+0000] {dag.py:3047} INFO - Sync 1 DAGs
[2024-04-01T07:04:40.825+0000] {logging_mixin.py:188} INFO - [2024-04-01T07:04:40.824+0000] {dag.py:3834} INFO - Setting next_dagrun for example_task_group to 2024-03-31 00:00:00+00:00, run_after=2024-04-01 00:00:00+00:00
[2024-04-01T07:04:40.835+0000] {processor.py:183} INFO - Processing /home/airflow/.local/lib/python3.8/site-packages/airflow/example_dags/example_task_group.py took 0.042 seconds
[2024-04-01T07:05:10.911+0000] {processor.py:161} INFO - Started process (PID=466) to work on /home/airflow/.local/lib/python3.8/site-packages/airflow/example_dags/example_task_group.py
[2024-04-01T07:05:10.912+0000] {processor.py:830} INFO - Processing file /home/airflow/.local/lib/python3.8/site-packages/airflow/example_dags/example_task_group.py for tasks to queue
[2024-04-01T07:05:10.913+0000] {logging_mixin.py:188} INFO - [2024-04-01T07:05:10.913+0000] {dagbag.py:540} INFO - Filling up the DagBag from /home/airflow/.local/lib/python3.8/site-packages/airflow/example_dags/example_task_group.py
[2024-04-01T07:05:10.918+0000] {processor.py:840} INFO - DAG(s) 'example_task_group' retrieved from /home/airflow/.local/lib/python3.8/site-packages/airflow/example_dags/example_task_group.py
[2024-04-01T07:05:10.930+0000] {logging_mixin.py:188} INFO - [2024-04-01T07:05:10.930+0000] {dag.py:3047} INFO - Sync 1 DAGs
[2024-04-01T07:05:10.942+0000] {logging_mixin.py:188} INFO - [2024-04-01T07:05:10.942+0000] {dag.py:3834} INFO - Setting next_dagrun for example_task_group to 2024-03-31 00:00:00+00:00, run_after=2024-04-01 00:00:00+00:00
[2024-04-01T07:05:10.953+0000] {processor.py:183} INFO - Processing /home/airflow/.local/lib/python3.8/site-packages/airflow/example_dags/example_task_group.py took 0.044 seconds
[2024-04-01T07:05:41.132+0000] {processor.py:161} INFO - Started process (PID=521) to work on /home/airflow/.local/lib/python3.8/site-packages/airflow/example_dags/example_task_group.py
[2024-04-01T07:05:41.133+0000] {processor.py:830} INFO - Processing file /home/airflow/.local/lib/python3.8/site-packages/airflow/example_dags/example_task_group.py for tasks to queue
[2024-04-01T07:05:41.135+0000] {logging_mixin.py:188} INFO - [2024-04-01T07:05:41.134+0000] {dagbag.py:540} INFO - Filling up the DagBag from /home/airflow/.local/lib/python3.8/site-packages/airflow/example_dags/example_task_group.py
[2024-04-01T07:05:41.140+0000] {processor.py:840} INFO - DAG(s) 'example_task_group' retrieved from /home/airflow/.local/lib/python3.8/site-packages/airflow/example_dags/example_task_group.py
[2024-04-01T07:05:41.154+0000] {logging_mixin.py:188} INFO - [2024-04-01T07:05:41.154+0000] {dag.py:3047} INFO - Sync 1 DAGs
[2024-04-01T07:05:41.168+0000] {logging_mixin.py:188} INFO - [2024-04-01T07:05:41.168+0000] {dag.py:3834} INFO - Setting next_dagrun for example_task_group to 2024-03-31 00:00:00+00:00, run_after=2024-04-01 00:00:00+00:00
[2024-04-01T07:05:41.179+0000] {processor.py:183} INFO - Processing /home/airflow/.local/lib/python3.8/site-packages/airflow/example_dags/example_task_group.py took 0.049 seconds
[2024-04-01T07:06:11.275+0000] {processor.py:161} INFO - Started process (PID=576) to work on /home/airflow/.local/lib/python3.8/site-packages/airflow/example_dags/example_task_group.py
[2024-04-01T07:06:11.276+0000] {processor.py:830} INFO - Processing file /home/airflow/.local/lib/python3.8/site-packages/airflow/example_dags/example_task_group.py for tasks to queue
[2024-04-01T07:06:11.278+0000] {logging_mixin.py:188} INFO - [2024-04-01T07:06:11.277+0000] {dagbag.py:540} INFO - Filling up the DagBag from /home/airflow/.local/lib/python3.8/site-packages/airflow/example_dags/example_task_group.py
[2024-04-01T07:06:11.284+0000] {processor.py:840} INFO - DAG(s) 'example_task_group' retrieved from /home/airflow/.local/lib/python3.8/site-packages/airflow/example_dags/example_task_group.py
[2024-04-01T07:06:11.300+0000] {logging_mixin.py:188} INFO - [2024-04-01T07:06:11.300+0000] {dag.py:3047} INFO - Sync 1 DAGs
[2024-04-01T07:06:11.315+0000] {logging_mixin.py:188} INFO - [2024-04-01T07:06:11.315+0000] {dag.py:3834} INFO - Setting next_dagrun for example_task_group to 2024-03-31 00:00:00+00:00, run_after=2024-04-01 00:00:00+00:00
[2024-04-01T07:06:11.328+0000] {processor.py:183} INFO - Processing /home/airflow/.local/lib/python3.8/site-packages/airflow/example_dags/example_task_group.py took 0.056 seconds
[2024-04-01T07:06:41.791+0000] {processor.py:161} INFO - Started process (PID=631) to work on /home/airflow/.local/lib/python3.8/site-packages/airflow/example_dags/example_task_group.py
[2024-04-01T07:06:41.792+0000] {processor.py:830} INFO - Processing file /home/airflow/.local/lib/python3.8/site-packages/airflow/example_dags/example_task_group.py for tasks to queue
[2024-04-01T07:06:41.793+0000] {logging_mixin.py:188} INFO - [2024-04-01T07:06:41.793+0000] {dagbag.py:540} INFO - Filling up the DagBag from /home/airflow/.local/lib/python3.8/site-packages/airflow/example_dags/example_task_group.py
[2024-04-01T07:06:41.800+0000] {processor.py:840} INFO - DAG(s) 'example_task_group' retrieved from /home/airflow/.local/lib/python3.8/site-packages/airflow/example_dags/example_task_group.py
[2024-04-01T07:06:41.818+0000] {logging_mixin.py:188} INFO - [2024-04-01T07:06:41.818+0000] {dag.py:3047} INFO - Sync 1 DAGs
[2024-04-01T07:06:41.833+0000] {logging_mixin.py:188} INFO - [2024-04-01T07:06:41.833+0000] {dag.py:3834} INFO - Setting next_dagrun for example_task_group to 2024-03-31 00:00:00+00:00, run_after=2024-04-01 00:00:00+00:00
[2024-04-01T07:06:41.844+0000] {processor.py:183} INFO - Processing /home/airflow/.local/lib/python3.8/site-packages/airflow/example_dags/example_task_group.py took 0.056 seconds
[2024-04-01T07:07:11.946+0000] {processor.py:161} INFO - Started process (PID=686) to work on /home/airflow/.local/lib/python3.8/site-packages/airflow/example_dags/example_task_group.py
[2024-04-01T07:07:11.947+0000] {processor.py:830} INFO - Processing file /home/airflow/.local/lib/python3.8/site-packages/airflow/example_dags/example_task_group.py for tasks to queue
[2024-04-01T07:07:11.949+0000] {logging_mixin.py:188} INFO - [2024-04-01T07:07:11.948+0000] {dagbag.py:540} INFO - Filling up the DagBag from /home/airflow/.local/lib/python3.8/site-packages/airflow/example_dags/example_task_group.py
[2024-04-01T07:07:11.956+0000] {processor.py:840} INFO - DAG(s) 'example_task_group' retrieved from /home/airflow/.local/lib/python3.8/site-packages/airflow/example_dags/example_task_group.py
[2024-04-01T07:07:11.974+0000] {logging_mixin.py:188} INFO - [2024-04-01T07:07:11.973+0000] {dag.py:3047} INFO - Sync 1 DAGs
[2024-04-01T07:07:11.993+0000] {logging_mixin.py:188} INFO - [2024-04-01T07:07:11.992+0000] {dag.py:3834} INFO - Setting next_dagrun for example_task_group to 2024-03-31 00:00:00+00:00, run_after=2024-04-01 00:00:00+00:00
[2024-04-01T07:07:12.009+0000] {processor.py:183} INFO - Processing /home/airflow/.local/lib/python3.8/site-packages/airflow/example_dags/example_task_group.py took 0.066 seconds
[2024-04-01T07:07:42.072+0000] {processor.py:161} INFO - Started process (PID=742) to work on /home/airflow/.local/lib/python3.8/site-packages/airflow/example_dags/example_task_group.py
[2024-04-01T07:07:42.072+0000] {processor.py:830} INFO - Processing file /home/airflow/.local/lib/python3.8/site-packages/airflow/example_dags/example_task_group.py for tasks to queue
[2024-04-01T07:07:42.074+0000] {logging_mixin.py:188} INFO - [2024-04-01T07:07:42.073+0000] {dagbag.py:540} INFO - Filling up the DagBag from /home/airflow/.local/lib/python3.8/site-packages/airflow/example_dags/example_task_group.py
[2024-04-01T07:07:42.079+0000] {processor.py:840} INFO - DAG(s) 'example_task_group' retrieved from /home/airflow/.local/lib/python3.8/site-packages/airflow/example_dags/example_task_group.py
[2024-04-01T07:07:42.092+0000] {logging_mixin.py:188} INFO - [2024-04-01T07:07:42.091+0000] {dag.py:3047} INFO - Sync 1 DAGs
[2024-04-01T07:07:42.104+0000] {logging_mixin.py:188} INFO - [2024-04-01T07:07:42.104+0000] {dag.py:3834} INFO - Setting next_dagrun for example_task_group to 2024-03-31 00:00:00+00:00, run_after=2024-04-01 00:00:00+00:00
[2024-04-01T07:07:42.114+0000] {processor.py:183} INFO - Processing /home/airflow/.local/lib/python3.8/site-packages/airflow/example_dags/example_task_group.py took 0.044 seconds
[2024-04-01T07:08:13.065+0000] {processor.py:161} INFO - Started process (PID=796) to work on /home/airflow/.local/lib/python3.8/site-packages/airflow/example_dags/example_task_group.py
[2024-04-01T07:08:13.065+0000] {processor.py:830} INFO - Processing file /home/airflow/.local/lib/python3.8/site-packages/airflow/example_dags/example_task_group.py for tasks to queue
[2024-04-01T07:08:13.067+0000] {logging_mixin.py:188} INFO - [2024-04-01T07:08:13.066+0000] {dagbag.py:540} INFO - Filling up the DagBag from /home/airflow/.local/lib/python3.8/site-packages/airflow/example_dags/example_task_group.py
[2024-04-01T07:08:13.071+0000] {processor.py:840} INFO - DAG(s) 'example_task_group' retrieved from /home/airflow/.local/lib/python3.8/site-packages/airflow/example_dags/example_task_group.py
[2024-04-01T07:08:13.083+0000] {logging_mixin.py:188} INFO - [2024-04-01T07:08:13.083+0000] {dag.py:3047} INFO - Sync 1 DAGs
[2024-04-01T07:08:13.094+0000] {logging_mixin.py:188} INFO - [2024-04-01T07:08:13.094+0000] {dag.py:3834} INFO - Setting next_dagrun for example_task_group to 2024-03-31 00:00:00+00:00, run_after=2024-04-01 00:00:00+00:00
[2024-04-01T07:08:13.104+0000] {processor.py:183} INFO - Processing /home/airflow/.local/lib/python3.8/site-packages/airflow/example_dags/example_task_group.py took 0.041 seconds
[2024-04-01T07:08:43.827+0000] {processor.py:161} INFO - Started process (PID=851) to work on /home/airflow/.local/lib/python3.8/site-packages/airflow/example_dags/example_task_group.py
[2024-04-01T07:08:43.827+0000] {processor.py:830} INFO - Processing file /home/airflow/.local/lib/python3.8/site-packages/airflow/example_dags/example_task_group.py for tasks to queue
[2024-04-01T07:08:43.828+0000] {logging_mixin.py:188} INFO - [2024-04-01T07:08:43.828+0000] {dagbag.py:540} INFO - Filling up the DagBag from /home/airflow/.local/lib/python3.8/site-packages/airflow/example_dags/example_task_group.py
[2024-04-01T07:08:43.833+0000] {processor.py:840} INFO - DAG(s) 'example_task_group' retrieved from /home/airflow/.local/lib/python3.8/site-packages/airflow/example_dags/example_task_group.py
[2024-04-01T07:08:43.845+0000] {logging_mixin.py:188} INFO - [2024-04-01T07:08:43.845+0000] {dag.py:3047} INFO - Sync 1 DAGs
[2024-04-01T07:08:43.856+0000] {logging_mixin.py:188} INFO - [2024-04-01T07:08:43.856+0000] {dag.py:3834} INFO - Setting next_dagrun for example_task_group to 2024-03-31 00:00:00+00:00, run_after=2024-04-01 00:00:00+00:00
[2024-04-01T07:08:43.866+0000] {processor.py:183} INFO - Processing /home/airflow/.local/lib/python3.8/site-packages/airflow/example_dags/example_task_group.py took 0.041 seconds
[2024-04-01T07:09:14.047+0000] {processor.py:161} INFO - Started process (PID=906) to work on /home/airflow/.local/lib/python3.8/site-packages/airflow/example_dags/example_task_group.py
[2024-04-01T07:09:14.048+0000] {processor.py:830} INFO - Processing file /home/airflow/.local/lib/python3.8/site-packages/airflow/example_dags/example_task_group.py for tasks to queue
[2024-04-01T07:09:14.049+0000] {logging_mixin.py:188} INFO - [2024-04-01T07:09:14.049+0000] {dagbag.py:540} INFO - Filling up the DagBag from /home/airflow/.local/lib/python3.8/site-packages/airflow/example_dags/example_task_group.py
[2024-04-01T07:09:14.053+0000] {processor.py:840} INFO - DAG(s) 'example_task_group' retrieved from /home/airflow/.local/lib/python3.8/site-packages/airflow/example_dags/example_task_group.py
[2024-04-01T07:09:14.066+0000] {logging_mixin.py:188} INFO - [2024-04-01T07:09:14.066+0000] {dag.py:3047} INFO - Sync 1 DAGs
[2024-04-01T07:09:14.077+0000] {logging_mixin.py:188} INFO - [2024-04-01T07:09:14.077+0000] {dag.py:3834} INFO - Setting next_dagrun for example_task_group to 2024-03-31 00:00:00+00:00, run_after=2024-04-01 00:00:00+00:00
[2024-04-01T07:09:14.087+0000] {processor.py:183} INFO - Processing /home/airflow/.local/lib/python3.8/site-packages/airflow/example_dags/example_task_group.py took 0.041 seconds
[2024-04-01T07:09:45.020+0000] {processor.py:161} INFO - Started process (PID=961) to work on /home/airflow/.local/lib/python3.8/site-packages/airflow/example_dags/example_task_group.py
[2024-04-01T07:09:45.021+0000] {processor.py:830} INFO - Processing file /home/airflow/.local/lib/python3.8/site-packages/airflow/example_dags/example_task_group.py for tasks to queue
[2024-04-01T07:09:45.022+0000] {logging_mixin.py:188} INFO - [2024-04-01T07:09:45.022+0000] {dagbag.py:540} INFO - Filling up the DagBag from /home/airflow/.local/lib/python3.8/site-packages/airflow/example_dags/example_task_group.py
[2024-04-01T07:09:45.027+0000] {processor.py:840} INFO - DAG(s) 'example_task_group' retrieved from /home/airflow/.local/lib/python3.8/site-packages/airflow/example_dags/example_task_group.py
[2024-04-01T07:09:45.039+0000] {logging_mixin.py:188} INFO - [2024-04-01T07:09:45.039+0000] {dag.py:3047} INFO - Sync 1 DAGs
[2024-04-01T07:09:45.051+0000] {logging_mixin.py:188} INFO - [2024-04-01T07:09:45.051+0000] {dag.py:3834} INFO - Setting next_dagrun for example_task_group to 2024-03-31 00:00:00+00:00, run_after=2024-04-01 00:00:00+00:00
[2024-04-01T07:09:45.061+0000] {processor.py:183} INFO - Processing /home/airflow/.local/lib/python3.8/site-packages/airflow/example_dags/example_task_group.py took 0.043 seconds
[2024-04-01T07:10:16.106+0000] {processor.py:161} INFO - Started process (PID=1016) to work on /home/airflow/.local/lib/python3.8/site-packages/airflow/example_dags/example_task_group.py
[2024-04-01T07:10:16.107+0000] {processor.py:830} INFO - Processing file /home/airflow/.local/lib/python3.8/site-packages/airflow/example_dags/example_task_group.py for tasks to queue
[2024-04-01T07:10:16.108+0000] {logging_mixin.py:188} INFO - [2024-04-01T07:10:16.108+0000] {dagbag.py:540} INFO - Filling up the DagBag from /home/airflow/.local/lib/python3.8/site-packages/airflow/example_dags/example_task_group.py
[2024-04-01T07:10:16.114+0000] {processor.py:840} INFO - DAG(s) 'example_task_group' retrieved from /home/airflow/.local/lib/python3.8/site-packages/airflow/example_dags/example_task_group.py
[2024-04-01T07:10:16.129+0000] {logging_mixin.py:188} INFO - [2024-04-01T07:10:16.129+0000] {dag.py:3047} INFO - Sync 1 DAGs
[2024-04-01T07:10:16.143+0000] {logging_mixin.py:188} INFO - [2024-04-01T07:10:16.143+0000] {dag.py:3834} INFO - Setting next_dagrun for example_task_group to 2024-03-31 00:00:00+00:00, run_after=2024-04-01 00:00:00+00:00
[2024-04-01T07:10:16.153+0000] {processor.py:183} INFO - Processing /home/airflow/.local/lib/python3.8/site-packages/airflow/example_dags/example_task_group.py took 0.049 seconds
[2024-04-01T07:10:46.272+0000] {processor.py:161} INFO - Started process (PID=1071) to work on /home/airflow/.local/lib/python3.8/site-packages/airflow/example_dags/example_task_group.py
[2024-04-01T07:10:46.273+0000] {processor.py:830} INFO - Processing file /home/airflow/.local/lib/python3.8/site-packages/airflow/example_dags/example_task_group.py for tasks to queue
[2024-04-01T07:10:46.275+0000] {logging_mixin.py:188} INFO - [2024-04-01T07:10:46.274+0000] {dagbag.py:540} INFO - Filling up the DagBag from /home/airflow/.local/lib/python3.8/site-packages/airflow/example_dags/example_task_group.py
[2024-04-01T07:10:46.280+0000] {processor.py:840} INFO - DAG(s) 'example_task_group' retrieved from /home/airflow/.local/lib/python3.8/site-packages/airflow/example_dags/example_task_group.py
[2024-04-01T07:10:46.297+0000] {logging_mixin.py:188} INFO - [2024-04-01T07:10:46.297+0000] {dag.py:3047} INFO - Sync 1 DAGs
[2024-04-01T07:10:46.311+0000] {logging_mixin.py:188} INFO - [2024-04-01T07:10:46.311+0000] {dag.py:3834} INFO - Setting next_dagrun for example_task_group to 2024-03-31 00:00:00+00:00, run_after=2024-04-01 00:00:00+00:00
[2024-04-01T07:10:46.321+0000] {processor.py:183} INFO - Processing /home/airflow/.local/lib/python3.8/site-packages/airflow/example_dags/example_task_group.py took 0.052 seconds
[2024-04-01T07:11:16.399+0000] {processor.py:161} INFO - Started process (PID=1134) to work on /home/airflow/.local/lib/python3.8/site-packages/airflow/example_dags/example_task_group.py
[2024-04-01T07:11:16.399+0000] {processor.py:830} INFO - Processing file /home/airflow/.local/lib/python3.8/site-packages/airflow/example_dags/example_task_group.py for tasks to queue
[2024-04-01T07:11:16.400+0000] {logging_mixin.py:188} INFO - [2024-04-01T07:11:16.400+0000] {dagbag.py:540} INFO - Filling up the DagBag from /home/airflow/.local/lib/python3.8/site-packages/airflow/example_dags/example_task_group.py
[2024-04-01T07:11:16.405+0000] {processor.py:840} INFO - DAG(s) 'example_task_group' retrieved from /home/airflow/.local/lib/python3.8/site-packages/airflow/example_dags/example_task_group.py
[2024-04-01T07:11:16.418+0000] {logging_mixin.py:188} INFO - [2024-04-01T07:11:16.418+0000] {dag.py:3047} INFO - Sync 1 DAGs
[2024-04-01T07:11:16.430+0000] {logging_mixin.py:188} INFO - [2024-04-01T07:11:16.430+0000] {dag.py:3834} INFO - Setting next_dagrun for example_task_group to 2024-03-31 00:00:00+00:00, run_after=2024-04-01 00:00:00+00:00
[2024-04-01T07:11:16.440+0000] {processor.py:183} INFO - Processing /home/airflow/.local/lib/python3.8/site-packages/airflow/example_dags/example_task_group.py took 0.043 seconds
[2024-04-01T07:11:46.614+0000] {processor.py:161} INFO - Started process (PID=1188) to work on /home/airflow/.local/lib/python3.8/site-packages/airflow/example_dags/example_task_group.py
[2024-04-01T07:11:46.615+0000] {processor.py:830} INFO - Processing file /home/airflow/.local/lib/python3.8/site-packages/airflow/example_dags/example_task_group.py for tasks to queue
[2024-04-01T07:11:46.616+0000] {logging_mixin.py:188} INFO - [2024-04-01T07:11:46.616+0000] {dagbag.py:540} INFO - Filling up the DagBag from /home/airflow/.local/lib/python3.8/site-packages/airflow/example_dags/example_task_group.py
[2024-04-01T07:11:46.622+0000] {processor.py:840} INFO - DAG(s) 'example_task_group' retrieved from /home/airflow/.local/lib/python3.8/site-packages/airflow/example_dags/example_task_group.py
[2024-04-01T07:11:46.639+0000] {logging_mixin.py:188} INFO - [2024-04-01T07:11:46.639+0000] {dag.py:3047} INFO - Sync 1 DAGs
[2024-04-01T07:11:46.655+0000] {logging_mixin.py:188} INFO - [2024-04-01T07:11:46.655+0000] {dag.py:3834} INFO - Setting next_dagrun for example_task_group to 2024-03-31 00:00:00+00:00, run_after=2024-04-01 00:00:00+00:00
[2024-04-01T07:11:46.667+0000] {processor.py:183} INFO - Processing /home/airflow/.local/lib/python3.8/site-packages/airflow/example_dags/example_task_group.py took 0.056 seconds
[2024-04-01T07:12:17.553+0000] {processor.py:161} INFO - Started process (PID=1243) to work on /home/airflow/.local/lib/python3.8/site-packages/airflow/example_dags/example_task_group.py
[2024-04-01T07:12:17.553+0000] {processor.py:830} INFO - Processing file /home/airflow/.local/lib/python3.8/site-packages/airflow/example_dags/example_task_group.py for tasks to queue
[2024-04-01T07:12:17.554+0000] {logging_mixin.py:188} INFO - [2024-04-01T07:12:17.554+0000] {dagbag.py:540} INFO - Filling up the DagBag from /home/airflow/.local/lib/python3.8/site-packages/airflow/example_dags/example_task_group.py
[2024-04-01T07:12:17.559+0000] {processor.py:840} INFO - DAG(s) 'example_task_group' retrieved from /home/airflow/.local/lib/python3.8/site-packages/airflow/example_dags/example_task_group.py
[2024-04-01T07:12:17.571+0000] {logging_mixin.py:188} INFO - [2024-04-01T07:12:17.571+0000] {dag.py:3047} INFO - Sync 1 DAGs
[2024-04-01T07:12:17.583+0000] {logging_mixin.py:188} INFO - [2024-04-01T07:12:17.583+0000] {dag.py:3834} INFO - Setting next_dagrun for example_task_group to 2024-03-31 00:00:00+00:00, run_after=2024-04-01 00:00:00+00:00
[2024-04-01T07:12:17.594+0000] {processor.py:183} INFO - Processing /home/airflow/.local/lib/python3.8/site-packages/airflow/example_dags/example_task_group.py took 0.043 seconds
