[2024-04-01T06:47:27.305+0000] {processor.py:161} INFO - Started process (PID=79) to work on /home/airflow/.local/lib/python3.8/site-packages/airflow/example_dags/example_complex.py
[2024-04-01T06:47:27.306+0000] {processor.py:830} INFO - Processing file /home/airflow/.local/lib/python3.8/site-packages/airflow/example_dags/example_complex.py for tasks to queue
[2024-04-01T06:47:27.307+0000] {logging_mixin.py:188} INFO - [2024-04-01T06:47:27.307+0000] {dagbag.py:540} INFO - Filling up the DagBag from /home/airflow/.local/lib/python3.8/site-packages/airflow/example_dags/example_complex.py
[2024-04-01T06:47:27.319+0000] {processor.py:840} INFO - DAG(s) 'example_complex' retrieved from /home/airflow/.local/lib/python3.8/site-packages/airflow/example_dags/example_complex.py
[2024-04-01T06:47:27.329+0000] {logging_mixin.py:188} INFO - [2024-04-01T06:47:27.328+0000] {dag.py:3047} INFO - Sync 1 DAGs
[2024-04-01T06:47:27.338+0000] {logging_mixin.py:188} INFO - [2024-04-01T06:47:27.338+0000] {dag.py:3834} INFO - Setting next_dagrun for example_complex to None, run_after=None
[2024-04-01T06:47:27.351+0000] {processor.py:183} INFO - Processing /home/airflow/.local/lib/python3.8/site-packages/airflow/example_dags/example_complex.py took 0.049 seconds
[2024-04-01T06:47:58.627+0000] {processor.py:161} INFO - Started process (PID=134) to work on /home/airflow/.local/lib/python3.8/site-packages/airflow/example_dags/example_complex.py
[2024-04-01T06:47:58.628+0000] {processor.py:830} INFO - Processing file /home/airflow/.local/lib/python3.8/site-packages/airflow/example_dags/example_complex.py for tasks to queue
[2024-04-01T06:47:58.629+0000] {logging_mixin.py:188} INFO - [2024-04-01T06:47:58.629+0000] {dagbag.py:540} INFO - Filling up the DagBag from /home/airflow/.local/lib/python3.8/site-packages/airflow/example_dags/example_complex.py
[2024-04-01T06:47:58.635+0000] {processor.py:840} INFO - DAG(s) 'example_complex' retrieved from /home/airflow/.local/lib/python3.8/site-packages/airflow/example_dags/example_complex.py
[2024-04-01T06:47:58.689+0000] {logging_mixin.py:188} INFO - [2024-04-01T06:47:58.689+0000] {dag.py:3047} INFO - Sync 1 DAGs
[2024-04-01T06:47:58.694+0000] {logging_mixin.py:188} INFO - [2024-04-01T06:47:58.694+0000] {dag.py:3834} INFO - Setting next_dagrun for example_complex to None, run_after=None
[2024-04-01T06:47:58.703+0000] {processor.py:183} INFO - Processing /home/airflow/.local/lib/python3.8/site-packages/airflow/example_dags/example_complex.py took 0.078 seconds
[2024-04-01T06:48:28.747+0000] {processor.py:161} INFO - Started process (PID=189) to work on /home/airflow/.local/lib/python3.8/site-packages/airflow/example_dags/example_complex.py
[2024-04-01T06:48:28.748+0000] {processor.py:830} INFO - Processing file /home/airflow/.local/lib/python3.8/site-packages/airflow/example_dags/example_complex.py for tasks to queue
[2024-04-01T06:48:28.749+0000] {logging_mixin.py:188} INFO - [2024-04-01T06:48:28.749+0000] {dagbag.py:540} INFO - Filling up the DagBag from /home/airflow/.local/lib/python3.8/site-packages/airflow/example_dags/example_complex.py
[2024-04-01T06:48:28.756+0000] {processor.py:840} INFO - DAG(s) 'example_complex' retrieved from /home/airflow/.local/lib/python3.8/site-packages/airflow/example_dags/example_complex.py
[2024-04-01T06:48:28.773+0000] {logging_mixin.py:188} INFO - [2024-04-01T06:48:28.773+0000] {dag.py:3047} INFO - Sync 1 DAGs
[2024-04-01T06:48:28.780+0000] {logging_mixin.py:188} INFO - [2024-04-01T06:48:28.780+0000] {dag.py:3834} INFO - Setting next_dagrun for example_complex to None, run_after=None
[2024-04-01T06:48:28.789+0000] {processor.py:183} INFO - Processing /home/airflow/.local/lib/python3.8/site-packages/airflow/example_dags/example_complex.py took 0.044 seconds
[2024-04-01T06:48:59.337+0000] {processor.py:161} INFO - Started process (PID=244) to work on /home/airflow/.local/lib/python3.8/site-packages/airflow/example_dags/example_complex.py
[2024-04-01T06:48:59.337+0000] {processor.py:830} INFO - Processing file /home/airflow/.local/lib/python3.8/site-packages/airflow/example_dags/example_complex.py for tasks to queue
[2024-04-01T06:48:59.338+0000] {logging_mixin.py:188} INFO - [2024-04-01T06:48:59.338+0000] {dagbag.py:540} INFO - Filling up the DagBag from /home/airflow/.local/lib/python3.8/site-packages/airflow/example_dags/example_complex.py
[2024-04-01T06:48:59.345+0000] {processor.py:840} INFO - DAG(s) 'example_complex' retrieved from /home/airflow/.local/lib/python3.8/site-packages/airflow/example_dags/example_complex.py
[2024-04-01T06:48:59.362+0000] {logging_mixin.py:188} INFO - [2024-04-01T06:48:59.361+0000] {dag.py:3047} INFO - Sync 1 DAGs
[2024-04-01T06:48:59.368+0000] {logging_mixin.py:188} INFO - [2024-04-01T06:48:59.368+0000] {dag.py:3834} INFO - Setting next_dagrun for example_complex to None, run_after=None
[2024-04-01T06:48:59.377+0000] {processor.py:183} INFO - Processing /home/airflow/.local/lib/python3.8/site-packages/airflow/example_dags/example_complex.py took 0.043 seconds
[2024-04-01T06:49:30.075+0000] {processor.py:161} INFO - Started process (PID=299) to work on /home/airflow/.local/lib/python3.8/site-packages/airflow/example_dags/example_complex.py
[2024-04-01T06:49:30.076+0000] {processor.py:830} INFO - Processing file /home/airflow/.local/lib/python3.8/site-packages/airflow/example_dags/example_complex.py for tasks to queue
[2024-04-01T06:49:30.077+0000] {logging_mixin.py:188} INFO - [2024-04-01T06:49:30.077+0000] {dagbag.py:540} INFO - Filling up the DagBag from /home/airflow/.local/lib/python3.8/site-packages/airflow/example_dags/example_complex.py
[2024-04-01T06:49:30.084+0000] {processor.py:840} INFO - DAG(s) 'example_complex' retrieved from /home/airflow/.local/lib/python3.8/site-packages/airflow/example_dags/example_complex.py
[2024-04-01T06:49:30.101+0000] {logging_mixin.py:188} INFO - [2024-04-01T06:49:30.101+0000] {dag.py:3047} INFO - Sync 1 DAGs
[2024-04-01T06:49:30.108+0000] {logging_mixin.py:188} INFO - [2024-04-01T06:49:30.108+0000] {dag.py:3834} INFO - Setting next_dagrun for example_complex to None, run_after=None
[2024-04-01T06:49:30.117+0000] {processor.py:183} INFO - Processing /home/airflow/.local/lib/python3.8/site-packages/airflow/example_dags/example_complex.py took 0.044 seconds
[2024-04-01T06:50:01.087+0000] {processor.py:161} INFO - Started process (PID=354) to work on /home/airflow/.local/lib/python3.8/site-packages/airflow/example_dags/example_complex.py
[2024-04-01T06:50:01.087+0000] {processor.py:830} INFO - Processing file /home/airflow/.local/lib/python3.8/site-packages/airflow/example_dags/example_complex.py for tasks to queue
[2024-04-01T06:50:01.088+0000] {logging_mixin.py:188} INFO - [2024-04-01T06:50:01.088+0000] {dagbag.py:540} INFO - Filling up the DagBag from /home/airflow/.local/lib/python3.8/site-packages/airflow/example_dags/example_complex.py
[2024-04-01T06:50:01.096+0000] {processor.py:840} INFO - DAG(s) 'example_complex' retrieved from /home/airflow/.local/lib/python3.8/site-packages/airflow/example_dags/example_complex.py
[2024-04-01T06:50:01.113+0000] {logging_mixin.py:188} INFO - [2024-04-01T06:50:01.113+0000] {dag.py:3047} INFO - Sync 1 DAGs
[2024-04-01T06:50:01.120+0000] {logging_mixin.py:188} INFO - [2024-04-01T06:50:01.120+0000] {dag.py:3834} INFO - Setting next_dagrun for example_complex to None, run_after=None
[2024-04-01T06:50:01.131+0000] {processor.py:183} INFO - Processing /home/airflow/.local/lib/python3.8/site-packages/airflow/example_dags/example_complex.py took 0.046 seconds
[2024-04-01T06:50:32.024+0000] {processor.py:161} INFO - Started process (PID=409) to work on /home/airflow/.local/lib/python3.8/site-packages/airflow/example_dags/example_complex.py
[2024-04-01T06:50:32.024+0000] {processor.py:830} INFO - Processing file /home/airflow/.local/lib/python3.8/site-packages/airflow/example_dags/example_complex.py for tasks to queue
[2024-04-01T06:50:32.025+0000] {logging_mixin.py:188} INFO - [2024-04-01T06:50:32.025+0000] {dagbag.py:540} INFO - Filling up the DagBag from /home/airflow/.local/lib/python3.8/site-packages/airflow/example_dags/example_complex.py
[2024-04-01T06:50:32.032+0000] {processor.py:840} INFO - DAG(s) 'example_complex' retrieved from /home/airflow/.local/lib/python3.8/site-packages/airflow/example_dags/example_complex.py
[2024-04-01T06:50:32.049+0000] {logging_mixin.py:188} INFO - [2024-04-01T06:50:32.048+0000] {dag.py:3047} INFO - Sync 1 DAGs
[2024-04-01T06:50:32.055+0000] {logging_mixin.py:188} INFO - [2024-04-01T06:50:32.055+0000] {dag.py:3834} INFO - Setting next_dagrun for example_complex to None, run_after=None
[2024-04-01T06:50:32.064+0000] {processor.py:183} INFO - Processing /home/airflow/.local/lib/python3.8/site-packages/airflow/example_dags/example_complex.py took 0.042 seconds
[2024-04-01T06:51:02.696+0000] {processor.py:161} INFO - Started process (PID=464) to work on /home/airflow/.local/lib/python3.8/site-packages/airflow/example_dags/example_complex.py
[2024-04-01T06:51:02.696+0000] {processor.py:830} INFO - Processing file /home/airflow/.local/lib/python3.8/site-packages/airflow/example_dags/example_complex.py for tasks to queue
[2024-04-01T06:51:02.697+0000] {logging_mixin.py:188} INFO - [2024-04-01T06:51:02.697+0000] {dagbag.py:540} INFO - Filling up the DagBag from /home/airflow/.local/lib/python3.8/site-packages/airflow/example_dags/example_complex.py
[2024-04-01T06:51:02.704+0000] {processor.py:840} INFO - DAG(s) 'example_complex' retrieved from /home/airflow/.local/lib/python3.8/site-packages/airflow/example_dags/example_complex.py
[2024-04-01T06:51:02.720+0000] {logging_mixin.py:188} INFO - [2024-04-01T06:51:02.720+0000] {dag.py:3047} INFO - Sync 1 DAGs
[2024-04-01T06:51:02.727+0000] {logging_mixin.py:188} INFO - [2024-04-01T06:51:02.727+0000] {dag.py:3834} INFO - Setting next_dagrun for example_complex to None, run_after=None
[2024-04-01T06:51:02.736+0000] {processor.py:183} INFO - Processing /home/airflow/.local/lib/python3.8/site-packages/airflow/example_dags/example_complex.py took 0.042 seconds
[2024-04-01T06:51:33.451+0000] {processor.py:161} INFO - Started process (PID=519) to work on /home/airflow/.local/lib/python3.8/site-packages/airflow/example_dags/example_complex.py
[2024-04-01T06:51:33.452+0000] {processor.py:830} INFO - Processing file /home/airflow/.local/lib/python3.8/site-packages/airflow/example_dags/example_complex.py for tasks to queue
[2024-04-01T06:51:33.453+0000] {logging_mixin.py:188} INFO - [2024-04-01T06:51:33.453+0000] {dagbag.py:540} INFO - Filling up the DagBag from /home/airflow/.local/lib/python3.8/site-packages/airflow/example_dags/example_complex.py
[2024-04-01T06:51:33.460+0000] {processor.py:840} INFO - DAG(s) 'example_complex' retrieved from /home/airflow/.local/lib/python3.8/site-packages/airflow/example_dags/example_complex.py
[2024-04-01T06:51:33.477+0000] {logging_mixin.py:188} INFO - [2024-04-01T06:51:33.476+0000] {dag.py:3047} INFO - Sync 1 DAGs
[2024-04-01T06:51:33.483+0000] {logging_mixin.py:188} INFO - [2024-04-01T06:51:33.483+0000] {dag.py:3834} INFO - Setting next_dagrun for example_complex to None, run_after=None
[2024-04-01T06:51:33.492+0000] {processor.py:183} INFO - Processing /home/airflow/.local/lib/python3.8/site-packages/airflow/example_dags/example_complex.py took 0.043 seconds
[2024-04-01T06:52:04.301+0000] {processor.py:161} INFO - Started process (PID=574) to work on /home/airflow/.local/lib/python3.8/site-packages/airflow/example_dags/example_complex.py
[2024-04-01T06:52:04.301+0000] {processor.py:830} INFO - Processing file /home/airflow/.local/lib/python3.8/site-packages/airflow/example_dags/example_complex.py for tasks to queue
[2024-04-01T06:52:04.305+0000] {logging_mixin.py:188} INFO - [2024-04-01T06:52:04.305+0000] {dagbag.py:540} INFO - Filling up the DagBag from /home/airflow/.local/lib/python3.8/site-packages/airflow/example_dags/example_complex.py
[2024-04-01T06:52:04.312+0000] {processor.py:840} INFO - DAG(s) 'example_complex' retrieved from /home/airflow/.local/lib/python3.8/site-packages/airflow/example_dags/example_complex.py
[2024-04-01T06:52:04.331+0000] {logging_mixin.py:188} INFO - [2024-04-01T06:52:04.330+0000] {dag.py:3047} INFO - Sync 1 DAGs
[2024-04-01T06:52:04.337+0000] {logging_mixin.py:188} INFO - [2024-04-01T06:52:04.337+0000] {dag.py:3834} INFO - Setting next_dagrun for example_complex to None, run_after=None
[2024-04-01T06:52:04.347+0000] {processor.py:183} INFO - Processing /home/airflow/.local/lib/python3.8/site-packages/airflow/example_dags/example_complex.py took 0.049 seconds
[2024-04-01T06:52:35.152+0000] {processor.py:161} INFO - Started process (PID=629) to work on /home/airflow/.local/lib/python3.8/site-packages/airflow/example_dags/example_complex.py
[2024-04-01T06:52:35.153+0000] {processor.py:830} INFO - Processing file /home/airflow/.local/lib/python3.8/site-packages/airflow/example_dags/example_complex.py for tasks to queue
[2024-04-01T06:52:35.154+0000] {logging_mixin.py:188} INFO - [2024-04-01T06:52:35.154+0000] {dagbag.py:540} INFO - Filling up the DagBag from /home/airflow/.local/lib/python3.8/site-packages/airflow/example_dags/example_complex.py
[2024-04-01T06:52:35.161+0000] {processor.py:840} INFO - DAG(s) 'example_complex' retrieved from /home/airflow/.local/lib/python3.8/site-packages/airflow/example_dags/example_complex.py
[2024-04-01T06:52:35.180+0000] {logging_mixin.py:188} INFO - [2024-04-01T06:52:35.180+0000] {dag.py:3047} INFO - Sync 1 DAGs
[2024-04-01T06:52:35.191+0000] {logging_mixin.py:188} INFO - [2024-04-01T06:52:35.190+0000] {dag.py:3834} INFO - Setting next_dagrun for example_complex to None, run_after=None
[2024-04-01T06:52:35.204+0000] {processor.py:183} INFO - Processing /home/airflow/.local/lib/python3.8/site-packages/airflow/example_dags/example_complex.py took 0.054 seconds
[2024-04-01T06:53:05.361+0000] {processor.py:161} INFO - Started process (PID=684) to work on /home/airflow/.local/lib/python3.8/site-packages/airflow/example_dags/example_complex.py
[2024-04-01T06:53:05.362+0000] {processor.py:830} INFO - Processing file /home/airflow/.local/lib/python3.8/site-packages/airflow/example_dags/example_complex.py for tasks to queue
[2024-04-01T06:53:05.363+0000] {logging_mixin.py:188} INFO - [2024-04-01T06:53:05.363+0000] {dagbag.py:540} INFO - Filling up the DagBag from /home/airflow/.local/lib/python3.8/site-packages/airflow/example_dags/example_complex.py
[2024-04-01T06:53:05.370+0000] {processor.py:840} INFO - DAG(s) 'example_complex' retrieved from /home/airflow/.local/lib/python3.8/site-packages/airflow/example_dags/example_complex.py
[2024-04-01T06:53:05.388+0000] {logging_mixin.py:188} INFO - [2024-04-01T06:53:05.388+0000] {dag.py:3047} INFO - Sync 1 DAGs
[2024-04-01T06:53:05.396+0000] {logging_mixin.py:188} INFO - [2024-04-01T06:53:05.396+0000] {dag.py:3834} INFO - Setting next_dagrun for example_complex to None, run_after=None
[2024-04-01T06:53:05.406+0000] {processor.py:183} INFO - Processing /home/airflow/.local/lib/python3.8/site-packages/airflow/example_dags/example_complex.py took 0.047 seconds
[2024-04-01T06:53:35.651+0000] {processor.py:161} INFO - Started process (PID=739) to work on /home/airflow/.local/lib/python3.8/site-packages/airflow/example_dags/example_complex.py
[2024-04-01T06:53:35.652+0000] {processor.py:830} INFO - Processing file /home/airflow/.local/lib/python3.8/site-packages/airflow/example_dags/example_complex.py for tasks to queue
[2024-04-01T06:53:35.653+0000] {logging_mixin.py:188} INFO - [2024-04-01T06:53:35.653+0000] {dagbag.py:540} INFO - Filling up the DagBag from /home/airflow/.local/lib/python3.8/site-packages/airflow/example_dags/example_complex.py
[2024-04-01T06:53:35.661+0000] {processor.py:840} INFO - DAG(s) 'example_complex' retrieved from /home/airflow/.local/lib/python3.8/site-packages/airflow/example_dags/example_complex.py
[2024-04-01T06:53:35.691+0000] {logging_mixin.py:188} INFO - [2024-04-01T06:53:35.691+0000] {dag.py:3047} INFO - Sync 1 DAGs
[2024-04-01T06:53:35.702+0000] {logging_mixin.py:188} INFO - [2024-04-01T06:53:35.702+0000] {dag.py:3834} INFO - Setting next_dagrun for example_complex to None, run_after=None
[2024-04-01T06:53:35.720+0000] {processor.py:183} INFO - Processing /home/airflow/.local/lib/python3.8/site-packages/airflow/example_dags/example_complex.py took 0.072 seconds
[2024-04-01T06:54:06.337+0000] {processor.py:161} INFO - Started process (PID=794) to work on /home/airflow/.local/lib/python3.8/site-packages/airflow/example_dags/example_complex.py
[2024-04-01T06:54:06.337+0000] {processor.py:830} INFO - Processing file /home/airflow/.local/lib/python3.8/site-packages/airflow/example_dags/example_complex.py for tasks to queue
[2024-04-01T06:54:06.338+0000] {logging_mixin.py:188} INFO - [2024-04-01T06:54:06.338+0000] {dagbag.py:540} INFO - Filling up the DagBag from /home/airflow/.local/lib/python3.8/site-packages/airflow/example_dags/example_complex.py
[2024-04-01T06:54:06.345+0000] {processor.py:840} INFO - DAG(s) 'example_complex' retrieved from /home/airflow/.local/lib/python3.8/site-packages/airflow/example_dags/example_complex.py
[2024-04-01T06:54:06.363+0000] {logging_mixin.py:188} INFO - [2024-04-01T06:54:06.363+0000] {dag.py:3047} INFO - Sync 1 DAGs
[2024-04-01T06:54:06.370+0000] {logging_mixin.py:188} INFO - [2024-04-01T06:54:06.370+0000] {dag.py:3834} INFO - Setting next_dagrun for example_complex to None, run_after=None
[2024-04-01T06:54:06.380+0000] {processor.py:183} INFO - Processing /home/airflow/.local/lib/python3.8/site-packages/airflow/example_dags/example_complex.py took 0.045 seconds
[2024-04-01T06:54:37.045+0000] {processor.py:161} INFO - Started process (PID=849) to work on /home/airflow/.local/lib/python3.8/site-packages/airflow/example_dags/example_complex.py
[2024-04-01T06:54:37.045+0000] {processor.py:830} INFO - Processing file /home/airflow/.local/lib/python3.8/site-packages/airflow/example_dags/example_complex.py for tasks to queue
[2024-04-01T06:54:37.047+0000] {logging_mixin.py:188} INFO - [2024-04-01T06:54:37.046+0000] {dagbag.py:540} INFO - Filling up the DagBag from /home/airflow/.local/lib/python3.8/site-packages/airflow/example_dags/example_complex.py
[2024-04-01T06:54:37.054+0000] {processor.py:840} INFO - DAG(s) 'example_complex' retrieved from /home/airflow/.local/lib/python3.8/site-packages/airflow/example_dags/example_complex.py
[2024-04-01T06:54:37.071+0000] {logging_mixin.py:188} INFO - [2024-04-01T06:54:37.071+0000] {dag.py:3047} INFO - Sync 1 DAGs
[2024-04-01T06:54:37.078+0000] {logging_mixin.py:188} INFO - [2024-04-01T06:54:37.078+0000] {dag.py:3834} INFO - Setting next_dagrun for example_complex to None, run_after=None
[2024-04-01T06:54:37.088+0000] {processor.py:183} INFO - Processing /home/airflow/.local/lib/python3.8/site-packages/airflow/example_dags/example_complex.py took 0.045 seconds
[2024-04-01T06:55:07.816+0000] {processor.py:161} INFO - Started process (PID=904) to work on /home/airflow/.local/lib/python3.8/site-packages/airflow/example_dags/example_complex.py
[2024-04-01T06:55:07.816+0000] {processor.py:830} INFO - Processing file /home/airflow/.local/lib/python3.8/site-packages/airflow/example_dags/example_complex.py for tasks to queue
[2024-04-01T06:55:07.817+0000] {logging_mixin.py:188} INFO - [2024-04-01T06:55:07.817+0000] {dagbag.py:540} INFO - Filling up the DagBag from /home/airflow/.local/lib/python3.8/site-packages/airflow/example_dags/example_complex.py
[2024-04-01T06:55:07.824+0000] {processor.py:840} INFO - DAG(s) 'example_complex' retrieved from /home/airflow/.local/lib/python3.8/site-packages/airflow/example_dags/example_complex.py
[2024-04-01T06:55:07.843+0000] {logging_mixin.py:188} INFO - [2024-04-01T06:55:07.842+0000] {dag.py:3047} INFO - Sync 1 DAGs
[2024-04-01T06:55:07.850+0000] {logging_mixin.py:188} INFO - [2024-04-01T06:55:07.850+0000] {dag.py:3834} INFO - Setting next_dagrun for example_complex to None, run_after=None
[2024-04-01T06:55:07.860+0000] {processor.py:183} INFO - Processing /home/airflow/.local/lib/python3.8/site-packages/airflow/example_dags/example_complex.py took 0.046 seconds
[2024-04-01T06:55:38.549+0000] {processor.py:161} INFO - Started process (PID=959) to work on /home/airflow/.local/lib/python3.8/site-packages/airflow/example_dags/example_complex.py
[2024-04-01T06:55:38.550+0000] {processor.py:830} INFO - Processing file /home/airflow/.local/lib/python3.8/site-packages/airflow/example_dags/example_complex.py for tasks to queue
[2024-04-01T06:55:38.551+0000] {logging_mixin.py:188} INFO - [2024-04-01T06:55:38.551+0000] {dagbag.py:540} INFO - Filling up the DagBag from /home/airflow/.local/lib/python3.8/site-packages/airflow/example_dags/example_complex.py
[2024-04-01T06:55:38.559+0000] {processor.py:840} INFO - DAG(s) 'example_complex' retrieved from /home/airflow/.local/lib/python3.8/site-packages/airflow/example_dags/example_complex.py
[2024-04-01T06:55:38.577+0000] {logging_mixin.py:188} INFO - [2024-04-01T06:55:38.577+0000] {dag.py:3047} INFO - Sync 1 DAGs
[2024-04-01T06:55:38.585+0000] {logging_mixin.py:188} INFO - [2024-04-01T06:55:38.585+0000] {dag.py:3834} INFO - Setting next_dagrun for example_complex to None, run_after=None
[2024-04-01T06:55:38.596+0000] {processor.py:183} INFO - Processing /home/airflow/.local/lib/python3.8/site-packages/airflow/example_dags/example_complex.py took 0.050 seconds
[2024-04-01T06:56:09.216+0000] {processor.py:161} INFO - Started process (PID=1014) to work on /home/airflow/.local/lib/python3.8/site-packages/airflow/example_dags/example_complex.py
[2024-04-01T06:56:09.217+0000] {processor.py:830} INFO - Processing file /home/airflow/.local/lib/python3.8/site-packages/airflow/example_dags/example_complex.py for tasks to queue
[2024-04-01T06:56:09.218+0000] {logging_mixin.py:188} INFO - [2024-04-01T06:56:09.217+0000] {dagbag.py:540} INFO - Filling up the DagBag from /home/airflow/.local/lib/python3.8/site-packages/airflow/example_dags/example_complex.py
[2024-04-01T06:56:09.224+0000] {processor.py:840} INFO - DAG(s) 'example_complex' retrieved from /home/airflow/.local/lib/python3.8/site-packages/airflow/example_dags/example_complex.py
[2024-04-01T06:56:09.241+0000] {logging_mixin.py:188} INFO - [2024-04-01T06:56:09.241+0000] {dag.py:3047} INFO - Sync 1 DAGs
[2024-04-01T06:56:09.248+0000] {logging_mixin.py:188} INFO - [2024-04-01T06:56:09.248+0000] {dag.py:3834} INFO - Setting next_dagrun for example_complex to None, run_after=None
[2024-04-01T06:56:09.258+0000] {processor.py:183} INFO - Processing /home/airflow/.local/lib/python3.8/site-packages/airflow/example_dags/example_complex.py took 0.044 seconds
[2024-04-01T06:56:40.015+0000] {processor.py:161} INFO - Started process (PID=1068) to work on /home/airflow/.local/lib/python3.8/site-packages/airflow/example_dags/example_complex.py
[2024-04-01T06:56:40.015+0000] {processor.py:830} INFO - Processing file /home/airflow/.local/lib/python3.8/site-packages/airflow/example_dags/example_complex.py for tasks to queue
[2024-04-01T06:56:40.016+0000] {logging_mixin.py:188} INFO - [2024-04-01T06:56:40.016+0000] {dagbag.py:540} INFO - Filling up the DagBag from /home/airflow/.local/lib/python3.8/site-packages/airflow/example_dags/example_complex.py
[2024-04-01T06:56:40.023+0000] {processor.py:840} INFO - DAG(s) 'example_complex' retrieved from /home/airflow/.local/lib/python3.8/site-packages/airflow/example_dags/example_complex.py
[2024-04-01T06:56:40.040+0000] {logging_mixin.py:188} INFO - [2024-04-01T06:56:40.040+0000] {dag.py:3047} INFO - Sync 1 DAGs
[2024-04-01T06:56:40.047+0000] {logging_mixin.py:188} INFO - [2024-04-01T06:56:40.047+0000] {dag.py:3834} INFO - Setting next_dagrun for example_complex to None, run_after=None
[2024-04-01T06:56:40.058+0000] {processor.py:183} INFO - Processing /home/airflow/.local/lib/python3.8/site-packages/airflow/example_dags/example_complex.py took 0.045 seconds
[2024-04-01T06:57:10.189+0000] {processor.py:161} INFO - Started process (PID=1123) to work on /home/airflow/.local/lib/python3.8/site-packages/airflow/example_dags/example_complex.py
[2024-04-01T06:57:10.190+0000] {processor.py:830} INFO - Processing file /home/airflow/.local/lib/python3.8/site-packages/airflow/example_dags/example_complex.py for tasks to queue
[2024-04-01T06:57:10.191+0000] {logging_mixin.py:188} INFO - [2024-04-01T06:57:10.191+0000] {dagbag.py:540} INFO - Filling up the DagBag from /home/airflow/.local/lib/python3.8/site-packages/airflow/example_dags/example_complex.py
[2024-04-01T06:57:10.197+0000] {processor.py:840} INFO - DAG(s) 'example_complex' retrieved from /home/airflow/.local/lib/python3.8/site-packages/airflow/example_dags/example_complex.py
[2024-04-01T06:57:10.216+0000] {logging_mixin.py:188} INFO - [2024-04-01T06:57:10.216+0000] {dag.py:3047} INFO - Sync 1 DAGs
[2024-04-01T06:57:10.223+0000] {logging_mixin.py:188} INFO - [2024-04-01T06:57:10.223+0000] {dag.py:3834} INFO - Setting next_dagrun for example_complex to None, run_after=None
[2024-04-01T06:57:10.233+0000] {processor.py:183} INFO - Processing /home/airflow/.local/lib/python3.8/site-packages/airflow/example_dags/example_complex.py took 0.046 seconds
[2024-04-01T06:57:40.873+0000] {processor.py:161} INFO - Started process (PID=1178) to work on /home/airflow/.local/lib/python3.8/site-packages/airflow/example_dags/example_complex.py
[2024-04-01T06:57:40.873+0000] {processor.py:830} INFO - Processing file /home/airflow/.local/lib/python3.8/site-packages/airflow/example_dags/example_complex.py for tasks to queue
[2024-04-01T06:57:40.874+0000] {logging_mixin.py:188} INFO - [2024-04-01T06:57:40.874+0000] {dagbag.py:540} INFO - Filling up the DagBag from /home/airflow/.local/lib/python3.8/site-packages/airflow/example_dags/example_complex.py
[2024-04-01T06:57:40.881+0000] {processor.py:840} INFO - DAG(s) 'example_complex' retrieved from /home/airflow/.local/lib/python3.8/site-packages/airflow/example_dags/example_complex.py
[2024-04-01T06:57:40.898+0000] {logging_mixin.py:188} INFO - [2024-04-01T06:57:40.898+0000] {dag.py:3047} INFO - Sync 1 DAGs
[2024-04-01T06:57:40.905+0000] {logging_mixin.py:188} INFO - [2024-04-01T06:57:40.905+0000] {dag.py:3834} INFO - Setting next_dagrun for example_complex to None, run_after=None
[2024-04-01T06:57:40.914+0000] {processor.py:183} INFO - Processing /home/airflow/.local/lib/python3.8/site-packages/airflow/example_dags/example_complex.py took 0.044 seconds
[2024-04-01T06:58:11.759+0000] {processor.py:161} INFO - Started process (PID=1233) to work on /home/airflow/.local/lib/python3.8/site-packages/airflow/example_dags/example_complex.py
[2024-04-01T06:58:11.759+0000] {processor.py:830} INFO - Processing file /home/airflow/.local/lib/python3.8/site-packages/airflow/example_dags/example_complex.py for tasks to queue
[2024-04-01T06:58:11.760+0000] {logging_mixin.py:188} INFO - [2024-04-01T06:58:11.760+0000] {dagbag.py:540} INFO - Filling up the DagBag from /home/airflow/.local/lib/python3.8/site-packages/airflow/example_dags/example_complex.py
[2024-04-01T06:58:11.767+0000] {processor.py:840} INFO - DAG(s) 'example_complex' retrieved from /home/airflow/.local/lib/python3.8/site-packages/airflow/example_dags/example_complex.py
[2024-04-01T06:58:11.785+0000] {logging_mixin.py:188} INFO - [2024-04-01T06:58:11.785+0000] {dag.py:3047} INFO - Sync 1 DAGs
[2024-04-01T06:58:11.793+0000] {logging_mixin.py:188} INFO - [2024-04-01T06:58:11.793+0000] {dag.py:3834} INFO - Setting next_dagrun for example_complex to None, run_after=None
[2024-04-01T06:58:11.802+0000] {processor.py:183} INFO - Processing /home/airflow/.local/lib/python3.8/site-packages/airflow/example_dags/example_complex.py took 0.045 seconds
[2024-04-01T06:58:41.848+0000] {processor.py:161} INFO - Started process (PID=1288) to work on /home/airflow/.local/lib/python3.8/site-packages/airflow/example_dags/example_complex.py
[2024-04-01T06:58:41.849+0000] {processor.py:830} INFO - Processing file /home/airflow/.local/lib/python3.8/site-packages/airflow/example_dags/example_complex.py for tasks to queue
[2024-04-01T06:58:41.850+0000] {logging_mixin.py:188} INFO - [2024-04-01T06:58:41.850+0000] {dagbag.py:540} INFO - Filling up the DagBag from /home/airflow/.local/lib/python3.8/site-packages/airflow/example_dags/example_complex.py
[2024-04-01T06:58:41.857+0000] {processor.py:840} INFO - DAG(s) 'example_complex' retrieved from /home/airflow/.local/lib/python3.8/site-packages/airflow/example_dags/example_complex.py
[2024-04-01T06:58:41.877+0000] {logging_mixin.py:188} INFO - [2024-04-01T06:58:41.877+0000] {dag.py:3047} INFO - Sync 1 DAGs
[2024-04-01T06:58:41.885+0000] {logging_mixin.py:188} INFO - [2024-04-01T06:58:41.885+0000] {dag.py:3834} INFO - Setting next_dagrun for example_complex to None, run_after=None
[2024-04-01T06:58:41.897+0000] {processor.py:183} INFO - Processing /home/airflow/.local/lib/python3.8/site-packages/airflow/example_dags/example_complex.py took 0.051 seconds
[2024-04-01T06:59:12.421+0000] {processor.py:161} INFO - Started process (PID=1343) to work on /home/airflow/.local/lib/python3.8/site-packages/airflow/example_dags/example_complex.py
[2024-04-01T06:59:12.422+0000] {processor.py:830} INFO - Processing file /home/airflow/.local/lib/python3.8/site-packages/airflow/example_dags/example_complex.py for tasks to queue
[2024-04-01T06:59:12.423+0000] {logging_mixin.py:188} INFO - [2024-04-01T06:59:12.423+0000] {dagbag.py:540} INFO - Filling up the DagBag from /home/airflow/.local/lib/python3.8/site-packages/airflow/example_dags/example_complex.py
[2024-04-01T06:59:12.429+0000] {processor.py:840} INFO - DAG(s) 'example_complex' retrieved from /home/airflow/.local/lib/python3.8/site-packages/airflow/example_dags/example_complex.py
[2024-04-01T06:59:12.447+0000] {logging_mixin.py:188} INFO - [2024-04-01T06:59:12.447+0000] {dag.py:3047} INFO - Sync 1 DAGs
[2024-04-01T06:59:12.458+0000] {logging_mixin.py:188} INFO - [2024-04-01T06:59:12.458+0000] {dag.py:3834} INFO - Setting next_dagrun for example_complex to None, run_after=None
[2024-04-01T06:59:12.468+0000] {processor.py:183} INFO - Processing /home/airflow/.local/lib/python3.8/site-packages/airflow/example_dags/example_complex.py took 0.049 seconds
[2024-04-01T06:59:43.230+0000] {processor.py:161} INFO - Started process (PID=1398) to work on /home/airflow/.local/lib/python3.8/site-packages/airflow/example_dags/example_complex.py
[2024-04-01T06:59:43.231+0000] {processor.py:830} INFO - Processing file /home/airflow/.local/lib/python3.8/site-packages/airflow/example_dags/example_complex.py for tasks to queue
[2024-04-01T06:59:43.232+0000] {logging_mixin.py:188} INFO - [2024-04-01T06:59:43.232+0000] {dagbag.py:540} INFO - Filling up the DagBag from /home/airflow/.local/lib/python3.8/site-packages/airflow/example_dags/example_complex.py
[2024-04-01T06:59:43.238+0000] {processor.py:840} INFO - DAG(s) 'example_complex' retrieved from /home/airflow/.local/lib/python3.8/site-packages/airflow/example_dags/example_complex.py
[2024-04-01T06:59:43.255+0000] {logging_mixin.py:188} INFO - [2024-04-01T06:59:43.255+0000] {dag.py:3047} INFO - Sync 1 DAGs
[2024-04-01T06:59:43.261+0000] {logging_mixin.py:188} INFO - [2024-04-01T06:59:43.261+0000] {dag.py:3834} INFO - Setting next_dagrun for example_complex to None, run_after=None
[2024-04-01T06:59:43.271+0000] {processor.py:183} INFO - Processing /home/airflow/.local/lib/python3.8/site-packages/airflow/example_dags/example_complex.py took 0.042 seconds
[2024-04-01T07:00:14.221+0000] {processor.py:161} INFO - Started process (PID=1453) to work on /home/airflow/.local/lib/python3.8/site-packages/airflow/example_dags/example_complex.py
[2024-04-01T07:00:14.222+0000] {processor.py:830} INFO - Processing file /home/airflow/.local/lib/python3.8/site-packages/airflow/example_dags/example_complex.py for tasks to queue
[2024-04-01T07:00:14.223+0000] {logging_mixin.py:188} INFO - [2024-04-01T07:00:14.222+0000] {dagbag.py:540} INFO - Filling up the DagBag from /home/airflow/.local/lib/python3.8/site-packages/airflow/example_dags/example_complex.py
[2024-04-01T07:00:14.229+0000] {processor.py:840} INFO - DAG(s) 'example_complex' retrieved from /home/airflow/.local/lib/python3.8/site-packages/airflow/example_dags/example_complex.py
[2024-04-01T07:00:14.246+0000] {logging_mixin.py:188} INFO - [2024-04-01T07:00:14.246+0000] {dag.py:3047} INFO - Sync 1 DAGs
[2024-04-01T07:00:14.253+0000] {logging_mixin.py:188} INFO - [2024-04-01T07:00:14.253+0000] {dag.py:3834} INFO - Setting next_dagrun for example_complex to None, run_after=None
[2024-04-01T07:00:14.262+0000] {processor.py:183} INFO - Processing /home/airflow/.local/lib/python3.8/site-packages/airflow/example_dags/example_complex.py took 0.043 seconds
[2024-04-01T07:00:44.679+0000] {processor.py:161} INFO - Started process (PID=1508) to work on /home/airflow/.local/lib/python3.8/site-packages/airflow/example_dags/example_complex.py
[2024-04-01T07:00:44.679+0000] {processor.py:830} INFO - Processing file /home/airflow/.local/lib/python3.8/site-packages/airflow/example_dags/example_complex.py for tasks to queue
[2024-04-01T07:00:44.680+0000] {logging_mixin.py:188} INFO - [2024-04-01T07:00:44.680+0000] {dagbag.py:540} INFO - Filling up the DagBag from /home/airflow/.local/lib/python3.8/site-packages/airflow/example_dags/example_complex.py
[2024-04-01T07:00:44.686+0000] {processor.py:840} INFO - DAG(s) 'example_complex' retrieved from /home/airflow/.local/lib/python3.8/site-packages/airflow/example_dags/example_complex.py
[2024-04-01T07:00:44.704+0000] {logging_mixin.py:188} INFO - [2024-04-01T07:00:44.704+0000] {dag.py:3047} INFO - Sync 1 DAGs
[2024-04-01T07:00:44.711+0000] {logging_mixin.py:188} INFO - [2024-04-01T07:00:44.710+0000] {dag.py:3834} INFO - Setting next_dagrun for example_complex to None, run_after=None
[2024-04-01T07:00:44.720+0000] {processor.py:183} INFO - Processing /home/airflow/.local/lib/python3.8/site-packages/airflow/example_dags/example_complex.py took 0.043 seconds
[2024-04-01T07:01:38.093+0000] {processor.py:161} INFO - Started process (PID=79) to work on /home/airflow/.local/lib/python3.8/site-packages/airflow/example_dags/example_complex.py
[2024-04-01T07:01:38.094+0000] {processor.py:830} INFO - Processing file /home/airflow/.local/lib/python3.8/site-packages/airflow/example_dags/example_complex.py for tasks to queue
[2024-04-01T07:01:38.095+0000] {logging_mixin.py:188} INFO - [2024-04-01T07:01:38.095+0000] {dagbag.py:540} INFO - Filling up the DagBag from /home/airflow/.local/lib/python3.8/site-packages/airflow/example_dags/example_complex.py
[2024-04-01T07:01:38.108+0000] {processor.py:840} INFO - DAG(s) 'example_complex' retrieved from /home/airflow/.local/lib/python3.8/site-packages/airflow/example_dags/example_complex.py
[2024-04-01T07:01:38.119+0000] {logging_mixin.py:188} INFO - [2024-04-01T07:01:38.119+0000] {dag.py:3047} INFO - Sync 1 DAGs
[2024-04-01T07:01:38.131+0000] {logging_mixin.py:188} INFO - [2024-04-01T07:01:38.131+0000] {dag.py:3834} INFO - Setting next_dagrun for example_complex to None, run_after=None
[2024-04-01T07:01:38.144+0000] {processor.py:183} INFO - Processing /home/airflow/.local/lib/python3.8/site-packages/airflow/example_dags/example_complex.py took 0.055 seconds
[2024-04-01T07:02:09.002+0000] {processor.py:161} INFO - Started process (PID=134) to work on /home/airflow/.local/lib/python3.8/site-packages/airflow/example_dags/example_complex.py
[2024-04-01T07:02:09.003+0000] {processor.py:830} INFO - Processing file /home/airflow/.local/lib/python3.8/site-packages/airflow/example_dags/example_complex.py for tasks to queue
[2024-04-01T07:02:09.004+0000] {logging_mixin.py:188} INFO - [2024-04-01T07:02:09.004+0000] {dagbag.py:540} INFO - Filling up the DagBag from /home/airflow/.local/lib/python3.8/site-packages/airflow/example_dags/example_complex.py
[2024-04-01T07:02:09.011+0000] {processor.py:840} INFO - DAG(s) 'example_complex' retrieved from /home/airflow/.local/lib/python3.8/site-packages/airflow/example_dags/example_complex.py
[2024-04-01T07:02:09.067+0000] {logging_mixin.py:188} INFO - [2024-04-01T07:02:09.067+0000] {dag.py:3047} INFO - Sync 1 DAGs
[2024-04-01T07:02:09.072+0000] {logging_mixin.py:188} INFO - [2024-04-01T07:02:09.072+0000] {dag.py:3834} INFO - Setting next_dagrun for example_complex to None, run_after=None
[2024-04-01T07:02:09.082+0000] {processor.py:183} INFO - Processing /home/airflow/.local/lib/python3.8/site-packages/airflow/example_dags/example_complex.py took 0.082 seconds
[2024-04-01T07:02:39.215+0000] {processor.py:161} INFO - Started process (PID=188) to work on /home/airflow/.local/lib/python3.8/site-packages/airflow/example_dags/example_complex.py
[2024-04-01T07:02:39.215+0000] {processor.py:830} INFO - Processing file /home/airflow/.local/lib/python3.8/site-packages/airflow/example_dags/example_complex.py for tasks to queue
[2024-04-01T07:02:39.217+0000] {logging_mixin.py:188} INFO - [2024-04-01T07:02:39.216+0000] {dagbag.py:540} INFO - Filling up the DagBag from /home/airflow/.local/lib/python3.8/site-packages/airflow/example_dags/example_complex.py
[2024-04-01T07:02:39.223+0000] {processor.py:840} INFO - DAG(s) 'example_complex' retrieved from /home/airflow/.local/lib/python3.8/site-packages/airflow/example_dags/example_complex.py
[2024-04-01T07:02:39.243+0000] {logging_mixin.py:188} INFO - [2024-04-01T07:02:39.243+0000] {dag.py:3047} INFO - Sync 1 DAGs
[2024-04-01T07:02:39.250+0000] {logging_mixin.py:188} INFO - [2024-04-01T07:02:39.250+0000] {dag.py:3834} INFO - Setting next_dagrun for example_complex to None, run_after=None
[2024-04-01T07:02:39.259+0000] {processor.py:183} INFO - Processing /home/airflow/.local/lib/python3.8/site-packages/airflow/example_dags/example_complex.py took 0.047 seconds
[2024-04-01T07:03:09.330+0000] {processor.py:161} INFO - Started process (PID=243) to work on /home/airflow/.local/lib/python3.8/site-packages/airflow/example_dags/example_complex.py
[2024-04-01T07:03:09.330+0000] {processor.py:830} INFO - Processing file /home/airflow/.local/lib/python3.8/site-packages/airflow/example_dags/example_complex.py for tasks to queue
[2024-04-01T07:03:09.331+0000] {logging_mixin.py:188} INFO - [2024-04-01T07:03:09.331+0000] {dagbag.py:540} INFO - Filling up the DagBag from /home/airflow/.local/lib/python3.8/site-packages/airflow/example_dags/example_complex.py
[2024-04-01T07:03:09.338+0000] {processor.py:840} INFO - DAG(s) 'example_complex' retrieved from /home/airflow/.local/lib/python3.8/site-packages/airflow/example_dags/example_complex.py
[2024-04-01T07:03:09.356+0000] {logging_mixin.py:188} INFO - [2024-04-01T07:03:09.356+0000] {dag.py:3047} INFO - Sync 1 DAGs
[2024-04-01T07:03:09.363+0000] {logging_mixin.py:188} INFO - [2024-04-01T07:03:09.363+0000] {dag.py:3834} INFO - Setting next_dagrun for example_complex to None, run_after=None
[2024-04-01T07:03:09.373+0000] {processor.py:183} INFO - Processing /home/airflow/.local/lib/python3.8/site-packages/airflow/example_dags/example_complex.py took 0.045 seconds
[2024-04-01T07:03:39.497+0000] {processor.py:161} INFO - Started process (PID=298) to work on /home/airflow/.local/lib/python3.8/site-packages/airflow/example_dags/example_complex.py
[2024-04-01T07:03:39.498+0000] {processor.py:830} INFO - Processing file /home/airflow/.local/lib/python3.8/site-packages/airflow/example_dags/example_complex.py for tasks to queue
[2024-04-01T07:03:39.499+0000] {logging_mixin.py:188} INFO - [2024-04-01T07:03:39.499+0000] {dagbag.py:540} INFO - Filling up the DagBag from /home/airflow/.local/lib/python3.8/site-packages/airflow/example_dags/example_complex.py
[2024-04-01T07:03:39.505+0000] {processor.py:840} INFO - DAG(s) 'example_complex' retrieved from /home/airflow/.local/lib/python3.8/site-packages/airflow/example_dags/example_complex.py
[2024-04-01T07:03:39.523+0000] {logging_mixin.py:188} INFO - [2024-04-01T07:03:39.523+0000] {dag.py:3047} INFO - Sync 1 DAGs
[2024-04-01T07:03:39.530+0000] {logging_mixin.py:188} INFO - [2024-04-01T07:03:39.530+0000] {dag.py:3834} INFO - Setting next_dagrun for example_complex to None, run_after=None
[2024-04-01T07:03:39.540+0000] {processor.py:183} INFO - Processing /home/airflow/.local/lib/python3.8/site-packages/airflow/example_dags/example_complex.py took 0.045 seconds
[2024-04-01T07:04:10.502+0000] {processor.py:161} INFO - Started process (PID=353) to work on /home/airflow/.local/lib/python3.8/site-packages/airflow/example_dags/example_complex.py
[2024-04-01T07:04:10.503+0000] {processor.py:830} INFO - Processing file /home/airflow/.local/lib/python3.8/site-packages/airflow/example_dags/example_complex.py for tasks to queue
[2024-04-01T07:04:10.504+0000] {logging_mixin.py:188} INFO - [2024-04-01T07:04:10.504+0000] {dagbag.py:540} INFO - Filling up the DagBag from /home/airflow/.local/lib/python3.8/site-packages/airflow/example_dags/example_complex.py
[2024-04-01T07:04:10.510+0000] {processor.py:840} INFO - DAG(s) 'example_complex' retrieved from /home/airflow/.local/lib/python3.8/site-packages/airflow/example_dags/example_complex.py
[2024-04-01T07:04:10.527+0000] {logging_mixin.py:188} INFO - [2024-04-01T07:04:10.527+0000] {dag.py:3047} INFO - Sync 1 DAGs
[2024-04-01T07:04:10.534+0000] {logging_mixin.py:188} INFO - [2024-04-01T07:04:10.534+0000] {dag.py:3834} INFO - Setting next_dagrun for example_complex to None, run_after=None
[2024-04-01T07:04:10.543+0000] {processor.py:183} INFO - Processing /home/airflow/.local/lib/python3.8/site-packages/airflow/example_dags/example_complex.py took 0.043 seconds
[2024-04-01T07:04:40.718+0000] {processor.py:161} INFO - Started process (PID=408) to work on /home/airflow/.local/lib/python3.8/site-packages/airflow/example_dags/example_complex.py
[2024-04-01T07:04:40.719+0000] {processor.py:830} INFO - Processing file /home/airflow/.local/lib/python3.8/site-packages/airflow/example_dags/example_complex.py for tasks to queue
[2024-04-01T07:04:40.720+0000] {logging_mixin.py:188} INFO - [2024-04-01T07:04:40.720+0000] {dagbag.py:540} INFO - Filling up the DagBag from /home/airflow/.local/lib/python3.8/site-packages/airflow/example_dags/example_complex.py
[2024-04-01T07:04:40.727+0000] {processor.py:840} INFO - DAG(s) 'example_complex' retrieved from /home/airflow/.local/lib/python3.8/site-packages/airflow/example_dags/example_complex.py
[2024-04-01T07:04:40.748+0000] {logging_mixin.py:188} INFO - [2024-04-01T07:04:40.747+0000] {dag.py:3047} INFO - Sync 1 DAGs
[2024-04-01T07:04:40.755+0000] {logging_mixin.py:188} INFO - [2024-04-01T07:04:40.755+0000] {dag.py:3834} INFO - Setting next_dagrun for example_complex to None, run_after=None
[2024-04-01T07:04:40.766+0000] {processor.py:183} INFO - Processing /home/airflow/.local/lib/python3.8/site-packages/airflow/example_dags/example_complex.py took 0.050 seconds
[2024-04-01T07:05:10.809+0000] {processor.py:161} INFO - Started process (PID=463) to work on /home/airflow/.local/lib/python3.8/site-packages/airflow/example_dags/example_complex.py
[2024-04-01T07:05:10.809+0000] {processor.py:830} INFO - Processing file /home/airflow/.local/lib/python3.8/site-packages/airflow/example_dags/example_complex.py for tasks to queue
[2024-04-01T07:05:10.810+0000] {logging_mixin.py:188} INFO - [2024-04-01T07:05:10.810+0000] {dagbag.py:540} INFO - Filling up the DagBag from /home/airflow/.local/lib/python3.8/site-packages/airflow/example_dags/example_complex.py
[2024-04-01T07:05:10.817+0000] {processor.py:840} INFO - DAG(s) 'example_complex' retrieved from /home/airflow/.local/lib/python3.8/site-packages/airflow/example_dags/example_complex.py
[2024-04-01T07:05:10.834+0000] {logging_mixin.py:188} INFO - [2024-04-01T07:05:10.834+0000] {dag.py:3047} INFO - Sync 1 DAGs
[2024-04-01T07:05:10.841+0000] {logging_mixin.py:188} INFO - [2024-04-01T07:05:10.840+0000] {dag.py:3834} INFO - Setting next_dagrun for example_complex to None, run_after=None
[2024-04-01T07:05:10.850+0000] {processor.py:183} INFO - Processing /home/airflow/.local/lib/python3.8/site-packages/airflow/example_dags/example_complex.py took 0.043 seconds
[2024-04-01T07:05:41.014+0000] {processor.py:161} INFO - Started process (PID=518) to work on /home/airflow/.local/lib/python3.8/site-packages/airflow/example_dags/example_complex.py
[2024-04-01T07:05:41.015+0000] {processor.py:830} INFO - Processing file /home/airflow/.local/lib/python3.8/site-packages/airflow/example_dags/example_complex.py for tasks to queue
[2024-04-01T07:05:41.016+0000] {logging_mixin.py:188} INFO - [2024-04-01T07:05:41.016+0000] {dagbag.py:540} INFO - Filling up the DagBag from /home/airflow/.local/lib/python3.8/site-packages/airflow/example_dags/example_complex.py
[2024-04-01T07:05:41.023+0000] {processor.py:840} INFO - DAG(s) 'example_complex' retrieved from /home/airflow/.local/lib/python3.8/site-packages/airflow/example_dags/example_complex.py
[2024-04-01T07:05:41.043+0000] {logging_mixin.py:188} INFO - [2024-04-01T07:05:41.042+0000] {dag.py:3047} INFO - Sync 1 DAGs
[2024-04-01T07:05:41.049+0000] {logging_mixin.py:188} INFO - [2024-04-01T07:05:41.049+0000] {dag.py:3834} INFO - Setting next_dagrun for example_complex to None, run_after=None
[2024-04-01T07:05:41.060+0000] {processor.py:183} INFO - Processing /home/airflow/.local/lib/python3.8/site-packages/airflow/example_dags/example_complex.py took 0.049 seconds
[2024-04-01T07:06:11.140+0000] {processor.py:161} INFO - Started process (PID=573) to work on /home/airflow/.local/lib/python3.8/site-packages/airflow/example_dags/example_complex.py
[2024-04-01T07:06:11.140+0000] {processor.py:830} INFO - Processing file /home/airflow/.local/lib/python3.8/site-packages/airflow/example_dags/example_complex.py for tasks to queue
[2024-04-01T07:06:11.142+0000] {logging_mixin.py:188} INFO - [2024-04-01T07:06:11.142+0000] {dagbag.py:540} INFO - Filling up the DagBag from /home/airflow/.local/lib/python3.8/site-packages/airflow/example_dags/example_complex.py
[2024-04-01T07:06:11.151+0000] {processor.py:840} INFO - DAG(s) 'example_complex' retrieved from /home/airflow/.local/lib/python3.8/site-packages/airflow/example_dags/example_complex.py
[2024-04-01T07:06:11.173+0000] {logging_mixin.py:188} INFO - [2024-04-01T07:06:11.173+0000] {dag.py:3047} INFO - Sync 1 DAGs
[2024-04-01T07:06:11.181+0000] {logging_mixin.py:188} INFO - [2024-04-01T07:06:11.181+0000] {dag.py:3834} INFO - Setting next_dagrun for example_complex to None, run_after=None
[2024-04-01T07:06:11.195+0000] {processor.py:183} INFO - Processing /home/airflow/.local/lib/python3.8/site-packages/airflow/example_dags/example_complex.py took 0.058 seconds
[2024-04-01T07:06:41.684+0000] {processor.py:161} INFO - Started process (PID=628) to work on /home/airflow/.local/lib/python3.8/site-packages/airflow/example_dags/example_complex.py
[2024-04-01T07:06:41.685+0000] {processor.py:830} INFO - Processing file /home/airflow/.local/lib/python3.8/site-packages/airflow/example_dags/example_complex.py for tasks to queue
[2024-04-01T07:06:41.686+0000] {logging_mixin.py:188} INFO - [2024-04-01T07:06:41.686+0000] {dagbag.py:540} INFO - Filling up the DagBag from /home/airflow/.local/lib/python3.8/site-packages/airflow/example_dags/example_complex.py
[2024-04-01T07:06:41.694+0000] {processor.py:840} INFO - DAG(s) 'example_complex' retrieved from /home/airflow/.local/lib/python3.8/site-packages/airflow/example_dags/example_complex.py
[2024-04-01T07:06:41.713+0000] {logging_mixin.py:188} INFO - [2024-04-01T07:06:41.712+0000] {dag.py:3047} INFO - Sync 1 DAGs
[2024-04-01T07:06:41.720+0000] {logging_mixin.py:188} INFO - [2024-04-01T07:06:41.720+0000] {dag.py:3834} INFO - Setting next_dagrun for example_complex to None, run_after=None
[2024-04-01T07:06:41.733+0000] {processor.py:183} INFO - Processing /home/airflow/.local/lib/python3.8/site-packages/airflow/example_dags/example_complex.py took 0.051 seconds
[2024-04-01T07:07:11.794+0000] {processor.py:161} INFO - Started process (PID=683) to work on /home/airflow/.local/lib/python3.8/site-packages/airflow/example_dags/example_complex.py
[2024-04-01T07:07:11.795+0000] {processor.py:830} INFO - Processing file /home/airflow/.local/lib/python3.8/site-packages/airflow/example_dags/example_complex.py for tasks to queue
[2024-04-01T07:07:11.796+0000] {logging_mixin.py:188} INFO - [2024-04-01T07:07:11.796+0000] {dagbag.py:540} INFO - Filling up the DagBag from /home/airflow/.local/lib/python3.8/site-packages/airflow/example_dags/example_complex.py
[2024-04-01T07:07:11.807+0000] {processor.py:840} INFO - DAG(s) 'example_complex' retrieved from /home/airflow/.local/lib/python3.8/site-packages/airflow/example_dags/example_complex.py
[2024-04-01T07:07:11.831+0000] {logging_mixin.py:188} INFO - [2024-04-01T07:07:11.831+0000] {dag.py:3047} INFO - Sync 1 DAGs
[2024-04-01T07:07:11.843+0000] {logging_mixin.py:188} INFO - [2024-04-01T07:07:11.842+0000] {dag.py:3834} INFO - Setting next_dagrun for example_complex to None, run_after=None
[2024-04-01T07:07:11.865+0000] {processor.py:183} INFO - Processing /home/airflow/.local/lib/python3.8/site-packages/airflow/example_dags/example_complex.py took 0.074 seconds
[2024-04-01T07:07:41.959+0000] {processor.py:161} INFO - Started process (PID=738) to work on /home/airflow/.local/lib/python3.8/site-packages/airflow/example_dags/example_complex.py
[2024-04-01T07:07:41.959+0000] {processor.py:830} INFO - Processing file /home/airflow/.local/lib/python3.8/site-packages/airflow/example_dags/example_complex.py for tasks to queue
[2024-04-01T07:07:41.961+0000] {logging_mixin.py:188} INFO - [2024-04-01T07:07:41.960+0000] {dagbag.py:540} INFO - Filling up the DagBag from /home/airflow/.local/lib/python3.8/site-packages/airflow/example_dags/example_complex.py
[2024-04-01T07:07:41.967+0000] {processor.py:840} INFO - DAG(s) 'example_complex' retrieved from /home/airflow/.local/lib/python3.8/site-packages/airflow/example_dags/example_complex.py
[2024-04-01T07:07:41.986+0000] {logging_mixin.py:188} INFO - [2024-04-01T07:07:41.986+0000] {dag.py:3047} INFO - Sync 1 DAGs
[2024-04-01T07:07:41.993+0000] {logging_mixin.py:188} INFO - [2024-04-01T07:07:41.993+0000] {dag.py:3834} INFO - Setting next_dagrun for example_complex to None, run_after=None
[2024-04-01T07:07:42.003+0000] {processor.py:183} INFO - Processing /home/airflow/.local/lib/python3.8/site-packages/airflow/example_dags/example_complex.py took 0.047 seconds
[2024-04-01T07:08:12.988+0000] {processor.py:161} INFO - Started process (PID=793) to work on /home/airflow/.local/lib/python3.8/site-packages/airflow/example_dags/example_complex.py
[2024-04-01T07:08:12.989+0000] {processor.py:830} INFO - Processing file /home/airflow/.local/lib/python3.8/site-packages/airflow/example_dags/example_complex.py for tasks to queue
[2024-04-01T07:08:12.990+0000] {logging_mixin.py:188} INFO - [2024-04-01T07:08:12.989+0000] {dagbag.py:540} INFO - Filling up the DagBag from /home/airflow/.local/lib/python3.8/site-packages/airflow/example_dags/example_complex.py
[2024-04-01T07:08:12.996+0000] {processor.py:840} INFO - DAG(s) 'example_complex' retrieved from /home/airflow/.local/lib/python3.8/site-packages/airflow/example_dags/example_complex.py
[2024-04-01T07:08:13.014+0000] {logging_mixin.py:188} INFO - [2024-04-01T07:08:13.013+0000] {dag.py:3047} INFO - Sync 1 DAGs
[2024-04-01T07:08:13.021+0000] {logging_mixin.py:188} INFO - [2024-04-01T07:08:13.021+0000] {dag.py:3834} INFO - Setting next_dagrun for example_complex to None, run_after=None
[2024-04-01T07:08:13.030+0000] {processor.py:183} INFO - Processing /home/airflow/.local/lib/python3.8/site-packages/airflow/example_dags/example_complex.py took 0.044 seconds
[2024-04-01T07:08:43.754+0000] {processor.py:161} INFO - Started process (PID=848) to work on /home/airflow/.local/lib/python3.8/site-packages/airflow/example_dags/example_complex.py
[2024-04-01T07:08:43.755+0000] {processor.py:830} INFO - Processing file /home/airflow/.local/lib/python3.8/site-packages/airflow/example_dags/example_complex.py for tasks to queue
[2024-04-01T07:08:43.756+0000] {logging_mixin.py:188} INFO - [2024-04-01T07:08:43.755+0000] {dagbag.py:540} INFO - Filling up the DagBag from /home/airflow/.local/lib/python3.8/site-packages/airflow/example_dags/example_complex.py
[2024-04-01T07:08:43.762+0000] {processor.py:840} INFO - DAG(s) 'example_complex' retrieved from /home/airflow/.local/lib/python3.8/site-packages/airflow/example_dags/example_complex.py
[2024-04-01T07:08:43.779+0000] {logging_mixin.py:188} INFO - [2024-04-01T07:08:43.779+0000] {dag.py:3047} INFO - Sync 1 DAGs
[2024-04-01T07:08:43.786+0000] {logging_mixin.py:188} INFO - [2024-04-01T07:08:43.786+0000] {dag.py:3834} INFO - Setting next_dagrun for example_complex to None, run_after=None
[2024-04-01T07:08:43.796+0000] {processor.py:183} INFO - Processing /home/airflow/.local/lib/python3.8/site-packages/airflow/example_dags/example_complex.py took 0.044 seconds
[2024-04-01T07:09:13.967+0000] {processor.py:161} INFO - Started process (PID=903) to work on /home/airflow/.local/lib/python3.8/site-packages/airflow/example_dags/example_complex.py
[2024-04-01T07:09:13.968+0000] {processor.py:830} INFO - Processing file /home/airflow/.local/lib/python3.8/site-packages/airflow/example_dags/example_complex.py for tasks to queue
[2024-04-01T07:09:13.969+0000] {logging_mixin.py:188} INFO - [2024-04-01T07:09:13.969+0000] {dagbag.py:540} INFO - Filling up the DagBag from /home/airflow/.local/lib/python3.8/site-packages/airflow/example_dags/example_complex.py
[2024-04-01T07:09:13.975+0000] {processor.py:840} INFO - DAG(s) 'example_complex' retrieved from /home/airflow/.local/lib/python3.8/site-packages/airflow/example_dags/example_complex.py
[2024-04-01T07:09:13.993+0000] {logging_mixin.py:188} INFO - [2024-04-01T07:09:13.992+0000] {dag.py:3047} INFO - Sync 1 DAGs
[2024-04-01T07:09:13.999+0000] {logging_mixin.py:188} INFO - [2024-04-01T07:09:13.999+0000] {dag.py:3834} INFO - Setting next_dagrun for example_complex to None, run_after=None
[2024-04-01T07:09:14.009+0000] {processor.py:183} INFO - Processing /home/airflow/.local/lib/python3.8/site-packages/airflow/example_dags/example_complex.py took 0.044 seconds
[2024-04-01T07:09:44.940+0000] {processor.py:161} INFO - Started process (PID=958) to work on /home/airflow/.local/lib/python3.8/site-packages/airflow/example_dags/example_complex.py
[2024-04-01T07:09:44.941+0000] {processor.py:830} INFO - Processing file /home/airflow/.local/lib/python3.8/site-packages/airflow/example_dags/example_complex.py for tasks to queue
[2024-04-01T07:09:44.942+0000] {logging_mixin.py:188} INFO - [2024-04-01T07:09:44.941+0000] {dagbag.py:540} INFO - Filling up the DagBag from /home/airflow/.local/lib/python3.8/site-packages/airflow/example_dags/example_complex.py
[2024-04-01T07:09:44.948+0000] {processor.py:840} INFO - DAG(s) 'example_complex' retrieved from /home/airflow/.local/lib/python3.8/site-packages/airflow/example_dags/example_complex.py
[2024-04-01T07:09:44.969+0000] {logging_mixin.py:188} INFO - [2024-04-01T07:09:44.969+0000] {dag.py:3047} INFO - Sync 1 DAGs
[2024-04-01T07:09:44.977+0000] {logging_mixin.py:188} INFO - [2024-04-01T07:09:44.977+0000] {dag.py:3834} INFO - Setting next_dagrun for example_complex to None, run_after=None
[2024-04-01T07:09:44.987+0000] {processor.py:183} INFO - Processing /home/airflow/.local/lib/python3.8/site-packages/airflow/example_dags/example_complex.py took 0.049 seconds
[2024-04-01T07:10:16.004+0000] {processor.py:161} INFO - Started process (PID=1013) to work on /home/airflow/.local/lib/python3.8/site-packages/airflow/example_dags/example_complex.py
[2024-04-01T07:10:16.005+0000] {processor.py:830} INFO - Processing file /home/airflow/.local/lib/python3.8/site-packages/airflow/example_dags/example_complex.py for tasks to queue
[2024-04-01T07:10:16.006+0000] {logging_mixin.py:188} INFO - [2024-04-01T07:10:16.006+0000] {dagbag.py:540} INFO - Filling up the DagBag from /home/airflow/.local/lib/python3.8/site-packages/airflow/example_dags/example_complex.py
[2024-04-01T07:10:16.013+0000] {processor.py:840} INFO - DAG(s) 'example_complex' retrieved from /home/airflow/.local/lib/python3.8/site-packages/airflow/example_dags/example_complex.py
[2024-04-01T07:10:16.034+0000] {logging_mixin.py:188} INFO - [2024-04-01T07:10:16.033+0000] {dag.py:3047} INFO - Sync 1 DAGs
[2024-04-01T07:10:16.041+0000] {logging_mixin.py:188} INFO - [2024-04-01T07:10:16.041+0000] {dag.py:3834} INFO - Setting next_dagrun for example_complex to None, run_after=None
[2024-04-01T07:10:16.052+0000] {processor.py:183} INFO - Processing /home/airflow/.local/lib/python3.8/site-packages/airflow/example_dags/example_complex.py took 0.051 seconds
[2024-04-01T07:10:46.160+0000] {processor.py:161} INFO - Started process (PID=1068) to work on /home/airflow/.local/lib/python3.8/site-packages/airflow/example_dags/example_complex.py
[2024-04-01T07:10:46.161+0000] {processor.py:830} INFO - Processing file /home/airflow/.local/lib/python3.8/site-packages/airflow/example_dags/example_complex.py for tasks to queue
[2024-04-01T07:10:46.162+0000] {logging_mixin.py:188} INFO - [2024-04-01T07:10:46.162+0000] {dagbag.py:540} INFO - Filling up the DagBag from /home/airflow/.local/lib/python3.8/site-packages/airflow/example_dags/example_complex.py
[2024-04-01T07:10:46.170+0000] {processor.py:840} INFO - DAG(s) 'example_complex' retrieved from /home/airflow/.local/lib/python3.8/site-packages/airflow/example_dags/example_complex.py
[2024-04-01T07:10:46.191+0000] {logging_mixin.py:188} INFO - [2024-04-01T07:10:46.191+0000] {dag.py:3047} INFO - Sync 1 DAGs
[2024-04-01T07:10:46.201+0000] {logging_mixin.py:188} INFO - [2024-04-01T07:10:46.201+0000] {dag.py:3834} INFO - Setting next_dagrun for example_complex to None, run_after=None
[2024-04-01T07:10:46.213+0000] {processor.py:183} INFO - Processing /home/airflow/.local/lib/python3.8/site-packages/airflow/example_dags/example_complex.py took 0.057 seconds
[2024-04-01T07:11:16.289+0000] {processor.py:161} INFO - Started process (PID=1130) to work on /home/airflow/.local/lib/python3.8/site-packages/airflow/example_dags/example_complex.py
[2024-04-01T07:11:16.290+0000] {processor.py:830} INFO - Processing file /home/airflow/.local/lib/python3.8/site-packages/airflow/example_dags/example_complex.py for tasks to queue
[2024-04-01T07:11:16.291+0000] {logging_mixin.py:188} INFO - [2024-04-01T07:11:16.291+0000] {dagbag.py:540} INFO - Filling up the DagBag from /home/airflow/.local/lib/python3.8/site-packages/airflow/example_dags/example_complex.py
[2024-04-01T07:11:16.298+0000] {processor.py:840} INFO - DAG(s) 'example_complex' retrieved from /home/airflow/.local/lib/python3.8/site-packages/airflow/example_dags/example_complex.py
[2024-04-01T07:11:16.316+0000] {logging_mixin.py:188} INFO - [2024-04-01T07:11:16.315+0000] {dag.py:3047} INFO - Sync 1 DAGs
[2024-04-01T07:11:16.322+0000] {logging_mixin.py:188} INFO - [2024-04-01T07:11:16.322+0000] {dag.py:3834} INFO - Setting next_dagrun for example_complex to None, run_after=None
[2024-04-01T07:11:16.332+0000] {processor.py:183} INFO - Processing /home/airflow/.local/lib/python3.8/site-packages/airflow/example_dags/example_complex.py took 0.045 seconds
[2024-04-01T07:11:46.493+0000] {processor.py:161} INFO - Started process (PID=1185) to work on /home/airflow/.local/lib/python3.8/site-packages/airflow/example_dags/example_complex.py
[2024-04-01T07:11:46.494+0000] {processor.py:830} INFO - Processing file /home/airflow/.local/lib/python3.8/site-packages/airflow/example_dags/example_complex.py for tasks to queue
[2024-04-01T07:11:46.496+0000] {logging_mixin.py:188} INFO - [2024-04-01T07:11:46.495+0000] {dagbag.py:540} INFO - Filling up the DagBag from /home/airflow/.local/lib/python3.8/site-packages/airflow/example_dags/example_complex.py
[2024-04-01T07:11:46.503+0000] {processor.py:840} INFO - DAG(s) 'example_complex' retrieved from /home/airflow/.local/lib/python3.8/site-packages/airflow/example_dags/example_complex.py
[2024-04-01T07:11:46.526+0000] {logging_mixin.py:188} INFO - [2024-04-01T07:11:46.526+0000] {dag.py:3047} INFO - Sync 1 DAGs
[2024-04-01T07:11:46.535+0000] {logging_mixin.py:188} INFO - [2024-04-01T07:11:46.535+0000] {dag.py:3834} INFO - Setting next_dagrun for example_complex to None, run_after=None
[2024-04-01T07:11:46.549+0000] {processor.py:183} INFO - Processing /home/airflow/.local/lib/python3.8/site-packages/airflow/example_dags/example_complex.py took 0.059 seconds
[2024-04-01T07:12:17.481+0000] {processor.py:161} INFO - Started process (PID=1240) to work on /home/airflow/.local/lib/python3.8/site-packages/airflow/example_dags/example_complex.py
[2024-04-01T07:12:17.482+0000] {processor.py:830} INFO - Processing file /home/airflow/.local/lib/python3.8/site-packages/airflow/example_dags/example_complex.py for tasks to queue
[2024-04-01T07:12:17.483+0000] {logging_mixin.py:188} INFO - [2024-04-01T07:12:17.483+0000] {dagbag.py:540} INFO - Filling up the DagBag from /home/airflow/.local/lib/python3.8/site-packages/airflow/example_dags/example_complex.py
[2024-04-01T07:12:17.490+0000] {processor.py:840} INFO - DAG(s) 'example_complex' retrieved from /home/airflow/.local/lib/python3.8/site-packages/airflow/example_dags/example_complex.py
[2024-04-01T07:12:17.507+0000] {logging_mixin.py:188} INFO - [2024-04-01T07:12:17.506+0000] {dag.py:3047} INFO - Sync 1 DAGs
[2024-04-01T07:12:17.514+0000] {logging_mixin.py:188} INFO - [2024-04-01T07:12:17.514+0000] {dag.py:3834} INFO - Setting next_dagrun for example_complex to None, run_after=None
[2024-04-01T07:12:17.523+0000] {processor.py:183} INFO - Processing /home/airflow/.local/lib/python3.8/site-packages/airflow/example_dags/example_complex.py took 0.043 seconds
