[2024-04-01T06:47:26.142+0000] {processor.py:161} INFO - Started process (PID=49) to work on /home/airflow/.local/lib/python3.8/site-packages/airflow/example_dags/example_branch_python_dop_operator_3.py
[2024-04-01T06:47:26.142+0000] {processor.py:830} INFO - Processing file /home/airflow/.local/lib/python3.8/site-packages/airflow/example_dags/example_branch_python_dop_operator_3.py for tasks to queue
[2024-04-01T06:47:26.143+0000] {logging_mixin.py:188} INFO - [2024-04-01T06:47:26.143+0000] {dagbag.py:540} INFO - Filling up the DagBag from /home/airflow/.local/lib/python3.8/site-packages/airflow/example_dags/example_branch_python_dop_operator_3.py
[2024-04-01T06:47:26.150+0000] {processor.py:840} INFO - DAG(s) 'example_branch_dop_operator_v3' retrieved from /home/airflow/.local/lib/python3.8/site-packages/airflow/example_dags/example_branch_python_dop_operator_3.py
[2024-04-01T06:47:26.156+0000] {logging_mixin.py:188} INFO - [2024-04-01T06:47:26.156+0000] {dag.py:3047} INFO - Sync 1 DAGs
[2024-04-01T06:47:26.172+0000] {logging_mixin.py:188} INFO - [2024-04-01T06:47:26.171+0000] {dag.py:3834} INFO - Setting next_dagrun for example_branch_dop_operator_v3 to 2024-04-01 06:46:00+00:00, run_after=2024-04-01 06:47:00+00:00
[2024-04-01T06:47:26.181+0000] {processor.py:183} INFO - Processing /home/airflow/.local/lib/python3.8/site-packages/airflow/example_dags/example_branch_python_dop_operator_3.py took 0.042 seconds
[2024-04-01T06:47:57.078+0000] {processor.py:161} INFO - Started process (PID=104) to work on /home/airflow/.local/lib/python3.8/site-packages/airflow/example_dags/example_branch_python_dop_operator_3.py
[2024-04-01T06:47:57.079+0000] {processor.py:830} INFO - Processing file /home/airflow/.local/lib/python3.8/site-packages/airflow/example_dags/example_branch_python_dop_operator_3.py for tasks to queue
[2024-04-01T06:47:57.080+0000] {logging_mixin.py:188} INFO - [2024-04-01T06:47:57.080+0000] {dagbag.py:540} INFO - Filling up the DagBag from /home/airflow/.local/lib/python3.8/site-packages/airflow/example_dags/example_branch_python_dop_operator_3.py
[2024-04-01T06:47:57.085+0000] {processor.py:840} INFO - DAG(s) 'example_branch_dop_operator_v3' retrieved from /home/airflow/.local/lib/python3.8/site-packages/airflow/example_dags/example_branch_python_dop_operator_3.py
[2024-04-01T06:47:57.137+0000] {logging_mixin.py:188} INFO - [2024-04-01T06:47:57.137+0000] {dag.py:3047} INFO - Sync 1 DAGs
[2024-04-01T06:47:57.151+0000] {logging_mixin.py:188} INFO - [2024-04-01T06:47:57.151+0000] {dag.py:3834} INFO - Setting next_dagrun for example_branch_dop_operator_v3 to 2024-04-01 06:46:00+00:00, run_after=2024-04-01 06:47:00+00:00
[2024-04-01T06:47:57.160+0000] {processor.py:183} INFO - Processing /home/airflow/.local/lib/python3.8/site-packages/airflow/example_dags/example_branch_python_dop_operator_3.py took 0.083 seconds
[2024-04-01T06:48:27.629+0000] {processor.py:161} INFO - Started process (PID=159) to work on /home/airflow/.local/lib/python3.8/site-packages/airflow/example_dags/example_branch_python_dop_operator_3.py
[2024-04-01T06:48:27.630+0000] {processor.py:830} INFO - Processing file /home/airflow/.local/lib/python3.8/site-packages/airflow/example_dags/example_branch_python_dop_operator_3.py for tasks to queue
[2024-04-01T06:48:27.631+0000] {logging_mixin.py:188} INFO - [2024-04-01T06:48:27.631+0000] {dagbag.py:540} INFO - Filling up the DagBag from /home/airflow/.local/lib/python3.8/site-packages/airflow/example_dags/example_branch_python_dop_operator_3.py
[2024-04-01T06:48:27.636+0000] {processor.py:840} INFO - DAG(s) 'example_branch_dop_operator_v3' retrieved from /home/airflow/.local/lib/python3.8/site-packages/airflow/example_dags/example_branch_python_dop_operator_3.py
[2024-04-01T06:48:27.646+0000] {logging_mixin.py:188} INFO - [2024-04-01T06:48:27.646+0000] {dag.py:3047} INFO - Sync 1 DAGs
[2024-04-01T06:48:27.660+0000] {logging_mixin.py:188} INFO - [2024-04-01T06:48:27.660+0000] {dag.py:3834} INFO - Setting next_dagrun for example_branch_dop_operator_v3 to 2024-04-01 06:47:00+00:00, run_after=2024-04-01 06:48:00+00:00
[2024-04-01T06:48:27.669+0000] {processor.py:183} INFO - Processing /home/airflow/.local/lib/python3.8/site-packages/airflow/example_dags/example_branch_python_dop_operator_3.py took 0.042 seconds
[2024-04-01T06:48:58.515+0000] {processor.py:161} INFO - Started process (PID=214) to work on /home/airflow/.local/lib/python3.8/site-packages/airflow/example_dags/example_branch_python_dop_operator_3.py
[2024-04-01T06:48:58.515+0000] {processor.py:830} INFO - Processing file /home/airflow/.local/lib/python3.8/site-packages/airflow/example_dags/example_branch_python_dop_operator_3.py for tasks to queue
[2024-04-01T06:48:58.516+0000] {logging_mixin.py:188} INFO - [2024-04-01T06:48:58.516+0000] {dagbag.py:540} INFO - Filling up the DagBag from /home/airflow/.local/lib/python3.8/site-packages/airflow/example_dags/example_branch_python_dop_operator_3.py
[2024-04-01T06:48:58.521+0000] {processor.py:840} INFO - DAG(s) 'example_branch_dop_operator_v3' retrieved from /home/airflow/.local/lib/python3.8/site-packages/airflow/example_dags/example_branch_python_dop_operator_3.py
[2024-04-01T06:48:58.531+0000] {logging_mixin.py:188} INFO - [2024-04-01T06:48:58.531+0000] {dag.py:3047} INFO - Sync 1 DAGs
[2024-04-01T06:48:58.544+0000] {logging_mixin.py:188} INFO - [2024-04-01T06:48:58.544+0000] {dag.py:3834} INFO - Setting next_dagrun for example_branch_dop_operator_v3 to 2024-04-01 06:47:00+00:00, run_after=2024-04-01 06:48:00+00:00
[2024-04-01T06:48:58.553+0000] {processor.py:183} INFO - Processing /home/airflow/.local/lib/python3.8/site-packages/airflow/example_dags/example_branch_python_dop_operator_3.py took 0.040 seconds
[2024-04-01T06:49:29.144+0000] {processor.py:161} INFO - Started process (PID=269) to work on /home/airflow/.local/lib/python3.8/site-packages/airflow/example_dags/example_branch_python_dop_operator_3.py
[2024-04-01T06:49:29.145+0000] {processor.py:830} INFO - Processing file /home/airflow/.local/lib/python3.8/site-packages/airflow/example_dags/example_branch_python_dop_operator_3.py for tasks to queue
[2024-04-01T06:49:29.146+0000] {logging_mixin.py:188} INFO - [2024-04-01T06:49:29.146+0000] {dagbag.py:540} INFO - Filling up the DagBag from /home/airflow/.local/lib/python3.8/site-packages/airflow/example_dags/example_branch_python_dop_operator_3.py
[2024-04-01T06:49:29.151+0000] {processor.py:840} INFO - DAG(s) 'example_branch_dop_operator_v3' retrieved from /home/airflow/.local/lib/python3.8/site-packages/airflow/example_dags/example_branch_python_dop_operator_3.py
[2024-04-01T06:49:29.162+0000] {logging_mixin.py:188} INFO - [2024-04-01T06:49:29.162+0000] {dag.py:3047} INFO - Sync 1 DAGs
[2024-04-01T06:49:29.175+0000] {logging_mixin.py:188} INFO - [2024-04-01T06:49:29.175+0000] {dag.py:3834} INFO - Setting next_dagrun for example_branch_dop_operator_v3 to 2024-04-01 06:48:00+00:00, run_after=2024-04-01 06:49:00+00:00
[2024-04-01T06:49:29.184+0000] {processor.py:183} INFO - Processing /home/airflow/.local/lib/python3.8/site-packages/airflow/example_dags/example_branch_python_dop_operator_3.py took 0.042 seconds
[2024-04-01T06:49:59.965+0000] {processor.py:161} INFO - Started process (PID=324) to work on /home/airflow/.local/lib/python3.8/site-packages/airflow/example_dags/example_branch_python_dop_operator_3.py
[2024-04-01T06:49:59.965+0000] {processor.py:830} INFO - Processing file /home/airflow/.local/lib/python3.8/site-packages/airflow/example_dags/example_branch_python_dop_operator_3.py for tasks to queue
[2024-04-01T06:49:59.967+0000] {logging_mixin.py:188} INFO - [2024-04-01T06:49:59.966+0000] {dagbag.py:540} INFO - Filling up the DagBag from /home/airflow/.local/lib/python3.8/site-packages/airflow/example_dags/example_branch_python_dop_operator_3.py
[2024-04-01T06:49:59.972+0000] {processor.py:840} INFO - DAG(s) 'example_branch_dop_operator_v3' retrieved from /home/airflow/.local/lib/python3.8/site-packages/airflow/example_dags/example_branch_python_dop_operator_3.py
[2024-04-01T06:49:59.982+0000] {logging_mixin.py:188} INFO - [2024-04-01T06:49:59.982+0000] {dag.py:3047} INFO - Sync 1 DAGs
[2024-04-01T06:49:59.996+0000] {logging_mixin.py:188} INFO - [2024-04-01T06:49:59.996+0000] {dag.py:3834} INFO - Setting next_dagrun for example_branch_dop_operator_v3 to 2024-04-01 06:48:00+00:00, run_after=2024-04-01 06:49:00+00:00
[2024-04-01T06:50:00.006+0000] {processor.py:183} INFO - Processing /home/airflow/.local/lib/python3.8/site-packages/airflow/example_dags/example_branch_python_dop_operator_3.py took 0.043 seconds
[2024-04-01T06:50:30.041+0000] {processor.py:161} INFO - Started process (PID=379) to work on /home/airflow/.local/lib/python3.8/site-packages/airflow/example_dags/example_branch_python_dop_operator_3.py
[2024-04-01T06:50:30.041+0000] {processor.py:830} INFO - Processing file /home/airflow/.local/lib/python3.8/site-packages/airflow/example_dags/example_branch_python_dop_operator_3.py for tasks to queue
[2024-04-01T06:50:30.043+0000] {logging_mixin.py:188} INFO - [2024-04-01T06:50:30.042+0000] {dagbag.py:540} INFO - Filling up the DagBag from /home/airflow/.local/lib/python3.8/site-packages/airflow/example_dags/example_branch_python_dop_operator_3.py
[2024-04-01T06:50:30.048+0000] {processor.py:840} INFO - DAG(s) 'example_branch_dop_operator_v3' retrieved from /home/airflow/.local/lib/python3.8/site-packages/airflow/example_dags/example_branch_python_dop_operator_3.py
[2024-04-01T06:50:30.060+0000] {logging_mixin.py:188} INFO - [2024-04-01T06:50:30.060+0000] {dag.py:3047} INFO - Sync 1 DAGs
[2024-04-01T06:50:30.074+0000] {logging_mixin.py:188} INFO - [2024-04-01T06:50:30.074+0000] {dag.py:3834} INFO - Setting next_dagrun for example_branch_dop_operator_v3 to 2024-04-01 06:49:00+00:00, run_after=2024-04-01 06:50:00+00:00
[2024-04-01T06:50:30.083+0000] {processor.py:183} INFO - Processing /home/airflow/.local/lib/python3.8/site-packages/airflow/example_dags/example_branch_python_dop_operator_3.py took 0.044 seconds
[2024-04-01T06:51:00.819+0000] {processor.py:161} INFO - Started process (PID=434) to work on /home/airflow/.local/lib/python3.8/site-packages/airflow/example_dags/example_branch_python_dop_operator_3.py
[2024-04-01T06:51:00.819+0000] {processor.py:830} INFO - Processing file /home/airflow/.local/lib/python3.8/site-packages/airflow/example_dags/example_branch_python_dop_operator_3.py for tasks to queue
[2024-04-01T06:51:00.820+0000] {logging_mixin.py:188} INFO - [2024-04-01T06:51:00.820+0000] {dagbag.py:540} INFO - Filling up the DagBag from /home/airflow/.local/lib/python3.8/site-packages/airflow/example_dags/example_branch_python_dop_operator_3.py
[2024-04-01T06:51:00.826+0000] {processor.py:840} INFO - DAG(s) 'example_branch_dop_operator_v3' retrieved from /home/airflow/.local/lib/python3.8/site-packages/airflow/example_dags/example_branch_python_dop_operator_3.py
[2024-04-01T06:51:00.836+0000] {logging_mixin.py:188} INFO - [2024-04-01T06:51:00.835+0000] {dag.py:3047} INFO - Sync 1 DAGs
[2024-04-01T06:51:00.850+0000] {logging_mixin.py:188} INFO - [2024-04-01T06:51:00.850+0000] {dag.py:3834} INFO - Setting next_dagrun for example_branch_dop_operator_v3 to 2024-04-01 06:50:00+00:00, run_after=2024-04-01 06:51:00+00:00
[2024-04-01T06:51:00.859+0000] {processor.py:183} INFO - Processing /home/airflow/.local/lib/python3.8/site-packages/airflow/example_dags/example_branch_python_dop_operator_3.py took 0.042 seconds
[2024-04-01T06:51:31.493+0000] {processor.py:161} INFO - Started process (PID=489) to work on /home/airflow/.local/lib/python3.8/site-packages/airflow/example_dags/example_branch_python_dop_operator_3.py
[2024-04-01T06:51:31.494+0000] {processor.py:830} INFO - Processing file /home/airflow/.local/lib/python3.8/site-packages/airflow/example_dags/example_branch_python_dop_operator_3.py for tasks to queue
[2024-04-01T06:51:31.495+0000] {logging_mixin.py:188} INFO - [2024-04-01T06:51:31.495+0000] {dagbag.py:540} INFO - Filling up the DagBag from /home/airflow/.local/lib/python3.8/site-packages/airflow/example_dags/example_branch_python_dop_operator_3.py
[2024-04-01T06:51:31.500+0000] {processor.py:840} INFO - DAG(s) 'example_branch_dop_operator_v3' retrieved from /home/airflow/.local/lib/python3.8/site-packages/airflow/example_dags/example_branch_python_dop_operator_3.py
[2024-04-01T06:51:31.512+0000] {logging_mixin.py:188} INFO - [2024-04-01T06:51:31.512+0000] {dag.py:3047} INFO - Sync 1 DAGs
[2024-04-01T06:51:31.525+0000] {logging_mixin.py:188} INFO - [2024-04-01T06:51:31.525+0000] {dag.py:3834} INFO - Setting next_dagrun for example_branch_dop_operator_v3 to 2024-04-01 06:50:00+00:00, run_after=2024-04-01 06:51:00+00:00
[2024-04-01T06:51:31.535+0000] {processor.py:183} INFO - Processing /home/airflow/.local/lib/python3.8/site-packages/airflow/example_dags/example_branch_python_dop_operator_3.py took 0.044 seconds
[2024-04-01T06:52:02.323+0000] {processor.py:161} INFO - Started process (PID=544) to work on /home/airflow/.local/lib/python3.8/site-packages/airflow/example_dags/example_branch_python_dop_operator_3.py
[2024-04-01T06:52:02.324+0000] {processor.py:830} INFO - Processing file /home/airflow/.local/lib/python3.8/site-packages/airflow/example_dags/example_branch_python_dop_operator_3.py for tasks to queue
[2024-04-01T06:52:02.325+0000] {logging_mixin.py:188} INFO - [2024-04-01T06:52:02.324+0000] {dagbag.py:540} INFO - Filling up the DagBag from /home/airflow/.local/lib/python3.8/site-packages/airflow/example_dags/example_branch_python_dop_operator_3.py
[2024-04-01T06:52:02.330+0000] {processor.py:840} INFO - DAG(s) 'example_branch_dop_operator_v3' retrieved from /home/airflow/.local/lib/python3.8/site-packages/airflow/example_dags/example_branch_python_dop_operator_3.py
[2024-04-01T06:52:02.342+0000] {logging_mixin.py:188} INFO - [2024-04-01T06:52:02.342+0000] {dag.py:3047} INFO - Sync 1 DAGs
[2024-04-01T06:52:02.359+0000] {logging_mixin.py:188} INFO - [2024-04-01T06:52:02.359+0000] {dag.py:3834} INFO - Setting next_dagrun for example_branch_dop_operator_v3 to 2024-04-01 06:51:00+00:00, run_after=2024-04-01 06:52:00+00:00
[2024-04-01T06:52:02.368+0000] {processor.py:183} INFO - Processing /home/airflow/.local/lib/python3.8/site-packages/airflow/example_dags/example_branch_python_dop_operator_3.py took 0.047 seconds
[2024-04-01T06:52:33.146+0000] {processor.py:161} INFO - Started process (PID=599) to work on /home/airflow/.local/lib/python3.8/site-packages/airflow/example_dags/example_branch_python_dop_operator_3.py
[2024-04-01T06:52:33.146+0000] {processor.py:830} INFO - Processing file /home/airflow/.local/lib/python3.8/site-packages/airflow/example_dags/example_branch_python_dop_operator_3.py for tasks to queue
[2024-04-01T06:52:33.148+0000] {logging_mixin.py:188} INFO - [2024-04-01T06:52:33.147+0000] {dagbag.py:540} INFO - Filling up the DagBag from /home/airflow/.local/lib/python3.8/site-packages/airflow/example_dags/example_branch_python_dop_operator_3.py
[2024-04-01T06:52:33.154+0000] {processor.py:840} INFO - DAG(s) 'example_branch_dop_operator_v3' retrieved from /home/airflow/.local/lib/python3.8/site-packages/airflow/example_dags/example_branch_python_dop_operator_3.py
[2024-04-01T06:52:33.167+0000] {logging_mixin.py:188} INFO - [2024-04-01T06:52:33.167+0000] {dag.py:3047} INFO - Sync 1 DAGs
[2024-04-01T06:52:33.183+0000] {logging_mixin.py:188} INFO - [2024-04-01T06:52:33.183+0000] {dag.py:3834} INFO - Setting next_dagrun for example_branch_dop_operator_v3 to 2024-04-01 06:51:00+00:00, run_after=2024-04-01 06:52:00+00:00
[2024-04-01T06:52:33.198+0000] {processor.py:183} INFO - Processing /home/airflow/.local/lib/python3.8/site-packages/airflow/example_dags/example_branch_python_dop_operator_3.py took 0.055 seconds
[2024-04-01T06:53:03.315+0000] {processor.py:161} INFO - Started process (PID=654) to work on /home/airflow/.local/lib/python3.8/site-packages/airflow/example_dags/example_branch_python_dop_operator_3.py
[2024-04-01T06:53:03.317+0000] {processor.py:830} INFO - Processing file /home/airflow/.local/lib/python3.8/site-packages/airflow/example_dags/example_branch_python_dop_operator_3.py for tasks to queue
[2024-04-01T06:53:03.321+0000] {logging_mixin.py:188} INFO - [2024-04-01T06:53:03.321+0000] {dagbag.py:540} INFO - Filling up the DagBag from /home/airflow/.local/lib/python3.8/site-packages/airflow/example_dags/example_branch_python_dop_operator_3.py
[2024-04-01T06:53:03.329+0000] {processor.py:840} INFO - DAG(s) 'example_branch_dop_operator_v3' retrieved from /home/airflow/.local/lib/python3.8/site-packages/airflow/example_dags/example_branch_python_dop_operator_3.py
[2024-04-01T06:53:03.345+0000] {logging_mixin.py:188} INFO - [2024-04-01T06:53:03.345+0000] {dag.py:3047} INFO - Sync 1 DAGs
[2024-04-01T06:53:03.361+0000] {logging_mixin.py:188} INFO - [2024-04-01T06:53:03.361+0000] {dag.py:3834} INFO - Setting next_dagrun for example_branch_dop_operator_v3 to 2024-04-01 06:52:00+00:00, run_after=2024-04-01 06:53:00+00:00
[2024-04-01T06:53:03.372+0000] {processor.py:183} INFO - Processing /home/airflow/.local/lib/python3.8/site-packages/airflow/example_dags/example_branch_python_dop_operator_3.py took 0.060 seconds
[2024-04-01T06:53:33.523+0000] {processor.py:161} INFO - Started process (PID=709) to work on /home/airflow/.local/lib/python3.8/site-packages/airflow/example_dags/example_branch_python_dop_operator_3.py
[2024-04-01T06:53:33.525+0000] {processor.py:830} INFO - Processing file /home/airflow/.local/lib/python3.8/site-packages/airflow/example_dags/example_branch_python_dop_operator_3.py for tasks to queue
[2024-04-01T06:53:33.526+0000] {logging_mixin.py:188} INFO - [2024-04-01T06:53:33.526+0000] {dagbag.py:540} INFO - Filling up the DagBag from /home/airflow/.local/lib/python3.8/site-packages/airflow/example_dags/example_branch_python_dop_operator_3.py
[2024-04-01T06:53:33.532+0000] {processor.py:840} INFO - DAG(s) 'example_branch_dop_operator_v3' retrieved from /home/airflow/.local/lib/python3.8/site-packages/airflow/example_dags/example_branch_python_dop_operator_3.py
[2024-04-01T06:53:33.546+0000] {logging_mixin.py:188} INFO - [2024-04-01T06:53:33.546+0000] {dag.py:3047} INFO - Sync 1 DAGs
[2024-04-01T06:53:33.563+0000] {logging_mixin.py:188} INFO - [2024-04-01T06:53:33.563+0000] {dag.py:3834} INFO - Setting next_dagrun for example_branch_dop_operator_v3 to 2024-04-01 06:52:00+00:00, run_after=2024-04-01 06:53:00+00:00
[2024-04-01T06:53:33.576+0000] {processor.py:183} INFO - Processing /home/airflow/.local/lib/python3.8/site-packages/airflow/example_dags/example_branch_python_dop_operator_3.py took 0.055 seconds
[2024-04-01T06:54:04.453+0000] {processor.py:161} INFO - Started process (PID=764) to work on /home/airflow/.local/lib/python3.8/site-packages/airflow/example_dags/example_branch_python_dop_operator_3.py
[2024-04-01T06:54:04.454+0000] {processor.py:830} INFO - Processing file /home/airflow/.local/lib/python3.8/site-packages/airflow/example_dags/example_branch_python_dop_operator_3.py for tasks to queue
[2024-04-01T06:54:04.455+0000] {logging_mixin.py:188} INFO - [2024-04-01T06:54:04.454+0000] {dagbag.py:540} INFO - Filling up the DagBag from /home/airflow/.local/lib/python3.8/site-packages/airflow/example_dags/example_branch_python_dop_operator_3.py
[2024-04-01T06:54:04.460+0000] {processor.py:840} INFO - DAG(s) 'example_branch_dop_operator_v3' retrieved from /home/airflow/.local/lib/python3.8/site-packages/airflow/example_dags/example_branch_python_dop_operator_3.py
[2024-04-01T06:54:04.470+0000] {logging_mixin.py:188} INFO - [2024-04-01T06:54:04.470+0000] {dag.py:3047} INFO - Sync 1 DAGs
[2024-04-01T06:54:04.484+0000] {logging_mixin.py:188} INFO - [2024-04-01T06:54:04.484+0000] {dag.py:3834} INFO - Setting next_dagrun for example_branch_dop_operator_v3 to 2024-04-01 06:53:00+00:00, run_after=2024-04-01 06:54:00+00:00
[2024-04-01T06:54:04.493+0000] {processor.py:183} INFO - Processing /home/airflow/.local/lib/python3.8/site-packages/airflow/example_dags/example_branch_python_dop_operator_3.py took 0.042 seconds
[2024-04-01T06:54:35.115+0000] {processor.py:161} INFO - Started process (PID=819) to work on /home/airflow/.local/lib/python3.8/site-packages/airflow/example_dags/example_branch_python_dop_operator_3.py
[2024-04-01T06:54:35.115+0000] {processor.py:830} INFO - Processing file /home/airflow/.local/lib/python3.8/site-packages/airflow/example_dags/example_branch_python_dop_operator_3.py for tasks to queue
[2024-04-01T06:54:35.116+0000] {logging_mixin.py:188} INFO - [2024-04-01T06:54:35.116+0000] {dagbag.py:540} INFO - Filling up the DagBag from /home/airflow/.local/lib/python3.8/site-packages/airflow/example_dags/example_branch_python_dop_operator_3.py
[2024-04-01T06:54:35.122+0000] {processor.py:840} INFO - DAG(s) 'example_branch_dop_operator_v3' retrieved from /home/airflow/.local/lib/python3.8/site-packages/airflow/example_dags/example_branch_python_dop_operator_3.py
[2024-04-01T06:54:35.132+0000] {logging_mixin.py:188} INFO - [2024-04-01T06:54:35.132+0000] {dag.py:3047} INFO - Sync 1 DAGs
[2024-04-01T06:54:35.145+0000] {logging_mixin.py:188} INFO - [2024-04-01T06:54:35.145+0000] {dag.py:3834} INFO - Setting next_dagrun for example_branch_dop_operator_v3 to 2024-04-01 06:53:00+00:00, run_after=2024-04-01 06:54:00+00:00
[2024-04-01T06:54:35.155+0000] {processor.py:183} INFO - Processing /home/airflow/.local/lib/python3.8/site-packages/airflow/example_dags/example_branch_python_dop_operator_3.py took 0.042 seconds
[2024-04-01T06:55:05.812+0000] {processor.py:161} INFO - Started process (PID=874) to work on /home/airflow/.local/lib/python3.8/site-packages/airflow/example_dags/example_branch_python_dop_operator_3.py
[2024-04-01T06:55:05.813+0000] {processor.py:830} INFO - Processing file /home/airflow/.local/lib/python3.8/site-packages/airflow/example_dags/example_branch_python_dop_operator_3.py for tasks to queue
[2024-04-01T06:55:05.814+0000] {logging_mixin.py:188} INFO - [2024-04-01T06:55:05.814+0000] {dagbag.py:540} INFO - Filling up the DagBag from /home/airflow/.local/lib/python3.8/site-packages/airflow/example_dags/example_branch_python_dop_operator_3.py
[2024-04-01T06:55:05.819+0000] {processor.py:840} INFO - DAG(s) 'example_branch_dop_operator_v3' retrieved from /home/airflow/.local/lib/python3.8/site-packages/airflow/example_dags/example_branch_python_dop_operator_3.py
[2024-04-01T06:55:05.831+0000] {logging_mixin.py:188} INFO - [2024-04-01T06:55:05.830+0000] {dag.py:3047} INFO - Sync 1 DAGs
[2024-04-01T06:55:05.844+0000] {logging_mixin.py:188} INFO - [2024-04-01T06:55:05.844+0000] {dag.py:3834} INFO - Setting next_dagrun for example_branch_dop_operator_v3 to 2024-04-01 06:54:00+00:00, run_after=2024-04-01 06:55:00+00:00
[2024-04-01T06:55:05.854+0000] {processor.py:183} INFO - Processing /home/airflow/.local/lib/python3.8/site-packages/airflow/example_dags/example_branch_python_dop_operator_3.py took 0.043 seconds
[2024-04-01T06:55:36.581+0000] {processor.py:161} INFO - Started process (PID=929) to work on /home/airflow/.local/lib/python3.8/site-packages/airflow/example_dags/example_branch_python_dop_operator_3.py
[2024-04-01T06:55:36.581+0000] {processor.py:830} INFO - Processing file /home/airflow/.local/lib/python3.8/site-packages/airflow/example_dags/example_branch_python_dop_operator_3.py for tasks to queue
[2024-04-01T06:55:36.582+0000] {logging_mixin.py:188} INFO - [2024-04-01T06:55:36.582+0000] {dagbag.py:540} INFO - Filling up the DagBag from /home/airflow/.local/lib/python3.8/site-packages/airflow/example_dags/example_branch_python_dop_operator_3.py
[2024-04-01T06:55:36.587+0000] {processor.py:840} INFO - DAG(s) 'example_branch_dop_operator_v3' retrieved from /home/airflow/.local/lib/python3.8/site-packages/airflow/example_dags/example_branch_python_dop_operator_3.py
[2024-04-01T06:55:36.597+0000] {logging_mixin.py:188} INFO - [2024-04-01T06:55:36.597+0000] {dag.py:3047} INFO - Sync 1 DAGs
[2024-04-01T06:55:36.610+0000] {logging_mixin.py:188} INFO - [2024-04-01T06:55:36.610+0000] {dag.py:3834} INFO - Setting next_dagrun for example_branch_dop_operator_v3 to 2024-04-01 06:54:00+00:00, run_after=2024-04-01 06:55:00+00:00
[2024-04-01T06:55:36.619+0000] {processor.py:183} INFO - Processing /home/airflow/.local/lib/python3.8/site-packages/airflow/example_dags/example_branch_python_dop_operator_3.py took 0.040 seconds
[2024-04-01T06:56:07.264+0000] {processor.py:161} INFO - Started process (PID=984) to work on /home/airflow/.local/lib/python3.8/site-packages/airflow/example_dags/example_branch_python_dop_operator_3.py
[2024-04-01T06:56:07.265+0000] {processor.py:830} INFO - Processing file /home/airflow/.local/lib/python3.8/site-packages/airflow/example_dags/example_branch_python_dop_operator_3.py for tasks to queue
[2024-04-01T06:56:07.266+0000] {logging_mixin.py:188} INFO - [2024-04-01T06:56:07.266+0000] {dagbag.py:540} INFO - Filling up the DagBag from /home/airflow/.local/lib/python3.8/site-packages/airflow/example_dags/example_branch_python_dop_operator_3.py
[2024-04-01T06:56:07.271+0000] {processor.py:840} INFO - DAG(s) 'example_branch_dop_operator_v3' retrieved from /home/airflow/.local/lib/python3.8/site-packages/airflow/example_dags/example_branch_python_dop_operator_3.py
[2024-04-01T06:56:07.281+0000] {logging_mixin.py:188} INFO - [2024-04-01T06:56:07.281+0000] {dag.py:3047} INFO - Sync 1 DAGs
[2024-04-01T06:56:07.295+0000] {logging_mixin.py:188} INFO - [2024-04-01T06:56:07.294+0000] {dag.py:3834} INFO - Setting next_dagrun for example_branch_dop_operator_v3 to 2024-04-01 06:55:00+00:00, run_after=2024-04-01 06:56:00+00:00
[2024-04-01T06:56:07.303+0000] {processor.py:183} INFO - Processing /home/airflow/.local/lib/python3.8/site-packages/airflow/example_dags/example_branch_python_dop_operator_3.py took 0.041 seconds
[2024-04-01T06:56:38.067+0000] {processor.py:161} INFO - Started process (PID=1038) to work on /home/airflow/.local/lib/python3.8/site-packages/airflow/example_dags/example_branch_python_dop_operator_3.py
[2024-04-01T06:56:38.068+0000] {processor.py:830} INFO - Processing file /home/airflow/.local/lib/python3.8/site-packages/airflow/example_dags/example_branch_python_dop_operator_3.py for tasks to queue
[2024-04-01T06:56:38.069+0000] {logging_mixin.py:188} INFO - [2024-04-01T06:56:38.069+0000] {dagbag.py:540} INFO - Filling up the DagBag from /home/airflow/.local/lib/python3.8/site-packages/airflow/example_dags/example_branch_python_dop_operator_3.py
[2024-04-01T06:56:38.074+0000] {processor.py:840} INFO - DAG(s) 'example_branch_dop_operator_v3' retrieved from /home/airflow/.local/lib/python3.8/site-packages/airflow/example_dags/example_branch_python_dop_operator_3.py
[2024-04-01T06:56:38.085+0000] {logging_mixin.py:188} INFO - [2024-04-01T06:56:38.085+0000] {dag.py:3047} INFO - Sync 1 DAGs
[2024-04-01T06:56:38.100+0000] {logging_mixin.py:188} INFO - [2024-04-01T06:56:38.099+0000] {dag.py:3834} INFO - Setting next_dagrun for example_branch_dop_operator_v3 to 2024-04-01 06:55:00+00:00, run_after=2024-04-01 06:56:00+00:00
[2024-04-01T06:56:38.109+0000] {processor.py:183} INFO - Processing /home/airflow/.local/lib/python3.8/site-packages/airflow/example_dags/example_branch_python_dop_operator_3.py took 0.044 seconds
[2024-04-01T06:57:08.179+0000] {processor.py:161} INFO - Started process (PID=1093) to work on /home/airflow/.local/lib/python3.8/site-packages/airflow/example_dags/example_branch_python_dop_operator_3.py
[2024-04-01T06:57:08.179+0000] {processor.py:830} INFO - Processing file /home/airflow/.local/lib/python3.8/site-packages/airflow/example_dags/example_branch_python_dop_operator_3.py for tasks to queue
[2024-04-01T06:57:08.180+0000] {logging_mixin.py:188} INFO - [2024-04-01T06:57:08.180+0000] {dagbag.py:540} INFO - Filling up the DagBag from /home/airflow/.local/lib/python3.8/site-packages/airflow/example_dags/example_branch_python_dop_operator_3.py
[2024-04-01T06:57:08.186+0000] {processor.py:840} INFO - DAG(s) 'example_branch_dop_operator_v3' retrieved from /home/airflow/.local/lib/python3.8/site-packages/airflow/example_dags/example_branch_python_dop_operator_3.py
[2024-04-01T06:57:08.198+0000] {logging_mixin.py:188} INFO - [2024-04-01T06:57:08.197+0000] {dag.py:3047} INFO - Sync 1 DAGs
[2024-04-01T06:57:08.213+0000] {logging_mixin.py:188} INFO - [2024-04-01T06:57:08.213+0000] {dag.py:3834} INFO - Setting next_dagrun for example_branch_dop_operator_v3 to 2024-04-01 06:56:00+00:00, run_after=2024-04-01 06:57:00+00:00
[2024-04-01T06:57:08.224+0000] {processor.py:183} INFO - Processing /home/airflow/.local/lib/python3.8/site-packages/airflow/example_dags/example_branch_python_dop_operator_3.py took 0.047 seconds
[2024-04-01T06:57:38.974+0000] {processor.py:161} INFO - Started process (PID=1148) to work on /home/airflow/.local/lib/python3.8/site-packages/airflow/example_dags/example_branch_python_dop_operator_3.py
[2024-04-01T06:57:38.975+0000] {processor.py:830} INFO - Processing file /home/airflow/.local/lib/python3.8/site-packages/airflow/example_dags/example_branch_python_dop_operator_3.py for tasks to queue
[2024-04-01T06:57:38.976+0000] {logging_mixin.py:188} INFO - [2024-04-01T06:57:38.976+0000] {dagbag.py:540} INFO - Filling up the DagBag from /home/airflow/.local/lib/python3.8/site-packages/airflow/example_dags/example_branch_python_dop_operator_3.py
[2024-04-01T06:57:38.981+0000] {processor.py:840} INFO - DAG(s) 'example_branch_dop_operator_v3' retrieved from /home/airflow/.local/lib/python3.8/site-packages/airflow/example_dags/example_branch_python_dop_operator_3.py
[2024-04-01T06:57:38.992+0000] {logging_mixin.py:188} INFO - [2024-04-01T06:57:38.991+0000] {dag.py:3047} INFO - Sync 1 DAGs
[2024-04-01T06:57:39.006+0000] {logging_mixin.py:188} INFO - [2024-04-01T06:57:39.005+0000] {dag.py:3834} INFO - Setting next_dagrun for example_branch_dop_operator_v3 to 2024-04-01 06:56:00+00:00, run_after=2024-04-01 06:57:00+00:00
[2024-04-01T06:57:39.015+0000] {processor.py:183} INFO - Processing /home/airflow/.local/lib/python3.8/site-packages/airflow/example_dags/example_branch_python_dop_operator_3.py took 0.043 seconds
[2024-04-01T06:58:09.701+0000] {processor.py:161} INFO - Started process (PID=1203) to work on /home/airflow/.local/lib/python3.8/site-packages/airflow/example_dags/example_branch_python_dop_operator_3.py
[2024-04-01T06:58:09.702+0000] {processor.py:830} INFO - Processing file /home/airflow/.local/lib/python3.8/site-packages/airflow/example_dags/example_branch_python_dop_operator_3.py for tasks to queue
[2024-04-01T06:58:09.703+0000] {logging_mixin.py:188} INFO - [2024-04-01T06:58:09.703+0000] {dagbag.py:540} INFO - Filling up the DagBag from /home/airflow/.local/lib/python3.8/site-packages/airflow/example_dags/example_branch_python_dop_operator_3.py
[2024-04-01T06:58:09.709+0000] {processor.py:840} INFO - DAG(s) 'example_branch_dop_operator_v3' retrieved from /home/airflow/.local/lib/python3.8/site-packages/airflow/example_dags/example_branch_python_dop_operator_3.py
[2024-04-01T06:58:09.721+0000] {logging_mixin.py:188} INFO - [2024-04-01T06:58:09.720+0000] {dag.py:3047} INFO - Sync 1 DAGs
[2024-04-01T06:58:09.735+0000] {logging_mixin.py:188} INFO - [2024-04-01T06:58:09.735+0000] {dag.py:3834} INFO - Setting next_dagrun for example_branch_dop_operator_v3 to 2024-04-01 06:57:00+00:00, run_after=2024-04-01 06:58:00+00:00
[2024-04-01T06:58:09.745+0000] {processor.py:183} INFO - Processing /home/airflow/.local/lib/python3.8/site-packages/airflow/example_dags/example_branch_python_dop_operator_3.py took 0.046 seconds
[2024-04-01T06:58:39.863+0000] {processor.py:161} INFO - Started process (PID=1258) to work on /home/airflow/.local/lib/python3.8/site-packages/airflow/example_dags/example_branch_python_dop_operator_3.py
[2024-04-01T06:58:39.864+0000] {processor.py:830} INFO - Processing file /home/airflow/.local/lib/python3.8/site-packages/airflow/example_dags/example_branch_python_dop_operator_3.py for tasks to queue
[2024-04-01T06:58:39.865+0000] {logging_mixin.py:188} INFO - [2024-04-01T06:58:39.865+0000] {dagbag.py:540} INFO - Filling up the DagBag from /home/airflow/.local/lib/python3.8/site-packages/airflow/example_dags/example_branch_python_dop_operator_3.py
[2024-04-01T06:58:39.870+0000] {processor.py:840} INFO - DAG(s) 'example_branch_dop_operator_v3' retrieved from /home/airflow/.local/lib/python3.8/site-packages/airflow/example_dags/example_branch_python_dop_operator_3.py
[2024-04-01T06:58:39.880+0000] {logging_mixin.py:188} INFO - [2024-04-01T06:58:39.880+0000] {dag.py:3047} INFO - Sync 1 DAGs
[2024-04-01T06:58:39.894+0000] {logging_mixin.py:188} INFO - [2024-04-01T06:58:39.894+0000] {dag.py:3834} INFO - Setting next_dagrun for example_branch_dop_operator_v3 to 2024-04-01 06:57:00+00:00, run_after=2024-04-01 06:58:00+00:00
[2024-04-01T06:58:39.903+0000] {processor.py:183} INFO - Processing /home/airflow/.local/lib/python3.8/site-packages/airflow/example_dags/example_branch_python_dop_operator_3.py took 0.041 seconds
[2024-04-01T06:59:10.558+0000] {processor.py:161} INFO - Started process (PID=1313) to work on /home/airflow/.local/lib/python3.8/site-packages/airflow/example_dags/example_branch_python_dop_operator_3.py
[2024-04-01T06:59:10.559+0000] {processor.py:830} INFO - Processing file /home/airflow/.local/lib/python3.8/site-packages/airflow/example_dags/example_branch_python_dop_operator_3.py for tasks to queue
[2024-04-01T06:59:10.560+0000] {logging_mixin.py:188} INFO - [2024-04-01T06:59:10.559+0000] {dagbag.py:540} INFO - Filling up the DagBag from /home/airflow/.local/lib/python3.8/site-packages/airflow/example_dags/example_branch_python_dop_operator_3.py
[2024-04-01T06:59:10.565+0000] {processor.py:840} INFO - DAG(s) 'example_branch_dop_operator_v3' retrieved from /home/airflow/.local/lib/python3.8/site-packages/airflow/example_dags/example_branch_python_dop_operator_3.py
[2024-04-01T06:59:10.575+0000] {logging_mixin.py:188} INFO - [2024-04-01T06:59:10.575+0000] {dag.py:3047} INFO - Sync 1 DAGs
[2024-04-01T06:59:10.589+0000] {logging_mixin.py:188} INFO - [2024-04-01T06:59:10.589+0000] {dag.py:3834} INFO - Setting next_dagrun for example_branch_dop_operator_v3 to 2024-04-01 06:58:00+00:00, run_after=2024-04-01 06:59:00+00:00
[2024-04-01T06:59:10.598+0000] {processor.py:183} INFO - Processing /home/airflow/.local/lib/python3.8/site-packages/airflow/example_dags/example_branch_python_dop_operator_3.py took 0.042 seconds
[2024-04-01T06:59:41.222+0000] {processor.py:161} INFO - Started process (PID=1368) to work on /home/airflow/.local/lib/python3.8/site-packages/airflow/example_dags/example_branch_python_dop_operator_3.py
[2024-04-01T06:59:41.223+0000] {processor.py:830} INFO - Processing file /home/airflow/.local/lib/python3.8/site-packages/airflow/example_dags/example_branch_python_dop_operator_3.py for tasks to queue
[2024-04-01T06:59:41.224+0000] {logging_mixin.py:188} INFO - [2024-04-01T06:59:41.224+0000] {dagbag.py:540} INFO - Filling up the DagBag from /home/airflow/.local/lib/python3.8/site-packages/airflow/example_dags/example_branch_python_dop_operator_3.py
[2024-04-01T06:59:41.230+0000] {processor.py:840} INFO - DAG(s) 'example_branch_dop_operator_v3' retrieved from /home/airflow/.local/lib/python3.8/site-packages/airflow/example_dags/example_branch_python_dop_operator_3.py
[2024-04-01T06:59:41.242+0000] {logging_mixin.py:188} INFO - [2024-04-01T06:59:41.242+0000] {dag.py:3047} INFO - Sync 1 DAGs
[2024-04-01T06:59:41.256+0000] {logging_mixin.py:188} INFO - [2024-04-01T06:59:41.256+0000] {dag.py:3834} INFO - Setting next_dagrun for example_branch_dop_operator_v3 to 2024-04-01 06:58:00+00:00, run_after=2024-04-01 06:59:00+00:00
[2024-04-01T06:59:41.265+0000] {processor.py:183} INFO - Processing /home/airflow/.local/lib/python3.8/site-packages/airflow/example_dags/example_branch_python_dop_operator_3.py took 0.044 seconds
[2024-04-01T07:00:11.299+0000] {processor.py:161} INFO - Started process (PID=1423) to work on /home/airflow/.local/lib/python3.8/site-packages/airflow/example_dags/example_branch_python_dop_operator_3.py
[2024-04-01T07:00:11.300+0000] {processor.py:830} INFO - Processing file /home/airflow/.local/lib/python3.8/site-packages/airflow/example_dags/example_branch_python_dop_operator_3.py for tasks to queue
[2024-04-01T07:00:11.301+0000] {logging_mixin.py:188} INFO - [2024-04-01T07:00:11.301+0000] {dagbag.py:540} INFO - Filling up the DagBag from /home/airflow/.local/lib/python3.8/site-packages/airflow/example_dags/example_branch_python_dop_operator_3.py
[2024-04-01T07:00:11.306+0000] {processor.py:840} INFO - DAG(s) 'example_branch_dop_operator_v3' retrieved from /home/airflow/.local/lib/python3.8/site-packages/airflow/example_dags/example_branch_python_dop_operator_3.py
[2024-04-01T07:00:11.317+0000] {logging_mixin.py:188} INFO - [2024-04-01T07:00:11.317+0000] {dag.py:3047} INFO - Sync 1 DAGs
[2024-04-01T07:00:11.331+0000] {logging_mixin.py:188} INFO - [2024-04-01T07:00:11.331+0000] {dag.py:3834} INFO - Setting next_dagrun for example_branch_dop_operator_v3 to 2024-04-01 06:59:00+00:00, run_after=2024-04-01 07:00:00+00:00
[2024-04-01T07:00:11.341+0000] {processor.py:183} INFO - Processing /home/airflow/.local/lib/python3.8/site-packages/airflow/example_dags/example_branch_python_dop_operator_3.py took 0.044 seconds
[2024-04-01T07:00:41.872+0000] {processor.py:161} INFO - Started process (PID=1478) to work on /home/airflow/.local/lib/python3.8/site-packages/airflow/example_dags/example_branch_python_dop_operator_3.py
[2024-04-01T07:00:41.872+0000] {processor.py:830} INFO - Processing file /home/airflow/.local/lib/python3.8/site-packages/airflow/example_dags/example_branch_python_dop_operator_3.py for tasks to queue
[2024-04-01T07:00:41.873+0000] {logging_mixin.py:188} INFO - [2024-04-01T07:00:41.873+0000] {dagbag.py:540} INFO - Filling up the DagBag from /home/airflow/.local/lib/python3.8/site-packages/airflow/example_dags/example_branch_python_dop_operator_3.py
[2024-04-01T07:00:41.878+0000] {processor.py:840} INFO - DAG(s) 'example_branch_dop_operator_v3' retrieved from /home/airflow/.local/lib/python3.8/site-packages/airflow/example_dags/example_branch_python_dop_operator_3.py
[2024-04-01T07:00:41.889+0000] {logging_mixin.py:188} INFO - [2024-04-01T07:00:41.889+0000] {dag.py:3047} INFO - Sync 1 DAGs
[2024-04-01T07:00:41.903+0000] {logging_mixin.py:188} INFO - [2024-04-01T07:00:41.903+0000] {dag.py:3834} INFO - Setting next_dagrun for example_branch_dop_operator_v3 to 2024-04-01 06:59:00+00:00, run_after=2024-04-01 07:00:00+00:00
[2024-04-01T07:00:41.912+0000] {processor.py:183} INFO - Processing /home/airflow/.local/lib/python3.8/site-packages/airflow/example_dags/example_branch_python_dop_operator_3.py took 0.042 seconds
[2024-04-01T07:01:36.882+0000] {processor.py:161} INFO - Started process (PID=49) to work on /home/airflow/.local/lib/python3.8/site-packages/airflow/example_dags/example_branch_python_dop_operator_3.py
[2024-04-01T07:01:36.883+0000] {processor.py:830} INFO - Processing file /home/airflow/.local/lib/python3.8/site-packages/airflow/example_dags/example_branch_python_dop_operator_3.py for tasks to queue
[2024-04-01T07:01:36.885+0000] {logging_mixin.py:188} INFO - [2024-04-01T07:01:36.884+0000] {dagbag.py:540} INFO - Filling up the DagBag from /home/airflow/.local/lib/python3.8/site-packages/airflow/example_dags/example_branch_python_dop_operator_3.py
[2024-04-01T07:01:36.894+0000] {processor.py:840} INFO - DAG(s) 'example_branch_dop_operator_v3' retrieved from /home/airflow/.local/lib/python3.8/site-packages/airflow/example_dags/example_branch_python_dop_operator_3.py
[2024-04-01T07:01:36.903+0000] {logging_mixin.py:188} INFO - [2024-04-01T07:01:36.903+0000] {dag.py:3047} INFO - Sync 1 DAGs
[2024-04-01T07:01:36.922+0000] {logging_mixin.py:188} INFO - [2024-04-01T07:01:36.922+0000] {dag.py:3834} INFO - Setting next_dagrun for example_branch_dop_operator_v3 to 2024-04-01 07:00:00+00:00, run_after=2024-04-01 07:01:00+00:00
[2024-04-01T07:01:36.936+0000] {processor.py:183} INFO - Processing /home/airflow/.local/lib/python3.8/site-packages/airflow/example_dags/example_branch_python_dop_operator_3.py took 0.057 seconds
[2024-04-01T07:02:07.281+0000] {processor.py:161} INFO - Started process (PID=104) to work on /home/airflow/.local/lib/python3.8/site-packages/airflow/example_dags/example_branch_python_dop_operator_3.py
[2024-04-01T07:02:07.282+0000] {processor.py:830} INFO - Processing file /home/airflow/.local/lib/python3.8/site-packages/airflow/example_dags/example_branch_python_dop_operator_3.py for tasks to queue
[2024-04-01T07:02:07.284+0000] {logging_mixin.py:188} INFO - [2024-04-01T07:02:07.283+0000] {dagbag.py:540} INFO - Filling up the DagBag from /home/airflow/.local/lib/python3.8/site-packages/airflow/example_dags/example_branch_python_dop_operator_3.py
[2024-04-01T07:02:07.290+0000] {processor.py:840} INFO - DAG(s) 'example_branch_dop_operator_v3' retrieved from /home/airflow/.local/lib/python3.8/site-packages/airflow/example_dags/example_branch_python_dop_operator_3.py
[2024-04-01T07:02:07.358+0000] {logging_mixin.py:188} INFO - [2024-04-01T07:02:07.358+0000] {dag.py:3047} INFO - Sync 1 DAGs
[2024-04-01T07:02:07.379+0000] {logging_mixin.py:188} INFO - [2024-04-01T07:02:07.379+0000] {dag.py:3834} INFO - Setting next_dagrun for example_branch_dop_operator_v3 to 2024-04-01 07:01:00+00:00, run_after=2024-04-01 07:02:00+00:00
[2024-04-01T07:02:07.392+0000] {processor.py:183} INFO - Processing /home/airflow/.local/lib/python3.8/site-packages/airflow/example_dags/example_branch_python_dop_operator_3.py took 0.113 seconds
[2024-04-01T07:02:38.022+0000] {processor.py:161} INFO - Started process (PID=158) to work on /home/airflow/.local/lib/python3.8/site-packages/airflow/example_dags/example_branch_python_dop_operator_3.py
[2024-04-01T07:02:38.022+0000] {processor.py:830} INFO - Processing file /home/airflow/.local/lib/python3.8/site-packages/airflow/example_dags/example_branch_python_dop_operator_3.py for tasks to queue
[2024-04-01T07:02:38.023+0000] {logging_mixin.py:188} INFO - [2024-04-01T07:02:38.023+0000] {dagbag.py:540} INFO - Filling up the DagBag from /home/airflow/.local/lib/python3.8/site-packages/airflow/example_dags/example_branch_python_dop_operator_3.py
[2024-04-01T07:02:38.029+0000] {processor.py:840} INFO - DAG(s) 'example_branch_dop_operator_v3' retrieved from /home/airflow/.local/lib/python3.8/site-packages/airflow/example_dags/example_branch_python_dop_operator_3.py
[2024-04-01T07:02:38.045+0000] {logging_mixin.py:188} INFO - [2024-04-01T07:02:38.044+0000] {dag.py:3047} INFO - Sync 1 DAGs
[2024-04-01T07:02:38.065+0000] {logging_mixin.py:188} INFO - [2024-04-01T07:02:38.065+0000] {dag.py:3834} INFO - Setting next_dagrun for example_branch_dop_operator_v3 to 2024-04-01 07:01:00+00:00, run_after=2024-04-01 07:02:00+00:00
[2024-04-01T07:02:38.080+0000] {processor.py:183} INFO - Processing /home/airflow/.local/lib/python3.8/site-packages/airflow/example_dags/example_branch_python_dop_operator_3.py took 0.061 seconds
[2024-04-01T07:03:08.105+0000] {processor.py:161} INFO - Started process (PID=213) to work on /home/airflow/.local/lib/python3.8/site-packages/airflow/example_dags/example_branch_python_dop_operator_3.py
[2024-04-01T07:03:08.105+0000] {processor.py:830} INFO - Processing file /home/airflow/.local/lib/python3.8/site-packages/airflow/example_dags/example_branch_python_dop_operator_3.py for tasks to queue
[2024-04-01T07:03:08.106+0000] {logging_mixin.py:188} INFO - [2024-04-01T07:03:08.106+0000] {dagbag.py:540} INFO - Filling up the DagBag from /home/airflow/.local/lib/python3.8/site-packages/airflow/example_dags/example_branch_python_dop_operator_3.py
[2024-04-01T07:03:08.112+0000] {processor.py:840} INFO - DAG(s) 'example_branch_dop_operator_v3' retrieved from /home/airflow/.local/lib/python3.8/site-packages/airflow/example_dags/example_branch_python_dop_operator_3.py
[2024-04-01T07:03:08.126+0000] {logging_mixin.py:188} INFO - [2024-04-01T07:03:08.126+0000] {dag.py:3047} INFO - Sync 1 DAGs
[2024-04-01T07:03:08.144+0000] {logging_mixin.py:188} INFO - [2024-04-01T07:03:08.144+0000] {dag.py:3834} INFO - Setting next_dagrun for example_branch_dop_operator_v3 to 2024-04-01 07:02:00+00:00, run_after=2024-04-01 07:03:00+00:00
[2024-04-01T07:03:08.161+0000] {processor.py:183} INFO - Processing /home/airflow/.local/lib/python3.8/site-packages/airflow/example_dags/example_branch_python_dop_operator_3.py took 0.058 seconds
[2024-04-01T07:03:38.229+0000] {processor.py:161} INFO - Started process (PID=268) to work on /home/airflow/.local/lib/python3.8/site-packages/airflow/example_dags/example_branch_python_dop_operator_3.py
[2024-04-01T07:03:38.230+0000] {processor.py:830} INFO - Processing file /home/airflow/.local/lib/python3.8/site-packages/airflow/example_dags/example_branch_python_dop_operator_3.py for tasks to queue
[2024-04-01T07:03:38.232+0000] {logging_mixin.py:188} INFO - [2024-04-01T07:03:38.232+0000] {dagbag.py:540} INFO - Filling up the DagBag from /home/airflow/.local/lib/python3.8/site-packages/airflow/example_dags/example_branch_python_dop_operator_3.py
[2024-04-01T07:03:38.237+0000] {processor.py:840} INFO - DAG(s) 'example_branch_dop_operator_v3' retrieved from /home/airflow/.local/lib/python3.8/site-packages/airflow/example_dags/example_branch_python_dop_operator_3.py
[2024-04-01T07:03:38.249+0000] {logging_mixin.py:188} INFO - [2024-04-01T07:03:38.249+0000] {dag.py:3047} INFO - Sync 1 DAGs
[2024-04-01T07:03:38.265+0000] {logging_mixin.py:188} INFO - [2024-04-01T07:03:38.265+0000] {dag.py:3834} INFO - Setting next_dagrun for example_branch_dop_operator_v3 to 2024-04-01 07:02:00+00:00, run_after=2024-04-01 07:03:00+00:00
[2024-04-01T07:03:38.275+0000] {processor.py:183} INFO - Processing /home/airflow/.local/lib/python3.8/site-packages/airflow/example_dags/example_branch_python_dop_operator_3.py took 0.048 seconds
[2024-04-01T07:04:08.318+0000] {processor.py:161} INFO - Started process (PID=323) to work on /home/airflow/.local/lib/python3.8/site-packages/airflow/example_dags/example_branch_python_dop_operator_3.py
[2024-04-01T07:04:08.319+0000] {processor.py:830} INFO - Processing file /home/airflow/.local/lib/python3.8/site-packages/airflow/example_dags/example_branch_python_dop_operator_3.py for tasks to queue
[2024-04-01T07:04:08.320+0000] {logging_mixin.py:188} INFO - [2024-04-01T07:04:08.320+0000] {dagbag.py:540} INFO - Filling up the DagBag from /home/airflow/.local/lib/python3.8/site-packages/airflow/example_dags/example_branch_python_dop_operator_3.py
[2024-04-01T07:04:08.326+0000] {processor.py:840} INFO - DAG(s) 'example_branch_dop_operator_v3' retrieved from /home/airflow/.local/lib/python3.8/site-packages/airflow/example_dags/example_branch_python_dop_operator_3.py
[2024-04-01T07:04:08.338+0000] {logging_mixin.py:188} INFO - [2024-04-01T07:04:08.338+0000] {dag.py:3047} INFO - Sync 1 DAGs
[2024-04-01T07:04:08.353+0000] {logging_mixin.py:188} INFO - [2024-04-01T07:04:08.352+0000] {dag.py:3834} INFO - Setting next_dagrun for example_branch_dop_operator_v3 to 2024-04-01 07:03:00+00:00, run_after=2024-04-01 07:04:00+00:00
[2024-04-01T07:04:08.363+0000] {processor.py:183} INFO - Processing /home/airflow/.local/lib/python3.8/site-packages/airflow/example_dags/example_branch_python_dop_operator_3.py took 0.047 seconds
[2024-04-01T07:04:38.462+0000] {processor.py:161} INFO - Started process (PID=378) to work on /home/airflow/.local/lib/python3.8/site-packages/airflow/example_dags/example_branch_python_dop_operator_3.py
[2024-04-01T07:04:38.463+0000] {processor.py:830} INFO - Processing file /home/airflow/.local/lib/python3.8/site-packages/airflow/example_dags/example_branch_python_dop_operator_3.py for tasks to queue
[2024-04-01T07:04:38.464+0000] {logging_mixin.py:188} INFO - [2024-04-01T07:04:38.464+0000] {dagbag.py:540} INFO - Filling up the DagBag from /home/airflow/.local/lib/python3.8/site-packages/airflow/example_dags/example_branch_python_dop_operator_3.py
[2024-04-01T07:04:38.470+0000] {processor.py:840} INFO - DAG(s) 'example_branch_dop_operator_v3' retrieved from /home/airflow/.local/lib/python3.8/site-packages/airflow/example_dags/example_branch_python_dop_operator_3.py
[2024-04-01T07:04:38.482+0000] {logging_mixin.py:188} INFO - [2024-04-01T07:04:38.482+0000] {dag.py:3047} INFO - Sync 1 DAGs
[2024-04-01T07:04:38.498+0000] {logging_mixin.py:188} INFO - [2024-04-01T07:04:38.497+0000] {dag.py:3834} INFO - Setting next_dagrun for example_branch_dop_operator_v3 to 2024-04-01 07:03:00+00:00, run_after=2024-04-01 07:04:00+00:00
[2024-04-01T07:04:38.509+0000] {processor.py:183} INFO - Processing /home/airflow/.local/lib/python3.8/site-packages/airflow/example_dags/example_branch_python_dop_operator_3.py took 0.049 seconds
[2024-04-01T07:05:08.787+0000] {processor.py:161} INFO - Started process (PID=433) to work on /home/airflow/.local/lib/python3.8/site-packages/airflow/example_dags/example_branch_python_dop_operator_3.py
[2024-04-01T07:05:08.788+0000] {processor.py:830} INFO - Processing file /home/airflow/.local/lib/python3.8/site-packages/airflow/example_dags/example_branch_python_dop_operator_3.py for tasks to queue
[2024-04-01T07:05:08.789+0000] {logging_mixin.py:188} INFO - [2024-04-01T07:05:08.789+0000] {dagbag.py:540} INFO - Filling up the DagBag from /home/airflow/.local/lib/python3.8/site-packages/airflow/example_dags/example_branch_python_dop_operator_3.py
[2024-04-01T07:05:08.796+0000] {processor.py:840} INFO - DAG(s) 'example_branch_dop_operator_v3' retrieved from /home/airflow/.local/lib/python3.8/site-packages/airflow/example_dags/example_branch_python_dop_operator_3.py
[2024-04-01T07:05:08.812+0000] {logging_mixin.py:188} INFO - [2024-04-01T07:05:08.812+0000] {dag.py:3047} INFO - Sync 1 DAGs
[2024-04-01T07:05:08.828+0000] {logging_mixin.py:188} INFO - [2024-04-01T07:05:08.828+0000] {dag.py:3834} INFO - Setting next_dagrun for example_branch_dop_operator_v3 to 2024-04-01 07:04:00+00:00, run_after=2024-04-01 07:05:00+00:00
[2024-04-01T07:05:08.841+0000] {processor.py:183} INFO - Processing /home/airflow/.local/lib/python3.8/site-packages/airflow/example_dags/example_branch_python_dop_operator_3.py took 0.057 seconds
[2024-04-01T07:05:38.874+0000] {processor.py:161} INFO - Started process (PID=488) to work on /home/airflow/.local/lib/python3.8/site-packages/airflow/example_dags/example_branch_python_dop_operator_3.py
[2024-04-01T07:05:38.875+0000] {processor.py:830} INFO - Processing file /home/airflow/.local/lib/python3.8/site-packages/airflow/example_dags/example_branch_python_dop_operator_3.py for tasks to queue
[2024-04-01T07:05:38.877+0000] {logging_mixin.py:188} INFO - [2024-04-01T07:05:38.876+0000] {dagbag.py:540} INFO - Filling up the DagBag from /home/airflow/.local/lib/python3.8/site-packages/airflow/example_dags/example_branch_python_dop_operator_3.py
[2024-04-01T07:05:38.883+0000] {processor.py:840} INFO - DAG(s) 'example_branch_dop_operator_v3' retrieved from /home/airflow/.local/lib/python3.8/site-packages/airflow/example_dags/example_branch_python_dop_operator_3.py
[2024-04-01T07:05:38.896+0000] {logging_mixin.py:188} INFO - [2024-04-01T07:05:38.896+0000] {dag.py:3047} INFO - Sync 1 DAGs
[2024-04-01T07:05:38.912+0000] {logging_mixin.py:188} INFO - [2024-04-01T07:05:38.911+0000] {dag.py:3834} INFO - Setting next_dagrun for example_branch_dop_operator_v3 to 2024-04-01 07:04:00+00:00, run_after=2024-04-01 07:05:00+00:00
[2024-04-01T07:05:38.923+0000] {processor.py:183} INFO - Processing /home/airflow/.local/lib/python3.8/site-packages/airflow/example_dags/example_branch_python_dop_operator_3.py took 0.051 seconds
[2024-04-01T07:06:09.158+0000] {processor.py:161} INFO - Started process (PID=543) to work on /home/airflow/.local/lib/python3.8/site-packages/airflow/example_dags/example_branch_python_dop_operator_3.py
[2024-04-01T07:06:09.158+0000] {processor.py:830} INFO - Processing file /home/airflow/.local/lib/python3.8/site-packages/airflow/example_dags/example_branch_python_dop_operator_3.py for tasks to queue
[2024-04-01T07:06:09.159+0000] {logging_mixin.py:188} INFO - [2024-04-01T07:06:09.159+0000] {dagbag.py:540} INFO - Filling up the DagBag from /home/airflow/.local/lib/python3.8/site-packages/airflow/example_dags/example_branch_python_dop_operator_3.py
[2024-04-01T07:06:09.165+0000] {processor.py:840} INFO - DAG(s) 'example_branch_dop_operator_v3' retrieved from /home/airflow/.local/lib/python3.8/site-packages/airflow/example_dags/example_branch_python_dop_operator_3.py
[2024-04-01T07:06:09.177+0000] {logging_mixin.py:188} INFO - [2024-04-01T07:06:09.176+0000] {dag.py:3047} INFO - Sync 1 DAGs
[2024-04-01T07:06:09.190+0000] {logging_mixin.py:188} INFO - [2024-04-01T07:06:09.190+0000] {dag.py:3834} INFO - Setting next_dagrun for example_branch_dop_operator_v3 to 2024-04-01 07:05:00+00:00, run_after=2024-04-01 07:06:00+00:00
[2024-04-01T07:06:09.200+0000] {processor.py:183} INFO - Processing /home/airflow/.local/lib/python3.8/site-packages/airflow/example_dags/example_branch_python_dop_operator_3.py took 0.044 seconds
[2024-04-01T07:06:39.320+0000] {processor.py:161} INFO - Started process (PID=598) to work on /home/airflow/.local/lib/python3.8/site-packages/airflow/example_dags/example_branch_python_dop_operator_3.py
[2024-04-01T07:06:39.321+0000] {processor.py:830} INFO - Processing file /home/airflow/.local/lib/python3.8/site-packages/airflow/example_dags/example_branch_python_dop_operator_3.py for tasks to queue
[2024-04-01T07:06:39.322+0000] {logging_mixin.py:188} INFO - [2024-04-01T07:06:39.322+0000] {dagbag.py:540} INFO - Filling up the DagBag from /home/airflow/.local/lib/python3.8/site-packages/airflow/example_dags/example_branch_python_dop_operator_3.py
[2024-04-01T07:06:39.328+0000] {processor.py:840} INFO - DAG(s) 'example_branch_dop_operator_v3' retrieved from /home/airflow/.local/lib/python3.8/site-packages/airflow/example_dags/example_branch_python_dop_operator_3.py
[2024-04-01T07:06:39.340+0000] {logging_mixin.py:188} INFO - [2024-04-01T07:06:39.340+0000] {dag.py:3047} INFO - Sync 1 DAGs
[2024-04-01T07:06:39.356+0000] {logging_mixin.py:188} INFO - [2024-04-01T07:06:39.356+0000] {dag.py:3834} INFO - Setting next_dagrun for example_branch_dop_operator_v3 to 2024-04-01 07:05:00+00:00, run_after=2024-04-01 07:06:00+00:00
[2024-04-01T07:06:39.366+0000] {processor.py:183} INFO - Processing /home/airflow/.local/lib/python3.8/site-packages/airflow/example_dags/example_branch_python_dop_operator_3.py took 0.049 seconds
[2024-04-01T07:07:09.531+0000] {processor.py:161} INFO - Started process (PID=653) to work on /home/airflow/.local/lib/python3.8/site-packages/airflow/example_dags/example_branch_python_dop_operator_3.py
[2024-04-01T07:07:09.531+0000] {processor.py:830} INFO - Processing file /home/airflow/.local/lib/python3.8/site-packages/airflow/example_dags/example_branch_python_dop_operator_3.py for tasks to queue
[2024-04-01T07:07:09.532+0000] {logging_mixin.py:188} INFO - [2024-04-01T07:07:09.532+0000] {dagbag.py:540} INFO - Filling up the DagBag from /home/airflow/.local/lib/python3.8/site-packages/airflow/example_dags/example_branch_python_dop_operator_3.py
[2024-04-01T07:07:09.538+0000] {processor.py:840} INFO - DAG(s) 'example_branch_dop_operator_v3' retrieved from /home/airflow/.local/lib/python3.8/site-packages/airflow/example_dags/example_branch_python_dop_operator_3.py
[2024-04-01T07:07:09.552+0000] {logging_mixin.py:188} INFO - [2024-04-01T07:07:09.552+0000] {dag.py:3047} INFO - Sync 1 DAGs
[2024-04-01T07:07:09.569+0000] {logging_mixin.py:188} INFO - [2024-04-01T07:07:09.569+0000] {dag.py:3834} INFO - Setting next_dagrun for example_branch_dop_operator_v3 to 2024-04-01 07:06:00+00:00, run_after=2024-04-01 07:07:00+00:00
[2024-04-01T07:07:09.584+0000] {processor.py:183} INFO - Processing /home/airflow/.local/lib/python3.8/site-packages/airflow/example_dags/example_branch_python_dop_operator_3.py took 0.056 seconds
[2024-04-01T07:07:39.758+0000] {processor.py:161} INFO - Started process (PID=708) to work on /home/airflow/.local/lib/python3.8/site-packages/airflow/example_dags/example_branch_python_dop_operator_3.py
[2024-04-01T07:07:39.760+0000] {processor.py:830} INFO - Processing file /home/airflow/.local/lib/python3.8/site-packages/airflow/example_dags/example_branch_python_dop_operator_3.py for tasks to queue
[2024-04-01T07:07:39.761+0000] {logging_mixin.py:188} INFO - [2024-04-01T07:07:39.761+0000] {dagbag.py:540} INFO - Filling up the DagBag from /home/airflow/.local/lib/python3.8/site-packages/airflow/example_dags/example_branch_python_dop_operator_3.py
[2024-04-01T07:07:39.768+0000] {processor.py:840} INFO - DAG(s) 'example_branch_dop_operator_v3' retrieved from /home/airflow/.local/lib/python3.8/site-packages/airflow/example_dags/example_branch_python_dop_operator_3.py
[2024-04-01T07:07:39.785+0000] {logging_mixin.py:188} INFO - [2024-04-01T07:07:39.785+0000] {dag.py:3047} INFO - Sync 1 DAGs
[2024-04-01T07:07:39.805+0000] {logging_mixin.py:188} INFO - [2024-04-01T07:07:39.805+0000] {dag.py:3834} INFO - Setting next_dagrun for example_branch_dop_operator_v3 to 2024-04-01 07:06:00+00:00, run_after=2024-04-01 07:07:00+00:00
[2024-04-01T07:07:39.818+0000] {processor.py:183} INFO - Processing /home/airflow/.local/lib/python3.8/site-packages/airflow/example_dags/example_branch_python_dop_operator_3.py took 0.062 seconds
[2024-04-01T07:08:10.023+0000] {processor.py:161} INFO - Started process (PID=763) to work on /home/airflow/.local/lib/python3.8/site-packages/airflow/example_dags/example_branch_python_dop_operator_3.py
[2024-04-01T07:08:10.024+0000] {processor.py:830} INFO - Processing file /home/airflow/.local/lib/python3.8/site-packages/airflow/example_dags/example_branch_python_dop_operator_3.py for tasks to queue
[2024-04-01T07:08:10.025+0000] {logging_mixin.py:188} INFO - [2024-04-01T07:08:10.025+0000] {dagbag.py:540} INFO - Filling up the DagBag from /home/airflow/.local/lib/python3.8/site-packages/airflow/example_dags/example_branch_python_dop_operator_3.py
[2024-04-01T07:08:10.030+0000] {processor.py:840} INFO - DAG(s) 'example_branch_dop_operator_v3' retrieved from /home/airflow/.local/lib/python3.8/site-packages/airflow/example_dags/example_branch_python_dop_operator_3.py
[2024-04-01T07:08:10.041+0000] {logging_mixin.py:188} INFO - [2024-04-01T07:08:10.041+0000] {dag.py:3047} INFO - Sync 1 DAGs
[2024-04-01T07:08:10.055+0000] {logging_mixin.py:188} INFO - [2024-04-01T07:08:10.054+0000] {dag.py:3834} INFO - Setting next_dagrun for example_branch_dop_operator_v3 to 2024-04-01 07:07:00+00:00, run_after=2024-04-01 07:08:00+00:00
[2024-04-01T07:08:10.064+0000] {processor.py:183} INFO - Processing /home/airflow/.local/lib/python3.8/site-packages/airflow/example_dags/example_branch_python_dop_operator_3.py took 0.043 seconds
[2024-04-01T07:08:40.839+0000] {processor.py:161} INFO - Started process (PID=818) to work on /home/airflow/.local/lib/python3.8/site-packages/airflow/example_dags/example_branch_python_dop_operator_3.py
[2024-04-01T07:08:40.839+0000] {processor.py:830} INFO - Processing file /home/airflow/.local/lib/python3.8/site-packages/airflow/example_dags/example_branch_python_dop_operator_3.py for tasks to queue
[2024-04-01T07:08:40.841+0000] {logging_mixin.py:188} INFO - [2024-04-01T07:08:40.840+0000] {dagbag.py:540} INFO - Filling up the DagBag from /home/airflow/.local/lib/python3.8/site-packages/airflow/example_dags/example_branch_python_dop_operator_3.py
[2024-04-01T07:08:40.846+0000] {processor.py:840} INFO - DAG(s) 'example_branch_dop_operator_v3' retrieved from /home/airflow/.local/lib/python3.8/site-packages/airflow/example_dags/example_branch_python_dop_operator_3.py
[2024-04-01T07:08:40.856+0000] {logging_mixin.py:188} INFO - [2024-04-01T07:08:40.856+0000] {dag.py:3047} INFO - Sync 1 DAGs
[2024-04-01T07:08:40.869+0000] {logging_mixin.py:188} INFO - [2024-04-01T07:08:40.869+0000] {dag.py:3834} INFO - Setting next_dagrun for example_branch_dop_operator_v3 to 2024-04-01 07:07:00+00:00, run_after=2024-04-01 07:08:00+00:00
[2024-04-01T07:08:40.878+0000] {processor.py:183} INFO - Processing /home/airflow/.local/lib/python3.8/site-packages/airflow/example_dags/example_branch_python_dop_operator_3.py took 0.042 seconds
[2024-04-01T07:09:10.999+0000] {processor.py:161} INFO - Started process (PID=873) to work on /home/airflow/.local/lib/python3.8/site-packages/airflow/example_dags/example_branch_python_dop_operator_3.py
[2024-04-01T07:09:11.000+0000] {processor.py:830} INFO - Processing file /home/airflow/.local/lib/python3.8/site-packages/airflow/example_dags/example_branch_python_dop_operator_3.py for tasks to queue
[2024-04-01T07:09:11.001+0000] {logging_mixin.py:188} INFO - [2024-04-01T07:09:11.001+0000] {dagbag.py:540} INFO - Filling up the DagBag from /home/airflow/.local/lib/python3.8/site-packages/airflow/example_dags/example_branch_python_dop_operator_3.py
[2024-04-01T07:09:11.007+0000] {processor.py:840} INFO - DAG(s) 'example_branch_dop_operator_v3' retrieved from /home/airflow/.local/lib/python3.8/site-packages/airflow/example_dags/example_branch_python_dop_operator_3.py
[2024-04-01T07:09:11.019+0000] {logging_mixin.py:188} INFO - [2024-04-01T07:09:11.019+0000] {dag.py:3047} INFO - Sync 1 DAGs
[2024-04-01T07:09:11.032+0000] {logging_mixin.py:188} INFO - [2024-04-01T07:09:11.032+0000] {dag.py:3834} INFO - Setting next_dagrun for example_branch_dop_operator_v3 to 2024-04-01 07:08:00+00:00, run_after=2024-04-01 07:09:00+00:00
[2024-04-01T07:09:11.041+0000] {processor.py:183} INFO - Processing /home/airflow/.local/lib/python3.8/site-packages/airflow/example_dags/example_branch_python_dop_operator_3.py took 0.044 seconds
[2024-04-01T07:09:41.061+0000] {processor.py:161} INFO - Started process (PID=928) to work on /home/airflow/.local/lib/python3.8/site-packages/airflow/example_dags/example_branch_python_dop_operator_3.py
[2024-04-01T07:09:41.062+0000] {processor.py:830} INFO - Processing file /home/airflow/.local/lib/python3.8/site-packages/airflow/example_dags/example_branch_python_dop_operator_3.py for tasks to queue
[2024-04-01T07:09:41.063+0000] {logging_mixin.py:188} INFO - [2024-04-01T07:09:41.063+0000] {dagbag.py:540} INFO - Filling up the DagBag from /home/airflow/.local/lib/python3.8/site-packages/airflow/example_dags/example_branch_python_dop_operator_3.py
[2024-04-01T07:09:41.068+0000] {processor.py:840} INFO - DAG(s) 'example_branch_dop_operator_v3' retrieved from /home/airflow/.local/lib/python3.8/site-packages/airflow/example_dags/example_branch_python_dop_operator_3.py
[2024-04-01T07:09:41.079+0000] {logging_mixin.py:188} INFO - [2024-04-01T07:09:41.079+0000] {dag.py:3047} INFO - Sync 1 DAGs
[2024-04-01T07:09:41.093+0000] {logging_mixin.py:188} INFO - [2024-04-01T07:09:41.093+0000] {dag.py:3834} INFO - Setting next_dagrun for example_branch_dop_operator_v3 to 2024-04-01 07:08:00+00:00, run_after=2024-04-01 07:09:00+00:00
[2024-04-01T07:09:41.101+0000] {processor.py:183} INFO - Processing /home/airflow/.local/lib/python3.8/site-packages/airflow/example_dags/example_branch_python_dop_operator_3.py took 0.042 seconds
[2024-04-01T07:10:11.756+0000] {processor.py:161} INFO - Started process (PID=983) to work on /home/airflow/.local/lib/python3.8/site-packages/airflow/example_dags/example_branch_python_dop_operator_3.py
[2024-04-01T07:10:11.757+0000] {processor.py:830} INFO - Processing file /home/airflow/.local/lib/python3.8/site-packages/airflow/example_dags/example_branch_python_dop_operator_3.py for tasks to queue
[2024-04-01T07:10:11.758+0000] {logging_mixin.py:188} INFO - [2024-04-01T07:10:11.758+0000] {dagbag.py:540} INFO - Filling up the DagBag from /home/airflow/.local/lib/python3.8/site-packages/airflow/example_dags/example_branch_python_dop_operator_3.py
[2024-04-01T07:10:11.763+0000] {processor.py:840} INFO - DAG(s) 'example_branch_dop_operator_v3' retrieved from /home/airflow/.local/lib/python3.8/site-packages/airflow/example_dags/example_branch_python_dop_operator_3.py
[2024-04-01T07:10:11.774+0000] {logging_mixin.py:188} INFO - [2024-04-01T07:10:11.774+0000] {dag.py:3047} INFO - Sync 1 DAGs
[2024-04-01T07:10:11.792+0000] {logging_mixin.py:188} INFO - [2024-04-01T07:10:11.791+0000] {dag.py:3834} INFO - Setting next_dagrun for example_branch_dop_operator_v3 to 2024-04-01 07:09:00+00:00, run_after=2024-04-01 07:10:00+00:00
[2024-04-01T07:10:11.805+0000] {processor.py:183} INFO - Processing /home/airflow/.local/lib/python3.8/site-packages/airflow/example_dags/example_branch_python_dop_operator_3.py took 0.051 seconds
[2024-04-01T07:10:41.956+0000] {processor.py:161} INFO - Started process (PID=1038) to work on /home/airflow/.local/lib/python3.8/site-packages/airflow/example_dags/example_branch_python_dop_operator_3.py
[2024-04-01T07:10:41.957+0000] {processor.py:830} INFO - Processing file /home/airflow/.local/lib/python3.8/site-packages/airflow/example_dags/example_branch_python_dop_operator_3.py for tasks to queue
[2024-04-01T07:10:41.959+0000] {logging_mixin.py:188} INFO - [2024-04-01T07:10:41.958+0000] {dagbag.py:540} INFO - Filling up the DagBag from /home/airflow/.local/lib/python3.8/site-packages/airflow/example_dags/example_branch_python_dop_operator_3.py
[2024-04-01T07:10:41.966+0000] {processor.py:840} INFO - DAG(s) 'example_branch_dop_operator_v3' retrieved from /home/airflow/.local/lib/python3.8/site-packages/airflow/example_dags/example_branch_python_dop_operator_3.py
[2024-04-01T07:10:41.981+0000] {logging_mixin.py:188} INFO - [2024-04-01T07:10:41.980+0000] {dag.py:3047} INFO - Sync 1 DAGs
[2024-04-01T07:10:41.998+0000] {logging_mixin.py:188} INFO - [2024-04-01T07:10:41.998+0000] {dag.py:3834} INFO - Setting next_dagrun for example_branch_dop_operator_v3 to 2024-04-01 07:09:00+00:00, run_after=2024-04-01 07:10:00+00:00
[2024-04-01T07:10:42.010+0000] {processor.py:183} INFO - Processing /home/airflow/.local/lib/python3.8/site-packages/airflow/example_dags/example_branch_python_dop_operator_3.py took 0.058 seconds
[2024-04-01T07:11:12.054+0000] {processor.py:161} INFO - Started process (PID=1100) to work on /home/airflow/.local/lib/python3.8/site-packages/airflow/example_dags/example_branch_python_dop_operator_3.py
[2024-04-01T07:11:12.055+0000] {processor.py:830} INFO - Processing file /home/airflow/.local/lib/python3.8/site-packages/airflow/example_dags/example_branch_python_dop_operator_3.py for tasks to queue
[2024-04-01T07:11:12.056+0000] {logging_mixin.py:188} INFO - [2024-04-01T07:11:12.056+0000] {dagbag.py:540} INFO - Filling up the DagBag from /home/airflow/.local/lib/python3.8/site-packages/airflow/example_dags/example_branch_python_dop_operator_3.py
[2024-04-01T07:11:12.063+0000] {processor.py:840} INFO - DAG(s) 'example_branch_dop_operator_v3' retrieved from /home/airflow/.local/lib/python3.8/site-packages/airflow/example_dags/example_branch_python_dop_operator_3.py
[2024-04-01T07:11:12.077+0000] {logging_mixin.py:188} INFO - [2024-04-01T07:11:12.077+0000] {dag.py:3047} INFO - Sync 1 DAGs
[2024-04-01T07:11:12.092+0000] {logging_mixin.py:188} INFO - [2024-04-01T07:11:12.092+0000] {dag.py:3834} INFO - Setting next_dagrun for example_branch_dop_operator_v3 to 2024-04-01 07:10:00+00:00, run_after=2024-04-01 07:11:00+00:00
[2024-04-01T07:11:12.103+0000] {processor.py:183} INFO - Processing /home/airflow/.local/lib/python3.8/site-packages/airflow/example_dags/example_branch_python_dop_operator_3.py took 0.051 seconds
[2024-04-01T07:11:42.164+0000] {processor.py:161} INFO - Started process (PID=1155) to work on /home/airflow/.local/lib/python3.8/site-packages/airflow/example_dags/example_branch_python_dop_operator_3.py
[2024-04-01T07:11:42.164+0000] {processor.py:830} INFO - Processing file /home/airflow/.local/lib/python3.8/site-packages/airflow/example_dags/example_branch_python_dop_operator_3.py for tasks to queue
[2024-04-01T07:11:42.165+0000] {logging_mixin.py:188} INFO - [2024-04-01T07:11:42.165+0000] {dagbag.py:540} INFO - Filling up the DagBag from /home/airflow/.local/lib/python3.8/site-packages/airflow/example_dags/example_branch_python_dop_operator_3.py
[2024-04-01T07:11:42.171+0000] {processor.py:840} INFO - DAG(s) 'example_branch_dop_operator_v3' retrieved from /home/airflow/.local/lib/python3.8/site-packages/airflow/example_dags/example_branch_python_dop_operator_3.py
[2024-04-01T07:11:42.184+0000] {logging_mixin.py:188} INFO - [2024-04-01T07:11:42.183+0000] {dag.py:3047} INFO - Sync 1 DAGs
[2024-04-01T07:11:42.199+0000] {logging_mixin.py:188} INFO - [2024-04-01T07:11:42.199+0000] {dag.py:3834} INFO - Setting next_dagrun for example_branch_dop_operator_v3 to 2024-04-01 07:10:00+00:00, run_after=2024-04-01 07:11:00+00:00
[2024-04-01T07:11:42.209+0000] {processor.py:183} INFO - Processing /home/airflow/.local/lib/python3.8/site-packages/airflow/example_dags/example_branch_python_dop_operator_3.py took 0.047 seconds
[2024-04-01T07:12:12.423+0000] {processor.py:161} INFO - Started process (PID=1210) to work on /home/airflow/.local/lib/python3.8/site-packages/airflow/example_dags/example_branch_python_dop_operator_3.py
[2024-04-01T07:12:12.423+0000] {processor.py:830} INFO - Processing file /home/airflow/.local/lib/python3.8/site-packages/airflow/example_dags/example_branch_python_dop_operator_3.py for tasks to queue
[2024-04-01T07:12:12.425+0000] {logging_mixin.py:188} INFO - [2024-04-01T07:12:12.425+0000] {dagbag.py:540} INFO - Filling up the DagBag from /home/airflow/.local/lib/python3.8/site-packages/airflow/example_dags/example_branch_python_dop_operator_3.py
[2024-04-01T07:12:12.432+0000] {processor.py:840} INFO - DAG(s) 'example_branch_dop_operator_v3' retrieved from /home/airflow/.local/lib/python3.8/site-packages/airflow/example_dags/example_branch_python_dop_operator_3.py
[2024-04-01T07:12:12.447+0000] {logging_mixin.py:188} INFO - [2024-04-01T07:12:12.446+0000] {dag.py:3047} INFO - Sync 1 DAGs
[2024-04-01T07:12:12.462+0000] {logging_mixin.py:188} INFO - [2024-04-01T07:12:12.461+0000] {dag.py:3834} INFO - Setting next_dagrun for example_branch_dop_operator_v3 to 2024-04-01 07:11:00+00:00, run_after=2024-04-01 07:12:00+00:00
[2024-04-01T07:12:12.471+0000] {processor.py:183} INFO - Processing /home/airflow/.local/lib/python3.8/site-packages/airflow/example_dags/example_branch_python_dop_operator_3.py took 0.051 seconds
