[2024-04-01T06:47:26.084+0000] {processor.py:161} INFO - Started process (PID=46) to work on /home/airflow/.local/lib/python3.8/site-packages/airflow/example_dags/example_setup_teardown.py
[2024-04-01T06:47:26.085+0000] {processor.py:830} INFO - Processing file /home/airflow/.local/lib/python3.8/site-packages/airflow/example_dags/example_setup_teardown.py for tasks to queue
[2024-04-01T06:47:26.085+0000] {logging_mixin.py:188} INFO - [2024-04-01T06:47:26.085+0000] {dagbag.py:540} INFO - Filling up the DagBag from /home/airflow/.local/lib/python3.8/site-packages/airflow/example_dags/example_setup_teardown.py
[2024-04-01T06:47:26.091+0000] {processor.py:840} INFO - DAG(s) 'example_setup_teardown' retrieved from /home/airflow/.local/lib/python3.8/site-packages/airflow/example_dags/example_setup_teardown.py
[2024-04-01T06:47:26.097+0000] {logging_mixin.py:188} INFO - [2024-04-01T06:47:26.097+0000] {dag.py:3047} INFO - Sync 1 DAGs
[2024-04-01T06:47:26.110+0000] {logging_mixin.py:188} INFO - [2024-04-01T06:47:26.110+0000] {dag.py:3834} INFO - Setting next_dagrun for example_setup_teardown to 2024-03-31 00:00:00+00:00, run_after=2024-04-01 00:00:00+00:00
[2024-04-01T06:47:26.120+0000] {processor.py:183} INFO - Processing /home/airflow/.local/lib/python3.8/site-packages/airflow/example_dags/example_setup_teardown.py took 0.038 seconds
[2024-04-01T06:47:56.950+0000] {processor.py:161} INFO - Started process (PID=101) to work on /home/airflow/.local/lib/python3.8/site-packages/airflow/example_dags/example_setup_teardown.py
[2024-04-01T06:47:56.951+0000] {processor.py:830} INFO - Processing file /home/airflow/.local/lib/python3.8/site-packages/airflow/example_dags/example_setup_teardown.py for tasks to queue
[2024-04-01T06:47:56.952+0000] {logging_mixin.py:188} INFO - [2024-04-01T06:47:56.952+0000] {dagbag.py:540} INFO - Filling up the DagBag from /home/airflow/.local/lib/python3.8/site-packages/airflow/example_dags/example_setup_teardown.py
[2024-04-01T06:47:56.957+0000] {processor.py:840} INFO - DAG(s) 'example_setup_teardown' retrieved from /home/airflow/.local/lib/python3.8/site-packages/airflow/example_dags/example_setup_teardown.py
[2024-04-01T06:47:57.011+0000] {logging_mixin.py:188} INFO - [2024-04-01T06:47:57.010+0000] {dag.py:3047} INFO - Sync 1 DAGs
[2024-04-01T06:47:57.022+0000] {logging_mixin.py:188} INFO - [2024-04-01T06:47:57.021+0000] {dag.py:3834} INFO - Setting next_dagrun for example_setup_teardown to 2024-03-31 00:00:00+00:00, run_after=2024-04-01 00:00:00+00:00
[2024-04-01T06:47:57.031+0000] {processor.py:183} INFO - Processing /home/airflow/.local/lib/python3.8/site-packages/airflow/example_dags/example_setup_teardown.py took 0.082 seconds
[2024-04-01T06:48:27.533+0000] {processor.py:161} INFO - Started process (PID=156) to work on /home/airflow/.local/lib/python3.8/site-packages/airflow/example_dags/example_setup_teardown.py
[2024-04-01T06:48:27.533+0000] {processor.py:830} INFO - Processing file /home/airflow/.local/lib/python3.8/site-packages/airflow/example_dags/example_setup_teardown.py for tasks to queue
[2024-04-01T06:48:27.534+0000] {logging_mixin.py:188} INFO - [2024-04-01T06:48:27.534+0000] {dagbag.py:540} INFO - Filling up the DagBag from /home/airflow/.local/lib/python3.8/site-packages/airflow/example_dags/example_setup_teardown.py
[2024-04-01T06:48:27.538+0000] {processor.py:840} INFO - DAG(s) 'example_setup_teardown' retrieved from /home/airflow/.local/lib/python3.8/site-packages/airflow/example_dags/example_setup_teardown.py
[2024-04-01T06:48:27.550+0000] {logging_mixin.py:188} INFO - [2024-04-01T06:48:27.549+0000] {dag.py:3047} INFO - Sync 1 DAGs
[2024-04-01T06:48:27.561+0000] {logging_mixin.py:188} INFO - [2024-04-01T06:48:27.561+0000] {dag.py:3834} INFO - Setting next_dagrun for example_setup_teardown to 2024-03-31 00:00:00+00:00, run_after=2024-04-01 00:00:00+00:00
[2024-04-01T06:48:27.571+0000] {processor.py:183} INFO - Processing /home/airflow/.local/lib/python3.8/site-packages/airflow/example_dags/example_setup_teardown.py took 0.040 seconds
[2024-04-01T06:48:58.461+0000] {processor.py:161} INFO - Started process (PID=211) to work on /home/airflow/.local/lib/python3.8/site-packages/airflow/example_dags/example_setup_teardown.py
[2024-04-01T06:48:58.461+0000] {processor.py:830} INFO - Processing file /home/airflow/.local/lib/python3.8/site-packages/airflow/example_dags/example_setup_teardown.py for tasks to queue
[2024-04-01T06:48:58.463+0000] {logging_mixin.py:188} INFO - [2024-04-01T06:48:58.463+0000] {dagbag.py:540} INFO - Filling up the DagBag from /home/airflow/.local/lib/python3.8/site-packages/airflow/example_dags/example_setup_teardown.py
[2024-04-01T06:48:58.468+0000] {processor.py:840} INFO - DAG(s) 'example_setup_teardown' retrieved from /home/airflow/.local/lib/python3.8/site-packages/airflow/example_dags/example_setup_teardown.py
[2024-04-01T06:48:58.479+0000] {logging_mixin.py:188} INFO - [2024-04-01T06:48:58.479+0000] {dag.py:3047} INFO - Sync 1 DAGs
[2024-04-01T06:48:58.490+0000] {logging_mixin.py:188} INFO - [2024-04-01T06:48:58.490+0000] {dag.py:3834} INFO - Setting next_dagrun for example_setup_teardown to 2024-03-31 00:00:00+00:00, run_after=2024-04-01 00:00:00+00:00
[2024-04-01T06:48:58.499+0000] {processor.py:183} INFO - Processing /home/airflow/.local/lib/python3.8/site-packages/airflow/example_dags/example_setup_teardown.py took 0.040 seconds
[2024-04-01T06:49:29.090+0000] {processor.py:161} INFO - Started process (PID=266) to work on /home/airflow/.local/lib/python3.8/site-packages/airflow/example_dags/example_setup_teardown.py
[2024-04-01T06:49:29.090+0000] {processor.py:830} INFO - Processing file /home/airflow/.local/lib/python3.8/site-packages/airflow/example_dags/example_setup_teardown.py for tasks to queue
[2024-04-01T06:49:29.091+0000] {logging_mixin.py:188} INFO - [2024-04-01T06:49:29.091+0000] {dagbag.py:540} INFO - Filling up the DagBag from /home/airflow/.local/lib/python3.8/site-packages/airflow/example_dags/example_setup_teardown.py
[2024-04-01T06:49:29.095+0000] {processor.py:840} INFO - DAG(s) 'example_setup_teardown' retrieved from /home/airflow/.local/lib/python3.8/site-packages/airflow/example_dags/example_setup_teardown.py
[2024-04-01T06:49:29.106+0000] {logging_mixin.py:188} INFO - [2024-04-01T06:49:29.106+0000] {dag.py:3047} INFO - Sync 1 DAGs
[2024-04-01T06:49:29.117+0000] {logging_mixin.py:188} INFO - [2024-04-01T06:49:29.117+0000] {dag.py:3834} INFO - Setting next_dagrun for example_setup_teardown to 2024-03-31 00:00:00+00:00, run_after=2024-04-01 00:00:00+00:00
[2024-04-01T06:49:29.126+0000] {processor.py:183} INFO - Processing /home/airflow/.local/lib/python3.8/site-packages/airflow/example_dags/example_setup_teardown.py took 0.038 seconds
[2024-04-01T06:49:59.864+0000] {processor.py:161} INFO - Started process (PID=321) to work on /home/airflow/.local/lib/python3.8/site-packages/airflow/example_dags/example_setup_teardown.py
[2024-04-01T06:49:59.865+0000] {processor.py:830} INFO - Processing file /home/airflow/.local/lib/python3.8/site-packages/airflow/example_dags/example_setup_teardown.py for tasks to queue
[2024-04-01T06:49:59.866+0000] {logging_mixin.py:188} INFO - [2024-04-01T06:49:59.866+0000] {dagbag.py:540} INFO - Filling up the DagBag from /home/airflow/.local/lib/python3.8/site-packages/airflow/example_dags/example_setup_teardown.py
[2024-04-01T06:49:59.870+0000] {processor.py:840} INFO - DAG(s) 'example_setup_teardown' retrieved from /home/airflow/.local/lib/python3.8/site-packages/airflow/example_dags/example_setup_teardown.py
[2024-04-01T06:49:59.882+0000] {logging_mixin.py:188} INFO - [2024-04-01T06:49:59.882+0000] {dag.py:3047} INFO - Sync 1 DAGs
[2024-04-01T06:49:59.895+0000] {logging_mixin.py:188} INFO - [2024-04-01T06:49:59.895+0000] {dag.py:3834} INFO - Setting next_dagrun for example_setup_teardown to 2024-03-31 00:00:00+00:00, run_after=2024-04-01 00:00:00+00:00
[2024-04-01T06:49:59.904+0000] {processor.py:183} INFO - Processing /home/airflow/.local/lib/python3.8/site-packages/airflow/example_dags/example_setup_teardown.py took 0.042 seconds
[2024-04-01T06:50:29.956+0000] {processor.py:161} INFO - Started process (PID=376) to work on /home/airflow/.local/lib/python3.8/site-packages/airflow/example_dags/example_setup_teardown.py
[2024-04-01T06:50:29.957+0000] {processor.py:830} INFO - Processing file /home/airflow/.local/lib/python3.8/site-packages/airflow/example_dags/example_setup_teardown.py for tasks to queue
[2024-04-01T06:50:29.958+0000] {logging_mixin.py:188} INFO - [2024-04-01T06:50:29.958+0000] {dagbag.py:540} INFO - Filling up the DagBag from /home/airflow/.local/lib/python3.8/site-packages/airflow/example_dags/example_setup_teardown.py
[2024-04-01T06:50:29.963+0000] {processor.py:840} INFO - DAG(s) 'example_setup_teardown' retrieved from /home/airflow/.local/lib/python3.8/site-packages/airflow/example_dags/example_setup_teardown.py
[2024-04-01T06:50:29.976+0000] {logging_mixin.py:188} INFO - [2024-04-01T06:50:29.976+0000] {dag.py:3047} INFO - Sync 1 DAGs
[2024-04-01T06:50:29.988+0000] {logging_mixin.py:188} INFO - [2024-04-01T06:50:29.988+0000] {dag.py:3834} INFO - Setting next_dagrun for example_setup_teardown to 2024-03-31 00:00:00+00:00, run_after=2024-04-01 00:00:00+00:00
[2024-04-01T06:50:29.999+0000] {processor.py:183} INFO - Processing /home/airflow/.local/lib/python3.8/site-packages/airflow/example_dags/example_setup_teardown.py took 0.044 seconds
[2024-04-01T06:51:00.765+0000] {processor.py:161} INFO - Started process (PID=431) to work on /home/airflow/.local/lib/python3.8/site-packages/airflow/example_dags/example_setup_teardown.py
[2024-04-01T06:51:00.765+0000] {processor.py:830} INFO - Processing file /home/airflow/.local/lib/python3.8/site-packages/airflow/example_dags/example_setup_teardown.py for tasks to queue
[2024-04-01T06:51:00.766+0000] {logging_mixin.py:188} INFO - [2024-04-01T06:51:00.766+0000] {dagbag.py:540} INFO - Filling up the DagBag from /home/airflow/.local/lib/python3.8/site-packages/airflow/example_dags/example_setup_teardown.py
[2024-04-01T06:51:00.770+0000] {processor.py:840} INFO - DAG(s) 'example_setup_teardown' retrieved from /home/airflow/.local/lib/python3.8/site-packages/airflow/example_dags/example_setup_teardown.py
[2024-04-01T06:51:00.782+0000] {logging_mixin.py:188} INFO - [2024-04-01T06:51:00.782+0000] {dag.py:3047} INFO - Sync 1 DAGs
[2024-04-01T06:51:00.794+0000] {logging_mixin.py:188} INFO - [2024-04-01T06:51:00.793+0000] {dag.py:3834} INFO - Setting next_dagrun for example_setup_teardown to 2024-03-31 00:00:00+00:00, run_after=2024-04-01 00:00:00+00:00
[2024-04-01T06:51:00.802+0000] {processor.py:183} INFO - Processing /home/airflow/.local/lib/python3.8/site-packages/airflow/example_dags/example_setup_teardown.py took 0.040 seconds
[2024-04-01T06:51:31.434+0000] {processor.py:161} INFO - Started process (PID=486) to work on /home/airflow/.local/lib/python3.8/site-packages/airflow/example_dags/example_setup_teardown.py
[2024-04-01T06:51:31.435+0000] {processor.py:830} INFO - Processing file /home/airflow/.local/lib/python3.8/site-packages/airflow/example_dags/example_setup_teardown.py for tasks to queue
[2024-04-01T06:51:31.436+0000] {logging_mixin.py:188} INFO - [2024-04-01T06:51:31.436+0000] {dagbag.py:540} INFO - Filling up the DagBag from /home/airflow/.local/lib/python3.8/site-packages/airflow/example_dags/example_setup_teardown.py
[2024-04-01T06:51:31.440+0000] {processor.py:840} INFO - DAG(s) 'example_setup_teardown' retrieved from /home/airflow/.local/lib/python3.8/site-packages/airflow/example_dags/example_setup_teardown.py
[2024-04-01T06:51:31.452+0000] {logging_mixin.py:188} INFO - [2024-04-01T06:51:31.451+0000] {dag.py:3047} INFO - Sync 1 DAGs
[2024-04-01T06:51:31.463+0000] {logging_mixin.py:188} INFO - [2024-04-01T06:51:31.463+0000] {dag.py:3834} INFO - Setting next_dagrun for example_setup_teardown to 2024-03-31 00:00:00+00:00, run_after=2024-04-01 00:00:00+00:00
[2024-04-01T06:51:31.473+0000] {processor.py:183} INFO - Processing /home/airflow/.local/lib/python3.8/site-packages/airflow/example_dags/example_setup_teardown.py took 0.041 seconds
[2024-04-01T06:52:02.223+0000] {processor.py:161} INFO - Started process (PID=541) to work on /home/airflow/.local/lib/python3.8/site-packages/airflow/example_dags/example_setup_teardown.py
[2024-04-01T06:52:02.224+0000] {processor.py:830} INFO - Processing file /home/airflow/.local/lib/python3.8/site-packages/airflow/example_dags/example_setup_teardown.py for tasks to queue
[2024-04-01T06:52:02.225+0000] {logging_mixin.py:188} INFO - [2024-04-01T06:52:02.224+0000] {dagbag.py:540} INFO - Filling up the DagBag from /home/airflow/.local/lib/python3.8/site-packages/airflow/example_dags/example_setup_teardown.py
[2024-04-01T06:52:02.229+0000] {processor.py:840} INFO - DAG(s) 'example_setup_teardown' retrieved from /home/airflow/.local/lib/python3.8/site-packages/airflow/example_dags/example_setup_teardown.py
[2024-04-01T06:52:02.241+0000] {logging_mixin.py:188} INFO - [2024-04-01T06:52:02.240+0000] {dag.py:3047} INFO - Sync 1 DAGs
[2024-04-01T06:52:02.252+0000] {logging_mixin.py:188} INFO - [2024-04-01T06:52:02.252+0000] {dag.py:3834} INFO - Setting next_dagrun for example_setup_teardown to 2024-03-31 00:00:00+00:00, run_after=2024-04-01 00:00:00+00:00
[2024-04-01T06:52:02.263+0000] {processor.py:183} INFO - Processing /home/airflow/.local/lib/python3.8/site-packages/airflow/example_dags/example_setup_teardown.py took 0.042 seconds
[2024-04-01T06:52:33.074+0000] {processor.py:161} INFO - Started process (PID=596) to work on /home/airflow/.local/lib/python3.8/site-packages/airflow/example_dags/example_setup_teardown.py
[2024-04-01T06:52:33.075+0000] {processor.py:830} INFO - Processing file /home/airflow/.local/lib/python3.8/site-packages/airflow/example_dags/example_setup_teardown.py for tasks to queue
[2024-04-01T06:52:33.076+0000] {logging_mixin.py:188} INFO - [2024-04-01T06:52:33.076+0000] {dagbag.py:540} INFO - Filling up the DagBag from /home/airflow/.local/lib/python3.8/site-packages/airflow/example_dags/example_setup_teardown.py
[2024-04-01T06:52:33.082+0000] {processor.py:840} INFO - DAG(s) 'example_setup_teardown' retrieved from /home/airflow/.local/lib/python3.8/site-packages/airflow/example_dags/example_setup_teardown.py
[2024-04-01T06:52:33.097+0000] {logging_mixin.py:188} INFO - [2024-04-01T06:52:33.096+0000] {dag.py:3047} INFO - Sync 1 DAGs
[2024-04-01T06:52:33.110+0000] {logging_mixin.py:188} INFO - [2024-04-01T06:52:33.110+0000] {dag.py:3834} INFO - Setting next_dagrun for example_setup_teardown to 2024-03-31 00:00:00+00:00, run_after=2024-04-01 00:00:00+00:00
[2024-04-01T06:52:33.120+0000] {processor.py:183} INFO - Processing /home/airflow/.local/lib/python3.8/site-packages/airflow/example_dags/example_setup_teardown.py took 0.049 seconds
[2024-04-01T06:53:03.222+0000] {processor.py:161} INFO - Started process (PID=651) to work on /home/airflow/.local/lib/python3.8/site-packages/airflow/example_dags/example_setup_teardown.py
[2024-04-01T06:53:03.223+0000] {processor.py:830} INFO - Processing file /home/airflow/.local/lib/python3.8/site-packages/airflow/example_dags/example_setup_teardown.py for tasks to queue
[2024-04-01T06:53:03.224+0000] {logging_mixin.py:188} INFO - [2024-04-01T06:53:03.224+0000] {dagbag.py:540} INFO - Filling up the DagBag from /home/airflow/.local/lib/python3.8/site-packages/airflow/example_dags/example_setup_teardown.py
[2024-04-01T06:53:03.230+0000] {processor.py:840} INFO - DAG(s) 'example_setup_teardown' retrieved from /home/airflow/.local/lib/python3.8/site-packages/airflow/example_dags/example_setup_teardown.py
[2024-04-01T06:53:03.249+0000] {logging_mixin.py:188} INFO - [2024-04-01T06:53:03.248+0000] {dag.py:3047} INFO - Sync 1 DAGs
[2024-04-01T06:53:03.264+0000] {logging_mixin.py:188} INFO - [2024-04-01T06:53:03.263+0000] {dag.py:3834} INFO - Setting next_dagrun for example_setup_teardown to 2024-03-31 00:00:00+00:00, run_after=2024-04-01 00:00:00+00:00
[2024-04-01T06:53:03.279+0000] {processor.py:183} INFO - Processing /home/airflow/.local/lib/python3.8/site-packages/airflow/example_dags/example_setup_teardown.py took 0.060 seconds
[2024-04-01T06:53:33.437+0000] {processor.py:161} INFO - Started process (PID=706) to work on /home/airflow/.local/lib/python3.8/site-packages/airflow/example_dags/example_setup_teardown.py
[2024-04-01T06:53:33.438+0000] {processor.py:830} INFO - Processing file /home/airflow/.local/lib/python3.8/site-packages/airflow/example_dags/example_setup_teardown.py for tasks to queue
[2024-04-01T06:53:33.440+0000] {logging_mixin.py:188} INFO - [2024-04-01T06:53:33.439+0000] {dagbag.py:540} INFO - Filling up the DagBag from /home/airflow/.local/lib/python3.8/site-packages/airflow/example_dags/example_setup_teardown.py
[2024-04-01T06:53:33.446+0000] {processor.py:840} INFO - DAG(s) 'example_setup_teardown' retrieved from /home/airflow/.local/lib/python3.8/site-packages/airflow/example_dags/example_setup_teardown.py
[2024-04-01T06:53:33.463+0000] {logging_mixin.py:188} INFO - [2024-04-01T06:53:33.462+0000] {dag.py:3047} INFO - Sync 1 DAGs
[2024-04-01T06:53:33.480+0000] {logging_mixin.py:188} INFO - [2024-04-01T06:53:33.480+0000] {dag.py:3834} INFO - Setting next_dagrun for example_setup_teardown to 2024-03-31 00:00:00+00:00, run_after=2024-04-01 00:00:00+00:00
[2024-04-01T06:53:33.493+0000] {processor.py:183} INFO - Processing /home/airflow/.local/lib/python3.8/site-packages/airflow/example_dags/example_setup_teardown.py took 0.060 seconds
[2024-04-01T06:54:04.393+0000] {processor.py:161} INFO - Started process (PID=761) to work on /home/airflow/.local/lib/python3.8/site-packages/airflow/example_dags/example_setup_teardown.py
[2024-04-01T06:54:04.394+0000] {processor.py:830} INFO - Processing file /home/airflow/.local/lib/python3.8/site-packages/airflow/example_dags/example_setup_teardown.py for tasks to queue
[2024-04-01T06:54:04.395+0000] {logging_mixin.py:188} INFO - [2024-04-01T06:54:04.395+0000] {dagbag.py:540} INFO - Filling up the DagBag from /home/airflow/.local/lib/python3.8/site-packages/airflow/example_dags/example_setup_teardown.py
[2024-04-01T06:54:04.399+0000] {processor.py:840} INFO - DAG(s) 'example_setup_teardown' retrieved from /home/airflow/.local/lib/python3.8/site-packages/airflow/example_dags/example_setup_teardown.py
[2024-04-01T06:54:04.410+0000] {logging_mixin.py:188} INFO - [2024-04-01T06:54:04.410+0000] {dag.py:3047} INFO - Sync 1 DAGs
[2024-04-01T06:54:04.422+0000] {logging_mixin.py:188} INFO - [2024-04-01T06:54:04.422+0000] {dag.py:3834} INFO - Setting next_dagrun for example_setup_teardown to 2024-03-31 00:00:00+00:00, run_after=2024-04-01 00:00:00+00:00
[2024-04-01T06:54:04.430+0000] {processor.py:183} INFO - Processing /home/airflow/.local/lib/python3.8/site-packages/airflow/example_dags/example_setup_teardown.py took 0.039 seconds
[2024-04-01T06:54:35.059+0000] {processor.py:161} INFO - Started process (PID=816) to work on /home/airflow/.local/lib/python3.8/site-packages/airflow/example_dags/example_setup_teardown.py
[2024-04-01T06:54:35.059+0000] {processor.py:830} INFO - Processing file /home/airflow/.local/lib/python3.8/site-packages/airflow/example_dags/example_setup_teardown.py for tasks to queue
[2024-04-01T06:54:35.060+0000] {logging_mixin.py:188} INFO - [2024-04-01T06:54:35.060+0000] {dagbag.py:540} INFO - Filling up the DagBag from /home/airflow/.local/lib/python3.8/site-packages/airflow/example_dags/example_setup_teardown.py
[2024-04-01T06:54:35.065+0000] {processor.py:840} INFO - DAG(s) 'example_setup_teardown' retrieved from /home/airflow/.local/lib/python3.8/site-packages/airflow/example_dags/example_setup_teardown.py
[2024-04-01T06:54:35.076+0000] {logging_mixin.py:188} INFO - [2024-04-01T06:54:35.075+0000] {dag.py:3047} INFO - Sync 1 DAGs
[2024-04-01T06:54:35.087+0000] {logging_mixin.py:188} INFO - [2024-04-01T06:54:35.087+0000] {dag.py:3834} INFO - Setting next_dagrun for example_setup_teardown to 2024-03-31 00:00:00+00:00, run_after=2024-04-01 00:00:00+00:00
[2024-04-01T06:54:35.096+0000] {processor.py:183} INFO - Processing /home/airflow/.local/lib/python3.8/site-packages/airflow/example_dags/example_setup_teardown.py took 0.039 seconds
[2024-04-01T06:55:05.751+0000] {processor.py:161} INFO - Started process (PID=871) to work on /home/airflow/.local/lib/python3.8/site-packages/airflow/example_dags/example_setup_teardown.py
[2024-04-01T06:55:05.752+0000] {processor.py:830} INFO - Processing file /home/airflow/.local/lib/python3.8/site-packages/airflow/example_dags/example_setup_teardown.py for tasks to queue
[2024-04-01T06:55:05.753+0000] {logging_mixin.py:188} INFO - [2024-04-01T06:55:05.753+0000] {dagbag.py:540} INFO - Filling up the DagBag from /home/airflow/.local/lib/python3.8/site-packages/airflow/example_dags/example_setup_teardown.py
[2024-04-01T06:55:05.757+0000] {processor.py:840} INFO - DAG(s) 'example_setup_teardown' retrieved from /home/airflow/.local/lib/python3.8/site-packages/airflow/example_dags/example_setup_teardown.py
[2024-04-01T06:55:05.769+0000] {logging_mixin.py:188} INFO - [2024-04-01T06:55:05.769+0000] {dag.py:3047} INFO - Sync 1 DAGs
[2024-04-01T06:55:05.782+0000] {logging_mixin.py:188} INFO - [2024-04-01T06:55:05.782+0000] {dag.py:3834} INFO - Setting next_dagrun for example_setup_teardown to 2024-03-31 00:00:00+00:00, run_after=2024-04-01 00:00:00+00:00
[2024-04-01T06:55:05.791+0000] {processor.py:183} INFO - Processing /home/airflow/.local/lib/python3.8/site-packages/airflow/example_dags/example_setup_teardown.py took 0.042 seconds
[2024-04-01T06:55:36.525+0000] {processor.py:161} INFO - Started process (PID=926) to work on /home/airflow/.local/lib/python3.8/site-packages/airflow/example_dags/example_setup_teardown.py
[2024-04-01T06:55:36.525+0000] {processor.py:830} INFO - Processing file /home/airflow/.local/lib/python3.8/site-packages/airflow/example_dags/example_setup_teardown.py for tasks to queue
[2024-04-01T06:55:36.526+0000] {logging_mixin.py:188} INFO - [2024-04-01T06:55:36.526+0000] {dagbag.py:540} INFO - Filling up the DagBag from /home/airflow/.local/lib/python3.8/site-packages/airflow/example_dags/example_setup_teardown.py
[2024-04-01T06:55:36.530+0000] {processor.py:840} INFO - DAG(s) 'example_setup_teardown' retrieved from /home/airflow/.local/lib/python3.8/site-packages/airflow/example_dags/example_setup_teardown.py
[2024-04-01T06:55:36.541+0000] {logging_mixin.py:188} INFO - [2024-04-01T06:55:36.541+0000] {dag.py:3047} INFO - Sync 1 DAGs
[2024-04-01T06:55:36.553+0000] {logging_mixin.py:188} INFO - [2024-04-01T06:55:36.552+0000] {dag.py:3834} INFO - Setting next_dagrun for example_setup_teardown to 2024-03-31 00:00:00+00:00, run_after=2024-04-01 00:00:00+00:00
[2024-04-01T06:55:36.561+0000] {processor.py:183} INFO - Processing /home/airflow/.local/lib/python3.8/site-packages/airflow/example_dags/example_setup_teardown.py took 0.039 seconds
[2024-04-01T06:56:07.209+0000] {processor.py:161} INFO - Started process (PID=981) to work on /home/airflow/.local/lib/python3.8/site-packages/airflow/example_dags/example_setup_teardown.py
[2024-04-01T06:56:07.210+0000] {processor.py:830} INFO - Processing file /home/airflow/.local/lib/python3.8/site-packages/airflow/example_dags/example_setup_teardown.py for tasks to queue
[2024-04-01T06:56:07.211+0000] {logging_mixin.py:188} INFO - [2024-04-01T06:56:07.210+0000] {dagbag.py:540} INFO - Filling up the DagBag from /home/airflow/.local/lib/python3.8/site-packages/airflow/example_dags/example_setup_teardown.py
[2024-04-01T06:56:07.215+0000] {processor.py:840} INFO - DAG(s) 'example_setup_teardown' retrieved from /home/airflow/.local/lib/python3.8/site-packages/airflow/example_dags/example_setup_teardown.py
[2024-04-01T06:56:07.225+0000] {logging_mixin.py:188} INFO - [2024-04-01T06:56:07.225+0000] {dag.py:3047} INFO - Sync 1 DAGs
[2024-04-01T06:56:07.237+0000] {logging_mixin.py:188} INFO - [2024-04-01T06:56:07.237+0000] {dag.py:3834} INFO - Setting next_dagrun for example_setup_teardown to 2024-03-31 00:00:00+00:00, run_after=2024-04-01 00:00:00+00:00
[2024-04-01T06:56:07.245+0000] {processor.py:183} INFO - Processing /home/airflow/.local/lib/python3.8/site-packages/airflow/example_dags/example_setup_teardown.py took 0.038 seconds
[2024-04-01T06:56:37.964+0000] {processor.py:161} INFO - Started process (PID=1035) to work on /home/airflow/.local/lib/python3.8/site-packages/airflow/example_dags/example_setup_teardown.py
[2024-04-01T06:56:37.965+0000] {processor.py:830} INFO - Processing file /home/airflow/.local/lib/python3.8/site-packages/airflow/example_dags/example_setup_teardown.py for tasks to queue
[2024-04-01T06:56:37.966+0000] {logging_mixin.py:188} INFO - [2024-04-01T06:56:37.966+0000] {dagbag.py:540} INFO - Filling up the DagBag from /home/airflow/.local/lib/python3.8/site-packages/airflow/example_dags/example_setup_teardown.py
[2024-04-01T06:56:37.970+0000] {processor.py:840} INFO - DAG(s) 'example_setup_teardown' retrieved from /home/airflow/.local/lib/python3.8/site-packages/airflow/example_dags/example_setup_teardown.py
[2024-04-01T06:56:37.983+0000] {logging_mixin.py:188} INFO - [2024-04-01T06:56:37.983+0000] {dag.py:3047} INFO - Sync 1 DAGs
[2024-04-01T06:56:37.996+0000] {logging_mixin.py:188} INFO - [2024-04-01T06:56:37.995+0000] {dag.py:3834} INFO - Setting next_dagrun for example_setup_teardown to 2024-03-31 00:00:00+00:00, run_after=2024-04-01 00:00:00+00:00
[2024-04-01T06:56:38.006+0000] {processor.py:183} INFO - Processing /home/airflow/.local/lib/python3.8/site-packages/airflow/example_dags/example_setup_teardown.py took 0.044 seconds
[2024-04-01T06:57:08.117+0000] {processor.py:161} INFO - Started process (PID=1090) to work on /home/airflow/.local/lib/python3.8/site-packages/airflow/example_dags/example_setup_teardown.py
[2024-04-01T06:57:08.117+0000] {processor.py:830} INFO - Processing file /home/airflow/.local/lib/python3.8/site-packages/airflow/example_dags/example_setup_teardown.py for tasks to queue
[2024-04-01T06:57:08.118+0000] {logging_mixin.py:188} INFO - [2024-04-01T06:57:08.118+0000] {dagbag.py:540} INFO - Filling up the DagBag from /home/airflow/.local/lib/python3.8/site-packages/airflow/example_dags/example_setup_teardown.py
[2024-04-01T06:57:08.122+0000] {processor.py:840} INFO - DAG(s) 'example_setup_teardown' retrieved from /home/airflow/.local/lib/python3.8/site-packages/airflow/example_dags/example_setup_teardown.py
[2024-04-01T06:57:08.133+0000] {logging_mixin.py:188} INFO - [2024-04-01T06:57:08.133+0000] {dag.py:3047} INFO - Sync 1 DAGs
[2024-04-01T06:57:08.146+0000] {logging_mixin.py:188} INFO - [2024-04-01T06:57:08.146+0000] {dag.py:3834} INFO - Setting next_dagrun for example_setup_teardown to 2024-03-31 00:00:00+00:00, run_after=2024-04-01 00:00:00+00:00
[2024-04-01T06:57:08.155+0000] {processor.py:183} INFO - Processing /home/airflow/.local/lib/python3.8/site-packages/airflow/example_dags/example_setup_teardown.py took 0.040 seconds
[2024-04-01T06:57:38.912+0000] {processor.py:161} INFO - Started process (PID=1145) to work on /home/airflow/.local/lib/python3.8/site-packages/airflow/example_dags/example_setup_teardown.py
[2024-04-01T06:57:38.913+0000] {processor.py:830} INFO - Processing file /home/airflow/.local/lib/python3.8/site-packages/airflow/example_dags/example_setup_teardown.py for tasks to queue
[2024-04-01T06:57:38.914+0000] {logging_mixin.py:188} INFO - [2024-04-01T06:57:38.913+0000] {dagbag.py:540} INFO - Filling up the DagBag from /home/airflow/.local/lib/python3.8/site-packages/airflow/example_dags/example_setup_teardown.py
[2024-04-01T06:57:38.918+0000] {processor.py:840} INFO - DAG(s) 'example_setup_teardown' retrieved from /home/airflow/.local/lib/python3.8/site-packages/airflow/example_dags/example_setup_teardown.py
[2024-04-01T06:57:38.929+0000] {logging_mixin.py:188} INFO - [2024-04-01T06:57:38.929+0000] {dag.py:3047} INFO - Sync 1 DAGs
[2024-04-01T06:57:38.945+0000] {logging_mixin.py:188} INFO - [2024-04-01T06:57:38.945+0000] {dag.py:3834} INFO - Setting next_dagrun for example_setup_teardown to 2024-03-31 00:00:00+00:00, run_after=2024-04-01 00:00:00+00:00
[2024-04-01T06:57:38.954+0000] {processor.py:183} INFO - Processing /home/airflow/.local/lib/python3.8/site-packages/airflow/example_dags/example_setup_teardown.py took 0.044 seconds
[2024-04-01T06:58:09.593+0000] {processor.py:161} INFO - Started process (PID=1200) to work on /home/airflow/.local/lib/python3.8/site-packages/airflow/example_dags/example_setup_teardown.py
[2024-04-01T06:58:09.593+0000] {processor.py:830} INFO - Processing file /home/airflow/.local/lib/python3.8/site-packages/airflow/example_dags/example_setup_teardown.py for tasks to queue
[2024-04-01T06:58:09.594+0000] {logging_mixin.py:188} INFO - [2024-04-01T06:58:09.594+0000] {dagbag.py:540} INFO - Filling up the DagBag from /home/airflow/.local/lib/python3.8/site-packages/airflow/example_dags/example_setup_teardown.py
[2024-04-01T06:58:09.599+0000] {processor.py:840} INFO - DAG(s) 'example_setup_teardown' retrieved from /home/airflow/.local/lib/python3.8/site-packages/airflow/example_dags/example_setup_teardown.py
[2024-04-01T06:58:09.611+0000] {logging_mixin.py:188} INFO - [2024-04-01T06:58:09.611+0000] {dag.py:3047} INFO - Sync 1 DAGs
[2024-04-01T06:58:09.625+0000] {logging_mixin.py:188} INFO - [2024-04-01T06:58:09.625+0000] {dag.py:3834} INFO - Setting next_dagrun for example_setup_teardown to 2024-03-31 00:00:00+00:00, run_after=2024-04-01 00:00:00+00:00
[2024-04-01T06:58:09.638+0000] {processor.py:183} INFO - Processing /home/airflow/.local/lib/python3.8/site-packages/airflow/example_dags/example_setup_teardown.py took 0.047 seconds
[2024-04-01T06:58:39.768+0000] {processor.py:161} INFO - Started process (PID=1255) to work on /home/airflow/.local/lib/python3.8/site-packages/airflow/example_dags/example_setup_teardown.py
[2024-04-01T06:58:39.768+0000] {processor.py:830} INFO - Processing file /home/airflow/.local/lib/python3.8/site-packages/airflow/example_dags/example_setup_teardown.py for tasks to queue
[2024-04-01T06:58:39.769+0000] {logging_mixin.py:188} INFO - [2024-04-01T06:58:39.769+0000] {dagbag.py:540} INFO - Filling up the DagBag from /home/airflow/.local/lib/python3.8/site-packages/airflow/example_dags/example_setup_teardown.py
[2024-04-01T06:58:39.773+0000] {processor.py:840} INFO - DAG(s) 'example_setup_teardown' retrieved from /home/airflow/.local/lib/python3.8/site-packages/airflow/example_dags/example_setup_teardown.py
[2024-04-01T06:58:39.785+0000] {logging_mixin.py:188} INFO - [2024-04-01T06:58:39.785+0000] {dag.py:3047} INFO - Sync 1 DAGs
[2024-04-01T06:58:39.797+0000] {logging_mixin.py:188} INFO - [2024-04-01T06:58:39.797+0000] {dag.py:3834} INFO - Setting next_dagrun for example_setup_teardown to 2024-03-31 00:00:00+00:00, run_after=2024-04-01 00:00:00+00:00
[2024-04-01T06:58:39.806+0000] {processor.py:183} INFO - Processing /home/airflow/.local/lib/python3.8/site-packages/airflow/example_dags/example_setup_teardown.py took 0.040 seconds
[2024-04-01T06:59:10.500+0000] {processor.py:161} INFO - Started process (PID=1310) to work on /home/airflow/.local/lib/python3.8/site-packages/airflow/example_dags/example_setup_teardown.py
[2024-04-01T06:59:10.501+0000] {processor.py:830} INFO - Processing file /home/airflow/.local/lib/python3.8/site-packages/airflow/example_dags/example_setup_teardown.py for tasks to queue
[2024-04-01T06:59:10.502+0000] {logging_mixin.py:188} INFO - [2024-04-01T06:59:10.502+0000] {dagbag.py:540} INFO - Filling up the DagBag from /home/airflow/.local/lib/python3.8/site-packages/airflow/example_dags/example_setup_teardown.py
[2024-04-01T06:59:10.506+0000] {processor.py:840} INFO - DAG(s) 'example_setup_teardown' retrieved from /home/airflow/.local/lib/python3.8/site-packages/airflow/example_dags/example_setup_teardown.py
[2024-04-01T06:59:10.517+0000] {logging_mixin.py:188} INFO - [2024-04-01T06:59:10.517+0000] {dag.py:3047} INFO - Sync 1 DAGs
[2024-04-01T06:59:10.528+0000] {logging_mixin.py:188} INFO - [2024-04-01T06:59:10.528+0000] {dag.py:3834} INFO - Setting next_dagrun for example_setup_teardown to 2024-03-31 00:00:00+00:00, run_after=2024-04-01 00:00:00+00:00
[2024-04-01T06:59:10.537+0000] {processor.py:183} INFO - Processing /home/airflow/.local/lib/python3.8/site-packages/airflow/example_dags/example_setup_teardown.py took 0.039 seconds
[2024-04-01T06:59:41.123+0000] {processor.py:161} INFO - Started process (PID=1365) to work on /home/airflow/.local/lib/python3.8/site-packages/airflow/example_dags/example_setup_teardown.py
[2024-04-01T06:59:41.123+0000] {processor.py:830} INFO - Processing file /home/airflow/.local/lib/python3.8/site-packages/airflow/example_dags/example_setup_teardown.py for tasks to queue
[2024-04-01T06:59:41.125+0000] {logging_mixin.py:188} INFO - [2024-04-01T06:59:41.125+0000] {dagbag.py:540} INFO - Filling up the DagBag from /home/airflow/.local/lib/python3.8/site-packages/airflow/example_dags/example_setup_teardown.py
[2024-04-01T06:59:41.132+0000] {processor.py:840} INFO - DAG(s) 'example_setup_teardown' retrieved from /home/airflow/.local/lib/python3.8/site-packages/airflow/example_dags/example_setup_teardown.py
[2024-04-01T06:59:41.144+0000] {logging_mixin.py:188} INFO - [2024-04-01T06:59:41.144+0000] {dag.py:3047} INFO - Sync 1 DAGs
[2024-04-01T06:59:41.156+0000] {logging_mixin.py:188} INFO - [2024-04-01T06:59:41.156+0000] {dag.py:3834} INFO - Setting next_dagrun for example_setup_teardown to 2024-03-31 00:00:00+00:00, run_after=2024-04-01 00:00:00+00:00
[2024-04-01T06:59:41.164+0000] {processor.py:183} INFO - Processing /home/airflow/.local/lib/python3.8/site-packages/airflow/example_dags/example_setup_teardown.py took 0.044 seconds
[2024-04-01T07:00:11.238+0000] {processor.py:161} INFO - Started process (PID=1420) to work on /home/airflow/.local/lib/python3.8/site-packages/airflow/example_dags/example_setup_teardown.py
[2024-04-01T07:00:11.239+0000] {processor.py:830} INFO - Processing file /home/airflow/.local/lib/python3.8/site-packages/airflow/example_dags/example_setup_teardown.py for tasks to queue
[2024-04-01T07:00:11.240+0000] {logging_mixin.py:188} INFO - [2024-04-01T07:00:11.240+0000] {dagbag.py:540} INFO - Filling up the DagBag from /home/airflow/.local/lib/python3.8/site-packages/airflow/example_dags/example_setup_teardown.py
[2024-04-01T07:00:11.244+0000] {processor.py:840} INFO - DAG(s) 'example_setup_teardown' retrieved from /home/airflow/.local/lib/python3.8/site-packages/airflow/example_dags/example_setup_teardown.py
[2024-04-01T07:00:11.257+0000] {logging_mixin.py:188} INFO - [2024-04-01T07:00:11.257+0000] {dag.py:3047} INFO - Sync 1 DAGs
[2024-04-01T07:00:11.269+0000] {logging_mixin.py:188} INFO - [2024-04-01T07:00:11.269+0000] {dag.py:3834} INFO - Setting next_dagrun for example_setup_teardown to 2024-03-31 00:00:00+00:00, run_after=2024-04-01 00:00:00+00:00
[2024-04-01T07:00:11.278+0000] {processor.py:183} INFO - Processing /home/airflow/.local/lib/python3.8/site-packages/airflow/example_dags/example_setup_teardown.py took 0.041 seconds
[2024-04-01T07:00:41.815+0000] {processor.py:161} INFO - Started process (PID=1475) to work on /home/airflow/.local/lib/python3.8/site-packages/airflow/example_dags/example_setup_teardown.py
[2024-04-01T07:00:41.815+0000] {processor.py:830} INFO - Processing file /home/airflow/.local/lib/python3.8/site-packages/airflow/example_dags/example_setup_teardown.py for tasks to queue
[2024-04-01T07:00:41.817+0000] {logging_mixin.py:188} INFO - [2024-04-01T07:00:41.816+0000] {dagbag.py:540} INFO - Filling up the DagBag from /home/airflow/.local/lib/python3.8/site-packages/airflow/example_dags/example_setup_teardown.py
[2024-04-01T07:00:41.821+0000] {processor.py:840} INFO - DAG(s) 'example_setup_teardown' retrieved from /home/airflow/.local/lib/python3.8/site-packages/airflow/example_dags/example_setup_teardown.py
[2024-04-01T07:00:41.832+0000] {logging_mixin.py:188} INFO - [2024-04-01T07:00:41.832+0000] {dag.py:3047} INFO - Sync 1 DAGs
[2024-04-01T07:00:41.844+0000] {logging_mixin.py:188} INFO - [2024-04-01T07:00:41.844+0000] {dag.py:3834} INFO - Setting next_dagrun for example_setup_teardown to 2024-03-31 00:00:00+00:00, run_after=2024-04-01 00:00:00+00:00
[2024-04-01T07:00:41.853+0000] {processor.py:183} INFO - Processing /home/airflow/.local/lib/python3.8/site-packages/airflow/example_dags/example_setup_teardown.py took 0.040 seconds
[2024-04-01T07:01:36.808+0000] {processor.py:161} INFO - Started process (PID=46) to work on /home/airflow/.local/lib/python3.8/site-packages/airflow/example_dags/example_setup_teardown.py
[2024-04-01T07:01:36.808+0000] {processor.py:830} INFO - Processing file /home/airflow/.local/lib/python3.8/site-packages/airflow/example_dags/example_setup_teardown.py for tasks to queue
[2024-04-01T07:01:36.810+0000] {logging_mixin.py:188} INFO - [2024-04-01T07:01:36.809+0000] {dagbag.py:540} INFO - Filling up the DagBag from /home/airflow/.local/lib/python3.8/site-packages/airflow/example_dags/example_setup_teardown.py
[2024-04-01T07:01:36.816+0000] {processor.py:840} INFO - DAG(s) 'example_setup_teardown' retrieved from /home/airflow/.local/lib/python3.8/site-packages/airflow/example_dags/example_setup_teardown.py
[2024-04-01T07:01:36.823+0000] {logging_mixin.py:188} INFO - [2024-04-01T07:01:36.823+0000] {dag.py:3047} INFO - Sync 1 DAGs
[2024-04-01T07:01:36.837+0000] {logging_mixin.py:188} INFO - [2024-04-01T07:01:36.837+0000] {dag.py:3834} INFO - Setting next_dagrun for example_setup_teardown to 2024-03-31 00:00:00+00:00, run_after=2024-04-01 00:00:00+00:00
[2024-04-01T07:01:36.847+0000] {processor.py:183} INFO - Processing /home/airflow/.local/lib/python3.8/site-packages/airflow/example_dags/example_setup_teardown.py took 0.042 seconds
[2024-04-01T07:02:07.139+0000] {processor.py:161} INFO - Started process (PID=101) to work on /home/airflow/.local/lib/python3.8/site-packages/airflow/example_dags/example_setup_teardown.py
[2024-04-01T07:02:07.140+0000] {processor.py:830} INFO - Processing file /home/airflow/.local/lib/python3.8/site-packages/airflow/example_dags/example_setup_teardown.py for tasks to queue
[2024-04-01T07:02:07.141+0000] {logging_mixin.py:188} INFO - [2024-04-01T07:02:07.141+0000] {dagbag.py:540} INFO - Filling up the DagBag from /home/airflow/.local/lib/python3.8/site-packages/airflow/example_dags/example_setup_teardown.py
[2024-04-01T07:02:07.146+0000] {processor.py:840} INFO - DAG(s) 'example_setup_teardown' retrieved from /home/airflow/.local/lib/python3.8/site-packages/airflow/example_dags/example_setup_teardown.py
[2024-04-01T07:02:07.207+0000] {logging_mixin.py:188} INFO - [2024-04-01T07:02:07.206+0000] {dag.py:3047} INFO - Sync 1 DAGs
[2024-04-01T07:02:07.218+0000] {logging_mixin.py:188} INFO - [2024-04-01T07:02:07.218+0000] {dag.py:3834} INFO - Setting next_dagrun for example_setup_teardown to 2024-03-31 00:00:00+00:00, run_after=2024-04-01 00:00:00+00:00
[2024-04-01T07:02:07.229+0000] {processor.py:183} INFO - Processing /home/airflow/.local/lib/python3.8/site-packages/airflow/example_dags/example_setup_teardown.py took 0.093 seconds
[2024-04-01T07:02:37.892+0000] {processor.py:161} INFO - Started process (PID=155) to work on /home/airflow/.local/lib/python3.8/site-packages/airflow/example_dags/example_setup_teardown.py
[2024-04-01T07:02:37.892+0000] {processor.py:830} INFO - Processing file /home/airflow/.local/lib/python3.8/site-packages/airflow/example_dags/example_setup_teardown.py for tasks to queue
[2024-04-01T07:02:37.893+0000] {logging_mixin.py:188} INFO - [2024-04-01T07:02:37.893+0000] {dagbag.py:540} INFO - Filling up the DagBag from /home/airflow/.local/lib/python3.8/site-packages/airflow/example_dags/example_setup_teardown.py
[2024-04-01T07:02:37.898+0000] {processor.py:840} INFO - DAG(s) 'example_setup_teardown' retrieved from /home/airflow/.local/lib/python3.8/site-packages/airflow/example_dags/example_setup_teardown.py
[2024-04-01T07:02:37.916+0000] {logging_mixin.py:188} INFO - [2024-04-01T07:02:37.915+0000] {dag.py:3047} INFO - Sync 1 DAGs
[2024-04-01T07:02:37.930+0000] {logging_mixin.py:188} INFO - [2024-04-01T07:02:37.930+0000] {dag.py:3834} INFO - Setting next_dagrun for example_setup_teardown to 2024-03-31 00:00:00+00:00, run_after=2024-04-01 00:00:00+00:00
[2024-04-01T07:02:37.943+0000] {processor.py:183} INFO - Processing /home/airflow/.local/lib/python3.8/site-packages/airflow/example_dags/example_setup_teardown.py took 0.054 seconds
[2024-04-01T07:03:07.955+0000] {processor.py:161} INFO - Started process (PID=209) to work on /home/airflow/.local/lib/python3.8/site-packages/airflow/example_dags/example_setup_teardown.py
[2024-04-01T07:03:07.956+0000] {processor.py:830} INFO - Processing file /home/airflow/.local/lib/python3.8/site-packages/airflow/example_dags/example_setup_teardown.py for tasks to queue
[2024-04-01T07:03:07.957+0000] {logging_mixin.py:188} INFO - [2024-04-01T07:03:07.957+0000] {dagbag.py:540} INFO - Filling up the DagBag from /home/airflow/.local/lib/python3.8/site-packages/airflow/example_dags/example_setup_teardown.py
[2024-04-01T07:03:07.961+0000] {processor.py:840} INFO - DAG(s) 'example_setup_teardown' retrieved from /home/airflow/.local/lib/python3.8/site-packages/airflow/example_dags/example_setup_teardown.py
[2024-04-01T07:03:07.972+0000] {logging_mixin.py:188} INFO - [2024-04-01T07:03:07.972+0000] {dag.py:3047} INFO - Sync 1 DAGs
[2024-04-01T07:03:07.984+0000] {logging_mixin.py:188} INFO - [2024-04-01T07:03:07.984+0000] {dag.py:3834} INFO - Setting next_dagrun for example_setup_teardown to 2024-03-31 00:00:00+00:00, run_after=2024-04-01 00:00:00+00:00
[2024-04-01T07:03:07.992+0000] {processor.py:183} INFO - Processing /home/airflow/.local/lib/python3.8/site-packages/airflow/example_dags/example_setup_teardown.py took 0.039 seconds
[2024-04-01T07:03:38.116+0000] {processor.py:161} INFO - Started process (PID=265) to work on /home/airflow/.local/lib/python3.8/site-packages/airflow/example_dags/example_setup_teardown.py
[2024-04-01T07:03:38.116+0000] {processor.py:830} INFO - Processing file /home/airflow/.local/lib/python3.8/site-packages/airflow/example_dags/example_setup_teardown.py for tasks to queue
[2024-04-01T07:03:38.118+0000] {logging_mixin.py:188} INFO - [2024-04-01T07:03:38.118+0000] {dagbag.py:540} INFO - Filling up the DagBag from /home/airflow/.local/lib/python3.8/site-packages/airflow/example_dags/example_setup_teardown.py
[2024-04-01T07:03:38.122+0000] {processor.py:840} INFO - DAG(s) 'example_setup_teardown' retrieved from /home/airflow/.local/lib/python3.8/site-packages/airflow/example_dags/example_setup_teardown.py
[2024-04-01T07:03:38.134+0000] {logging_mixin.py:188} INFO - [2024-04-01T07:03:38.134+0000] {dag.py:3047} INFO - Sync 1 DAGs
[2024-04-01T07:03:38.148+0000] {logging_mixin.py:188} INFO - [2024-04-01T07:03:38.148+0000] {dag.py:3834} INFO - Setting next_dagrun for example_setup_teardown to 2024-03-31 00:00:00+00:00, run_after=2024-04-01 00:00:00+00:00
[2024-04-01T07:03:38.159+0000] {processor.py:183} INFO - Processing /home/airflow/.local/lib/python3.8/site-packages/airflow/example_dags/example_setup_teardown.py took 0.045 seconds
[2024-04-01T07:04:08.198+0000] {processor.py:161} INFO - Started process (PID=320) to work on /home/airflow/.local/lib/python3.8/site-packages/airflow/example_dags/example_setup_teardown.py
[2024-04-01T07:04:08.198+0000] {processor.py:830} INFO - Processing file /home/airflow/.local/lib/python3.8/site-packages/airflow/example_dags/example_setup_teardown.py for tasks to queue
[2024-04-01T07:04:08.200+0000] {logging_mixin.py:188} INFO - [2024-04-01T07:04:08.200+0000] {dagbag.py:540} INFO - Filling up the DagBag from /home/airflow/.local/lib/python3.8/site-packages/airflow/example_dags/example_setup_teardown.py
[2024-04-01T07:04:08.205+0000] {processor.py:840} INFO - DAG(s) 'example_setup_teardown' retrieved from /home/airflow/.local/lib/python3.8/site-packages/airflow/example_dags/example_setup_teardown.py
[2024-04-01T07:04:08.219+0000] {logging_mixin.py:188} INFO - [2024-04-01T07:04:08.219+0000] {dag.py:3047} INFO - Sync 1 DAGs
[2024-04-01T07:04:08.233+0000] {logging_mixin.py:188} INFO - [2024-04-01T07:04:08.233+0000] {dag.py:3834} INFO - Setting next_dagrun for example_setup_teardown to 2024-03-31 00:00:00+00:00, run_after=2024-04-01 00:00:00+00:00
[2024-04-01T07:04:08.244+0000] {processor.py:183} INFO - Processing /home/airflow/.local/lib/python3.8/site-packages/airflow/example_dags/example_setup_teardown.py took 0.049 seconds
[2024-04-01T07:04:38.392+0000] {processor.py:161} INFO - Started process (PID=375) to work on /home/airflow/.local/lib/python3.8/site-packages/airflow/example_dags/example_setup_teardown.py
[2024-04-01T07:04:38.393+0000] {processor.py:830} INFO - Processing file /home/airflow/.local/lib/python3.8/site-packages/airflow/example_dags/example_setup_teardown.py for tasks to queue
[2024-04-01T07:04:38.396+0000] {logging_mixin.py:188} INFO - [2024-04-01T07:04:38.396+0000] {dagbag.py:540} INFO - Filling up the DagBag from /home/airflow/.local/lib/python3.8/site-packages/airflow/example_dags/example_setup_teardown.py
[2024-04-01T07:04:38.401+0000] {processor.py:840} INFO - DAG(s) 'example_setup_teardown' retrieved from /home/airflow/.local/lib/python3.8/site-packages/airflow/example_dags/example_setup_teardown.py
[2024-04-01T07:04:38.417+0000] {logging_mixin.py:188} INFO - [2024-04-01T07:04:38.416+0000] {dag.py:3047} INFO - Sync 1 DAGs
[2024-04-01T07:04:38.430+0000] {logging_mixin.py:188} INFO - [2024-04-01T07:04:38.430+0000] {dag.py:3834} INFO - Setting next_dagrun for example_setup_teardown to 2024-03-31 00:00:00+00:00, run_after=2024-04-01 00:00:00+00:00
[2024-04-01T07:04:38.442+0000] {processor.py:183} INFO - Processing /home/airflow/.local/lib/python3.8/site-packages/airflow/example_dags/example_setup_teardown.py took 0.052 seconds
[2024-04-01T07:05:08.709+0000] {processor.py:161} INFO - Started process (PID=430) to work on /home/airflow/.local/lib/python3.8/site-packages/airflow/example_dags/example_setup_teardown.py
[2024-04-01T07:05:08.710+0000] {processor.py:830} INFO - Processing file /home/airflow/.local/lib/python3.8/site-packages/airflow/example_dags/example_setup_teardown.py for tasks to queue
[2024-04-01T07:05:08.711+0000] {logging_mixin.py:188} INFO - [2024-04-01T07:05:08.711+0000] {dagbag.py:540} INFO - Filling up the DagBag from /home/airflow/.local/lib/python3.8/site-packages/airflow/example_dags/example_setup_teardown.py
[2024-04-01T07:05:08.717+0000] {processor.py:840} INFO - DAG(s) 'example_setup_teardown' retrieved from /home/airflow/.local/lib/python3.8/site-packages/airflow/example_dags/example_setup_teardown.py
[2024-04-01T07:05:08.732+0000] {logging_mixin.py:188} INFO - [2024-04-01T07:05:08.732+0000] {dag.py:3047} INFO - Sync 1 DAGs
[2024-04-01T07:05:08.746+0000] {logging_mixin.py:188} INFO - [2024-04-01T07:05:08.746+0000] {dag.py:3834} INFO - Setting next_dagrun for example_setup_teardown to 2024-03-31 00:00:00+00:00, run_after=2024-04-01 00:00:00+00:00
[2024-04-01T07:05:08.758+0000] {processor.py:183} INFO - Processing /home/airflow/.local/lib/python3.8/site-packages/airflow/example_dags/example_setup_teardown.py took 0.053 seconds
[2024-04-01T07:05:38.799+0000] {processor.py:161} INFO - Started process (PID=485) to work on /home/airflow/.local/lib/python3.8/site-packages/airflow/example_dags/example_setup_teardown.py
[2024-04-01T07:05:38.800+0000] {processor.py:830} INFO - Processing file /home/airflow/.local/lib/python3.8/site-packages/airflow/example_dags/example_setup_teardown.py for tasks to queue
[2024-04-01T07:05:38.801+0000] {logging_mixin.py:188} INFO - [2024-04-01T07:05:38.801+0000] {dagbag.py:540} INFO - Filling up the DagBag from /home/airflow/.local/lib/python3.8/site-packages/airflow/example_dags/example_setup_teardown.py
[2024-04-01T07:05:38.805+0000] {processor.py:840} INFO - DAG(s) 'example_setup_teardown' retrieved from /home/airflow/.local/lib/python3.8/site-packages/airflow/example_dags/example_setup_teardown.py
[2024-04-01T07:05:38.818+0000] {logging_mixin.py:188} INFO - [2024-04-01T07:05:38.817+0000] {dag.py:3047} INFO - Sync 1 DAGs
[2024-04-01T07:05:38.831+0000] {logging_mixin.py:188} INFO - [2024-04-01T07:05:38.831+0000] {dag.py:3834} INFO - Setting next_dagrun for example_setup_teardown to 2024-03-31 00:00:00+00:00, run_after=2024-04-01 00:00:00+00:00
[2024-04-01T07:05:38.842+0000] {processor.py:183} INFO - Processing /home/airflow/.local/lib/python3.8/site-packages/airflow/example_dags/example_setup_teardown.py took 0.045 seconds
[2024-04-01T07:06:09.053+0000] {processor.py:161} INFO - Started process (PID=540) to work on /home/airflow/.local/lib/python3.8/site-packages/airflow/example_dags/example_setup_teardown.py
[2024-04-01T07:06:09.054+0000] {processor.py:830} INFO - Processing file /home/airflow/.local/lib/python3.8/site-packages/airflow/example_dags/example_setup_teardown.py for tasks to queue
[2024-04-01T07:06:09.055+0000] {logging_mixin.py:188} INFO - [2024-04-01T07:06:09.055+0000] {dagbag.py:540} INFO - Filling up the DagBag from /home/airflow/.local/lib/python3.8/site-packages/airflow/example_dags/example_setup_teardown.py
[2024-04-01T07:06:09.059+0000] {processor.py:840} INFO - DAG(s) 'example_setup_teardown' retrieved from /home/airflow/.local/lib/python3.8/site-packages/airflow/example_dags/example_setup_teardown.py
[2024-04-01T07:06:09.071+0000] {logging_mixin.py:188} INFO - [2024-04-01T07:06:09.071+0000] {dag.py:3047} INFO - Sync 1 DAGs
[2024-04-01T07:06:09.084+0000] {logging_mixin.py:188} INFO - [2024-04-01T07:06:09.084+0000] {dag.py:3834} INFO - Setting next_dagrun for example_setup_teardown to 2024-03-31 00:00:00+00:00, run_after=2024-04-01 00:00:00+00:00
[2024-04-01T07:06:09.096+0000] {processor.py:183} INFO - Processing /home/airflow/.local/lib/python3.8/site-packages/airflow/example_dags/example_setup_teardown.py took 0.045 seconds
[2024-04-01T07:06:39.257+0000] {processor.py:161} INFO - Started process (PID=595) to work on /home/airflow/.local/lib/python3.8/site-packages/airflow/example_dags/example_setup_teardown.py
[2024-04-01T07:06:39.258+0000] {processor.py:830} INFO - Processing file /home/airflow/.local/lib/python3.8/site-packages/airflow/example_dags/example_setup_teardown.py for tasks to queue
[2024-04-01T07:06:39.259+0000] {logging_mixin.py:188} INFO - [2024-04-01T07:06:39.259+0000] {dagbag.py:540} INFO - Filling up the DagBag from /home/airflow/.local/lib/python3.8/site-packages/airflow/example_dags/example_setup_teardown.py
[2024-04-01T07:06:39.265+0000] {processor.py:840} INFO - DAG(s) 'example_setup_teardown' retrieved from /home/airflow/.local/lib/python3.8/site-packages/airflow/example_dags/example_setup_teardown.py
[2024-04-01T07:06:39.278+0000] {logging_mixin.py:188} INFO - [2024-04-01T07:06:39.278+0000] {dag.py:3047} INFO - Sync 1 DAGs
[2024-04-01T07:06:39.292+0000] {logging_mixin.py:188} INFO - [2024-04-01T07:06:39.292+0000] {dag.py:3834} INFO - Setting next_dagrun for example_setup_teardown to 2024-03-31 00:00:00+00:00, run_after=2024-04-01 00:00:00+00:00
[2024-04-01T07:06:39.303+0000] {processor.py:183} INFO - Processing /home/airflow/.local/lib/python3.8/site-packages/airflow/example_dags/example_setup_teardown.py took 0.048 seconds
[2024-04-01T07:07:09.465+0000] {processor.py:161} INFO - Started process (PID=650) to work on /home/airflow/.local/lib/python3.8/site-packages/airflow/example_dags/example_setup_teardown.py
[2024-04-01T07:07:09.467+0000] {processor.py:830} INFO - Processing file /home/airflow/.local/lib/python3.8/site-packages/airflow/example_dags/example_setup_teardown.py for tasks to queue
[2024-04-01T07:07:09.471+0000] {logging_mixin.py:188} INFO - [2024-04-01T07:07:09.470+0000] {dagbag.py:540} INFO - Filling up the DagBag from /home/airflow/.local/lib/python3.8/site-packages/airflow/example_dags/example_setup_teardown.py
[2024-04-01T07:07:09.475+0000] {processor.py:840} INFO - DAG(s) 'example_setup_teardown' retrieved from /home/airflow/.local/lib/python3.8/site-packages/airflow/example_dags/example_setup_teardown.py
[2024-04-01T07:07:09.490+0000] {logging_mixin.py:188} INFO - [2024-04-01T07:07:09.490+0000] {dag.py:3047} INFO - Sync 1 DAGs
[2024-04-01T07:07:09.503+0000] {logging_mixin.py:188} INFO - [2024-04-01T07:07:09.503+0000] {dag.py:3834} INFO - Setting next_dagrun for example_setup_teardown to 2024-03-31 00:00:00+00:00, run_after=2024-04-01 00:00:00+00:00
[2024-04-01T07:07:09.514+0000] {processor.py:183} INFO - Processing /home/airflow/.local/lib/python3.8/site-packages/airflow/example_dags/example_setup_teardown.py took 0.051 seconds
[2024-04-01T07:07:39.682+0000] {processor.py:161} INFO - Started process (PID=705) to work on /home/airflow/.local/lib/python3.8/site-packages/airflow/example_dags/example_setup_teardown.py
[2024-04-01T07:07:39.682+0000] {processor.py:830} INFO - Processing file /home/airflow/.local/lib/python3.8/site-packages/airflow/example_dags/example_setup_teardown.py for tasks to queue
[2024-04-01T07:07:39.684+0000] {logging_mixin.py:188} INFO - [2024-04-01T07:07:39.684+0000] {dagbag.py:540} INFO - Filling up the DagBag from /home/airflow/.local/lib/python3.8/site-packages/airflow/example_dags/example_setup_teardown.py
[2024-04-01T07:07:39.690+0000] {processor.py:840} INFO - DAG(s) 'example_setup_teardown' retrieved from /home/airflow/.local/lib/python3.8/site-packages/airflow/example_dags/example_setup_teardown.py
[2024-04-01T07:07:39.705+0000] {logging_mixin.py:188} INFO - [2024-04-01T07:07:39.705+0000] {dag.py:3047} INFO - Sync 1 DAGs
[2024-04-01T07:07:39.719+0000] {logging_mixin.py:188} INFO - [2024-04-01T07:07:39.718+0000] {dag.py:3834} INFO - Setting next_dagrun for example_setup_teardown to 2024-03-31 00:00:00+00:00, run_after=2024-04-01 00:00:00+00:00
[2024-04-01T07:07:39.729+0000] {processor.py:183} INFO - Processing /home/airflow/.local/lib/python3.8/site-packages/airflow/example_dags/example_setup_teardown.py took 0.051 seconds
[2024-04-01T07:08:09.961+0000] {processor.py:161} INFO - Started process (PID=760) to work on /home/airflow/.local/lib/python3.8/site-packages/airflow/example_dags/example_setup_teardown.py
[2024-04-01T07:08:09.962+0000] {processor.py:830} INFO - Processing file /home/airflow/.local/lib/python3.8/site-packages/airflow/example_dags/example_setup_teardown.py for tasks to queue
[2024-04-01T07:08:09.963+0000] {logging_mixin.py:188} INFO - [2024-04-01T07:08:09.963+0000] {dagbag.py:540} INFO - Filling up the DagBag from /home/airflow/.local/lib/python3.8/site-packages/airflow/example_dags/example_setup_teardown.py
[2024-04-01T07:08:09.967+0000] {processor.py:840} INFO - DAG(s) 'example_setup_teardown' retrieved from /home/airflow/.local/lib/python3.8/site-packages/airflow/example_dags/example_setup_teardown.py
[2024-04-01T07:08:09.980+0000] {logging_mixin.py:188} INFO - [2024-04-01T07:08:09.980+0000] {dag.py:3047} INFO - Sync 1 DAGs
[2024-04-01T07:08:09.992+0000] {logging_mixin.py:188} INFO - [2024-04-01T07:08:09.992+0000] {dag.py:3834} INFO - Setting next_dagrun for example_setup_teardown to 2024-03-31 00:00:00+00:00, run_after=2024-04-01 00:00:00+00:00
[2024-04-01T07:08:10.000+0000] {processor.py:183} INFO - Processing /home/airflow/.local/lib/python3.8/site-packages/airflow/example_dags/example_setup_teardown.py took 0.041 seconds
[2024-04-01T07:08:40.774+0000] {processor.py:161} INFO - Started process (PID=815) to work on /home/airflow/.local/lib/python3.8/site-packages/airflow/example_dags/example_setup_teardown.py
[2024-04-01T07:08:40.775+0000] {processor.py:830} INFO - Processing file /home/airflow/.local/lib/python3.8/site-packages/airflow/example_dags/example_setup_teardown.py for tasks to queue
[2024-04-01T07:08:40.776+0000] {logging_mixin.py:188} INFO - [2024-04-01T07:08:40.776+0000] {dagbag.py:540} INFO - Filling up the DagBag from /home/airflow/.local/lib/python3.8/site-packages/airflow/example_dags/example_setup_teardown.py
[2024-04-01T07:08:40.781+0000] {processor.py:840} INFO - DAG(s) 'example_setup_teardown' retrieved from /home/airflow/.local/lib/python3.8/site-packages/airflow/example_dags/example_setup_teardown.py
[2024-04-01T07:08:40.795+0000] {logging_mixin.py:188} INFO - [2024-04-01T07:08:40.795+0000] {dag.py:3047} INFO - Sync 1 DAGs
[2024-04-01T07:08:40.808+0000] {logging_mixin.py:188} INFO - [2024-04-01T07:08:40.807+0000] {dag.py:3834} INFO - Setting next_dagrun for example_setup_teardown to 2024-03-31 00:00:00+00:00, run_after=2024-04-01 00:00:00+00:00
[2024-04-01T07:08:40.817+0000] {processor.py:183} INFO - Processing /home/airflow/.local/lib/python3.8/site-packages/airflow/example_dags/example_setup_teardown.py took 0.046 seconds
[2024-04-01T07:09:10.898+0000] {processor.py:161} INFO - Started process (PID=870) to work on /home/airflow/.local/lib/python3.8/site-packages/airflow/example_dags/example_setup_teardown.py
[2024-04-01T07:09:10.898+0000] {processor.py:830} INFO - Processing file /home/airflow/.local/lib/python3.8/site-packages/airflow/example_dags/example_setup_teardown.py for tasks to queue
[2024-04-01T07:09:10.900+0000] {logging_mixin.py:188} INFO - [2024-04-01T07:09:10.899+0000] {dagbag.py:540} INFO - Filling up the DagBag from /home/airflow/.local/lib/python3.8/site-packages/airflow/example_dags/example_setup_teardown.py
[2024-04-01T07:09:10.904+0000] {processor.py:840} INFO - DAG(s) 'example_setup_teardown' retrieved from /home/airflow/.local/lib/python3.8/site-packages/airflow/example_dags/example_setup_teardown.py
[2024-04-01T07:09:10.916+0000] {logging_mixin.py:188} INFO - [2024-04-01T07:09:10.916+0000] {dag.py:3047} INFO - Sync 1 DAGs
[2024-04-01T07:09:10.928+0000] {logging_mixin.py:188} INFO - [2024-04-01T07:09:10.928+0000] {dag.py:3834} INFO - Setting next_dagrun for example_setup_teardown to 2024-03-31 00:00:00+00:00, run_after=2024-04-01 00:00:00+00:00
[2024-04-01T07:09:10.937+0000] {processor.py:183} INFO - Processing /home/airflow/.local/lib/python3.8/site-packages/airflow/example_dags/example_setup_teardown.py took 0.041 seconds
[2024-04-01T07:09:41.001+0000] {processor.py:161} INFO - Started process (PID=925) to work on /home/airflow/.local/lib/python3.8/site-packages/airflow/example_dags/example_setup_teardown.py
[2024-04-01T07:09:41.002+0000] {processor.py:830} INFO - Processing file /home/airflow/.local/lib/python3.8/site-packages/airflow/example_dags/example_setup_teardown.py for tasks to queue
[2024-04-01T07:09:41.003+0000] {logging_mixin.py:188} INFO - [2024-04-01T07:09:41.003+0000] {dagbag.py:540} INFO - Filling up the DagBag from /home/airflow/.local/lib/python3.8/site-packages/airflow/example_dags/example_setup_teardown.py
[2024-04-01T07:09:41.007+0000] {processor.py:840} INFO - DAG(s) 'example_setup_teardown' retrieved from /home/airflow/.local/lib/python3.8/site-packages/airflow/example_dags/example_setup_teardown.py
[2024-04-01T07:09:41.019+0000] {logging_mixin.py:188} INFO - [2024-04-01T07:09:41.019+0000] {dag.py:3047} INFO - Sync 1 DAGs
[2024-04-01T07:09:41.031+0000] {logging_mixin.py:188} INFO - [2024-04-01T07:09:41.031+0000] {dag.py:3834} INFO - Setting next_dagrun for example_setup_teardown to 2024-03-31 00:00:00+00:00, run_after=2024-04-01 00:00:00+00:00
[2024-04-01T07:09:41.040+0000] {processor.py:183} INFO - Processing /home/airflow/.local/lib/python3.8/site-packages/airflow/example_dags/example_setup_teardown.py took 0.041 seconds
[2024-04-01T07:10:11.647+0000] {processor.py:161} INFO - Started process (PID=980) to work on /home/airflow/.local/lib/python3.8/site-packages/airflow/example_dags/example_setup_teardown.py
[2024-04-01T07:10:11.647+0000] {processor.py:830} INFO - Processing file /home/airflow/.local/lib/python3.8/site-packages/airflow/example_dags/example_setup_teardown.py for tasks to queue
[2024-04-01T07:10:11.649+0000] {logging_mixin.py:188} INFO - [2024-04-01T07:10:11.648+0000] {dagbag.py:540} INFO - Filling up the DagBag from /home/airflow/.local/lib/python3.8/site-packages/airflow/example_dags/example_setup_teardown.py
[2024-04-01T07:10:11.653+0000] {processor.py:840} INFO - DAG(s) 'example_setup_teardown' retrieved from /home/airflow/.local/lib/python3.8/site-packages/airflow/example_dags/example_setup_teardown.py
[2024-04-01T07:10:11.666+0000] {logging_mixin.py:188} INFO - [2024-04-01T07:10:11.666+0000] {dag.py:3047} INFO - Sync 1 DAGs
[2024-04-01T07:10:11.680+0000] {logging_mixin.py:188} INFO - [2024-04-01T07:10:11.680+0000] {dag.py:3834} INFO - Setting next_dagrun for example_setup_teardown to 2024-03-31 00:00:00+00:00, run_after=2024-04-01 00:00:00+00:00
[2024-04-01T07:10:11.692+0000] {processor.py:183} INFO - Processing /home/airflow/.local/lib/python3.8/site-packages/airflow/example_dags/example_setup_teardown.py took 0.047 seconds
[2024-04-01T07:10:41.834+0000] {processor.py:161} INFO - Started process (PID=1035) to work on /home/airflow/.local/lib/python3.8/site-packages/airflow/example_dags/example_setup_teardown.py
[2024-04-01T07:10:41.835+0000] {processor.py:830} INFO - Processing file /home/airflow/.local/lib/python3.8/site-packages/airflow/example_dags/example_setup_teardown.py for tasks to queue
[2024-04-01T07:10:41.836+0000] {logging_mixin.py:188} INFO - [2024-04-01T07:10:41.836+0000] {dagbag.py:540} INFO - Filling up the DagBag from /home/airflow/.local/lib/python3.8/site-packages/airflow/example_dags/example_setup_teardown.py
[2024-04-01T07:10:41.842+0000] {processor.py:840} INFO - DAG(s) 'example_setup_teardown' retrieved from /home/airflow/.local/lib/python3.8/site-packages/airflow/example_dags/example_setup_teardown.py
[2024-04-01T07:10:41.858+0000] {logging_mixin.py:188} INFO - [2024-04-01T07:10:41.858+0000] {dag.py:3047} INFO - Sync 1 DAGs
[2024-04-01T07:10:41.882+0000] {logging_mixin.py:188} INFO - [2024-04-01T07:10:41.882+0000] {dag.py:3834} INFO - Setting next_dagrun for example_setup_teardown to 2024-03-31 00:00:00+00:00, run_after=2024-04-01 00:00:00+00:00
[2024-04-01T07:10:41.896+0000] {processor.py:183} INFO - Processing /home/airflow/.local/lib/python3.8/site-packages/airflow/example_dags/example_setup_teardown.py took 0.066 seconds
[2024-04-01T07:11:11.942+0000] {processor.py:161} INFO - Started process (PID=1097) to work on /home/airflow/.local/lib/python3.8/site-packages/airflow/example_dags/example_setup_teardown.py
[2024-04-01T07:11:11.943+0000] {processor.py:830} INFO - Processing file /home/airflow/.local/lib/python3.8/site-packages/airflow/example_dags/example_setup_teardown.py for tasks to queue
[2024-04-01T07:11:11.945+0000] {logging_mixin.py:188} INFO - [2024-04-01T07:11:11.944+0000] {dagbag.py:540} INFO - Filling up the DagBag from /home/airflow/.local/lib/python3.8/site-packages/airflow/example_dags/example_setup_teardown.py
[2024-04-01T07:11:11.950+0000] {processor.py:840} INFO - DAG(s) 'example_setup_teardown' retrieved from /home/airflow/.local/lib/python3.8/site-packages/airflow/example_dags/example_setup_teardown.py
[2024-04-01T07:11:11.963+0000] {logging_mixin.py:188} INFO - [2024-04-01T07:11:11.963+0000] {dag.py:3047} INFO - Sync 1 DAGs
[2024-04-01T07:11:11.976+0000] {logging_mixin.py:188} INFO - [2024-04-01T07:11:11.976+0000] {dag.py:3834} INFO - Setting next_dagrun for example_setup_teardown to 2024-03-31 00:00:00+00:00, run_after=2024-04-01 00:00:00+00:00
[2024-04-01T07:11:11.986+0000] {processor.py:183} INFO - Processing /home/airflow/.local/lib/python3.8/site-packages/airflow/example_dags/example_setup_teardown.py took 0.046 seconds
[2024-04-01T07:11:42.051+0000] {processor.py:161} INFO - Started process (PID=1152) to work on /home/airflow/.local/lib/python3.8/site-packages/airflow/example_dags/example_setup_teardown.py
[2024-04-01T07:11:42.051+0000] {processor.py:830} INFO - Processing file /home/airflow/.local/lib/python3.8/site-packages/airflow/example_dags/example_setup_teardown.py for tasks to queue
[2024-04-01T07:11:42.052+0000] {logging_mixin.py:188} INFO - [2024-04-01T07:11:42.052+0000] {dagbag.py:540} INFO - Filling up the DagBag from /home/airflow/.local/lib/python3.8/site-packages/airflow/example_dags/example_setup_teardown.py
[2024-04-01T07:11:42.057+0000] {processor.py:840} INFO - DAG(s) 'example_setup_teardown' retrieved from /home/airflow/.local/lib/python3.8/site-packages/airflow/example_dags/example_setup_teardown.py
[2024-04-01T07:11:42.069+0000] {logging_mixin.py:188} INFO - [2024-04-01T07:11:42.069+0000] {dag.py:3047} INFO - Sync 1 DAGs
[2024-04-01T07:11:42.082+0000] {logging_mixin.py:188} INFO - [2024-04-01T07:11:42.082+0000] {dag.py:3834} INFO - Setting next_dagrun for example_setup_teardown to 2024-03-31 00:00:00+00:00, run_after=2024-04-01 00:00:00+00:00
[2024-04-01T07:11:42.092+0000] {processor.py:183} INFO - Processing /home/airflow/.local/lib/python3.8/site-packages/airflow/example_dags/example_setup_teardown.py took 0.044 seconds
[2024-04-01T07:12:12.313+0000] {processor.py:161} INFO - Started process (PID=1207) to work on /home/airflow/.local/lib/python3.8/site-packages/airflow/example_dags/example_setup_teardown.py
[2024-04-01T07:12:12.314+0000] {processor.py:830} INFO - Processing file /home/airflow/.local/lib/python3.8/site-packages/airflow/example_dags/example_setup_teardown.py for tasks to queue
[2024-04-01T07:12:12.315+0000] {logging_mixin.py:188} INFO - [2024-04-01T07:12:12.315+0000] {dagbag.py:540} INFO - Filling up the DagBag from /home/airflow/.local/lib/python3.8/site-packages/airflow/example_dags/example_setup_teardown.py
[2024-04-01T07:12:12.320+0000] {processor.py:840} INFO - DAG(s) 'example_setup_teardown' retrieved from /home/airflow/.local/lib/python3.8/site-packages/airflow/example_dags/example_setup_teardown.py
[2024-04-01T07:12:12.333+0000] {logging_mixin.py:188} INFO - [2024-04-01T07:12:12.333+0000] {dag.py:3047} INFO - Sync 1 DAGs
[2024-04-01T07:12:12.345+0000] {logging_mixin.py:188} INFO - [2024-04-01T07:12:12.345+0000] {dag.py:3834} INFO - Setting next_dagrun for example_setup_teardown to 2024-03-31 00:00:00+00:00, run_after=2024-04-01 00:00:00+00:00
[2024-04-01T07:12:12.355+0000] {processor.py:183} INFO - Processing /home/airflow/.local/lib/python3.8/site-packages/airflow/example_dags/example_setup_teardown.py took 0.044 seconds
