[2024-04-01T06:47:26.432+0000] {processor.py:161} INFO - Started process (PID=58) to work on /home/airflow/.local/lib/python3.8/site-packages/airflow/example_dags/example_sla_dag.py
[2024-04-01T06:47:26.433+0000] {processor.py:830} INFO - Processing file /home/airflow/.local/lib/python3.8/site-packages/airflow/example_dags/example_sla_dag.py for tasks to queue
[2024-04-01T06:47:26.434+0000] {logging_mixin.py:188} INFO - [2024-04-01T06:47:26.434+0000] {dagbag.py:540} INFO - Filling up the DagBag from /home/airflow/.local/lib/python3.8/site-packages/airflow/example_dags/example_sla_dag.py
[2024-04-01T06:47:26.442+0000] {processor.py:840} INFO - DAG(s) 'example_sla_dag' retrieved from /home/airflow/.local/lib/python3.8/site-packages/airflow/example_dags/example_sla_dag.py
[2024-04-01T06:47:26.450+0000] {logging_mixin.py:188} INFO - [2024-04-01T06:47:26.450+0000] {dag.py:3047} INFO - Sync 1 DAGs
[2024-04-01T06:47:26.468+0000] {logging_mixin.py:188} INFO - [2024-04-01T06:47:26.468+0000] {dag.py:3834} INFO - Setting next_dagrun for example_sla_dag to 2024-04-01 06:44:00+00:00, run_after=2024-04-01 06:46:00+00:00
[2024-04-01T06:47:26.480+0000] {processor.py:183} INFO - Processing /home/airflow/.local/lib/python3.8/site-packages/airflow/example_dags/example_sla_dag.py took 0.050 seconds
[2024-04-01T06:47:57.507+0000] {processor.py:161} INFO - Started process (PID=113) to work on /home/airflow/.local/lib/python3.8/site-packages/airflow/example_dags/example_sla_dag.py
[2024-04-01T06:47:57.508+0000] {processor.py:830} INFO - Processing file /home/airflow/.local/lib/python3.8/site-packages/airflow/example_dags/example_sla_dag.py for tasks to queue
[2024-04-01T06:47:57.508+0000] {logging_mixin.py:188} INFO - [2024-04-01T06:47:57.508+0000] {dagbag.py:540} INFO - Filling up the DagBag from /home/airflow/.local/lib/python3.8/site-packages/airflow/example_dags/example_sla_dag.py
[2024-04-01T06:47:57.514+0000] {processor.py:840} INFO - DAG(s) 'example_sla_dag' retrieved from /home/airflow/.local/lib/python3.8/site-packages/airflow/example_dags/example_sla_dag.py
[2024-04-01T06:47:57.566+0000] {logging_mixin.py:188} INFO - [2024-04-01T06:47:57.566+0000] {dag.py:3047} INFO - Sync 1 DAGs
[2024-04-01T06:47:57.578+0000] {logging_mixin.py:188} INFO - [2024-04-01T06:47:57.578+0000] {dag.py:3834} INFO - Setting next_dagrun for example_sla_dag to 2024-04-01 06:44:00+00:00, run_after=2024-04-01 06:46:00+00:00
[2024-04-01T06:47:57.587+0000] {processor.py:183} INFO - Processing /home/airflow/.local/lib/python3.8/site-packages/airflow/example_dags/example_sla_dag.py took 0.081 seconds
[2024-04-01T06:48:27.883+0000] {processor.py:161} INFO - Started process (PID=168) to work on /home/airflow/.local/lib/python3.8/site-packages/airflow/example_dags/example_sla_dag.py
[2024-04-01T06:48:27.883+0000] {processor.py:830} INFO - Processing file /home/airflow/.local/lib/python3.8/site-packages/airflow/example_dags/example_sla_dag.py for tasks to queue
[2024-04-01T06:48:27.885+0000] {logging_mixin.py:188} INFO - [2024-04-01T06:48:27.884+0000] {dagbag.py:540} INFO - Filling up the DagBag from /home/airflow/.local/lib/python3.8/site-packages/airflow/example_dags/example_sla_dag.py
[2024-04-01T06:48:27.890+0000] {processor.py:840} INFO - DAG(s) 'example_sla_dag' retrieved from /home/airflow/.local/lib/python3.8/site-packages/airflow/example_dags/example_sla_dag.py
[2024-04-01T06:48:27.900+0000] {logging_mixin.py:188} INFO - [2024-04-01T06:48:27.899+0000] {dag.py:3047} INFO - Sync 1 DAGs
[2024-04-01T06:48:27.912+0000] {logging_mixin.py:188} INFO - [2024-04-01T06:48:27.912+0000] {dag.py:3834} INFO - Setting next_dagrun for example_sla_dag to 2024-04-01 06:46:00+00:00, run_after=2024-04-01 06:48:00+00:00
[2024-04-01T06:48:27.921+0000] {processor.py:183} INFO - Processing /home/airflow/.local/lib/python3.8/site-packages/airflow/example_dags/example_sla_dag.py took 0.040 seconds
[2024-04-01T06:48:58.738+0000] {processor.py:161} INFO - Started process (PID=223) to work on /home/airflow/.local/lib/python3.8/site-packages/airflow/example_dags/example_sla_dag.py
[2024-04-01T06:48:58.739+0000] {processor.py:830} INFO - Processing file /home/airflow/.local/lib/python3.8/site-packages/airflow/example_dags/example_sla_dag.py for tasks to queue
[2024-04-01T06:48:58.740+0000] {logging_mixin.py:188} INFO - [2024-04-01T06:48:58.740+0000] {dagbag.py:540} INFO - Filling up the DagBag from /home/airflow/.local/lib/python3.8/site-packages/airflow/example_dags/example_sla_dag.py
[2024-04-01T06:48:58.745+0000] {processor.py:840} INFO - DAG(s) 'example_sla_dag' retrieved from /home/airflow/.local/lib/python3.8/site-packages/airflow/example_dags/example_sla_dag.py
[2024-04-01T06:48:58.756+0000] {logging_mixin.py:188} INFO - [2024-04-01T06:48:58.756+0000] {dag.py:3047} INFO - Sync 1 DAGs
[2024-04-01T06:48:58.769+0000] {logging_mixin.py:188} INFO - [2024-04-01T06:48:58.769+0000] {dag.py:3834} INFO - Setting next_dagrun for example_sla_dag to 2024-04-01 06:46:00+00:00, run_after=2024-04-01 06:48:00+00:00
[2024-04-01T06:48:58.779+0000] {processor.py:183} INFO - Processing /home/airflow/.local/lib/python3.8/site-packages/airflow/example_dags/example_sla_dag.py took 0.042 seconds
[2024-04-01T06:49:29.399+0000] {processor.py:161} INFO - Started process (PID=278) to work on /home/airflow/.local/lib/python3.8/site-packages/airflow/example_dags/example_sla_dag.py
[2024-04-01T06:49:29.399+0000] {processor.py:830} INFO - Processing file /home/airflow/.local/lib/python3.8/site-packages/airflow/example_dags/example_sla_dag.py for tasks to queue
[2024-04-01T06:49:29.401+0000] {logging_mixin.py:188} INFO - [2024-04-01T06:49:29.400+0000] {dagbag.py:540} INFO - Filling up the DagBag from /home/airflow/.local/lib/python3.8/site-packages/airflow/example_dags/example_sla_dag.py
[2024-04-01T06:49:29.406+0000] {processor.py:840} INFO - DAG(s) 'example_sla_dag' retrieved from /home/airflow/.local/lib/python3.8/site-packages/airflow/example_dags/example_sla_dag.py
[2024-04-01T06:49:29.416+0000] {logging_mixin.py:188} INFO - [2024-04-01T06:49:29.416+0000] {dag.py:3047} INFO - Sync 1 DAGs
[2024-04-01T06:49:29.429+0000] {logging_mixin.py:188} INFO - [2024-04-01T06:49:29.429+0000] {dag.py:3834} INFO - Setting next_dagrun for example_sla_dag to 2024-04-01 06:46:00+00:00, run_after=2024-04-01 06:48:00+00:00
[2024-04-01T06:49:29.438+0000] {processor.py:183} INFO - Processing /home/airflow/.local/lib/python3.8/site-packages/airflow/example_dags/example_sla_dag.py took 0.041 seconds
[2024-04-01T06:50:00.284+0000] {processor.py:161} INFO - Started process (PID=333) to work on /home/airflow/.local/lib/python3.8/site-packages/airflow/example_dags/example_sla_dag.py
[2024-04-01T06:50:00.284+0000] {processor.py:830} INFO - Processing file /home/airflow/.local/lib/python3.8/site-packages/airflow/example_dags/example_sla_dag.py for tasks to queue
[2024-04-01T06:50:00.286+0000] {logging_mixin.py:188} INFO - [2024-04-01T06:50:00.285+0000] {dagbag.py:540} INFO - Filling up the DagBag from /home/airflow/.local/lib/python3.8/site-packages/airflow/example_dags/example_sla_dag.py
[2024-04-01T06:50:00.292+0000] {processor.py:840} INFO - DAG(s) 'example_sla_dag' retrieved from /home/airflow/.local/lib/python3.8/site-packages/airflow/example_dags/example_sla_dag.py
[2024-04-01T06:50:00.307+0000] {logging_mixin.py:188} INFO - [2024-04-01T06:50:00.307+0000] {dag.py:3047} INFO - Sync 1 DAGs
[2024-04-01T06:50:00.324+0000] {logging_mixin.py:188} INFO - [2024-04-01T06:50:00.324+0000] {dag.py:3834} INFO - Setting next_dagrun for example_sla_dag to 2024-04-01 06:48:00+00:00, run_after=2024-04-01 06:50:00+00:00
[2024-04-01T06:50:00.338+0000] {processor.py:183} INFO - Processing /home/airflow/.local/lib/python3.8/site-packages/airflow/example_dags/example_sla_dag.py took 0.057 seconds
[2024-04-01T06:50:30.371+0000] {processor.py:161} INFO - Started process (PID=388) to work on /home/airflow/.local/lib/python3.8/site-packages/airflow/example_dags/example_sla_dag.py
[2024-04-01T06:50:30.372+0000] {processor.py:830} INFO - Processing file /home/airflow/.local/lib/python3.8/site-packages/airflow/example_dags/example_sla_dag.py for tasks to queue
[2024-04-01T06:50:30.374+0000] {logging_mixin.py:188} INFO - [2024-04-01T06:50:30.373+0000] {dagbag.py:540} INFO - Filling up the DagBag from /home/airflow/.local/lib/python3.8/site-packages/airflow/example_dags/example_sla_dag.py
[2024-04-01T06:50:30.380+0000] {processor.py:840} INFO - DAG(s) 'example_sla_dag' retrieved from /home/airflow/.local/lib/python3.8/site-packages/airflow/example_dags/example_sla_dag.py
[2024-04-01T06:50:30.394+0000] {logging_mixin.py:188} INFO - [2024-04-01T06:50:30.393+0000] {dag.py:3047} INFO - Sync 1 DAGs
[2024-04-01T06:50:30.409+0000] {logging_mixin.py:188} INFO - [2024-04-01T06:50:30.409+0000] {dag.py:3834} INFO - Setting next_dagrun for example_sla_dag to 2024-04-01 06:48:00+00:00, run_after=2024-04-01 06:50:00+00:00
[2024-04-01T06:50:30.419+0000] {processor.py:183} INFO - Processing /home/airflow/.local/lib/python3.8/site-packages/airflow/example_dags/example_sla_dag.py took 0.050 seconds
[2024-04-01T06:51:01.085+0000] {processor.py:161} INFO - Started process (PID=443) to work on /home/airflow/.local/lib/python3.8/site-packages/airflow/example_dags/example_sla_dag.py
[2024-04-01T06:51:01.086+0000] {processor.py:830} INFO - Processing file /home/airflow/.local/lib/python3.8/site-packages/airflow/example_dags/example_sla_dag.py for tasks to queue
[2024-04-01T06:51:01.087+0000] {logging_mixin.py:188} INFO - [2024-04-01T06:51:01.087+0000] {dagbag.py:540} INFO - Filling up the DagBag from /home/airflow/.local/lib/python3.8/site-packages/airflow/example_dags/example_sla_dag.py
[2024-04-01T06:51:01.092+0000] {processor.py:840} INFO - DAG(s) 'example_sla_dag' retrieved from /home/airflow/.local/lib/python3.8/site-packages/airflow/example_dags/example_sla_dag.py
[2024-04-01T06:51:01.103+0000] {logging_mixin.py:188} INFO - [2024-04-01T06:51:01.103+0000] {dag.py:3047} INFO - Sync 1 DAGs
[2024-04-01T06:51:01.117+0000] {logging_mixin.py:188} INFO - [2024-04-01T06:51:01.116+0000] {dag.py:3834} INFO - Setting next_dagrun for example_sla_dag to 2024-04-01 06:48:00+00:00, run_after=2024-04-01 06:50:00+00:00
[2024-04-01T06:51:01.127+0000] {processor.py:183} INFO - Processing /home/airflow/.local/lib/python3.8/site-packages/airflow/example_dags/example_sla_dag.py took 0.044 seconds
[2024-04-01T06:51:31.803+0000] {processor.py:161} INFO - Started process (PID=498) to work on /home/airflow/.local/lib/python3.8/site-packages/airflow/example_dags/example_sla_dag.py
[2024-04-01T06:51:31.804+0000] {processor.py:830} INFO - Processing file /home/airflow/.local/lib/python3.8/site-packages/airflow/example_dags/example_sla_dag.py for tasks to queue
[2024-04-01T06:51:31.805+0000] {logging_mixin.py:188} INFO - [2024-04-01T06:51:31.805+0000] {dagbag.py:540} INFO - Filling up the DagBag from /home/airflow/.local/lib/python3.8/site-packages/airflow/example_dags/example_sla_dag.py
[2024-04-01T06:51:31.811+0000] {processor.py:840} INFO - DAG(s) 'example_sla_dag' retrieved from /home/airflow/.local/lib/python3.8/site-packages/airflow/example_dags/example_sla_dag.py
[2024-04-01T06:51:31.822+0000] {logging_mixin.py:188} INFO - [2024-04-01T06:51:31.822+0000] {dag.py:3047} INFO - Sync 1 DAGs
[2024-04-01T06:51:31.837+0000] {logging_mixin.py:188} INFO - [2024-04-01T06:51:31.837+0000] {dag.py:3834} INFO - Setting next_dagrun for example_sla_dag to 2024-04-01 06:48:00+00:00, run_after=2024-04-01 06:50:00+00:00
[2024-04-01T06:51:31.847+0000] {processor.py:183} INFO - Processing /home/airflow/.local/lib/python3.8/site-packages/airflow/example_dags/example_sla_dag.py took 0.046 seconds
[2024-04-01T06:52:02.601+0000] {processor.py:161} INFO - Started process (PID=553) to work on /home/airflow/.local/lib/python3.8/site-packages/airflow/example_dags/example_sla_dag.py
[2024-04-01T06:52:02.602+0000] {processor.py:830} INFO - Processing file /home/airflow/.local/lib/python3.8/site-packages/airflow/example_dags/example_sla_dag.py for tasks to queue
[2024-04-01T06:52:02.603+0000] {logging_mixin.py:188} INFO - [2024-04-01T06:52:02.603+0000] {dagbag.py:540} INFO - Filling up the DagBag from /home/airflow/.local/lib/python3.8/site-packages/airflow/example_dags/example_sla_dag.py
[2024-04-01T06:52:02.608+0000] {processor.py:840} INFO - DAG(s) 'example_sla_dag' retrieved from /home/airflow/.local/lib/python3.8/site-packages/airflow/example_dags/example_sla_dag.py
[2024-04-01T06:52:02.618+0000] {logging_mixin.py:188} INFO - [2024-04-01T06:52:02.618+0000] {dag.py:3047} INFO - Sync 1 DAGs
[2024-04-01T06:52:02.630+0000] {logging_mixin.py:188} INFO - [2024-04-01T06:52:02.630+0000] {dag.py:3834} INFO - Setting next_dagrun for example_sla_dag to 2024-04-01 06:50:00+00:00, run_after=2024-04-01 06:52:00+00:00
[2024-04-01T06:52:02.639+0000] {processor.py:183} INFO - Processing /home/airflow/.local/lib/python3.8/site-packages/airflow/example_dags/example_sla_dag.py took 0.040 seconds
[2024-04-01T06:52:33.421+0000] {processor.py:161} INFO - Started process (PID=608) to work on /home/airflow/.local/lib/python3.8/site-packages/airflow/example_dags/example_sla_dag.py
[2024-04-01T06:52:33.422+0000] {processor.py:830} INFO - Processing file /home/airflow/.local/lib/python3.8/site-packages/airflow/example_dags/example_sla_dag.py for tasks to queue
[2024-04-01T06:52:33.423+0000] {logging_mixin.py:188} INFO - [2024-04-01T06:52:33.423+0000] {dagbag.py:540} INFO - Filling up the DagBag from /home/airflow/.local/lib/python3.8/site-packages/airflow/example_dags/example_sla_dag.py
[2024-04-01T06:52:33.430+0000] {processor.py:840} INFO - DAG(s) 'example_sla_dag' retrieved from /home/airflow/.local/lib/python3.8/site-packages/airflow/example_dags/example_sla_dag.py
[2024-04-01T06:52:33.444+0000] {logging_mixin.py:188} INFO - [2024-04-01T06:52:33.444+0000] {dag.py:3047} INFO - Sync 1 DAGs
[2024-04-01T06:52:33.459+0000] {logging_mixin.py:188} INFO - [2024-04-01T06:52:33.459+0000] {dag.py:3834} INFO - Setting next_dagrun for example_sla_dag to 2024-04-01 06:50:00+00:00, run_after=2024-04-01 06:52:00+00:00
[2024-04-01T06:52:33.468+0000] {processor.py:183} INFO - Processing /home/airflow/.local/lib/python3.8/site-packages/airflow/example_dags/example_sla_dag.py took 0.049 seconds
[2024-04-01T06:53:03.625+0000] {processor.py:161} INFO - Started process (PID=663) to work on /home/airflow/.local/lib/python3.8/site-packages/airflow/example_dags/example_sla_dag.py
[2024-04-01T06:53:03.626+0000] {processor.py:830} INFO - Processing file /home/airflow/.local/lib/python3.8/site-packages/airflow/example_dags/example_sla_dag.py for tasks to queue
[2024-04-01T06:53:03.627+0000] {logging_mixin.py:188} INFO - [2024-04-01T06:53:03.627+0000] {dagbag.py:540} INFO - Filling up the DagBag from /home/airflow/.local/lib/python3.8/site-packages/airflow/example_dags/example_sla_dag.py
[2024-04-01T06:53:03.634+0000] {processor.py:840} INFO - DAG(s) 'example_sla_dag' retrieved from /home/airflow/.local/lib/python3.8/site-packages/airflow/example_dags/example_sla_dag.py
[2024-04-01T06:53:03.648+0000] {logging_mixin.py:188} INFO - [2024-04-01T06:53:03.648+0000] {dag.py:3047} INFO - Sync 1 DAGs
[2024-04-01T06:53:03.662+0000] {logging_mixin.py:188} INFO - [2024-04-01T06:53:03.662+0000] {dag.py:3834} INFO - Setting next_dagrun for example_sla_dag to 2024-04-01 06:50:00+00:00, run_after=2024-04-01 06:52:00+00:00
[2024-04-01T06:53:03.672+0000] {processor.py:183} INFO - Processing /home/airflow/.local/lib/python3.8/site-packages/airflow/example_dags/example_sla_dag.py took 0.050 seconds
[2024-04-01T06:53:33.816+0000] {processor.py:161} INFO - Started process (PID=718) to work on /home/airflow/.local/lib/python3.8/site-packages/airflow/example_dags/example_sla_dag.py
[2024-04-01T06:53:33.817+0000] {processor.py:830} INFO - Processing file /home/airflow/.local/lib/python3.8/site-packages/airflow/example_dags/example_sla_dag.py for tasks to queue
[2024-04-01T06:53:33.819+0000] {logging_mixin.py:188} INFO - [2024-04-01T06:53:33.818+0000] {dagbag.py:540} INFO - Filling up the DagBag from /home/airflow/.local/lib/python3.8/site-packages/airflow/example_dags/example_sla_dag.py
[2024-04-01T06:53:33.825+0000] {processor.py:840} INFO - DAG(s) 'example_sla_dag' retrieved from /home/airflow/.local/lib/python3.8/site-packages/airflow/example_dags/example_sla_dag.py
[2024-04-01T06:53:33.839+0000] {logging_mixin.py:188} INFO - [2024-04-01T06:53:33.839+0000] {dag.py:3047} INFO - Sync 1 DAGs
[2024-04-01T06:53:33.855+0000] {logging_mixin.py:188} INFO - [2024-04-01T06:53:33.855+0000] {dag.py:3834} INFO - Setting next_dagrun for example_sla_dag to 2024-04-01 06:50:00+00:00, run_after=2024-04-01 06:52:00+00:00
[2024-04-01T06:53:33.866+0000] {processor.py:183} INFO - Processing /home/airflow/.local/lib/python3.8/site-packages/airflow/example_dags/example_sla_dag.py took 0.052 seconds
[2024-04-01T06:54:04.693+0000] {processor.py:161} INFO - Started process (PID=773) to work on /home/airflow/.local/lib/python3.8/site-packages/airflow/example_dags/example_sla_dag.py
[2024-04-01T06:54:04.694+0000] {processor.py:830} INFO - Processing file /home/airflow/.local/lib/python3.8/site-packages/airflow/example_dags/example_sla_dag.py for tasks to queue
[2024-04-01T06:54:04.695+0000] {logging_mixin.py:188} INFO - [2024-04-01T06:54:04.695+0000] {dagbag.py:540} INFO - Filling up the DagBag from /home/airflow/.local/lib/python3.8/site-packages/airflow/example_dags/example_sla_dag.py
[2024-04-01T06:54:04.700+0000] {processor.py:840} INFO - DAG(s) 'example_sla_dag' retrieved from /home/airflow/.local/lib/python3.8/site-packages/airflow/example_dags/example_sla_dag.py
[2024-04-01T06:54:04.710+0000] {logging_mixin.py:188} INFO - [2024-04-01T06:54:04.709+0000] {dag.py:3047} INFO - Sync 1 DAGs
[2024-04-01T06:54:04.722+0000] {logging_mixin.py:188} INFO - [2024-04-01T06:54:04.722+0000] {dag.py:3834} INFO - Setting next_dagrun for example_sla_dag to 2024-04-01 06:52:00+00:00, run_after=2024-04-01 06:54:00+00:00
[2024-04-01T06:54:04.730+0000] {processor.py:183} INFO - Processing /home/airflow/.local/lib/python3.8/site-packages/airflow/example_dags/example_sla_dag.py took 0.039 seconds
[2024-04-01T06:54:35.405+0000] {processor.py:161} INFO - Started process (PID=828) to work on /home/airflow/.local/lib/python3.8/site-packages/airflow/example_dags/example_sla_dag.py
[2024-04-01T06:54:35.406+0000] {processor.py:830} INFO - Processing file /home/airflow/.local/lib/python3.8/site-packages/airflow/example_dags/example_sla_dag.py for tasks to queue
[2024-04-01T06:54:35.407+0000] {logging_mixin.py:188} INFO - [2024-04-01T06:54:35.407+0000] {dagbag.py:540} INFO - Filling up the DagBag from /home/airflow/.local/lib/python3.8/site-packages/airflow/example_dags/example_sla_dag.py
[2024-04-01T06:54:35.413+0000] {processor.py:840} INFO - DAG(s) 'example_sla_dag' retrieved from /home/airflow/.local/lib/python3.8/site-packages/airflow/example_dags/example_sla_dag.py
[2024-04-01T06:54:35.425+0000] {logging_mixin.py:188} INFO - [2024-04-01T06:54:35.424+0000] {dag.py:3047} INFO - Sync 1 DAGs
[2024-04-01T06:54:35.438+0000] {logging_mixin.py:188} INFO - [2024-04-01T06:54:35.438+0000] {dag.py:3834} INFO - Setting next_dagrun for example_sla_dag to 2024-04-01 06:52:00+00:00, run_after=2024-04-01 06:54:00+00:00
[2024-04-01T06:54:35.447+0000] {processor.py:183} INFO - Processing /home/airflow/.local/lib/python3.8/site-packages/airflow/example_dags/example_sla_dag.py took 0.044 seconds
[2024-04-01T06:55:06.072+0000] {processor.py:161} INFO - Started process (PID=883) to work on /home/airflow/.local/lib/python3.8/site-packages/airflow/example_dags/example_sla_dag.py
[2024-04-01T06:55:06.072+0000] {processor.py:830} INFO - Processing file /home/airflow/.local/lib/python3.8/site-packages/airflow/example_dags/example_sla_dag.py for tasks to queue
[2024-04-01T06:55:06.073+0000] {logging_mixin.py:188} INFO - [2024-04-01T06:55:06.073+0000] {dagbag.py:540} INFO - Filling up the DagBag from /home/airflow/.local/lib/python3.8/site-packages/airflow/example_dags/example_sla_dag.py
[2024-04-01T06:55:06.079+0000] {processor.py:840} INFO - DAG(s) 'example_sla_dag' retrieved from /home/airflow/.local/lib/python3.8/site-packages/airflow/example_dags/example_sla_dag.py
[2024-04-01T06:55:06.090+0000] {logging_mixin.py:188} INFO - [2024-04-01T06:55:06.089+0000] {dag.py:3047} INFO - Sync 1 DAGs
[2024-04-01T06:55:06.102+0000] {logging_mixin.py:188} INFO - [2024-04-01T06:55:06.102+0000] {dag.py:3834} INFO - Setting next_dagrun for example_sla_dag to 2024-04-01 06:52:00+00:00, run_after=2024-04-01 06:54:00+00:00
[2024-04-01T06:55:06.112+0000] {processor.py:183} INFO - Processing /home/airflow/.local/lib/python3.8/site-packages/airflow/example_dags/example_sla_dag.py took 0.043 seconds
[2024-04-01T06:55:36.869+0000] {processor.py:161} INFO - Started process (PID=938) to work on /home/airflow/.local/lib/python3.8/site-packages/airflow/example_dags/example_sla_dag.py
[2024-04-01T06:55:36.870+0000] {processor.py:830} INFO - Processing file /home/airflow/.local/lib/python3.8/site-packages/airflow/example_dags/example_sla_dag.py for tasks to queue
[2024-04-01T06:55:36.871+0000] {logging_mixin.py:188} INFO - [2024-04-01T06:55:36.871+0000] {dagbag.py:540} INFO - Filling up the DagBag from /home/airflow/.local/lib/python3.8/site-packages/airflow/example_dags/example_sla_dag.py
[2024-04-01T06:55:36.876+0000] {processor.py:840} INFO - DAG(s) 'example_sla_dag' retrieved from /home/airflow/.local/lib/python3.8/site-packages/airflow/example_dags/example_sla_dag.py
[2024-04-01T06:55:36.889+0000] {logging_mixin.py:188} INFO - [2024-04-01T06:55:36.889+0000] {dag.py:3047} INFO - Sync 1 DAGs
[2024-04-01T06:55:36.903+0000] {logging_mixin.py:188} INFO - [2024-04-01T06:55:36.903+0000] {dag.py:3834} INFO - Setting next_dagrun for example_sla_dag to 2024-04-01 06:52:00+00:00, run_after=2024-04-01 06:54:00+00:00
[2024-04-01T06:55:36.913+0000] {processor.py:183} INFO - Processing /home/airflow/.local/lib/python3.8/site-packages/airflow/example_dags/example_sla_dag.py took 0.045 seconds
[2024-04-01T06:56:07.555+0000] {processor.py:161} INFO - Started process (PID=993) to work on /home/airflow/.local/lib/python3.8/site-packages/airflow/example_dags/example_sla_dag.py
[2024-04-01T06:56:07.556+0000] {processor.py:830} INFO - Processing file /home/airflow/.local/lib/python3.8/site-packages/airflow/example_dags/example_sla_dag.py for tasks to queue
[2024-04-01T06:56:07.557+0000] {logging_mixin.py:188} INFO - [2024-04-01T06:56:07.557+0000] {dagbag.py:540} INFO - Filling up the DagBag from /home/airflow/.local/lib/python3.8/site-packages/airflow/example_dags/example_sla_dag.py
[2024-04-01T06:56:07.563+0000] {processor.py:840} INFO - DAG(s) 'example_sla_dag' retrieved from /home/airflow/.local/lib/python3.8/site-packages/airflow/example_dags/example_sla_dag.py
[2024-04-01T06:56:07.576+0000] {logging_mixin.py:188} INFO - [2024-04-01T06:56:07.576+0000] {dag.py:3047} INFO - Sync 1 DAGs
[2024-04-01T06:56:07.590+0000] {logging_mixin.py:188} INFO - [2024-04-01T06:56:07.589+0000] {dag.py:3834} INFO - Setting next_dagrun for example_sla_dag to 2024-04-01 06:54:00+00:00, run_after=2024-04-01 06:56:00+00:00
[2024-04-01T06:56:07.600+0000] {processor.py:183} INFO - Processing /home/airflow/.local/lib/python3.8/site-packages/airflow/example_dags/example_sla_dag.py took 0.047 seconds
[2024-04-01T06:56:38.387+0000] {processor.py:161} INFO - Started process (PID=1047) to work on /home/airflow/.local/lib/python3.8/site-packages/airflow/example_dags/example_sla_dag.py
[2024-04-01T06:56:38.388+0000] {processor.py:830} INFO - Processing file /home/airflow/.local/lib/python3.8/site-packages/airflow/example_dags/example_sla_dag.py for tasks to queue
[2024-04-01T06:56:38.390+0000] {logging_mixin.py:188} INFO - [2024-04-01T06:56:38.390+0000] {dagbag.py:540} INFO - Filling up the DagBag from /home/airflow/.local/lib/python3.8/site-packages/airflow/example_dags/example_sla_dag.py
[2024-04-01T06:56:38.396+0000] {processor.py:840} INFO - DAG(s) 'example_sla_dag' retrieved from /home/airflow/.local/lib/python3.8/site-packages/airflow/example_dags/example_sla_dag.py
[2024-04-01T06:56:38.409+0000] {logging_mixin.py:188} INFO - [2024-04-01T06:56:38.409+0000] {dag.py:3047} INFO - Sync 1 DAGs
[2024-04-01T06:56:38.425+0000] {logging_mixin.py:188} INFO - [2024-04-01T06:56:38.425+0000] {dag.py:3834} INFO - Setting next_dagrun for example_sla_dag to 2024-04-01 06:54:00+00:00, run_after=2024-04-01 06:56:00+00:00
[2024-04-01T06:56:38.436+0000] {processor.py:183} INFO - Processing /home/airflow/.local/lib/python3.8/site-packages/airflow/example_dags/example_sla_dag.py took 0.051 seconds
[2024-04-01T06:57:09.449+0000] {processor.py:161} INFO - Started process (PID=1102) to work on /home/airflow/.local/lib/python3.8/site-packages/airflow/example_dags/example_sla_dag.py
[2024-04-01T06:57:09.450+0000] {processor.py:830} INFO - Processing file /home/airflow/.local/lib/python3.8/site-packages/airflow/example_dags/example_sla_dag.py for tasks to queue
[2024-04-01T06:57:09.452+0000] {logging_mixin.py:188} INFO - [2024-04-01T06:57:09.451+0000] {dagbag.py:540} INFO - Filling up the DagBag from /home/airflow/.local/lib/python3.8/site-packages/airflow/example_dags/example_sla_dag.py
[2024-04-01T06:57:09.459+0000] {processor.py:840} INFO - DAG(s) 'example_sla_dag' retrieved from /home/airflow/.local/lib/python3.8/site-packages/airflow/example_dags/example_sla_dag.py
[2024-04-01T06:57:09.481+0000] {logging_mixin.py:188} INFO - [2024-04-01T06:57:09.481+0000] {dag.py:3047} INFO - Sync 1 DAGs
[2024-04-01T06:57:09.500+0000] {logging_mixin.py:188} INFO - [2024-04-01T06:57:09.500+0000] {dag.py:3834} INFO - Setting next_dagrun for example_sla_dag to 2024-04-01 06:54:00+00:00, run_after=2024-04-01 06:56:00+00:00
[2024-04-01T06:57:09.512+0000] {processor.py:183} INFO - Processing /home/airflow/.local/lib/python3.8/site-packages/airflow/example_dags/example_sla_dag.py took 0.066 seconds
[2024-04-01T06:57:40.210+0000] {processor.py:161} INFO - Started process (PID=1157) to work on /home/airflow/.local/lib/python3.8/site-packages/airflow/example_dags/example_sla_dag.py
[2024-04-01T06:57:40.210+0000] {processor.py:830} INFO - Processing file /home/airflow/.local/lib/python3.8/site-packages/airflow/example_dags/example_sla_dag.py for tasks to queue
[2024-04-01T06:57:40.212+0000] {logging_mixin.py:188} INFO - [2024-04-01T06:57:40.211+0000] {dagbag.py:540} INFO - Filling up the DagBag from /home/airflow/.local/lib/python3.8/site-packages/airflow/example_dags/example_sla_dag.py
[2024-04-01T06:57:40.217+0000] {processor.py:840} INFO - DAG(s) 'example_sla_dag' retrieved from /home/airflow/.local/lib/python3.8/site-packages/airflow/example_dags/example_sla_dag.py
[2024-04-01T06:57:40.228+0000] {logging_mixin.py:188} INFO - [2024-04-01T06:57:40.228+0000] {dag.py:3047} INFO - Sync 1 DAGs
[2024-04-01T06:57:40.243+0000] {logging_mixin.py:188} INFO - [2024-04-01T06:57:40.243+0000] {dag.py:3834} INFO - Setting next_dagrun for example_sla_dag to 2024-04-01 06:54:00+00:00, run_after=2024-04-01 06:56:00+00:00
[2024-04-01T06:57:40.253+0000] {processor.py:183} INFO - Processing /home/airflow/.local/lib/python3.8/site-packages/airflow/example_dags/example_sla_dag.py took 0.045 seconds
[2024-04-01T06:58:11.042+0000] {processor.py:161} INFO - Started process (PID=1212) to work on /home/airflow/.local/lib/python3.8/site-packages/airflow/example_dags/example_sla_dag.py
[2024-04-01T06:58:11.043+0000] {processor.py:830} INFO - Processing file /home/airflow/.local/lib/python3.8/site-packages/airflow/example_dags/example_sla_dag.py for tasks to queue
[2024-04-01T06:58:11.045+0000] {logging_mixin.py:188} INFO - [2024-04-01T06:58:11.044+0000] {dagbag.py:540} INFO - Filling up the DagBag from /home/airflow/.local/lib/python3.8/site-packages/airflow/example_dags/example_sla_dag.py
[2024-04-01T06:58:11.051+0000] {processor.py:840} INFO - DAG(s) 'example_sla_dag' retrieved from /home/airflow/.local/lib/python3.8/site-packages/airflow/example_dags/example_sla_dag.py
[2024-04-01T06:58:11.064+0000] {logging_mixin.py:188} INFO - [2024-04-01T06:58:11.064+0000] {dag.py:3047} INFO - Sync 1 DAGs
[2024-04-01T06:58:11.078+0000] {logging_mixin.py:188} INFO - [2024-04-01T06:58:11.078+0000] {dag.py:3834} INFO - Setting next_dagrun for example_sla_dag to 2024-04-01 06:56:00+00:00, run_after=2024-04-01 06:58:00+00:00
[2024-04-01T06:58:11.088+0000] {processor.py:183} INFO - Processing /home/airflow/.local/lib/python3.8/site-packages/airflow/example_dags/example_sla_dag.py took 0.048 seconds
[2024-04-01T06:58:41.134+0000] {processor.py:161} INFO - Started process (PID=1267) to work on /home/airflow/.local/lib/python3.8/site-packages/airflow/example_dags/example_sla_dag.py
[2024-04-01T06:58:41.134+0000] {processor.py:830} INFO - Processing file /home/airflow/.local/lib/python3.8/site-packages/airflow/example_dags/example_sla_dag.py for tasks to queue
[2024-04-01T06:58:41.135+0000] {logging_mixin.py:188} INFO - [2024-04-01T06:58:41.135+0000] {dagbag.py:540} INFO - Filling up the DagBag from /home/airflow/.local/lib/python3.8/site-packages/airflow/example_dags/example_sla_dag.py
[2024-04-01T06:58:41.141+0000] {processor.py:840} INFO - DAG(s) 'example_sla_dag' retrieved from /home/airflow/.local/lib/python3.8/site-packages/airflow/example_dags/example_sla_dag.py
[2024-04-01T06:58:41.152+0000] {logging_mixin.py:188} INFO - [2024-04-01T06:58:41.151+0000] {dag.py:3047} INFO - Sync 1 DAGs
[2024-04-01T06:58:41.166+0000] {logging_mixin.py:188} INFO - [2024-04-01T06:58:41.166+0000] {dag.py:3834} INFO - Setting next_dagrun for example_sla_dag to 2024-04-01 06:56:00+00:00, run_after=2024-04-01 06:58:00+00:00
[2024-04-01T06:58:41.175+0000] {processor.py:183} INFO - Processing /home/airflow/.local/lib/python3.8/site-packages/airflow/example_dags/example_sla_dag.py took 0.044 seconds
[2024-04-01T06:59:11.791+0000] {processor.py:161} INFO - Started process (PID=1322) to work on /home/airflow/.local/lib/python3.8/site-packages/airflow/example_dags/example_sla_dag.py
[2024-04-01T06:59:11.791+0000] {processor.py:830} INFO - Processing file /home/airflow/.local/lib/python3.8/site-packages/airflow/example_dags/example_sla_dag.py for tasks to queue
[2024-04-01T06:59:11.792+0000] {logging_mixin.py:188} INFO - [2024-04-01T06:59:11.792+0000] {dagbag.py:540} INFO - Filling up the DagBag from /home/airflow/.local/lib/python3.8/site-packages/airflow/example_dags/example_sla_dag.py
[2024-04-01T06:59:11.797+0000] {processor.py:840} INFO - DAG(s) 'example_sla_dag' retrieved from /home/airflow/.local/lib/python3.8/site-packages/airflow/example_dags/example_sla_dag.py
[2024-04-01T06:59:11.808+0000] {logging_mixin.py:188} INFO - [2024-04-01T06:59:11.808+0000] {dag.py:3047} INFO - Sync 1 DAGs
[2024-04-01T06:59:11.822+0000] {logging_mixin.py:188} INFO - [2024-04-01T06:59:11.821+0000] {dag.py:3834} INFO - Setting next_dagrun for example_sla_dag to 2024-04-01 06:56:00+00:00, run_after=2024-04-01 06:58:00+00:00
[2024-04-01T06:59:11.832+0000] {processor.py:183} INFO - Processing /home/airflow/.local/lib/python3.8/site-packages/airflow/example_dags/example_sla_dag.py took 0.043 seconds
[2024-04-01T06:59:42.539+0000] {processor.py:161} INFO - Started process (PID=1377) to work on /home/airflow/.local/lib/python3.8/site-packages/airflow/example_dags/example_sla_dag.py
[2024-04-01T06:59:42.540+0000] {processor.py:830} INFO - Processing file /home/airflow/.local/lib/python3.8/site-packages/airflow/example_dags/example_sla_dag.py for tasks to queue
[2024-04-01T06:59:42.541+0000] {logging_mixin.py:188} INFO - [2024-04-01T06:59:42.541+0000] {dagbag.py:540} INFO - Filling up the DagBag from /home/airflow/.local/lib/python3.8/site-packages/airflow/example_dags/example_sla_dag.py
[2024-04-01T06:59:42.548+0000] {processor.py:840} INFO - DAG(s) 'example_sla_dag' retrieved from /home/airflow/.local/lib/python3.8/site-packages/airflow/example_dags/example_sla_dag.py
[2024-04-01T06:59:42.562+0000] {logging_mixin.py:188} INFO - [2024-04-01T06:59:42.562+0000] {dag.py:3047} INFO - Sync 1 DAGs
[2024-04-01T06:59:42.578+0000] {logging_mixin.py:188} INFO - [2024-04-01T06:59:42.578+0000] {dag.py:3834} INFO - Setting next_dagrun for example_sla_dag to 2024-04-01 06:56:00+00:00, run_after=2024-04-01 06:58:00+00:00
[2024-04-01T06:59:42.588+0000] {processor.py:183} INFO - Processing /home/airflow/.local/lib/python3.8/site-packages/airflow/example_dags/example_sla_dag.py took 0.052 seconds
[2024-04-01T07:00:12.619+0000] {processor.py:161} INFO - Started process (PID=1432) to work on /home/airflow/.local/lib/python3.8/site-packages/airflow/example_dags/example_sla_dag.py
[2024-04-01T07:00:12.619+0000] {processor.py:830} INFO - Processing file /home/airflow/.local/lib/python3.8/site-packages/airflow/example_dags/example_sla_dag.py for tasks to queue
[2024-04-01T07:00:12.620+0000] {logging_mixin.py:188} INFO - [2024-04-01T07:00:12.620+0000] {dagbag.py:540} INFO - Filling up the DagBag from /home/airflow/.local/lib/python3.8/site-packages/airflow/example_dags/example_sla_dag.py
[2024-04-01T07:00:12.626+0000] {processor.py:840} INFO - DAG(s) 'example_sla_dag' retrieved from /home/airflow/.local/lib/python3.8/site-packages/airflow/example_dags/example_sla_dag.py
[2024-04-01T07:00:12.636+0000] {logging_mixin.py:188} INFO - [2024-04-01T07:00:12.636+0000] {dag.py:3047} INFO - Sync 1 DAGs
[2024-04-01T07:00:12.650+0000] {logging_mixin.py:188} INFO - [2024-04-01T07:00:12.650+0000] {dag.py:3834} INFO - Setting next_dagrun for example_sla_dag to 2024-04-01 06:58:00+00:00, run_after=2024-04-01 07:00:00+00:00
[2024-04-01T07:00:12.659+0000] {processor.py:183} INFO - Processing /home/airflow/.local/lib/python3.8/site-packages/airflow/example_dags/example_sla_dag.py took 0.042 seconds
[2024-04-01T07:00:43.093+0000] {processor.py:161} INFO - Started process (PID=1487) to work on /home/airflow/.local/lib/python3.8/site-packages/airflow/example_dags/example_sla_dag.py
[2024-04-01T07:00:43.094+0000] {processor.py:830} INFO - Processing file /home/airflow/.local/lib/python3.8/site-packages/airflow/example_dags/example_sla_dag.py for tasks to queue
[2024-04-01T07:00:43.095+0000] {logging_mixin.py:188} INFO - [2024-04-01T07:00:43.095+0000] {dagbag.py:540} INFO - Filling up the DagBag from /home/airflow/.local/lib/python3.8/site-packages/airflow/example_dags/example_sla_dag.py
[2024-04-01T07:00:43.100+0000] {processor.py:840} INFO - DAG(s) 'example_sla_dag' retrieved from /home/airflow/.local/lib/python3.8/site-packages/airflow/example_dags/example_sla_dag.py
[2024-04-01T07:00:43.110+0000] {logging_mixin.py:188} INFO - [2024-04-01T07:00:43.110+0000] {dag.py:3047} INFO - Sync 1 DAGs
[2024-04-01T07:00:43.124+0000] {logging_mixin.py:188} INFO - [2024-04-01T07:00:43.124+0000] {dag.py:3834} INFO - Setting next_dagrun for example_sla_dag to 2024-04-01 06:58:00+00:00, run_after=2024-04-01 07:00:00+00:00
[2024-04-01T07:00:43.133+0000] {processor.py:183} INFO - Processing /home/airflow/.local/lib/python3.8/site-packages/airflow/example_dags/example_sla_dag.py took 0.041 seconds
[2024-04-01T07:01:37.159+0000] {processor.py:161} INFO - Started process (PID=58) to work on /home/airflow/.local/lib/python3.8/site-packages/airflow/example_dags/example_sla_dag.py
[2024-04-01T07:01:37.160+0000] {processor.py:830} INFO - Processing file /home/airflow/.local/lib/python3.8/site-packages/airflow/example_dags/example_sla_dag.py for tasks to queue
[2024-04-01T07:01:37.162+0000] {logging_mixin.py:188} INFO - [2024-04-01T07:01:37.161+0000] {dagbag.py:540} INFO - Filling up the DagBag from /home/airflow/.local/lib/python3.8/site-packages/airflow/example_dags/example_sla_dag.py
[2024-04-01T07:01:37.172+0000] {processor.py:840} INFO - DAG(s) 'example_sla_dag' retrieved from /home/airflow/.local/lib/python3.8/site-packages/airflow/example_dags/example_sla_dag.py
[2024-04-01T07:01:37.182+0000] {logging_mixin.py:188} INFO - [2024-04-01T07:01:37.182+0000] {dag.py:3047} INFO - Sync 1 DAGs
[2024-04-01T07:01:37.201+0000] {logging_mixin.py:188} INFO - [2024-04-01T07:01:37.201+0000] {dag.py:3834} INFO - Setting next_dagrun for example_sla_dag to 2024-04-01 06:58:00+00:00, run_after=2024-04-01 07:00:00+00:00
[2024-04-01T07:01:37.224+0000] {processor.py:183} INFO - Processing /home/airflow/.local/lib/python3.8/site-packages/airflow/example_dags/example_sla_dag.py took 0.067 seconds
[2024-04-01T07:02:07.762+0000] {processor.py:161} INFO - Started process (PID=113) to work on /home/airflow/.local/lib/python3.8/site-packages/airflow/example_dags/example_sla_dag.py
[2024-04-01T07:02:07.763+0000] {processor.py:830} INFO - Processing file /home/airflow/.local/lib/python3.8/site-packages/airflow/example_dags/example_sla_dag.py for tasks to queue
[2024-04-01T07:02:07.764+0000] {logging_mixin.py:188} INFO - [2024-04-01T07:02:07.763+0000] {dagbag.py:540} INFO - Filling up the DagBag from /home/airflow/.local/lib/python3.8/site-packages/airflow/example_dags/example_sla_dag.py
[2024-04-01T07:02:07.769+0000] {processor.py:840} INFO - DAG(s) 'example_sla_dag' retrieved from /home/airflow/.local/lib/python3.8/site-packages/airflow/example_dags/example_sla_dag.py
[2024-04-01T07:02:07.822+0000] {logging_mixin.py:188} INFO - [2024-04-01T07:02:07.821+0000] {dag.py:3047} INFO - Sync 1 DAGs
[2024-04-01T07:02:07.834+0000] {logging_mixin.py:188} INFO - [2024-04-01T07:02:07.834+0000] {dag.py:3834} INFO - Setting next_dagrun for example_sla_dag to 2024-04-01 07:00:00+00:00, run_after=2024-04-01 07:02:00+00:00
[2024-04-01T07:02:07.844+0000] {processor.py:183} INFO - Processing /home/airflow/.local/lib/python3.8/site-packages/airflow/example_dags/example_sla_dag.py took 0.084 seconds
[2024-04-01T07:02:38.387+0000] {processor.py:161} INFO - Started process (PID=167) to work on /home/airflow/.local/lib/python3.8/site-packages/airflow/example_dags/example_sla_dag.py
[2024-04-01T07:02:38.388+0000] {processor.py:830} INFO - Processing file /home/airflow/.local/lib/python3.8/site-packages/airflow/example_dags/example_sla_dag.py for tasks to queue
[2024-04-01T07:02:38.390+0000] {logging_mixin.py:188} INFO - [2024-04-01T07:02:38.389+0000] {dagbag.py:540} INFO - Filling up the DagBag from /home/airflow/.local/lib/python3.8/site-packages/airflow/example_dags/example_sla_dag.py
[2024-04-01T07:02:38.396+0000] {processor.py:840} INFO - DAG(s) 'example_sla_dag' retrieved from /home/airflow/.local/lib/python3.8/site-packages/airflow/example_dags/example_sla_dag.py
[2024-04-01T07:02:38.410+0000] {logging_mixin.py:188} INFO - [2024-04-01T07:02:38.410+0000] {dag.py:3047} INFO - Sync 1 DAGs
[2024-04-01T07:02:38.427+0000] {logging_mixin.py:188} INFO - [2024-04-01T07:02:38.427+0000] {dag.py:3834} INFO - Setting next_dagrun for example_sla_dag to 2024-04-01 07:00:00+00:00, run_after=2024-04-01 07:02:00+00:00
[2024-04-01T07:02:38.437+0000] {processor.py:183} INFO - Processing /home/airflow/.local/lib/python3.8/site-packages/airflow/example_dags/example_sla_dag.py took 0.053 seconds
[2024-04-01T07:03:08.512+0000] {processor.py:161} INFO - Started process (PID=222) to work on /home/airflow/.local/lib/python3.8/site-packages/airflow/example_dags/example_sla_dag.py
[2024-04-01T07:03:08.512+0000] {processor.py:830} INFO - Processing file /home/airflow/.local/lib/python3.8/site-packages/airflow/example_dags/example_sla_dag.py for tasks to queue
[2024-04-01T07:03:08.514+0000] {logging_mixin.py:188} INFO - [2024-04-01T07:03:08.513+0000] {dagbag.py:540} INFO - Filling up the DagBag from /home/airflow/.local/lib/python3.8/site-packages/airflow/example_dags/example_sla_dag.py
[2024-04-01T07:03:08.520+0000] {processor.py:840} INFO - DAG(s) 'example_sla_dag' retrieved from /home/airflow/.local/lib/python3.8/site-packages/airflow/example_dags/example_sla_dag.py
[2024-04-01T07:03:08.535+0000] {logging_mixin.py:188} INFO - [2024-04-01T07:03:08.534+0000] {dag.py:3047} INFO - Sync 1 DAGs
[2024-04-01T07:03:08.548+0000] {logging_mixin.py:188} INFO - [2024-04-01T07:03:08.548+0000] {dag.py:3834} INFO - Setting next_dagrun for example_sla_dag to 2024-04-01 07:00:00+00:00, run_after=2024-04-01 07:02:00+00:00
[2024-04-01T07:03:08.558+0000] {processor.py:183} INFO - Processing /home/airflow/.local/lib/python3.8/site-packages/airflow/example_dags/example_sla_dag.py took 0.049 seconds
[2024-04-01T07:03:38.593+0000] {processor.py:161} INFO - Started process (PID=277) to work on /home/airflow/.local/lib/python3.8/site-packages/airflow/example_dags/example_sla_dag.py
[2024-04-01T07:03:38.594+0000] {processor.py:830} INFO - Processing file /home/airflow/.local/lib/python3.8/site-packages/airflow/example_dags/example_sla_dag.py for tasks to queue
[2024-04-01T07:03:38.595+0000] {logging_mixin.py:188} INFO - [2024-04-01T07:03:38.595+0000] {dagbag.py:540} INFO - Filling up the DagBag from /home/airflow/.local/lib/python3.8/site-packages/airflow/example_dags/example_sla_dag.py
[2024-04-01T07:03:38.602+0000] {processor.py:840} INFO - DAG(s) 'example_sla_dag' retrieved from /home/airflow/.local/lib/python3.8/site-packages/airflow/example_dags/example_sla_dag.py
[2024-04-01T07:03:38.614+0000] {logging_mixin.py:188} INFO - [2024-04-01T07:03:38.614+0000] {dag.py:3047} INFO - Sync 1 DAGs
[2024-04-01T07:03:38.628+0000] {logging_mixin.py:188} INFO - [2024-04-01T07:03:38.628+0000] {dag.py:3834} INFO - Setting next_dagrun for example_sla_dag to 2024-04-01 07:00:00+00:00, run_after=2024-04-01 07:02:00+00:00
[2024-04-01T07:03:38.640+0000] {processor.py:183} INFO - Processing /home/airflow/.local/lib/python3.8/site-packages/airflow/example_dags/example_sla_dag.py took 0.050 seconds
[2024-04-01T07:04:08.718+0000] {processor.py:161} INFO - Started process (PID=332) to work on /home/airflow/.local/lib/python3.8/site-packages/airflow/example_dags/example_sla_dag.py
[2024-04-01T07:04:08.719+0000] {processor.py:830} INFO - Processing file /home/airflow/.local/lib/python3.8/site-packages/airflow/example_dags/example_sla_dag.py for tasks to queue
[2024-04-01T07:04:08.720+0000] {logging_mixin.py:188} INFO - [2024-04-01T07:04:08.720+0000] {dagbag.py:540} INFO - Filling up the DagBag from /home/airflow/.local/lib/python3.8/site-packages/airflow/example_dags/example_sla_dag.py
[2024-04-01T07:04:08.726+0000] {processor.py:840} INFO - DAG(s) 'example_sla_dag' retrieved from /home/airflow/.local/lib/python3.8/site-packages/airflow/example_dags/example_sla_dag.py
[2024-04-01T07:04:08.740+0000] {logging_mixin.py:188} INFO - [2024-04-01T07:04:08.740+0000] {dag.py:3047} INFO - Sync 1 DAGs
[2024-04-01T07:04:08.756+0000] {logging_mixin.py:188} INFO - [2024-04-01T07:04:08.756+0000] {dag.py:3834} INFO - Setting next_dagrun for example_sla_dag to 2024-04-01 07:02:00+00:00, run_after=2024-04-01 07:04:00+00:00
[2024-04-01T07:04:08.766+0000] {processor.py:183} INFO - Processing /home/airflow/.local/lib/python3.8/site-packages/airflow/example_dags/example_sla_dag.py took 0.051 seconds
[2024-04-01T07:04:38.854+0000] {processor.py:161} INFO - Started process (PID=387) to work on /home/airflow/.local/lib/python3.8/site-packages/airflow/example_dags/example_sla_dag.py
[2024-04-01T07:04:38.855+0000] {processor.py:830} INFO - Processing file /home/airflow/.local/lib/python3.8/site-packages/airflow/example_dags/example_sla_dag.py for tasks to queue
[2024-04-01T07:04:38.856+0000] {logging_mixin.py:188} INFO - [2024-04-01T07:04:38.856+0000] {dagbag.py:540} INFO - Filling up the DagBag from /home/airflow/.local/lib/python3.8/site-packages/airflow/example_dags/example_sla_dag.py
[2024-04-01T07:04:38.863+0000] {processor.py:840} INFO - DAG(s) 'example_sla_dag' retrieved from /home/airflow/.local/lib/python3.8/site-packages/airflow/example_dags/example_sla_dag.py
[2024-04-01T07:04:38.877+0000] {logging_mixin.py:188} INFO - [2024-04-01T07:04:38.877+0000] {dag.py:3047} INFO - Sync 1 DAGs
[2024-04-01T07:04:38.893+0000] {logging_mixin.py:188} INFO - [2024-04-01T07:04:38.892+0000] {dag.py:3834} INFO - Setting next_dagrun for example_sla_dag to 2024-04-01 07:02:00+00:00, run_after=2024-04-01 07:04:00+00:00
[2024-04-01T07:04:38.904+0000] {processor.py:183} INFO - Processing /home/airflow/.local/lib/python3.8/site-packages/airflow/example_dags/example_sla_dag.py took 0.053 seconds
[2024-04-01T07:05:09.108+0000] {processor.py:161} INFO - Started process (PID=442) to work on /home/airflow/.local/lib/python3.8/site-packages/airflow/example_dags/example_sla_dag.py
[2024-04-01T07:05:09.108+0000] {processor.py:830} INFO - Processing file /home/airflow/.local/lib/python3.8/site-packages/airflow/example_dags/example_sla_dag.py for tasks to queue
[2024-04-01T07:05:09.110+0000] {logging_mixin.py:188} INFO - [2024-04-01T07:05:09.110+0000] {dagbag.py:540} INFO - Filling up the DagBag from /home/airflow/.local/lib/python3.8/site-packages/airflow/example_dags/example_sla_dag.py
[2024-04-01T07:05:09.117+0000] {processor.py:840} INFO - DAG(s) 'example_sla_dag' retrieved from /home/airflow/.local/lib/python3.8/site-packages/airflow/example_dags/example_sla_dag.py
[2024-04-01T07:05:09.131+0000] {logging_mixin.py:188} INFO - [2024-04-01T07:05:09.131+0000] {dag.py:3047} INFO - Sync 1 DAGs
[2024-04-01T07:05:09.147+0000] {logging_mixin.py:188} INFO - [2024-04-01T07:05:09.147+0000] {dag.py:3834} INFO - Setting next_dagrun for example_sla_dag to 2024-04-01 07:02:00+00:00, run_after=2024-04-01 07:04:00+00:00
[2024-04-01T07:05:09.158+0000] {processor.py:183} INFO - Processing /home/airflow/.local/lib/python3.8/site-packages/airflow/example_dags/example_sla_dag.py took 0.054 seconds
[2024-04-01T07:05:39.203+0000] {processor.py:161} INFO - Started process (PID=497) to work on /home/airflow/.local/lib/python3.8/site-packages/airflow/example_dags/example_sla_dag.py
[2024-04-01T07:05:39.204+0000] {processor.py:830} INFO - Processing file /home/airflow/.local/lib/python3.8/site-packages/airflow/example_dags/example_sla_dag.py for tasks to queue
[2024-04-01T07:05:39.205+0000] {logging_mixin.py:188} INFO - [2024-04-01T07:05:39.205+0000] {dagbag.py:540} INFO - Filling up the DagBag from /home/airflow/.local/lib/python3.8/site-packages/airflow/example_dags/example_sla_dag.py
[2024-04-01T07:05:39.212+0000] {processor.py:840} INFO - DAG(s) 'example_sla_dag' retrieved from /home/airflow/.local/lib/python3.8/site-packages/airflow/example_dags/example_sla_dag.py
[2024-04-01T07:05:39.227+0000] {logging_mixin.py:188} INFO - [2024-04-01T07:05:39.227+0000] {dag.py:3047} INFO - Sync 1 DAGs
[2024-04-01T07:05:39.245+0000] {logging_mixin.py:188} INFO - [2024-04-01T07:05:39.245+0000] {dag.py:3834} INFO - Setting next_dagrun for example_sla_dag to 2024-04-01 07:02:00+00:00, run_after=2024-04-01 07:04:00+00:00
[2024-04-01T07:05:39.256+0000] {processor.py:183} INFO - Processing /home/airflow/.local/lib/python3.8/site-packages/airflow/example_dags/example_sla_dag.py took 0.055 seconds
[2024-04-01T07:06:09.394+0000] {processor.py:161} INFO - Started process (PID=552) to work on /home/airflow/.local/lib/python3.8/site-packages/airflow/example_dags/example_sla_dag.py
[2024-04-01T07:06:09.394+0000] {processor.py:830} INFO - Processing file /home/airflow/.local/lib/python3.8/site-packages/airflow/example_dags/example_sla_dag.py for tasks to queue
[2024-04-01T07:06:09.395+0000] {logging_mixin.py:188} INFO - [2024-04-01T07:06:09.395+0000] {dagbag.py:540} INFO - Filling up the DagBag from /home/airflow/.local/lib/python3.8/site-packages/airflow/example_dags/example_sla_dag.py
[2024-04-01T07:06:09.400+0000] {processor.py:840} INFO - DAG(s) 'example_sla_dag' retrieved from /home/airflow/.local/lib/python3.8/site-packages/airflow/example_dags/example_sla_dag.py
[2024-04-01T07:06:09.412+0000] {logging_mixin.py:188} INFO - [2024-04-01T07:06:09.411+0000] {dag.py:3047} INFO - Sync 1 DAGs
[2024-04-01T07:06:09.425+0000] {logging_mixin.py:188} INFO - [2024-04-01T07:06:09.425+0000] {dag.py:3834} INFO - Setting next_dagrun for example_sla_dag to 2024-04-01 07:04:00+00:00, run_after=2024-04-01 07:06:00+00:00
[2024-04-01T07:06:09.435+0000] {processor.py:183} INFO - Processing /home/airflow/.local/lib/python3.8/site-packages/airflow/example_dags/example_sla_dag.py took 0.044 seconds
[2024-04-01T07:06:39.743+0000] {processor.py:161} INFO - Started process (PID=607) to work on /home/airflow/.local/lib/python3.8/site-packages/airflow/example_dags/example_sla_dag.py
[2024-04-01T07:06:39.744+0000] {processor.py:830} INFO - Processing file /home/airflow/.local/lib/python3.8/site-packages/airflow/example_dags/example_sla_dag.py for tasks to queue
[2024-04-01T07:06:39.745+0000] {logging_mixin.py:188} INFO - [2024-04-01T07:06:39.745+0000] {dagbag.py:540} INFO - Filling up the DagBag from /home/airflow/.local/lib/python3.8/site-packages/airflow/example_dags/example_sla_dag.py
[2024-04-01T07:06:39.753+0000] {processor.py:840} INFO - DAG(s) 'example_sla_dag' retrieved from /home/airflow/.local/lib/python3.8/site-packages/airflow/example_dags/example_sla_dag.py
[2024-04-01T07:06:39.786+0000] {logging_mixin.py:188} INFO - [2024-04-01T07:06:39.784+0000] {dag.py:3047} INFO - Sync 1 DAGs
[2024-04-01T07:06:39.819+0000] {logging_mixin.py:188} INFO - [2024-04-01T07:06:39.819+0000] {dag.py:3834} INFO - Setting next_dagrun for example_sla_dag to 2024-04-01 07:04:00+00:00, run_after=2024-04-01 07:06:00+00:00
[2024-04-01T07:06:39.836+0000] {processor.py:183} INFO - Processing /home/airflow/.local/lib/python3.8/site-packages/airflow/example_dags/example_sla_dag.py took 0.096 seconds
[2024-04-01T07:07:09.889+0000] {processor.py:161} INFO - Started process (PID=662) to work on /home/airflow/.local/lib/python3.8/site-packages/airflow/example_dags/example_sla_dag.py
[2024-04-01T07:07:09.890+0000] {processor.py:830} INFO - Processing file /home/airflow/.local/lib/python3.8/site-packages/airflow/example_dags/example_sla_dag.py for tasks to queue
[2024-04-01T07:07:09.891+0000] {logging_mixin.py:188} INFO - [2024-04-01T07:07:09.891+0000] {dagbag.py:540} INFO - Filling up the DagBag from /home/airflow/.local/lib/python3.8/site-packages/airflow/example_dags/example_sla_dag.py
[2024-04-01T07:07:09.897+0000] {processor.py:840} INFO - DAG(s) 'example_sla_dag' retrieved from /home/airflow/.local/lib/python3.8/site-packages/airflow/example_dags/example_sla_dag.py
[2024-04-01T07:07:09.910+0000] {logging_mixin.py:188} INFO - [2024-04-01T07:07:09.910+0000] {dag.py:3047} INFO - Sync 1 DAGs
[2024-04-01T07:07:09.927+0000] {logging_mixin.py:188} INFO - [2024-04-01T07:07:09.927+0000] {dag.py:3834} INFO - Setting next_dagrun for example_sla_dag to 2024-04-01 07:04:00+00:00, run_after=2024-04-01 07:06:00+00:00
[2024-04-01T07:07:09.938+0000] {processor.py:183} INFO - Processing /home/airflow/.local/lib/python3.8/site-packages/airflow/example_dags/example_sla_dag.py took 0.051 seconds
[2024-04-01T07:07:40.131+0000] {processor.py:161} INFO - Started process (PID=717) to work on /home/airflow/.local/lib/python3.8/site-packages/airflow/example_dags/example_sla_dag.py
[2024-04-01T07:07:40.132+0000] {processor.py:830} INFO - Processing file /home/airflow/.local/lib/python3.8/site-packages/airflow/example_dags/example_sla_dag.py for tasks to queue
[2024-04-01T07:07:40.134+0000] {logging_mixin.py:188} INFO - [2024-04-01T07:07:40.133+0000] {dagbag.py:540} INFO - Filling up the DagBag from /home/airflow/.local/lib/python3.8/site-packages/airflow/example_dags/example_sla_dag.py
[2024-04-01T07:07:40.140+0000] {processor.py:840} INFO - DAG(s) 'example_sla_dag' retrieved from /home/airflow/.local/lib/python3.8/site-packages/airflow/example_dags/example_sla_dag.py
[2024-04-01T07:07:40.155+0000] {logging_mixin.py:188} INFO - [2024-04-01T07:07:40.155+0000] {dag.py:3047} INFO - Sync 1 DAGs
[2024-04-01T07:07:40.173+0000] {logging_mixin.py:188} INFO - [2024-04-01T07:07:40.173+0000] {dag.py:3834} INFO - Setting next_dagrun for example_sla_dag to 2024-04-01 07:04:00+00:00, run_after=2024-04-01 07:06:00+00:00
[2024-04-01T07:07:40.188+0000] {processor.py:183} INFO - Processing /home/airflow/.local/lib/python3.8/site-packages/airflow/example_dags/example_sla_dag.py took 0.059 seconds
[2024-04-01T07:08:10.314+0000] {processor.py:161} INFO - Started process (PID=772) to work on /home/airflow/.local/lib/python3.8/site-packages/airflow/example_dags/example_sla_dag.py
[2024-04-01T07:08:10.315+0000] {processor.py:830} INFO - Processing file /home/airflow/.local/lib/python3.8/site-packages/airflow/example_dags/example_sla_dag.py for tasks to queue
[2024-04-01T07:08:10.316+0000] {logging_mixin.py:188} INFO - [2024-04-01T07:08:10.316+0000] {dagbag.py:540} INFO - Filling up the DagBag from /home/airflow/.local/lib/python3.8/site-packages/airflow/example_dags/example_sla_dag.py
[2024-04-01T07:08:10.322+0000] {processor.py:840} INFO - DAG(s) 'example_sla_dag' retrieved from /home/airflow/.local/lib/python3.8/site-packages/airflow/example_dags/example_sla_dag.py
[2024-04-01T07:08:10.334+0000] {logging_mixin.py:188} INFO - [2024-04-01T07:08:10.333+0000] {dag.py:3047} INFO - Sync 1 DAGs
[2024-04-01T07:08:10.347+0000] {logging_mixin.py:188} INFO - [2024-04-01T07:08:10.347+0000] {dag.py:3834} INFO - Setting next_dagrun for example_sla_dag to 2024-04-01 07:06:00+00:00, run_after=2024-04-01 07:08:00+00:00
[2024-04-01T07:08:10.356+0000] {processor.py:183} INFO - Processing /home/airflow/.local/lib/python3.8/site-packages/airflow/example_dags/example_sla_dag.py took 0.044 seconds
[2024-04-01T07:08:41.115+0000] {processor.py:161} INFO - Started process (PID=827) to work on /home/airflow/.local/lib/python3.8/site-packages/airflow/example_dags/example_sla_dag.py
[2024-04-01T07:08:41.116+0000] {processor.py:830} INFO - Processing file /home/airflow/.local/lib/python3.8/site-packages/airflow/example_dags/example_sla_dag.py for tasks to queue
[2024-04-01T07:08:41.117+0000] {logging_mixin.py:188} INFO - [2024-04-01T07:08:41.117+0000] {dagbag.py:540} INFO - Filling up the DagBag from /home/airflow/.local/lib/python3.8/site-packages/airflow/example_dags/example_sla_dag.py
[2024-04-01T07:08:41.122+0000] {processor.py:840} INFO - DAG(s) 'example_sla_dag' retrieved from /home/airflow/.local/lib/python3.8/site-packages/airflow/example_dags/example_sla_dag.py
[2024-04-01T07:08:41.134+0000] {logging_mixin.py:188} INFO - [2024-04-01T07:08:41.134+0000] {dag.py:3047} INFO - Sync 1 DAGs
[2024-04-01T07:08:41.149+0000] {logging_mixin.py:188} INFO - [2024-04-01T07:08:41.149+0000] {dag.py:3834} INFO - Setting next_dagrun for example_sla_dag to 2024-04-01 07:06:00+00:00, run_after=2024-04-01 07:08:00+00:00
[2024-04-01T07:08:41.160+0000] {processor.py:183} INFO - Processing /home/airflow/.local/lib/python3.8/site-packages/airflow/example_dags/example_sla_dag.py took 0.047 seconds
[2024-04-01T07:09:11.331+0000] {processor.py:161} INFO - Started process (PID=882) to work on /home/airflow/.local/lib/python3.8/site-packages/airflow/example_dags/example_sla_dag.py
[2024-04-01T07:09:11.332+0000] {processor.py:830} INFO - Processing file /home/airflow/.local/lib/python3.8/site-packages/airflow/example_dags/example_sla_dag.py for tasks to queue
[2024-04-01T07:09:11.333+0000] {logging_mixin.py:188} INFO - [2024-04-01T07:09:11.333+0000] {dagbag.py:540} INFO - Filling up the DagBag from /home/airflow/.local/lib/python3.8/site-packages/airflow/example_dags/example_sla_dag.py
[2024-04-01T07:09:11.340+0000] {processor.py:840} INFO - DAG(s) 'example_sla_dag' retrieved from /home/airflow/.local/lib/python3.8/site-packages/airflow/example_dags/example_sla_dag.py
[2024-04-01T07:09:11.353+0000] {logging_mixin.py:188} INFO - [2024-04-01T07:09:11.352+0000] {dag.py:3047} INFO - Sync 1 DAGs
[2024-04-01T07:09:11.368+0000] {logging_mixin.py:188} INFO - [2024-04-01T07:09:11.368+0000] {dag.py:3834} INFO - Setting next_dagrun for example_sla_dag to 2024-04-01 07:06:00+00:00, run_after=2024-04-01 07:08:00+00:00
[2024-04-01T07:09:11.378+0000] {processor.py:183} INFO - Processing /home/airflow/.local/lib/python3.8/site-packages/airflow/example_dags/example_sla_dag.py took 0.049 seconds
[2024-04-01T07:09:42.280+0000] {processor.py:161} INFO - Started process (PID=937) to work on /home/airflow/.local/lib/python3.8/site-packages/airflow/example_dags/example_sla_dag.py
[2024-04-01T07:09:42.281+0000] {processor.py:830} INFO - Processing file /home/airflow/.local/lib/python3.8/site-packages/airflow/example_dags/example_sla_dag.py for tasks to queue
[2024-04-01T07:09:42.282+0000] {logging_mixin.py:188} INFO - [2024-04-01T07:09:42.281+0000] {dagbag.py:540} INFO - Filling up the DagBag from /home/airflow/.local/lib/python3.8/site-packages/airflow/example_dags/example_sla_dag.py
[2024-04-01T07:09:42.287+0000] {processor.py:840} INFO - DAG(s) 'example_sla_dag' retrieved from /home/airflow/.local/lib/python3.8/site-packages/airflow/example_dags/example_sla_dag.py
[2024-04-01T07:09:42.298+0000] {logging_mixin.py:188} INFO - [2024-04-01T07:09:42.298+0000] {dag.py:3047} INFO - Sync 1 DAGs
[2024-04-01T07:09:42.311+0000] {logging_mixin.py:188} INFO - [2024-04-01T07:09:42.311+0000] {dag.py:3834} INFO - Setting next_dagrun for example_sla_dag to 2024-04-01 07:06:00+00:00, run_after=2024-04-01 07:08:00+00:00
[2024-04-01T07:09:42.320+0000] {processor.py:183} INFO - Processing /home/airflow/.local/lib/python3.8/site-packages/airflow/example_dags/example_sla_dag.py took 0.042 seconds
[2024-04-01T07:10:13.182+0000] {processor.py:161} INFO - Started process (PID=992) to work on /home/airflow/.local/lib/python3.8/site-packages/airflow/example_dags/example_sla_dag.py
[2024-04-01T07:10:13.183+0000] {processor.py:830} INFO - Processing file /home/airflow/.local/lib/python3.8/site-packages/airflow/example_dags/example_sla_dag.py for tasks to queue
[2024-04-01T07:10:13.185+0000] {logging_mixin.py:188} INFO - [2024-04-01T07:10:13.184+0000] {dagbag.py:540} INFO - Filling up the DagBag from /home/airflow/.local/lib/python3.8/site-packages/airflow/example_dags/example_sla_dag.py
[2024-04-01T07:10:13.191+0000] {processor.py:840} INFO - DAG(s) 'example_sla_dag' retrieved from /home/airflow/.local/lib/python3.8/site-packages/airflow/example_dags/example_sla_dag.py
[2024-04-01T07:10:13.205+0000] {logging_mixin.py:188} INFO - [2024-04-01T07:10:13.205+0000] {dag.py:3047} INFO - Sync 1 DAGs
[2024-04-01T07:10:13.221+0000] {logging_mixin.py:188} INFO - [2024-04-01T07:10:13.221+0000] {dag.py:3834} INFO - Setting next_dagrun for example_sla_dag to 2024-04-01 07:08:00+00:00, run_after=2024-04-01 07:10:00+00:00
[2024-04-01T07:10:13.233+0000] {processor.py:183} INFO - Processing /home/airflow/.local/lib/python3.8/site-packages/airflow/example_dags/example_sla_dag.py took 0.054 seconds
[2024-04-01T07:10:43.258+0000] {processor.py:161} INFO - Started process (PID=1047) to work on /home/airflow/.local/lib/python3.8/site-packages/airflow/example_dags/example_sla_dag.py
[2024-04-01T07:10:43.259+0000] {processor.py:830} INFO - Processing file /home/airflow/.local/lib/python3.8/site-packages/airflow/example_dags/example_sla_dag.py for tasks to queue
[2024-04-01T07:10:43.260+0000] {logging_mixin.py:188} INFO - [2024-04-01T07:10:43.260+0000] {dagbag.py:540} INFO - Filling up the DagBag from /home/airflow/.local/lib/python3.8/site-packages/airflow/example_dags/example_sla_dag.py
[2024-04-01T07:10:43.266+0000] {processor.py:840} INFO - DAG(s) 'example_sla_dag' retrieved from /home/airflow/.local/lib/python3.8/site-packages/airflow/example_dags/example_sla_dag.py
[2024-04-01T07:10:43.277+0000] {logging_mixin.py:188} INFO - [2024-04-01T07:10:43.277+0000] {dag.py:3047} INFO - Sync 1 DAGs
[2024-04-01T07:10:43.290+0000] {logging_mixin.py:188} INFO - [2024-04-01T07:10:43.290+0000] {dag.py:3834} INFO - Setting next_dagrun for example_sla_dag to 2024-04-01 07:08:00+00:00, run_after=2024-04-01 07:10:00+00:00
[2024-04-01T07:10:43.300+0000] {processor.py:183} INFO - Processing /home/airflow/.local/lib/python3.8/site-packages/airflow/example_dags/example_sla_dag.py took 0.044 seconds
[2024-04-01T07:11:13.365+0000] {processor.py:161} INFO - Started process (PID=1109) to work on /home/airflow/.local/lib/python3.8/site-packages/airflow/example_dags/example_sla_dag.py
[2024-04-01T07:11:13.365+0000] {processor.py:830} INFO - Processing file /home/airflow/.local/lib/python3.8/site-packages/airflow/example_dags/example_sla_dag.py for tasks to queue
[2024-04-01T07:11:13.366+0000] {logging_mixin.py:188} INFO - [2024-04-01T07:11:13.366+0000] {dagbag.py:540} INFO - Filling up the DagBag from /home/airflow/.local/lib/python3.8/site-packages/airflow/example_dags/example_sla_dag.py
[2024-04-01T07:11:13.371+0000] {processor.py:840} INFO - DAG(s) 'example_sla_dag' retrieved from /home/airflow/.local/lib/python3.8/site-packages/airflow/example_dags/example_sla_dag.py
[2024-04-01T07:11:13.382+0000] {logging_mixin.py:188} INFO - [2024-04-01T07:11:13.382+0000] {dag.py:3047} INFO - Sync 1 DAGs
[2024-04-01T07:11:13.395+0000] {logging_mixin.py:188} INFO - [2024-04-01T07:11:13.395+0000] {dag.py:3834} INFO - Setting next_dagrun for example_sla_dag to 2024-04-01 07:08:00+00:00, run_after=2024-04-01 07:10:00+00:00
[2024-04-01T07:11:13.405+0000] {processor.py:183} INFO - Processing /home/airflow/.local/lib/python3.8/site-packages/airflow/example_dags/example_sla_dag.py took 0.043 seconds
[2024-04-01T07:11:43.471+0000] {processor.py:161} INFO - Started process (PID=1164) to work on /home/airflow/.local/lib/python3.8/site-packages/airflow/example_dags/example_sla_dag.py
[2024-04-01T07:11:43.472+0000] {processor.py:830} INFO - Processing file /home/airflow/.local/lib/python3.8/site-packages/airflow/example_dags/example_sla_dag.py for tasks to queue
[2024-04-01T07:11:43.473+0000] {logging_mixin.py:188} INFO - [2024-04-01T07:11:43.473+0000] {dagbag.py:540} INFO - Filling up the DagBag from /home/airflow/.local/lib/python3.8/site-packages/airflow/example_dags/example_sla_dag.py
[2024-04-01T07:11:43.479+0000] {processor.py:840} INFO - DAG(s) 'example_sla_dag' retrieved from /home/airflow/.local/lib/python3.8/site-packages/airflow/example_dags/example_sla_dag.py
[2024-04-01T07:11:43.491+0000] {logging_mixin.py:188} INFO - [2024-04-01T07:11:43.491+0000] {dag.py:3047} INFO - Sync 1 DAGs
[2024-04-01T07:11:43.506+0000] {logging_mixin.py:188} INFO - [2024-04-01T07:11:43.505+0000] {dag.py:3834} INFO - Setting next_dagrun for example_sla_dag to 2024-04-01 07:08:00+00:00, run_after=2024-04-01 07:10:00+00:00
[2024-04-01T07:11:43.516+0000] {processor.py:183} INFO - Processing /home/airflow/.local/lib/python3.8/site-packages/airflow/example_dags/example_sla_dag.py took 0.046 seconds
[2024-04-01T07:12:13.715+0000] {processor.py:161} INFO - Started process (PID=1219) to work on /home/airflow/.local/lib/python3.8/site-packages/airflow/example_dags/example_sla_dag.py
[2024-04-01T07:12:13.716+0000] {processor.py:830} INFO - Processing file /home/airflow/.local/lib/python3.8/site-packages/airflow/example_dags/example_sla_dag.py for tasks to queue
[2024-04-01T07:12:13.717+0000] {logging_mixin.py:188} INFO - [2024-04-01T07:12:13.717+0000] {dagbag.py:540} INFO - Filling up the DagBag from /home/airflow/.local/lib/python3.8/site-packages/airflow/example_dags/example_sla_dag.py
[2024-04-01T07:12:13.722+0000] {processor.py:840} INFO - DAG(s) 'example_sla_dag' retrieved from /home/airflow/.local/lib/python3.8/site-packages/airflow/example_dags/example_sla_dag.py
[2024-04-01T07:12:13.735+0000] {logging_mixin.py:188} INFO - [2024-04-01T07:12:13.734+0000] {dag.py:3047} INFO - Sync 1 DAGs
[2024-04-01T07:12:13.749+0000] {logging_mixin.py:188} INFO - [2024-04-01T07:12:13.749+0000] {dag.py:3834} INFO - Setting next_dagrun for example_sla_dag to 2024-04-01 07:10:00+00:00, run_after=2024-04-01 07:12:00+00:00
[2024-04-01T07:12:13.759+0000] {processor.py:183} INFO - Processing /home/airflow/.local/lib/python3.8/site-packages/airflow/example_dags/example_sla_dag.py took 0.047 seconds
