[2024-04-01T06:47:27.073+0000] {processor.py:161} INFO - Started process (PID=74) to work on /home/airflow/.local/lib/python3.8/site-packages/airflow/example_dags/example_trigger_target_dag.py
[2024-04-01T06:47:27.074+0000] {processor.py:830} INFO - Processing file /home/airflow/.local/lib/python3.8/site-packages/airflow/example_dags/example_trigger_target_dag.py for tasks to queue
[2024-04-01T06:47:27.075+0000] {logging_mixin.py:188} INFO - [2024-04-01T06:47:27.075+0000] {dagbag.py:540} INFO - Filling up the DagBag from /home/airflow/.local/lib/python3.8/site-packages/airflow/example_dags/example_trigger_target_dag.py
[2024-04-01T06:47:27.081+0000] {processor.py:840} INFO - DAG(s) 'example_trigger_target_dag' retrieved from /home/airflow/.local/lib/python3.8/site-packages/airflow/example_dags/example_trigger_target_dag.py
[2024-04-01T06:47:27.090+0000] {logging_mixin.py:188} INFO - [2024-04-01T06:47:27.090+0000] {dag.py:3047} INFO - Sync 1 DAGs
[2024-04-01T06:47:27.101+0000] {logging_mixin.py:188} INFO - [2024-04-01T06:47:27.100+0000] {dag.py:3834} INFO - Setting next_dagrun for example_trigger_target_dag to None, run_after=None
[2024-04-01T06:47:27.114+0000] {processor.py:183} INFO - Processing /home/airflow/.local/lib/python3.8/site-packages/airflow/example_dags/example_trigger_target_dag.py took 0.043 seconds
[2024-04-01T06:47:58.440+0000] {processor.py:161} INFO - Started process (PID=129) to work on /home/airflow/.local/lib/python3.8/site-packages/airflow/example_dags/example_trigger_target_dag.py
[2024-04-01T06:47:58.441+0000] {processor.py:830} INFO - Processing file /home/airflow/.local/lib/python3.8/site-packages/airflow/example_dags/example_trigger_target_dag.py for tasks to queue
[2024-04-01T06:47:58.442+0000] {logging_mixin.py:188} INFO - [2024-04-01T06:47:58.442+0000] {dagbag.py:540} INFO - Filling up the DagBag from /home/airflow/.local/lib/python3.8/site-packages/airflow/example_dags/example_trigger_target_dag.py
[2024-04-01T06:47:58.446+0000] {processor.py:840} INFO - DAG(s) 'example_trigger_target_dag' retrieved from /home/airflow/.local/lib/python3.8/site-packages/airflow/example_dags/example_trigger_target_dag.py
[2024-04-01T06:47:58.498+0000] {logging_mixin.py:188} INFO - [2024-04-01T06:47:58.498+0000] {dag.py:3047} INFO - Sync 1 DAGs
[2024-04-01T06:47:58.503+0000] {logging_mixin.py:188} INFO - [2024-04-01T06:47:58.503+0000] {dag.py:3834} INFO - Setting next_dagrun for example_trigger_target_dag to None, run_after=None
[2024-04-01T06:47:58.512+0000] {processor.py:183} INFO - Processing /home/airflow/.local/lib/python3.8/site-packages/airflow/example_dags/example_trigger_target_dag.py took 0.074 seconds
[2024-04-01T06:48:28.548+0000] {processor.py:161} INFO - Started process (PID=184) to work on /home/airflow/.local/lib/python3.8/site-packages/airflow/example_dags/example_trigger_target_dag.py
[2024-04-01T06:48:28.549+0000] {processor.py:830} INFO - Processing file /home/airflow/.local/lib/python3.8/site-packages/airflow/example_dags/example_trigger_target_dag.py for tasks to queue
[2024-04-01T06:48:28.550+0000] {logging_mixin.py:188} INFO - [2024-04-01T06:48:28.550+0000] {dagbag.py:540} INFO - Filling up the DagBag from /home/airflow/.local/lib/python3.8/site-packages/airflow/example_dags/example_trigger_target_dag.py
[2024-04-01T06:48:28.555+0000] {processor.py:840} INFO - DAG(s) 'example_trigger_target_dag' retrieved from /home/airflow/.local/lib/python3.8/site-packages/airflow/example_dags/example_trigger_target_dag.py
[2024-04-01T06:48:28.570+0000] {logging_mixin.py:188} INFO - [2024-04-01T06:48:28.570+0000] {dag.py:3047} INFO - Sync 1 DAGs
[2024-04-01T06:48:28.578+0000] {logging_mixin.py:188} INFO - [2024-04-01T06:48:28.578+0000] {dag.py:3834} INFO - Setting next_dagrun for example_trigger_target_dag to None, run_after=None
[2024-04-01T06:48:28.588+0000] {processor.py:183} INFO - Processing /home/airflow/.local/lib/python3.8/site-packages/airflow/example_dags/example_trigger_target_dag.py took 0.042 seconds
[2024-04-01T06:48:59.206+0000] {processor.py:161} INFO - Started process (PID=239) to work on /home/airflow/.local/lib/python3.8/site-packages/airflow/example_dags/example_trigger_target_dag.py
[2024-04-01T06:48:59.206+0000] {processor.py:830} INFO - Processing file /home/airflow/.local/lib/python3.8/site-packages/airflow/example_dags/example_trigger_target_dag.py for tasks to queue
[2024-04-01T06:48:59.208+0000] {logging_mixin.py:188} INFO - [2024-04-01T06:48:59.207+0000] {dagbag.py:540} INFO - Filling up the DagBag from /home/airflow/.local/lib/python3.8/site-packages/airflow/example_dags/example_trigger_target_dag.py
[2024-04-01T06:48:59.211+0000] {processor.py:840} INFO - DAG(s) 'example_trigger_target_dag' retrieved from /home/airflow/.local/lib/python3.8/site-packages/airflow/example_dags/example_trigger_target_dag.py
[2024-04-01T06:48:59.222+0000] {logging_mixin.py:188} INFO - [2024-04-01T06:48:59.222+0000] {dag.py:3047} INFO - Sync 1 DAGs
[2024-04-01T06:48:59.229+0000] {logging_mixin.py:188} INFO - [2024-04-01T06:48:59.229+0000] {dag.py:3834} INFO - Setting next_dagrun for example_trigger_target_dag to None, run_after=None
[2024-04-01T06:48:59.238+0000] {processor.py:183} INFO - Processing /home/airflow/.local/lib/python3.8/site-packages/airflow/example_dags/example_trigger_target_dag.py took 0.034 seconds
[2024-04-01T06:49:29.912+0000] {processor.py:161} INFO - Started process (PID=294) to work on /home/airflow/.local/lib/python3.8/site-packages/airflow/example_dags/example_trigger_target_dag.py
[2024-04-01T06:49:29.913+0000] {processor.py:830} INFO - Processing file /home/airflow/.local/lib/python3.8/site-packages/airflow/example_dags/example_trigger_target_dag.py for tasks to queue
[2024-04-01T06:49:29.914+0000] {logging_mixin.py:188} INFO - [2024-04-01T06:49:29.913+0000] {dagbag.py:540} INFO - Filling up the DagBag from /home/airflow/.local/lib/python3.8/site-packages/airflow/example_dags/example_trigger_target_dag.py
[2024-04-01T06:49:29.917+0000] {processor.py:840} INFO - DAG(s) 'example_trigger_target_dag' retrieved from /home/airflow/.local/lib/python3.8/site-packages/airflow/example_dags/example_trigger_target_dag.py
[2024-04-01T06:49:29.928+0000] {logging_mixin.py:188} INFO - [2024-04-01T06:49:29.928+0000] {dag.py:3047} INFO - Sync 1 DAGs
[2024-04-01T06:49:29.935+0000] {logging_mixin.py:188} INFO - [2024-04-01T06:49:29.935+0000] {dag.py:3834} INFO - Setting next_dagrun for example_trigger_target_dag to None, run_after=None
[2024-04-01T06:49:29.943+0000] {processor.py:183} INFO - Processing /home/airflow/.local/lib/python3.8/site-packages/airflow/example_dags/example_trigger_target_dag.py took 0.033 seconds
[2024-04-01T06:50:00.938+0000] {processor.py:161} INFO - Started process (PID=349) to work on /home/airflow/.local/lib/python3.8/site-packages/airflow/example_dags/example_trigger_target_dag.py
[2024-04-01T06:50:00.939+0000] {processor.py:830} INFO - Processing file /home/airflow/.local/lib/python3.8/site-packages/airflow/example_dags/example_trigger_target_dag.py for tasks to queue
[2024-04-01T06:50:00.941+0000] {logging_mixin.py:188} INFO - [2024-04-01T06:50:00.940+0000] {dagbag.py:540} INFO - Filling up the DagBag from /home/airflow/.local/lib/python3.8/site-packages/airflow/example_dags/example_trigger_target_dag.py
[2024-04-01T06:50:00.945+0000] {processor.py:840} INFO - DAG(s) 'example_trigger_target_dag' retrieved from /home/airflow/.local/lib/python3.8/site-packages/airflow/example_dags/example_trigger_target_dag.py
[2024-04-01T06:50:00.958+0000] {logging_mixin.py:188} INFO - [2024-04-01T06:50:00.958+0000] {dag.py:3047} INFO - Sync 1 DAGs
[2024-04-01T06:50:00.965+0000] {logging_mixin.py:188} INFO - [2024-04-01T06:50:00.965+0000] {dag.py:3834} INFO - Setting next_dagrun for example_trigger_target_dag to None, run_after=None
[2024-04-01T06:50:00.975+0000] {processor.py:183} INFO - Processing /home/airflow/.local/lib/python3.8/site-packages/airflow/example_dags/example_trigger_target_dag.py took 0.039 seconds
[2024-04-01T06:50:31.897+0000] {processor.py:161} INFO - Started process (PID=404) to work on /home/airflow/.local/lib/python3.8/site-packages/airflow/example_dags/example_trigger_target_dag.py
[2024-04-01T06:50:31.897+0000] {processor.py:830} INFO - Processing file /home/airflow/.local/lib/python3.8/site-packages/airflow/example_dags/example_trigger_target_dag.py for tasks to queue
[2024-04-01T06:50:31.898+0000] {logging_mixin.py:188} INFO - [2024-04-01T06:50:31.898+0000] {dagbag.py:540} INFO - Filling up the DagBag from /home/airflow/.local/lib/python3.8/site-packages/airflow/example_dags/example_trigger_target_dag.py
[2024-04-01T06:50:31.902+0000] {processor.py:840} INFO - DAG(s) 'example_trigger_target_dag' retrieved from /home/airflow/.local/lib/python3.8/site-packages/airflow/example_dags/example_trigger_target_dag.py
[2024-04-01T06:50:31.911+0000] {logging_mixin.py:188} INFO - [2024-04-01T06:50:31.911+0000] {dag.py:3047} INFO - Sync 1 DAGs
[2024-04-01T06:50:31.917+0000] {logging_mixin.py:188} INFO - [2024-04-01T06:50:31.917+0000] {dag.py:3834} INFO - Setting next_dagrun for example_trigger_target_dag to None, run_after=None
[2024-04-01T06:50:31.926+0000] {processor.py:183} INFO - Processing /home/airflow/.local/lib/python3.8/site-packages/airflow/example_dags/example_trigger_target_dag.py took 0.031 seconds
[2024-04-01T06:51:02.574+0000] {processor.py:161} INFO - Started process (PID=459) to work on /home/airflow/.local/lib/python3.8/site-packages/airflow/example_dags/example_trigger_target_dag.py
[2024-04-01T06:51:02.574+0000] {processor.py:830} INFO - Processing file /home/airflow/.local/lib/python3.8/site-packages/airflow/example_dags/example_trigger_target_dag.py for tasks to queue
[2024-04-01T06:51:02.575+0000] {logging_mixin.py:188} INFO - [2024-04-01T06:51:02.575+0000] {dagbag.py:540} INFO - Filling up the DagBag from /home/airflow/.local/lib/python3.8/site-packages/airflow/example_dags/example_trigger_target_dag.py
[2024-04-01T06:51:02.579+0000] {processor.py:840} INFO - DAG(s) 'example_trigger_target_dag' retrieved from /home/airflow/.local/lib/python3.8/site-packages/airflow/example_dags/example_trigger_target_dag.py
[2024-04-01T06:51:02.589+0000] {logging_mixin.py:188} INFO - [2024-04-01T06:51:02.589+0000] {dag.py:3047} INFO - Sync 1 DAGs
[2024-04-01T06:51:02.596+0000] {logging_mixin.py:188} INFO - [2024-04-01T06:51:02.596+0000] {dag.py:3834} INFO - Setting next_dagrun for example_trigger_target_dag to None, run_after=None
[2024-04-01T06:51:02.604+0000] {processor.py:183} INFO - Processing /home/airflow/.local/lib/python3.8/site-packages/airflow/example_dags/example_trigger_target_dag.py took 0.032 seconds
[2024-04-01T06:51:33.302+0000] {processor.py:161} INFO - Started process (PID=514) to work on /home/airflow/.local/lib/python3.8/site-packages/airflow/example_dags/example_trigger_target_dag.py
[2024-04-01T06:51:33.303+0000] {processor.py:830} INFO - Processing file /home/airflow/.local/lib/python3.8/site-packages/airflow/example_dags/example_trigger_target_dag.py for tasks to queue
[2024-04-01T06:51:33.304+0000] {logging_mixin.py:188} INFO - [2024-04-01T06:51:33.304+0000] {dagbag.py:540} INFO - Filling up the DagBag from /home/airflow/.local/lib/python3.8/site-packages/airflow/example_dags/example_trigger_target_dag.py
[2024-04-01T06:51:33.307+0000] {processor.py:840} INFO - DAG(s) 'example_trigger_target_dag' retrieved from /home/airflow/.local/lib/python3.8/site-packages/airflow/example_dags/example_trigger_target_dag.py
[2024-04-01T06:51:33.318+0000] {logging_mixin.py:188} INFO - [2024-04-01T06:51:33.318+0000] {dag.py:3047} INFO - Sync 1 DAGs
[2024-04-01T06:51:33.324+0000] {logging_mixin.py:188} INFO - [2024-04-01T06:51:33.324+0000] {dag.py:3834} INFO - Setting next_dagrun for example_trigger_target_dag to None, run_after=None
[2024-04-01T06:51:33.333+0000] {processor.py:183} INFO - Processing /home/airflow/.local/lib/python3.8/site-packages/airflow/example_dags/example_trigger_target_dag.py took 0.032 seconds
[2024-04-01T06:52:04.164+0000] {processor.py:161} INFO - Started process (PID=569) to work on /home/airflow/.local/lib/python3.8/site-packages/airflow/example_dags/example_trigger_target_dag.py
[2024-04-01T06:52:04.164+0000] {processor.py:830} INFO - Processing file /home/airflow/.local/lib/python3.8/site-packages/airflow/example_dags/example_trigger_target_dag.py for tasks to queue
[2024-04-01T06:52:04.166+0000] {logging_mixin.py:188} INFO - [2024-04-01T06:52:04.165+0000] {dagbag.py:540} INFO - Filling up the DagBag from /home/airflow/.local/lib/python3.8/site-packages/airflow/example_dags/example_trigger_target_dag.py
[2024-04-01T06:52:04.172+0000] {processor.py:840} INFO - DAG(s) 'example_trigger_target_dag' retrieved from /home/airflow/.local/lib/python3.8/site-packages/airflow/example_dags/example_trigger_target_dag.py
[2024-04-01T06:52:04.183+0000] {logging_mixin.py:188} INFO - [2024-04-01T06:52:04.182+0000] {dag.py:3047} INFO - Sync 1 DAGs
[2024-04-01T06:52:04.189+0000] {logging_mixin.py:188} INFO - [2024-04-01T06:52:04.189+0000] {dag.py:3834} INFO - Setting next_dagrun for example_trigger_target_dag to None, run_after=None
[2024-04-01T06:52:04.198+0000] {processor.py:183} INFO - Processing /home/airflow/.local/lib/python3.8/site-packages/airflow/example_dags/example_trigger_target_dag.py took 0.036 seconds
[2024-04-01T06:52:34.992+0000] {processor.py:161} INFO - Started process (PID=624) to work on /home/airflow/.local/lib/python3.8/site-packages/airflow/example_dags/example_trigger_target_dag.py
[2024-04-01T06:52:34.993+0000] {processor.py:830} INFO - Processing file /home/airflow/.local/lib/python3.8/site-packages/airflow/example_dags/example_trigger_target_dag.py for tasks to queue
[2024-04-01T06:52:34.994+0000] {logging_mixin.py:188} INFO - [2024-04-01T06:52:34.994+0000] {dagbag.py:540} INFO - Filling up the DagBag from /home/airflow/.local/lib/python3.8/site-packages/airflow/example_dags/example_trigger_target_dag.py
[2024-04-01T06:52:34.999+0000] {processor.py:840} INFO - DAG(s) 'example_trigger_target_dag' retrieved from /home/airflow/.local/lib/python3.8/site-packages/airflow/example_dags/example_trigger_target_dag.py
[2024-04-01T06:52:35.013+0000] {logging_mixin.py:188} INFO - [2024-04-01T06:52:35.013+0000] {dag.py:3047} INFO - Sync 1 DAGs
[2024-04-01T06:52:35.021+0000] {logging_mixin.py:188} INFO - [2024-04-01T06:52:35.021+0000] {dag.py:3834} INFO - Setting next_dagrun for example_trigger_target_dag to None, run_after=None
[2024-04-01T06:52:35.032+0000] {processor.py:183} INFO - Processing /home/airflow/.local/lib/python3.8/site-packages/airflow/example_dags/example_trigger_target_dag.py took 0.043 seconds
[2024-04-01T06:53:05.227+0000] {processor.py:161} INFO - Started process (PID=679) to work on /home/airflow/.local/lib/python3.8/site-packages/airflow/example_dags/example_trigger_target_dag.py
[2024-04-01T06:53:05.228+0000] {processor.py:830} INFO - Processing file /home/airflow/.local/lib/python3.8/site-packages/airflow/example_dags/example_trigger_target_dag.py for tasks to queue
[2024-04-01T06:53:05.229+0000] {logging_mixin.py:188} INFO - [2024-04-01T06:53:05.229+0000] {dagbag.py:540} INFO - Filling up the DagBag from /home/airflow/.local/lib/python3.8/site-packages/airflow/example_dags/example_trigger_target_dag.py
[2024-04-01T06:53:05.233+0000] {processor.py:840} INFO - DAG(s) 'example_trigger_target_dag' retrieved from /home/airflow/.local/lib/python3.8/site-packages/airflow/example_dags/example_trigger_target_dag.py
[2024-04-01T06:53:05.244+0000] {logging_mixin.py:188} INFO - [2024-04-01T06:53:05.244+0000] {dag.py:3047} INFO - Sync 1 DAGs
[2024-04-01T06:53:05.251+0000] {logging_mixin.py:188} INFO - [2024-04-01T06:53:05.251+0000] {dag.py:3834} INFO - Setting next_dagrun for example_trigger_target_dag to None, run_after=None
[2024-04-01T06:53:05.260+0000] {processor.py:183} INFO - Processing /home/airflow/.local/lib/python3.8/site-packages/airflow/example_dags/example_trigger_target_dag.py took 0.035 seconds
[2024-04-01T06:53:35.455+0000] {processor.py:161} INFO - Started process (PID=734) to work on /home/airflow/.local/lib/python3.8/site-packages/airflow/example_dags/example_trigger_target_dag.py
[2024-04-01T06:53:35.456+0000] {processor.py:830} INFO - Processing file /home/airflow/.local/lib/python3.8/site-packages/airflow/example_dags/example_trigger_target_dag.py for tasks to queue
[2024-04-01T06:53:35.457+0000] {logging_mixin.py:188} INFO - [2024-04-01T06:53:35.457+0000] {dagbag.py:540} INFO - Filling up the DagBag from /home/airflow/.local/lib/python3.8/site-packages/airflow/example_dags/example_trigger_target_dag.py
[2024-04-01T06:53:35.462+0000] {processor.py:840} INFO - DAG(s) 'example_trigger_target_dag' retrieved from /home/airflow/.local/lib/python3.8/site-packages/airflow/example_dags/example_trigger_target_dag.py
[2024-04-01T06:53:35.478+0000] {logging_mixin.py:188} INFO - [2024-04-01T06:53:35.478+0000] {dag.py:3047} INFO - Sync 1 DAGs
[2024-04-01T06:53:35.486+0000] {logging_mixin.py:188} INFO - [2024-04-01T06:53:35.486+0000] {dag.py:3834} INFO - Setting next_dagrun for example_trigger_target_dag to None, run_after=None
[2024-04-01T06:53:35.496+0000] {processor.py:183} INFO - Processing /home/airflow/.local/lib/python3.8/site-packages/airflow/example_dags/example_trigger_target_dag.py took 0.045 seconds
[2024-04-01T06:54:06.190+0000] {processor.py:161} INFO - Started process (PID=789) to work on /home/airflow/.local/lib/python3.8/site-packages/airflow/example_dags/example_trigger_target_dag.py
[2024-04-01T06:54:06.191+0000] {processor.py:830} INFO - Processing file /home/airflow/.local/lib/python3.8/site-packages/airflow/example_dags/example_trigger_target_dag.py for tasks to queue
[2024-04-01T06:54:06.192+0000] {logging_mixin.py:188} INFO - [2024-04-01T06:54:06.192+0000] {dagbag.py:540} INFO - Filling up the DagBag from /home/airflow/.local/lib/python3.8/site-packages/airflow/example_dags/example_trigger_target_dag.py
[2024-04-01T06:54:06.196+0000] {processor.py:840} INFO - DAG(s) 'example_trigger_target_dag' retrieved from /home/airflow/.local/lib/python3.8/site-packages/airflow/example_dags/example_trigger_target_dag.py
[2024-04-01T06:54:06.207+0000] {logging_mixin.py:188} INFO - [2024-04-01T06:54:06.207+0000] {dag.py:3047} INFO - Sync 1 DAGs
[2024-04-01T06:54:06.214+0000] {logging_mixin.py:188} INFO - [2024-04-01T06:54:06.214+0000] {dag.py:3834} INFO - Setting next_dagrun for example_trigger_target_dag to None, run_after=None
[2024-04-01T06:54:06.223+0000] {processor.py:183} INFO - Processing /home/airflow/.local/lib/python3.8/site-packages/airflow/example_dags/example_trigger_target_dag.py took 0.034 seconds
[2024-04-01T06:54:36.902+0000] {processor.py:161} INFO - Started process (PID=844) to work on /home/airflow/.local/lib/python3.8/site-packages/airflow/example_dags/example_trigger_target_dag.py
[2024-04-01T06:54:36.902+0000] {processor.py:830} INFO - Processing file /home/airflow/.local/lib/python3.8/site-packages/airflow/example_dags/example_trigger_target_dag.py for tasks to queue
[2024-04-01T06:54:36.903+0000] {logging_mixin.py:188} INFO - [2024-04-01T06:54:36.903+0000] {dagbag.py:540} INFO - Filling up the DagBag from /home/airflow/.local/lib/python3.8/site-packages/airflow/example_dags/example_trigger_target_dag.py
[2024-04-01T06:54:36.907+0000] {processor.py:840} INFO - DAG(s) 'example_trigger_target_dag' retrieved from /home/airflow/.local/lib/python3.8/site-packages/airflow/example_dags/example_trigger_target_dag.py
[2024-04-01T06:54:36.919+0000] {logging_mixin.py:188} INFO - [2024-04-01T06:54:36.919+0000] {dag.py:3047} INFO - Sync 1 DAGs
[2024-04-01T06:54:36.926+0000] {logging_mixin.py:188} INFO - [2024-04-01T06:54:36.925+0000] {dag.py:3834} INFO - Setting next_dagrun for example_trigger_target_dag to None, run_after=None
[2024-04-01T06:54:36.939+0000] {processor.py:183} INFO - Processing /home/airflow/.local/lib/python3.8/site-packages/airflow/example_dags/example_trigger_target_dag.py took 0.039 seconds
[2024-04-01T06:55:07.662+0000] {processor.py:161} INFO - Started process (PID=899) to work on /home/airflow/.local/lib/python3.8/site-packages/airflow/example_dags/example_trigger_target_dag.py
[2024-04-01T06:55:07.662+0000] {processor.py:830} INFO - Processing file /home/airflow/.local/lib/python3.8/site-packages/airflow/example_dags/example_trigger_target_dag.py for tasks to queue
[2024-04-01T06:55:07.664+0000] {logging_mixin.py:188} INFO - [2024-04-01T06:55:07.664+0000] {dagbag.py:540} INFO - Filling up the DagBag from /home/airflow/.local/lib/python3.8/site-packages/airflow/example_dags/example_trigger_target_dag.py
[2024-04-01T06:55:07.668+0000] {processor.py:840} INFO - DAG(s) 'example_trigger_target_dag' retrieved from /home/airflow/.local/lib/python3.8/site-packages/airflow/example_dags/example_trigger_target_dag.py
[2024-04-01T06:55:07.680+0000] {logging_mixin.py:188} INFO - [2024-04-01T06:55:07.680+0000] {dag.py:3047} INFO - Sync 1 DAGs
[2024-04-01T06:55:07.687+0000] {logging_mixin.py:188} INFO - [2024-04-01T06:55:07.687+0000] {dag.py:3834} INFO - Setting next_dagrun for example_trigger_target_dag to None, run_after=None
[2024-04-01T06:55:07.699+0000] {processor.py:183} INFO - Processing /home/airflow/.local/lib/python3.8/site-packages/airflow/example_dags/example_trigger_target_dag.py took 0.040 seconds
[2024-04-01T06:55:38.402+0000] {processor.py:161} INFO - Started process (PID=954) to work on /home/airflow/.local/lib/python3.8/site-packages/airflow/example_dags/example_trigger_target_dag.py
[2024-04-01T06:55:38.402+0000] {processor.py:830} INFO - Processing file /home/airflow/.local/lib/python3.8/site-packages/airflow/example_dags/example_trigger_target_dag.py for tasks to queue
[2024-04-01T06:55:38.403+0000] {logging_mixin.py:188} INFO - [2024-04-01T06:55:38.403+0000] {dagbag.py:540} INFO - Filling up the DagBag from /home/airflow/.local/lib/python3.8/site-packages/airflow/example_dags/example_trigger_target_dag.py
[2024-04-01T06:55:38.408+0000] {processor.py:840} INFO - DAG(s) 'example_trigger_target_dag' retrieved from /home/airflow/.local/lib/python3.8/site-packages/airflow/example_dags/example_trigger_target_dag.py
[2024-04-01T06:55:38.420+0000] {logging_mixin.py:188} INFO - [2024-04-01T06:55:38.420+0000] {dag.py:3047} INFO - Sync 1 DAGs
[2024-04-01T06:55:38.428+0000] {logging_mixin.py:188} INFO - [2024-04-01T06:55:38.427+0000] {dag.py:3834} INFO - Setting next_dagrun for example_trigger_target_dag to None, run_after=None
[2024-04-01T06:55:38.438+0000] {processor.py:183} INFO - Processing /home/airflow/.local/lib/python3.8/site-packages/airflow/example_dags/example_trigger_target_dag.py took 0.039 seconds
[2024-04-01T06:56:09.086+0000] {processor.py:161} INFO - Started process (PID=1009) to work on /home/airflow/.local/lib/python3.8/site-packages/airflow/example_dags/example_trigger_target_dag.py
[2024-04-01T06:56:09.087+0000] {processor.py:830} INFO - Processing file /home/airflow/.local/lib/python3.8/site-packages/airflow/example_dags/example_trigger_target_dag.py for tasks to queue
[2024-04-01T06:56:09.088+0000] {logging_mixin.py:188} INFO - [2024-04-01T06:56:09.088+0000] {dagbag.py:540} INFO - Filling up the DagBag from /home/airflow/.local/lib/python3.8/site-packages/airflow/example_dags/example_trigger_target_dag.py
[2024-04-01T06:56:09.091+0000] {processor.py:840} INFO - DAG(s) 'example_trigger_target_dag' retrieved from /home/airflow/.local/lib/python3.8/site-packages/airflow/example_dags/example_trigger_target_dag.py
[2024-04-01T06:56:09.102+0000] {logging_mixin.py:188} INFO - [2024-04-01T06:56:09.101+0000] {dag.py:3047} INFO - Sync 1 DAGs
[2024-04-01T06:56:09.108+0000] {logging_mixin.py:188} INFO - [2024-04-01T06:56:09.108+0000] {dag.py:3834} INFO - Setting next_dagrun for example_trigger_target_dag to None, run_after=None
[2024-04-01T06:56:09.116+0000] {processor.py:183} INFO - Processing /home/airflow/.local/lib/python3.8/site-packages/airflow/example_dags/example_trigger_target_dag.py took 0.032 seconds
[2024-04-01T06:56:39.882+0000] {processor.py:161} INFO - Started process (PID=1063) to work on /home/airflow/.local/lib/python3.8/site-packages/airflow/example_dags/example_trigger_target_dag.py
[2024-04-01T06:56:39.883+0000] {processor.py:830} INFO - Processing file /home/airflow/.local/lib/python3.8/site-packages/airflow/example_dags/example_trigger_target_dag.py for tasks to queue
[2024-04-01T06:56:39.884+0000] {logging_mixin.py:188} INFO - [2024-04-01T06:56:39.884+0000] {dagbag.py:540} INFO - Filling up the DagBag from /home/airflow/.local/lib/python3.8/site-packages/airflow/example_dags/example_trigger_target_dag.py
[2024-04-01T06:56:39.888+0000] {processor.py:840} INFO - DAG(s) 'example_trigger_target_dag' retrieved from /home/airflow/.local/lib/python3.8/site-packages/airflow/example_dags/example_trigger_target_dag.py
[2024-04-01T06:56:39.899+0000] {logging_mixin.py:188} INFO - [2024-04-01T06:56:39.899+0000] {dag.py:3047} INFO - Sync 1 DAGs
[2024-04-01T06:56:39.906+0000] {logging_mixin.py:188} INFO - [2024-04-01T06:56:39.906+0000] {dag.py:3834} INFO - Setting next_dagrun for example_trigger_target_dag to None, run_after=None
[2024-04-01T06:56:39.916+0000] {processor.py:183} INFO - Processing /home/airflow/.local/lib/python3.8/site-packages/airflow/example_dags/example_trigger_target_dag.py took 0.036 seconds
[2024-04-01T06:57:10.055+0000] {processor.py:161} INFO - Started process (PID=1118) to work on /home/airflow/.local/lib/python3.8/site-packages/airflow/example_dags/example_trigger_target_dag.py
[2024-04-01T06:57:10.056+0000] {processor.py:830} INFO - Processing file /home/airflow/.local/lib/python3.8/site-packages/airflow/example_dags/example_trigger_target_dag.py for tasks to queue
[2024-04-01T06:57:10.058+0000] {logging_mixin.py:188} INFO - [2024-04-01T06:57:10.057+0000] {dagbag.py:540} INFO - Filling up the DagBag from /home/airflow/.local/lib/python3.8/site-packages/airflow/example_dags/example_trigger_target_dag.py
[2024-04-01T06:57:10.062+0000] {processor.py:840} INFO - DAG(s) 'example_trigger_target_dag' retrieved from /home/airflow/.local/lib/python3.8/site-packages/airflow/example_dags/example_trigger_target_dag.py
[2024-04-01T06:57:10.075+0000] {logging_mixin.py:188} INFO - [2024-04-01T06:57:10.075+0000] {dag.py:3047} INFO - Sync 1 DAGs
[2024-04-01T06:57:10.084+0000] {logging_mixin.py:188} INFO - [2024-04-01T06:57:10.084+0000] {dag.py:3834} INFO - Setting next_dagrun for example_trigger_target_dag to None, run_after=None
[2024-04-01T06:57:10.094+0000] {processor.py:183} INFO - Processing /home/airflow/.local/lib/python3.8/site-packages/airflow/example_dags/example_trigger_target_dag.py took 0.041 seconds
[2024-04-01T06:57:40.729+0000] {processor.py:161} INFO - Started process (PID=1173) to work on /home/airflow/.local/lib/python3.8/site-packages/airflow/example_dags/example_trigger_target_dag.py
[2024-04-01T06:57:40.730+0000] {processor.py:830} INFO - Processing file /home/airflow/.local/lib/python3.8/site-packages/airflow/example_dags/example_trigger_target_dag.py for tasks to queue
[2024-04-01T06:57:40.731+0000] {logging_mixin.py:188} INFO - [2024-04-01T06:57:40.731+0000] {dagbag.py:540} INFO - Filling up the DagBag from /home/airflow/.local/lib/python3.8/site-packages/airflow/example_dags/example_trigger_target_dag.py
[2024-04-01T06:57:40.735+0000] {processor.py:840} INFO - DAG(s) 'example_trigger_target_dag' retrieved from /home/airflow/.local/lib/python3.8/site-packages/airflow/example_dags/example_trigger_target_dag.py
[2024-04-01T06:57:40.746+0000] {logging_mixin.py:188} INFO - [2024-04-01T06:57:40.746+0000] {dag.py:3047} INFO - Sync 1 DAGs
[2024-04-01T06:57:40.752+0000] {logging_mixin.py:188} INFO - [2024-04-01T06:57:40.752+0000] {dag.py:3834} INFO - Setting next_dagrun for example_trigger_target_dag to None, run_after=None
[2024-04-01T06:57:40.761+0000] {processor.py:183} INFO - Processing /home/airflow/.local/lib/python3.8/site-packages/airflow/example_dags/example_trigger_target_dag.py took 0.034 seconds
[2024-04-01T06:58:11.524+0000] {processor.py:161} INFO - Started process (PID=1228) to work on /home/airflow/.local/lib/python3.8/site-packages/airflow/example_dags/example_trigger_target_dag.py
[2024-04-01T06:58:11.525+0000] {processor.py:830} INFO - Processing file /home/airflow/.local/lib/python3.8/site-packages/airflow/example_dags/example_trigger_target_dag.py for tasks to queue
[2024-04-01T06:58:11.526+0000] {logging_mixin.py:188} INFO - [2024-04-01T06:58:11.525+0000] {dagbag.py:540} INFO - Filling up the DagBag from /home/airflow/.local/lib/python3.8/site-packages/airflow/example_dags/example_trigger_target_dag.py
[2024-04-01T06:58:11.529+0000] {processor.py:840} INFO - DAG(s) 'example_trigger_target_dag' retrieved from /home/airflow/.local/lib/python3.8/site-packages/airflow/example_dags/example_trigger_target_dag.py
[2024-04-01T06:58:11.544+0000] {logging_mixin.py:188} INFO - [2024-04-01T06:58:11.544+0000] {dag.py:3047} INFO - Sync 1 DAGs
[2024-04-01T06:58:11.553+0000] {logging_mixin.py:188} INFO - [2024-04-01T06:58:11.553+0000] {dag.py:3834} INFO - Setting next_dagrun for example_trigger_target_dag to None, run_after=None
[2024-04-01T06:58:11.564+0000] {processor.py:183} INFO - Processing /home/airflow/.local/lib/python3.8/site-packages/airflow/example_dags/example_trigger_target_dag.py took 0.042 seconds
[2024-04-01T06:58:41.646+0000] {processor.py:161} INFO - Started process (PID=1283) to work on /home/airflow/.local/lib/python3.8/site-packages/airflow/example_dags/example_trigger_target_dag.py
[2024-04-01T06:58:41.646+0000] {processor.py:830} INFO - Processing file /home/airflow/.local/lib/python3.8/site-packages/airflow/example_dags/example_trigger_target_dag.py for tasks to queue
[2024-04-01T06:58:41.648+0000] {logging_mixin.py:188} INFO - [2024-04-01T06:58:41.648+0000] {dagbag.py:540} INFO - Filling up the DagBag from /home/airflow/.local/lib/python3.8/site-packages/airflow/example_dags/example_trigger_target_dag.py
[2024-04-01T06:58:41.651+0000] {processor.py:840} INFO - DAG(s) 'example_trigger_target_dag' retrieved from /home/airflow/.local/lib/python3.8/site-packages/airflow/example_dags/example_trigger_target_dag.py
[2024-04-01T06:58:41.663+0000] {logging_mixin.py:188} INFO - [2024-04-01T06:58:41.663+0000] {dag.py:3047} INFO - Sync 1 DAGs
[2024-04-01T06:58:41.670+0000] {logging_mixin.py:188} INFO - [2024-04-01T06:58:41.670+0000] {dag.py:3834} INFO - Setting next_dagrun for example_trigger_target_dag to None, run_after=None
[2024-04-01T06:58:41.681+0000] {processor.py:183} INFO - Processing /home/airflow/.local/lib/python3.8/site-packages/airflow/example_dags/example_trigger_target_dag.py took 0.038 seconds
[2024-04-01T06:59:12.259+0000] {processor.py:161} INFO - Started process (PID=1338) to work on /home/airflow/.local/lib/python3.8/site-packages/airflow/example_dags/example_trigger_target_dag.py
[2024-04-01T06:59:12.260+0000] {processor.py:830} INFO - Processing file /home/airflow/.local/lib/python3.8/site-packages/airflow/example_dags/example_trigger_target_dag.py for tasks to queue
[2024-04-01T06:59:12.261+0000] {logging_mixin.py:188} INFO - [2024-04-01T06:59:12.261+0000] {dagbag.py:540} INFO - Filling up the DagBag from /home/airflow/.local/lib/python3.8/site-packages/airflow/example_dags/example_trigger_target_dag.py
[2024-04-01T06:59:12.265+0000] {processor.py:840} INFO - DAG(s) 'example_trigger_target_dag' retrieved from /home/airflow/.local/lib/python3.8/site-packages/airflow/example_dags/example_trigger_target_dag.py
[2024-04-01T06:59:12.276+0000] {logging_mixin.py:188} INFO - [2024-04-01T06:59:12.276+0000] {dag.py:3047} INFO - Sync 1 DAGs
[2024-04-01T06:59:12.282+0000] {logging_mixin.py:188} INFO - [2024-04-01T06:59:12.282+0000] {dag.py:3834} INFO - Setting next_dagrun for example_trigger_target_dag to None, run_after=None
[2024-04-01T06:59:12.291+0000] {processor.py:183} INFO - Processing /home/airflow/.local/lib/python3.8/site-packages/airflow/example_dags/example_trigger_target_dag.py took 0.033 seconds
[2024-04-01T06:59:43.082+0000] {processor.py:161} INFO - Started process (PID=1393) to work on /home/airflow/.local/lib/python3.8/site-packages/airflow/example_dags/example_trigger_target_dag.py
[2024-04-01T06:59:43.083+0000] {processor.py:830} INFO - Processing file /home/airflow/.local/lib/python3.8/site-packages/airflow/example_dags/example_trigger_target_dag.py for tasks to queue
[2024-04-01T06:59:43.084+0000] {logging_mixin.py:188} INFO - [2024-04-01T06:59:43.084+0000] {dagbag.py:540} INFO - Filling up the DagBag from /home/airflow/.local/lib/python3.8/site-packages/airflow/example_dags/example_trigger_target_dag.py
[2024-04-01T06:59:43.088+0000] {processor.py:840} INFO - DAG(s) 'example_trigger_target_dag' retrieved from /home/airflow/.local/lib/python3.8/site-packages/airflow/example_dags/example_trigger_target_dag.py
[2024-04-01T06:59:43.100+0000] {logging_mixin.py:188} INFO - [2024-04-01T06:59:43.100+0000] {dag.py:3047} INFO - Sync 1 DAGs
[2024-04-01T06:59:43.107+0000] {logging_mixin.py:188} INFO - [2024-04-01T06:59:43.107+0000] {dag.py:3834} INFO - Setting next_dagrun for example_trigger_target_dag to None, run_after=None
[2024-04-01T06:59:43.116+0000] {processor.py:183} INFO - Processing /home/airflow/.local/lib/python3.8/site-packages/airflow/example_dags/example_trigger_target_dag.py took 0.036 seconds
[2024-04-01T07:00:14.091+0000] {processor.py:161} INFO - Started process (PID=1448) to work on /home/airflow/.local/lib/python3.8/site-packages/airflow/example_dags/example_trigger_target_dag.py
[2024-04-01T07:00:14.092+0000] {processor.py:830} INFO - Processing file /home/airflow/.local/lib/python3.8/site-packages/airflow/example_dags/example_trigger_target_dag.py for tasks to queue
[2024-04-01T07:00:14.093+0000] {logging_mixin.py:188} INFO - [2024-04-01T07:00:14.093+0000] {dagbag.py:540} INFO - Filling up the DagBag from /home/airflow/.local/lib/python3.8/site-packages/airflow/example_dags/example_trigger_target_dag.py
[2024-04-01T07:00:14.097+0000] {processor.py:840} INFO - DAG(s) 'example_trigger_target_dag' retrieved from /home/airflow/.local/lib/python3.8/site-packages/airflow/example_dags/example_trigger_target_dag.py
[2024-04-01T07:00:14.108+0000] {logging_mixin.py:188} INFO - [2024-04-01T07:00:14.108+0000] {dag.py:3047} INFO - Sync 1 DAGs
[2024-04-01T07:00:14.115+0000] {logging_mixin.py:188} INFO - [2024-04-01T07:00:14.115+0000] {dag.py:3834} INFO - Setting next_dagrun for example_trigger_target_dag to None, run_after=None
[2024-04-01T07:00:14.124+0000] {processor.py:183} INFO - Processing /home/airflow/.local/lib/python3.8/site-packages/airflow/example_dags/example_trigger_target_dag.py took 0.035 seconds
[2024-04-01T07:00:44.551+0000] {processor.py:161} INFO - Started process (PID=1503) to work on /home/airflow/.local/lib/python3.8/site-packages/airflow/example_dags/example_trigger_target_dag.py
[2024-04-01T07:00:44.552+0000] {processor.py:830} INFO - Processing file /home/airflow/.local/lib/python3.8/site-packages/airflow/example_dags/example_trigger_target_dag.py for tasks to queue
[2024-04-01T07:00:44.552+0000] {logging_mixin.py:188} INFO - [2024-04-01T07:00:44.552+0000] {dagbag.py:540} INFO - Filling up the DagBag from /home/airflow/.local/lib/python3.8/site-packages/airflow/example_dags/example_trigger_target_dag.py
[2024-04-01T07:00:44.556+0000] {processor.py:840} INFO - DAG(s) 'example_trigger_target_dag' retrieved from /home/airflow/.local/lib/python3.8/site-packages/airflow/example_dags/example_trigger_target_dag.py
[2024-04-01T07:00:44.566+0000] {logging_mixin.py:188} INFO - [2024-04-01T07:00:44.566+0000] {dag.py:3047} INFO - Sync 1 DAGs
[2024-04-01T07:00:44.573+0000] {logging_mixin.py:188} INFO - [2024-04-01T07:00:44.573+0000] {dag.py:3834} INFO - Setting next_dagrun for example_trigger_target_dag to None, run_after=None
[2024-04-01T07:00:44.582+0000] {processor.py:183} INFO - Processing /home/airflow/.local/lib/python3.8/site-packages/airflow/example_dags/example_trigger_target_dag.py took 0.033 seconds
[2024-04-01T07:01:37.867+0000] {processor.py:161} INFO - Started process (PID=74) to work on /home/airflow/.local/lib/python3.8/site-packages/airflow/example_dags/example_trigger_target_dag.py
[2024-04-01T07:01:37.868+0000] {processor.py:830} INFO - Processing file /home/airflow/.local/lib/python3.8/site-packages/airflow/example_dags/example_trigger_target_dag.py for tasks to queue
[2024-04-01T07:01:37.870+0000] {logging_mixin.py:188} INFO - [2024-04-01T07:01:37.870+0000] {dagbag.py:540} INFO - Filling up the DagBag from /home/airflow/.local/lib/python3.8/site-packages/airflow/example_dags/example_trigger_target_dag.py
[2024-04-01T07:01:37.877+0000] {processor.py:840} INFO - DAG(s) 'example_trigger_target_dag' retrieved from /home/airflow/.local/lib/python3.8/site-packages/airflow/example_dags/example_trigger_target_dag.py
[2024-04-01T07:01:37.887+0000] {logging_mixin.py:188} INFO - [2024-04-01T07:01:37.887+0000] {dag.py:3047} INFO - Sync 1 DAGs
[2024-04-01T07:01:37.898+0000] {logging_mixin.py:188} INFO - [2024-04-01T07:01:37.898+0000] {dag.py:3834} INFO - Setting next_dagrun for example_trigger_target_dag to None, run_after=None
[2024-04-01T07:01:37.912+0000] {processor.py:183} INFO - Processing /home/airflow/.local/lib/python3.8/site-packages/airflow/example_dags/example_trigger_target_dag.py took 0.047 seconds
[2024-04-01T07:02:08.809+0000] {processor.py:161} INFO - Started process (PID=129) to work on /home/airflow/.local/lib/python3.8/site-packages/airflow/example_dags/example_trigger_target_dag.py
[2024-04-01T07:02:08.810+0000] {processor.py:830} INFO - Processing file /home/airflow/.local/lib/python3.8/site-packages/airflow/example_dags/example_trigger_target_dag.py for tasks to queue
[2024-04-01T07:02:08.811+0000] {logging_mixin.py:188} INFO - [2024-04-01T07:02:08.811+0000] {dagbag.py:540} INFO - Filling up the DagBag from /home/airflow/.local/lib/python3.8/site-packages/airflow/example_dags/example_trigger_target_dag.py
[2024-04-01T07:02:08.815+0000] {processor.py:840} INFO - DAG(s) 'example_trigger_target_dag' retrieved from /home/airflow/.local/lib/python3.8/site-packages/airflow/example_dags/example_trigger_target_dag.py
[2024-04-01T07:02:08.867+0000] {logging_mixin.py:188} INFO - [2024-04-01T07:02:08.867+0000] {dag.py:3047} INFO - Sync 1 DAGs
[2024-04-01T07:02:08.873+0000] {logging_mixin.py:188} INFO - [2024-04-01T07:02:08.873+0000] {dag.py:3834} INFO - Setting next_dagrun for example_trigger_target_dag to None, run_after=None
[2024-04-01T07:02:08.883+0000] {processor.py:183} INFO - Processing /home/airflow/.local/lib/python3.8/site-packages/airflow/example_dags/example_trigger_target_dag.py took 0.075 seconds
[2024-04-01T07:02:39.084+0000] {processor.py:161} INFO - Started process (PID=183) to work on /home/airflow/.local/lib/python3.8/site-packages/airflow/example_dags/example_trigger_target_dag.py
[2024-04-01T07:02:39.085+0000] {processor.py:830} INFO - Processing file /home/airflow/.local/lib/python3.8/site-packages/airflow/example_dags/example_trigger_target_dag.py for tasks to queue
[2024-04-01T07:02:39.086+0000] {logging_mixin.py:188} INFO - [2024-04-01T07:02:39.086+0000] {dagbag.py:540} INFO - Filling up the DagBag from /home/airflow/.local/lib/python3.8/site-packages/airflow/example_dags/example_trigger_target_dag.py
[2024-04-01T07:02:39.091+0000] {processor.py:840} INFO - DAG(s) 'example_trigger_target_dag' retrieved from /home/airflow/.local/lib/python3.8/site-packages/airflow/example_dags/example_trigger_target_dag.py
[2024-04-01T07:02:39.106+0000] {logging_mixin.py:188} INFO - [2024-04-01T07:02:39.106+0000] {dag.py:3047} INFO - Sync 1 DAGs
[2024-04-01T07:02:39.116+0000] {logging_mixin.py:188} INFO - [2024-04-01T07:02:39.115+0000] {dag.py:3834} INFO - Setting next_dagrun for example_trigger_target_dag to None, run_after=None
[2024-04-01T07:02:39.126+0000] {processor.py:183} INFO - Processing /home/airflow/.local/lib/python3.8/site-packages/airflow/example_dags/example_trigger_target_dag.py took 0.045 seconds
[2024-04-01T07:03:09.163+0000] {processor.py:161} INFO - Started process (PID=238) to work on /home/airflow/.local/lib/python3.8/site-packages/airflow/example_dags/example_trigger_target_dag.py
[2024-04-01T07:03:09.164+0000] {processor.py:830} INFO - Processing file /home/airflow/.local/lib/python3.8/site-packages/airflow/example_dags/example_trigger_target_dag.py for tasks to queue
[2024-04-01T07:03:09.165+0000] {logging_mixin.py:188} INFO - [2024-04-01T07:03:09.165+0000] {dagbag.py:540} INFO - Filling up the DagBag from /home/airflow/.local/lib/python3.8/site-packages/airflow/example_dags/example_trigger_target_dag.py
[2024-04-01T07:03:09.169+0000] {processor.py:840} INFO - DAG(s) 'example_trigger_target_dag' retrieved from /home/airflow/.local/lib/python3.8/site-packages/airflow/example_dags/example_trigger_target_dag.py
[2024-04-01T07:03:09.180+0000] {logging_mixin.py:188} INFO - [2024-04-01T07:03:09.180+0000] {dag.py:3047} INFO - Sync 1 DAGs
[2024-04-01T07:03:09.188+0000] {logging_mixin.py:188} INFO - [2024-04-01T07:03:09.188+0000] {dag.py:3834} INFO - Setting next_dagrun for example_trigger_target_dag to None, run_after=None
[2024-04-01T07:03:09.199+0000] {processor.py:183} INFO - Processing /home/airflow/.local/lib/python3.8/site-packages/airflow/example_dags/example_trigger_target_dag.py took 0.038 seconds
[2024-04-01T07:03:39.336+0000] {processor.py:161} INFO - Started process (PID=293) to work on /home/airflow/.local/lib/python3.8/site-packages/airflow/example_dags/example_trigger_target_dag.py
[2024-04-01T07:03:39.337+0000] {processor.py:830} INFO - Processing file /home/airflow/.local/lib/python3.8/site-packages/airflow/example_dags/example_trigger_target_dag.py for tasks to queue
[2024-04-01T07:03:39.338+0000] {logging_mixin.py:188} INFO - [2024-04-01T07:03:39.338+0000] {dagbag.py:540} INFO - Filling up the DagBag from /home/airflow/.local/lib/python3.8/site-packages/airflow/example_dags/example_trigger_target_dag.py
[2024-04-01T07:03:39.342+0000] {processor.py:840} INFO - DAG(s) 'example_trigger_target_dag' retrieved from /home/airflow/.local/lib/python3.8/site-packages/airflow/example_dags/example_trigger_target_dag.py
[2024-04-01T07:03:39.354+0000] {logging_mixin.py:188} INFO - [2024-04-01T07:03:39.353+0000] {dag.py:3047} INFO - Sync 1 DAGs
[2024-04-01T07:03:39.360+0000] {logging_mixin.py:188} INFO - [2024-04-01T07:03:39.360+0000] {dag.py:3834} INFO - Setting next_dagrun for example_trigger_target_dag to None, run_after=None
[2024-04-01T07:03:39.369+0000] {processor.py:183} INFO - Processing /home/airflow/.local/lib/python3.8/site-packages/airflow/example_dags/example_trigger_target_dag.py took 0.035 seconds
[2024-04-01T07:04:10.377+0000] {processor.py:161} INFO - Started process (PID=348) to work on /home/airflow/.local/lib/python3.8/site-packages/airflow/example_dags/example_trigger_target_dag.py
[2024-04-01T07:04:10.377+0000] {processor.py:830} INFO - Processing file /home/airflow/.local/lib/python3.8/site-packages/airflow/example_dags/example_trigger_target_dag.py for tasks to queue
[2024-04-01T07:04:10.378+0000] {logging_mixin.py:188} INFO - [2024-04-01T07:04:10.378+0000] {dagbag.py:540} INFO - Filling up the DagBag from /home/airflow/.local/lib/python3.8/site-packages/airflow/example_dags/example_trigger_target_dag.py
[2024-04-01T07:04:10.382+0000] {processor.py:840} INFO - DAG(s) 'example_trigger_target_dag' retrieved from /home/airflow/.local/lib/python3.8/site-packages/airflow/example_dags/example_trigger_target_dag.py
[2024-04-01T07:04:10.392+0000] {logging_mixin.py:188} INFO - [2024-04-01T07:04:10.392+0000] {dag.py:3047} INFO - Sync 1 DAGs
[2024-04-01T07:04:10.399+0000] {logging_mixin.py:188} INFO - [2024-04-01T07:04:10.398+0000] {dag.py:3834} INFO - Setting next_dagrun for example_trigger_target_dag to None, run_after=None
[2024-04-01T07:04:10.407+0000] {processor.py:183} INFO - Processing /home/airflow/.local/lib/python3.8/site-packages/airflow/example_dags/example_trigger_target_dag.py took 0.032 seconds
[2024-04-01T07:04:40.542+0000] {processor.py:161} INFO - Started process (PID=403) to work on /home/airflow/.local/lib/python3.8/site-packages/airflow/example_dags/example_trigger_target_dag.py
[2024-04-01T07:04:40.542+0000] {processor.py:830} INFO - Processing file /home/airflow/.local/lib/python3.8/site-packages/airflow/example_dags/example_trigger_target_dag.py for tasks to queue
[2024-04-01T07:04:40.544+0000] {logging_mixin.py:188} INFO - [2024-04-01T07:04:40.543+0000] {dagbag.py:540} INFO - Filling up the DagBag from /home/airflow/.local/lib/python3.8/site-packages/airflow/example_dags/example_trigger_target_dag.py
[2024-04-01T07:04:40.547+0000] {processor.py:840} INFO - DAG(s) 'example_trigger_target_dag' retrieved from /home/airflow/.local/lib/python3.8/site-packages/airflow/example_dags/example_trigger_target_dag.py
[2024-04-01T07:04:40.560+0000] {logging_mixin.py:188} INFO - [2024-04-01T07:04:40.560+0000] {dag.py:3047} INFO - Sync 1 DAGs
[2024-04-01T07:04:40.568+0000] {logging_mixin.py:188} INFO - [2024-04-01T07:04:40.568+0000] {dag.py:3834} INFO - Setting next_dagrun for example_trigger_target_dag to None, run_after=None
[2024-04-01T07:04:40.578+0000] {processor.py:183} INFO - Processing /home/airflow/.local/lib/python3.8/site-packages/airflow/example_dags/example_trigger_target_dag.py took 0.038 seconds
[2024-04-01T07:05:10.628+0000] {processor.py:161} INFO - Started process (PID=458) to work on /home/airflow/.local/lib/python3.8/site-packages/airflow/example_dags/example_trigger_target_dag.py
[2024-04-01T07:05:10.629+0000] {processor.py:830} INFO - Processing file /home/airflow/.local/lib/python3.8/site-packages/airflow/example_dags/example_trigger_target_dag.py for tasks to queue
[2024-04-01T07:05:10.630+0000] {logging_mixin.py:188} INFO - [2024-04-01T07:05:10.630+0000] {dagbag.py:540} INFO - Filling up the DagBag from /home/airflow/.local/lib/python3.8/site-packages/airflow/example_dags/example_trigger_target_dag.py
[2024-04-01T07:05:10.634+0000] {processor.py:840} INFO - DAG(s) 'example_trigger_target_dag' retrieved from /home/airflow/.local/lib/python3.8/site-packages/airflow/example_dags/example_trigger_target_dag.py
[2024-04-01T07:05:10.645+0000] {logging_mixin.py:188} INFO - [2024-04-01T07:05:10.645+0000] {dag.py:3047} INFO - Sync 1 DAGs
[2024-04-01T07:05:10.651+0000] {logging_mixin.py:188} INFO - [2024-04-01T07:05:10.651+0000] {dag.py:3834} INFO - Setting next_dagrun for example_trigger_target_dag to None, run_after=None
[2024-04-01T07:05:10.660+0000] {processor.py:183} INFO - Processing /home/airflow/.local/lib/python3.8/site-packages/airflow/example_dags/example_trigger_target_dag.py took 0.034 seconds
[2024-04-01T07:05:40.781+0000] {processor.py:161} INFO - Started process (PID=513) to work on /home/airflow/.local/lib/python3.8/site-packages/airflow/example_dags/example_trigger_target_dag.py
[2024-04-01T07:05:40.782+0000] {processor.py:830} INFO - Processing file /home/airflow/.local/lib/python3.8/site-packages/airflow/example_dags/example_trigger_target_dag.py for tasks to queue
[2024-04-01T07:05:40.783+0000] {logging_mixin.py:188} INFO - [2024-04-01T07:05:40.783+0000] {dagbag.py:540} INFO - Filling up the DagBag from /home/airflow/.local/lib/python3.8/site-packages/airflow/example_dags/example_trigger_target_dag.py
[2024-04-01T07:05:40.789+0000] {processor.py:840} INFO - DAG(s) 'example_trigger_target_dag' retrieved from /home/airflow/.local/lib/python3.8/site-packages/airflow/example_dags/example_trigger_target_dag.py
[2024-04-01T07:05:40.803+0000] {logging_mixin.py:188} INFO - [2024-04-01T07:05:40.803+0000] {dag.py:3047} INFO - Sync 1 DAGs
[2024-04-01T07:05:40.811+0000] {logging_mixin.py:188} INFO - [2024-04-01T07:05:40.811+0000] {dag.py:3834} INFO - Setting next_dagrun for example_trigger_target_dag to None, run_after=None
[2024-04-01T07:05:40.821+0000] {processor.py:183} INFO - Processing /home/airflow/.local/lib/python3.8/site-packages/airflow/example_dags/example_trigger_target_dag.py took 0.043 seconds
[2024-04-01T07:06:10.885+0000] {processor.py:161} INFO - Started process (PID=568) to work on /home/airflow/.local/lib/python3.8/site-packages/airflow/example_dags/example_trigger_target_dag.py
[2024-04-01T07:06:10.886+0000] {processor.py:830} INFO - Processing file /home/airflow/.local/lib/python3.8/site-packages/airflow/example_dags/example_trigger_target_dag.py for tasks to queue
[2024-04-01T07:06:10.887+0000] {logging_mixin.py:188} INFO - [2024-04-01T07:06:10.887+0000] {dagbag.py:540} INFO - Filling up the DagBag from /home/airflow/.local/lib/python3.8/site-packages/airflow/example_dags/example_trigger_target_dag.py
[2024-04-01T07:06:10.892+0000] {processor.py:840} INFO - DAG(s) 'example_trigger_target_dag' retrieved from /home/airflow/.local/lib/python3.8/site-packages/airflow/example_dags/example_trigger_target_dag.py
[2024-04-01T07:06:10.908+0000] {logging_mixin.py:188} INFO - [2024-04-01T07:06:10.908+0000] {dag.py:3047} INFO - Sync 1 DAGs
[2024-04-01T07:06:10.918+0000] {logging_mixin.py:188} INFO - [2024-04-01T07:06:10.918+0000] {dag.py:3834} INFO - Setting next_dagrun for example_trigger_target_dag to None, run_after=None
[2024-04-01T07:06:10.938+0000] {processor.py:183} INFO - Processing /home/airflow/.local/lib/python3.8/site-packages/airflow/example_dags/example_trigger_target_dag.py took 0.055 seconds
[2024-04-01T07:06:41.473+0000] {processor.py:161} INFO - Started process (PID=623) to work on /home/airflow/.local/lib/python3.8/site-packages/airflow/example_dags/example_trigger_target_dag.py
[2024-04-01T07:06:41.474+0000] {processor.py:830} INFO - Processing file /home/airflow/.local/lib/python3.8/site-packages/airflow/example_dags/example_trigger_target_dag.py for tasks to queue
[2024-04-01T07:06:41.475+0000] {logging_mixin.py:188} INFO - [2024-04-01T07:06:41.475+0000] {dagbag.py:540} INFO - Filling up the DagBag from /home/airflow/.local/lib/python3.8/site-packages/airflow/example_dags/example_trigger_target_dag.py
[2024-04-01T07:06:41.481+0000] {processor.py:840} INFO - DAG(s) 'example_trigger_target_dag' retrieved from /home/airflow/.local/lib/python3.8/site-packages/airflow/example_dags/example_trigger_target_dag.py
[2024-04-01T07:06:41.495+0000] {logging_mixin.py:188} INFO - [2024-04-01T07:06:41.495+0000] {dag.py:3047} INFO - Sync 1 DAGs
[2024-04-01T07:06:41.502+0000] {logging_mixin.py:188} INFO - [2024-04-01T07:06:41.502+0000] {dag.py:3834} INFO - Setting next_dagrun for example_trigger_target_dag to None, run_after=None
[2024-04-01T07:06:41.514+0000] {processor.py:183} INFO - Processing /home/airflow/.local/lib/python3.8/site-packages/airflow/example_dags/example_trigger_target_dag.py took 0.044 seconds
[2024-04-01T07:07:11.637+0000] {processor.py:161} INFO - Started process (PID=678) to work on /home/airflow/.local/lib/python3.8/site-packages/airflow/example_dags/example_trigger_target_dag.py
[2024-04-01T07:07:11.638+0000] {processor.py:830} INFO - Processing file /home/airflow/.local/lib/python3.8/site-packages/airflow/example_dags/example_trigger_target_dag.py for tasks to queue
[2024-04-01T07:07:11.640+0000] {logging_mixin.py:188} INFO - [2024-04-01T07:07:11.640+0000] {dagbag.py:540} INFO - Filling up the DagBag from /home/airflow/.local/lib/python3.8/site-packages/airflow/example_dags/example_trigger_target_dag.py
[2024-04-01T07:07:11.645+0000] {processor.py:840} INFO - DAG(s) 'example_trigger_target_dag' retrieved from /home/airflow/.local/lib/python3.8/site-packages/airflow/example_dags/example_trigger_target_dag.py
[2024-04-01T07:07:11.661+0000] {logging_mixin.py:188} INFO - [2024-04-01T07:07:11.661+0000] {dag.py:3047} INFO - Sync 1 DAGs
[2024-04-01T07:07:11.670+0000] {logging_mixin.py:188} INFO - [2024-04-01T07:07:11.670+0000] {dag.py:3834} INFO - Setting next_dagrun for example_trigger_target_dag to None, run_after=None
[2024-04-01T07:07:11.682+0000] {processor.py:183} INFO - Processing /home/airflow/.local/lib/python3.8/site-packages/airflow/example_dags/example_trigger_target_dag.py took 0.048 seconds
[2024-04-01T07:07:41.792+0000] {processor.py:161} INFO - Started process (PID=733) to work on /home/airflow/.local/lib/python3.8/site-packages/airflow/example_dags/example_trigger_target_dag.py
[2024-04-01T07:07:41.793+0000] {processor.py:830} INFO - Processing file /home/airflow/.local/lib/python3.8/site-packages/airflow/example_dags/example_trigger_target_dag.py for tasks to queue
[2024-04-01T07:07:41.794+0000] {logging_mixin.py:188} INFO - [2024-04-01T07:07:41.794+0000] {dagbag.py:540} INFO - Filling up the DagBag from /home/airflow/.local/lib/python3.8/site-packages/airflow/example_dags/example_trigger_target_dag.py
[2024-04-01T07:07:41.798+0000] {processor.py:840} INFO - DAG(s) 'example_trigger_target_dag' retrieved from /home/airflow/.local/lib/python3.8/site-packages/airflow/example_dags/example_trigger_target_dag.py
[2024-04-01T07:07:41.810+0000] {logging_mixin.py:188} INFO - [2024-04-01T07:07:41.810+0000] {dag.py:3047} INFO - Sync 1 DAGs
[2024-04-01T07:07:41.817+0000] {logging_mixin.py:188} INFO - [2024-04-01T07:07:41.817+0000] {dag.py:3834} INFO - Setting next_dagrun for example_trigger_target_dag to None, run_after=None
[2024-04-01T07:07:41.828+0000] {processor.py:183} INFO - Processing /home/airflow/.local/lib/python3.8/site-packages/airflow/example_dags/example_trigger_target_dag.py took 0.038 seconds
[2024-04-01T07:08:12.851+0000] {processor.py:161} INFO - Started process (PID=788) to work on /home/airflow/.local/lib/python3.8/site-packages/airflow/example_dags/example_trigger_target_dag.py
[2024-04-01T07:08:12.852+0000] {processor.py:830} INFO - Processing file /home/airflow/.local/lib/python3.8/site-packages/airflow/example_dags/example_trigger_target_dag.py for tasks to queue
[2024-04-01T07:08:12.853+0000] {logging_mixin.py:188} INFO - [2024-04-01T07:08:12.852+0000] {dagbag.py:540} INFO - Filling up the DagBag from /home/airflow/.local/lib/python3.8/site-packages/airflow/example_dags/example_trigger_target_dag.py
[2024-04-01T07:08:12.856+0000] {processor.py:840} INFO - DAG(s) 'example_trigger_target_dag' retrieved from /home/airflow/.local/lib/python3.8/site-packages/airflow/example_dags/example_trigger_target_dag.py
[2024-04-01T07:08:12.867+0000] {logging_mixin.py:188} INFO - [2024-04-01T07:08:12.867+0000] {dag.py:3047} INFO - Sync 1 DAGs
[2024-04-01T07:08:12.873+0000] {logging_mixin.py:188} INFO - [2024-04-01T07:08:12.873+0000] {dag.py:3834} INFO - Setting next_dagrun for example_trigger_target_dag to None, run_after=None
[2024-04-01T07:08:12.883+0000] {processor.py:183} INFO - Processing /home/airflow/.local/lib/python3.8/site-packages/airflow/example_dags/example_trigger_target_dag.py took 0.034 seconds
[2024-04-01T07:08:43.622+0000] {processor.py:161} INFO - Started process (PID=843) to work on /home/airflow/.local/lib/python3.8/site-packages/airflow/example_dags/example_trigger_target_dag.py
[2024-04-01T07:08:43.623+0000] {processor.py:830} INFO - Processing file /home/airflow/.local/lib/python3.8/site-packages/airflow/example_dags/example_trigger_target_dag.py for tasks to queue
[2024-04-01T07:08:43.624+0000] {logging_mixin.py:188} INFO - [2024-04-01T07:08:43.624+0000] {dagbag.py:540} INFO - Filling up the DagBag from /home/airflow/.local/lib/python3.8/site-packages/airflow/example_dags/example_trigger_target_dag.py
[2024-04-01T07:08:43.628+0000] {processor.py:840} INFO - DAG(s) 'example_trigger_target_dag' retrieved from /home/airflow/.local/lib/python3.8/site-packages/airflow/example_dags/example_trigger_target_dag.py
[2024-04-01T07:08:43.638+0000] {logging_mixin.py:188} INFO - [2024-04-01T07:08:43.638+0000] {dag.py:3047} INFO - Sync 1 DAGs
[2024-04-01T07:08:43.645+0000] {logging_mixin.py:188} INFO - [2024-04-01T07:08:43.645+0000] {dag.py:3834} INFO - Setting next_dagrun for example_trigger_target_dag to None, run_after=None
[2024-04-01T07:08:43.654+0000] {processor.py:183} INFO - Processing /home/airflow/.local/lib/python3.8/site-packages/airflow/example_dags/example_trigger_target_dag.py took 0.034 seconds
[2024-04-01T07:09:13.834+0000] {processor.py:161} INFO - Started process (PID=898) to work on /home/airflow/.local/lib/python3.8/site-packages/airflow/example_dags/example_trigger_target_dag.py
[2024-04-01T07:09:13.835+0000] {processor.py:830} INFO - Processing file /home/airflow/.local/lib/python3.8/site-packages/airflow/example_dags/example_trigger_target_dag.py for tasks to queue
[2024-04-01T07:09:13.836+0000] {logging_mixin.py:188} INFO - [2024-04-01T07:09:13.835+0000] {dagbag.py:540} INFO - Filling up the DagBag from /home/airflow/.local/lib/python3.8/site-packages/airflow/example_dags/example_trigger_target_dag.py
[2024-04-01T07:09:13.839+0000] {processor.py:840} INFO - DAG(s) 'example_trigger_target_dag' retrieved from /home/airflow/.local/lib/python3.8/site-packages/airflow/example_dags/example_trigger_target_dag.py
[2024-04-01T07:09:13.852+0000] {logging_mixin.py:188} INFO - [2024-04-01T07:09:13.851+0000] {dag.py:3047} INFO - Sync 1 DAGs
[2024-04-01T07:09:13.859+0000] {logging_mixin.py:188} INFO - [2024-04-01T07:09:13.859+0000] {dag.py:3834} INFO - Setting next_dagrun for example_trigger_target_dag to None, run_after=None
[2024-04-01T07:09:13.868+0000] {processor.py:183} INFO - Processing /home/airflow/.local/lib/python3.8/site-packages/airflow/example_dags/example_trigger_target_dag.py took 0.036 seconds
[2024-04-01T07:09:44.796+0000] {processor.py:161} INFO - Started process (PID=953) to work on /home/airflow/.local/lib/python3.8/site-packages/airflow/example_dags/example_trigger_target_dag.py
[2024-04-01T07:09:44.797+0000] {processor.py:830} INFO - Processing file /home/airflow/.local/lib/python3.8/site-packages/airflow/example_dags/example_trigger_target_dag.py for tasks to queue
[2024-04-01T07:09:44.798+0000] {logging_mixin.py:188} INFO - [2024-04-01T07:09:44.798+0000] {dagbag.py:540} INFO - Filling up the DagBag from /home/airflow/.local/lib/python3.8/site-packages/airflow/example_dags/example_trigger_target_dag.py
[2024-04-01T07:09:44.802+0000] {processor.py:840} INFO - DAG(s) 'example_trigger_target_dag' retrieved from /home/airflow/.local/lib/python3.8/site-packages/airflow/example_dags/example_trigger_target_dag.py
[2024-04-01T07:09:44.815+0000] {logging_mixin.py:188} INFO - [2024-04-01T07:09:44.815+0000] {dag.py:3047} INFO - Sync 1 DAGs
[2024-04-01T07:09:44.823+0000] {logging_mixin.py:188} INFO - [2024-04-01T07:09:44.822+0000] {dag.py:3834} INFO - Setting next_dagrun for example_trigger_target_dag to None, run_after=None
[2024-04-01T07:09:44.833+0000] {processor.py:183} INFO - Processing /home/airflow/.local/lib/python3.8/site-packages/airflow/example_dags/example_trigger_target_dag.py took 0.040 seconds
[2024-04-01T07:10:15.805+0000] {processor.py:161} INFO - Started process (PID=1008) to work on /home/airflow/.local/lib/python3.8/site-packages/airflow/example_dags/example_trigger_target_dag.py
[2024-04-01T07:10:15.805+0000] {processor.py:830} INFO - Processing file /home/airflow/.local/lib/python3.8/site-packages/airflow/example_dags/example_trigger_target_dag.py for tasks to queue
[2024-04-01T07:10:15.807+0000] {logging_mixin.py:188} INFO - [2024-04-01T07:10:15.806+0000] {dagbag.py:540} INFO - Filling up the DagBag from /home/airflow/.local/lib/python3.8/site-packages/airflow/example_dags/example_trigger_target_dag.py
[2024-04-01T07:10:15.812+0000] {processor.py:840} INFO - DAG(s) 'example_trigger_target_dag' retrieved from /home/airflow/.local/lib/python3.8/site-packages/airflow/example_dags/example_trigger_target_dag.py
[2024-04-01T07:10:15.826+0000] {logging_mixin.py:188} INFO - [2024-04-01T07:10:15.826+0000] {dag.py:3047} INFO - Sync 1 DAGs
[2024-04-01T07:10:15.833+0000] {logging_mixin.py:188} INFO - [2024-04-01T07:10:15.833+0000] {dag.py:3834} INFO - Setting next_dagrun for example_trigger_target_dag to None, run_after=None
[2024-04-01T07:10:15.845+0000] {processor.py:183} INFO - Processing /home/airflow/.local/lib/python3.8/site-packages/airflow/example_dags/example_trigger_target_dag.py took 0.043 seconds
[2024-04-01T07:10:45.974+0000] {processor.py:161} INFO - Started process (PID=1063) to work on /home/airflow/.local/lib/python3.8/site-packages/airflow/example_dags/example_trigger_target_dag.py
[2024-04-01T07:10:45.975+0000] {processor.py:830} INFO - Processing file /home/airflow/.local/lib/python3.8/site-packages/airflow/example_dags/example_trigger_target_dag.py for tasks to queue
[2024-04-01T07:10:45.977+0000] {logging_mixin.py:188} INFO - [2024-04-01T07:10:45.976+0000] {dagbag.py:540} INFO - Filling up the DagBag from /home/airflow/.local/lib/python3.8/site-packages/airflow/example_dags/example_trigger_target_dag.py
[2024-04-01T07:10:45.982+0000] {processor.py:840} INFO - DAG(s) 'example_trigger_target_dag' retrieved from /home/airflow/.local/lib/python3.8/site-packages/airflow/example_dags/example_trigger_target_dag.py
[2024-04-01T07:10:45.996+0000] {logging_mixin.py:188} INFO - [2024-04-01T07:10:45.996+0000] {dag.py:3047} INFO - Sync 1 DAGs
[2024-04-01T07:10:46.008+0000] {logging_mixin.py:188} INFO - [2024-04-01T07:10:46.008+0000] {dag.py:3834} INFO - Setting next_dagrun for example_trigger_target_dag to None, run_after=None
[2024-04-01T07:10:46.030+0000] {processor.py:183} INFO - Processing /home/airflow/.local/lib/python3.8/site-packages/airflow/example_dags/example_trigger_target_dag.py took 0.059 seconds
[2024-04-01T07:11:16.071+0000] {processor.py:161} INFO - Started process (PID=1125) to work on /home/airflow/.local/lib/python3.8/site-packages/airflow/example_dags/example_trigger_target_dag.py
[2024-04-01T07:11:16.072+0000] {processor.py:830} INFO - Processing file /home/airflow/.local/lib/python3.8/site-packages/airflow/example_dags/example_trigger_target_dag.py for tasks to queue
[2024-04-01T07:11:16.073+0000] {logging_mixin.py:188} INFO - [2024-04-01T07:11:16.073+0000] {dagbag.py:540} INFO - Filling up the DagBag from /home/airflow/.local/lib/python3.8/site-packages/airflow/example_dags/example_trigger_target_dag.py
[2024-04-01T07:11:16.078+0000] {processor.py:840} INFO - DAG(s) 'example_trigger_target_dag' retrieved from /home/airflow/.local/lib/python3.8/site-packages/airflow/example_dags/example_trigger_target_dag.py
[2024-04-01T07:11:16.092+0000] {logging_mixin.py:188} INFO - [2024-04-01T07:11:16.091+0000] {dag.py:3047} INFO - Sync 1 DAGs
[2024-04-01T07:11:16.100+0000] {logging_mixin.py:188} INFO - [2024-04-01T07:11:16.100+0000] {dag.py:3834} INFO - Setting next_dagrun for example_trigger_target_dag to None, run_after=None
[2024-04-01T07:11:16.111+0000] {processor.py:183} INFO - Processing /home/airflow/.local/lib/python3.8/site-packages/airflow/example_dags/example_trigger_target_dag.py took 0.043 seconds
[2024-04-01T07:11:46.158+0000] {processor.py:161} INFO - Started process (PID=1179) to work on /home/airflow/.local/lib/python3.8/site-packages/airflow/example_dags/example_trigger_target_dag.py
[2024-04-01T07:11:46.159+0000] {processor.py:830} INFO - Processing file /home/airflow/.local/lib/python3.8/site-packages/airflow/example_dags/example_trigger_target_dag.py for tasks to queue
[2024-04-01T07:11:46.160+0000] {logging_mixin.py:188} INFO - [2024-04-01T07:11:46.159+0000] {dagbag.py:540} INFO - Filling up the DagBag from /home/airflow/.local/lib/python3.8/site-packages/airflow/example_dags/example_trigger_target_dag.py
[2024-04-01T07:11:46.163+0000] {processor.py:840} INFO - DAG(s) 'example_trigger_target_dag' retrieved from /home/airflow/.local/lib/python3.8/site-packages/airflow/example_dags/example_trigger_target_dag.py
[2024-04-01T07:11:46.174+0000] {logging_mixin.py:188} INFO - [2024-04-01T07:11:46.174+0000] {dag.py:3047} INFO - Sync 1 DAGs
[2024-04-01T07:11:46.180+0000] {logging_mixin.py:188} INFO - [2024-04-01T07:11:46.180+0000] {dag.py:3834} INFO - Setting next_dagrun for example_trigger_target_dag to None, run_after=None
[2024-04-01T07:11:46.189+0000] {processor.py:183} INFO - Processing /home/airflow/.local/lib/python3.8/site-packages/airflow/example_dags/example_trigger_target_dag.py took 0.033 seconds
[2024-04-01T07:12:16.258+0000] {processor.py:161} INFO - Started process (PID=1234) to work on /home/airflow/.local/lib/python3.8/site-packages/airflow/example_dags/example_trigger_target_dag.py
[2024-04-01T07:12:16.258+0000] {processor.py:830} INFO - Processing file /home/airflow/.local/lib/python3.8/site-packages/airflow/example_dags/example_trigger_target_dag.py for tasks to queue
[2024-04-01T07:12:16.260+0000] {logging_mixin.py:188} INFO - [2024-04-01T07:12:16.260+0000] {dagbag.py:540} INFO - Filling up the DagBag from /home/airflow/.local/lib/python3.8/site-packages/airflow/example_dags/example_trigger_target_dag.py
[2024-04-01T07:12:16.265+0000] {processor.py:840} INFO - DAG(s) 'example_trigger_target_dag' retrieved from /home/airflow/.local/lib/python3.8/site-packages/airflow/example_dags/example_trigger_target_dag.py
[2024-04-01T07:12:16.278+0000] {logging_mixin.py:188} INFO - [2024-04-01T07:12:16.278+0000] {dag.py:3047} INFO - Sync 1 DAGs
[2024-04-01T07:12:16.286+0000] {logging_mixin.py:188} INFO - [2024-04-01T07:12:16.285+0000] {dag.py:3834} INFO - Setting next_dagrun for example_trigger_target_dag to None, run_after=None
[2024-04-01T07:12:16.295+0000] {processor.py:183} INFO - Processing /home/airflow/.local/lib/python3.8/site-packages/airflow/example_dags/example_trigger_target_dag.py took 0.040 seconds
