[2024-04-01T06:47:26.560+0000] {processor.py:161} INFO - Started process (PID=62) to work on /home/airflow/.local/lib/python3.8/site-packages/airflow/example_dags/example_skip_dag.py
[2024-04-01T06:47:26.561+0000] {processor.py:830} INFO - Processing file /home/airflow/.local/lib/python3.8/site-packages/airflow/example_dags/example_skip_dag.py for tasks to queue
[2024-04-01T06:47:26.562+0000] {logging_mixin.py:188} INFO - [2024-04-01T06:47:26.562+0000] {dagbag.py:540} INFO - Filling up the DagBag from /home/airflow/.local/lib/python3.8/site-packages/airflow/example_dags/example_skip_dag.py
[2024-04-01T06:47:26.569+0000] {processor.py:840} INFO - DAG(s) 'example_skip_dag' retrieved from /home/airflow/.local/lib/python3.8/site-packages/airflow/example_dags/example_skip_dag.py
[2024-04-01T06:47:26.580+0000] {logging_mixin.py:188} INFO - [2024-04-01T06:47:26.579+0000] {dag.py:3047} INFO - Sync 1 DAGs
[2024-04-01T06:47:26.596+0000] {logging_mixin.py:188} INFO - [2024-04-01T06:47:26.595+0000] {dag.py:3834} INFO - Setting next_dagrun for example_skip_dag to 2024-03-31 00:00:00+00:00, run_after=2024-04-01 00:00:00+00:00
[2024-04-01T06:47:26.608+0000] {processor.py:183} INFO - Processing /home/airflow/.local/lib/python3.8/site-packages/airflow/example_dags/example_skip_dag.py took 0.050 seconds
[2024-04-01T06:47:57.785+0000] {processor.py:161} INFO - Started process (PID=117) to work on /home/airflow/.local/lib/python3.8/site-packages/airflow/example_dags/example_skip_dag.py
[2024-04-01T06:47:57.786+0000] {processor.py:830} INFO - Processing file /home/airflow/.local/lib/python3.8/site-packages/airflow/example_dags/example_skip_dag.py for tasks to queue
[2024-04-01T06:47:57.787+0000] {logging_mixin.py:188} INFO - [2024-04-01T06:47:57.787+0000] {dagbag.py:540} INFO - Filling up the DagBag from /home/airflow/.local/lib/python3.8/site-packages/airflow/example_dags/example_skip_dag.py
[2024-04-01T06:47:57.791+0000] {processor.py:840} INFO - DAG(s) 'example_skip_dag' retrieved from /home/airflow/.local/lib/python3.8/site-packages/airflow/example_dags/example_skip_dag.py
[2024-04-01T06:47:57.843+0000] {logging_mixin.py:188} INFO - [2024-04-01T06:47:57.843+0000] {dag.py:3047} INFO - Sync 1 DAGs
[2024-04-01T06:47:57.853+0000] {logging_mixin.py:188} INFO - [2024-04-01T06:47:57.853+0000] {dag.py:3834} INFO - Setting next_dagrun for example_skip_dag to 2024-03-31 00:00:00+00:00, run_after=2024-04-01 00:00:00+00:00
[2024-04-01T06:47:57.862+0000] {processor.py:183} INFO - Processing /home/airflow/.local/lib/python3.8/site-packages/airflow/example_dags/example_skip_dag.py took 0.078 seconds
[2024-04-01T06:48:27.994+0000] {processor.py:161} INFO - Started process (PID=172) to work on /home/airflow/.local/lib/python3.8/site-packages/airflow/example_dags/example_skip_dag.py
[2024-04-01T06:48:27.995+0000] {processor.py:830} INFO - Processing file /home/airflow/.local/lib/python3.8/site-packages/airflow/example_dags/example_skip_dag.py for tasks to queue
[2024-04-01T06:48:27.996+0000] {logging_mixin.py:188} INFO - [2024-04-01T06:48:27.996+0000] {dagbag.py:540} INFO - Filling up the DagBag from /home/airflow/.local/lib/python3.8/site-packages/airflow/example_dags/example_skip_dag.py
[2024-04-01T06:48:28.000+0000] {processor.py:840} INFO - DAG(s) 'example_skip_dag' retrieved from /home/airflow/.local/lib/python3.8/site-packages/airflow/example_dags/example_skip_dag.py
[2024-04-01T06:48:28.011+0000] {logging_mixin.py:188} INFO - [2024-04-01T06:48:28.011+0000] {dag.py:3047} INFO - Sync 1 DAGs
[2024-04-01T06:48:28.025+0000] {logging_mixin.py:188} INFO - [2024-04-01T06:48:28.025+0000] {dag.py:3834} INFO - Setting next_dagrun for example_skip_dag to 2024-03-31 00:00:00+00:00, run_after=2024-04-01 00:00:00+00:00
[2024-04-01T06:48:28.034+0000] {processor.py:183} INFO - Processing /home/airflow/.local/lib/python3.8/site-packages/airflow/example_dags/example_skip_dag.py took 0.042 seconds
[2024-04-01T06:48:58.850+0000] {processor.py:161} INFO - Started process (PID=227) to work on /home/airflow/.local/lib/python3.8/site-packages/airflow/example_dags/example_skip_dag.py
[2024-04-01T06:48:58.851+0000] {processor.py:830} INFO - Processing file /home/airflow/.local/lib/python3.8/site-packages/airflow/example_dags/example_skip_dag.py for tasks to queue
[2024-04-01T06:48:58.852+0000] {logging_mixin.py:188} INFO - [2024-04-01T06:48:58.852+0000] {dagbag.py:540} INFO - Filling up the DagBag from /home/airflow/.local/lib/python3.8/site-packages/airflow/example_dags/example_skip_dag.py
[2024-04-01T06:48:58.856+0000] {processor.py:840} INFO - DAG(s) 'example_skip_dag' retrieved from /home/airflow/.local/lib/python3.8/site-packages/airflow/example_dags/example_skip_dag.py
[2024-04-01T06:48:58.868+0000] {logging_mixin.py:188} INFO - [2024-04-01T06:48:58.868+0000] {dag.py:3047} INFO - Sync 1 DAGs
[2024-04-01T06:48:58.881+0000] {logging_mixin.py:188} INFO - [2024-04-01T06:48:58.881+0000] {dag.py:3834} INFO - Setting next_dagrun for example_skip_dag to 2024-03-31 00:00:00+00:00, run_after=2024-04-01 00:00:00+00:00
[2024-04-01T06:48:58.890+0000] {processor.py:183} INFO - Processing /home/airflow/.local/lib/python3.8/site-packages/airflow/example_dags/example_skip_dag.py took 0.041 seconds
[2024-04-01T06:49:29.512+0000] {processor.py:161} INFO - Started process (PID=282) to work on /home/airflow/.local/lib/python3.8/site-packages/airflow/example_dags/example_skip_dag.py
[2024-04-01T06:49:29.513+0000] {processor.py:830} INFO - Processing file /home/airflow/.local/lib/python3.8/site-packages/airflow/example_dags/example_skip_dag.py for tasks to queue
[2024-04-01T06:49:29.514+0000] {logging_mixin.py:188} INFO - [2024-04-01T06:49:29.514+0000] {dagbag.py:540} INFO - Filling up the DagBag from /home/airflow/.local/lib/python3.8/site-packages/airflow/example_dags/example_skip_dag.py
[2024-04-01T06:49:29.518+0000] {processor.py:840} INFO - DAG(s) 'example_skip_dag' retrieved from /home/airflow/.local/lib/python3.8/site-packages/airflow/example_dags/example_skip_dag.py
[2024-04-01T06:49:29.530+0000] {logging_mixin.py:188} INFO - [2024-04-01T06:49:29.530+0000] {dag.py:3047} INFO - Sync 1 DAGs
[2024-04-01T06:49:29.541+0000] {logging_mixin.py:188} INFO - [2024-04-01T06:49:29.541+0000] {dag.py:3834} INFO - Setting next_dagrun for example_skip_dag to 2024-03-31 00:00:00+00:00, run_after=2024-04-01 00:00:00+00:00
[2024-04-01T06:49:29.550+0000] {processor.py:183} INFO - Processing /home/airflow/.local/lib/python3.8/site-packages/airflow/example_dags/example_skip_dag.py took 0.040 seconds
[2024-04-01T06:50:00.420+0000] {processor.py:161} INFO - Started process (PID=337) to work on /home/airflow/.local/lib/python3.8/site-packages/airflow/example_dags/example_skip_dag.py
[2024-04-01T06:50:00.421+0000] {processor.py:830} INFO - Processing file /home/airflow/.local/lib/python3.8/site-packages/airflow/example_dags/example_skip_dag.py for tasks to queue
[2024-04-01T06:50:00.422+0000] {logging_mixin.py:188} INFO - [2024-04-01T06:50:00.422+0000] {dagbag.py:540} INFO - Filling up the DagBag from /home/airflow/.local/lib/python3.8/site-packages/airflow/example_dags/example_skip_dag.py
[2024-04-01T06:50:00.427+0000] {processor.py:840} INFO - DAG(s) 'example_skip_dag' retrieved from /home/airflow/.local/lib/python3.8/site-packages/airflow/example_dags/example_skip_dag.py
[2024-04-01T06:50:00.444+0000] {logging_mixin.py:188} INFO - [2024-04-01T06:50:00.444+0000] {dag.py:3047} INFO - Sync 1 DAGs
[2024-04-01T06:50:00.458+0000] {logging_mixin.py:188} INFO - [2024-04-01T06:50:00.457+0000] {dag.py:3834} INFO - Setting next_dagrun for example_skip_dag to 2024-03-31 00:00:00+00:00, run_after=2024-04-01 00:00:00+00:00
[2024-04-01T06:50:00.467+0000] {processor.py:183} INFO - Processing /home/airflow/.local/lib/python3.8/site-packages/airflow/example_dags/example_skip_dag.py took 0.050 seconds
[2024-04-01T06:50:30.504+0000] {processor.py:161} INFO - Started process (PID=392) to work on /home/airflow/.local/lib/python3.8/site-packages/airflow/example_dags/example_skip_dag.py
[2024-04-01T06:50:30.506+0000] {processor.py:830} INFO - Processing file /home/airflow/.local/lib/python3.8/site-packages/airflow/example_dags/example_skip_dag.py for tasks to queue
[2024-04-01T06:50:30.507+0000] {logging_mixin.py:188} INFO - [2024-04-01T06:50:30.507+0000] {dagbag.py:540} INFO - Filling up the DagBag from /home/airflow/.local/lib/python3.8/site-packages/airflow/example_dags/example_skip_dag.py
[2024-04-01T06:50:30.512+0000] {processor.py:840} INFO - DAG(s) 'example_skip_dag' retrieved from /home/airflow/.local/lib/python3.8/site-packages/airflow/example_dags/example_skip_dag.py
[2024-04-01T06:50:30.529+0000] {logging_mixin.py:188} INFO - [2024-04-01T06:50:30.529+0000] {dag.py:3047} INFO - Sync 1 DAGs
[2024-04-01T06:50:30.542+0000] {logging_mixin.py:188} INFO - [2024-04-01T06:50:30.541+0000] {dag.py:3834} INFO - Setting next_dagrun for example_skip_dag to 2024-03-31 00:00:00+00:00, run_after=2024-04-01 00:00:00+00:00
[2024-04-01T06:50:30.551+0000] {processor.py:183} INFO - Processing /home/airflow/.local/lib/python3.8/site-packages/airflow/example_dags/example_skip_dag.py took 0.049 seconds
[2024-04-01T06:51:01.201+0000] {processor.py:161} INFO - Started process (PID=447) to work on /home/airflow/.local/lib/python3.8/site-packages/airflow/example_dags/example_skip_dag.py
[2024-04-01T06:51:01.201+0000] {processor.py:830} INFO - Processing file /home/airflow/.local/lib/python3.8/site-packages/airflow/example_dags/example_skip_dag.py for tasks to queue
[2024-04-01T06:51:01.202+0000] {logging_mixin.py:188} INFO - [2024-04-01T06:51:01.202+0000] {dagbag.py:540} INFO - Filling up the DagBag from /home/airflow/.local/lib/python3.8/site-packages/airflow/example_dags/example_skip_dag.py
[2024-04-01T06:51:01.207+0000] {processor.py:840} INFO - DAG(s) 'example_skip_dag' retrieved from /home/airflow/.local/lib/python3.8/site-packages/airflow/example_dags/example_skip_dag.py
[2024-04-01T06:51:01.218+0000] {logging_mixin.py:188} INFO - [2024-04-01T06:51:01.218+0000] {dag.py:3047} INFO - Sync 1 DAGs
[2024-04-01T06:51:01.230+0000] {logging_mixin.py:188} INFO - [2024-04-01T06:51:01.230+0000] {dag.py:3834} INFO - Setting next_dagrun for example_skip_dag to 2024-03-31 00:00:00+00:00, run_after=2024-04-01 00:00:00+00:00
[2024-04-01T06:51:01.239+0000] {processor.py:183} INFO - Processing /home/airflow/.local/lib/python3.8/site-packages/airflow/example_dags/example_skip_dag.py took 0.041 seconds
[2024-04-01T06:51:31.924+0000] {processor.py:161} INFO - Started process (PID=502) to work on /home/airflow/.local/lib/python3.8/site-packages/airflow/example_dags/example_skip_dag.py
[2024-04-01T06:51:31.925+0000] {processor.py:830} INFO - Processing file /home/airflow/.local/lib/python3.8/site-packages/airflow/example_dags/example_skip_dag.py for tasks to queue
[2024-04-01T06:51:31.926+0000] {logging_mixin.py:188} INFO - [2024-04-01T06:51:31.926+0000] {dagbag.py:540} INFO - Filling up the DagBag from /home/airflow/.local/lib/python3.8/site-packages/airflow/example_dags/example_skip_dag.py
[2024-04-01T06:51:31.930+0000] {processor.py:840} INFO - DAG(s) 'example_skip_dag' retrieved from /home/airflow/.local/lib/python3.8/site-packages/airflow/example_dags/example_skip_dag.py
[2024-04-01T06:51:31.943+0000] {logging_mixin.py:188} INFO - [2024-04-01T06:51:31.943+0000] {dag.py:3047} INFO - Sync 1 DAGs
[2024-04-01T06:51:31.956+0000] {logging_mixin.py:188} INFO - [2024-04-01T06:51:31.956+0000] {dag.py:3834} INFO - Setting next_dagrun for example_skip_dag to 2024-03-31 00:00:00+00:00, run_after=2024-04-01 00:00:00+00:00
[2024-04-01T06:51:31.966+0000] {processor.py:183} INFO - Processing /home/airflow/.local/lib/python3.8/site-packages/airflow/example_dags/example_skip_dag.py took 0.044 seconds
[2024-04-01T06:52:02.721+0000] {processor.py:161} INFO - Started process (PID=557) to work on /home/airflow/.local/lib/python3.8/site-packages/airflow/example_dags/example_skip_dag.py
[2024-04-01T06:52:02.721+0000] {processor.py:830} INFO - Processing file /home/airflow/.local/lib/python3.8/site-packages/airflow/example_dags/example_skip_dag.py for tasks to queue
[2024-04-01T06:52:02.723+0000] {logging_mixin.py:188} INFO - [2024-04-01T06:52:02.722+0000] {dagbag.py:540} INFO - Filling up the DagBag from /home/airflow/.local/lib/python3.8/site-packages/airflow/example_dags/example_skip_dag.py
[2024-04-01T06:52:02.727+0000] {processor.py:840} INFO - DAG(s) 'example_skip_dag' retrieved from /home/airflow/.local/lib/python3.8/site-packages/airflow/example_dags/example_skip_dag.py
[2024-04-01T06:52:02.739+0000] {logging_mixin.py:188} INFO - [2024-04-01T06:52:02.739+0000] {dag.py:3047} INFO - Sync 1 DAGs
[2024-04-01T06:52:02.751+0000] {logging_mixin.py:188} INFO - [2024-04-01T06:52:02.750+0000] {dag.py:3834} INFO - Setting next_dagrun for example_skip_dag to 2024-03-31 00:00:00+00:00, run_after=2024-04-01 00:00:00+00:00
[2024-04-01T06:52:02.760+0000] {processor.py:183} INFO - Processing /home/airflow/.local/lib/python3.8/site-packages/airflow/example_dags/example_skip_dag.py took 0.041 seconds
[2024-04-01T06:52:33.549+0000] {processor.py:161} INFO - Started process (PID=612) to work on /home/airflow/.local/lib/python3.8/site-packages/airflow/example_dags/example_skip_dag.py
[2024-04-01T06:52:33.550+0000] {processor.py:830} INFO - Processing file /home/airflow/.local/lib/python3.8/site-packages/airflow/example_dags/example_skip_dag.py for tasks to queue
[2024-04-01T06:52:33.551+0000] {logging_mixin.py:188} INFO - [2024-04-01T06:52:33.551+0000] {dagbag.py:540} INFO - Filling up the DagBag from /home/airflow/.local/lib/python3.8/site-packages/airflow/example_dags/example_skip_dag.py
[2024-04-01T06:52:33.555+0000] {processor.py:840} INFO - DAG(s) 'example_skip_dag' retrieved from /home/airflow/.local/lib/python3.8/site-packages/airflow/example_dags/example_skip_dag.py
[2024-04-01T06:52:33.570+0000] {logging_mixin.py:188} INFO - [2024-04-01T06:52:33.569+0000] {dag.py:3047} INFO - Sync 1 DAGs
[2024-04-01T06:52:33.583+0000] {logging_mixin.py:188} INFO - [2024-04-01T06:52:33.583+0000] {dag.py:3834} INFO - Setting next_dagrun for example_skip_dag to 2024-03-31 00:00:00+00:00, run_after=2024-04-01 00:00:00+00:00
[2024-04-01T06:52:33.593+0000] {processor.py:183} INFO - Processing /home/airflow/.local/lib/python3.8/site-packages/airflow/example_dags/example_skip_dag.py took 0.045 seconds
[2024-04-01T06:53:03.758+0000] {processor.py:161} INFO - Started process (PID=667) to work on /home/airflow/.local/lib/python3.8/site-packages/airflow/example_dags/example_skip_dag.py
[2024-04-01T06:53:03.759+0000] {processor.py:830} INFO - Processing file /home/airflow/.local/lib/python3.8/site-packages/airflow/example_dags/example_skip_dag.py for tasks to queue
[2024-04-01T06:53:03.761+0000] {logging_mixin.py:188} INFO - [2024-04-01T06:53:03.760+0000] {dagbag.py:540} INFO - Filling up the DagBag from /home/airflow/.local/lib/python3.8/site-packages/airflow/example_dags/example_skip_dag.py
[2024-04-01T06:53:03.765+0000] {processor.py:840} INFO - DAG(s) 'example_skip_dag' retrieved from /home/airflow/.local/lib/python3.8/site-packages/airflow/example_dags/example_skip_dag.py
[2024-04-01T06:53:03.780+0000] {logging_mixin.py:188} INFO - [2024-04-01T06:53:03.780+0000] {dag.py:3047} INFO - Sync 1 DAGs
[2024-04-01T06:53:03.793+0000] {logging_mixin.py:188} INFO - [2024-04-01T06:53:03.793+0000] {dag.py:3834} INFO - Setting next_dagrun for example_skip_dag to 2024-03-31 00:00:00+00:00, run_after=2024-04-01 00:00:00+00:00
[2024-04-01T06:53:03.802+0000] {processor.py:183} INFO - Processing /home/airflow/.local/lib/python3.8/site-packages/airflow/example_dags/example_skip_dag.py took 0.047 seconds
[2024-04-01T06:53:33.955+0000] {processor.py:161} INFO - Started process (PID=722) to work on /home/airflow/.local/lib/python3.8/site-packages/airflow/example_dags/example_skip_dag.py
[2024-04-01T06:53:33.955+0000] {processor.py:830} INFO - Processing file /home/airflow/.local/lib/python3.8/site-packages/airflow/example_dags/example_skip_dag.py for tasks to queue
[2024-04-01T06:53:33.957+0000] {logging_mixin.py:188} INFO - [2024-04-01T06:53:33.957+0000] {dagbag.py:540} INFO - Filling up the DagBag from /home/airflow/.local/lib/python3.8/site-packages/airflow/example_dags/example_skip_dag.py
[2024-04-01T06:53:33.962+0000] {processor.py:840} INFO - DAG(s) 'example_skip_dag' retrieved from /home/airflow/.local/lib/python3.8/site-packages/airflow/example_dags/example_skip_dag.py
[2024-04-01T06:53:33.977+0000] {logging_mixin.py:188} INFO - [2024-04-01T06:53:33.977+0000] {dag.py:3047} INFO - Sync 1 DAGs
[2024-04-01T06:53:33.992+0000] {logging_mixin.py:188} INFO - [2024-04-01T06:53:33.992+0000] {dag.py:3834} INFO - Setting next_dagrun for example_skip_dag to 2024-03-31 00:00:00+00:00, run_after=2024-04-01 00:00:00+00:00
[2024-04-01T06:53:34.003+0000] {processor.py:183} INFO - Processing /home/airflow/.local/lib/python3.8/site-packages/airflow/example_dags/example_skip_dag.py took 0.051 seconds
[2024-04-01T06:54:04.798+0000] {processor.py:161} INFO - Started process (PID=777) to work on /home/airflow/.local/lib/python3.8/site-packages/airflow/example_dags/example_skip_dag.py
[2024-04-01T06:54:04.798+0000] {processor.py:830} INFO - Processing file /home/airflow/.local/lib/python3.8/site-packages/airflow/example_dags/example_skip_dag.py for tasks to queue
[2024-04-01T06:54:04.799+0000] {logging_mixin.py:188} INFO - [2024-04-01T06:54:04.799+0000] {dagbag.py:540} INFO - Filling up the DagBag from /home/airflow/.local/lib/python3.8/site-packages/airflow/example_dags/example_skip_dag.py
[2024-04-01T06:54:04.803+0000] {processor.py:840} INFO - DAG(s) 'example_skip_dag' retrieved from /home/airflow/.local/lib/python3.8/site-packages/airflow/example_dags/example_skip_dag.py
[2024-04-01T06:54:04.819+0000] {logging_mixin.py:188} INFO - [2024-04-01T06:54:04.819+0000] {dag.py:3047} INFO - Sync 1 DAGs
[2024-04-01T06:54:04.831+0000] {logging_mixin.py:188} INFO - [2024-04-01T06:54:04.831+0000] {dag.py:3834} INFO - Setting next_dagrun for example_skip_dag to 2024-03-31 00:00:00+00:00, run_after=2024-04-01 00:00:00+00:00
[2024-04-01T06:54:04.840+0000] {processor.py:183} INFO - Processing /home/airflow/.local/lib/python3.8/site-packages/airflow/example_dags/example_skip_dag.py took 0.045 seconds
[2024-04-01T06:54:35.530+0000] {processor.py:161} INFO - Started process (PID=832) to work on /home/airflow/.local/lib/python3.8/site-packages/airflow/example_dags/example_skip_dag.py
[2024-04-01T06:54:35.531+0000] {processor.py:830} INFO - Processing file /home/airflow/.local/lib/python3.8/site-packages/airflow/example_dags/example_skip_dag.py for tasks to queue
[2024-04-01T06:54:35.532+0000] {logging_mixin.py:188} INFO - [2024-04-01T06:54:35.532+0000] {dagbag.py:540} INFO - Filling up the DagBag from /home/airflow/.local/lib/python3.8/site-packages/airflow/example_dags/example_skip_dag.py
[2024-04-01T06:54:35.536+0000] {processor.py:840} INFO - DAG(s) 'example_skip_dag' retrieved from /home/airflow/.local/lib/python3.8/site-packages/airflow/example_dags/example_skip_dag.py
[2024-04-01T06:54:35.549+0000] {logging_mixin.py:188} INFO - [2024-04-01T06:54:35.549+0000] {dag.py:3047} INFO - Sync 1 DAGs
[2024-04-01T06:54:35.561+0000] {logging_mixin.py:188} INFO - [2024-04-01T06:54:35.561+0000] {dag.py:3834} INFO - Setting next_dagrun for example_skip_dag to 2024-03-31 00:00:00+00:00, run_after=2024-04-01 00:00:00+00:00
[2024-04-01T06:54:35.569+0000] {processor.py:183} INFO - Processing /home/airflow/.local/lib/python3.8/site-packages/airflow/example_dags/example_skip_dag.py took 0.041 seconds
[2024-04-01T06:55:06.193+0000] {processor.py:161} INFO - Started process (PID=887) to work on /home/airflow/.local/lib/python3.8/site-packages/airflow/example_dags/example_skip_dag.py
[2024-04-01T06:55:06.194+0000] {processor.py:830} INFO - Processing file /home/airflow/.local/lib/python3.8/site-packages/airflow/example_dags/example_skip_dag.py for tasks to queue
[2024-04-01T06:55:06.195+0000] {logging_mixin.py:188} INFO - [2024-04-01T06:55:06.195+0000] {dagbag.py:540} INFO - Filling up the DagBag from /home/airflow/.local/lib/python3.8/site-packages/airflow/example_dags/example_skip_dag.py
[2024-04-01T06:55:06.199+0000] {processor.py:840} INFO - DAG(s) 'example_skip_dag' retrieved from /home/airflow/.local/lib/python3.8/site-packages/airflow/example_dags/example_skip_dag.py
[2024-04-01T06:55:06.211+0000] {logging_mixin.py:188} INFO - [2024-04-01T06:55:06.211+0000] {dag.py:3047} INFO - Sync 1 DAGs
[2024-04-01T06:55:06.223+0000] {logging_mixin.py:188} INFO - [2024-04-01T06:55:06.223+0000] {dag.py:3834} INFO - Setting next_dagrun for example_skip_dag to 2024-03-31 00:00:00+00:00, run_after=2024-04-01 00:00:00+00:00
[2024-04-01T06:55:06.232+0000] {processor.py:183} INFO - Processing /home/airflow/.local/lib/python3.8/site-packages/airflow/example_dags/example_skip_dag.py took 0.041 seconds
[2024-04-01T06:55:36.990+0000] {processor.py:161} INFO - Started process (PID=942) to work on /home/airflow/.local/lib/python3.8/site-packages/airflow/example_dags/example_skip_dag.py
[2024-04-01T06:55:36.991+0000] {processor.py:830} INFO - Processing file /home/airflow/.local/lib/python3.8/site-packages/airflow/example_dags/example_skip_dag.py for tasks to queue
[2024-04-01T06:55:36.992+0000] {logging_mixin.py:188} INFO - [2024-04-01T06:55:36.992+0000] {dagbag.py:540} INFO - Filling up the DagBag from /home/airflow/.local/lib/python3.8/site-packages/airflow/example_dags/example_skip_dag.py
[2024-04-01T06:55:36.996+0000] {processor.py:840} INFO - DAG(s) 'example_skip_dag' retrieved from /home/airflow/.local/lib/python3.8/site-packages/airflow/example_dags/example_skip_dag.py
[2024-04-01T06:55:37.009+0000] {logging_mixin.py:188} INFO - [2024-04-01T06:55:37.009+0000] {dag.py:3047} INFO - Sync 1 DAGs
[2024-04-01T06:55:37.020+0000] {logging_mixin.py:188} INFO - [2024-04-01T06:55:37.020+0000] {dag.py:3834} INFO - Setting next_dagrun for example_skip_dag to 2024-03-31 00:00:00+00:00, run_after=2024-04-01 00:00:00+00:00
[2024-04-01T06:55:37.029+0000] {processor.py:183} INFO - Processing /home/airflow/.local/lib/python3.8/site-packages/airflow/example_dags/example_skip_dag.py took 0.040 seconds
[2024-04-01T06:56:07.684+0000] {processor.py:161} INFO - Started process (PID=997) to work on /home/airflow/.local/lib/python3.8/site-packages/airflow/example_dags/example_skip_dag.py
[2024-04-01T06:56:07.684+0000] {processor.py:830} INFO - Processing file /home/airflow/.local/lib/python3.8/site-packages/airflow/example_dags/example_skip_dag.py for tasks to queue
[2024-04-01T06:56:07.686+0000] {logging_mixin.py:188} INFO - [2024-04-01T06:56:07.686+0000] {dagbag.py:540} INFO - Filling up the DagBag from /home/airflow/.local/lib/python3.8/site-packages/airflow/example_dags/example_skip_dag.py
[2024-04-01T06:56:07.690+0000] {processor.py:840} INFO - DAG(s) 'example_skip_dag' retrieved from /home/airflow/.local/lib/python3.8/site-packages/airflow/example_dags/example_skip_dag.py
[2024-04-01T06:56:07.703+0000] {logging_mixin.py:188} INFO - [2024-04-01T06:56:07.703+0000] {dag.py:3047} INFO - Sync 1 DAGs
[2024-04-01T06:56:07.715+0000] {logging_mixin.py:188} INFO - [2024-04-01T06:56:07.715+0000] {dag.py:3834} INFO - Setting next_dagrun for example_skip_dag to 2024-03-31 00:00:00+00:00, run_after=2024-04-01 00:00:00+00:00
[2024-04-01T06:56:07.724+0000] {processor.py:183} INFO - Processing /home/airflow/.local/lib/python3.8/site-packages/airflow/example_dags/example_skip_dag.py took 0.043 seconds
[2024-04-01T06:56:38.521+0000] {processor.py:161} INFO - Started process (PID=1051) to work on /home/airflow/.local/lib/python3.8/site-packages/airflow/example_dags/example_skip_dag.py
[2024-04-01T06:56:38.522+0000] {processor.py:830} INFO - Processing file /home/airflow/.local/lib/python3.8/site-packages/airflow/example_dags/example_skip_dag.py for tasks to queue
[2024-04-01T06:56:38.523+0000] {logging_mixin.py:188} INFO - [2024-04-01T06:56:38.523+0000] {dagbag.py:540} INFO - Filling up the DagBag from /home/airflow/.local/lib/python3.8/site-packages/airflow/example_dags/example_skip_dag.py
[2024-04-01T06:56:38.528+0000] {processor.py:840} INFO - DAG(s) 'example_skip_dag' retrieved from /home/airflow/.local/lib/python3.8/site-packages/airflow/example_dags/example_skip_dag.py
[2024-04-01T06:56:38.540+0000] {logging_mixin.py:188} INFO - [2024-04-01T06:56:38.540+0000] {dag.py:3047} INFO - Sync 1 DAGs
[2024-04-01T06:56:38.553+0000] {logging_mixin.py:188} INFO - [2024-04-01T06:56:38.553+0000] {dag.py:3834} INFO - Setting next_dagrun for example_skip_dag to 2024-03-31 00:00:00+00:00, run_after=2024-04-01 00:00:00+00:00
[2024-04-01T06:56:38.563+0000] {processor.py:183} INFO - Processing /home/airflow/.local/lib/python3.8/site-packages/airflow/example_dags/example_skip_dag.py took 0.043 seconds
[2024-04-01T06:57:09.596+0000] {processor.py:161} INFO - Started process (PID=1106) to work on /home/airflow/.local/lib/python3.8/site-packages/airflow/example_dags/example_skip_dag.py
[2024-04-01T06:57:09.597+0000] {processor.py:830} INFO - Processing file /home/airflow/.local/lib/python3.8/site-packages/airflow/example_dags/example_skip_dag.py for tasks to queue
[2024-04-01T06:57:09.598+0000] {logging_mixin.py:188} INFO - [2024-04-01T06:57:09.598+0000] {dagbag.py:540} INFO - Filling up the DagBag from /home/airflow/.local/lib/python3.8/site-packages/airflow/example_dags/example_skip_dag.py
[2024-04-01T06:57:09.603+0000] {processor.py:840} INFO - DAG(s) 'example_skip_dag' retrieved from /home/airflow/.local/lib/python3.8/site-packages/airflow/example_dags/example_skip_dag.py
[2024-04-01T06:57:09.619+0000] {logging_mixin.py:188} INFO - [2024-04-01T06:57:09.619+0000] {dag.py:3047} INFO - Sync 1 DAGs
[2024-04-01T06:57:09.634+0000] {logging_mixin.py:188} INFO - [2024-04-01T06:57:09.633+0000] {dag.py:3834} INFO - Setting next_dagrun for example_skip_dag to 2024-03-31 00:00:00+00:00, run_after=2024-04-01 00:00:00+00:00
[2024-04-01T06:57:09.647+0000] {processor.py:183} INFO - Processing /home/airflow/.local/lib/python3.8/site-packages/airflow/example_dags/example_skip_dag.py took 0.053 seconds
[2024-04-01T06:57:40.324+0000] {processor.py:161} INFO - Started process (PID=1161) to work on /home/airflow/.local/lib/python3.8/site-packages/airflow/example_dags/example_skip_dag.py
[2024-04-01T06:57:40.325+0000] {processor.py:830} INFO - Processing file /home/airflow/.local/lib/python3.8/site-packages/airflow/example_dags/example_skip_dag.py for tasks to queue
[2024-04-01T06:57:40.326+0000] {logging_mixin.py:188} INFO - [2024-04-01T06:57:40.326+0000] {dagbag.py:540} INFO - Filling up the DagBag from /home/airflow/.local/lib/python3.8/site-packages/airflow/example_dags/example_skip_dag.py
[2024-04-01T06:57:40.330+0000] {processor.py:840} INFO - DAG(s) 'example_skip_dag' retrieved from /home/airflow/.local/lib/python3.8/site-packages/airflow/example_dags/example_skip_dag.py
[2024-04-01T06:57:40.341+0000] {logging_mixin.py:188} INFO - [2024-04-01T06:57:40.341+0000] {dag.py:3047} INFO - Sync 1 DAGs
[2024-04-01T06:57:40.353+0000] {logging_mixin.py:188} INFO - [2024-04-01T06:57:40.353+0000] {dag.py:3834} INFO - Setting next_dagrun for example_skip_dag to 2024-03-31 00:00:00+00:00, run_after=2024-04-01 00:00:00+00:00
[2024-04-01T06:57:40.362+0000] {processor.py:183} INFO - Processing /home/airflow/.local/lib/python3.8/site-packages/airflow/example_dags/example_skip_dag.py took 0.039 seconds
[2024-04-01T06:58:11.164+0000] {processor.py:161} INFO - Started process (PID=1216) to work on /home/airflow/.local/lib/python3.8/site-packages/airflow/example_dags/example_skip_dag.py
[2024-04-01T06:58:11.165+0000] {processor.py:830} INFO - Processing file /home/airflow/.local/lib/python3.8/site-packages/airflow/example_dags/example_skip_dag.py for tasks to queue
[2024-04-01T06:58:11.166+0000] {logging_mixin.py:188} INFO - [2024-04-01T06:58:11.166+0000] {dagbag.py:540} INFO - Filling up the DagBag from /home/airflow/.local/lib/python3.8/site-packages/airflow/example_dags/example_skip_dag.py
[2024-04-01T06:58:11.170+0000] {processor.py:840} INFO - DAG(s) 'example_skip_dag' retrieved from /home/airflow/.local/lib/python3.8/site-packages/airflow/example_dags/example_skip_dag.py
[2024-04-01T06:58:11.183+0000] {logging_mixin.py:188} INFO - [2024-04-01T06:58:11.183+0000] {dag.py:3047} INFO - Sync 1 DAGs
[2024-04-01T06:58:11.195+0000] {logging_mixin.py:188} INFO - [2024-04-01T06:58:11.195+0000] {dag.py:3834} INFO - Setting next_dagrun for example_skip_dag to 2024-03-31 00:00:00+00:00, run_after=2024-04-01 00:00:00+00:00
[2024-04-01T06:58:11.205+0000] {processor.py:183} INFO - Processing /home/airflow/.local/lib/python3.8/site-packages/airflow/example_dags/example_skip_dag.py took 0.043 seconds
[2024-04-01T06:58:41.250+0000] {processor.py:161} INFO - Started process (PID=1271) to work on /home/airflow/.local/lib/python3.8/site-packages/airflow/example_dags/example_skip_dag.py
[2024-04-01T06:58:41.251+0000] {processor.py:830} INFO - Processing file /home/airflow/.local/lib/python3.8/site-packages/airflow/example_dags/example_skip_dag.py for tasks to queue
[2024-04-01T06:58:41.252+0000] {logging_mixin.py:188} INFO - [2024-04-01T06:58:41.252+0000] {dagbag.py:540} INFO - Filling up the DagBag from /home/airflow/.local/lib/python3.8/site-packages/airflow/example_dags/example_skip_dag.py
[2024-04-01T06:58:41.256+0000] {processor.py:840} INFO - DAG(s) 'example_skip_dag' retrieved from /home/airflow/.local/lib/python3.8/site-packages/airflow/example_dags/example_skip_dag.py
[2024-04-01T06:58:41.269+0000] {logging_mixin.py:188} INFO - [2024-04-01T06:58:41.269+0000] {dag.py:3047} INFO - Sync 1 DAGs
[2024-04-01T06:58:41.281+0000] {logging_mixin.py:188} INFO - [2024-04-01T06:58:41.281+0000] {dag.py:3834} INFO - Setting next_dagrun for example_skip_dag to 2024-03-31 00:00:00+00:00, run_after=2024-04-01 00:00:00+00:00
[2024-04-01T06:58:41.291+0000] {processor.py:183} INFO - Processing /home/airflow/.local/lib/python3.8/site-packages/airflow/example_dags/example_skip_dag.py took 0.042 seconds
[2024-04-01T06:59:11.911+0000] {processor.py:161} INFO - Started process (PID=1326) to work on /home/airflow/.local/lib/python3.8/site-packages/airflow/example_dags/example_skip_dag.py
[2024-04-01T06:59:11.911+0000] {processor.py:830} INFO - Processing file /home/airflow/.local/lib/python3.8/site-packages/airflow/example_dags/example_skip_dag.py for tasks to queue
[2024-04-01T06:59:11.912+0000] {logging_mixin.py:188} INFO - [2024-04-01T06:59:11.912+0000] {dagbag.py:540} INFO - Filling up the DagBag from /home/airflow/.local/lib/python3.8/site-packages/airflow/example_dags/example_skip_dag.py
[2024-04-01T06:59:11.916+0000] {processor.py:840} INFO - DAG(s) 'example_skip_dag' retrieved from /home/airflow/.local/lib/python3.8/site-packages/airflow/example_dags/example_skip_dag.py
[2024-04-01T06:59:11.929+0000] {logging_mixin.py:188} INFO - [2024-04-01T06:59:11.928+0000] {dag.py:3047} INFO - Sync 1 DAGs
[2024-04-01T06:59:11.941+0000] {logging_mixin.py:188} INFO - [2024-04-01T06:59:11.941+0000] {dag.py:3834} INFO - Setting next_dagrun for example_skip_dag to 2024-03-31 00:00:00+00:00, run_after=2024-04-01 00:00:00+00:00
[2024-04-01T06:59:11.951+0000] {processor.py:183} INFO - Processing /home/airflow/.local/lib/python3.8/site-packages/airflow/example_dags/example_skip_dag.py took 0.042 seconds
[2024-04-01T06:59:42.668+0000] {processor.py:161} INFO - Started process (PID=1381) to work on /home/airflow/.local/lib/python3.8/site-packages/airflow/example_dags/example_skip_dag.py
[2024-04-01T06:59:42.668+0000] {processor.py:830} INFO - Processing file /home/airflow/.local/lib/python3.8/site-packages/airflow/example_dags/example_skip_dag.py for tasks to queue
[2024-04-01T06:59:42.669+0000] {logging_mixin.py:188} INFO - [2024-04-01T06:59:42.669+0000] {dagbag.py:540} INFO - Filling up the DagBag from /home/airflow/.local/lib/python3.8/site-packages/airflow/example_dags/example_skip_dag.py
[2024-04-01T06:59:42.674+0000] {processor.py:840} INFO - DAG(s) 'example_skip_dag' retrieved from /home/airflow/.local/lib/python3.8/site-packages/airflow/example_dags/example_skip_dag.py
[2024-04-01T06:59:42.686+0000] {logging_mixin.py:188} INFO - [2024-04-01T06:59:42.686+0000] {dag.py:3047} INFO - Sync 1 DAGs
[2024-04-01T06:59:42.699+0000] {logging_mixin.py:188} INFO - [2024-04-01T06:59:42.698+0000] {dag.py:3834} INFO - Setting next_dagrun for example_skip_dag to 2024-03-31 00:00:00+00:00, run_after=2024-04-01 00:00:00+00:00
[2024-04-01T06:59:42.708+0000] {processor.py:183} INFO - Processing /home/airflow/.local/lib/python3.8/site-packages/airflow/example_dags/example_skip_dag.py took 0.042 seconds
[2024-04-01T07:00:12.731+0000] {processor.py:161} INFO - Started process (PID=1436) to work on /home/airflow/.local/lib/python3.8/site-packages/airflow/example_dags/example_skip_dag.py
[2024-04-01T07:00:12.731+0000] {processor.py:830} INFO - Processing file /home/airflow/.local/lib/python3.8/site-packages/airflow/example_dags/example_skip_dag.py for tasks to queue
[2024-04-01T07:00:12.732+0000] {logging_mixin.py:188} INFO - [2024-04-01T07:00:12.732+0000] {dagbag.py:540} INFO - Filling up the DagBag from /home/airflow/.local/lib/python3.8/site-packages/airflow/example_dags/example_skip_dag.py
[2024-04-01T07:00:12.736+0000] {processor.py:840} INFO - DAG(s) 'example_skip_dag' retrieved from /home/airflow/.local/lib/python3.8/site-packages/airflow/example_dags/example_skip_dag.py
[2024-04-01T07:00:12.748+0000] {logging_mixin.py:188} INFO - [2024-04-01T07:00:12.748+0000] {dag.py:3047} INFO - Sync 1 DAGs
[2024-04-01T07:00:12.760+0000] {logging_mixin.py:188} INFO - [2024-04-01T07:00:12.760+0000] {dag.py:3834} INFO - Setting next_dagrun for example_skip_dag to 2024-03-31 00:00:00+00:00, run_after=2024-04-01 00:00:00+00:00
[2024-04-01T07:00:12.770+0000] {processor.py:183} INFO - Processing /home/airflow/.local/lib/python3.8/site-packages/airflow/example_dags/example_skip_dag.py took 0.041 seconds
[2024-04-01T07:00:43.210+0000] {processor.py:161} INFO - Started process (PID=1491) to work on /home/airflow/.local/lib/python3.8/site-packages/airflow/example_dags/example_skip_dag.py
[2024-04-01T07:00:43.211+0000] {processor.py:830} INFO - Processing file /home/airflow/.local/lib/python3.8/site-packages/airflow/example_dags/example_skip_dag.py for tasks to queue
[2024-04-01T07:00:43.212+0000] {logging_mixin.py:188} INFO - [2024-04-01T07:00:43.212+0000] {dagbag.py:540} INFO - Filling up the DagBag from /home/airflow/.local/lib/python3.8/site-packages/airflow/example_dags/example_skip_dag.py
[2024-04-01T07:00:43.216+0000] {processor.py:840} INFO - DAG(s) 'example_skip_dag' retrieved from /home/airflow/.local/lib/python3.8/site-packages/airflow/example_dags/example_skip_dag.py
[2024-04-01T07:00:43.228+0000] {logging_mixin.py:188} INFO - [2024-04-01T07:00:43.228+0000] {dag.py:3047} INFO - Sync 1 DAGs
[2024-04-01T07:00:43.240+0000] {logging_mixin.py:188} INFO - [2024-04-01T07:00:43.240+0000] {dag.py:3834} INFO - Setting next_dagrun for example_skip_dag to 2024-03-31 00:00:00+00:00, run_after=2024-04-01 00:00:00+00:00
[2024-04-01T07:00:43.249+0000] {processor.py:183} INFO - Processing /home/airflow/.local/lib/python3.8/site-packages/airflow/example_dags/example_skip_dag.py took 0.040 seconds
[2024-04-01T07:01:37.316+0000] {processor.py:161} INFO - Started process (PID=62) to work on /home/airflow/.local/lib/python3.8/site-packages/airflow/example_dags/example_skip_dag.py
[2024-04-01T07:01:37.317+0000] {processor.py:830} INFO - Processing file /home/airflow/.local/lib/python3.8/site-packages/airflow/example_dags/example_skip_dag.py for tasks to queue
[2024-04-01T07:01:37.318+0000] {logging_mixin.py:188} INFO - [2024-04-01T07:01:37.318+0000] {dagbag.py:540} INFO - Filling up the DagBag from /home/airflow/.local/lib/python3.8/site-packages/airflow/example_dags/example_skip_dag.py
[2024-04-01T07:01:37.326+0000] {processor.py:840} INFO - DAG(s) 'example_skip_dag' retrieved from /home/airflow/.local/lib/python3.8/site-packages/airflow/example_dags/example_skip_dag.py
[2024-04-01T07:01:37.335+0000] {logging_mixin.py:188} INFO - [2024-04-01T07:01:37.335+0000] {dag.py:3047} INFO - Sync 1 DAGs
[2024-04-01T07:01:37.351+0000] {logging_mixin.py:188} INFO - [2024-04-01T07:01:37.351+0000] {dag.py:3834} INFO - Setting next_dagrun for example_skip_dag to 2024-03-31 00:00:00+00:00, run_after=2024-04-01 00:00:00+00:00
[2024-04-01T07:01:37.363+0000] {processor.py:183} INFO - Processing /home/airflow/.local/lib/python3.8/site-packages/airflow/example_dags/example_skip_dag.py took 0.050 seconds
[2024-04-01T07:02:08.087+0000] {processor.py:161} INFO - Started process (PID=117) to work on /home/airflow/.local/lib/python3.8/site-packages/airflow/example_dags/example_skip_dag.py
[2024-04-01T07:02:08.088+0000] {processor.py:830} INFO - Processing file /home/airflow/.local/lib/python3.8/site-packages/airflow/example_dags/example_skip_dag.py for tasks to queue
[2024-04-01T07:02:08.089+0000] {logging_mixin.py:188} INFO - [2024-04-01T07:02:08.089+0000] {dagbag.py:540} INFO - Filling up the DagBag from /home/airflow/.local/lib/python3.8/site-packages/airflow/example_dags/example_skip_dag.py
[2024-04-01T07:02:08.094+0000] {processor.py:840} INFO - DAG(s) 'example_skip_dag' retrieved from /home/airflow/.local/lib/python3.8/site-packages/airflow/example_dags/example_skip_dag.py
[2024-04-01T07:02:08.153+0000] {logging_mixin.py:188} INFO - [2024-04-01T07:02:08.153+0000] {dag.py:3047} INFO - Sync 1 DAGs
[2024-04-01T07:02:08.164+0000] {logging_mixin.py:188} INFO - [2024-04-01T07:02:08.164+0000] {dag.py:3834} INFO - Setting next_dagrun for example_skip_dag to 2024-03-31 00:00:00+00:00, run_after=2024-04-01 00:00:00+00:00
[2024-04-01T07:02:08.175+0000] {processor.py:183} INFO - Processing /home/airflow/.local/lib/python3.8/site-packages/airflow/example_dags/example_skip_dag.py took 0.091 seconds
[2024-04-01T07:02:38.529+0000] {processor.py:161} INFO - Started process (PID=171) to work on /home/airflow/.local/lib/python3.8/site-packages/airflow/example_dags/example_skip_dag.py
[2024-04-01T07:02:38.530+0000] {processor.py:830} INFO - Processing file /home/airflow/.local/lib/python3.8/site-packages/airflow/example_dags/example_skip_dag.py for tasks to queue
[2024-04-01T07:02:38.531+0000] {logging_mixin.py:188} INFO - [2024-04-01T07:02:38.531+0000] {dagbag.py:540} INFO - Filling up the DagBag from /home/airflow/.local/lib/python3.8/site-packages/airflow/example_dags/example_skip_dag.py
[2024-04-01T07:02:38.536+0000] {processor.py:840} INFO - DAG(s) 'example_skip_dag' retrieved from /home/airflow/.local/lib/python3.8/site-packages/airflow/example_dags/example_skip_dag.py
[2024-04-01T07:02:38.550+0000] {logging_mixin.py:188} INFO - [2024-04-01T07:02:38.550+0000] {dag.py:3047} INFO - Sync 1 DAGs
[2024-04-01T07:02:38.564+0000] {logging_mixin.py:188} INFO - [2024-04-01T07:02:38.564+0000] {dag.py:3834} INFO - Setting next_dagrun for example_skip_dag to 2024-03-31 00:00:00+00:00, run_after=2024-04-01 00:00:00+00:00
[2024-04-01T07:02:38.574+0000] {processor.py:183} INFO - Processing /home/airflow/.local/lib/python3.8/site-packages/airflow/example_dags/example_skip_dag.py took 0.048 seconds
[2024-04-01T07:03:08.699+0000] {processor.py:161} INFO - Started process (PID=226) to work on /home/airflow/.local/lib/python3.8/site-packages/airflow/example_dags/example_skip_dag.py
[2024-04-01T07:03:08.700+0000] {processor.py:830} INFO - Processing file /home/airflow/.local/lib/python3.8/site-packages/airflow/example_dags/example_skip_dag.py for tasks to queue
[2024-04-01T07:03:08.702+0000] {logging_mixin.py:188} INFO - [2024-04-01T07:03:08.702+0000] {dagbag.py:540} INFO - Filling up the DagBag from /home/airflow/.local/lib/python3.8/site-packages/airflow/example_dags/example_skip_dag.py
[2024-04-01T07:03:08.706+0000] {processor.py:840} INFO - DAG(s) 'example_skip_dag' retrieved from /home/airflow/.local/lib/python3.8/site-packages/airflow/example_dags/example_skip_dag.py
[2024-04-01T07:03:08.720+0000] {logging_mixin.py:188} INFO - [2024-04-01T07:03:08.719+0000] {dag.py:3047} INFO - Sync 1 DAGs
[2024-04-01T07:03:08.732+0000] {logging_mixin.py:188} INFO - [2024-04-01T07:03:08.732+0000] {dag.py:3834} INFO - Setting next_dagrun for example_skip_dag to 2024-03-31 00:00:00+00:00, run_after=2024-04-01 00:00:00+00:00
[2024-04-01T07:03:08.741+0000] {processor.py:183} INFO - Processing /home/airflow/.local/lib/python3.8/site-packages/airflow/example_dags/example_skip_dag.py took 0.044 seconds
[2024-04-01T07:03:38.783+0000] {processor.py:161} INFO - Started process (PID=281) to work on /home/airflow/.local/lib/python3.8/site-packages/airflow/example_dags/example_skip_dag.py
[2024-04-01T07:03:38.784+0000] {processor.py:830} INFO - Processing file /home/airflow/.local/lib/python3.8/site-packages/airflow/example_dags/example_skip_dag.py for tasks to queue
[2024-04-01T07:03:38.785+0000] {logging_mixin.py:188} INFO - [2024-04-01T07:03:38.785+0000] {dagbag.py:540} INFO - Filling up the DagBag from /home/airflow/.local/lib/python3.8/site-packages/airflow/example_dags/example_skip_dag.py
[2024-04-01T07:03:38.791+0000] {processor.py:840} INFO - DAG(s) 'example_skip_dag' retrieved from /home/airflow/.local/lib/python3.8/site-packages/airflow/example_dags/example_skip_dag.py
[2024-04-01T07:03:38.810+0000] {logging_mixin.py:188} INFO - [2024-04-01T07:03:38.809+0000] {dag.py:3047} INFO - Sync 1 DAGs
[2024-04-01T07:03:38.825+0000] {logging_mixin.py:188} INFO - [2024-04-01T07:03:38.825+0000] {dag.py:3834} INFO - Setting next_dagrun for example_skip_dag to 2024-03-31 00:00:00+00:00, run_after=2024-04-01 00:00:00+00:00
[2024-04-01T07:03:38.838+0000] {processor.py:183} INFO - Processing /home/airflow/.local/lib/python3.8/site-packages/airflow/example_dags/example_skip_dag.py took 0.056 seconds
[2024-04-01T07:04:08.971+0000] {processor.py:161} INFO - Started process (PID=337) to work on /home/airflow/.local/lib/python3.8/site-packages/airflow/example_dags/example_skip_dag.py
[2024-04-01T07:04:08.972+0000] {processor.py:830} INFO - Processing file /home/airflow/.local/lib/python3.8/site-packages/airflow/example_dags/example_skip_dag.py for tasks to queue
[2024-04-01T07:04:08.973+0000] {logging_mixin.py:188} INFO - [2024-04-01T07:04:08.973+0000] {dagbag.py:540} INFO - Filling up the DagBag from /home/airflow/.local/lib/python3.8/site-packages/airflow/example_dags/example_skip_dag.py
[2024-04-01T07:04:08.978+0000] {processor.py:840} INFO - DAG(s) 'example_skip_dag' retrieved from /home/airflow/.local/lib/python3.8/site-packages/airflow/example_dags/example_skip_dag.py
[2024-04-01T07:04:08.994+0000] {logging_mixin.py:188} INFO - [2024-04-01T07:04:08.994+0000] {dag.py:3047} INFO - Sync 1 DAGs
[2024-04-01T07:04:09.006+0000] {logging_mixin.py:188} INFO - [2024-04-01T07:04:09.006+0000] {dag.py:3834} INFO - Setting next_dagrun for example_skip_dag to 2024-03-31 00:00:00+00:00, run_after=2024-04-01 00:00:00+00:00
[2024-04-01T07:04:09.016+0000] {processor.py:183} INFO - Processing /home/airflow/.local/lib/python3.8/site-packages/airflow/example_dags/example_skip_dag.py took 0.047 seconds
[2024-04-01T07:04:39.070+0000] {processor.py:161} INFO - Started process (PID=391) to work on /home/airflow/.local/lib/python3.8/site-packages/airflow/example_dags/example_skip_dag.py
[2024-04-01T07:04:39.071+0000] {processor.py:830} INFO - Processing file /home/airflow/.local/lib/python3.8/site-packages/airflow/example_dags/example_skip_dag.py for tasks to queue
[2024-04-01T07:04:39.072+0000] {logging_mixin.py:188} INFO - [2024-04-01T07:04:39.072+0000] {dagbag.py:540} INFO - Filling up the DagBag from /home/airflow/.local/lib/python3.8/site-packages/airflow/example_dags/example_skip_dag.py
[2024-04-01T07:04:39.077+0000] {processor.py:840} INFO - DAG(s) 'example_skip_dag' retrieved from /home/airflow/.local/lib/python3.8/site-packages/airflow/example_dags/example_skip_dag.py
[2024-04-01T07:04:39.094+0000] {logging_mixin.py:188} INFO - [2024-04-01T07:04:39.094+0000] {dag.py:3047} INFO - Sync 1 DAGs
[2024-04-01T07:04:39.108+0000] {logging_mixin.py:188} INFO - [2024-04-01T07:04:39.108+0000] {dag.py:3834} INFO - Setting next_dagrun for example_skip_dag to 2024-03-31 00:00:00+00:00, run_after=2024-04-01 00:00:00+00:00
[2024-04-01T07:04:39.119+0000] {processor.py:183} INFO - Processing /home/airflow/.local/lib/python3.8/site-packages/airflow/example_dags/example_skip_dag.py took 0.052 seconds
[2024-04-01T07:05:09.241+0000] {processor.py:161} INFO - Started process (PID=446) to work on /home/airflow/.local/lib/python3.8/site-packages/airflow/example_dags/example_skip_dag.py
[2024-04-01T07:05:09.242+0000] {processor.py:830} INFO - Processing file /home/airflow/.local/lib/python3.8/site-packages/airflow/example_dags/example_skip_dag.py for tasks to queue
[2024-04-01T07:05:09.243+0000] {logging_mixin.py:188} INFO - [2024-04-01T07:05:09.243+0000] {dagbag.py:540} INFO - Filling up the DagBag from /home/airflow/.local/lib/python3.8/site-packages/airflow/example_dags/example_skip_dag.py
[2024-04-01T07:05:09.247+0000] {processor.py:840} INFO - DAG(s) 'example_skip_dag' retrieved from /home/airflow/.local/lib/python3.8/site-packages/airflow/example_dags/example_skip_dag.py
[2024-04-01T07:05:09.261+0000] {logging_mixin.py:188} INFO - [2024-04-01T07:05:09.261+0000] {dag.py:3047} INFO - Sync 1 DAGs
[2024-04-01T07:05:09.274+0000] {logging_mixin.py:188} INFO - [2024-04-01T07:05:09.273+0000] {dag.py:3834} INFO - Setting next_dagrun for example_skip_dag to 2024-03-31 00:00:00+00:00, run_after=2024-04-01 00:00:00+00:00
[2024-04-01T07:05:09.284+0000] {processor.py:183} INFO - Processing /home/airflow/.local/lib/python3.8/site-packages/airflow/example_dags/example_skip_dag.py took 0.045 seconds
[2024-04-01T07:05:39.349+0000] {processor.py:161} INFO - Started process (PID=501) to work on /home/airflow/.local/lib/python3.8/site-packages/airflow/example_dags/example_skip_dag.py
[2024-04-01T07:05:39.350+0000] {processor.py:830} INFO - Processing file /home/airflow/.local/lib/python3.8/site-packages/airflow/example_dags/example_skip_dag.py for tasks to queue
[2024-04-01T07:05:39.351+0000] {logging_mixin.py:188} INFO - [2024-04-01T07:05:39.351+0000] {dagbag.py:540} INFO - Filling up the DagBag from /home/airflow/.local/lib/python3.8/site-packages/airflow/example_dags/example_skip_dag.py
[2024-04-01T07:05:39.356+0000] {processor.py:840} INFO - DAG(s) 'example_skip_dag' retrieved from /home/airflow/.local/lib/python3.8/site-packages/airflow/example_dags/example_skip_dag.py
[2024-04-01T07:05:39.372+0000] {logging_mixin.py:188} INFO - [2024-04-01T07:05:39.372+0000] {dag.py:3047} INFO - Sync 1 DAGs
[2024-04-01T07:05:39.386+0000] {logging_mixin.py:188} INFO - [2024-04-01T07:05:39.386+0000] {dag.py:3834} INFO - Setting next_dagrun for example_skip_dag to 2024-03-31 00:00:00+00:00, run_after=2024-04-01 00:00:00+00:00
[2024-04-01T07:05:39.397+0000] {processor.py:183} INFO - Processing /home/airflow/.local/lib/python3.8/site-packages/airflow/example_dags/example_skip_dag.py took 0.051 seconds
[2024-04-01T07:06:09.509+0000] {processor.py:161} INFO - Started process (PID=556) to work on /home/airflow/.local/lib/python3.8/site-packages/airflow/example_dags/example_skip_dag.py
[2024-04-01T07:06:09.510+0000] {processor.py:830} INFO - Processing file /home/airflow/.local/lib/python3.8/site-packages/airflow/example_dags/example_skip_dag.py for tasks to queue
[2024-04-01T07:06:09.511+0000] {logging_mixin.py:188} INFO - [2024-04-01T07:06:09.511+0000] {dagbag.py:540} INFO - Filling up the DagBag from /home/airflow/.local/lib/python3.8/site-packages/airflow/example_dags/example_skip_dag.py
[2024-04-01T07:06:09.515+0000] {processor.py:840} INFO - DAG(s) 'example_skip_dag' retrieved from /home/airflow/.local/lib/python3.8/site-packages/airflow/example_dags/example_skip_dag.py
[2024-04-01T07:06:09.527+0000] {logging_mixin.py:188} INFO - [2024-04-01T07:06:09.526+0000] {dag.py:3047} INFO - Sync 1 DAGs
[2024-04-01T07:06:09.538+0000] {logging_mixin.py:188} INFO - [2024-04-01T07:06:09.538+0000] {dag.py:3834} INFO - Setting next_dagrun for example_skip_dag to 2024-03-31 00:00:00+00:00, run_after=2024-04-01 00:00:00+00:00
[2024-04-01T07:06:09.547+0000] {processor.py:183} INFO - Processing /home/airflow/.local/lib/python3.8/site-packages/airflow/example_dags/example_skip_dag.py took 0.040 seconds
[2024-04-01T07:06:40.016+0000] {processor.py:161} INFO - Started process (PID=611) to work on /home/airflow/.local/lib/python3.8/site-packages/airflow/example_dags/example_skip_dag.py
[2024-04-01T07:06:40.017+0000] {processor.py:830} INFO - Processing file /home/airflow/.local/lib/python3.8/site-packages/airflow/example_dags/example_skip_dag.py for tasks to queue
[2024-04-01T07:06:40.018+0000] {logging_mixin.py:188} INFO - [2024-04-01T07:06:40.018+0000] {dagbag.py:540} INFO - Filling up the DagBag from /home/airflow/.local/lib/python3.8/site-packages/airflow/example_dags/example_skip_dag.py
[2024-04-01T07:06:40.024+0000] {processor.py:840} INFO - DAG(s) 'example_skip_dag' retrieved from /home/airflow/.local/lib/python3.8/site-packages/airflow/example_dags/example_skip_dag.py
[2024-04-01T07:06:40.042+0000] {logging_mixin.py:188} INFO - [2024-04-01T07:06:40.042+0000] {dag.py:3047} INFO - Sync 1 DAGs
[2024-04-01T07:06:40.057+0000] {logging_mixin.py:188} INFO - [2024-04-01T07:06:40.056+0000] {dag.py:3834} INFO - Setting next_dagrun for example_skip_dag to 2024-03-31 00:00:00+00:00, run_after=2024-04-01 00:00:00+00:00
[2024-04-01T07:06:40.067+0000] {processor.py:183} INFO - Processing /home/airflow/.local/lib/python3.8/site-packages/airflow/example_dags/example_skip_dag.py took 0.055 seconds
[2024-04-01T07:07:10.092+0000] {processor.py:161} INFO - Started process (PID=666) to work on /home/airflow/.local/lib/python3.8/site-packages/airflow/example_dags/example_skip_dag.py
[2024-04-01T07:07:10.093+0000] {processor.py:830} INFO - Processing file /home/airflow/.local/lib/python3.8/site-packages/airflow/example_dags/example_skip_dag.py for tasks to queue
[2024-04-01T07:07:10.094+0000] {logging_mixin.py:188} INFO - [2024-04-01T07:07:10.094+0000] {dagbag.py:540} INFO - Filling up the DagBag from /home/airflow/.local/lib/python3.8/site-packages/airflow/example_dags/example_skip_dag.py
[2024-04-01T07:07:10.099+0000] {processor.py:840} INFO - DAG(s) 'example_skip_dag' retrieved from /home/airflow/.local/lib/python3.8/site-packages/airflow/example_dags/example_skip_dag.py
[2024-04-01T07:07:10.113+0000] {logging_mixin.py:188} INFO - [2024-04-01T07:07:10.113+0000] {dag.py:3047} INFO - Sync 1 DAGs
[2024-04-01T07:07:10.126+0000] {logging_mixin.py:188} INFO - [2024-04-01T07:07:10.126+0000] {dag.py:3834} INFO - Setting next_dagrun for example_skip_dag to 2024-03-31 00:00:00+00:00, run_after=2024-04-01 00:00:00+00:00
[2024-04-01T07:07:10.135+0000] {processor.py:183} INFO - Processing /home/airflow/.local/lib/python3.8/site-packages/airflow/example_dags/example_skip_dag.py took 0.045 seconds
[2024-04-01T07:07:40.359+0000] {processor.py:161} INFO - Started process (PID=721) to work on /home/airflow/.local/lib/python3.8/site-packages/airflow/example_dags/example_skip_dag.py
[2024-04-01T07:07:40.360+0000] {processor.py:830} INFO - Processing file /home/airflow/.local/lib/python3.8/site-packages/airflow/example_dags/example_skip_dag.py for tasks to queue
[2024-04-01T07:07:40.361+0000] {logging_mixin.py:188} INFO - [2024-04-01T07:07:40.361+0000] {dagbag.py:540} INFO - Filling up the DagBag from /home/airflow/.local/lib/python3.8/site-packages/airflow/example_dags/example_skip_dag.py
[2024-04-01T07:07:40.366+0000] {processor.py:840} INFO - DAG(s) 'example_skip_dag' retrieved from /home/airflow/.local/lib/python3.8/site-packages/airflow/example_dags/example_skip_dag.py
[2024-04-01T07:07:40.380+0000] {logging_mixin.py:188} INFO - [2024-04-01T07:07:40.380+0000] {dag.py:3047} INFO - Sync 1 DAGs
[2024-04-01T07:07:40.393+0000] {logging_mixin.py:188} INFO - [2024-04-01T07:07:40.393+0000] {dag.py:3834} INFO - Setting next_dagrun for example_skip_dag to 2024-03-31 00:00:00+00:00, run_after=2024-04-01 00:00:00+00:00
[2024-04-01T07:07:40.403+0000] {processor.py:183} INFO - Processing /home/airflow/.local/lib/python3.8/site-packages/airflow/example_dags/example_skip_dag.py took 0.046 seconds
[2024-04-01T07:08:10.428+0000] {processor.py:161} INFO - Started process (PID=776) to work on /home/airflow/.local/lib/python3.8/site-packages/airflow/example_dags/example_skip_dag.py
[2024-04-01T07:08:10.429+0000] {processor.py:830} INFO - Processing file /home/airflow/.local/lib/python3.8/site-packages/airflow/example_dags/example_skip_dag.py for tasks to queue
[2024-04-01T07:08:10.430+0000] {logging_mixin.py:188} INFO - [2024-04-01T07:08:10.429+0000] {dagbag.py:540} INFO - Filling up the DagBag from /home/airflow/.local/lib/python3.8/site-packages/airflow/example_dags/example_skip_dag.py
[2024-04-01T07:08:10.433+0000] {processor.py:840} INFO - DAG(s) 'example_skip_dag' retrieved from /home/airflow/.local/lib/python3.8/site-packages/airflow/example_dags/example_skip_dag.py
[2024-04-01T07:08:10.445+0000] {logging_mixin.py:188} INFO - [2024-04-01T07:08:10.445+0000] {dag.py:3047} INFO - Sync 1 DAGs
[2024-04-01T07:08:10.457+0000] {logging_mixin.py:188} INFO - [2024-04-01T07:08:10.457+0000] {dag.py:3834} INFO - Setting next_dagrun for example_skip_dag to 2024-03-31 00:00:00+00:00, run_after=2024-04-01 00:00:00+00:00
[2024-04-01T07:08:10.465+0000] {processor.py:183} INFO - Processing /home/airflow/.local/lib/python3.8/site-packages/airflow/example_dags/example_skip_dag.py took 0.039 seconds
[2024-04-01T07:08:41.246+0000] {processor.py:161} INFO - Started process (PID=831) to work on /home/airflow/.local/lib/python3.8/site-packages/airflow/example_dags/example_skip_dag.py
[2024-04-01T07:08:41.247+0000] {processor.py:830} INFO - Processing file /home/airflow/.local/lib/python3.8/site-packages/airflow/example_dags/example_skip_dag.py for tasks to queue
[2024-04-01T07:08:41.248+0000] {logging_mixin.py:188} INFO - [2024-04-01T07:08:41.248+0000] {dagbag.py:540} INFO - Filling up the DagBag from /home/airflow/.local/lib/python3.8/site-packages/airflow/example_dags/example_skip_dag.py
[2024-04-01T07:08:41.253+0000] {processor.py:840} INFO - DAG(s) 'example_skip_dag' retrieved from /home/airflow/.local/lib/python3.8/site-packages/airflow/example_dags/example_skip_dag.py
[2024-04-01T07:08:41.265+0000] {logging_mixin.py:188} INFO - [2024-04-01T07:08:41.265+0000] {dag.py:3047} INFO - Sync 1 DAGs
[2024-04-01T07:08:41.277+0000] {logging_mixin.py:188} INFO - [2024-04-01T07:08:41.276+0000] {dag.py:3834} INFO - Setting next_dagrun for example_skip_dag to 2024-03-31 00:00:00+00:00, run_after=2024-04-01 00:00:00+00:00
[2024-04-01T07:08:41.286+0000] {processor.py:183} INFO - Processing /home/airflow/.local/lib/python3.8/site-packages/airflow/example_dags/example_skip_dag.py took 0.041 seconds
[2024-04-01T07:09:11.465+0000] {processor.py:161} INFO - Started process (PID=886) to work on /home/airflow/.local/lib/python3.8/site-packages/airflow/example_dags/example_skip_dag.py
[2024-04-01T07:09:11.466+0000] {processor.py:830} INFO - Processing file /home/airflow/.local/lib/python3.8/site-packages/airflow/example_dags/example_skip_dag.py for tasks to queue
[2024-04-01T07:09:11.467+0000] {logging_mixin.py:188} INFO - [2024-04-01T07:09:11.467+0000] {dagbag.py:540} INFO - Filling up the DagBag from /home/airflow/.local/lib/python3.8/site-packages/airflow/example_dags/example_skip_dag.py
[2024-04-01T07:09:11.472+0000] {processor.py:840} INFO - DAG(s) 'example_skip_dag' retrieved from /home/airflow/.local/lib/python3.8/site-packages/airflow/example_dags/example_skip_dag.py
[2024-04-01T07:09:11.484+0000] {logging_mixin.py:188} INFO - [2024-04-01T07:09:11.484+0000] {dag.py:3047} INFO - Sync 1 DAGs
[2024-04-01T07:09:11.496+0000] {logging_mixin.py:188} INFO - [2024-04-01T07:09:11.495+0000] {dag.py:3834} INFO - Setting next_dagrun for example_skip_dag to 2024-03-31 00:00:00+00:00, run_after=2024-04-01 00:00:00+00:00
[2024-04-01T07:09:11.504+0000] {processor.py:183} INFO - Processing /home/airflow/.local/lib/python3.8/site-packages/airflow/example_dags/example_skip_dag.py took 0.042 seconds
[2024-04-01T07:09:42.392+0000] {processor.py:161} INFO - Started process (PID=941) to work on /home/airflow/.local/lib/python3.8/site-packages/airflow/example_dags/example_skip_dag.py
[2024-04-01T07:09:42.392+0000] {processor.py:830} INFO - Processing file /home/airflow/.local/lib/python3.8/site-packages/airflow/example_dags/example_skip_dag.py for tasks to queue
[2024-04-01T07:09:42.393+0000] {logging_mixin.py:188} INFO - [2024-04-01T07:09:42.393+0000] {dagbag.py:540} INFO - Filling up the DagBag from /home/airflow/.local/lib/python3.8/site-packages/airflow/example_dags/example_skip_dag.py
[2024-04-01T07:09:42.398+0000] {processor.py:840} INFO - DAG(s) 'example_skip_dag' retrieved from /home/airflow/.local/lib/python3.8/site-packages/airflow/example_dags/example_skip_dag.py
[2024-04-01T07:09:42.410+0000] {logging_mixin.py:188} INFO - [2024-04-01T07:09:42.410+0000] {dag.py:3047} INFO - Sync 1 DAGs
[2024-04-01T07:09:42.421+0000] {logging_mixin.py:188} INFO - [2024-04-01T07:09:42.421+0000] {dag.py:3834} INFO - Setting next_dagrun for example_skip_dag to 2024-03-31 00:00:00+00:00, run_after=2024-04-01 00:00:00+00:00
[2024-04-01T07:09:42.430+0000] {processor.py:183} INFO - Processing /home/airflow/.local/lib/python3.8/site-packages/airflow/example_dags/example_skip_dag.py took 0.041 seconds
[2024-04-01T07:10:13.330+0000] {processor.py:161} INFO - Started process (PID=996) to work on /home/airflow/.local/lib/python3.8/site-packages/airflow/example_dags/example_skip_dag.py
[2024-04-01T07:10:13.331+0000] {processor.py:830} INFO - Processing file /home/airflow/.local/lib/python3.8/site-packages/airflow/example_dags/example_skip_dag.py for tasks to queue
[2024-04-01T07:10:13.332+0000] {logging_mixin.py:188} INFO - [2024-04-01T07:10:13.332+0000] {dagbag.py:540} INFO - Filling up the DagBag from /home/airflow/.local/lib/python3.8/site-packages/airflow/example_dags/example_skip_dag.py
[2024-04-01T07:10:13.337+0000] {processor.py:840} INFO - DAG(s) 'example_skip_dag' retrieved from /home/airflow/.local/lib/python3.8/site-packages/airflow/example_dags/example_skip_dag.py
[2024-04-01T07:10:13.353+0000] {logging_mixin.py:188} INFO - [2024-04-01T07:10:13.352+0000] {dag.py:3047} INFO - Sync 1 DAGs
[2024-04-01T07:10:13.366+0000] {logging_mixin.py:188} INFO - [2024-04-01T07:10:13.366+0000] {dag.py:3834} INFO - Setting next_dagrun for example_skip_dag to 2024-03-31 00:00:00+00:00, run_after=2024-04-01 00:00:00+00:00
[2024-04-01T07:10:13.376+0000] {processor.py:183} INFO - Processing /home/airflow/.local/lib/python3.8/site-packages/airflow/example_dags/example_skip_dag.py took 0.049 seconds
[2024-04-01T07:10:44.423+0000] {processor.py:161} INFO - Started process (PID=1051) to work on /home/airflow/.local/lib/python3.8/site-packages/airflow/example_dags/example_skip_dag.py
[2024-04-01T07:10:44.424+0000] {processor.py:830} INFO - Processing file /home/airflow/.local/lib/python3.8/site-packages/airflow/example_dags/example_skip_dag.py for tasks to queue
[2024-04-01T07:10:44.426+0000] {logging_mixin.py:188} INFO - [2024-04-01T07:10:44.426+0000] {dagbag.py:540} INFO - Filling up the DagBag from /home/airflow/.local/lib/python3.8/site-packages/airflow/example_dags/example_skip_dag.py
[2024-04-01T07:10:44.433+0000] {processor.py:840} INFO - DAG(s) 'example_skip_dag' retrieved from /home/airflow/.local/lib/python3.8/site-packages/airflow/example_dags/example_skip_dag.py
[2024-04-01T07:10:44.452+0000] {logging_mixin.py:188} INFO - [2024-04-01T07:10:44.452+0000] {dag.py:3047} INFO - Sync 1 DAGs
[2024-04-01T07:10:44.467+0000] {logging_mixin.py:188} INFO - [2024-04-01T07:10:44.467+0000] {dag.py:3834} INFO - Setting next_dagrun for example_skip_dag to 2024-03-31 00:00:00+00:00, run_after=2024-04-01 00:00:00+00:00
[2024-04-01T07:10:44.479+0000] {processor.py:183} INFO - Processing /home/airflow/.local/lib/python3.8/site-packages/airflow/example_dags/example_skip_dag.py took 0.060 seconds
[2024-04-01T07:11:14.511+0000] {processor.py:161} INFO - Started process (PID=1113) to work on /home/airflow/.local/lib/python3.8/site-packages/airflow/example_dags/example_skip_dag.py
[2024-04-01T07:11:14.512+0000] {processor.py:830} INFO - Processing file /home/airflow/.local/lib/python3.8/site-packages/airflow/example_dags/example_skip_dag.py for tasks to queue
[2024-04-01T07:11:14.513+0000] {logging_mixin.py:188} INFO - [2024-04-01T07:11:14.513+0000] {dagbag.py:540} INFO - Filling up the DagBag from /home/airflow/.local/lib/python3.8/site-packages/airflow/example_dags/example_skip_dag.py
[2024-04-01T07:11:14.517+0000] {processor.py:840} INFO - DAG(s) 'example_skip_dag' retrieved from /home/airflow/.local/lib/python3.8/site-packages/airflow/example_dags/example_skip_dag.py
[2024-04-01T07:11:14.529+0000] {logging_mixin.py:188} INFO - [2024-04-01T07:11:14.529+0000] {dag.py:3047} INFO - Sync 1 DAGs
[2024-04-01T07:11:14.542+0000] {logging_mixin.py:188} INFO - [2024-04-01T07:11:14.542+0000] {dag.py:3834} INFO - Setting next_dagrun for example_skip_dag to 2024-03-31 00:00:00+00:00, run_after=2024-04-01 00:00:00+00:00
[2024-04-01T07:11:14.552+0000] {processor.py:183} INFO - Processing /home/airflow/.local/lib/python3.8/site-packages/airflow/example_dags/example_skip_dag.py took 0.043 seconds
[2024-04-01T07:11:44.617+0000] {processor.py:161} INFO - Started process (PID=1168) to work on /home/airflow/.local/lib/python3.8/site-packages/airflow/example_dags/example_skip_dag.py
[2024-04-01T07:11:44.618+0000] {processor.py:830} INFO - Processing file /home/airflow/.local/lib/python3.8/site-packages/airflow/example_dags/example_skip_dag.py for tasks to queue
[2024-04-01T07:11:44.619+0000] {logging_mixin.py:188} INFO - [2024-04-01T07:11:44.619+0000] {dagbag.py:540} INFO - Filling up the DagBag from /home/airflow/.local/lib/python3.8/site-packages/airflow/example_dags/example_skip_dag.py
[2024-04-01T07:11:44.623+0000] {processor.py:840} INFO - DAG(s) 'example_skip_dag' retrieved from /home/airflow/.local/lib/python3.8/site-packages/airflow/example_dags/example_skip_dag.py
[2024-04-01T07:11:44.634+0000] {logging_mixin.py:188} INFO - [2024-04-01T07:11:44.634+0000] {dag.py:3047} INFO - Sync 1 DAGs
[2024-04-01T07:11:44.645+0000] {logging_mixin.py:188} INFO - [2024-04-01T07:11:44.645+0000] {dag.py:3834} INFO - Setting next_dagrun for example_skip_dag to 2024-03-31 00:00:00+00:00, run_after=2024-04-01 00:00:00+00:00
[2024-04-01T07:11:44.654+0000] {processor.py:183} INFO - Processing /home/airflow/.local/lib/python3.8/site-packages/airflow/example_dags/example_skip_dag.py took 0.039 seconds
[2024-04-01T07:12:14.865+0000] {processor.py:161} INFO - Started process (PID=1223) to work on /home/airflow/.local/lib/python3.8/site-packages/airflow/example_dags/example_skip_dag.py
[2024-04-01T07:12:14.865+0000] {processor.py:830} INFO - Processing file /home/airflow/.local/lib/python3.8/site-packages/airflow/example_dags/example_skip_dag.py for tasks to queue
[2024-04-01T07:12:14.866+0000] {logging_mixin.py:188} INFO - [2024-04-01T07:12:14.866+0000] {dagbag.py:540} INFO - Filling up the DagBag from /home/airflow/.local/lib/python3.8/site-packages/airflow/example_dags/example_skip_dag.py
[2024-04-01T07:12:14.872+0000] {processor.py:840} INFO - DAG(s) 'example_skip_dag' retrieved from /home/airflow/.local/lib/python3.8/site-packages/airflow/example_dags/example_skip_dag.py
[2024-04-01T07:12:14.886+0000] {logging_mixin.py:188} INFO - [2024-04-01T07:12:14.886+0000] {dag.py:3047} INFO - Sync 1 DAGs
[2024-04-01T07:12:14.899+0000] {logging_mixin.py:188} INFO - [2024-04-01T07:12:14.899+0000] {dag.py:3834} INFO - Setting next_dagrun for example_skip_dag to 2024-03-31 00:00:00+00:00, run_after=2024-04-01 00:00:00+00:00
[2024-04-01T07:12:14.910+0000] {processor.py:183} INFO - Processing /home/airflow/.local/lib/python3.8/site-packages/airflow/example_dags/example_skip_dag.py took 0.047 seconds
