[2024-04-01T06:47:26.194+0000] {processor.py:161} INFO - Started process (PID=51) to work on /home/airflow/.local/lib/python3.8/site-packages/airflow/example_dags/example_time_delta_sensor_async.py
[2024-04-01T06:47:26.195+0000] {processor.py:830} INFO - Processing file /home/airflow/.local/lib/python3.8/site-packages/airflow/example_dags/example_time_delta_sensor_async.py for tasks to queue
[2024-04-01T06:47:26.196+0000] {logging_mixin.py:188} INFO - [2024-04-01T06:47:26.196+0000] {dagbag.py:540} INFO - Filling up the DagBag from /home/airflow/.local/lib/python3.8/site-packages/airflow/example_dags/example_time_delta_sensor_async.py
[2024-04-01T06:47:26.201+0000] {processor.py:840} INFO - DAG(s) 'example_time_delta_sensor_async' retrieved from /home/airflow/.local/lib/python3.8/site-packages/airflow/example_dags/example_time_delta_sensor_async.py
[2024-04-01T06:47:26.208+0000] {logging_mixin.py:188} INFO - [2024-04-01T06:47:26.208+0000] {dag.py:3047} INFO - Sync 1 DAGs
[2024-04-01T06:47:26.216+0000] {logging_mixin.py:188} INFO - [2024-04-01T06:47:26.216+0000] {dag.py:3834} INFO - Setting next_dagrun for example_time_delta_sensor_async to None, run_after=None
[2024-04-01T06:47:26.230+0000] {processor.py:183} INFO - Processing /home/airflow/.local/lib/python3.8/site-packages/airflow/example_dags/example_time_delta_sensor_async.py took 0.037 seconds
[2024-04-01T06:47:57.171+0000] {processor.py:161} INFO - Started process (PID=106) to work on /home/airflow/.local/lib/python3.8/site-packages/airflow/example_dags/example_time_delta_sensor_async.py
[2024-04-01T06:47:57.172+0000] {processor.py:830} INFO - Processing file /home/airflow/.local/lib/python3.8/site-packages/airflow/example_dags/example_time_delta_sensor_async.py for tasks to queue
[2024-04-01T06:47:57.173+0000] {logging_mixin.py:188} INFO - [2024-04-01T06:47:57.172+0000] {dagbag.py:540} INFO - Filling up the DagBag from /home/airflow/.local/lib/python3.8/site-packages/airflow/example_dags/example_time_delta_sensor_async.py
[2024-04-01T06:47:57.176+0000] {processor.py:840} INFO - DAG(s) 'example_time_delta_sensor_async' retrieved from /home/airflow/.local/lib/python3.8/site-packages/airflow/example_dags/example_time_delta_sensor_async.py
[2024-04-01T06:47:57.228+0000] {logging_mixin.py:188} INFO - [2024-04-01T06:47:57.228+0000] {dag.py:3047} INFO - Sync 1 DAGs
[2024-04-01T06:47:57.235+0000] {logging_mixin.py:188} INFO - [2024-04-01T06:47:57.234+0000] {dag.py:3834} INFO - Setting next_dagrun for example_time_delta_sensor_async to None, run_after=None
[2024-04-01T06:47:57.244+0000] {processor.py:183} INFO - Processing /home/airflow/.local/lib/python3.8/site-packages/airflow/example_dags/example_time_delta_sensor_async.py took 0.075 seconds
[2024-04-01T06:48:27.680+0000] {processor.py:161} INFO - Started process (PID=161) to work on /home/airflow/.local/lib/python3.8/site-packages/airflow/example_dags/example_time_delta_sensor_async.py
[2024-04-01T06:48:27.681+0000] {processor.py:830} INFO - Processing file /home/airflow/.local/lib/python3.8/site-packages/airflow/example_dags/example_time_delta_sensor_async.py for tasks to queue
[2024-04-01T06:48:27.682+0000] {logging_mixin.py:188} INFO - [2024-04-01T06:48:27.682+0000] {dagbag.py:540} INFO - Filling up the DagBag from /home/airflow/.local/lib/python3.8/site-packages/airflow/example_dags/example_time_delta_sensor_async.py
[2024-04-01T06:48:27.685+0000] {processor.py:840} INFO - DAG(s) 'example_time_delta_sensor_async' retrieved from /home/airflow/.local/lib/python3.8/site-packages/airflow/example_dags/example_time_delta_sensor_async.py
[2024-04-01T06:48:27.696+0000] {logging_mixin.py:188} INFO - [2024-04-01T06:48:27.696+0000] {dag.py:3047} INFO - Sync 1 DAGs
[2024-04-01T06:48:27.703+0000] {logging_mixin.py:188} INFO - [2024-04-01T06:48:27.703+0000] {dag.py:3834} INFO - Setting next_dagrun for example_time_delta_sensor_async to None, run_after=None
[2024-04-01T06:48:27.712+0000] {processor.py:183} INFO - Processing /home/airflow/.local/lib/python3.8/site-packages/airflow/example_dags/example_time_delta_sensor_async.py took 0.034 seconds
[2024-04-01T06:48:58.563+0000] {processor.py:161} INFO - Started process (PID=216) to work on /home/airflow/.local/lib/python3.8/site-packages/airflow/example_dags/example_time_delta_sensor_async.py
[2024-04-01T06:48:58.564+0000] {processor.py:830} INFO - Processing file /home/airflow/.local/lib/python3.8/site-packages/airflow/example_dags/example_time_delta_sensor_async.py for tasks to queue
[2024-04-01T06:48:58.565+0000] {logging_mixin.py:188} INFO - [2024-04-01T06:48:58.565+0000] {dagbag.py:540} INFO - Filling up the DagBag from /home/airflow/.local/lib/python3.8/site-packages/airflow/example_dags/example_time_delta_sensor_async.py
[2024-04-01T06:48:58.568+0000] {processor.py:840} INFO - DAG(s) 'example_time_delta_sensor_async' retrieved from /home/airflow/.local/lib/python3.8/site-packages/airflow/example_dags/example_time_delta_sensor_async.py
[2024-04-01T06:48:58.577+0000] {logging_mixin.py:188} INFO - [2024-04-01T06:48:58.577+0000] {dag.py:3047} INFO - Sync 1 DAGs
[2024-04-01T06:48:58.583+0000] {logging_mixin.py:188} INFO - [2024-04-01T06:48:58.583+0000] {dag.py:3834} INFO - Setting next_dagrun for example_time_delta_sensor_async to None, run_after=None
[2024-04-01T06:48:58.592+0000] {processor.py:183} INFO - Processing /home/airflow/.local/lib/python3.8/site-packages/airflow/example_dags/example_time_delta_sensor_async.py took 0.030 seconds
[2024-04-01T06:49:29.195+0000] {processor.py:161} INFO - Started process (PID=271) to work on /home/airflow/.local/lib/python3.8/site-packages/airflow/example_dags/example_time_delta_sensor_async.py
[2024-04-01T06:49:29.196+0000] {processor.py:830} INFO - Processing file /home/airflow/.local/lib/python3.8/site-packages/airflow/example_dags/example_time_delta_sensor_async.py for tasks to queue
[2024-04-01T06:49:29.197+0000] {logging_mixin.py:188} INFO - [2024-04-01T06:49:29.197+0000] {dagbag.py:540} INFO - Filling up the DagBag from /home/airflow/.local/lib/python3.8/site-packages/airflow/example_dags/example_time_delta_sensor_async.py
[2024-04-01T06:49:29.200+0000] {processor.py:840} INFO - DAG(s) 'example_time_delta_sensor_async' retrieved from /home/airflow/.local/lib/python3.8/site-packages/airflow/example_dags/example_time_delta_sensor_async.py
[2024-04-01T06:49:29.210+0000] {logging_mixin.py:188} INFO - [2024-04-01T06:49:29.210+0000] {dag.py:3047} INFO - Sync 1 DAGs
[2024-04-01T06:49:29.217+0000] {logging_mixin.py:188} INFO - [2024-04-01T06:49:29.216+0000] {dag.py:3834} INFO - Setting next_dagrun for example_time_delta_sensor_async to None, run_after=None
[2024-04-01T06:49:29.225+0000] {processor.py:183} INFO - Processing /home/airflow/.local/lib/python3.8/site-packages/airflow/example_dags/example_time_delta_sensor_async.py took 0.032 seconds
[2024-04-01T06:50:00.019+0000] {processor.py:161} INFO - Started process (PID=326) to work on /home/airflow/.local/lib/python3.8/site-packages/airflow/example_dags/example_time_delta_sensor_async.py
[2024-04-01T06:50:00.020+0000] {processor.py:830} INFO - Processing file /home/airflow/.local/lib/python3.8/site-packages/airflow/example_dags/example_time_delta_sensor_async.py for tasks to queue
[2024-04-01T06:50:00.021+0000] {logging_mixin.py:188} INFO - [2024-04-01T06:50:00.021+0000] {dagbag.py:540} INFO - Filling up the DagBag from /home/airflow/.local/lib/python3.8/site-packages/airflow/example_dags/example_time_delta_sensor_async.py
[2024-04-01T06:50:00.024+0000] {processor.py:840} INFO - DAG(s) 'example_time_delta_sensor_async' retrieved from /home/airflow/.local/lib/python3.8/site-packages/airflow/example_dags/example_time_delta_sensor_async.py
[2024-04-01T06:50:00.036+0000] {logging_mixin.py:188} INFO - [2024-04-01T06:50:00.036+0000] {dag.py:3047} INFO - Sync 1 DAGs
[2024-04-01T06:50:00.044+0000] {logging_mixin.py:188} INFO - [2024-04-01T06:50:00.043+0000] {dag.py:3834} INFO - Setting next_dagrun for example_time_delta_sensor_async to None, run_after=None
[2024-04-01T06:50:00.054+0000] {processor.py:183} INFO - Processing /home/airflow/.local/lib/python3.8/site-packages/airflow/example_dags/example_time_delta_sensor_async.py took 0.037 seconds
[2024-04-01T06:50:30.096+0000] {processor.py:161} INFO - Started process (PID=381) to work on /home/airflow/.local/lib/python3.8/site-packages/airflow/example_dags/example_time_delta_sensor_async.py
[2024-04-01T06:50:30.097+0000] {processor.py:830} INFO - Processing file /home/airflow/.local/lib/python3.8/site-packages/airflow/example_dags/example_time_delta_sensor_async.py for tasks to queue
[2024-04-01T06:50:30.098+0000] {logging_mixin.py:188} INFO - [2024-04-01T06:50:30.098+0000] {dagbag.py:540} INFO - Filling up the DagBag from /home/airflow/.local/lib/python3.8/site-packages/airflow/example_dags/example_time_delta_sensor_async.py
[2024-04-01T06:50:30.100+0000] {processor.py:840} INFO - DAG(s) 'example_time_delta_sensor_async' retrieved from /home/airflow/.local/lib/python3.8/site-packages/airflow/example_dags/example_time_delta_sensor_async.py
[2024-04-01T06:50:30.113+0000] {logging_mixin.py:188} INFO - [2024-04-01T06:50:30.113+0000] {dag.py:3047} INFO - Sync 1 DAGs
[2024-04-01T06:50:30.120+0000] {logging_mixin.py:188} INFO - [2024-04-01T06:50:30.120+0000] {dag.py:3834} INFO - Setting next_dagrun for example_time_delta_sensor_async to None, run_after=None
[2024-04-01T06:50:30.129+0000] {processor.py:183} INFO - Processing /home/airflow/.local/lib/python3.8/site-packages/airflow/example_dags/example_time_delta_sensor_async.py took 0.035 seconds
[2024-04-01T06:51:00.871+0000] {processor.py:161} INFO - Started process (PID=436) to work on /home/airflow/.local/lib/python3.8/site-packages/airflow/example_dags/example_time_delta_sensor_async.py
[2024-04-01T06:51:00.872+0000] {processor.py:830} INFO - Processing file /home/airflow/.local/lib/python3.8/site-packages/airflow/example_dags/example_time_delta_sensor_async.py for tasks to queue
[2024-04-01T06:51:00.873+0000] {logging_mixin.py:188} INFO - [2024-04-01T06:51:00.873+0000] {dagbag.py:540} INFO - Filling up the DagBag from /home/airflow/.local/lib/python3.8/site-packages/airflow/example_dags/example_time_delta_sensor_async.py
[2024-04-01T06:51:00.876+0000] {processor.py:840} INFO - DAG(s) 'example_time_delta_sensor_async' retrieved from /home/airflow/.local/lib/python3.8/site-packages/airflow/example_dags/example_time_delta_sensor_async.py
[2024-04-01T06:51:00.886+0000] {logging_mixin.py:188} INFO - [2024-04-01T06:51:00.886+0000] {dag.py:3047} INFO - Sync 1 DAGs
[2024-04-01T06:51:00.892+0000] {logging_mixin.py:188} INFO - [2024-04-01T06:51:00.892+0000] {dag.py:3834} INFO - Setting next_dagrun for example_time_delta_sensor_async to None, run_after=None
[2024-04-01T06:51:00.901+0000] {processor.py:183} INFO - Processing /home/airflow/.local/lib/python3.8/site-packages/airflow/example_dags/example_time_delta_sensor_async.py took 0.032 seconds
[2024-04-01T06:51:31.547+0000] {processor.py:161} INFO - Started process (PID=491) to work on /home/airflow/.local/lib/python3.8/site-packages/airflow/example_dags/example_time_delta_sensor_async.py
[2024-04-01T06:51:31.548+0000] {processor.py:830} INFO - Processing file /home/airflow/.local/lib/python3.8/site-packages/airflow/example_dags/example_time_delta_sensor_async.py for tasks to queue
[2024-04-01T06:51:31.549+0000] {logging_mixin.py:188} INFO - [2024-04-01T06:51:31.549+0000] {dagbag.py:540} INFO - Filling up the DagBag from /home/airflow/.local/lib/python3.8/site-packages/airflow/example_dags/example_time_delta_sensor_async.py
[2024-04-01T06:51:31.552+0000] {processor.py:840} INFO - DAG(s) 'example_time_delta_sensor_async' retrieved from /home/airflow/.local/lib/python3.8/site-packages/airflow/example_dags/example_time_delta_sensor_async.py
[2024-04-01T06:51:31.562+0000] {logging_mixin.py:188} INFO - [2024-04-01T06:51:31.562+0000] {dag.py:3047} INFO - Sync 1 DAGs
[2024-04-01T06:51:31.569+0000] {logging_mixin.py:188} INFO - [2024-04-01T06:51:31.568+0000] {dag.py:3834} INFO - Setting next_dagrun for example_time_delta_sensor_async to None, run_after=None
[2024-04-01T06:51:31.578+0000] {processor.py:183} INFO - Processing /home/airflow/.local/lib/python3.8/site-packages/airflow/example_dags/example_time_delta_sensor_async.py took 0.033 seconds
[2024-04-01T06:52:02.379+0000] {processor.py:161} INFO - Started process (PID=546) to work on /home/airflow/.local/lib/python3.8/site-packages/airflow/example_dags/example_time_delta_sensor_async.py
[2024-04-01T06:52:02.380+0000] {processor.py:830} INFO - Processing file /home/airflow/.local/lib/python3.8/site-packages/airflow/example_dags/example_time_delta_sensor_async.py for tasks to queue
[2024-04-01T06:52:02.381+0000] {logging_mixin.py:188} INFO - [2024-04-01T06:52:02.381+0000] {dagbag.py:540} INFO - Filling up the DagBag from /home/airflow/.local/lib/python3.8/site-packages/airflow/example_dags/example_time_delta_sensor_async.py
[2024-04-01T06:52:02.384+0000] {processor.py:840} INFO - DAG(s) 'example_time_delta_sensor_async' retrieved from /home/airflow/.local/lib/python3.8/site-packages/airflow/example_dags/example_time_delta_sensor_async.py
[2024-04-01T06:52:02.395+0000] {logging_mixin.py:188} INFO - [2024-04-01T06:52:02.395+0000] {dag.py:3047} INFO - Sync 1 DAGs
[2024-04-01T06:52:02.402+0000] {logging_mixin.py:188} INFO - [2024-04-01T06:52:02.402+0000] {dag.py:3834} INFO - Setting next_dagrun for example_time_delta_sensor_async to None, run_after=None
[2024-04-01T06:52:02.411+0000] {processor.py:183} INFO - Processing /home/airflow/.local/lib/python3.8/site-packages/airflow/example_dags/example_time_delta_sensor_async.py took 0.034 seconds
[2024-04-01T06:52:33.215+0000] {processor.py:161} INFO - Started process (PID=601) to work on /home/airflow/.local/lib/python3.8/site-packages/airflow/example_dags/example_time_delta_sensor_async.py
[2024-04-01T06:52:33.216+0000] {processor.py:830} INFO - Processing file /home/airflow/.local/lib/python3.8/site-packages/airflow/example_dags/example_time_delta_sensor_async.py for tasks to queue
[2024-04-01T06:52:33.218+0000] {logging_mixin.py:188} INFO - [2024-04-01T06:52:33.218+0000] {dagbag.py:540} INFO - Filling up the DagBag from /home/airflow/.local/lib/python3.8/site-packages/airflow/example_dags/example_time_delta_sensor_async.py
[2024-04-01T06:52:33.222+0000] {processor.py:840} INFO - DAG(s) 'example_time_delta_sensor_async' retrieved from /home/airflow/.local/lib/python3.8/site-packages/airflow/example_dags/example_time_delta_sensor_async.py
[2024-04-01T06:52:33.238+0000] {logging_mixin.py:188} INFO - [2024-04-01T06:52:33.238+0000] {dag.py:3047} INFO - Sync 1 DAGs
[2024-04-01T06:52:33.247+0000] {logging_mixin.py:188} INFO - [2024-04-01T06:52:33.247+0000] {dag.py:3834} INFO - Setting next_dagrun for example_time_delta_sensor_async to None, run_after=None
[2024-04-01T06:52:33.258+0000] {processor.py:183} INFO - Processing /home/airflow/.local/lib/python3.8/site-packages/airflow/example_dags/example_time_delta_sensor_async.py took 0.046 seconds
[2024-04-01T06:53:03.387+0000] {processor.py:161} INFO - Started process (PID=656) to work on /home/airflow/.local/lib/python3.8/site-packages/airflow/example_dags/example_time_delta_sensor_async.py
[2024-04-01T06:53:03.388+0000] {processor.py:830} INFO - Processing file /home/airflow/.local/lib/python3.8/site-packages/airflow/example_dags/example_time_delta_sensor_async.py for tasks to queue
[2024-04-01T06:53:03.390+0000] {logging_mixin.py:188} INFO - [2024-04-01T06:53:03.390+0000] {dagbag.py:540} INFO - Filling up the DagBag from /home/airflow/.local/lib/python3.8/site-packages/airflow/example_dags/example_time_delta_sensor_async.py
[2024-04-01T06:53:03.393+0000] {processor.py:840} INFO - DAG(s) 'example_time_delta_sensor_async' retrieved from /home/airflow/.local/lib/python3.8/site-packages/airflow/example_dags/example_time_delta_sensor_async.py
[2024-04-01T06:53:03.408+0000] {logging_mixin.py:188} INFO - [2024-04-01T06:53:03.408+0000] {dag.py:3047} INFO - Sync 1 DAGs
[2024-04-01T06:53:03.417+0000] {logging_mixin.py:188} INFO - [2024-04-01T06:53:03.417+0000] {dag.py:3834} INFO - Setting next_dagrun for example_time_delta_sensor_async to None, run_after=None
[2024-04-01T06:53:03.428+0000] {processor.py:183} INFO - Processing /home/airflow/.local/lib/python3.8/site-packages/airflow/example_dags/example_time_delta_sensor_async.py took 0.043 seconds
[2024-04-01T06:53:33.590+0000] {processor.py:161} INFO - Started process (PID=711) to work on /home/airflow/.local/lib/python3.8/site-packages/airflow/example_dags/example_time_delta_sensor_async.py
[2024-04-01T06:53:33.591+0000] {processor.py:830} INFO - Processing file /home/airflow/.local/lib/python3.8/site-packages/airflow/example_dags/example_time_delta_sensor_async.py for tasks to queue
[2024-04-01T06:53:33.593+0000] {logging_mixin.py:188} INFO - [2024-04-01T06:53:33.593+0000] {dagbag.py:540} INFO - Filling up the DagBag from /home/airflow/.local/lib/python3.8/site-packages/airflow/example_dags/example_time_delta_sensor_async.py
[2024-04-01T06:53:33.596+0000] {processor.py:840} INFO - DAG(s) 'example_time_delta_sensor_async' retrieved from /home/airflow/.local/lib/python3.8/site-packages/airflow/example_dags/example_time_delta_sensor_async.py
[2024-04-01T06:53:33.610+0000] {logging_mixin.py:188} INFO - [2024-04-01T06:53:33.610+0000] {dag.py:3047} INFO - Sync 1 DAGs
[2024-04-01T06:53:33.619+0000] {logging_mixin.py:188} INFO - [2024-04-01T06:53:33.618+0000] {dag.py:3834} INFO - Setting next_dagrun for example_time_delta_sensor_async to None, run_after=None
[2024-04-01T06:53:33.631+0000] {processor.py:183} INFO - Processing /home/airflow/.local/lib/python3.8/site-packages/airflow/example_dags/example_time_delta_sensor_async.py took 0.043 seconds
[2024-04-01T06:54:04.504+0000] {processor.py:161} INFO - Started process (PID=766) to work on /home/airflow/.local/lib/python3.8/site-packages/airflow/example_dags/example_time_delta_sensor_async.py
[2024-04-01T06:54:04.505+0000] {processor.py:830} INFO - Processing file /home/airflow/.local/lib/python3.8/site-packages/airflow/example_dags/example_time_delta_sensor_async.py for tasks to queue
[2024-04-01T06:54:04.506+0000] {logging_mixin.py:188} INFO - [2024-04-01T06:54:04.506+0000] {dagbag.py:540} INFO - Filling up the DagBag from /home/airflow/.local/lib/python3.8/site-packages/airflow/example_dags/example_time_delta_sensor_async.py
[2024-04-01T06:54:04.509+0000] {processor.py:840} INFO - DAG(s) 'example_time_delta_sensor_async' retrieved from /home/airflow/.local/lib/python3.8/site-packages/airflow/example_dags/example_time_delta_sensor_async.py
[2024-04-01T06:54:04.519+0000] {logging_mixin.py:188} INFO - [2024-04-01T06:54:04.519+0000] {dag.py:3047} INFO - Sync 1 DAGs
[2024-04-01T06:54:04.526+0000] {logging_mixin.py:188} INFO - [2024-04-01T06:54:04.526+0000] {dag.py:3834} INFO - Setting next_dagrun for example_time_delta_sensor_async to None, run_after=None
[2024-04-01T06:54:04.535+0000] {processor.py:183} INFO - Processing /home/airflow/.local/lib/python3.8/site-packages/airflow/example_dags/example_time_delta_sensor_async.py took 0.032 seconds
[2024-04-01T06:54:35.166+0000] {processor.py:161} INFO - Started process (PID=821) to work on /home/airflow/.local/lib/python3.8/site-packages/airflow/example_dags/example_time_delta_sensor_async.py
[2024-04-01T06:54:35.166+0000] {processor.py:830} INFO - Processing file /home/airflow/.local/lib/python3.8/site-packages/airflow/example_dags/example_time_delta_sensor_async.py for tasks to queue
[2024-04-01T06:54:35.167+0000] {logging_mixin.py:188} INFO - [2024-04-01T06:54:35.167+0000] {dagbag.py:540} INFO - Filling up the DagBag from /home/airflow/.local/lib/python3.8/site-packages/airflow/example_dags/example_time_delta_sensor_async.py
[2024-04-01T06:54:35.170+0000] {processor.py:840} INFO - DAG(s) 'example_time_delta_sensor_async' retrieved from /home/airflow/.local/lib/python3.8/site-packages/airflow/example_dags/example_time_delta_sensor_async.py
[2024-04-01T06:54:35.180+0000] {logging_mixin.py:188} INFO - [2024-04-01T06:54:35.180+0000] {dag.py:3047} INFO - Sync 1 DAGs
[2024-04-01T06:54:35.186+0000] {logging_mixin.py:188} INFO - [2024-04-01T06:54:35.186+0000] {dag.py:3834} INFO - Setting next_dagrun for example_time_delta_sensor_async to None, run_after=None
[2024-04-01T06:54:35.195+0000] {processor.py:183} INFO - Processing /home/airflow/.local/lib/python3.8/site-packages/airflow/example_dags/example_time_delta_sensor_async.py took 0.032 seconds
[2024-04-01T06:55:05.866+0000] {processor.py:161} INFO - Started process (PID=876) to work on /home/airflow/.local/lib/python3.8/site-packages/airflow/example_dags/example_time_delta_sensor_async.py
[2024-04-01T06:55:05.866+0000] {processor.py:830} INFO - Processing file /home/airflow/.local/lib/python3.8/site-packages/airflow/example_dags/example_time_delta_sensor_async.py for tasks to queue
[2024-04-01T06:55:05.867+0000] {logging_mixin.py:188} INFO - [2024-04-01T06:55:05.867+0000] {dagbag.py:540} INFO - Filling up the DagBag from /home/airflow/.local/lib/python3.8/site-packages/airflow/example_dags/example_time_delta_sensor_async.py
[2024-04-01T06:55:05.870+0000] {processor.py:840} INFO - DAG(s) 'example_time_delta_sensor_async' retrieved from /home/airflow/.local/lib/python3.8/site-packages/airflow/example_dags/example_time_delta_sensor_async.py
[2024-04-01T06:55:05.882+0000] {logging_mixin.py:188} INFO - [2024-04-01T06:55:05.881+0000] {dag.py:3047} INFO - Sync 1 DAGs
[2024-04-01T06:55:05.888+0000] {logging_mixin.py:188} INFO - [2024-04-01T06:55:05.888+0000] {dag.py:3834} INFO - Setting next_dagrun for example_time_delta_sensor_async to None, run_after=None
[2024-04-01T06:55:05.897+0000] {processor.py:183} INFO - Processing /home/airflow/.local/lib/python3.8/site-packages/airflow/example_dags/example_time_delta_sensor_async.py took 0.033 seconds
[2024-04-01T06:55:36.631+0000] {processor.py:161} INFO - Started process (PID=931) to work on /home/airflow/.local/lib/python3.8/site-packages/airflow/example_dags/example_time_delta_sensor_async.py
[2024-04-01T06:55:36.632+0000] {processor.py:830} INFO - Processing file /home/airflow/.local/lib/python3.8/site-packages/airflow/example_dags/example_time_delta_sensor_async.py for tasks to queue
[2024-04-01T06:55:36.633+0000] {logging_mixin.py:188} INFO - [2024-04-01T06:55:36.633+0000] {dagbag.py:540} INFO - Filling up the DagBag from /home/airflow/.local/lib/python3.8/site-packages/airflow/example_dags/example_time_delta_sensor_async.py
[2024-04-01T06:55:36.636+0000] {processor.py:840} INFO - DAG(s) 'example_time_delta_sensor_async' retrieved from /home/airflow/.local/lib/python3.8/site-packages/airflow/example_dags/example_time_delta_sensor_async.py
[2024-04-01T06:55:36.647+0000] {logging_mixin.py:188} INFO - [2024-04-01T06:55:36.646+0000] {dag.py:3047} INFO - Sync 1 DAGs
[2024-04-01T06:55:36.653+0000] {logging_mixin.py:188} INFO - [2024-04-01T06:55:36.653+0000] {dag.py:3834} INFO - Setting next_dagrun for example_time_delta_sensor_async to None, run_after=None
[2024-04-01T06:55:36.662+0000] {processor.py:183} INFO - Processing /home/airflow/.local/lib/python3.8/site-packages/airflow/example_dags/example_time_delta_sensor_async.py took 0.033 seconds
[2024-04-01T06:56:07.315+0000] {processor.py:161} INFO - Started process (PID=986) to work on /home/airflow/.local/lib/python3.8/site-packages/airflow/example_dags/example_time_delta_sensor_async.py
[2024-04-01T06:56:07.315+0000] {processor.py:830} INFO - Processing file /home/airflow/.local/lib/python3.8/site-packages/airflow/example_dags/example_time_delta_sensor_async.py for tasks to queue
[2024-04-01T06:56:07.316+0000] {logging_mixin.py:188} INFO - [2024-04-01T06:56:07.316+0000] {dagbag.py:540} INFO - Filling up the DagBag from /home/airflow/.local/lib/python3.8/site-packages/airflow/example_dags/example_time_delta_sensor_async.py
[2024-04-01T06:56:07.319+0000] {processor.py:840} INFO - DAG(s) 'example_time_delta_sensor_async' retrieved from /home/airflow/.local/lib/python3.8/site-packages/airflow/example_dags/example_time_delta_sensor_async.py
[2024-04-01T06:56:07.330+0000] {logging_mixin.py:188} INFO - [2024-04-01T06:56:07.329+0000] {dag.py:3047} INFO - Sync 1 DAGs
[2024-04-01T06:56:07.336+0000] {logging_mixin.py:188} INFO - [2024-04-01T06:56:07.336+0000] {dag.py:3834} INFO - Setting next_dagrun for example_time_delta_sensor_async to None, run_after=None
[2024-04-01T06:56:07.344+0000] {processor.py:183} INFO - Processing /home/airflow/.local/lib/python3.8/site-packages/airflow/example_dags/example_time_delta_sensor_async.py took 0.031 seconds
[2024-04-01T06:56:38.167+0000] {processor.py:161} INFO - Started process (PID=1040) to work on /home/airflow/.local/lib/python3.8/site-packages/airflow/example_dags/example_time_delta_sensor_async.py
[2024-04-01T06:56:38.168+0000] {processor.py:830} INFO - Processing file /home/airflow/.local/lib/python3.8/site-packages/airflow/example_dags/example_time_delta_sensor_async.py for tasks to queue
[2024-04-01T06:56:38.169+0000] {logging_mixin.py:188} INFO - [2024-04-01T06:56:38.169+0000] {dagbag.py:540} INFO - Filling up the DagBag from /home/airflow/.local/lib/python3.8/site-packages/airflow/example_dags/example_time_delta_sensor_async.py
[2024-04-01T06:56:38.173+0000] {processor.py:840} INFO - DAG(s) 'example_time_delta_sensor_async' retrieved from /home/airflow/.local/lib/python3.8/site-packages/airflow/example_dags/example_time_delta_sensor_async.py
[2024-04-01T06:56:38.188+0000] {logging_mixin.py:188} INFO - [2024-04-01T06:56:38.188+0000] {dag.py:3047} INFO - Sync 1 DAGs
[2024-04-01T06:56:38.196+0000] {logging_mixin.py:188} INFO - [2024-04-01T06:56:38.196+0000] {dag.py:3834} INFO - Setting next_dagrun for example_time_delta_sensor_async to None, run_after=None
[2024-04-01T06:56:38.207+0000] {processor.py:183} INFO - Processing /home/airflow/.local/lib/python3.8/site-packages/airflow/example_dags/example_time_delta_sensor_async.py took 0.042 seconds
[2024-04-01T06:57:08.236+0000] {processor.py:161} INFO - Started process (PID=1095) to work on /home/airflow/.local/lib/python3.8/site-packages/airflow/example_dags/example_time_delta_sensor_async.py
[2024-04-01T06:57:08.236+0000] {processor.py:830} INFO - Processing file /home/airflow/.local/lib/python3.8/site-packages/airflow/example_dags/example_time_delta_sensor_async.py for tasks to queue
[2024-04-01T06:57:08.238+0000] {logging_mixin.py:188} INFO - [2024-04-01T06:57:08.237+0000] {dagbag.py:540} INFO - Filling up the DagBag from /home/airflow/.local/lib/python3.8/site-packages/airflow/example_dags/example_time_delta_sensor_async.py
[2024-04-01T06:57:08.240+0000] {processor.py:840} INFO - DAG(s) 'example_time_delta_sensor_async' retrieved from /home/airflow/.local/lib/python3.8/site-packages/airflow/example_dags/example_time_delta_sensor_async.py
[2024-04-01T06:57:08.252+0000] {logging_mixin.py:188} INFO - [2024-04-01T06:57:08.252+0000] {dag.py:3047} INFO - Sync 1 DAGs
[2024-04-01T06:57:08.259+0000] {logging_mixin.py:188} INFO - [2024-04-01T06:57:08.258+0000] {dag.py:3834} INFO - Setting next_dagrun for example_time_delta_sensor_async to None, run_after=None
[2024-04-01T06:57:08.268+0000] {processor.py:183} INFO - Processing /home/airflow/.local/lib/python3.8/site-packages/airflow/example_dags/example_time_delta_sensor_async.py took 0.034 seconds
[2024-04-01T06:57:39.027+0000] {processor.py:161} INFO - Started process (PID=1150) to work on /home/airflow/.local/lib/python3.8/site-packages/airflow/example_dags/example_time_delta_sensor_async.py
[2024-04-01T06:57:39.027+0000] {processor.py:830} INFO - Processing file /home/airflow/.local/lib/python3.8/site-packages/airflow/example_dags/example_time_delta_sensor_async.py for tasks to queue
[2024-04-01T06:57:39.028+0000] {logging_mixin.py:188} INFO - [2024-04-01T06:57:39.028+0000] {dagbag.py:540} INFO - Filling up the DagBag from /home/airflow/.local/lib/python3.8/site-packages/airflow/example_dags/example_time_delta_sensor_async.py
[2024-04-01T06:57:39.031+0000] {processor.py:840} INFO - DAG(s) 'example_time_delta_sensor_async' retrieved from /home/airflow/.local/lib/python3.8/site-packages/airflow/example_dags/example_time_delta_sensor_async.py
[2024-04-01T06:57:39.043+0000] {logging_mixin.py:188} INFO - [2024-04-01T06:57:39.043+0000] {dag.py:3047} INFO - Sync 1 DAGs
[2024-04-01T06:57:39.050+0000] {logging_mixin.py:188} INFO - [2024-04-01T06:57:39.050+0000] {dag.py:3834} INFO - Setting next_dagrun for example_time_delta_sensor_async to None, run_after=None
[2024-04-01T06:57:39.059+0000] {processor.py:183} INFO - Processing /home/airflow/.local/lib/python3.8/site-packages/airflow/example_dags/example_time_delta_sensor_async.py took 0.034 seconds
[2024-04-01T06:58:09.759+0000] {processor.py:161} INFO - Started process (PID=1205) to work on /home/airflow/.local/lib/python3.8/site-packages/airflow/example_dags/example_time_delta_sensor_async.py
[2024-04-01T06:58:09.760+0000] {processor.py:830} INFO - Processing file /home/airflow/.local/lib/python3.8/site-packages/airflow/example_dags/example_time_delta_sensor_async.py for tasks to queue
[2024-04-01T06:58:09.761+0000] {logging_mixin.py:188} INFO - [2024-04-01T06:58:09.760+0000] {dagbag.py:540} INFO - Filling up the DagBag from /home/airflow/.local/lib/python3.8/site-packages/airflow/example_dags/example_time_delta_sensor_async.py
[2024-04-01T06:58:09.763+0000] {processor.py:840} INFO - DAG(s) 'example_time_delta_sensor_async' retrieved from /home/airflow/.local/lib/python3.8/site-packages/airflow/example_dags/example_time_delta_sensor_async.py
[2024-04-01T06:58:09.775+0000] {logging_mixin.py:188} INFO - [2024-04-01T06:58:09.775+0000] {dag.py:3047} INFO - Sync 1 DAGs
[2024-04-01T06:58:09.783+0000] {logging_mixin.py:188} INFO - [2024-04-01T06:58:09.782+0000] {dag.py:3834} INFO - Setting next_dagrun for example_time_delta_sensor_async to None, run_after=None
[2024-04-01T06:58:09.793+0000] {processor.py:183} INFO - Processing /home/airflow/.local/lib/python3.8/site-packages/airflow/example_dags/example_time_delta_sensor_async.py took 0.036 seconds
[2024-04-01T06:58:39.915+0000] {processor.py:161} INFO - Started process (PID=1260) to work on /home/airflow/.local/lib/python3.8/site-packages/airflow/example_dags/example_time_delta_sensor_async.py
[2024-04-01T06:58:39.915+0000] {processor.py:830} INFO - Processing file /home/airflow/.local/lib/python3.8/site-packages/airflow/example_dags/example_time_delta_sensor_async.py for tasks to queue
[2024-04-01T06:58:39.916+0000] {logging_mixin.py:188} INFO - [2024-04-01T06:58:39.916+0000] {dagbag.py:540} INFO - Filling up the DagBag from /home/airflow/.local/lib/python3.8/site-packages/airflow/example_dags/example_time_delta_sensor_async.py
[2024-04-01T06:58:39.919+0000] {processor.py:840} INFO - DAG(s) 'example_time_delta_sensor_async' retrieved from /home/airflow/.local/lib/python3.8/site-packages/airflow/example_dags/example_time_delta_sensor_async.py
[2024-04-01T06:58:39.931+0000] {logging_mixin.py:188} INFO - [2024-04-01T06:58:39.930+0000] {dag.py:3047} INFO - Sync 1 DAGs
[2024-04-01T06:58:39.937+0000] {logging_mixin.py:188} INFO - [2024-04-01T06:58:39.937+0000] {dag.py:3834} INFO - Setting next_dagrun for example_time_delta_sensor_async to None, run_after=None
[2024-04-01T06:58:39.947+0000] {processor.py:183} INFO - Processing /home/airflow/.local/lib/python3.8/site-packages/airflow/example_dags/example_time_delta_sensor_async.py took 0.034 seconds
[2024-04-01T06:59:10.610+0000] {processor.py:161} INFO - Started process (PID=1315) to work on /home/airflow/.local/lib/python3.8/site-packages/airflow/example_dags/example_time_delta_sensor_async.py
[2024-04-01T06:59:10.611+0000] {processor.py:830} INFO - Processing file /home/airflow/.local/lib/python3.8/site-packages/airflow/example_dags/example_time_delta_sensor_async.py for tasks to queue
[2024-04-01T06:59:10.612+0000] {logging_mixin.py:188} INFO - [2024-04-01T06:59:10.612+0000] {dagbag.py:540} INFO - Filling up the DagBag from /home/airflow/.local/lib/python3.8/site-packages/airflow/example_dags/example_time_delta_sensor_async.py
[2024-04-01T06:59:10.615+0000] {processor.py:840} INFO - DAG(s) 'example_time_delta_sensor_async' retrieved from /home/airflow/.local/lib/python3.8/site-packages/airflow/example_dags/example_time_delta_sensor_async.py
[2024-04-01T06:59:10.626+0000] {logging_mixin.py:188} INFO - [2024-04-01T06:59:10.626+0000] {dag.py:3047} INFO - Sync 1 DAGs
[2024-04-01T06:59:10.633+0000] {logging_mixin.py:188} INFO - [2024-04-01T06:59:10.633+0000] {dag.py:3834} INFO - Setting next_dagrun for example_time_delta_sensor_async to None, run_after=None
[2024-04-01T06:59:10.643+0000] {processor.py:183} INFO - Processing /home/airflow/.local/lib/python3.8/site-packages/airflow/example_dags/example_time_delta_sensor_async.py took 0.034 seconds
[2024-04-01T06:59:41.274+0000] {processor.py:161} INFO - Started process (PID=1370) to work on /home/airflow/.local/lib/python3.8/site-packages/airflow/example_dags/example_time_delta_sensor_async.py
[2024-04-01T06:59:41.274+0000] {processor.py:830} INFO - Processing file /home/airflow/.local/lib/python3.8/site-packages/airflow/example_dags/example_time_delta_sensor_async.py for tasks to queue
[2024-04-01T06:59:41.275+0000] {logging_mixin.py:188} INFO - [2024-04-01T06:59:41.275+0000] {dagbag.py:540} INFO - Filling up the DagBag from /home/airflow/.local/lib/python3.8/site-packages/airflow/example_dags/example_time_delta_sensor_async.py
[2024-04-01T06:59:41.278+0000] {processor.py:840} INFO - DAG(s) 'example_time_delta_sensor_async' retrieved from /home/airflow/.local/lib/python3.8/site-packages/airflow/example_dags/example_time_delta_sensor_async.py
[2024-04-01T06:59:41.291+0000] {logging_mixin.py:188} INFO - [2024-04-01T06:59:41.291+0000] {dag.py:3047} INFO - Sync 1 DAGs
[2024-04-01T06:59:41.298+0000] {logging_mixin.py:188} INFO - [2024-04-01T06:59:41.298+0000] {dag.py:3834} INFO - Setting next_dagrun for example_time_delta_sensor_async to None, run_after=None
[2024-04-01T06:59:41.308+0000] {processor.py:183} INFO - Processing /home/airflow/.local/lib/python3.8/site-packages/airflow/example_dags/example_time_delta_sensor_async.py took 0.036 seconds
[2024-04-01T07:00:11.353+0000] {processor.py:161} INFO - Started process (PID=1425) to work on /home/airflow/.local/lib/python3.8/site-packages/airflow/example_dags/example_time_delta_sensor_async.py
[2024-04-01T07:00:11.353+0000] {processor.py:830} INFO - Processing file /home/airflow/.local/lib/python3.8/site-packages/airflow/example_dags/example_time_delta_sensor_async.py for tasks to queue
[2024-04-01T07:00:11.354+0000] {logging_mixin.py:188} INFO - [2024-04-01T07:00:11.354+0000] {dagbag.py:540} INFO - Filling up the DagBag from /home/airflow/.local/lib/python3.8/site-packages/airflow/example_dags/example_time_delta_sensor_async.py
[2024-04-01T07:00:11.357+0000] {processor.py:840} INFO - DAG(s) 'example_time_delta_sensor_async' retrieved from /home/airflow/.local/lib/python3.8/site-packages/airflow/example_dags/example_time_delta_sensor_async.py
[2024-04-01T07:00:11.369+0000] {logging_mixin.py:188} INFO - [2024-04-01T07:00:11.369+0000] {dag.py:3047} INFO - Sync 1 DAGs
[2024-04-01T07:00:11.376+0000] {logging_mixin.py:188} INFO - [2024-04-01T07:00:11.375+0000] {dag.py:3834} INFO - Setting next_dagrun for example_time_delta_sensor_async to None, run_after=None
[2024-04-01T07:00:11.384+0000] {processor.py:183} INFO - Processing /home/airflow/.local/lib/python3.8/site-packages/airflow/example_dags/example_time_delta_sensor_async.py took 0.033 seconds
[2024-04-01T07:00:41.924+0000] {processor.py:161} INFO - Started process (PID=1480) to work on /home/airflow/.local/lib/python3.8/site-packages/airflow/example_dags/example_time_delta_sensor_async.py
[2024-04-01T07:00:41.924+0000] {processor.py:830} INFO - Processing file /home/airflow/.local/lib/python3.8/site-packages/airflow/example_dags/example_time_delta_sensor_async.py for tasks to queue
[2024-04-01T07:00:41.925+0000] {logging_mixin.py:188} INFO - [2024-04-01T07:00:41.925+0000] {dagbag.py:540} INFO - Filling up the DagBag from /home/airflow/.local/lib/python3.8/site-packages/airflow/example_dags/example_time_delta_sensor_async.py
[2024-04-01T07:00:41.928+0000] {processor.py:840} INFO - DAG(s) 'example_time_delta_sensor_async' retrieved from /home/airflow/.local/lib/python3.8/site-packages/airflow/example_dags/example_time_delta_sensor_async.py
[2024-04-01T07:00:41.939+0000] {logging_mixin.py:188} INFO - [2024-04-01T07:00:41.939+0000] {dag.py:3047} INFO - Sync 1 DAGs
[2024-04-01T07:00:41.946+0000] {logging_mixin.py:188} INFO - [2024-04-01T07:00:41.946+0000] {dag.py:3834} INFO - Setting next_dagrun for example_time_delta_sensor_async to None, run_after=None
[2024-04-01T07:00:41.955+0000] {processor.py:183} INFO - Processing /home/airflow/.local/lib/python3.8/site-packages/airflow/example_dags/example_time_delta_sensor_async.py took 0.033 seconds
[2024-04-01T07:01:36.957+0000] {processor.py:161} INFO - Started process (PID=51) to work on /home/airflow/.local/lib/python3.8/site-packages/airflow/example_dags/example_time_delta_sensor_async.py
[2024-04-01T07:01:36.959+0000] {processor.py:830} INFO - Processing file /home/airflow/.local/lib/python3.8/site-packages/airflow/example_dags/example_time_delta_sensor_async.py for tasks to queue
[2024-04-01T07:01:36.960+0000] {logging_mixin.py:188} INFO - [2024-04-01T07:01:36.960+0000] {dagbag.py:540} INFO - Filling up the DagBag from /home/airflow/.local/lib/python3.8/site-packages/airflow/example_dags/example_time_delta_sensor_async.py
[2024-04-01T07:01:36.967+0000] {processor.py:840} INFO - DAG(s) 'example_time_delta_sensor_async' retrieved from /home/airflow/.local/lib/python3.8/site-packages/airflow/example_dags/example_time_delta_sensor_async.py
[2024-04-01T07:01:36.975+0000] {logging_mixin.py:188} INFO - [2024-04-01T07:01:36.975+0000] {dag.py:3047} INFO - Sync 1 DAGs
[2024-04-01T07:01:36.984+0000] {logging_mixin.py:188} INFO - [2024-04-01T07:01:36.984+0000] {dag.py:3834} INFO - Setting next_dagrun for example_time_delta_sensor_async to None, run_after=None
[2024-04-01T07:01:36.998+0000] {processor.py:183} INFO - Processing /home/airflow/.local/lib/python3.8/site-packages/airflow/example_dags/example_time_delta_sensor_async.py took 0.045 seconds
[2024-04-01T07:02:07.404+0000] {processor.py:161} INFO - Started process (PID=106) to work on /home/airflow/.local/lib/python3.8/site-packages/airflow/example_dags/example_time_delta_sensor_async.py
[2024-04-01T07:02:07.405+0000] {processor.py:830} INFO - Processing file /home/airflow/.local/lib/python3.8/site-packages/airflow/example_dags/example_time_delta_sensor_async.py for tasks to queue
[2024-04-01T07:02:07.406+0000] {logging_mixin.py:188} INFO - [2024-04-01T07:02:07.406+0000] {dagbag.py:540} INFO - Filling up the DagBag from /home/airflow/.local/lib/python3.8/site-packages/airflow/example_dags/example_time_delta_sensor_async.py
[2024-04-01T07:02:07.409+0000] {processor.py:840} INFO - DAG(s) 'example_time_delta_sensor_async' retrieved from /home/airflow/.local/lib/python3.8/site-packages/airflow/example_dags/example_time_delta_sensor_async.py
[2024-04-01T07:02:07.464+0000] {logging_mixin.py:188} INFO - [2024-04-01T07:02:07.464+0000] {dag.py:3047} INFO - Sync 1 DAGs
[2024-04-01T07:02:07.471+0000] {logging_mixin.py:188} INFO - [2024-04-01T07:02:07.471+0000] {dag.py:3834} INFO - Setting next_dagrun for example_time_delta_sensor_async to None, run_after=None
[2024-04-01T07:02:07.481+0000] {processor.py:183} INFO - Processing /home/airflow/.local/lib/python3.8/site-packages/airflow/example_dags/example_time_delta_sensor_async.py took 0.078 seconds
[2024-04-01T07:02:38.153+0000] {processor.py:161} INFO - Started process (PID=160) to work on /home/airflow/.local/lib/python3.8/site-packages/airflow/example_dags/example_time_delta_sensor_async.py
[2024-04-01T07:02:38.154+0000] {processor.py:830} INFO - Processing file /home/airflow/.local/lib/python3.8/site-packages/airflow/example_dags/example_time_delta_sensor_async.py for tasks to queue
[2024-04-01T07:02:38.156+0000] {logging_mixin.py:188} INFO - [2024-04-01T07:02:38.155+0000] {dagbag.py:540} INFO - Filling up the DagBag from /home/airflow/.local/lib/python3.8/site-packages/airflow/example_dags/example_time_delta_sensor_async.py
[2024-04-01T07:02:38.160+0000] {processor.py:840} INFO - DAG(s) 'example_time_delta_sensor_async' retrieved from /home/airflow/.local/lib/python3.8/site-packages/airflow/example_dags/example_time_delta_sensor_async.py
[2024-04-01T07:02:38.176+0000] {logging_mixin.py:188} INFO - [2024-04-01T07:02:38.176+0000] {dag.py:3047} INFO - Sync 1 DAGs
[2024-04-01T07:02:38.184+0000] {logging_mixin.py:188} INFO - [2024-04-01T07:02:38.184+0000] {dag.py:3834} INFO - Setting next_dagrun for example_time_delta_sensor_async to None, run_after=None
[2024-04-01T07:02:38.196+0000] {processor.py:183} INFO - Processing /home/airflow/.local/lib/python3.8/site-packages/airflow/example_dags/example_time_delta_sensor_async.py took 0.045 seconds
[2024-04-01T07:03:08.226+0000] {processor.py:161} INFO - Started process (PID=215) to work on /home/airflow/.local/lib/python3.8/site-packages/airflow/example_dags/example_time_delta_sensor_async.py
[2024-04-01T07:03:08.227+0000] {processor.py:830} INFO - Processing file /home/airflow/.local/lib/python3.8/site-packages/airflow/example_dags/example_time_delta_sensor_async.py for tasks to queue
[2024-04-01T07:03:08.228+0000] {logging_mixin.py:188} INFO - [2024-04-01T07:03:08.228+0000] {dagbag.py:540} INFO - Filling up the DagBag from /home/airflow/.local/lib/python3.8/site-packages/airflow/example_dags/example_time_delta_sensor_async.py
[2024-04-01T07:03:08.232+0000] {processor.py:840} INFO - DAG(s) 'example_time_delta_sensor_async' retrieved from /home/airflow/.local/lib/python3.8/site-packages/airflow/example_dags/example_time_delta_sensor_async.py
[2024-04-01T07:03:08.246+0000] {logging_mixin.py:188} INFO - [2024-04-01T07:03:08.246+0000] {dag.py:3047} INFO - Sync 1 DAGs
[2024-04-01T07:03:08.254+0000] {logging_mixin.py:188} INFO - [2024-04-01T07:03:08.254+0000] {dag.py:3834} INFO - Setting next_dagrun for example_time_delta_sensor_async to None, run_after=None
[2024-04-01T07:03:08.267+0000] {processor.py:183} INFO - Processing /home/airflow/.local/lib/python3.8/site-packages/airflow/example_dags/example_time_delta_sensor_async.py took 0.044 seconds
[2024-04-01T07:03:38.340+0000] {processor.py:161} INFO - Started process (PID=270) to work on /home/airflow/.local/lib/python3.8/site-packages/airflow/example_dags/example_time_delta_sensor_async.py
[2024-04-01T07:03:38.340+0000] {processor.py:830} INFO - Processing file /home/airflow/.local/lib/python3.8/site-packages/airflow/example_dags/example_time_delta_sensor_async.py for tasks to queue
[2024-04-01T07:03:38.342+0000] {logging_mixin.py:188} INFO - [2024-04-01T07:03:38.342+0000] {dagbag.py:540} INFO - Filling up the DagBag from /home/airflow/.local/lib/python3.8/site-packages/airflow/example_dags/example_time_delta_sensor_async.py
[2024-04-01T07:03:38.346+0000] {processor.py:840} INFO - DAG(s) 'example_time_delta_sensor_async' retrieved from /home/airflow/.local/lib/python3.8/site-packages/airflow/example_dags/example_time_delta_sensor_async.py
[2024-04-01T07:03:38.361+0000] {logging_mixin.py:188} INFO - [2024-04-01T07:03:38.361+0000] {dag.py:3047} INFO - Sync 1 DAGs
[2024-04-01T07:03:38.370+0000] {logging_mixin.py:188} INFO - [2024-04-01T07:03:38.370+0000] {dag.py:3834} INFO - Setting next_dagrun for example_time_delta_sensor_async to None, run_after=None
[2024-04-01T07:03:38.389+0000] {processor.py:183} INFO - Processing /home/airflow/.local/lib/python3.8/site-packages/airflow/example_dags/example_time_delta_sensor_async.py took 0.052 seconds
[2024-04-01T07:04:08.426+0000] {processor.py:161} INFO - Started process (PID=325) to work on /home/airflow/.local/lib/python3.8/site-packages/airflow/example_dags/example_time_delta_sensor_async.py
[2024-04-01T07:04:08.426+0000] {processor.py:830} INFO - Processing file /home/airflow/.local/lib/python3.8/site-packages/airflow/example_dags/example_time_delta_sensor_async.py for tasks to queue
[2024-04-01T07:04:08.428+0000] {logging_mixin.py:188} INFO - [2024-04-01T07:04:08.428+0000] {dagbag.py:540} INFO - Filling up the DagBag from /home/airflow/.local/lib/python3.8/site-packages/airflow/example_dags/example_time_delta_sensor_async.py
[2024-04-01T07:04:08.432+0000] {processor.py:840} INFO - DAG(s) 'example_time_delta_sensor_async' retrieved from /home/airflow/.local/lib/python3.8/site-packages/airflow/example_dags/example_time_delta_sensor_async.py
[2024-04-01T07:04:08.446+0000] {logging_mixin.py:188} INFO - [2024-04-01T07:04:08.446+0000] {dag.py:3047} INFO - Sync 1 DAGs
[2024-04-01T07:04:08.454+0000] {logging_mixin.py:188} INFO - [2024-04-01T07:04:08.454+0000] {dag.py:3834} INFO - Setting next_dagrun for example_time_delta_sensor_async to None, run_after=None
[2024-04-01T07:04:08.464+0000] {processor.py:183} INFO - Processing /home/airflow/.local/lib/python3.8/site-packages/airflow/example_dags/example_time_delta_sensor_async.py took 0.041 seconds
[2024-04-01T07:04:38.523+0000] {processor.py:161} INFO - Started process (PID=380) to work on /home/airflow/.local/lib/python3.8/site-packages/airflow/example_dags/example_time_delta_sensor_async.py
[2024-04-01T07:04:38.524+0000] {processor.py:830} INFO - Processing file /home/airflow/.local/lib/python3.8/site-packages/airflow/example_dags/example_time_delta_sensor_async.py for tasks to queue
[2024-04-01T07:04:38.525+0000] {logging_mixin.py:188} INFO - [2024-04-01T07:04:38.525+0000] {dagbag.py:540} INFO - Filling up the DagBag from /home/airflow/.local/lib/python3.8/site-packages/airflow/example_dags/example_time_delta_sensor_async.py
[2024-04-01T07:04:38.528+0000] {processor.py:840} INFO - DAG(s) 'example_time_delta_sensor_async' retrieved from /home/airflow/.local/lib/python3.8/site-packages/airflow/example_dags/example_time_delta_sensor_async.py
[2024-04-01T07:04:38.540+0000] {logging_mixin.py:188} INFO - [2024-04-01T07:04:38.540+0000] {dag.py:3047} INFO - Sync 1 DAGs
[2024-04-01T07:04:38.549+0000] {logging_mixin.py:188} INFO - [2024-04-01T07:04:38.548+0000] {dag.py:3834} INFO - Setting next_dagrun for example_time_delta_sensor_async to None, run_after=None
[2024-04-01T07:04:38.559+0000] {processor.py:183} INFO - Processing /home/airflow/.local/lib/python3.8/site-packages/airflow/example_dags/example_time_delta_sensor_async.py took 0.038 seconds
[2024-04-01T07:05:08.858+0000] {processor.py:161} INFO - Started process (PID=435) to work on /home/airflow/.local/lib/python3.8/site-packages/airflow/example_dags/example_time_delta_sensor_async.py
[2024-04-01T07:05:08.858+0000] {processor.py:830} INFO - Processing file /home/airflow/.local/lib/python3.8/site-packages/airflow/example_dags/example_time_delta_sensor_async.py for tasks to queue
[2024-04-01T07:05:08.860+0000] {logging_mixin.py:188} INFO - [2024-04-01T07:05:08.860+0000] {dagbag.py:540} INFO - Filling up the DagBag from /home/airflow/.local/lib/python3.8/site-packages/airflow/example_dags/example_time_delta_sensor_async.py
[2024-04-01T07:05:08.863+0000] {processor.py:840} INFO - DAG(s) 'example_time_delta_sensor_async' retrieved from /home/airflow/.local/lib/python3.8/site-packages/airflow/example_dags/example_time_delta_sensor_async.py
[2024-04-01T07:05:08.878+0000] {logging_mixin.py:188} INFO - [2024-04-01T07:05:08.878+0000] {dag.py:3047} INFO - Sync 1 DAGs
[2024-04-01T07:05:08.885+0000] {logging_mixin.py:188} INFO - [2024-04-01T07:05:08.885+0000] {dag.py:3834} INFO - Setting next_dagrun for example_time_delta_sensor_async to None, run_after=None
[2024-04-01T07:05:08.895+0000] {processor.py:183} INFO - Processing /home/airflow/.local/lib/python3.8/site-packages/airflow/example_dags/example_time_delta_sensor_async.py took 0.041 seconds
[2024-04-01T07:05:38.940+0000] {processor.py:161} INFO - Started process (PID=490) to work on /home/airflow/.local/lib/python3.8/site-packages/airflow/example_dags/example_time_delta_sensor_async.py
[2024-04-01T07:05:38.942+0000] {processor.py:830} INFO - Processing file /home/airflow/.local/lib/python3.8/site-packages/airflow/example_dags/example_time_delta_sensor_async.py for tasks to queue
[2024-04-01T07:05:38.944+0000] {logging_mixin.py:188} INFO - [2024-04-01T07:05:38.943+0000] {dagbag.py:540} INFO - Filling up the DagBag from /home/airflow/.local/lib/python3.8/site-packages/airflow/example_dags/example_time_delta_sensor_async.py
[2024-04-01T07:05:38.949+0000] {processor.py:840} INFO - DAG(s) 'example_time_delta_sensor_async' retrieved from /home/airflow/.local/lib/python3.8/site-packages/airflow/example_dags/example_time_delta_sensor_async.py
[2024-04-01T07:05:38.967+0000] {logging_mixin.py:188} INFO - [2024-04-01T07:05:38.967+0000] {dag.py:3047} INFO - Sync 1 DAGs
[2024-04-01T07:05:38.975+0000] {logging_mixin.py:188} INFO - [2024-04-01T07:05:38.974+0000] {dag.py:3834} INFO - Setting next_dagrun for example_time_delta_sensor_async to None, run_after=None
[2024-04-01T07:05:38.989+0000] {processor.py:183} INFO - Processing /home/airflow/.local/lib/python3.8/site-packages/airflow/example_dags/example_time_delta_sensor_async.py took 0.053 seconds
[2024-04-01T07:06:09.209+0000] {processor.py:161} INFO - Started process (PID=545) to work on /home/airflow/.local/lib/python3.8/site-packages/airflow/example_dags/example_time_delta_sensor_async.py
[2024-04-01T07:06:09.210+0000] {processor.py:830} INFO - Processing file /home/airflow/.local/lib/python3.8/site-packages/airflow/example_dags/example_time_delta_sensor_async.py for tasks to queue
[2024-04-01T07:06:09.211+0000] {logging_mixin.py:188} INFO - [2024-04-01T07:06:09.211+0000] {dagbag.py:540} INFO - Filling up the DagBag from /home/airflow/.local/lib/python3.8/site-packages/airflow/example_dags/example_time_delta_sensor_async.py
[2024-04-01T07:06:09.214+0000] {processor.py:840} INFO - DAG(s) 'example_time_delta_sensor_async' retrieved from /home/airflow/.local/lib/python3.8/site-packages/airflow/example_dags/example_time_delta_sensor_async.py
[2024-04-01T07:06:09.226+0000] {logging_mixin.py:188} INFO - [2024-04-01T07:06:09.226+0000] {dag.py:3047} INFO - Sync 1 DAGs
[2024-04-01T07:06:09.233+0000] {logging_mixin.py:188} INFO - [2024-04-01T07:06:09.233+0000] {dag.py:3834} INFO - Setting next_dagrun for example_time_delta_sensor_async to None, run_after=None
[2024-04-01T07:06:09.242+0000] {processor.py:183} INFO - Processing /home/airflow/.local/lib/python3.8/site-packages/airflow/example_dags/example_time_delta_sensor_async.py took 0.034 seconds
[2024-04-01T07:06:39.435+0000] {processor.py:161} INFO - Started process (PID=600) to work on /home/airflow/.local/lib/python3.8/site-packages/airflow/example_dags/example_time_delta_sensor_async.py
[2024-04-01T07:06:39.436+0000] {processor.py:830} INFO - Processing file /home/airflow/.local/lib/python3.8/site-packages/airflow/example_dags/example_time_delta_sensor_async.py for tasks to queue
[2024-04-01T07:06:39.437+0000] {logging_mixin.py:188} INFO - [2024-04-01T07:06:39.437+0000] {dagbag.py:540} INFO - Filling up the DagBag from /home/airflow/.local/lib/python3.8/site-packages/airflow/example_dags/example_time_delta_sensor_async.py
[2024-04-01T07:06:39.441+0000] {processor.py:840} INFO - DAG(s) 'example_time_delta_sensor_async' retrieved from /home/airflow/.local/lib/python3.8/site-packages/airflow/example_dags/example_time_delta_sensor_async.py
[2024-04-01T07:06:39.454+0000] {logging_mixin.py:188} INFO - [2024-04-01T07:06:39.454+0000] {dag.py:3047} INFO - Sync 1 DAGs
[2024-04-01T07:06:39.461+0000] {logging_mixin.py:188} INFO - [2024-04-01T07:06:39.461+0000] {dag.py:3834} INFO - Setting next_dagrun for example_time_delta_sensor_async to None, run_after=None
[2024-04-01T07:06:39.471+0000] {processor.py:183} INFO - Processing /home/airflow/.local/lib/python3.8/site-packages/airflow/example_dags/example_time_delta_sensor_async.py took 0.039 seconds
[2024-04-01T07:07:09.600+0000] {processor.py:161} INFO - Started process (PID=655) to work on /home/airflow/.local/lib/python3.8/site-packages/airflow/example_dags/example_time_delta_sensor_async.py
[2024-04-01T07:07:09.601+0000] {processor.py:830} INFO - Processing file /home/airflow/.local/lib/python3.8/site-packages/airflow/example_dags/example_time_delta_sensor_async.py for tasks to queue
[2024-04-01T07:07:09.602+0000] {logging_mixin.py:188} INFO - [2024-04-01T07:07:09.602+0000] {dagbag.py:540} INFO - Filling up the DagBag from /home/airflow/.local/lib/python3.8/site-packages/airflow/example_dags/example_time_delta_sensor_async.py
[2024-04-01T07:07:09.606+0000] {processor.py:840} INFO - DAG(s) 'example_time_delta_sensor_async' retrieved from /home/airflow/.local/lib/python3.8/site-packages/airflow/example_dags/example_time_delta_sensor_async.py
[2024-04-01T07:07:09.619+0000] {logging_mixin.py:188} INFO - [2024-04-01T07:07:09.619+0000] {dag.py:3047} INFO - Sync 1 DAGs
[2024-04-01T07:07:09.627+0000] {logging_mixin.py:188} INFO - [2024-04-01T07:07:09.627+0000] {dag.py:3834} INFO - Setting next_dagrun for example_time_delta_sensor_async to None, run_after=None
[2024-04-01T07:07:09.642+0000] {processor.py:183} INFO - Processing /home/airflow/.local/lib/python3.8/site-packages/airflow/example_dags/example_time_delta_sensor_async.py took 0.045 seconds
[2024-04-01T07:07:39.831+0000] {processor.py:161} INFO - Started process (PID=710) to work on /home/airflow/.local/lib/python3.8/site-packages/airflow/example_dags/example_time_delta_sensor_async.py
[2024-04-01T07:07:39.832+0000] {processor.py:830} INFO - Processing file /home/airflow/.local/lib/python3.8/site-packages/airflow/example_dags/example_time_delta_sensor_async.py for tasks to queue
[2024-04-01T07:07:39.833+0000] {logging_mixin.py:188} INFO - [2024-04-01T07:07:39.833+0000] {dagbag.py:540} INFO - Filling up the DagBag from /home/airflow/.local/lib/python3.8/site-packages/airflow/example_dags/example_time_delta_sensor_async.py
[2024-04-01T07:07:39.837+0000] {processor.py:840} INFO - DAG(s) 'example_time_delta_sensor_async' retrieved from /home/airflow/.local/lib/python3.8/site-packages/airflow/example_dags/example_time_delta_sensor_async.py
[2024-04-01T07:07:39.852+0000] {logging_mixin.py:188} INFO - [2024-04-01T07:07:39.851+0000] {dag.py:3047} INFO - Sync 1 DAGs
[2024-04-01T07:07:39.859+0000] {logging_mixin.py:188} INFO - [2024-04-01T07:07:39.859+0000] {dag.py:3834} INFO - Setting next_dagrun for example_time_delta_sensor_async to None, run_after=None
[2024-04-01T07:07:39.871+0000] {processor.py:183} INFO - Processing /home/airflow/.local/lib/python3.8/site-packages/airflow/example_dags/example_time_delta_sensor_async.py took 0.041 seconds
[2024-04-01T07:08:10.076+0000] {processor.py:161} INFO - Started process (PID=765) to work on /home/airflow/.local/lib/python3.8/site-packages/airflow/example_dags/example_time_delta_sensor_async.py
[2024-04-01T07:08:10.077+0000] {processor.py:830} INFO - Processing file /home/airflow/.local/lib/python3.8/site-packages/airflow/example_dags/example_time_delta_sensor_async.py for tasks to queue
[2024-04-01T07:08:10.077+0000] {logging_mixin.py:188} INFO - [2024-04-01T07:08:10.077+0000] {dagbag.py:540} INFO - Filling up the DagBag from /home/airflow/.local/lib/python3.8/site-packages/airflow/example_dags/example_time_delta_sensor_async.py
[2024-04-01T07:08:10.080+0000] {processor.py:840} INFO - DAG(s) 'example_time_delta_sensor_async' retrieved from /home/airflow/.local/lib/python3.8/site-packages/airflow/example_dags/example_time_delta_sensor_async.py
[2024-04-01T07:08:10.091+0000] {logging_mixin.py:188} INFO - [2024-04-01T07:08:10.091+0000] {dag.py:3047} INFO - Sync 1 DAGs
[2024-04-01T07:08:10.098+0000] {logging_mixin.py:188} INFO - [2024-04-01T07:08:10.098+0000] {dag.py:3834} INFO - Setting next_dagrun for example_time_delta_sensor_async to None, run_after=None
[2024-04-01T07:08:10.106+0000] {processor.py:183} INFO - Processing /home/airflow/.local/lib/python3.8/site-packages/airflow/example_dags/example_time_delta_sensor_async.py took 0.032 seconds
[2024-04-01T07:08:40.890+0000] {processor.py:161} INFO - Started process (PID=820) to work on /home/airflow/.local/lib/python3.8/site-packages/airflow/example_dags/example_time_delta_sensor_async.py
[2024-04-01T07:08:40.890+0000] {processor.py:830} INFO - Processing file /home/airflow/.local/lib/python3.8/site-packages/airflow/example_dags/example_time_delta_sensor_async.py for tasks to queue
[2024-04-01T07:08:40.891+0000] {logging_mixin.py:188} INFO - [2024-04-01T07:08:40.891+0000] {dagbag.py:540} INFO - Filling up the DagBag from /home/airflow/.local/lib/python3.8/site-packages/airflow/example_dags/example_time_delta_sensor_async.py
[2024-04-01T07:08:40.894+0000] {processor.py:840} INFO - DAG(s) 'example_time_delta_sensor_async' retrieved from /home/airflow/.local/lib/python3.8/site-packages/airflow/example_dags/example_time_delta_sensor_async.py
[2024-04-01T07:08:40.904+0000] {logging_mixin.py:188} INFO - [2024-04-01T07:08:40.904+0000] {dag.py:3047} INFO - Sync 1 DAGs
[2024-04-01T07:08:40.911+0000] {logging_mixin.py:188} INFO - [2024-04-01T07:08:40.911+0000] {dag.py:3834} INFO - Setting next_dagrun for example_time_delta_sensor_async to None, run_after=None
[2024-04-01T07:08:40.920+0000] {processor.py:183} INFO - Processing /home/airflow/.local/lib/python3.8/site-packages/airflow/example_dags/example_time_delta_sensor_async.py took 0.032 seconds
[2024-04-01T07:09:11.055+0000] {processor.py:161} INFO - Started process (PID=875) to work on /home/airflow/.local/lib/python3.8/site-packages/airflow/example_dags/example_time_delta_sensor_async.py
[2024-04-01T07:09:11.055+0000] {processor.py:830} INFO - Processing file /home/airflow/.local/lib/python3.8/site-packages/airflow/example_dags/example_time_delta_sensor_async.py for tasks to queue
[2024-04-01T07:09:11.057+0000] {logging_mixin.py:188} INFO - [2024-04-01T07:09:11.057+0000] {dagbag.py:540} INFO - Filling up the DagBag from /home/airflow/.local/lib/python3.8/site-packages/airflow/example_dags/example_time_delta_sensor_async.py
[2024-04-01T07:09:11.060+0000] {processor.py:840} INFO - DAG(s) 'example_time_delta_sensor_async' retrieved from /home/airflow/.local/lib/python3.8/site-packages/airflow/example_dags/example_time_delta_sensor_async.py
[2024-04-01T07:09:11.075+0000] {logging_mixin.py:188} INFO - [2024-04-01T07:09:11.074+0000] {dag.py:3047} INFO - Sync 1 DAGs
[2024-04-01T07:09:11.082+0000] {logging_mixin.py:188} INFO - [2024-04-01T07:09:11.082+0000] {dag.py:3834} INFO - Setting next_dagrun for example_time_delta_sensor_async to None, run_after=None
[2024-04-01T07:09:11.094+0000] {processor.py:183} INFO - Processing /home/airflow/.local/lib/python3.8/site-packages/airflow/example_dags/example_time_delta_sensor_async.py took 0.041 seconds
[2024-04-01T07:09:41.113+0000] {processor.py:161} INFO - Started process (PID=930) to work on /home/airflow/.local/lib/python3.8/site-packages/airflow/example_dags/example_time_delta_sensor_async.py
[2024-04-01T07:09:41.114+0000] {processor.py:830} INFO - Processing file /home/airflow/.local/lib/python3.8/site-packages/airflow/example_dags/example_time_delta_sensor_async.py for tasks to queue
[2024-04-01T07:09:41.115+0000] {logging_mixin.py:188} INFO - [2024-04-01T07:09:41.115+0000] {dagbag.py:540} INFO - Filling up the DagBag from /home/airflow/.local/lib/python3.8/site-packages/airflow/example_dags/example_time_delta_sensor_async.py
[2024-04-01T07:09:41.117+0000] {processor.py:840} INFO - DAG(s) 'example_time_delta_sensor_async' retrieved from /home/airflow/.local/lib/python3.8/site-packages/airflow/example_dags/example_time_delta_sensor_async.py
[2024-04-01T07:09:41.129+0000] {logging_mixin.py:188} INFO - [2024-04-01T07:09:41.129+0000] {dag.py:3047} INFO - Sync 1 DAGs
[2024-04-01T07:09:41.136+0000] {logging_mixin.py:188} INFO - [2024-04-01T07:09:41.136+0000] {dag.py:3834} INFO - Setting next_dagrun for example_time_delta_sensor_async to None, run_after=None
[2024-04-01T07:09:41.144+0000] {processor.py:183} INFO - Processing /home/airflow/.local/lib/python3.8/site-packages/airflow/example_dags/example_time_delta_sensor_async.py took 0.033 seconds
[2024-04-01T07:10:11.881+0000] {processor.py:161} INFO - Started process (PID=985) to work on /home/airflow/.local/lib/python3.8/site-packages/airflow/example_dags/example_time_delta_sensor_async.py
[2024-04-01T07:10:11.881+0000] {processor.py:830} INFO - Processing file /home/airflow/.local/lib/python3.8/site-packages/airflow/example_dags/example_time_delta_sensor_async.py for tasks to queue
[2024-04-01T07:10:11.882+0000] {logging_mixin.py:188} INFO - [2024-04-01T07:10:11.882+0000] {dagbag.py:540} INFO - Filling up the DagBag from /home/airflow/.local/lib/python3.8/site-packages/airflow/example_dags/example_time_delta_sensor_async.py
[2024-04-01T07:10:11.886+0000] {processor.py:840} INFO - DAG(s) 'example_time_delta_sensor_async' retrieved from /home/airflow/.local/lib/python3.8/site-packages/airflow/example_dags/example_time_delta_sensor_async.py
[2024-04-01T07:10:11.899+0000] {logging_mixin.py:188} INFO - [2024-04-01T07:10:11.899+0000] {dag.py:3047} INFO - Sync 1 DAGs
[2024-04-01T07:10:11.907+0000] {logging_mixin.py:188} INFO - [2024-04-01T07:10:11.907+0000] {dag.py:3834} INFO - Setting next_dagrun for example_time_delta_sensor_async to None, run_after=None
[2024-04-01T07:10:11.919+0000] {processor.py:183} INFO - Processing /home/airflow/.local/lib/python3.8/site-packages/airflow/example_dags/example_time_delta_sensor_async.py took 0.040 seconds
[2024-04-01T07:10:42.026+0000] {processor.py:161} INFO - Started process (PID=1040) to work on /home/airflow/.local/lib/python3.8/site-packages/airflow/example_dags/example_time_delta_sensor_async.py
[2024-04-01T07:10:42.028+0000] {processor.py:830} INFO - Processing file /home/airflow/.local/lib/python3.8/site-packages/airflow/example_dags/example_time_delta_sensor_async.py for tasks to queue
[2024-04-01T07:10:42.029+0000] {logging_mixin.py:188} INFO - [2024-04-01T07:10:42.029+0000] {dagbag.py:540} INFO - Filling up the DagBag from /home/airflow/.local/lib/python3.8/site-packages/airflow/example_dags/example_time_delta_sensor_async.py
[2024-04-01T07:10:42.033+0000] {processor.py:840} INFO - DAG(s) 'example_time_delta_sensor_async' retrieved from /home/airflow/.local/lib/python3.8/site-packages/airflow/example_dags/example_time_delta_sensor_async.py
[2024-04-01T07:10:42.048+0000] {logging_mixin.py:188} INFO - [2024-04-01T07:10:42.048+0000] {dag.py:3047} INFO - Sync 1 DAGs
[2024-04-01T07:10:42.056+0000] {logging_mixin.py:188} INFO - [2024-04-01T07:10:42.056+0000] {dag.py:3834} INFO - Setting next_dagrun for example_time_delta_sensor_async to None, run_after=None
[2024-04-01T07:10:42.066+0000] {processor.py:183} INFO - Processing /home/airflow/.local/lib/python3.8/site-packages/airflow/example_dags/example_time_delta_sensor_async.py took 0.043 seconds
[2024-04-01T07:11:12.111+0000] {processor.py:161} INFO - Started process (PID=1102) to work on /home/airflow/.local/lib/python3.8/site-packages/airflow/example_dags/example_time_delta_sensor_async.py
[2024-04-01T07:11:12.111+0000] {processor.py:830} INFO - Processing file /home/airflow/.local/lib/python3.8/site-packages/airflow/example_dags/example_time_delta_sensor_async.py for tasks to queue
[2024-04-01T07:11:12.113+0000] {logging_mixin.py:188} INFO - [2024-04-01T07:11:12.112+0000] {dagbag.py:540} INFO - Filling up the DagBag from /home/airflow/.local/lib/python3.8/site-packages/airflow/example_dags/example_time_delta_sensor_async.py
[2024-04-01T07:11:12.116+0000] {processor.py:840} INFO - DAG(s) 'example_time_delta_sensor_async' retrieved from /home/airflow/.local/lib/python3.8/site-packages/airflow/example_dags/example_time_delta_sensor_async.py
[2024-04-01T07:11:12.130+0000] {logging_mixin.py:188} INFO - [2024-04-01T07:11:12.129+0000] {dag.py:3047} INFO - Sync 1 DAGs
[2024-04-01T07:11:12.137+0000] {logging_mixin.py:188} INFO - [2024-04-01T07:11:12.136+0000] {dag.py:3834} INFO - Setting next_dagrun for example_time_delta_sensor_async to None, run_after=None
[2024-04-01T07:11:12.146+0000] {processor.py:183} INFO - Processing /home/airflow/.local/lib/python3.8/site-packages/airflow/example_dags/example_time_delta_sensor_async.py took 0.037 seconds
[2024-04-01T07:11:42.273+0000] {processor.py:161} INFO - Started process (PID=1157) to work on /home/airflow/.local/lib/python3.8/site-packages/airflow/example_dags/example_time_delta_sensor_async.py
[2024-04-01T07:11:42.274+0000] {processor.py:830} INFO - Processing file /home/airflow/.local/lib/python3.8/site-packages/airflow/example_dags/example_time_delta_sensor_async.py for tasks to queue
[2024-04-01T07:11:42.276+0000] {logging_mixin.py:188} INFO - [2024-04-01T07:11:42.276+0000] {dagbag.py:540} INFO - Filling up the DagBag from /home/airflow/.local/lib/python3.8/site-packages/airflow/example_dags/example_time_delta_sensor_async.py
[2024-04-01T07:11:42.279+0000] {processor.py:840} INFO - DAG(s) 'example_time_delta_sensor_async' retrieved from /home/airflow/.local/lib/python3.8/site-packages/airflow/example_dags/example_time_delta_sensor_async.py
[2024-04-01T07:11:42.293+0000] {logging_mixin.py:188} INFO - [2024-04-01T07:11:42.293+0000] {dag.py:3047} INFO - Sync 1 DAGs
[2024-04-01T07:11:42.300+0000] {logging_mixin.py:188} INFO - [2024-04-01T07:11:42.300+0000] {dag.py:3834} INFO - Setting next_dagrun for example_time_delta_sensor_async to None, run_after=None
[2024-04-01T07:11:42.310+0000] {processor.py:183} INFO - Processing /home/airflow/.local/lib/python3.8/site-packages/airflow/example_dags/example_time_delta_sensor_async.py took 0.039 seconds
[2024-04-01T07:12:12.481+0000] {processor.py:161} INFO - Started process (PID=1212) to work on /home/airflow/.local/lib/python3.8/site-packages/airflow/example_dags/example_time_delta_sensor_async.py
[2024-04-01T07:12:12.481+0000] {processor.py:830} INFO - Processing file /home/airflow/.local/lib/python3.8/site-packages/airflow/example_dags/example_time_delta_sensor_async.py for tasks to queue
[2024-04-01T07:12:12.483+0000] {logging_mixin.py:188} INFO - [2024-04-01T07:12:12.482+0000] {dagbag.py:540} INFO - Filling up the DagBag from /home/airflow/.local/lib/python3.8/site-packages/airflow/example_dags/example_time_delta_sensor_async.py
[2024-04-01T07:12:12.486+0000] {processor.py:840} INFO - DAG(s) 'example_time_delta_sensor_async' retrieved from /home/airflow/.local/lib/python3.8/site-packages/airflow/example_dags/example_time_delta_sensor_async.py
[2024-04-01T07:12:12.500+0000] {logging_mixin.py:188} INFO - [2024-04-01T07:12:12.500+0000] {dag.py:3047} INFO - Sync 1 DAGs
[2024-04-01T07:12:12.507+0000] {logging_mixin.py:188} INFO - [2024-04-01T07:12:12.507+0000] {dag.py:3834} INFO - Setting next_dagrun for example_time_delta_sensor_async to None, run_after=None
[2024-04-01T07:12:12.516+0000] {processor.py:183} INFO - Processing /home/airflow/.local/lib/python3.8/site-packages/airflow/example_dags/example_time_delta_sensor_async.py took 0.037 seconds
