[2024-04-01T06:47:25.859+0000] {processor.py:161} INFO - Started process (PID=39) to work on /home/airflow/.local/lib/python3.8/site-packages/airflow/example_dags/example_latest_only_with_trigger.py
[2024-04-01T06:47:25.860+0000] {processor.py:830} INFO - Processing file /home/airflow/.local/lib/python3.8/site-packages/airflow/example_dags/example_latest_only_with_trigger.py for tasks to queue
[2024-04-01T06:47:25.861+0000] {logging_mixin.py:188} INFO - [2024-04-01T06:47:25.861+0000] {dagbag.py:540} INFO - Filling up the DagBag from /home/airflow/.local/lib/python3.8/site-packages/airflow/example_dags/example_latest_only_with_trigger.py
[2024-04-01T06:47:25.874+0000] {processor.py:840} INFO - DAG(s) 'latest_only_with_trigger' retrieved from /home/airflow/.local/lib/python3.8/site-packages/airflow/example_dags/example_latest_only_with_trigger.py
[2024-04-01T06:47:25.892+0000] {logging_mixin.py:188} INFO - [2024-04-01T06:47:25.892+0000] {dag.py:3047} INFO - Sync 1 DAGs
[2024-04-01T06:47:25.908+0000] {logging_mixin.py:188} INFO - [2024-04-01T06:47:25.907+0000] {dag.py:3834} INFO - Setting next_dagrun for latest_only_with_trigger to 2024-04-01 00:00:00+00:00, run_after=2024-04-01 04:00:00+00:00
[2024-04-01T06:47:25.918+0000] {processor.py:183} INFO - Processing /home/airflow/.local/lib/python3.8/site-packages/airflow/example_dags/example_latest_only_with_trigger.py took 0.063 seconds
[2024-04-01T06:47:56.506+0000] {processor.py:161} INFO - Started process (PID=94) to work on /home/airflow/.local/lib/python3.8/site-packages/airflow/example_dags/example_latest_only_with_trigger.py
[2024-04-01T06:47:56.508+0000] {processor.py:830} INFO - Processing file /home/airflow/.local/lib/python3.8/site-packages/airflow/example_dags/example_latest_only_with_trigger.py for tasks to queue
[2024-04-01T06:47:56.511+0000] {logging_mixin.py:188} INFO - [2024-04-01T06:47:56.510+0000] {dagbag.py:540} INFO - Filling up the DagBag from /home/airflow/.local/lib/python3.8/site-packages/airflow/example_dags/example_latest_only_with_trigger.py
[2024-04-01T06:47:56.520+0000] {processor.py:840} INFO - DAG(s) 'latest_only_with_trigger' retrieved from /home/airflow/.local/lib/python3.8/site-packages/airflow/example_dags/example_latest_only_with_trigger.py
[2024-04-01T06:47:56.625+0000] {logging_mixin.py:188} INFO - [2024-04-01T06:47:56.625+0000] {dag.py:3047} INFO - Sync 1 DAGs
[2024-04-01T06:47:56.637+0000] {logging_mixin.py:188} INFO - [2024-04-01T06:47:56.637+0000] {dag.py:3834} INFO - Setting next_dagrun for latest_only_with_trigger to 2024-04-01 00:00:00+00:00, run_after=2024-04-01 04:00:00+00:00
[2024-04-01T06:47:56.647+0000] {processor.py:183} INFO - Processing /home/airflow/.local/lib/python3.8/site-packages/airflow/example_dags/example_latest_only_with_trigger.py took 0.145 seconds
[2024-04-01T06:48:27.314+0000] {processor.py:161} INFO - Started process (PID=149) to work on /home/airflow/.local/lib/python3.8/site-packages/airflow/example_dags/example_latest_only_with_trigger.py
[2024-04-01T06:48:27.315+0000] {processor.py:830} INFO - Processing file /home/airflow/.local/lib/python3.8/site-packages/airflow/example_dags/example_latest_only_with_trigger.py for tasks to queue
[2024-04-01T06:48:27.318+0000] {logging_mixin.py:188} INFO - [2024-04-01T06:48:27.318+0000] {dagbag.py:540} INFO - Filling up the DagBag from /home/airflow/.local/lib/python3.8/site-packages/airflow/example_dags/example_latest_only_with_trigger.py
[2024-04-01T06:48:27.326+0000] {processor.py:840} INFO - DAG(s) 'latest_only_with_trigger' retrieved from /home/airflow/.local/lib/python3.8/site-packages/airflow/example_dags/example_latest_only_with_trigger.py
[2024-04-01T06:48:27.342+0000] {logging_mixin.py:188} INFO - [2024-04-01T06:48:27.342+0000] {dag.py:3047} INFO - Sync 1 DAGs
[2024-04-01T06:48:27.355+0000] {logging_mixin.py:188} INFO - [2024-04-01T06:48:27.354+0000] {dag.py:3834} INFO - Setting next_dagrun for latest_only_with_trigger to 2024-04-01 00:00:00+00:00, run_after=2024-04-01 04:00:00+00:00
[2024-04-01T06:48:27.365+0000] {processor.py:183} INFO - Processing /home/airflow/.local/lib/python3.8/site-packages/airflow/example_dags/example_latest_only_with_trigger.py took 0.056 seconds
[2024-04-01T06:48:58.244+0000] {processor.py:161} INFO - Started process (PID=204) to work on /home/airflow/.local/lib/python3.8/site-packages/airflow/example_dags/example_latest_only_with_trigger.py
[2024-04-01T06:48:58.246+0000] {processor.py:830} INFO - Processing file /home/airflow/.local/lib/python3.8/site-packages/airflow/example_dags/example_latest_only_with_trigger.py for tasks to queue
[2024-04-01T06:48:58.249+0000] {logging_mixin.py:188} INFO - [2024-04-01T06:48:58.248+0000] {dagbag.py:540} INFO - Filling up the DagBag from /home/airflow/.local/lib/python3.8/site-packages/airflow/example_dags/example_latest_only_with_trigger.py
[2024-04-01T06:48:58.255+0000] {processor.py:840} INFO - DAG(s) 'latest_only_with_trigger' retrieved from /home/airflow/.local/lib/python3.8/site-packages/airflow/example_dags/example_latest_only_with_trigger.py
[2024-04-01T06:48:58.273+0000] {logging_mixin.py:188} INFO - [2024-04-01T06:48:58.273+0000] {dag.py:3047} INFO - Sync 1 DAGs
[2024-04-01T06:48:58.285+0000] {logging_mixin.py:188} INFO - [2024-04-01T06:48:58.284+0000] {dag.py:3834} INFO - Setting next_dagrun for latest_only_with_trigger to 2024-04-01 00:00:00+00:00, run_after=2024-04-01 04:00:00+00:00
[2024-04-01T06:48:58.294+0000] {processor.py:183} INFO - Processing /home/airflow/.local/lib/python3.8/site-packages/airflow/example_dags/example_latest_only_with_trigger.py took 0.055 seconds
[2024-04-01T06:49:28.870+0000] {processor.py:161} INFO - Started process (PID=259) to work on /home/airflow/.local/lib/python3.8/site-packages/airflow/example_dags/example_latest_only_with_trigger.py
[2024-04-01T06:49:28.872+0000] {processor.py:830} INFO - Processing file /home/airflow/.local/lib/python3.8/site-packages/airflow/example_dags/example_latest_only_with_trigger.py for tasks to queue
[2024-04-01T06:49:28.875+0000] {logging_mixin.py:188} INFO - [2024-04-01T06:49:28.875+0000] {dagbag.py:540} INFO - Filling up the DagBag from /home/airflow/.local/lib/python3.8/site-packages/airflow/example_dags/example_latest_only_with_trigger.py
[2024-04-01T06:49:28.882+0000] {processor.py:840} INFO - DAG(s) 'latest_only_with_trigger' retrieved from /home/airflow/.local/lib/python3.8/site-packages/airflow/example_dags/example_latest_only_with_trigger.py
[2024-04-01T06:49:28.902+0000] {logging_mixin.py:188} INFO - [2024-04-01T06:49:28.902+0000] {dag.py:3047} INFO - Sync 1 DAGs
[2024-04-01T06:49:28.914+0000] {logging_mixin.py:188} INFO - [2024-04-01T06:49:28.914+0000] {dag.py:3834} INFO - Setting next_dagrun for latest_only_with_trigger to 2024-04-01 00:00:00+00:00, run_after=2024-04-01 04:00:00+00:00
[2024-04-01T06:49:28.924+0000] {processor.py:183} INFO - Processing /home/airflow/.local/lib/python3.8/site-packages/airflow/example_dags/example_latest_only_with_trigger.py took 0.058 seconds
[2024-04-01T06:49:59.633+0000] {processor.py:161} INFO - Started process (PID=314) to work on /home/airflow/.local/lib/python3.8/site-packages/airflow/example_dags/example_latest_only_with_trigger.py
[2024-04-01T06:49:59.635+0000] {processor.py:830} INFO - Processing file /home/airflow/.local/lib/python3.8/site-packages/airflow/example_dags/example_latest_only_with_trigger.py for tasks to queue
[2024-04-01T06:49:59.639+0000] {logging_mixin.py:188} INFO - [2024-04-01T06:49:59.638+0000] {dagbag.py:540} INFO - Filling up the DagBag from /home/airflow/.local/lib/python3.8/site-packages/airflow/example_dags/example_latest_only_with_trigger.py
[2024-04-01T06:49:59.649+0000] {processor.py:840} INFO - DAG(s) 'latest_only_with_trigger' retrieved from /home/airflow/.local/lib/python3.8/site-packages/airflow/example_dags/example_latest_only_with_trigger.py
[2024-04-01T06:49:59.667+0000] {logging_mixin.py:188} INFO - [2024-04-01T06:49:59.667+0000] {dag.py:3047} INFO - Sync 1 DAGs
[2024-04-01T06:49:59.681+0000] {logging_mixin.py:188} INFO - [2024-04-01T06:49:59.681+0000] {dag.py:3834} INFO - Setting next_dagrun for latest_only_with_trigger to 2024-04-01 00:00:00+00:00, run_after=2024-04-01 04:00:00+00:00
[2024-04-01T06:49:59.691+0000] {processor.py:183} INFO - Processing /home/airflow/.local/lib/python3.8/site-packages/airflow/example_dags/example_latest_only_with_trigger.py took 0.064 seconds
[2024-04-01T06:50:29.718+0000] {processor.py:161} INFO - Started process (PID=369) to work on /home/airflow/.local/lib/python3.8/site-packages/airflow/example_dags/example_latest_only_with_trigger.py
[2024-04-01T06:50:29.719+0000] {processor.py:830} INFO - Processing file /home/airflow/.local/lib/python3.8/site-packages/airflow/example_dags/example_latest_only_with_trigger.py for tasks to queue
[2024-04-01T06:50:29.721+0000] {logging_mixin.py:188} INFO - [2024-04-01T06:50:29.721+0000] {dagbag.py:540} INFO - Filling up the DagBag from /home/airflow/.local/lib/python3.8/site-packages/airflow/example_dags/example_latest_only_with_trigger.py
[2024-04-01T06:50:29.727+0000] {processor.py:840} INFO - DAG(s) 'latest_only_with_trigger' retrieved from /home/airflow/.local/lib/python3.8/site-packages/airflow/example_dags/example_latest_only_with_trigger.py
[2024-04-01T06:50:29.742+0000] {logging_mixin.py:188} INFO - [2024-04-01T06:50:29.742+0000] {dag.py:3047} INFO - Sync 1 DAGs
[2024-04-01T06:50:29.753+0000] {logging_mixin.py:188} INFO - [2024-04-01T06:50:29.753+0000] {dag.py:3834} INFO - Setting next_dagrun for latest_only_with_trigger to 2024-04-01 00:00:00+00:00, run_after=2024-04-01 04:00:00+00:00
[2024-04-01T06:50:29.762+0000] {processor.py:183} INFO - Processing /home/airflow/.local/lib/python3.8/site-packages/airflow/example_dags/example_latest_only_with_trigger.py took 0.048 seconds
[2024-04-01T06:51:00.535+0000] {processor.py:161} INFO - Started process (PID=424) to work on /home/airflow/.local/lib/python3.8/site-packages/airflow/example_dags/example_latest_only_with_trigger.py
[2024-04-01T06:51:00.536+0000] {processor.py:830} INFO - Processing file /home/airflow/.local/lib/python3.8/site-packages/airflow/example_dags/example_latest_only_with_trigger.py for tasks to queue
[2024-04-01T06:51:00.541+0000] {logging_mixin.py:188} INFO - [2024-04-01T06:51:00.540+0000] {dagbag.py:540} INFO - Filling up the DagBag from /home/airflow/.local/lib/python3.8/site-packages/airflow/example_dags/example_latest_only_with_trigger.py
[2024-04-01T06:51:00.547+0000] {processor.py:840} INFO - DAG(s) 'latest_only_with_trigger' retrieved from /home/airflow/.local/lib/python3.8/site-packages/airflow/example_dags/example_latest_only_with_trigger.py
[2024-04-01T06:51:00.562+0000] {logging_mixin.py:188} INFO - [2024-04-01T06:51:00.562+0000] {dag.py:3047} INFO - Sync 1 DAGs
[2024-04-01T06:51:00.574+0000] {logging_mixin.py:188} INFO - [2024-04-01T06:51:00.574+0000] {dag.py:3834} INFO - Setting next_dagrun for latest_only_with_trigger to 2024-04-01 00:00:00+00:00, run_after=2024-04-01 04:00:00+00:00
[2024-04-01T06:51:00.583+0000] {processor.py:183} INFO - Processing /home/airflow/.local/lib/python3.8/site-packages/airflow/example_dags/example_latest_only_with_trigger.py took 0.052 seconds
[2024-04-01T06:51:31.222+0000] {processor.py:161} INFO - Started process (PID=479) to work on /home/airflow/.local/lib/python3.8/site-packages/airflow/example_dags/example_latest_only_with_trigger.py
[2024-04-01T06:51:31.223+0000] {processor.py:830} INFO - Processing file /home/airflow/.local/lib/python3.8/site-packages/airflow/example_dags/example_latest_only_with_trigger.py for tasks to queue
[2024-04-01T06:51:31.225+0000] {logging_mixin.py:188} INFO - [2024-04-01T06:51:31.225+0000] {dagbag.py:540} INFO - Filling up the DagBag from /home/airflow/.local/lib/python3.8/site-packages/airflow/example_dags/example_latest_only_with_trigger.py
[2024-04-01T06:51:31.230+0000] {processor.py:840} INFO - DAG(s) 'latest_only_with_trigger' retrieved from /home/airflow/.local/lib/python3.8/site-packages/airflow/example_dags/example_latest_only_with_trigger.py
[2024-04-01T06:51:31.244+0000] {logging_mixin.py:188} INFO - [2024-04-01T06:51:31.243+0000] {dag.py:3047} INFO - Sync 1 DAGs
[2024-04-01T06:51:31.255+0000] {logging_mixin.py:188} INFO - [2024-04-01T06:51:31.255+0000] {dag.py:3834} INFO - Setting next_dagrun for latest_only_with_trigger to 2024-04-01 00:00:00+00:00, run_after=2024-04-01 04:00:00+00:00
[2024-04-01T06:51:31.264+0000] {processor.py:183} INFO - Processing /home/airflow/.local/lib/python3.8/site-packages/airflow/example_dags/example_latest_only_with_trigger.py took 0.047 seconds
[2024-04-01T06:52:01.989+0000] {processor.py:161} INFO - Started process (PID=534) to work on /home/airflow/.local/lib/python3.8/site-packages/airflow/example_dags/example_latest_only_with_trigger.py
[2024-04-01T06:52:01.990+0000] {processor.py:830} INFO - Processing file /home/airflow/.local/lib/python3.8/site-packages/airflow/example_dags/example_latest_only_with_trigger.py for tasks to queue
[2024-04-01T06:52:01.992+0000] {logging_mixin.py:188} INFO - [2024-04-01T06:52:01.992+0000] {dagbag.py:540} INFO - Filling up the DagBag from /home/airflow/.local/lib/python3.8/site-packages/airflow/example_dags/example_latest_only_with_trigger.py
[2024-04-01T06:52:02.000+0000] {processor.py:840} INFO - DAG(s) 'latest_only_with_trigger' retrieved from /home/airflow/.local/lib/python3.8/site-packages/airflow/example_dags/example_latest_only_with_trigger.py
[2024-04-01T06:52:02.018+0000] {logging_mixin.py:188} INFO - [2024-04-01T06:52:02.018+0000] {dag.py:3047} INFO - Sync 1 DAGs
[2024-04-01T06:52:02.031+0000] {logging_mixin.py:188} INFO - [2024-04-01T06:52:02.031+0000] {dag.py:3834} INFO - Setting next_dagrun for latest_only_with_trigger to 2024-04-01 00:00:00+00:00, run_after=2024-04-01 04:00:00+00:00
[2024-04-01T06:52:02.043+0000] {processor.py:183} INFO - Processing /home/airflow/.local/lib/python3.8/site-packages/airflow/example_dags/example_latest_only_with_trigger.py took 0.057 seconds
[2024-04-01T06:52:32.806+0000] {processor.py:161} INFO - Started process (PID=589) to work on /home/airflow/.local/lib/python3.8/site-packages/airflow/example_dags/example_latest_only_with_trigger.py
[2024-04-01T06:52:32.808+0000] {processor.py:830} INFO - Processing file /home/airflow/.local/lib/python3.8/site-packages/airflow/example_dags/example_latest_only_with_trigger.py for tasks to queue
[2024-04-01T06:52:32.811+0000] {logging_mixin.py:188} INFO - [2024-04-01T06:52:32.810+0000] {dagbag.py:540} INFO - Filling up the DagBag from /home/airflow/.local/lib/python3.8/site-packages/airflow/example_dags/example_latest_only_with_trigger.py
[2024-04-01T06:52:32.817+0000] {processor.py:840} INFO - DAG(s) 'latest_only_with_trigger' retrieved from /home/airflow/.local/lib/python3.8/site-packages/airflow/example_dags/example_latest_only_with_trigger.py
[2024-04-01T06:52:32.835+0000] {logging_mixin.py:188} INFO - [2024-04-01T06:52:32.834+0000] {dag.py:3047} INFO - Sync 1 DAGs
[2024-04-01T06:52:32.849+0000] {logging_mixin.py:188} INFO - [2024-04-01T06:52:32.849+0000] {dag.py:3834} INFO - Setting next_dagrun for latest_only_with_trigger to 2024-04-01 00:00:00+00:00, run_after=2024-04-01 04:00:00+00:00
[2024-04-01T06:52:32.860+0000] {processor.py:183} INFO - Processing /home/airflow/.local/lib/python3.8/site-packages/airflow/example_dags/example_latest_only_with_trigger.py took 0.059 seconds
[2024-04-01T06:53:02.920+0000] {processor.py:161} INFO - Started process (PID=644) to work on /home/airflow/.local/lib/python3.8/site-packages/airflow/example_dags/example_latest_only_with_trigger.py
[2024-04-01T06:53:02.921+0000] {processor.py:830} INFO - Processing file /home/airflow/.local/lib/python3.8/site-packages/airflow/example_dags/example_latest_only_with_trigger.py for tasks to queue
[2024-04-01T06:53:02.922+0000] {logging_mixin.py:188} INFO - [2024-04-01T06:53:02.922+0000] {dagbag.py:540} INFO - Filling up the DagBag from /home/airflow/.local/lib/python3.8/site-packages/airflow/example_dags/example_latest_only_with_trigger.py
[2024-04-01T06:53:02.928+0000] {processor.py:840} INFO - DAG(s) 'latest_only_with_trigger' retrieved from /home/airflow/.local/lib/python3.8/site-packages/airflow/example_dags/example_latest_only_with_trigger.py
[2024-04-01T06:53:02.948+0000] {logging_mixin.py:188} INFO - [2024-04-01T06:53:02.948+0000] {dag.py:3047} INFO - Sync 1 DAGs
[2024-04-01T06:53:02.965+0000] {logging_mixin.py:188} INFO - [2024-04-01T06:53:02.965+0000] {dag.py:3834} INFO - Setting next_dagrun for latest_only_with_trigger to 2024-04-01 00:00:00+00:00, run_after=2024-04-01 04:00:00+00:00
[2024-04-01T06:53:02.978+0000] {processor.py:183} INFO - Processing /home/airflow/.local/lib/python3.8/site-packages/airflow/example_dags/example_latest_only_with_trigger.py took 0.061 seconds
[2024-04-01T06:53:33.117+0000] {processor.py:161} INFO - Started process (PID=699) to work on /home/airflow/.local/lib/python3.8/site-packages/airflow/example_dags/example_latest_only_with_trigger.py
[2024-04-01T06:53:33.118+0000] {processor.py:830} INFO - Processing file /home/airflow/.local/lib/python3.8/site-packages/airflow/example_dags/example_latest_only_with_trigger.py for tasks to queue
[2024-04-01T06:53:33.120+0000] {logging_mixin.py:188} INFO - [2024-04-01T06:53:33.119+0000] {dagbag.py:540} INFO - Filling up the DagBag from /home/airflow/.local/lib/python3.8/site-packages/airflow/example_dags/example_latest_only_with_trigger.py
[2024-04-01T06:53:33.126+0000] {processor.py:840} INFO - DAG(s) 'latest_only_with_trigger' retrieved from /home/airflow/.local/lib/python3.8/site-packages/airflow/example_dags/example_latest_only_with_trigger.py
[2024-04-01T06:53:33.145+0000] {logging_mixin.py:188} INFO - [2024-04-01T06:53:33.144+0000] {dag.py:3047} INFO - Sync 1 DAGs
[2024-04-01T06:53:33.162+0000] {logging_mixin.py:188} INFO - [2024-04-01T06:53:33.162+0000] {dag.py:3834} INFO - Setting next_dagrun for latest_only_with_trigger to 2024-04-01 00:00:00+00:00, run_after=2024-04-01 04:00:00+00:00
[2024-04-01T06:53:33.174+0000] {processor.py:183} INFO - Processing /home/airflow/.local/lib/python3.8/site-packages/airflow/example_dags/example_latest_only_with_trigger.py took 0.061 seconds
[2024-04-01T06:54:03.220+0000] {processor.py:161} INFO - Started process (PID=754) to work on /home/airflow/.local/lib/python3.8/site-packages/airflow/example_dags/example_latest_only_with_trigger.py
[2024-04-01T06:54:03.222+0000] {processor.py:830} INFO - Processing file /home/airflow/.local/lib/python3.8/site-packages/airflow/example_dags/example_latest_only_with_trigger.py for tasks to queue
[2024-04-01T06:54:03.225+0000] {logging_mixin.py:188} INFO - [2024-04-01T06:54:03.224+0000] {dagbag.py:540} INFO - Filling up the DagBag from /home/airflow/.local/lib/python3.8/site-packages/airflow/example_dags/example_latest_only_with_trigger.py
[2024-04-01T06:54:03.231+0000] {processor.py:840} INFO - DAG(s) 'latest_only_with_trigger' retrieved from /home/airflow/.local/lib/python3.8/site-packages/airflow/example_dags/example_latest_only_with_trigger.py
[2024-04-01T06:54:03.247+0000] {logging_mixin.py:188} INFO - [2024-04-01T06:54:03.247+0000] {dag.py:3047} INFO - Sync 1 DAGs
[2024-04-01T06:54:03.260+0000] {logging_mixin.py:188} INFO - [2024-04-01T06:54:03.259+0000] {dag.py:3834} INFO - Setting next_dagrun for latest_only_with_trigger to 2024-04-01 00:00:00+00:00, run_after=2024-04-01 04:00:00+00:00
[2024-04-01T06:54:03.269+0000] {processor.py:183} INFO - Processing /home/airflow/.local/lib/python3.8/site-packages/airflow/example_dags/example_latest_only_with_trigger.py took 0.054 seconds
[2024-04-01T06:54:33.875+0000] {processor.py:161} INFO - Started process (PID=809) to work on /home/airflow/.local/lib/python3.8/site-packages/airflow/example_dags/example_latest_only_with_trigger.py
[2024-04-01T06:54:33.877+0000] {processor.py:830} INFO - Processing file /home/airflow/.local/lib/python3.8/site-packages/airflow/example_dags/example_latest_only_with_trigger.py for tasks to queue
[2024-04-01T06:54:33.880+0000] {logging_mixin.py:188} INFO - [2024-04-01T06:54:33.879+0000] {dagbag.py:540} INFO - Filling up the DagBag from /home/airflow/.local/lib/python3.8/site-packages/airflow/example_dags/example_latest_only_with_trigger.py
[2024-04-01T06:54:33.887+0000] {processor.py:840} INFO - DAG(s) 'latest_only_with_trigger' retrieved from /home/airflow/.local/lib/python3.8/site-packages/airflow/example_dags/example_latest_only_with_trigger.py
[2024-04-01T06:54:33.904+0000] {logging_mixin.py:188} INFO - [2024-04-01T06:54:33.904+0000] {dag.py:3047} INFO - Sync 1 DAGs
[2024-04-01T06:54:33.915+0000] {logging_mixin.py:188} INFO - [2024-04-01T06:54:33.915+0000] {dag.py:3834} INFO - Setting next_dagrun for latest_only_with_trigger to 2024-04-01 00:00:00+00:00, run_after=2024-04-01 04:00:00+00:00
[2024-04-01T06:54:33.925+0000] {processor.py:183} INFO - Processing /home/airflow/.local/lib/python3.8/site-packages/airflow/example_dags/example_latest_only_with_trigger.py took 0.054 seconds
[2024-04-01T06:55:04.542+0000] {processor.py:161} INFO - Started process (PID=864) to work on /home/airflow/.local/lib/python3.8/site-packages/airflow/example_dags/example_latest_only_with_trigger.py
[2024-04-01T06:55:04.544+0000] {processor.py:830} INFO - Processing file /home/airflow/.local/lib/python3.8/site-packages/airflow/example_dags/example_latest_only_with_trigger.py for tasks to queue
[2024-04-01T06:55:04.546+0000] {logging_mixin.py:188} INFO - [2024-04-01T06:55:04.546+0000] {dagbag.py:540} INFO - Filling up the DagBag from /home/airflow/.local/lib/python3.8/site-packages/airflow/example_dags/example_latest_only_with_trigger.py
[2024-04-01T06:55:04.552+0000] {processor.py:840} INFO - DAG(s) 'latest_only_with_trigger' retrieved from /home/airflow/.local/lib/python3.8/site-packages/airflow/example_dags/example_latest_only_with_trigger.py
[2024-04-01T06:55:04.567+0000] {logging_mixin.py:188} INFO - [2024-04-01T06:55:04.567+0000] {dag.py:3047} INFO - Sync 1 DAGs
[2024-04-01T06:55:04.580+0000] {logging_mixin.py:188} INFO - [2024-04-01T06:55:04.580+0000] {dag.py:3834} INFO - Setting next_dagrun for latest_only_with_trigger to 2024-04-01 00:00:00+00:00, run_after=2024-04-01 04:00:00+00:00
[2024-04-01T06:55:04.591+0000] {processor.py:183} INFO - Processing /home/airflow/.local/lib/python3.8/site-packages/airflow/example_dags/example_latest_only_with_trigger.py took 0.054 seconds
[2024-04-01T06:55:35.324+0000] {processor.py:161} INFO - Started process (PID=919) to work on /home/airflow/.local/lib/python3.8/site-packages/airflow/example_dags/example_latest_only_with_trigger.py
[2024-04-01T06:55:35.325+0000] {processor.py:830} INFO - Processing file /home/airflow/.local/lib/python3.8/site-packages/airflow/example_dags/example_latest_only_with_trigger.py for tasks to queue
[2024-04-01T06:55:35.331+0000] {logging_mixin.py:188} INFO - [2024-04-01T06:55:35.331+0000] {dagbag.py:540} INFO - Filling up the DagBag from /home/airflow/.local/lib/python3.8/site-packages/airflow/example_dags/example_latest_only_with_trigger.py
[2024-04-01T06:55:35.337+0000] {processor.py:840} INFO - DAG(s) 'latest_only_with_trigger' retrieved from /home/airflow/.local/lib/python3.8/site-packages/airflow/example_dags/example_latest_only_with_trigger.py
[2024-04-01T06:55:35.353+0000] {logging_mixin.py:188} INFO - [2024-04-01T06:55:35.353+0000] {dag.py:3047} INFO - Sync 1 DAGs
[2024-04-01T06:55:35.364+0000] {logging_mixin.py:188} INFO - [2024-04-01T06:55:35.364+0000] {dag.py:3834} INFO - Setting next_dagrun for latest_only_with_trigger to 2024-04-01 00:00:00+00:00, run_after=2024-04-01 04:00:00+00:00
[2024-04-01T06:55:35.373+0000] {processor.py:183} INFO - Processing /home/airflow/.local/lib/python3.8/site-packages/airflow/example_dags/example_latest_only_with_trigger.py took 0.054 seconds
[2024-04-01T06:56:06.000+0000] {processor.py:161} INFO - Started process (PID=974) to work on /home/airflow/.local/lib/python3.8/site-packages/airflow/example_dags/example_latest_only_with_trigger.py
[2024-04-01T06:56:06.001+0000] {processor.py:830} INFO - Processing file /home/airflow/.local/lib/python3.8/site-packages/airflow/example_dags/example_latest_only_with_trigger.py for tasks to queue
[2024-04-01T06:56:06.003+0000] {logging_mixin.py:188} INFO - [2024-04-01T06:56:06.002+0000] {dagbag.py:540} INFO - Filling up the DagBag from /home/airflow/.local/lib/python3.8/site-packages/airflow/example_dags/example_latest_only_with_trigger.py
[2024-04-01T06:56:06.008+0000] {processor.py:840} INFO - DAG(s) 'latest_only_with_trigger' retrieved from /home/airflow/.local/lib/python3.8/site-packages/airflow/example_dags/example_latest_only_with_trigger.py
[2024-04-01T06:56:06.026+0000] {logging_mixin.py:188} INFO - [2024-04-01T06:56:06.026+0000] {dag.py:3047} INFO - Sync 1 DAGs
[2024-04-01T06:56:06.040+0000] {logging_mixin.py:188} INFO - [2024-04-01T06:56:06.040+0000] {dag.py:3834} INFO - Setting next_dagrun for latest_only_with_trigger to 2024-04-01 00:00:00+00:00, run_after=2024-04-01 04:00:00+00:00
[2024-04-01T06:56:06.051+0000] {processor.py:183} INFO - Processing /home/airflow/.local/lib/python3.8/site-packages/airflow/example_dags/example_latest_only_with_trigger.py took 0.055 seconds
[2024-04-01T06:56:36.730+0000] {processor.py:161} INFO - Started process (PID=1028) to work on /home/airflow/.local/lib/python3.8/site-packages/airflow/example_dags/example_latest_only_with_trigger.py
[2024-04-01T06:56:36.732+0000] {processor.py:830} INFO - Processing file /home/airflow/.local/lib/python3.8/site-packages/airflow/example_dags/example_latest_only_with_trigger.py for tasks to queue
[2024-04-01T06:56:36.735+0000] {logging_mixin.py:188} INFO - [2024-04-01T06:56:36.735+0000] {dagbag.py:540} INFO - Filling up the DagBag from /home/airflow/.local/lib/python3.8/site-packages/airflow/example_dags/example_latest_only_with_trigger.py
[2024-04-01T06:56:36.743+0000] {processor.py:840} INFO - DAG(s) 'latest_only_with_trigger' retrieved from /home/airflow/.local/lib/python3.8/site-packages/airflow/example_dags/example_latest_only_with_trigger.py
[2024-04-01T06:56:36.764+0000] {logging_mixin.py:188} INFO - [2024-04-01T06:56:36.763+0000] {dag.py:3047} INFO - Sync 1 DAGs
[2024-04-01T06:56:36.781+0000] {logging_mixin.py:188} INFO - [2024-04-01T06:56:36.781+0000] {dag.py:3834} INFO - Setting next_dagrun for latest_only_with_trigger to 2024-04-01 00:00:00+00:00, run_after=2024-04-01 04:00:00+00:00
[2024-04-01T06:56:36.794+0000] {processor.py:183} INFO - Processing /home/airflow/.local/lib/python3.8/site-packages/airflow/example_dags/example_latest_only_with_trigger.py took 0.071 seconds
[2024-04-01T06:57:06.901+0000] {processor.py:161} INFO - Started process (PID=1083) to work on /home/airflow/.local/lib/python3.8/site-packages/airflow/example_dags/example_latest_only_with_trigger.py
[2024-04-01T06:57:06.902+0000] {processor.py:830} INFO - Processing file /home/airflow/.local/lib/python3.8/site-packages/airflow/example_dags/example_latest_only_with_trigger.py for tasks to queue
[2024-04-01T06:57:06.905+0000] {logging_mixin.py:188} INFO - [2024-04-01T06:57:06.904+0000] {dagbag.py:540} INFO - Filling up the DagBag from /home/airflow/.local/lib/python3.8/site-packages/airflow/example_dags/example_latest_only_with_trigger.py
[2024-04-01T06:57:06.912+0000] {processor.py:840} INFO - DAG(s) 'latest_only_with_trigger' retrieved from /home/airflow/.local/lib/python3.8/site-packages/airflow/example_dags/example_latest_only_with_trigger.py
[2024-04-01T06:57:06.929+0000] {logging_mixin.py:188} INFO - [2024-04-01T06:57:06.928+0000] {dag.py:3047} INFO - Sync 1 DAGs
[2024-04-01T06:57:06.946+0000] {logging_mixin.py:188} INFO - [2024-04-01T06:57:06.946+0000] {dag.py:3834} INFO - Setting next_dagrun for latest_only_with_trigger to 2024-04-01 00:00:00+00:00, run_after=2024-04-01 04:00:00+00:00
[2024-04-01T06:57:06.957+0000] {processor.py:183} INFO - Processing /home/airflow/.local/lib/python3.8/site-packages/airflow/example_dags/example_latest_only_with_trigger.py took 0.062 seconds
[2024-04-01T06:57:37.709+0000] {processor.py:161} INFO - Started process (PID=1138) to work on /home/airflow/.local/lib/python3.8/site-packages/airflow/example_dags/example_latest_only_with_trigger.py
[2024-04-01T06:57:37.711+0000] {processor.py:830} INFO - Processing file /home/airflow/.local/lib/python3.8/site-packages/airflow/example_dags/example_latest_only_with_trigger.py for tasks to queue
[2024-04-01T06:57:37.713+0000] {logging_mixin.py:188} INFO - [2024-04-01T06:57:37.713+0000] {dagbag.py:540} INFO - Filling up the DagBag from /home/airflow/.local/lib/python3.8/site-packages/airflow/example_dags/example_latest_only_with_trigger.py
[2024-04-01T06:57:37.718+0000] {processor.py:840} INFO - DAG(s) 'latest_only_with_trigger' retrieved from /home/airflow/.local/lib/python3.8/site-packages/airflow/example_dags/example_latest_only_with_trigger.py
[2024-04-01T06:57:37.734+0000] {logging_mixin.py:188} INFO - [2024-04-01T06:57:37.733+0000] {dag.py:3047} INFO - Sync 1 DAGs
[2024-04-01T06:57:37.748+0000] {logging_mixin.py:188} INFO - [2024-04-01T06:57:37.748+0000] {dag.py:3834} INFO - Setting next_dagrun for latest_only_with_trigger to 2024-04-01 00:00:00+00:00, run_after=2024-04-01 04:00:00+00:00
[2024-04-01T06:57:37.759+0000] {processor.py:183} INFO - Processing /home/airflow/.local/lib/python3.8/site-packages/airflow/example_dags/example_latest_only_with_trigger.py took 0.054 seconds
[2024-04-01T06:58:08.383+0000] {processor.py:161} INFO - Started process (PID=1193) to work on /home/airflow/.local/lib/python3.8/site-packages/airflow/example_dags/example_latest_only_with_trigger.py
[2024-04-01T06:58:08.384+0000] {processor.py:830} INFO - Processing file /home/airflow/.local/lib/python3.8/site-packages/airflow/example_dags/example_latest_only_with_trigger.py for tasks to queue
[2024-04-01T06:58:08.388+0000] {logging_mixin.py:188} INFO - [2024-04-01T06:58:08.388+0000] {dagbag.py:540} INFO - Filling up the DagBag from /home/airflow/.local/lib/python3.8/site-packages/airflow/example_dags/example_latest_only_with_trigger.py
[2024-04-01T06:58:08.395+0000] {processor.py:840} INFO - DAG(s) 'latest_only_with_trigger' retrieved from /home/airflow/.local/lib/python3.8/site-packages/airflow/example_dags/example_latest_only_with_trigger.py
[2024-04-01T06:58:08.413+0000] {logging_mixin.py:188} INFO - [2024-04-01T06:58:08.413+0000] {dag.py:3047} INFO - Sync 1 DAGs
[2024-04-01T06:58:08.427+0000] {logging_mixin.py:188} INFO - [2024-04-01T06:58:08.427+0000] {dag.py:3834} INFO - Setting next_dagrun for latest_only_with_trigger to 2024-04-01 00:00:00+00:00, run_after=2024-04-01 04:00:00+00:00
[2024-04-01T06:58:08.436+0000] {processor.py:183} INFO - Processing /home/airflow/.local/lib/python3.8/site-packages/airflow/example_dags/example_latest_only_with_trigger.py took 0.058 seconds
[2024-04-01T06:58:38.543+0000] {processor.py:161} INFO - Started process (PID=1248) to work on /home/airflow/.local/lib/python3.8/site-packages/airflow/example_dags/example_latest_only_with_trigger.py
[2024-04-01T06:58:38.545+0000] {processor.py:830} INFO - Processing file /home/airflow/.local/lib/python3.8/site-packages/airflow/example_dags/example_latest_only_with_trigger.py for tasks to queue
[2024-04-01T06:58:38.549+0000] {logging_mixin.py:188} INFO - [2024-04-01T06:58:38.548+0000] {dagbag.py:540} INFO - Filling up the DagBag from /home/airflow/.local/lib/python3.8/site-packages/airflow/example_dags/example_latest_only_with_trigger.py
[2024-04-01T06:58:38.558+0000] {processor.py:840} INFO - DAG(s) 'latest_only_with_trigger' retrieved from /home/airflow/.local/lib/python3.8/site-packages/airflow/example_dags/example_latest_only_with_trigger.py
[2024-04-01T06:58:38.576+0000] {logging_mixin.py:188} INFO - [2024-04-01T06:58:38.576+0000] {dag.py:3047} INFO - Sync 1 DAGs
[2024-04-01T06:58:38.591+0000] {logging_mixin.py:188} INFO - [2024-04-01T06:58:38.591+0000] {dag.py:3834} INFO - Setting next_dagrun for latest_only_with_trigger to 2024-04-01 00:00:00+00:00, run_after=2024-04-01 04:00:00+00:00
[2024-04-01T06:58:38.601+0000] {processor.py:183} INFO - Processing /home/airflow/.local/lib/python3.8/site-packages/airflow/example_dags/example_latest_only_with_trigger.py took 0.067 seconds
[2024-04-01T06:59:09.280+0000] {processor.py:161} INFO - Started process (PID=1303) to work on /home/airflow/.local/lib/python3.8/site-packages/airflow/example_dags/example_latest_only_with_trigger.py
[2024-04-01T06:59:09.282+0000] {processor.py:830} INFO - Processing file /home/airflow/.local/lib/python3.8/site-packages/airflow/example_dags/example_latest_only_with_trigger.py for tasks to queue
[2024-04-01T06:59:09.285+0000] {logging_mixin.py:188} INFO - [2024-04-01T06:59:09.285+0000] {dagbag.py:540} INFO - Filling up the DagBag from /home/airflow/.local/lib/python3.8/site-packages/airflow/example_dags/example_latest_only_with_trigger.py
[2024-04-01T06:59:09.291+0000] {processor.py:840} INFO - DAG(s) 'latest_only_with_trigger' retrieved from /home/airflow/.local/lib/python3.8/site-packages/airflow/example_dags/example_latest_only_with_trigger.py
[2024-04-01T06:59:09.309+0000] {logging_mixin.py:188} INFO - [2024-04-01T06:59:09.309+0000] {dag.py:3047} INFO - Sync 1 DAGs
[2024-04-01T06:59:09.324+0000] {logging_mixin.py:188} INFO - [2024-04-01T06:59:09.324+0000] {dag.py:3834} INFO - Setting next_dagrun for latest_only_with_trigger to 2024-04-01 00:00:00+00:00, run_after=2024-04-01 04:00:00+00:00
[2024-04-01T06:59:09.336+0000] {processor.py:183} INFO - Processing /home/airflow/.local/lib/python3.8/site-packages/airflow/example_dags/example_latest_only_with_trigger.py took 0.060 seconds
[2024-04-01T06:59:39.901+0000] {processor.py:161} INFO - Started process (PID=1358) to work on /home/airflow/.local/lib/python3.8/site-packages/airflow/example_dags/example_latest_only_with_trigger.py
[2024-04-01T06:59:39.902+0000] {processor.py:830} INFO - Processing file /home/airflow/.local/lib/python3.8/site-packages/airflow/example_dags/example_latest_only_with_trigger.py for tasks to queue
[2024-04-01T06:59:39.905+0000] {logging_mixin.py:188} INFO - [2024-04-01T06:59:39.905+0000] {dagbag.py:540} INFO - Filling up the DagBag from /home/airflow/.local/lib/python3.8/site-packages/airflow/example_dags/example_latest_only_with_trigger.py
[2024-04-01T06:59:39.911+0000] {processor.py:840} INFO - DAG(s) 'latest_only_with_trigger' retrieved from /home/airflow/.local/lib/python3.8/site-packages/airflow/example_dags/example_latest_only_with_trigger.py
[2024-04-01T06:59:39.930+0000] {logging_mixin.py:188} INFO - [2024-04-01T06:59:39.930+0000] {dag.py:3047} INFO - Sync 1 DAGs
[2024-04-01T06:59:39.944+0000] {logging_mixin.py:188} INFO - [2024-04-01T06:59:39.944+0000] {dag.py:3834} INFO - Setting next_dagrun for latest_only_with_trigger to 2024-04-01 00:00:00+00:00, run_after=2024-04-01 04:00:00+00:00
[2024-04-01T06:59:39.955+0000] {processor.py:183} INFO - Processing /home/airflow/.local/lib/python3.8/site-packages/airflow/example_dags/example_latest_only_with_trigger.py took 0.059 seconds
[2024-04-01T07:00:10.025+0000] {processor.py:161} INFO - Started process (PID=1413) to work on /home/airflow/.local/lib/python3.8/site-packages/airflow/example_dags/example_latest_only_with_trigger.py
[2024-04-01T07:00:10.027+0000] {processor.py:830} INFO - Processing file /home/airflow/.local/lib/python3.8/site-packages/airflow/example_dags/example_latest_only_with_trigger.py for tasks to queue
[2024-04-01T07:00:10.030+0000] {logging_mixin.py:188} INFO - [2024-04-01T07:00:10.030+0000] {dagbag.py:540} INFO - Filling up the DagBag from /home/airflow/.local/lib/python3.8/site-packages/airflow/example_dags/example_latest_only_with_trigger.py
[2024-04-01T07:00:10.037+0000] {processor.py:840} INFO - DAG(s) 'latest_only_with_trigger' retrieved from /home/airflow/.local/lib/python3.8/site-packages/airflow/example_dags/example_latest_only_with_trigger.py
[2024-04-01T07:00:10.054+0000] {logging_mixin.py:188} INFO - [2024-04-01T07:00:10.054+0000] {dag.py:3047} INFO - Sync 1 DAGs
[2024-04-01T07:00:10.066+0000] {logging_mixin.py:188} INFO - [2024-04-01T07:00:10.066+0000] {dag.py:3834} INFO - Setting next_dagrun for latest_only_with_trigger to 2024-04-01 00:00:00+00:00, run_after=2024-04-01 04:00:00+00:00
[2024-04-01T07:00:10.075+0000] {processor.py:183} INFO - Processing /home/airflow/.local/lib/python3.8/site-packages/airflow/example_dags/example_latest_only_with_trigger.py took 0.055 seconds
[2024-04-01T07:00:40.629+0000] {processor.py:161} INFO - Started process (PID=1468) to work on /home/airflow/.local/lib/python3.8/site-packages/airflow/example_dags/example_latest_only_with_trigger.py
[2024-04-01T07:00:40.630+0000] {processor.py:830} INFO - Processing file /home/airflow/.local/lib/python3.8/site-packages/airflow/example_dags/example_latest_only_with_trigger.py for tasks to queue
[2024-04-01T07:00:40.632+0000] {logging_mixin.py:188} INFO - [2024-04-01T07:00:40.632+0000] {dagbag.py:540} INFO - Filling up the DagBag from /home/airflow/.local/lib/python3.8/site-packages/airflow/example_dags/example_latest_only_with_trigger.py
[2024-04-01T07:00:40.637+0000] {processor.py:840} INFO - DAG(s) 'latest_only_with_trigger' retrieved from /home/airflow/.local/lib/python3.8/site-packages/airflow/example_dags/example_latest_only_with_trigger.py
[2024-04-01T07:00:40.651+0000] {logging_mixin.py:188} INFO - [2024-04-01T07:00:40.651+0000] {dag.py:3047} INFO - Sync 1 DAGs
[2024-04-01T07:00:40.663+0000] {logging_mixin.py:188} INFO - [2024-04-01T07:00:40.663+0000] {dag.py:3834} INFO - Setting next_dagrun for latest_only_with_trigger to 2024-04-01 00:00:00+00:00, run_after=2024-04-01 04:00:00+00:00
[2024-04-01T07:00:40.672+0000] {processor.py:183} INFO - Processing /home/airflow/.local/lib/python3.8/site-packages/airflow/example_dags/example_latest_only_with_trigger.py took 0.047 seconds
[2024-04-01T07:01:36.539+0000] {processor.py:161} INFO - Started process (PID=39) to work on /home/airflow/.local/lib/python3.8/site-packages/airflow/example_dags/example_latest_only_with_trigger.py
[2024-04-01T07:01:36.539+0000] {processor.py:830} INFO - Processing file /home/airflow/.local/lib/python3.8/site-packages/airflow/example_dags/example_latest_only_with_trigger.py for tasks to queue
[2024-04-01T07:01:36.541+0000] {logging_mixin.py:188} INFO - [2024-04-01T07:01:36.540+0000] {dagbag.py:540} INFO - Filling up the DagBag from /home/airflow/.local/lib/python3.8/site-packages/airflow/example_dags/example_latest_only_with_trigger.py
[2024-04-01T07:01:36.551+0000] {processor.py:840} INFO - DAG(s) 'latest_only_with_trigger' retrieved from /home/airflow/.local/lib/python3.8/site-packages/airflow/example_dags/example_latest_only_with_trigger.py
[2024-04-01T07:01:36.566+0000] {logging_mixin.py:188} INFO - [2024-04-01T07:01:36.566+0000] {dag.py:3047} INFO - Sync 1 DAGs
[2024-04-01T07:01:36.582+0000] {logging_mixin.py:188} INFO - [2024-04-01T07:01:36.582+0000] {dag.py:3834} INFO - Setting next_dagrun for latest_only_with_trigger to 2024-04-01 00:00:00+00:00, run_after=2024-04-01 04:00:00+00:00
[2024-04-01T07:01:36.600+0000] {processor.py:183} INFO - Processing /home/airflow/.local/lib/python3.8/site-packages/airflow/example_dags/example_latest_only_with_trigger.py took 0.064 seconds
[2024-04-01T07:02:06.637+0000] {processor.py:161} INFO - Started process (PID=94) to work on /home/airflow/.local/lib/python3.8/site-packages/airflow/example_dags/example_latest_only_with_trigger.py
[2024-04-01T07:02:06.638+0000] {processor.py:830} INFO - Processing file /home/airflow/.local/lib/python3.8/site-packages/airflow/example_dags/example_latest_only_with_trigger.py for tasks to queue
[2024-04-01T07:02:06.639+0000] {logging_mixin.py:188} INFO - [2024-04-01T07:02:06.639+0000] {dagbag.py:540} INFO - Filling up the DagBag from /home/airflow/.local/lib/python3.8/site-packages/airflow/example_dags/example_latest_only_with_trigger.py
[2024-04-01T07:02:06.645+0000] {processor.py:840} INFO - DAG(s) 'latest_only_with_trigger' retrieved from /home/airflow/.local/lib/python3.8/site-packages/airflow/example_dags/example_latest_only_with_trigger.py
[2024-04-01T07:02:06.760+0000] {logging_mixin.py:188} INFO - [2024-04-01T07:02:06.760+0000] {dag.py:3047} INFO - Sync 1 DAGs
[2024-04-01T07:02:06.775+0000] {logging_mixin.py:188} INFO - [2024-04-01T07:02:06.775+0000] {dag.py:3834} INFO - Setting next_dagrun for latest_only_with_trigger to 2024-04-01 00:00:00+00:00, run_after=2024-04-01 04:00:00+00:00
[2024-04-01T07:02:06.788+0000] {processor.py:183} INFO - Processing /home/airflow/.local/lib/python3.8/site-packages/airflow/example_dags/example_latest_only_with_trigger.py took 0.155 seconds
[2024-04-01T07:02:37.611+0000] {processor.py:161} INFO - Started process (PID=148) to work on /home/airflow/.local/lib/python3.8/site-packages/airflow/example_dags/example_latest_only_with_trigger.py
[2024-04-01T07:02:37.612+0000] {processor.py:830} INFO - Processing file /home/airflow/.local/lib/python3.8/site-packages/airflow/example_dags/example_latest_only_with_trigger.py for tasks to queue
[2024-04-01T07:02:37.615+0000] {logging_mixin.py:188} INFO - [2024-04-01T07:02:37.614+0000] {dagbag.py:540} INFO - Filling up the DagBag from /home/airflow/.local/lib/python3.8/site-packages/airflow/example_dags/example_latest_only_with_trigger.py
[2024-04-01T07:02:37.620+0000] {processor.py:840} INFO - DAG(s) 'latest_only_with_trigger' retrieved from /home/airflow/.local/lib/python3.8/site-packages/airflow/example_dags/example_latest_only_with_trigger.py
[2024-04-01T07:02:37.638+0000] {logging_mixin.py:188} INFO - [2024-04-01T07:02:37.638+0000] {dag.py:3047} INFO - Sync 1 DAGs
[2024-04-01T07:02:37.654+0000] {logging_mixin.py:188} INFO - [2024-04-01T07:02:37.654+0000] {dag.py:3834} INFO - Setting next_dagrun for latest_only_with_trigger to 2024-04-01 00:00:00+00:00, run_after=2024-04-01 04:00:00+00:00
[2024-04-01T07:02:37.668+0000] {processor.py:183} INFO - Processing /home/airflow/.local/lib/python3.8/site-packages/airflow/example_dags/example_latest_only_with_trigger.py took 0.060 seconds
[2024-04-01T07:03:07.744+0000] {processor.py:161} INFO - Started process (PID=203) to work on /home/airflow/.local/lib/python3.8/site-packages/airflow/example_dags/example_latest_only_with_trigger.py
[2024-04-01T07:03:07.745+0000] {processor.py:830} INFO - Processing file /home/airflow/.local/lib/python3.8/site-packages/airflow/example_dags/example_latest_only_with_trigger.py for tasks to queue
[2024-04-01T07:03:07.746+0000] {logging_mixin.py:188} INFO - [2024-04-01T07:03:07.745+0000] {dagbag.py:540} INFO - Filling up the DagBag from /home/airflow/.local/lib/python3.8/site-packages/airflow/example_dags/example_latest_only_with_trigger.py
[2024-04-01T07:03:07.749+0000] {processor.py:840} INFO - DAG(s) 'latest_only_with_trigger' retrieved from /home/airflow/.local/lib/python3.8/site-packages/airflow/example_dags/example_latest_only_with_trigger.py
[2024-04-01T07:03:07.762+0000] {logging_mixin.py:188} INFO - [2024-04-01T07:03:07.762+0000] {dag.py:3047} INFO - Sync 1 DAGs
[2024-04-01T07:03:07.774+0000] {logging_mixin.py:188} INFO - [2024-04-01T07:03:07.774+0000] {dag.py:3834} INFO - Setting next_dagrun for latest_only_with_trigger to 2024-04-01 00:00:00+00:00, run_after=2024-04-01 04:00:00+00:00
[2024-04-01T07:03:07.784+0000] {processor.py:183} INFO - Processing /home/airflow/.local/lib/python3.8/site-packages/airflow/example_dags/example_latest_only_with_trigger.py took 0.042 seconds
[2024-04-01T07:03:37.888+0000] {processor.py:161} INFO - Started process (PID=258) to work on /home/airflow/.local/lib/python3.8/site-packages/airflow/example_dags/example_latest_only_with_trigger.py
[2024-04-01T07:03:37.889+0000] {processor.py:830} INFO - Processing file /home/airflow/.local/lib/python3.8/site-packages/airflow/example_dags/example_latest_only_with_trigger.py for tasks to queue
[2024-04-01T07:03:37.891+0000] {logging_mixin.py:188} INFO - [2024-04-01T07:03:37.891+0000] {dagbag.py:540} INFO - Filling up the DagBag from /home/airflow/.local/lib/python3.8/site-packages/airflow/example_dags/example_latest_only_with_trigger.py
[2024-04-01T07:03:37.896+0000] {processor.py:840} INFO - DAG(s) 'latest_only_with_trigger' retrieved from /home/airflow/.local/lib/python3.8/site-packages/airflow/example_dags/example_latest_only_with_trigger.py
[2024-04-01T07:03:37.909+0000] {logging_mixin.py:188} INFO - [2024-04-01T07:03:37.909+0000] {dag.py:3047} INFO - Sync 1 DAGs
[2024-04-01T07:03:37.923+0000] {logging_mixin.py:188} INFO - [2024-04-01T07:03:37.923+0000] {dag.py:3834} INFO - Setting next_dagrun for latest_only_with_trigger to 2024-04-01 00:00:00+00:00, run_after=2024-04-01 04:00:00+00:00
[2024-04-01T07:03:37.934+0000] {processor.py:183} INFO - Processing /home/airflow/.local/lib/python3.8/site-packages/airflow/example_dags/example_latest_only_with_trigger.py took 0.051 seconds
[2024-04-01T07:04:07.964+0000] {processor.py:161} INFO - Started process (PID=313) to work on /home/airflow/.local/lib/python3.8/site-packages/airflow/example_dags/example_latest_only_with_trigger.py
[2024-04-01T07:04:07.965+0000] {processor.py:830} INFO - Processing file /home/airflow/.local/lib/python3.8/site-packages/airflow/example_dags/example_latest_only_with_trigger.py for tasks to queue
[2024-04-01T07:04:07.967+0000] {logging_mixin.py:188} INFO - [2024-04-01T07:04:07.967+0000] {dagbag.py:540} INFO - Filling up the DagBag from /home/airflow/.local/lib/python3.8/site-packages/airflow/example_dags/example_latest_only_with_trigger.py
[2024-04-01T07:04:07.972+0000] {processor.py:840} INFO - DAG(s) 'latest_only_with_trigger' retrieved from /home/airflow/.local/lib/python3.8/site-packages/airflow/example_dags/example_latest_only_with_trigger.py
[2024-04-01T07:04:07.987+0000] {logging_mixin.py:188} INFO - [2024-04-01T07:04:07.987+0000] {dag.py:3047} INFO - Sync 1 DAGs
[2024-04-01T07:04:08.000+0000] {logging_mixin.py:188} INFO - [2024-04-01T07:04:08.000+0000] {dag.py:3834} INFO - Setting next_dagrun for latest_only_with_trigger to 2024-04-01 00:00:00+00:00, run_after=2024-04-01 04:00:00+00:00
[2024-04-01T07:04:08.010+0000] {processor.py:183} INFO - Processing /home/airflow/.local/lib/python3.8/site-packages/airflow/example_dags/example_latest_only_with_trigger.py took 0.049 seconds
[2024-04-01T07:04:38.117+0000] {processor.py:161} INFO - Started process (PID=368) to work on /home/airflow/.local/lib/python3.8/site-packages/airflow/example_dags/example_latest_only_with_trigger.py
[2024-04-01T07:04:38.118+0000] {processor.py:830} INFO - Processing file /home/airflow/.local/lib/python3.8/site-packages/airflow/example_dags/example_latest_only_with_trigger.py for tasks to queue
[2024-04-01T07:04:38.120+0000] {logging_mixin.py:188} INFO - [2024-04-01T07:04:38.120+0000] {dagbag.py:540} INFO - Filling up the DagBag from /home/airflow/.local/lib/python3.8/site-packages/airflow/example_dags/example_latest_only_with_trigger.py
[2024-04-01T07:04:38.126+0000] {processor.py:840} INFO - DAG(s) 'latest_only_with_trigger' retrieved from /home/airflow/.local/lib/python3.8/site-packages/airflow/example_dags/example_latest_only_with_trigger.py
[2024-04-01T07:04:38.145+0000] {logging_mixin.py:188} INFO - [2024-04-01T07:04:38.144+0000] {dag.py:3047} INFO - Sync 1 DAGs
[2024-04-01T07:04:38.162+0000] {logging_mixin.py:188} INFO - [2024-04-01T07:04:38.162+0000] {dag.py:3834} INFO - Setting next_dagrun for latest_only_with_trigger to 2024-04-01 00:00:00+00:00, run_after=2024-04-01 04:00:00+00:00
[2024-04-01T07:04:38.178+0000] {processor.py:183} INFO - Processing /home/airflow/.local/lib/python3.8/site-packages/airflow/example_dags/example_latest_only_with_trigger.py took 0.066 seconds
[2024-04-01T07:05:08.442+0000] {processor.py:161} INFO - Started process (PID=423) to work on /home/airflow/.local/lib/python3.8/site-packages/airflow/example_dags/example_latest_only_with_trigger.py
[2024-04-01T07:05:08.443+0000] {processor.py:830} INFO - Processing file /home/airflow/.local/lib/python3.8/site-packages/airflow/example_dags/example_latest_only_with_trigger.py for tasks to queue
[2024-04-01T07:05:08.445+0000] {logging_mixin.py:188} INFO - [2024-04-01T07:05:08.444+0000] {dagbag.py:540} INFO - Filling up the DagBag from /home/airflow/.local/lib/python3.8/site-packages/airflow/example_dags/example_latest_only_with_trigger.py
[2024-04-01T07:05:08.449+0000] {processor.py:840} INFO - DAG(s) 'latest_only_with_trigger' retrieved from /home/airflow/.local/lib/python3.8/site-packages/airflow/example_dags/example_latest_only_with_trigger.py
[2024-04-01T07:05:08.465+0000] {logging_mixin.py:188} INFO - [2024-04-01T07:05:08.465+0000] {dag.py:3047} INFO - Sync 1 DAGs
[2024-04-01T07:05:08.479+0000] {logging_mixin.py:188} INFO - [2024-04-01T07:05:08.479+0000] {dag.py:3834} INFO - Setting next_dagrun for latest_only_with_trigger to 2024-04-01 00:00:00+00:00, run_after=2024-04-01 04:00:00+00:00
[2024-04-01T07:05:08.489+0000] {processor.py:183} INFO - Processing /home/airflow/.local/lib/python3.8/site-packages/airflow/example_dags/example_latest_only_with_trigger.py took 0.050 seconds
[2024-04-01T07:05:38.560+0000] {processor.py:161} INFO - Started process (PID=478) to work on /home/airflow/.local/lib/python3.8/site-packages/airflow/example_dags/example_latest_only_with_trigger.py
[2024-04-01T07:05:38.561+0000] {processor.py:830} INFO - Processing file /home/airflow/.local/lib/python3.8/site-packages/airflow/example_dags/example_latest_only_with_trigger.py for tasks to queue
[2024-04-01T07:05:38.563+0000] {logging_mixin.py:188} INFO - [2024-04-01T07:05:38.563+0000] {dagbag.py:540} INFO - Filling up the DagBag from /home/airflow/.local/lib/python3.8/site-packages/airflow/example_dags/example_latest_only_with_trigger.py
[2024-04-01T07:05:38.567+0000] {processor.py:840} INFO - DAG(s) 'latest_only_with_trigger' retrieved from /home/airflow/.local/lib/python3.8/site-packages/airflow/example_dags/example_latest_only_with_trigger.py
[2024-04-01T07:05:38.583+0000] {logging_mixin.py:188} INFO - [2024-04-01T07:05:38.583+0000] {dag.py:3047} INFO - Sync 1 DAGs
[2024-04-01T07:05:38.599+0000] {logging_mixin.py:188} INFO - [2024-04-01T07:05:38.599+0000] {dag.py:3834} INFO - Setting next_dagrun for latest_only_with_trigger to 2024-04-01 00:00:00+00:00, run_after=2024-04-01 04:00:00+00:00
[2024-04-01T07:05:38.610+0000] {processor.py:183} INFO - Processing /home/airflow/.local/lib/python3.8/site-packages/airflow/example_dags/example_latest_only_with_trigger.py took 0.057 seconds
[2024-04-01T07:06:08.809+0000] {processor.py:161} INFO - Started process (PID=533) to work on /home/airflow/.local/lib/python3.8/site-packages/airflow/example_dags/example_latest_only_with_trigger.py
[2024-04-01T07:06:08.811+0000] {processor.py:830} INFO - Processing file /home/airflow/.local/lib/python3.8/site-packages/airflow/example_dags/example_latest_only_with_trigger.py for tasks to queue
[2024-04-01T07:06:08.814+0000] {logging_mixin.py:188} INFO - [2024-04-01T07:06:08.813+0000] {dagbag.py:540} INFO - Filling up the DagBag from /home/airflow/.local/lib/python3.8/site-packages/airflow/example_dags/example_latest_only_with_trigger.py
[2024-04-01T07:06:08.821+0000] {processor.py:840} INFO - DAG(s) 'latest_only_with_trigger' retrieved from /home/airflow/.local/lib/python3.8/site-packages/airflow/example_dags/example_latest_only_with_trigger.py
[2024-04-01T07:06:08.838+0000] {logging_mixin.py:188} INFO - [2024-04-01T07:06:08.838+0000] {dag.py:3047} INFO - Sync 1 DAGs
[2024-04-01T07:06:08.851+0000] {logging_mixin.py:188} INFO - [2024-04-01T07:06:08.851+0000] {dag.py:3834} INFO - Setting next_dagrun for latest_only_with_trigger to 2024-04-01 00:00:00+00:00, run_after=2024-04-01 04:00:00+00:00
[2024-04-01T07:06:08.860+0000] {processor.py:183} INFO - Processing /home/airflow/.local/lib/python3.8/site-packages/airflow/example_dags/example_latest_only_with_trigger.py took 0.055 seconds
[2024-04-01T07:06:38.955+0000] {processor.py:161} INFO - Started process (PID=588) to work on /home/airflow/.local/lib/python3.8/site-packages/airflow/example_dags/example_latest_only_with_trigger.py
[2024-04-01T07:06:38.957+0000] {processor.py:830} INFO - Processing file /home/airflow/.local/lib/python3.8/site-packages/airflow/example_dags/example_latest_only_with_trigger.py for tasks to queue
[2024-04-01T07:06:38.960+0000] {logging_mixin.py:188} INFO - [2024-04-01T07:06:38.959+0000] {dagbag.py:540} INFO - Filling up the DagBag from /home/airflow/.local/lib/python3.8/site-packages/airflow/example_dags/example_latest_only_with_trigger.py
[2024-04-01T07:06:38.970+0000] {processor.py:840} INFO - DAG(s) 'latest_only_with_trigger' retrieved from /home/airflow/.local/lib/python3.8/site-packages/airflow/example_dags/example_latest_only_with_trigger.py
[2024-04-01T07:06:38.987+0000] {logging_mixin.py:188} INFO - [2024-04-01T07:06:38.987+0000] {dag.py:3047} INFO - Sync 1 DAGs
[2024-04-01T07:06:39.001+0000] {logging_mixin.py:188} INFO - [2024-04-01T07:06:39.001+0000] {dag.py:3834} INFO - Setting next_dagrun for latest_only_with_trigger to 2024-04-01 00:00:00+00:00, run_after=2024-04-01 04:00:00+00:00
[2024-04-01T07:06:39.012+0000] {processor.py:183} INFO - Processing /home/airflow/.local/lib/python3.8/site-packages/airflow/example_dags/example_latest_only_with_trigger.py took 0.063 seconds
[2024-04-01T07:07:09.202+0000] {processor.py:161} INFO - Started process (PID=643) to work on /home/airflow/.local/lib/python3.8/site-packages/airflow/example_dags/example_latest_only_with_trigger.py
[2024-04-01T07:07:09.204+0000] {processor.py:830} INFO - Processing file /home/airflow/.local/lib/python3.8/site-packages/airflow/example_dags/example_latest_only_with_trigger.py for tasks to queue
[2024-04-01T07:07:09.208+0000] {logging_mixin.py:188} INFO - [2024-04-01T07:07:09.207+0000] {dagbag.py:540} INFO - Filling up the DagBag from /home/airflow/.local/lib/python3.8/site-packages/airflow/example_dags/example_latest_only_with_trigger.py
[2024-04-01T07:07:09.214+0000] {processor.py:840} INFO - DAG(s) 'latest_only_with_trigger' retrieved from /home/airflow/.local/lib/python3.8/site-packages/airflow/example_dags/example_latest_only_with_trigger.py
[2024-04-01T07:07:09.233+0000] {logging_mixin.py:188} INFO - [2024-04-01T07:07:09.233+0000] {dag.py:3047} INFO - Sync 1 DAGs
[2024-04-01T07:07:09.248+0000] {logging_mixin.py:188} INFO - [2024-04-01T07:07:09.248+0000] {dag.py:3834} INFO - Setting next_dagrun for latest_only_with_trigger to 2024-04-01 00:00:00+00:00, run_after=2024-04-01 04:00:00+00:00
[2024-04-01T07:07:09.260+0000] {processor.py:183} INFO - Processing /home/airflow/.local/lib/python3.8/site-packages/airflow/example_dags/example_latest_only_with_trigger.py took 0.064 seconds
[2024-04-01T07:07:39.367+0000] {processor.py:161} INFO - Started process (PID=698) to work on /home/airflow/.local/lib/python3.8/site-packages/airflow/example_dags/example_latest_only_with_trigger.py
[2024-04-01T07:07:39.368+0000] {processor.py:830} INFO - Processing file /home/airflow/.local/lib/python3.8/site-packages/airflow/example_dags/example_latest_only_with_trigger.py for tasks to queue
[2024-04-01T07:07:39.371+0000] {logging_mixin.py:188} INFO - [2024-04-01T07:07:39.370+0000] {dagbag.py:540} INFO - Filling up the DagBag from /home/airflow/.local/lib/python3.8/site-packages/airflow/example_dags/example_latest_only_with_trigger.py
[2024-04-01T07:07:39.378+0000] {processor.py:840} INFO - DAG(s) 'latest_only_with_trigger' retrieved from /home/airflow/.local/lib/python3.8/site-packages/airflow/example_dags/example_latest_only_with_trigger.py
[2024-04-01T07:07:39.401+0000] {logging_mixin.py:188} INFO - [2024-04-01T07:07:39.400+0000] {dag.py:3047} INFO - Sync 1 DAGs
[2024-04-01T07:07:39.420+0000] {logging_mixin.py:188} INFO - [2024-04-01T07:07:39.420+0000] {dag.py:3834} INFO - Setting next_dagrun for latest_only_with_trigger to 2024-04-01 00:00:00+00:00, run_after=2024-04-01 04:00:00+00:00
[2024-04-01T07:07:39.434+0000] {processor.py:183} INFO - Processing /home/airflow/.local/lib/python3.8/site-packages/airflow/example_dags/example_latest_only_with_trigger.py took 0.072 seconds
[2024-04-01T07:08:09.748+0000] {processor.py:161} INFO - Started process (PID=753) to work on /home/airflow/.local/lib/python3.8/site-packages/airflow/example_dags/example_latest_only_with_trigger.py
[2024-04-01T07:08:09.750+0000] {processor.py:830} INFO - Processing file /home/airflow/.local/lib/python3.8/site-packages/airflow/example_dags/example_latest_only_with_trigger.py for tasks to queue
[2024-04-01T07:08:09.752+0000] {logging_mixin.py:188} INFO - [2024-04-01T07:08:09.752+0000] {dagbag.py:540} INFO - Filling up the DagBag from /home/airflow/.local/lib/python3.8/site-packages/airflow/example_dags/example_latest_only_with_trigger.py
[2024-04-01T07:08:09.760+0000] {processor.py:840} INFO - DAG(s) 'latest_only_with_trigger' retrieved from /home/airflow/.local/lib/python3.8/site-packages/airflow/example_dags/example_latest_only_with_trigger.py
[2024-04-01T07:08:09.778+0000] {logging_mixin.py:188} INFO - [2024-04-01T07:08:09.778+0000] {dag.py:3047} INFO - Sync 1 DAGs
[2024-04-01T07:08:09.790+0000] {logging_mixin.py:188} INFO - [2024-04-01T07:08:09.790+0000] {dag.py:3834} INFO - Setting next_dagrun for latest_only_with_trigger to 2024-04-01 00:00:00+00:00, run_after=2024-04-01 04:00:00+00:00
[2024-04-01T07:08:09.799+0000] {processor.py:183} INFO - Processing /home/airflow/.local/lib/python3.8/site-packages/airflow/example_dags/example_latest_only_with_trigger.py took 0.055 seconds
[2024-04-01T07:08:40.496+0000] {processor.py:161} INFO - Started process (PID=808) to work on /home/airflow/.local/lib/python3.8/site-packages/airflow/example_dags/example_latest_only_with_trigger.py
[2024-04-01T07:08:40.497+0000] {processor.py:830} INFO - Processing file /home/airflow/.local/lib/python3.8/site-packages/airflow/example_dags/example_latest_only_with_trigger.py for tasks to queue
[2024-04-01T07:08:40.500+0000] {logging_mixin.py:188} INFO - [2024-04-01T07:08:40.499+0000] {dagbag.py:540} INFO - Filling up the DagBag from /home/airflow/.local/lib/python3.8/site-packages/airflow/example_dags/example_latest_only_with_trigger.py
[2024-04-01T07:08:40.507+0000] {processor.py:840} INFO - DAG(s) 'latest_only_with_trigger' retrieved from /home/airflow/.local/lib/python3.8/site-packages/airflow/example_dags/example_latest_only_with_trigger.py
[2024-04-01T07:08:40.528+0000] {logging_mixin.py:188} INFO - [2024-04-01T07:08:40.527+0000] {dag.py:3047} INFO - Sync 1 DAGs
[2024-04-01T07:08:40.545+0000] {logging_mixin.py:188} INFO - [2024-04-01T07:08:40.544+0000] {dag.py:3834} INFO - Setting next_dagrun for latest_only_with_trigger to 2024-04-01 00:00:00+00:00, run_after=2024-04-01 04:00:00+00:00
[2024-04-01T07:08:40.558+0000] {processor.py:183} INFO - Processing /home/airflow/.local/lib/python3.8/site-packages/airflow/example_dags/example_latest_only_with_trigger.py took 0.069 seconds
[2024-04-01T07:09:10.610+0000] {processor.py:161} INFO - Started process (PID=863) to work on /home/airflow/.local/lib/python3.8/site-packages/airflow/example_dags/example_latest_only_with_trigger.py
[2024-04-01T07:09:10.612+0000] {processor.py:830} INFO - Processing file /home/airflow/.local/lib/python3.8/site-packages/airflow/example_dags/example_latest_only_with_trigger.py for tasks to queue
[2024-04-01T07:09:10.615+0000] {logging_mixin.py:188} INFO - [2024-04-01T07:09:10.615+0000] {dagbag.py:540} INFO - Filling up the DagBag from /home/airflow/.local/lib/python3.8/site-packages/airflow/example_dags/example_latest_only_with_trigger.py
[2024-04-01T07:09:10.625+0000] {processor.py:840} INFO - DAG(s) 'latest_only_with_trigger' retrieved from /home/airflow/.local/lib/python3.8/site-packages/airflow/example_dags/example_latest_only_with_trigger.py
[2024-04-01T07:09:10.643+0000] {logging_mixin.py:188} INFO - [2024-04-01T07:09:10.643+0000] {dag.py:3047} INFO - Sync 1 DAGs
[2024-04-01T07:09:10.657+0000] {logging_mixin.py:188} INFO - [2024-04-01T07:09:10.657+0000] {dag.py:3834} INFO - Setting next_dagrun for latest_only_with_trigger to 2024-04-01 00:00:00+00:00, run_after=2024-04-01 04:00:00+00:00
[2024-04-01T07:09:10.668+0000] {processor.py:183} INFO - Processing /home/airflow/.local/lib/python3.8/site-packages/airflow/example_dags/example_latest_only_with_trigger.py took 0.064 seconds
[2024-04-01T07:09:40.775+0000] {processor.py:161} INFO - Started process (PID=918) to work on /home/airflow/.local/lib/python3.8/site-packages/airflow/example_dags/example_latest_only_with_trigger.py
[2024-04-01T07:09:40.777+0000] {processor.py:830} INFO - Processing file /home/airflow/.local/lib/python3.8/site-packages/airflow/example_dags/example_latest_only_with_trigger.py for tasks to queue
[2024-04-01T07:09:40.780+0000] {logging_mixin.py:188} INFO - [2024-04-01T07:09:40.780+0000] {dagbag.py:540} INFO - Filling up the DagBag from /home/airflow/.local/lib/python3.8/site-packages/airflow/example_dags/example_latest_only_with_trigger.py
[2024-04-01T07:09:40.788+0000] {processor.py:840} INFO - DAG(s) 'latest_only_with_trigger' retrieved from /home/airflow/.local/lib/python3.8/site-packages/airflow/example_dags/example_latest_only_with_trigger.py
[2024-04-01T07:09:40.808+0000] {logging_mixin.py:188} INFO - [2024-04-01T07:09:40.808+0000] {dag.py:3047} INFO - Sync 1 DAGs
[2024-04-01T07:09:40.822+0000] {logging_mixin.py:188} INFO - [2024-04-01T07:09:40.822+0000] {dag.py:3834} INFO - Setting next_dagrun for latest_only_with_trigger to 2024-04-01 00:00:00+00:00, run_after=2024-04-01 04:00:00+00:00
[2024-04-01T07:09:40.831+0000] {processor.py:183} INFO - Processing /home/airflow/.local/lib/python3.8/site-packages/airflow/example_dags/example_latest_only_with_trigger.py took 0.060 seconds
[2024-04-01T07:10:11.411+0000] {processor.py:161} INFO - Started process (PID=973) to work on /home/airflow/.local/lib/python3.8/site-packages/airflow/example_dags/example_latest_only_with_trigger.py
[2024-04-01T07:10:11.413+0000] {processor.py:830} INFO - Processing file /home/airflow/.local/lib/python3.8/site-packages/airflow/example_dags/example_latest_only_with_trigger.py for tasks to queue
[2024-04-01T07:10:11.416+0000] {logging_mixin.py:188} INFO - [2024-04-01T07:10:11.415+0000] {dagbag.py:540} INFO - Filling up the DagBag from /home/airflow/.local/lib/python3.8/site-packages/airflow/example_dags/example_latest_only_with_trigger.py
[2024-04-01T07:10:11.423+0000] {processor.py:840} INFO - DAG(s) 'latest_only_with_trigger' retrieved from /home/airflow/.local/lib/python3.8/site-packages/airflow/example_dags/example_latest_only_with_trigger.py
[2024-04-01T07:10:11.441+0000] {logging_mixin.py:188} INFO - [2024-04-01T07:10:11.441+0000] {dag.py:3047} INFO - Sync 1 DAGs
[2024-04-01T07:10:11.453+0000] {logging_mixin.py:188} INFO - [2024-04-01T07:10:11.453+0000] {dag.py:3834} INFO - Setting next_dagrun for latest_only_with_trigger to 2024-04-01 00:00:00+00:00, run_after=2024-04-01 04:00:00+00:00
[2024-04-01T07:10:11.464+0000] {processor.py:183} INFO - Processing /home/airflow/.local/lib/python3.8/site-packages/airflow/example_dags/example_latest_only_with_trigger.py took 0.058 seconds
[2024-04-01T07:10:41.501+0000] {processor.py:161} INFO - Started process (PID=1028) to work on /home/airflow/.local/lib/python3.8/site-packages/airflow/example_dags/example_latest_only_with_trigger.py
[2024-04-01T07:10:41.504+0000] {processor.py:830} INFO - Processing file /home/airflow/.local/lib/python3.8/site-packages/airflow/example_dags/example_latest_only_with_trigger.py for tasks to queue
[2024-04-01T07:10:41.507+0000] {logging_mixin.py:188} INFO - [2024-04-01T07:10:41.507+0000] {dagbag.py:540} INFO - Filling up the DagBag from /home/airflow/.local/lib/python3.8/site-packages/airflow/example_dags/example_latest_only_with_trigger.py
[2024-04-01T07:10:41.516+0000] {processor.py:840} INFO - DAG(s) 'latest_only_with_trigger' retrieved from /home/airflow/.local/lib/python3.8/site-packages/airflow/example_dags/example_latest_only_with_trigger.py
[2024-04-01T07:10:41.540+0000] {logging_mixin.py:188} INFO - [2024-04-01T07:10:41.540+0000] {dag.py:3047} INFO - Sync 1 DAGs
[2024-04-01T07:10:41.561+0000] {logging_mixin.py:188} INFO - [2024-04-01T07:10:41.561+0000] {dag.py:3834} INFO - Setting next_dagrun for latest_only_with_trigger to 2024-04-01 00:00:00+00:00, run_after=2024-04-01 04:00:00+00:00
[2024-04-01T07:10:41.579+0000] {processor.py:183} INFO - Processing /home/airflow/.local/lib/python3.8/site-packages/airflow/example_dags/example_latest_only_with_trigger.py took 0.084 seconds
[2024-04-01T07:11:11.632+0000] {processor.py:161} INFO - Started process (PID=1090) to work on /home/airflow/.local/lib/python3.8/site-packages/airflow/example_dags/example_latest_only_with_trigger.py
[2024-04-01T07:11:11.633+0000] {processor.py:830} INFO - Processing file /home/airflow/.local/lib/python3.8/site-packages/airflow/example_dags/example_latest_only_with_trigger.py for tasks to queue
[2024-04-01T07:11:11.636+0000] {logging_mixin.py:188} INFO - [2024-04-01T07:11:11.636+0000] {dagbag.py:540} INFO - Filling up the DagBag from /home/airflow/.local/lib/python3.8/site-packages/airflow/example_dags/example_latest_only_with_trigger.py
[2024-04-01T07:11:11.643+0000] {processor.py:840} INFO - DAG(s) 'latest_only_with_trigger' retrieved from /home/airflow/.local/lib/python3.8/site-packages/airflow/example_dags/example_latest_only_with_trigger.py
[2024-04-01T07:11:11.661+0000] {logging_mixin.py:188} INFO - [2024-04-01T07:11:11.660+0000] {dag.py:3047} INFO - Sync 1 DAGs
[2024-04-01T07:11:11.679+0000] {logging_mixin.py:188} INFO - [2024-04-01T07:11:11.679+0000] {dag.py:3834} INFO - Setting next_dagrun for latest_only_with_trigger to 2024-04-01 00:00:00+00:00, run_after=2024-04-01 04:00:00+00:00
[2024-04-01T07:11:11.690+0000] {processor.py:183} INFO - Processing /home/airflow/.local/lib/python3.8/site-packages/airflow/example_dags/example_latest_only_with_trigger.py took 0.063 seconds
[2024-04-01T07:11:41.798+0000] {processor.py:161} INFO - Started process (PID=1145) to work on /home/airflow/.local/lib/python3.8/site-packages/airflow/example_dags/example_latest_only_with_trigger.py
[2024-04-01T07:11:41.799+0000] {processor.py:830} INFO - Processing file /home/airflow/.local/lib/python3.8/site-packages/airflow/example_dags/example_latest_only_with_trigger.py for tasks to queue
[2024-04-01T07:11:41.802+0000] {logging_mixin.py:188} INFO - [2024-04-01T07:11:41.802+0000] {dagbag.py:540} INFO - Filling up the DagBag from /home/airflow/.local/lib/python3.8/site-packages/airflow/example_dags/example_latest_only_with_trigger.py
[2024-04-01T07:11:41.811+0000] {processor.py:840} INFO - DAG(s) 'latest_only_with_trigger' retrieved from /home/airflow/.local/lib/python3.8/site-packages/airflow/example_dags/example_latest_only_with_trigger.py
[2024-04-01T07:11:41.830+0000] {logging_mixin.py:188} INFO - [2024-04-01T07:11:41.830+0000] {dag.py:3047} INFO - Sync 1 DAGs
[2024-04-01T07:11:41.845+0000] {logging_mixin.py:188} INFO - [2024-04-01T07:11:41.845+0000] {dag.py:3834} INFO - Setting next_dagrun for latest_only_with_trigger to 2024-04-01 00:00:00+00:00, run_after=2024-04-01 04:00:00+00:00
[2024-04-01T07:11:41.856+0000] {processor.py:183} INFO - Processing /home/airflow/.local/lib/python3.8/site-packages/airflow/example_dags/example_latest_only_with_trigger.py took 0.064 seconds
[2024-04-01T07:12:11.999+0000] {processor.py:161} INFO - Started process (PID=1200) to work on /home/airflow/.local/lib/python3.8/site-packages/airflow/example_dags/example_latest_only_with_trigger.py
[2024-04-01T07:12:12.000+0000] {processor.py:830} INFO - Processing file /home/airflow/.local/lib/python3.8/site-packages/airflow/example_dags/example_latest_only_with_trigger.py for tasks to queue
[2024-04-01T07:12:12.004+0000] {logging_mixin.py:188} INFO - [2024-04-01T07:12:12.004+0000] {dagbag.py:540} INFO - Filling up the DagBag from /home/airflow/.local/lib/python3.8/site-packages/airflow/example_dags/example_latest_only_with_trigger.py
[2024-04-01T07:12:12.014+0000] {processor.py:840} INFO - DAG(s) 'latest_only_with_trigger' retrieved from /home/airflow/.local/lib/python3.8/site-packages/airflow/example_dags/example_latest_only_with_trigger.py
[2024-04-01T07:12:12.034+0000] {logging_mixin.py:188} INFO - [2024-04-01T07:12:12.034+0000] {dag.py:3047} INFO - Sync 1 DAGs
[2024-04-01T07:12:12.049+0000] {logging_mixin.py:188} INFO - [2024-04-01T07:12:12.049+0000] {dag.py:3834} INFO - Setting next_dagrun for latest_only_with_trigger to 2024-04-01 00:00:00+00:00, run_after=2024-04-01 04:00:00+00:00
[2024-04-01T07:12:12.060+0000] {processor.py:183} INFO - Processing /home/airflow/.local/lib/python3.8/site-packages/airflow/example_dags/example_latest_only_with_trigger.py took 0.068 seconds
