[2024-04-01T06:47:26.630+0000] {processor.py:161} INFO - Started process (PID=64) to work on /home/airflow/.local/lib/python3.8/site-packages/airflow/example_dags/example_bash_operator.py
[2024-04-01T06:47:26.631+0000] {processor.py:830} INFO - Processing file /home/airflow/.local/lib/python3.8/site-packages/airflow/example_dags/example_bash_operator.py for tasks to queue
[2024-04-01T06:47:26.632+0000] {logging_mixin.py:188} INFO - [2024-04-01T06:47:26.632+0000] {dagbag.py:540} INFO - Filling up the DagBag from /home/airflow/.local/lib/python3.8/site-packages/airflow/example_dags/example_bash_operator.py
[2024-04-01T06:47:26.645+0000] {processor.py:840} INFO - DAG(s) 'example_bash_operator' retrieved from /home/airflow/.local/lib/python3.8/site-packages/airflow/example_dags/example_bash_operator.py
[2024-04-01T06:47:26.653+0000] {logging_mixin.py:188} INFO - [2024-04-01T06:47:26.653+0000] {dag.py:3047} INFO - Sync 1 DAGs
[2024-04-01T06:47:26.668+0000] {logging_mixin.py:188} INFO - [2024-04-01T06:47:26.668+0000] {dag.py:3834} INFO - Setting next_dagrun for example_bash_operator to 2024-03-31 00:00:00+00:00, run_after=2024-04-01 00:00:00+00:00
[2024-04-01T06:47:26.680+0000] {processor.py:183} INFO - Processing /home/airflow/.local/lib/python3.8/site-packages/airflow/example_dags/example_bash_operator.py took 0.054 seconds
[2024-04-01T06:47:57.874+0000] {processor.py:161} INFO - Started process (PID=119) to work on /home/airflow/.local/lib/python3.8/site-packages/airflow/example_dags/example_bash_operator.py
[2024-04-01T06:47:57.875+0000] {processor.py:830} INFO - Processing file /home/airflow/.local/lib/python3.8/site-packages/airflow/example_dags/example_bash_operator.py for tasks to queue
[2024-04-01T06:47:57.875+0000] {logging_mixin.py:188} INFO - [2024-04-01T06:47:57.875+0000] {dagbag.py:540} INFO - Filling up the DagBag from /home/airflow/.local/lib/python3.8/site-packages/airflow/example_dags/example_bash_operator.py
[2024-04-01T06:47:57.882+0000] {processor.py:840} INFO - DAG(s) 'example_bash_operator' retrieved from /home/airflow/.local/lib/python3.8/site-packages/airflow/example_dags/example_bash_operator.py
[2024-04-01T06:47:57.936+0000] {logging_mixin.py:188} INFO - [2024-04-01T06:47:57.936+0000] {dag.py:3047} INFO - Sync 1 DAGs
[2024-04-01T06:47:57.947+0000] {logging_mixin.py:188} INFO - [2024-04-01T06:47:57.947+0000] {dag.py:3834} INFO - Setting next_dagrun for example_bash_operator to 2024-03-31 00:00:00+00:00, run_after=2024-04-01 00:00:00+00:00
[2024-04-01T06:47:57.956+0000] {processor.py:183} INFO - Processing /home/airflow/.local/lib/python3.8/site-packages/airflow/example_dags/example_bash_operator.py took 0.083 seconds
[2024-04-01T06:48:28.092+0000] {processor.py:161} INFO - Started process (PID=174) to work on /home/airflow/.local/lib/python3.8/site-packages/airflow/example_dags/example_bash_operator.py
[2024-04-01T06:48:28.092+0000] {processor.py:830} INFO - Processing file /home/airflow/.local/lib/python3.8/site-packages/airflow/example_dags/example_bash_operator.py for tasks to queue
[2024-04-01T06:48:28.094+0000] {logging_mixin.py:188} INFO - [2024-04-01T06:48:28.094+0000] {dagbag.py:540} INFO - Filling up the DagBag from /home/airflow/.local/lib/python3.8/site-packages/airflow/example_dags/example_bash_operator.py
[2024-04-01T06:48:28.102+0000] {processor.py:840} INFO - DAG(s) 'example_bash_operator' retrieved from /home/airflow/.local/lib/python3.8/site-packages/airflow/example_dags/example_bash_operator.py
[2024-04-01T06:48:28.122+0000] {logging_mixin.py:188} INFO - [2024-04-01T06:48:28.122+0000] {dag.py:3047} INFO - Sync 1 DAGs
[2024-04-01T06:48:28.138+0000] {logging_mixin.py:188} INFO - [2024-04-01T06:48:28.138+0000] {dag.py:3834} INFO - Setting next_dagrun for example_bash_operator to 2024-03-31 00:00:00+00:00, run_after=2024-04-01 00:00:00+00:00
[2024-04-01T06:48:28.148+0000] {processor.py:183} INFO - Processing /home/airflow/.local/lib/python3.8/site-packages/airflow/example_dags/example_bash_operator.py took 0.058 seconds
[2024-04-01T06:48:58.902+0000] {processor.py:161} INFO - Started process (PID=229) to work on /home/airflow/.local/lib/python3.8/site-packages/airflow/example_dags/example_bash_operator.py
[2024-04-01T06:48:58.902+0000] {processor.py:830} INFO - Processing file /home/airflow/.local/lib/python3.8/site-packages/airflow/example_dags/example_bash_operator.py for tasks to queue
[2024-04-01T06:48:58.903+0000] {logging_mixin.py:188} INFO - [2024-04-01T06:48:58.903+0000] {dagbag.py:540} INFO - Filling up the DagBag from /home/airflow/.local/lib/python3.8/site-packages/airflow/example_dags/example_bash_operator.py
[2024-04-01T06:48:58.910+0000] {processor.py:840} INFO - DAG(s) 'example_bash_operator' retrieved from /home/airflow/.local/lib/python3.8/site-packages/airflow/example_dags/example_bash_operator.py
[2024-04-01T06:48:58.928+0000] {logging_mixin.py:188} INFO - [2024-04-01T06:48:58.927+0000] {dag.py:3047} INFO - Sync 1 DAGs
[2024-04-01T06:48:58.942+0000] {logging_mixin.py:188} INFO - [2024-04-01T06:48:58.942+0000] {dag.py:3834} INFO - Setting next_dagrun for example_bash_operator to 2024-03-31 00:00:00+00:00, run_after=2024-04-01 00:00:00+00:00
[2024-04-01T06:48:58.951+0000] {processor.py:183} INFO - Processing /home/airflow/.local/lib/python3.8/site-packages/airflow/example_dags/example_bash_operator.py took 0.051 seconds
[2024-04-01T06:49:29.561+0000] {processor.py:161} INFO - Started process (PID=284) to work on /home/airflow/.local/lib/python3.8/site-packages/airflow/example_dags/example_bash_operator.py
[2024-04-01T06:49:29.561+0000] {processor.py:830} INFO - Processing file /home/airflow/.local/lib/python3.8/site-packages/airflow/example_dags/example_bash_operator.py for tasks to queue
[2024-04-01T06:49:29.562+0000] {logging_mixin.py:188} INFO - [2024-04-01T06:49:29.562+0000] {dagbag.py:540} INFO - Filling up the DagBag from /home/airflow/.local/lib/python3.8/site-packages/airflow/example_dags/example_bash_operator.py
[2024-04-01T06:49:29.569+0000] {processor.py:840} INFO - DAG(s) 'example_bash_operator' retrieved from /home/airflow/.local/lib/python3.8/site-packages/airflow/example_dags/example_bash_operator.py
[2024-04-01T06:49:29.585+0000] {logging_mixin.py:188} INFO - [2024-04-01T06:49:29.585+0000] {dag.py:3047} INFO - Sync 1 DAGs
[2024-04-01T06:49:29.596+0000] {logging_mixin.py:188} INFO - [2024-04-01T06:49:29.596+0000] {dag.py:3834} INFO - Setting next_dagrun for example_bash_operator to 2024-03-31 00:00:00+00:00, run_after=2024-04-01 00:00:00+00:00
[2024-04-01T06:49:29.607+0000] {processor.py:183} INFO - Processing /home/airflow/.local/lib/python3.8/site-packages/airflow/example_dags/example_bash_operator.py took 0.049 seconds
[2024-04-01T06:50:00.479+0000] {processor.py:161} INFO - Started process (PID=339) to work on /home/airflow/.local/lib/python3.8/site-packages/airflow/example_dags/example_bash_operator.py
[2024-04-01T06:50:00.480+0000] {processor.py:830} INFO - Processing file /home/airflow/.local/lib/python3.8/site-packages/airflow/example_dags/example_bash_operator.py for tasks to queue
[2024-04-01T06:50:00.481+0000] {logging_mixin.py:188} INFO - [2024-04-01T06:50:00.481+0000] {dagbag.py:540} INFO - Filling up the DagBag from /home/airflow/.local/lib/python3.8/site-packages/airflow/example_dags/example_bash_operator.py
[2024-04-01T06:50:00.488+0000] {processor.py:840} INFO - DAG(s) 'example_bash_operator' retrieved from /home/airflow/.local/lib/python3.8/site-packages/airflow/example_dags/example_bash_operator.py
[2024-04-01T06:50:00.504+0000] {logging_mixin.py:188} INFO - [2024-04-01T06:50:00.504+0000] {dag.py:3047} INFO - Sync 1 DAGs
[2024-04-01T06:50:00.516+0000] {logging_mixin.py:188} INFO - [2024-04-01T06:50:00.516+0000] {dag.py:3834} INFO - Setting next_dagrun for example_bash_operator to 2024-03-31 00:00:00+00:00, run_after=2024-04-01 00:00:00+00:00
[2024-04-01T06:50:00.526+0000] {processor.py:183} INFO - Processing /home/airflow/.local/lib/python3.8/site-packages/airflow/example_dags/example_bash_operator.py took 0.049 seconds
[2024-04-01T06:50:30.565+0000] {processor.py:161} INFO - Started process (PID=394) to work on /home/airflow/.local/lib/python3.8/site-packages/airflow/example_dags/example_bash_operator.py
[2024-04-01T06:50:30.566+0000] {processor.py:830} INFO - Processing file /home/airflow/.local/lib/python3.8/site-packages/airflow/example_dags/example_bash_operator.py for tasks to queue
[2024-04-01T06:50:30.567+0000] {logging_mixin.py:188} INFO - [2024-04-01T06:50:30.567+0000] {dagbag.py:540} INFO - Filling up the DagBag from /home/airflow/.local/lib/python3.8/site-packages/airflow/example_dags/example_bash_operator.py
[2024-04-01T06:50:30.574+0000] {processor.py:840} INFO - DAG(s) 'example_bash_operator' retrieved from /home/airflow/.local/lib/python3.8/site-packages/airflow/example_dags/example_bash_operator.py
[2024-04-01T06:50:30.589+0000] {logging_mixin.py:188} INFO - [2024-04-01T06:50:30.589+0000] {dag.py:3047} INFO - Sync 1 DAGs
[2024-04-01T06:50:30.601+0000] {logging_mixin.py:188} INFO - [2024-04-01T06:50:30.601+0000] {dag.py:3834} INFO - Setting next_dagrun for example_bash_operator to 2024-03-31 00:00:00+00:00, run_after=2024-04-01 00:00:00+00:00
[2024-04-01T06:50:30.610+0000] {processor.py:183} INFO - Processing /home/airflow/.local/lib/python3.8/site-packages/airflow/example_dags/example_bash_operator.py took 0.047 seconds
[2024-04-01T06:51:01.251+0000] {processor.py:161} INFO - Started process (PID=449) to work on /home/airflow/.local/lib/python3.8/site-packages/airflow/example_dags/example_bash_operator.py
[2024-04-01T06:51:01.252+0000] {processor.py:830} INFO - Processing file /home/airflow/.local/lib/python3.8/site-packages/airflow/example_dags/example_bash_operator.py for tasks to queue
[2024-04-01T06:51:01.253+0000] {logging_mixin.py:188} INFO - [2024-04-01T06:51:01.252+0000] {dagbag.py:540} INFO - Filling up the DagBag from /home/airflow/.local/lib/python3.8/site-packages/airflow/example_dags/example_bash_operator.py
[2024-04-01T06:51:01.260+0000] {processor.py:840} INFO - DAG(s) 'example_bash_operator' retrieved from /home/airflow/.local/lib/python3.8/site-packages/airflow/example_dags/example_bash_operator.py
[2024-04-01T06:51:01.276+0000] {logging_mixin.py:188} INFO - [2024-04-01T06:51:01.275+0000] {dag.py:3047} INFO - Sync 1 DAGs
[2024-04-01T06:51:01.288+0000] {logging_mixin.py:188} INFO - [2024-04-01T06:51:01.287+0000] {dag.py:3834} INFO - Setting next_dagrun for example_bash_operator to 2024-03-31 00:00:00+00:00, run_after=2024-04-01 00:00:00+00:00
[2024-04-01T06:51:01.296+0000] {processor.py:183} INFO - Processing /home/airflow/.local/lib/python3.8/site-packages/airflow/example_dags/example_bash_operator.py took 0.047 seconds
[2024-04-01T06:51:31.982+0000] {processor.py:161} INFO - Started process (PID=504) to work on /home/airflow/.local/lib/python3.8/site-packages/airflow/example_dags/example_bash_operator.py
[2024-04-01T06:51:31.983+0000] {processor.py:830} INFO - Processing file /home/airflow/.local/lib/python3.8/site-packages/airflow/example_dags/example_bash_operator.py for tasks to queue
[2024-04-01T06:51:31.985+0000] {logging_mixin.py:188} INFO - [2024-04-01T06:51:31.984+0000] {dagbag.py:540} INFO - Filling up the DagBag from /home/airflow/.local/lib/python3.8/site-packages/airflow/example_dags/example_bash_operator.py
[2024-04-01T06:51:31.994+0000] {processor.py:840} INFO - DAG(s) 'example_bash_operator' retrieved from /home/airflow/.local/lib/python3.8/site-packages/airflow/example_dags/example_bash_operator.py
[2024-04-01T06:51:32.011+0000] {logging_mixin.py:188} INFO - [2024-04-01T06:51:32.011+0000] {dag.py:3047} INFO - Sync 1 DAGs
[2024-04-01T06:51:32.024+0000] {logging_mixin.py:188} INFO - [2024-04-01T06:51:32.024+0000] {dag.py:3834} INFO - Setting next_dagrun for example_bash_operator to 2024-03-31 00:00:00+00:00, run_after=2024-04-01 00:00:00+00:00
[2024-04-01T06:51:32.034+0000] {processor.py:183} INFO - Processing /home/airflow/.local/lib/python3.8/site-packages/airflow/example_dags/example_bash_operator.py took 0.055 seconds
[2024-04-01T06:52:02.817+0000] {processor.py:161} INFO - Started process (PID=559) to work on /home/airflow/.local/lib/python3.8/site-packages/airflow/example_dags/example_bash_operator.py
[2024-04-01T06:52:02.818+0000] {processor.py:830} INFO - Processing file /home/airflow/.local/lib/python3.8/site-packages/airflow/example_dags/example_bash_operator.py for tasks to queue
[2024-04-01T06:52:02.819+0000] {logging_mixin.py:188} INFO - [2024-04-01T06:52:02.819+0000] {dagbag.py:540} INFO - Filling up the DagBag from /home/airflow/.local/lib/python3.8/site-packages/airflow/example_dags/example_bash_operator.py
[2024-04-01T06:52:02.826+0000] {processor.py:840} INFO - DAG(s) 'example_bash_operator' retrieved from /home/airflow/.local/lib/python3.8/site-packages/airflow/example_dags/example_bash_operator.py
[2024-04-01T06:52:02.843+0000] {logging_mixin.py:188} INFO - [2024-04-01T06:52:02.842+0000] {dag.py:3047} INFO - Sync 1 DAGs
[2024-04-01T06:52:02.854+0000] {logging_mixin.py:188} INFO - [2024-04-01T06:52:02.854+0000] {dag.py:3834} INFO - Setting next_dagrun for example_bash_operator to 2024-03-31 00:00:00+00:00, run_after=2024-04-01 00:00:00+00:00
[2024-04-01T06:52:02.863+0000] {processor.py:183} INFO - Processing /home/airflow/.local/lib/python3.8/site-packages/airflow/example_dags/example_bash_operator.py took 0.048 seconds
[2024-04-01T06:52:33.604+0000] {processor.py:161} INFO - Started process (PID=614) to work on /home/airflow/.local/lib/python3.8/site-packages/airflow/example_dags/example_bash_operator.py
[2024-04-01T06:52:33.605+0000] {processor.py:830} INFO - Processing file /home/airflow/.local/lib/python3.8/site-packages/airflow/example_dags/example_bash_operator.py for tasks to queue
[2024-04-01T06:52:33.606+0000] {logging_mixin.py:188} INFO - [2024-04-01T06:52:33.606+0000] {dagbag.py:540} INFO - Filling up the DagBag from /home/airflow/.local/lib/python3.8/site-packages/airflow/example_dags/example_bash_operator.py
[2024-04-01T06:52:33.615+0000] {processor.py:840} INFO - DAG(s) 'example_bash_operator' retrieved from /home/airflow/.local/lib/python3.8/site-packages/airflow/example_dags/example_bash_operator.py
[2024-04-01T06:52:33.633+0000] {logging_mixin.py:188} INFO - [2024-04-01T06:52:33.633+0000] {dag.py:3047} INFO - Sync 1 DAGs
[2024-04-01T06:52:33.646+0000] {logging_mixin.py:188} INFO - [2024-04-01T06:52:33.646+0000] {dag.py:3834} INFO - Setting next_dagrun for example_bash_operator to 2024-03-31 00:00:00+00:00, run_after=2024-04-01 00:00:00+00:00
[2024-04-01T06:52:33.656+0000] {processor.py:183} INFO - Processing /home/airflow/.local/lib/python3.8/site-packages/airflow/example_dags/example_bash_operator.py took 0.053 seconds
[2024-04-01T06:53:03.814+0000] {processor.py:161} INFO - Started process (PID=669) to work on /home/airflow/.local/lib/python3.8/site-packages/airflow/example_dags/example_bash_operator.py
[2024-04-01T06:53:03.815+0000] {processor.py:830} INFO - Processing file /home/airflow/.local/lib/python3.8/site-packages/airflow/example_dags/example_bash_operator.py for tasks to queue
[2024-04-01T06:53:03.816+0000] {logging_mixin.py:188} INFO - [2024-04-01T06:53:03.816+0000] {dagbag.py:540} INFO - Filling up the DagBag from /home/airflow/.local/lib/python3.8/site-packages/airflow/example_dags/example_bash_operator.py
[2024-04-01T06:53:03.827+0000] {processor.py:840} INFO - DAG(s) 'example_bash_operator' retrieved from /home/airflow/.local/lib/python3.8/site-packages/airflow/example_dags/example_bash_operator.py
[2024-04-01T06:53:03.845+0000] {logging_mixin.py:188} INFO - [2024-04-01T06:53:03.845+0000] {dag.py:3047} INFO - Sync 1 DAGs
[2024-04-01T06:53:03.858+0000] {logging_mixin.py:188} INFO - [2024-04-01T06:53:03.858+0000] {dag.py:3834} INFO - Setting next_dagrun for example_bash_operator to 2024-03-31 00:00:00+00:00, run_after=2024-04-01 00:00:00+00:00
[2024-04-01T06:53:03.868+0000] {processor.py:183} INFO - Processing /home/airflow/.local/lib/python3.8/site-packages/airflow/example_dags/example_bash_operator.py took 0.056 seconds
[2024-04-01T06:53:34.018+0000] {processor.py:161} INFO - Started process (PID=724) to work on /home/airflow/.local/lib/python3.8/site-packages/airflow/example_dags/example_bash_operator.py
[2024-04-01T06:53:34.019+0000] {processor.py:830} INFO - Processing file /home/airflow/.local/lib/python3.8/site-packages/airflow/example_dags/example_bash_operator.py for tasks to queue
[2024-04-01T06:53:34.021+0000] {logging_mixin.py:188} INFO - [2024-04-01T06:53:34.020+0000] {dagbag.py:540} INFO - Filling up the DagBag from /home/airflow/.local/lib/python3.8/site-packages/airflow/example_dags/example_bash_operator.py
[2024-04-01T06:53:34.029+0000] {processor.py:840} INFO - DAG(s) 'example_bash_operator' retrieved from /home/airflow/.local/lib/python3.8/site-packages/airflow/example_dags/example_bash_operator.py
[2024-04-01T06:53:34.047+0000] {logging_mixin.py:188} INFO - [2024-04-01T06:53:34.047+0000] {dag.py:3047} INFO - Sync 1 DAGs
[2024-04-01T06:53:34.064+0000] {logging_mixin.py:188} INFO - [2024-04-01T06:53:34.064+0000] {dag.py:3834} INFO - Setting next_dagrun for example_bash_operator to 2024-03-31 00:00:00+00:00, run_after=2024-04-01 00:00:00+00:00
[2024-04-01T06:53:34.076+0000] {processor.py:183} INFO - Processing /home/airflow/.local/lib/python3.8/site-packages/airflow/example_dags/example_bash_operator.py took 0.060 seconds
[2024-04-01T06:54:04.852+0000] {processor.py:161} INFO - Started process (PID=779) to work on /home/airflow/.local/lib/python3.8/site-packages/airflow/example_dags/example_bash_operator.py
[2024-04-01T06:54:04.852+0000] {processor.py:830} INFO - Processing file /home/airflow/.local/lib/python3.8/site-packages/airflow/example_dags/example_bash_operator.py for tasks to queue
[2024-04-01T06:54:04.853+0000] {logging_mixin.py:188} INFO - [2024-04-01T06:54:04.853+0000] {dagbag.py:540} INFO - Filling up the DagBag from /home/airflow/.local/lib/python3.8/site-packages/airflow/example_dags/example_bash_operator.py
[2024-04-01T06:54:04.860+0000] {processor.py:840} INFO - DAG(s) 'example_bash_operator' retrieved from /home/airflow/.local/lib/python3.8/site-packages/airflow/example_dags/example_bash_operator.py
[2024-04-01T06:54:04.876+0000] {logging_mixin.py:188} INFO - [2024-04-01T06:54:04.876+0000] {dag.py:3047} INFO - Sync 1 DAGs
[2024-04-01T06:54:04.888+0000] {logging_mixin.py:188} INFO - [2024-04-01T06:54:04.888+0000] {dag.py:3834} INFO - Setting next_dagrun for example_bash_operator to 2024-03-31 00:00:00+00:00, run_after=2024-04-01 00:00:00+00:00
[2024-04-01T06:54:04.899+0000] {processor.py:183} INFO - Processing /home/airflow/.local/lib/python3.8/site-packages/airflow/example_dags/example_bash_operator.py took 0.049 seconds
[2024-04-01T06:54:35.582+0000] {processor.py:161} INFO - Started process (PID=834) to work on /home/airflow/.local/lib/python3.8/site-packages/airflow/example_dags/example_bash_operator.py
[2024-04-01T06:54:35.583+0000] {processor.py:830} INFO - Processing file /home/airflow/.local/lib/python3.8/site-packages/airflow/example_dags/example_bash_operator.py for tasks to queue
[2024-04-01T06:54:35.584+0000] {logging_mixin.py:188} INFO - [2024-04-01T06:54:35.584+0000] {dagbag.py:540} INFO - Filling up the DagBag from /home/airflow/.local/lib/python3.8/site-packages/airflow/example_dags/example_bash_operator.py
[2024-04-01T06:54:35.591+0000] {processor.py:840} INFO - DAG(s) 'example_bash_operator' retrieved from /home/airflow/.local/lib/python3.8/site-packages/airflow/example_dags/example_bash_operator.py
[2024-04-01T06:54:35.607+0000] {logging_mixin.py:188} INFO - [2024-04-01T06:54:35.607+0000] {dag.py:3047} INFO - Sync 1 DAGs
[2024-04-01T06:54:35.619+0000] {logging_mixin.py:188} INFO - [2024-04-01T06:54:35.619+0000] {dag.py:3834} INFO - Setting next_dagrun for example_bash_operator to 2024-03-31 00:00:00+00:00, run_after=2024-04-01 00:00:00+00:00
[2024-04-01T06:54:35.628+0000] {processor.py:183} INFO - Processing /home/airflow/.local/lib/python3.8/site-packages/airflow/example_dags/example_bash_operator.py took 0.048 seconds
[2024-04-01T06:55:06.291+0000] {processor.py:161} INFO - Started process (PID=889) to work on /home/airflow/.local/lib/python3.8/site-packages/airflow/example_dags/example_bash_operator.py
[2024-04-01T06:55:06.292+0000] {processor.py:830} INFO - Processing file /home/airflow/.local/lib/python3.8/site-packages/airflow/example_dags/example_bash_operator.py for tasks to queue
[2024-04-01T06:55:06.294+0000] {logging_mixin.py:188} INFO - [2024-04-01T06:55:06.293+0000] {dagbag.py:540} INFO - Filling up the DagBag from /home/airflow/.local/lib/python3.8/site-packages/airflow/example_dags/example_bash_operator.py
[2024-04-01T06:55:06.302+0000] {processor.py:840} INFO - DAG(s) 'example_bash_operator' retrieved from /home/airflow/.local/lib/python3.8/site-packages/airflow/example_dags/example_bash_operator.py
[2024-04-01T06:55:06.320+0000] {logging_mixin.py:188} INFO - [2024-04-01T06:55:06.320+0000] {dag.py:3047} INFO - Sync 1 DAGs
[2024-04-01T06:55:06.333+0000] {logging_mixin.py:188} INFO - [2024-04-01T06:55:06.333+0000] {dag.py:3834} INFO - Setting next_dagrun for example_bash_operator to 2024-03-31 00:00:00+00:00, run_after=2024-04-01 00:00:00+00:00
[2024-04-01T06:55:06.343+0000] {processor.py:183} INFO - Processing /home/airflow/.local/lib/python3.8/site-packages/airflow/example_dags/example_bash_operator.py took 0.054 seconds
[2024-04-01T06:55:37.037+0000] {processor.py:161} INFO - Started process (PID=944) to work on /home/airflow/.local/lib/python3.8/site-packages/airflow/example_dags/example_bash_operator.py
[2024-04-01T06:55:37.038+0000] {processor.py:830} INFO - Processing file /home/airflow/.local/lib/python3.8/site-packages/airflow/example_dags/example_bash_operator.py for tasks to queue
[2024-04-01T06:55:37.039+0000] {logging_mixin.py:188} INFO - [2024-04-01T06:55:37.039+0000] {dagbag.py:540} INFO - Filling up the DagBag from /home/airflow/.local/lib/python3.8/site-packages/airflow/example_dags/example_bash_operator.py
[2024-04-01T06:55:37.046+0000] {processor.py:840} INFO - DAG(s) 'example_bash_operator' retrieved from /home/airflow/.local/lib/python3.8/site-packages/airflow/example_dags/example_bash_operator.py
[2024-04-01T06:55:37.061+0000] {logging_mixin.py:188} INFO - [2024-04-01T06:55:37.061+0000] {dag.py:3047} INFO - Sync 1 DAGs
[2024-04-01T06:55:37.073+0000] {logging_mixin.py:188} INFO - [2024-04-01T06:55:37.073+0000] {dag.py:3834} INFO - Setting next_dagrun for example_bash_operator to 2024-03-31 00:00:00+00:00, run_after=2024-04-01 00:00:00+00:00
[2024-04-01T06:55:37.082+0000] {processor.py:183} INFO - Processing /home/airflow/.local/lib/python3.8/site-packages/airflow/example_dags/example_bash_operator.py took 0.047 seconds
[2024-04-01T06:56:07.737+0000] {processor.py:161} INFO - Started process (PID=999) to work on /home/airflow/.local/lib/python3.8/site-packages/airflow/example_dags/example_bash_operator.py
[2024-04-01T06:56:07.738+0000] {processor.py:830} INFO - Processing file /home/airflow/.local/lib/python3.8/site-packages/airflow/example_dags/example_bash_operator.py for tasks to queue
[2024-04-01T06:56:07.739+0000] {logging_mixin.py:188} INFO - [2024-04-01T06:56:07.739+0000] {dagbag.py:540} INFO - Filling up the DagBag from /home/airflow/.local/lib/python3.8/site-packages/airflow/example_dags/example_bash_operator.py
[2024-04-01T06:56:07.746+0000] {processor.py:840} INFO - DAG(s) 'example_bash_operator' retrieved from /home/airflow/.local/lib/python3.8/site-packages/airflow/example_dags/example_bash_operator.py
[2024-04-01T06:56:07.762+0000] {logging_mixin.py:188} INFO - [2024-04-01T06:56:07.762+0000] {dag.py:3047} INFO - Sync 1 DAGs
[2024-04-01T06:56:07.775+0000] {logging_mixin.py:188} INFO - [2024-04-01T06:56:07.775+0000] {dag.py:3834} INFO - Setting next_dagrun for example_bash_operator to 2024-03-31 00:00:00+00:00, run_after=2024-04-01 00:00:00+00:00
[2024-04-01T06:56:07.784+0000] {processor.py:183} INFO - Processing /home/airflow/.local/lib/python3.8/site-packages/airflow/example_dags/example_bash_operator.py took 0.050 seconds
[2024-04-01T06:56:38.574+0000] {processor.py:161} INFO - Started process (PID=1053) to work on /home/airflow/.local/lib/python3.8/site-packages/airflow/example_dags/example_bash_operator.py
[2024-04-01T06:56:38.575+0000] {processor.py:830} INFO - Processing file /home/airflow/.local/lib/python3.8/site-packages/airflow/example_dags/example_bash_operator.py for tasks to queue
[2024-04-01T06:56:38.576+0000] {logging_mixin.py:188} INFO - [2024-04-01T06:56:38.576+0000] {dagbag.py:540} INFO - Filling up the DagBag from /home/airflow/.local/lib/python3.8/site-packages/airflow/example_dags/example_bash_operator.py
[2024-04-01T06:56:38.583+0000] {processor.py:840} INFO - DAG(s) 'example_bash_operator' retrieved from /home/airflow/.local/lib/python3.8/site-packages/airflow/example_dags/example_bash_operator.py
[2024-04-01T06:56:38.599+0000] {logging_mixin.py:188} INFO - [2024-04-01T06:56:38.599+0000] {dag.py:3047} INFO - Sync 1 DAGs
[2024-04-01T06:56:38.612+0000] {logging_mixin.py:188} INFO - [2024-04-01T06:56:38.612+0000] {dag.py:3834} INFO - Setting next_dagrun for example_bash_operator to 2024-03-31 00:00:00+00:00, run_after=2024-04-01 00:00:00+00:00
[2024-04-01T06:56:38.621+0000] {processor.py:183} INFO - Processing /home/airflow/.local/lib/python3.8/site-packages/airflow/example_dags/example_bash_operator.py took 0.049 seconds
[2024-04-01T06:57:09.660+0000] {processor.py:161} INFO - Started process (PID=1108) to work on /home/airflow/.local/lib/python3.8/site-packages/airflow/example_dags/example_bash_operator.py
[2024-04-01T06:57:09.661+0000] {processor.py:830} INFO - Processing file /home/airflow/.local/lib/python3.8/site-packages/airflow/example_dags/example_bash_operator.py for tasks to queue
[2024-04-01T06:57:09.662+0000] {logging_mixin.py:188} INFO - [2024-04-01T06:57:09.662+0000] {dagbag.py:540} INFO - Filling up the DagBag from /home/airflow/.local/lib/python3.8/site-packages/airflow/example_dags/example_bash_operator.py
[2024-04-01T06:57:09.670+0000] {processor.py:840} INFO - DAG(s) 'example_bash_operator' retrieved from /home/airflow/.local/lib/python3.8/site-packages/airflow/example_dags/example_bash_operator.py
[2024-04-01T06:57:09.689+0000] {logging_mixin.py:188} INFO - [2024-04-01T06:57:09.689+0000] {dag.py:3047} INFO - Sync 1 DAGs
[2024-04-01T06:57:09.703+0000] {logging_mixin.py:188} INFO - [2024-04-01T06:57:09.703+0000] {dag.py:3834} INFO - Setting next_dagrun for example_bash_operator to 2024-03-31 00:00:00+00:00, run_after=2024-04-01 00:00:00+00:00
[2024-04-01T06:57:09.715+0000] {processor.py:183} INFO - Processing /home/airflow/.local/lib/python3.8/site-packages/airflow/example_dags/example_bash_operator.py took 0.058 seconds
[2024-04-01T06:57:40.373+0000] {processor.py:161} INFO - Started process (PID=1163) to work on /home/airflow/.local/lib/python3.8/site-packages/airflow/example_dags/example_bash_operator.py
[2024-04-01T06:57:40.373+0000] {processor.py:830} INFO - Processing file /home/airflow/.local/lib/python3.8/site-packages/airflow/example_dags/example_bash_operator.py for tasks to queue
[2024-04-01T06:57:40.374+0000] {logging_mixin.py:188} INFO - [2024-04-01T06:57:40.374+0000] {dagbag.py:540} INFO - Filling up the DagBag from /home/airflow/.local/lib/python3.8/site-packages/airflow/example_dags/example_bash_operator.py
[2024-04-01T06:57:40.381+0000] {processor.py:840} INFO - DAG(s) 'example_bash_operator' retrieved from /home/airflow/.local/lib/python3.8/site-packages/airflow/example_dags/example_bash_operator.py
[2024-04-01T06:57:40.397+0000] {logging_mixin.py:188} INFO - [2024-04-01T06:57:40.397+0000] {dag.py:3047} INFO - Sync 1 DAGs
[2024-04-01T06:57:40.409+0000] {logging_mixin.py:188} INFO - [2024-04-01T06:57:40.409+0000] {dag.py:3834} INFO - Setting next_dagrun for example_bash_operator to 2024-03-31 00:00:00+00:00, run_after=2024-04-01 00:00:00+00:00
[2024-04-01T06:57:40.418+0000] {processor.py:183} INFO - Processing /home/airflow/.local/lib/python3.8/site-packages/airflow/example_dags/example_bash_operator.py took 0.047 seconds
[2024-04-01T06:58:11.216+0000] {processor.py:161} INFO - Started process (PID=1218) to work on /home/airflow/.local/lib/python3.8/site-packages/airflow/example_dags/example_bash_operator.py
[2024-04-01T06:58:11.217+0000] {processor.py:830} INFO - Processing file /home/airflow/.local/lib/python3.8/site-packages/airflow/example_dags/example_bash_operator.py for tasks to queue
[2024-04-01T06:58:11.218+0000] {logging_mixin.py:188} INFO - [2024-04-01T06:58:11.218+0000] {dagbag.py:540} INFO - Filling up the DagBag from /home/airflow/.local/lib/python3.8/site-packages/airflow/example_dags/example_bash_operator.py
[2024-04-01T06:58:11.225+0000] {processor.py:840} INFO - DAG(s) 'example_bash_operator' retrieved from /home/airflow/.local/lib/python3.8/site-packages/airflow/example_dags/example_bash_operator.py
[2024-04-01T06:58:11.241+0000] {logging_mixin.py:188} INFO - [2024-04-01T06:58:11.240+0000] {dag.py:3047} INFO - Sync 1 DAGs
[2024-04-01T06:58:11.253+0000] {logging_mixin.py:188} INFO - [2024-04-01T06:58:11.253+0000] {dag.py:3834} INFO - Setting next_dagrun for example_bash_operator to 2024-03-31 00:00:00+00:00, run_after=2024-04-01 00:00:00+00:00
[2024-04-01T06:58:11.263+0000] {processor.py:183} INFO - Processing /home/airflow/.local/lib/python3.8/site-packages/airflow/example_dags/example_bash_operator.py took 0.049 seconds
[2024-04-01T06:58:41.302+0000] {processor.py:161} INFO - Started process (PID=1273) to work on /home/airflow/.local/lib/python3.8/site-packages/airflow/example_dags/example_bash_operator.py
[2024-04-01T06:58:41.303+0000] {processor.py:830} INFO - Processing file /home/airflow/.local/lib/python3.8/site-packages/airflow/example_dags/example_bash_operator.py for tasks to queue
[2024-04-01T06:58:41.304+0000] {logging_mixin.py:188} INFO - [2024-04-01T06:58:41.304+0000] {dagbag.py:540} INFO - Filling up the DagBag from /home/airflow/.local/lib/python3.8/site-packages/airflow/example_dags/example_bash_operator.py
[2024-04-01T06:58:41.312+0000] {processor.py:840} INFO - DAG(s) 'example_bash_operator' retrieved from /home/airflow/.local/lib/python3.8/site-packages/airflow/example_dags/example_bash_operator.py
[2024-04-01T06:58:41.327+0000] {logging_mixin.py:188} INFO - [2024-04-01T06:58:41.327+0000] {dag.py:3047} INFO - Sync 1 DAGs
[2024-04-01T06:58:41.340+0000] {logging_mixin.py:188} INFO - [2024-04-01T06:58:41.340+0000] {dag.py:3834} INFO - Setting next_dagrun for example_bash_operator to 2024-03-31 00:00:00+00:00, run_after=2024-04-01 00:00:00+00:00
[2024-04-01T06:58:41.349+0000] {processor.py:183} INFO - Processing /home/airflow/.local/lib/python3.8/site-packages/airflow/example_dags/example_bash_operator.py took 0.049 seconds
[2024-04-01T06:59:11.963+0000] {processor.py:161} INFO - Started process (PID=1328) to work on /home/airflow/.local/lib/python3.8/site-packages/airflow/example_dags/example_bash_operator.py
[2024-04-01T06:59:11.963+0000] {processor.py:830} INFO - Processing file /home/airflow/.local/lib/python3.8/site-packages/airflow/example_dags/example_bash_operator.py for tasks to queue
[2024-04-01T06:59:11.964+0000] {logging_mixin.py:188} INFO - [2024-04-01T06:59:11.964+0000] {dagbag.py:540} INFO - Filling up the DagBag from /home/airflow/.local/lib/python3.8/site-packages/airflow/example_dags/example_bash_operator.py
[2024-04-01T06:59:11.972+0000] {processor.py:840} INFO - DAG(s) 'example_bash_operator' retrieved from /home/airflow/.local/lib/python3.8/site-packages/airflow/example_dags/example_bash_operator.py
[2024-04-01T06:59:11.987+0000] {logging_mixin.py:188} INFO - [2024-04-01T06:59:11.987+0000] {dag.py:3047} INFO - Sync 1 DAGs
[2024-04-01T06:59:12.000+0000] {logging_mixin.py:188} INFO - [2024-04-01T06:59:11.999+0000] {dag.py:3834} INFO - Setting next_dagrun for example_bash_operator to 2024-03-31 00:00:00+00:00, run_after=2024-04-01 00:00:00+00:00
[2024-04-01T06:59:12.009+0000] {processor.py:183} INFO - Processing /home/airflow/.local/lib/python3.8/site-packages/airflow/example_dags/example_bash_operator.py took 0.048 seconds
[2024-04-01T06:59:42.719+0000] {processor.py:161} INFO - Started process (PID=1383) to work on /home/airflow/.local/lib/python3.8/site-packages/airflow/example_dags/example_bash_operator.py
[2024-04-01T06:59:42.720+0000] {processor.py:830} INFO - Processing file /home/airflow/.local/lib/python3.8/site-packages/airflow/example_dags/example_bash_operator.py for tasks to queue
[2024-04-01T06:59:42.721+0000] {logging_mixin.py:188} INFO - [2024-04-01T06:59:42.721+0000] {dagbag.py:540} INFO - Filling up the DagBag from /home/airflow/.local/lib/python3.8/site-packages/airflow/example_dags/example_bash_operator.py
[2024-04-01T06:59:42.729+0000] {processor.py:840} INFO - DAG(s) 'example_bash_operator' retrieved from /home/airflow/.local/lib/python3.8/site-packages/airflow/example_dags/example_bash_operator.py
[2024-04-01T06:59:42.746+0000] {logging_mixin.py:188} INFO - [2024-04-01T06:59:42.746+0000] {dag.py:3047} INFO - Sync 1 DAGs
[2024-04-01T06:59:42.759+0000] {logging_mixin.py:188} INFO - [2024-04-01T06:59:42.759+0000] {dag.py:3834} INFO - Setting next_dagrun for example_bash_operator to 2024-03-31 00:00:00+00:00, run_after=2024-04-01 00:00:00+00:00
[2024-04-01T06:59:42.768+0000] {processor.py:183} INFO - Processing /home/airflow/.local/lib/python3.8/site-packages/airflow/example_dags/example_bash_operator.py took 0.051 seconds
[2024-04-01T07:00:12.781+0000] {processor.py:161} INFO - Started process (PID=1438) to work on /home/airflow/.local/lib/python3.8/site-packages/airflow/example_dags/example_bash_operator.py
[2024-04-01T07:00:12.781+0000] {processor.py:830} INFO - Processing file /home/airflow/.local/lib/python3.8/site-packages/airflow/example_dags/example_bash_operator.py for tasks to queue
[2024-04-01T07:00:12.783+0000] {logging_mixin.py:188} INFO - [2024-04-01T07:00:12.782+0000] {dagbag.py:540} INFO - Filling up the DagBag from /home/airflow/.local/lib/python3.8/site-packages/airflow/example_dags/example_bash_operator.py
[2024-04-01T07:00:12.789+0000] {processor.py:840} INFO - DAG(s) 'example_bash_operator' retrieved from /home/airflow/.local/lib/python3.8/site-packages/airflow/example_dags/example_bash_operator.py
[2024-04-01T07:00:12.805+0000] {logging_mixin.py:188} INFO - [2024-04-01T07:00:12.805+0000] {dag.py:3047} INFO - Sync 1 DAGs
[2024-04-01T07:00:12.816+0000] {logging_mixin.py:188} INFO - [2024-04-01T07:00:12.816+0000] {dag.py:3834} INFO - Setting next_dagrun for example_bash_operator to 2024-03-31 00:00:00+00:00, run_after=2024-04-01 00:00:00+00:00
[2024-04-01T07:00:12.825+0000] {processor.py:183} INFO - Processing /home/airflow/.local/lib/python3.8/site-packages/airflow/example_dags/example_bash_operator.py took 0.046 seconds
[2024-04-01T07:00:43.260+0000] {processor.py:161} INFO - Started process (PID=1493) to work on /home/airflow/.local/lib/python3.8/site-packages/airflow/example_dags/example_bash_operator.py
[2024-04-01T07:00:43.260+0000] {processor.py:830} INFO - Processing file /home/airflow/.local/lib/python3.8/site-packages/airflow/example_dags/example_bash_operator.py for tasks to queue
[2024-04-01T07:00:43.261+0000] {logging_mixin.py:188} INFO - [2024-04-01T07:00:43.261+0000] {dagbag.py:540} INFO - Filling up the DagBag from /home/airflow/.local/lib/python3.8/site-packages/airflow/example_dags/example_bash_operator.py
[2024-04-01T07:00:43.268+0000] {processor.py:840} INFO - DAG(s) 'example_bash_operator' retrieved from /home/airflow/.local/lib/python3.8/site-packages/airflow/example_dags/example_bash_operator.py
[2024-04-01T07:00:43.283+0000] {logging_mixin.py:188} INFO - [2024-04-01T07:00:43.283+0000] {dag.py:3047} INFO - Sync 1 DAGs
[2024-04-01T07:00:43.295+0000] {logging_mixin.py:188} INFO - [2024-04-01T07:00:43.295+0000] {dag.py:3834} INFO - Setting next_dagrun for example_bash_operator to 2024-03-31 00:00:00+00:00, run_after=2024-04-01 00:00:00+00:00
[2024-04-01T07:00:43.304+0000] {processor.py:183} INFO - Processing /home/airflow/.local/lib/python3.8/site-packages/airflow/example_dags/example_bash_operator.py took 0.046 seconds
[2024-04-01T07:01:37.376+0000] {processor.py:161} INFO - Started process (PID=64) to work on /home/airflow/.local/lib/python3.8/site-packages/airflow/example_dags/example_bash_operator.py
[2024-04-01T07:01:37.377+0000] {processor.py:830} INFO - Processing file /home/airflow/.local/lib/python3.8/site-packages/airflow/example_dags/example_bash_operator.py for tasks to queue
[2024-04-01T07:01:37.378+0000] {logging_mixin.py:188} INFO - [2024-04-01T07:01:37.378+0000] {dagbag.py:540} INFO - Filling up the DagBag from /home/airflow/.local/lib/python3.8/site-packages/airflow/example_dags/example_bash_operator.py
[2024-04-01T07:01:37.387+0000] {processor.py:840} INFO - DAG(s) 'example_bash_operator' retrieved from /home/airflow/.local/lib/python3.8/site-packages/airflow/example_dags/example_bash_operator.py
[2024-04-01T07:01:37.396+0000] {logging_mixin.py:188} INFO - [2024-04-01T07:01:37.396+0000] {dag.py:3047} INFO - Sync 1 DAGs
[2024-04-01T07:01:37.414+0000] {logging_mixin.py:188} INFO - [2024-04-01T07:01:37.414+0000] {dag.py:3834} INFO - Setting next_dagrun for example_bash_operator to 2024-03-31 00:00:00+00:00, run_after=2024-04-01 00:00:00+00:00
[2024-04-01T07:01:37.428+0000] {processor.py:183} INFO - Processing /home/airflow/.local/lib/python3.8/site-packages/airflow/example_dags/example_bash_operator.py took 0.054 seconds
[2024-04-01T07:02:08.186+0000] {processor.py:161} INFO - Started process (PID=119) to work on /home/airflow/.local/lib/python3.8/site-packages/airflow/example_dags/example_bash_operator.py
[2024-04-01T07:02:08.187+0000] {processor.py:830} INFO - Processing file /home/airflow/.local/lib/python3.8/site-packages/airflow/example_dags/example_bash_operator.py for tasks to queue
[2024-04-01T07:02:08.188+0000] {logging_mixin.py:188} INFO - [2024-04-01T07:02:08.188+0000] {dagbag.py:540} INFO - Filling up the DagBag from /home/airflow/.local/lib/python3.8/site-packages/airflow/example_dags/example_bash_operator.py
[2024-04-01T07:02:08.195+0000] {processor.py:840} INFO - DAG(s) 'example_bash_operator' retrieved from /home/airflow/.local/lib/python3.8/site-packages/airflow/example_dags/example_bash_operator.py
[2024-04-01T07:02:08.256+0000] {logging_mixin.py:188} INFO - [2024-04-01T07:02:08.256+0000] {dag.py:3047} INFO - Sync 1 DAGs
[2024-04-01T07:02:08.268+0000] {logging_mixin.py:188} INFO - [2024-04-01T07:02:08.268+0000] {dag.py:3834} INFO - Setting next_dagrun for example_bash_operator to 2024-03-31 00:00:00+00:00, run_after=2024-04-01 00:00:00+00:00
[2024-04-01T07:02:08.278+0000] {processor.py:183} INFO - Processing /home/airflow/.local/lib/python3.8/site-packages/airflow/example_dags/example_bash_operator.py took 0.094 seconds
[2024-04-01T07:02:38.588+0000] {processor.py:161} INFO - Started process (PID=173) to work on /home/airflow/.local/lib/python3.8/site-packages/airflow/example_dags/example_bash_operator.py
[2024-04-01T07:02:38.589+0000] {processor.py:830} INFO - Processing file /home/airflow/.local/lib/python3.8/site-packages/airflow/example_dags/example_bash_operator.py for tasks to queue
[2024-04-01T07:02:38.590+0000] {logging_mixin.py:188} INFO - [2024-04-01T07:02:38.590+0000] {dagbag.py:540} INFO - Filling up the DagBag from /home/airflow/.local/lib/python3.8/site-packages/airflow/example_dags/example_bash_operator.py
[2024-04-01T07:02:38.598+0000] {processor.py:840} INFO - DAG(s) 'example_bash_operator' retrieved from /home/airflow/.local/lib/python3.8/site-packages/airflow/example_dags/example_bash_operator.py
[2024-04-01T07:02:38.616+0000] {logging_mixin.py:188} INFO - [2024-04-01T07:02:38.616+0000] {dag.py:3047} INFO - Sync 1 DAGs
[2024-04-01T07:02:38.628+0000] {logging_mixin.py:188} INFO - [2024-04-01T07:02:38.628+0000] {dag.py:3834} INFO - Setting next_dagrun for example_bash_operator to 2024-03-31 00:00:00+00:00, run_after=2024-04-01 00:00:00+00:00
[2024-04-01T07:02:38.638+0000] {processor.py:183} INFO - Processing /home/airflow/.local/lib/python3.8/site-packages/airflow/example_dags/example_bash_operator.py took 0.052 seconds
[2024-04-01T07:03:08.752+0000] {processor.py:161} INFO - Started process (PID=228) to work on /home/airflow/.local/lib/python3.8/site-packages/airflow/example_dags/example_bash_operator.py
[2024-04-01T07:03:08.752+0000] {processor.py:830} INFO - Processing file /home/airflow/.local/lib/python3.8/site-packages/airflow/example_dags/example_bash_operator.py for tasks to queue
[2024-04-01T07:03:08.753+0000] {logging_mixin.py:188} INFO - [2024-04-01T07:03:08.753+0000] {dagbag.py:540} INFO - Filling up the DagBag from /home/airflow/.local/lib/python3.8/site-packages/airflow/example_dags/example_bash_operator.py
[2024-04-01T07:03:08.761+0000] {processor.py:840} INFO - DAG(s) 'example_bash_operator' retrieved from /home/airflow/.local/lib/python3.8/site-packages/airflow/example_dags/example_bash_operator.py
[2024-04-01T07:03:08.779+0000] {logging_mixin.py:188} INFO - [2024-04-01T07:03:08.778+0000] {dag.py:3047} INFO - Sync 1 DAGs
[2024-04-01T07:03:08.792+0000] {logging_mixin.py:188} INFO - [2024-04-01T07:03:08.791+0000] {dag.py:3834} INFO - Setting next_dagrun for example_bash_operator to 2024-03-31 00:00:00+00:00, run_after=2024-04-01 00:00:00+00:00
[2024-04-01T07:03:08.801+0000] {processor.py:183} INFO - Processing /home/airflow/.local/lib/python3.8/site-packages/airflow/example_dags/example_bash_operator.py took 0.051 seconds
[2024-04-01T07:03:38.853+0000] {processor.py:161} INFO - Started process (PID=283) to work on /home/airflow/.local/lib/python3.8/site-packages/airflow/example_dags/example_bash_operator.py
[2024-04-01T07:03:38.854+0000] {processor.py:830} INFO - Processing file /home/airflow/.local/lib/python3.8/site-packages/airflow/example_dags/example_bash_operator.py for tasks to queue
[2024-04-01T07:03:38.855+0000] {logging_mixin.py:188} INFO - [2024-04-01T07:03:38.855+0000] {dagbag.py:540} INFO - Filling up the DagBag from /home/airflow/.local/lib/python3.8/site-packages/airflow/example_dags/example_bash_operator.py
[2024-04-01T07:03:38.863+0000] {processor.py:840} INFO - DAG(s) 'example_bash_operator' retrieved from /home/airflow/.local/lib/python3.8/site-packages/airflow/example_dags/example_bash_operator.py
[2024-04-01T07:03:38.887+0000] {logging_mixin.py:188} INFO - [2024-04-01T07:03:38.887+0000] {dag.py:3047} INFO - Sync 1 DAGs
[2024-04-01T07:03:38.902+0000] {logging_mixin.py:188} INFO - [2024-04-01T07:03:38.902+0000] {dag.py:3834} INFO - Setting next_dagrun for example_bash_operator to 2024-03-31 00:00:00+00:00, run_after=2024-04-01 00:00:00+00:00
[2024-04-01T07:03:38.915+0000] {processor.py:183} INFO - Processing /home/airflow/.local/lib/python3.8/site-packages/airflow/example_dags/example_bash_operator.py took 0.065 seconds
[2024-04-01T07:04:08.973+0000] {processor.py:161} INFO - Started process (PID=338) to work on /home/airflow/.local/lib/python3.8/site-packages/airflow/example_dags/example_bash_operator.py
[2024-04-01T07:04:08.974+0000] {processor.py:830} INFO - Processing file /home/airflow/.local/lib/python3.8/site-packages/airflow/example_dags/example_bash_operator.py for tasks to queue
[2024-04-01T07:04:08.975+0000] {logging_mixin.py:188} INFO - [2024-04-01T07:04:08.975+0000] {dagbag.py:540} INFO - Filling up the DagBag from /home/airflow/.local/lib/python3.8/site-packages/airflow/example_dags/example_bash_operator.py
[2024-04-01T07:04:08.983+0000] {processor.py:840} INFO - DAG(s) 'example_bash_operator' retrieved from /home/airflow/.local/lib/python3.8/site-packages/airflow/example_dags/example_bash_operator.py
[2024-04-01T07:04:09.000+0000] {logging_mixin.py:188} INFO - [2024-04-01T07:04:09.000+0000] {dag.py:3047} INFO - Sync 1 DAGs
[2024-04-01T07:04:09.012+0000] {logging_mixin.py:188} INFO - [2024-04-01T07:04:09.012+0000] {dag.py:3834} INFO - Setting next_dagrun for example_bash_operator to 2024-03-31 00:00:00+00:00, run_after=2024-04-01 00:00:00+00:00
[2024-04-01T07:04:09.022+0000] {processor.py:183} INFO - Processing /home/airflow/.local/lib/python3.8/site-packages/airflow/example_dags/example_bash_operator.py took 0.050 seconds
[2024-04-01T07:04:39.132+0000] {processor.py:161} INFO - Started process (PID=393) to work on /home/airflow/.local/lib/python3.8/site-packages/airflow/example_dags/example_bash_operator.py
[2024-04-01T07:04:39.134+0000] {processor.py:830} INFO - Processing file /home/airflow/.local/lib/python3.8/site-packages/airflow/example_dags/example_bash_operator.py for tasks to queue
[2024-04-01T07:04:39.135+0000] {logging_mixin.py:188} INFO - [2024-04-01T07:04:39.135+0000] {dagbag.py:540} INFO - Filling up the DagBag from /home/airflow/.local/lib/python3.8/site-packages/airflow/example_dags/example_bash_operator.py
[2024-04-01T07:04:39.143+0000] {processor.py:840} INFO - DAG(s) 'example_bash_operator' retrieved from /home/airflow/.local/lib/python3.8/site-packages/airflow/example_dags/example_bash_operator.py
[2024-04-01T07:04:39.162+0000] {logging_mixin.py:188} INFO - [2024-04-01T07:04:39.162+0000] {dag.py:3047} INFO - Sync 1 DAGs
[2024-04-01T07:04:39.175+0000] {logging_mixin.py:188} INFO - [2024-04-01T07:04:39.175+0000] {dag.py:3834} INFO - Setting next_dagrun for example_bash_operator to 2024-03-31 00:00:00+00:00, run_after=2024-04-01 00:00:00+00:00
[2024-04-01T07:04:39.185+0000] {processor.py:183} INFO - Processing /home/airflow/.local/lib/python3.8/site-packages/airflow/example_dags/example_bash_operator.py took 0.055 seconds
[2024-04-01T07:05:09.298+0000] {processor.py:161} INFO - Started process (PID=448) to work on /home/airflow/.local/lib/python3.8/site-packages/airflow/example_dags/example_bash_operator.py
[2024-04-01T07:05:09.299+0000] {processor.py:830} INFO - Processing file /home/airflow/.local/lib/python3.8/site-packages/airflow/example_dags/example_bash_operator.py for tasks to queue
[2024-04-01T07:05:09.300+0000] {logging_mixin.py:188} INFO - [2024-04-01T07:05:09.300+0000] {dagbag.py:540} INFO - Filling up the DagBag from /home/airflow/.local/lib/python3.8/site-packages/airflow/example_dags/example_bash_operator.py
[2024-04-01T07:05:09.308+0000] {processor.py:840} INFO - DAG(s) 'example_bash_operator' retrieved from /home/airflow/.local/lib/python3.8/site-packages/airflow/example_dags/example_bash_operator.py
[2024-04-01T07:05:09.325+0000] {logging_mixin.py:188} INFO - [2024-04-01T07:05:09.324+0000] {dag.py:3047} INFO - Sync 1 DAGs
[2024-04-01T07:05:09.339+0000] {logging_mixin.py:188} INFO - [2024-04-01T07:05:09.339+0000] {dag.py:3834} INFO - Setting next_dagrun for example_bash_operator to 2024-03-31 00:00:00+00:00, run_after=2024-04-01 00:00:00+00:00
[2024-04-01T07:05:09.349+0000] {processor.py:183} INFO - Processing /home/airflow/.local/lib/python3.8/site-packages/airflow/example_dags/example_bash_operator.py took 0.053 seconds
[2024-04-01T07:05:39.411+0000] {processor.py:161} INFO - Started process (PID=503) to work on /home/airflow/.local/lib/python3.8/site-packages/airflow/example_dags/example_bash_operator.py
[2024-04-01T07:05:39.412+0000] {processor.py:830} INFO - Processing file /home/airflow/.local/lib/python3.8/site-packages/airflow/example_dags/example_bash_operator.py for tasks to queue
[2024-04-01T07:05:39.413+0000] {logging_mixin.py:188} INFO - [2024-04-01T07:05:39.413+0000] {dagbag.py:540} INFO - Filling up the DagBag from /home/airflow/.local/lib/python3.8/site-packages/airflow/example_dags/example_bash_operator.py
[2024-04-01T07:05:39.422+0000] {processor.py:840} INFO - DAG(s) 'example_bash_operator' retrieved from /home/airflow/.local/lib/python3.8/site-packages/airflow/example_dags/example_bash_operator.py
[2024-04-01T07:05:39.441+0000] {logging_mixin.py:188} INFO - [2024-04-01T07:05:39.440+0000] {dag.py:3047} INFO - Sync 1 DAGs
[2024-04-01T07:05:39.455+0000] {logging_mixin.py:188} INFO - [2024-04-01T07:05:39.455+0000] {dag.py:3834} INFO - Setting next_dagrun for example_bash_operator to 2024-03-31 00:00:00+00:00, run_after=2024-04-01 00:00:00+00:00
[2024-04-01T07:05:39.466+0000] {processor.py:183} INFO - Processing /home/airflow/.local/lib/python3.8/site-packages/airflow/example_dags/example_bash_operator.py took 0.058 seconds
[2024-04-01T07:06:09.559+0000] {processor.py:161} INFO - Started process (PID=558) to work on /home/airflow/.local/lib/python3.8/site-packages/airflow/example_dags/example_bash_operator.py
[2024-04-01T07:06:09.559+0000] {processor.py:830} INFO - Processing file /home/airflow/.local/lib/python3.8/site-packages/airflow/example_dags/example_bash_operator.py for tasks to queue
[2024-04-01T07:06:09.561+0000] {logging_mixin.py:188} INFO - [2024-04-01T07:06:09.560+0000] {dagbag.py:540} INFO - Filling up the DagBag from /home/airflow/.local/lib/python3.8/site-packages/airflow/example_dags/example_bash_operator.py
[2024-04-01T07:06:09.567+0000] {processor.py:840} INFO - DAG(s) 'example_bash_operator' retrieved from /home/airflow/.local/lib/python3.8/site-packages/airflow/example_dags/example_bash_operator.py
[2024-04-01T07:06:09.584+0000] {logging_mixin.py:188} INFO - [2024-04-01T07:06:09.584+0000] {dag.py:3047} INFO - Sync 1 DAGs
[2024-04-01T07:06:09.597+0000] {logging_mixin.py:188} INFO - [2024-04-01T07:06:09.596+0000] {dag.py:3834} INFO - Setting next_dagrun for example_bash_operator to 2024-03-31 00:00:00+00:00, run_after=2024-04-01 00:00:00+00:00
[2024-04-01T07:06:09.606+0000] {processor.py:183} INFO - Processing /home/airflow/.local/lib/python3.8/site-packages/airflow/example_dags/example_bash_operator.py took 0.049 seconds
[2024-04-01T07:06:40.085+0000] {processor.py:161} INFO - Started process (PID=613) to work on /home/airflow/.local/lib/python3.8/site-packages/airflow/example_dags/example_bash_operator.py
[2024-04-01T07:06:40.086+0000] {processor.py:830} INFO - Processing file /home/airflow/.local/lib/python3.8/site-packages/airflow/example_dags/example_bash_operator.py for tasks to queue
[2024-04-01T07:06:40.087+0000] {logging_mixin.py:188} INFO - [2024-04-01T07:06:40.087+0000] {dagbag.py:540} INFO - Filling up the DagBag from /home/airflow/.local/lib/python3.8/site-packages/airflow/example_dags/example_bash_operator.py
[2024-04-01T07:06:40.095+0000] {processor.py:840} INFO - DAG(s) 'example_bash_operator' retrieved from /home/airflow/.local/lib/python3.8/site-packages/airflow/example_dags/example_bash_operator.py
[2024-04-01T07:06:40.112+0000] {logging_mixin.py:188} INFO - [2024-04-01T07:06:40.111+0000] {dag.py:3047} INFO - Sync 1 DAGs
[2024-04-01T07:06:40.126+0000] {logging_mixin.py:188} INFO - [2024-04-01T07:06:40.126+0000] {dag.py:3834} INFO - Setting next_dagrun for example_bash_operator to 2024-03-31 00:00:00+00:00, run_after=2024-04-01 00:00:00+00:00
[2024-04-01T07:06:40.139+0000] {processor.py:183} INFO - Processing /home/airflow/.local/lib/python3.8/site-packages/airflow/example_dags/example_bash_operator.py took 0.056 seconds
[2024-04-01T07:07:10.200+0000] {processor.py:161} INFO - Started process (PID=668) to work on /home/airflow/.local/lib/python3.8/site-packages/airflow/example_dags/example_bash_operator.py
[2024-04-01T07:07:10.201+0000] {processor.py:830} INFO - Processing file /home/airflow/.local/lib/python3.8/site-packages/airflow/example_dags/example_bash_operator.py for tasks to queue
[2024-04-01T07:07:10.203+0000] {logging_mixin.py:188} INFO - [2024-04-01T07:07:10.202+0000] {dagbag.py:540} INFO - Filling up the DagBag from /home/airflow/.local/lib/python3.8/site-packages/airflow/example_dags/example_bash_operator.py
[2024-04-01T07:07:10.211+0000] {processor.py:840} INFO - DAG(s) 'example_bash_operator' retrieved from /home/airflow/.local/lib/python3.8/site-packages/airflow/example_dags/example_bash_operator.py
[2024-04-01T07:07:10.228+0000] {logging_mixin.py:188} INFO - [2024-04-01T07:07:10.228+0000] {dag.py:3047} INFO - Sync 1 DAGs
[2024-04-01T07:07:10.241+0000] {logging_mixin.py:188} INFO - [2024-04-01T07:07:10.241+0000] {dag.py:3834} INFO - Setting next_dagrun for example_bash_operator to 2024-03-31 00:00:00+00:00, run_after=2024-04-01 00:00:00+00:00
[2024-04-01T07:07:10.250+0000] {processor.py:183} INFO - Processing /home/airflow/.local/lib/python3.8/site-packages/airflow/example_dags/example_bash_operator.py took 0.052 seconds
[2024-04-01T07:07:40.422+0000] {processor.py:161} INFO - Started process (PID=723) to work on /home/airflow/.local/lib/python3.8/site-packages/airflow/example_dags/example_bash_operator.py
[2024-04-01T07:07:40.423+0000] {processor.py:830} INFO - Processing file /home/airflow/.local/lib/python3.8/site-packages/airflow/example_dags/example_bash_operator.py for tasks to queue
[2024-04-01T07:07:40.425+0000] {logging_mixin.py:188} INFO - [2024-04-01T07:07:40.425+0000] {dagbag.py:540} INFO - Filling up the DagBag from /home/airflow/.local/lib/python3.8/site-packages/airflow/example_dags/example_bash_operator.py
[2024-04-01T07:07:40.434+0000] {processor.py:840} INFO - DAG(s) 'example_bash_operator' retrieved from /home/airflow/.local/lib/python3.8/site-packages/airflow/example_dags/example_bash_operator.py
[2024-04-01T07:07:40.451+0000] {logging_mixin.py:188} INFO - [2024-04-01T07:07:40.451+0000] {dag.py:3047} INFO - Sync 1 DAGs
[2024-04-01T07:07:40.466+0000] {logging_mixin.py:188} INFO - [2024-04-01T07:07:40.466+0000] {dag.py:3834} INFO - Setting next_dagrun for example_bash_operator to 2024-03-31 00:00:00+00:00, run_after=2024-04-01 00:00:00+00:00
[2024-04-01T07:07:40.477+0000] {processor.py:183} INFO - Processing /home/airflow/.local/lib/python3.8/site-packages/airflow/example_dags/example_bash_operator.py took 0.058 seconds
[2024-04-01T07:08:11.461+0000] {processor.py:161} INFO - Started process (PID=778) to work on /home/airflow/.local/lib/python3.8/site-packages/airflow/example_dags/example_bash_operator.py
[2024-04-01T07:08:11.462+0000] {processor.py:830} INFO - Processing file /home/airflow/.local/lib/python3.8/site-packages/airflow/example_dags/example_bash_operator.py for tasks to queue
[2024-04-01T07:08:11.463+0000] {logging_mixin.py:188} INFO - [2024-04-01T07:08:11.463+0000] {dagbag.py:540} INFO - Filling up the DagBag from /home/airflow/.local/lib/python3.8/site-packages/airflow/example_dags/example_bash_operator.py
[2024-04-01T07:08:11.473+0000] {processor.py:840} INFO - DAG(s) 'example_bash_operator' retrieved from /home/airflow/.local/lib/python3.8/site-packages/airflow/example_dags/example_bash_operator.py
[2024-04-01T07:08:11.492+0000] {logging_mixin.py:188} INFO - [2024-04-01T07:08:11.492+0000] {dag.py:3047} INFO - Sync 1 DAGs
[2024-04-01T07:08:11.505+0000] {logging_mixin.py:188} INFO - [2024-04-01T07:08:11.505+0000] {dag.py:3834} INFO - Setting next_dagrun for example_bash_operator to 2024-03-31 00:00:00+00:00, run_after=2024-04-01 00:00:00+00:00
[2024-04-01T07:08:11.518+0000] {processor.py:183} INFO - Processing /home/airflow/.local/lib/python3.8/site-packages/airflow/example_dags/example_bash_operator.py took 0.060 seconds
[2024-04-01T07:08:42.289+0000] {processor.py:161} INFO - Started process (PID=833) to work on /home/airflow/.local/lib/python3.8/site-packages/airflow/example_dags/example_bash_operator.py
[2024-04-01T07:08:42.290+0000] {processor.py:830} INFO - Processing file /home/airflow/.local/lib/python3.8/site-packages/airflow/example_dags/example_bash_operator.py for tasks to queue
[2024-04-01T07:08:42.292+0000] {logging_mixin.py:188} INFO - [2024-04-01T07:08:42.292+0000] {dagbag.py:540} INFO - Filling up the DagBag from /home/airflow/.local/lib/python3.8/site-packages/airflow/example_dags/example_bash_operator.py
[2024-04-01T07:08:42.301+0000] {processor.py:840} INFO - DAG(s) 'example_bash_operator' retrieved from /home/airflow/.local/lib/python3.8/site-packages/airflow/example_dags/example_bash_operator.py
[2024-04-01T07:08:42.316+0000] {logging_mixin.py:188} INFO - [2024-04-01T07:08:42.316+0000] {dag.py:3047} INFO - Sync 1 DAGs
[2024-04-01T07:08:42.328+0000] {logging_mixin.py:188} INFO - [2024-04-01T07:08:42.328+0000] {dag.py:3834} INFO - Setting next_dagrun for example_bash_operator to 2024-03-31 00:00:00+00:00, run_after=2024-04-01 00:00:00+00:00
[2024-04-01T07:08:42.337+0000] {processor.py:183} INFO - Processing /home/airflow/.local/lib/python3.8/site-packages/airflow/example_dags/example_bash_operator.py took 0.051 seconds
[2024-04-01T07:09:12.520+0000] {processor.py:161} INFO - Started process (PID=888) to work on /home/airflow/.local/lib/python3.8/site-packages/airflow/example_dags/example_bash_operator.py
[2024-04-01T07:09:12.521+0000] {processor.py:830} INFO - Processing file /home/airflow/.local/lib/python3.8/site-packages/airflow/example_dags/example_bash_operator.py for tasks to queue
[2024-04-01T07:09:12.523+0000] {logging_mixin.py:188} INFO - [2024-04-01T07:09:12.522+0000] {dagbag.py:540} INFO - Filling up the DagBag from /home/airflow/.local/lib/python3.8/site-packages/airflow/example_dags/example_bash_operator.py
[2024-04-01T07:09:12.533+0000] {processor.py:840} INFO - DAG(s) 'example_bash_operator' retrieved from /home/airflow/.local/lib/python3.8/site-packages/airflow/example_dags/example_bash_operator.py
[2024-04-01T07:09:12.549+0000] {logging_mixin.py:188} INFO - [2024-04-01T07:09:12.549+0000] {dag.py:3047} INFO - Sync 1 DAGs
[2024-04-01T07:09:12.562+0000] {logging_mixin.py:188} INFO - [2024-04-01T07:09:12.562+0000] {dag.py:3834} INFO - Setting next_dagrun for example_bash_operator to 2024-03-31 00:00:00+00:00, run_after=2024-04-01 00:00:00+00:00
[2024-04-01T07:09:12.571+0000] {processor.py:183} INFO - Processing /home/airflow/.local/lib/python3.8/site-packages/airflow/example_dags/example_bash_operator.py took 0.055 seconds
[2024-04-01T07:09:43.445+0000] {processor.py:161} INFO - Started process (PID=943) to work on /home/airflow/.local/lib/python3.8/site-packages/airflow/example_dags/example_bash_operator.py
[2024-04-01T07:09:43.447+0000] {processor.py:830} INFO - Processing file /home/airflow/.local/lib/python3.8/site-packages/airflow/example_dags/example_bash_operator.py for tasks to queue
[2024-04-01T07:09:43.449+0000] {logging_mixin.py:188} INFO - [2024-04-01T07:09:43.448+0000] {dagbag.py:540} INFO - Filling up the DagBag from /home/airflow/.local/lib/python3.8/site-packages/airflow/example_dags/example_bash_operator.py
[2024-04-01T07:09:43.460+0000] {processor.py:840} INFO - DAG(s) 'example_bash_operator' retrieved from /home/airflow/.local/lib/python3.8/site-packages/airflow/example_dags/example_bash_operator.py
[2024-04-01T07:09:43.477+0000] {logging_mixin.py:188} INFO - [2024-04-01T07:09:43.476+0000] {dag.py:3047} INFO - Sync 1 DAGs
[2024-04-01T07:09:43.488+0000] {logging_mixin.py:188} INFO - [2024-04-01T07:09:43.488+0000] {dag.py:3834} INFO - Setting next_dagrun for example_bash_operator to 2024-03-31 00:00:00+00:00, run_after=2024-04-01 00:00:00+00:00
[2024-04-01T07:09:43.497+0000] {processor.py:183} INFO - Processing /home/airflow/.local/lib/python3.8/site-packages/airflow/example_dags/example_bash_operator.py took 0.056 seconds
[2024-04-01T07:10:14.371+0000] {processor.py:161} INFO - Started process (PID=998) to work on /home/airflow/.local/lib/python3.8/site-packages/airflow/example_dags/example_bash_operator.py
[2024-04-01T07:10:14.372+0000] {processor.py:830} INFO - Processing file /home/airflow/.local/lib/python3.8/site-packages/airflow/example_dags/example_bash_operator.py for tasks to queue
[2024-04-01T07:10:14.374+0000] {logging_mixin.py:188} INFO - [2024-04-01T07:10:14.373+0000] {dagbag.py:540} INFO - Filling up the DagBag from /home/airflow/.local/lib/python3.8/site-packages/airflow/example_dags/example_bash_operator.py
[2024-04-01T07:10:14.384+0000] {processor.py:840} INFO - DAG(s) 'example_bash_operator' retrieved from /home/airflow/.local/lib/python3.8/site-packages/airflow/example_dags/example_bash_operator.py
[2024-04-01T07:10:14.409+0000] {logging_mixin.py:188} INFO - [2024-04-01T07:10:14.408+0000] {dag.py:3047} INFO - Sync 1 DAGs
[2024-04-01T07:10:14.428+0000] {logging_mixin.py:188} INFO - [2024-04-01T07:10:14.428+0000] {dag.py:3834} INFO - Setting next_dagrun for example_bash_operator to 2024-03-31 00:00:00+00:00, run_after=2024-04-01 00:00:00+00:00
[2024-04-01T07:10:14.442+0000] {processor.py:183} INFO - Processing /home/airflow/.local/lib/python3.8/site-packages/airflow/example_dags/example_bash_operator.py took 0.074 seconds
[2024-04-01T07:10:44.498+0000] {processor.py:161} INFO - Started process (PID=1053) to work on /home/airflow/.local/lib/python3.8/site-packages/airflow/example_dags/example_bash_operator.py
[2024-04-01T07:10:44.499+0000] {processor.py:830} INFO - Processing file /home/airflow/.local/lib/python3.8/site-packages/airflow/example_dags/example_bash_operator.py for tasks to queue
[2024-04-01T07:10:44.500+0000] {logging_mixin.py:188} INFO - [2024-04-01T07:10:44.500+0000] {dagbag.py:540} INFO - Filling up the DagBag from /home/airflow/.local/lib/python3.8/site-packages/airflow/example_dags/example_bash_operator.py
[2024-04-01T07:10:44.509+0000] {processor.py:840} INFO - DAG(s) 'example_bash_operator' retrieved from /home/airflow/.local/lib/python3.8/site-packages/airflow/example_dags/example_bash_operator.py
[2024-04-01T07:10:44.527+0000] {logging_mixin.py:188} INFO - [2024-04-01T07:10:44.526+0000] {dag.py:3047} INFO - Sync 1 DAGs
[2024-04-01T07:10:44.542+0000] {logging_mixin.py:188} INFO - [2024-04-01T07:10:44.542+0000] {dag.py:3834} INFO - Setting next_dagrun for example_bash_operator to 2024-03-31 00:00:00+00:00, run_after=2024-04-01 00:00:00+00:00
[2024-04-01T07:10:44.553+0000] {processor.py:183} INFO - Processing /home/airflow/.local/lib/python3.8/site-packages/airflow/example_dags/example_bash_operator.py took 0.057 seconds
[2024-04-01T07:11:14.611+0000] {processor.py:161} INFO - Started process (PID=1115) to work on /home/airflow/.local/lib/python3.8/site-packages/airflow/example_dags/example_bash_operator.py
[2024-04-01T07:11:14.612+0000] {processor.py:830} INFO - Processing file /home/airflow/.local/lib/python3.8/site-packages/airflow/example_dags/example_bash_operator.py for tasks to queue
[2024-04-01T07:11:14.613+0000] {logging_mixin.py:188} INFO - [2024-04-01T07:11:14.613+0000] {dagbag.py:540} INFO - Filling up the DagBag from /home/airflow/.local/lib/python3.8/site-packages/airflow/example_dags/example_bash_operator.py
[2024-04-01T07:11:14.620+0000] {processor.py:840} INFO - DAG(s) 'example_bash_operator' retrieved from /home/airflow/.local/lib/python3.8/site-packages/airflow/example_dags/example_bash_operator.py
[2024-04-01T07:11:14.636+0000] {logging_mixin.py:188} INFO - [2024-04-01T07:11:14.636+0000] {dag.py:3047} INFO - Sync 1 DAGs
[2024-04-01T07:11:14.649+0000] {logging_mixin.py:188} INFO - [2024-04-01T07:11:14.648+0000] {dag.py:3834} INFO - Setting next_dagrun for example_bash_operator to 2024-04-01 00:00:00+00:00, run_after=2024-04-02 00:00:00+00:00
[2024-04-01T07:11:14.657+0000] {processor.py:183} INFO - Processing /home/airflow/.local/lib/python3.8/site-packages/airflow/example_dags/example_bash_operator.py took 0.048 seconds
[2024-04-01T07:11:44.710+0000] {processor.py:161} INFO - Started process (PID=1170) to work on /home/airflow/.local/lib/python3.8/site-packages/airflow/example_dags/example_bash_operator.py
[2024-04-01T07:11:44.710+0000] {processor.py:830} INFO - Processing file /home/airflow/.local/lib/python3.8/site-packages/airflow/example_dags/example_bash_operator.py for tasks to queue
[2024-04-01T07:11:44.712+0000] {logging_mixin.py:188} INFO - [2024-04-01T07:11:44.711+0000] {dagbag.py:540} INFO - Filling up the DagBag from /home/airflow/.local/lib/python3.8/site-packages/airflow/example_dags/example_bash_operator.py
[2024-04-01T07:11:44.718+0000] {processor.py:840} INFO - DAG(s) 'example_bash_operator' retrieved from /home/airflow/.local/lib/python3.8/site-packages/airflow/example_dags/example_bash_operator.py
[2024-04-01T07:11:44.734+0000] {logging_mixin.py:188} INFO - [2024-04-01T07:11:44.734+0000] {dag.py:3047} INFO - Sync 1 DAGs
[2024-04-01T07:11:44.746+0000] {logging_mixin.py:188} INFO - [2024-04-01T07:11:44.746+0000] {dag.py:3834} INFO - Setting next_dagrun for example_bash_operator to 2024-04-01 00:00:00+00:00, run_after=2024-04-02 00:00:00+00:00
[2024-04-01T07:11:44.755+0000] {processor.py:183} INFO - Processing /home/airflow/.local/lib/python3.8/site-packages/airflow/example_dags/example_bash_operator.py took 0.047 seconds
[2024-04-01T07:12:14.929+0000] {processor.py:161} INFO - Started process (PID=1225) to work on /home/airflow/.local/lib/python3.8/site-packages/airflow/example_dags/example_bash_operator.py
[2024-04-01T07:12:14.930+0000] {processor.py:830} INFO - Processing file /home/airflow/.local/lib/python3.8/site-packages/airflow/example_dags/example_bash_operator.py for tasks to queue
[2024-04-01T07:12:14.933+0000] {logging_mixin.py:188} INFO - [2024-04-01T07:12:14.933+0000] {dagbag.py:540} INFO - Filling up the DagBag from /home/airflow/.local/lib/python3.8/site-packages/airflow/example_dags/example_bash_operator.py
[2024-04-01T07:12:14.948+0000] {processor.py:840} INFO - DAG(s) 'example_bash_operator' retrieved from /home/airflow/.local/lib/python3.8/site-packages/airflow/example_dags/example_bash_operator.py
[2024-04-01T07:12:14.974+0000] {logging_mixin.py:188} INFO - [2024-04-01T07:12:14.974+0000] {dag.py:3047} INFO - Sync 1 DAGs
[2024-04-01T07:12:14.988+0000] {logging_mixin.py:188} INFO - [2024-04-01T07:12:14.988+0000] {dag.py:3834} INFO - Setting next_dagrun for example_bash_operator to 2024-04-01 00:00:00+00:00, run_after=2024-04-02 00:00:00+00:00
[2024-04-01T07:12:15.000+0000] {processor.py:183} INFO - Processing /home/airflow/.local/lib/python3.8/site-packages/airflow/example_dags/example_bash_operator.py took 0.075 seconds
