[2024-04-01T06:47:27.242+0000] {processor.py:161} INFO - Started process (PID=77) to work on /home/airflow/.local/lib/python3.8/site-packages/airflow/example_dags/tutorial_objectstorage.py
[2024-04-01T06:47:27.243+0000] {processor.py:830} INFO - Processing file /home/airflow/.local/lib/python3.8/site-packages/airflow/example_dags/tutorial_objectstorage.py for tasks to queue
[2024-04-01T06:47:27.245+0000] {logging_mixin.py:188} INFO - [2024-04-01T06:47:27.244+0000] {dagbag.py:540} INFO - Filling up the DagBag from /home/airflow/.local/lib/python3.8/site-packages/airflow/example_dags/tutorial_objectstorage.py
[2024-04-01T06:47:27.252+0000] {processor.py:840} INFO - DAG(s) 'tutorial_objectstorage' retrieved from /home/airflow/.local/lib/python3.8/site-packages/airflow/example_dags/tutorial_objectstorage.py
[2024-04-01T06:47:27.262+0000] {logging_mixin.py:188} INFO - [2024-04-01T06:47:27.262+0000] {dag.py:3047} INFO - Sync 1 DAGs
[2024-04-01T06:47:27.272+0000] {logging_mixin.py:188} INFO - [2024-04-01T06:47:27.272+0000] {dag.py:3834} INFO - Setting next_dagrun for tutorial_objectstorage to None, run_after=None
[2024-04-01T06:47:27.284+0000] {processor.py:183} INFO - Processing /home/airflow/.local/lib/python3.8/site-packages/airflow/example_dags/tutorial_objectstorage.py took 0.046 seconds
[2024-04-01T06:47:58.546+0000] {processor.py:161} INFO - Started process (PID=132) to work on /home/airflow/.local/lib/python3.8/site-packages/airflow/example_dags/tutorial_objectstorage.py
[2024-04-01T06:47:58.546+0000] {processor.py:830} INFO - Processing file /home/airflow/.local/lib/python3.8/site-packages/airflow/example_dags/tutorial_objectstorage.py for tasks to queue
[2024-04-01T06:47:58.547+0000] {logging_mixin.py:188} INFO - [2024-04-01T06:47:58.547+0000] {dagbag.py:540} INFO - Filling up the DagBag from /home/airflow/.local/lib/python3.8/site-packages/airflow/example_dags/tutorial_objectstorage.py
[2024-04-01T06:47:58.551+0000] {processor.py:840} INFO - DAG(s) 'tutorial_objectstorage' retrieved from /home/airflow/.local/lib/python3.8/site-packages/airflow/example_dags/tutorial_objectstorage.py
[2024-04-01T06:47:58.600+0000] {logging_mixin.py:188} INFO - [2024-04-01T06:47:58.600+0000] {dag.py:3047} INFO - Sync 1 DAGs
[2024-04-01T06:47:58.605+0000] {logging_mixin.py:188} INFO - [2024-04-01T06:47:58.605+0000] {dag.py:3834} INFO - Setting next_dagrun for tutorial_objectstorage to None, run_after=None
[2024-04-01T06:47:58.615+0000] {processor.py:183} INFO - Processing /home/airflow/.local/lib/python3.8/site-packages/airflow/example_dags/tutorial_objectstorage.py took 0.070 seconds
[2024-04-01T06:48:28.693+0000] {processor.py:161} INFO - Started process (PID=187) to work on /home/airflow/.local/lib/python3.8/site-packages/airflow/example_dags/tutorial_objectstorage.py
[2024-04-01T06:48:28.694+0000] {processor.py:830} INFO - Processing file /home/airflow/.local/lib/python3.8/site-packages/airflow/example_dags/tutorial_objectstorage.py for tasks to queue
[2024-04-01T06:48:28.695+0000] {logging_mixin.py:188} INFO - [2024-04-01T06:48:28.695+0000] {dagbag.py:540} INFO - Filling up the DagBag from /home/airflow/.local/lib/python3.8/site-packages/airflow/example_dags/tutorial_objectstorage.py
[2024-04-01T06:48:28.700+0000] {processor.py:840} INFO - DAG(s) 'tutorial_objectstorage' retrieved from /home/airflow/.local/lib/python3.8/site-packages/airflow/example_dags/tutorial_objectstorage.py
[2024-04-01T06:48:28.713+0000] {logging_mixin.py:188} INFO - [2024-04-01T06:48:28.713+0000] {dag.py:3047} INFO - Sync 1 DAGs
[2024-04-01T06:48:28.720+0000] {logging_mixin.py:188} INFO - [2024-04-01T06:48:28.720+0000] {dag.py:3834} INFO - Setting next_dagrun for tutorial_objectstorage to None, run_after=None
[2024-04-01T06:48:28.730+0000] {processor.py:183} INFO - Processing /home/airflow/.local/lib/python3.8/site-packages/airflow/example_dags/tutorial_objectstorage.py took 0.039 seconds
[2024-04-01T06:48:59.293+0000] {processor.py:161} INFO - Started process (PID=242) to work on /home/airflow/.local/lib/python3.8/site-packages/airflow/example_dags/tutorial_objectstorage.py
[2024-04-01T06:48:59.294+0000] {processor.py:830} INFO - Processing file /home/airflow/.local/lib/python3.8/site-packages/airflow/example_dags/tutorial_objectstorage.py for tasks to queue
[2024-04-01T06:48:59.295+0000] {logging_mixin.py:188} INFO - [2024-04-01T06:48:59.295+0000] {dagbag.py:540} INFO - Filling up the DagBag from /home/airflow/.local/lib/python3.8/site-packages/airflow/example_dags/tutorial_objectstorage.py
[2024-04-01T06:48:59.299+0000] {processor.py:840} INFO - DAG(s) 'tutorial_objectstorage' retrieved from /home/airflow/.local/lib/python3.8/site-packages/airflow/example_dags/tutorial_objectstorage.py
[2024-04-01T06:48:59.309+0000] {logging_mixin.py:188} INFO - [2024-04-01T06:48:59.309+0000] {dag.py:3047} INFO - Sync 1 DAGs
[2024-04-01T06:48:59.316+0000] {logging_mixin.py:188} INFO - [2024-04-01T06:48:59.316+0000] {dag.py:3834} INFO - Setting next_dagrun for tutorial_objectstorage to None, run_after=None
[2024-04-01T06:48:59.325+0000] {processor.py:183} INFO - Processing /home/airflow/.local/lib/python3.8/site-packages/airflow/example_dags/tutorial_objectstorage.py took 0.034 seconds
[2024-04-01T06:49:30.013+0000] {processor.py:161} INFO - Started process (PID=297) to work on /home/airflow/.local/lib/python3.8/site-packages/airflow/example_dags/tutorial_objectstorage.py
[2024-04-01T06:49:30.014+0000] {processor.py:830} INFO - Processing file /home/airflow/.local/lib/python3.8/site-packages/airflow/example_dags/tutorial_objectstorage.py for tasks to queue
[2024-04-01T06:49:30.015+0000] {logging_mixin.py:188} INFO - [2024-04-01T06:49:30.015+0000] {dagbag.py:540} INFO - Filling up the DagBag from /home/airflow/.local/lib/python3.8/site-packages/airflow/example_dags/tutorial_objectstorage.py
[2024-04-01T06:49:30.021+0000] {processor.py:840} INFO - DAG(s) 'tutorial_objectstorage' retrieved from /home/airflow/.local/lib/python3.8/site-packages/airflow/example_dags/tutorial_objectstorage.py
[2024-04-01T06:49:30.041+0000] {logging_mixin.py:188} INFO - [2024-04-01T06:49:30.041+0000] {dag.py:3047} INFO - Sync 1 DAGs
[2024-04-01T06:49:30.051+0000] {logging_mixin.py:188} INFO - [2024-04-01T06:49:30.051+0000] {dag.py:3834} INFO - Setting next_dagrun for tutorial_objectstorage to None, run_after=None
[2024-04-01T06:49:30.062+0000] {processor.py:183} INFO - Processing /home/airflow/.local/lib/python3.8/site-packages/airflow/example_dags/tutorial_objectstorage.py took 0.052 seconds
[2024-04-01T06:50:01.036+0000] {processor.py:161} INFO - Started process (PID=352) to work on /home/airflow/.local/lib/python3.8/site-packages/airflow/example_dags/tutorial_objectstorage.py
[2024-04-01T06:50:01.037+0000] {processor.py:830} INFO - Processing file /home/airflow/.local/lib/python3.8/site-packages/airflow/example_dags/tutorial_objectstorage.py for tasks to queue
[2024-04-01T06:50:01.038+0000] {logging_mixin.py:188} INFO - [2024-04-01T06:50:01.038+0000] {dagbag.py:540} INFO - Filling up the DagBag from /home/airflow/.local/lib/python3.8/site-packages/airflow/example_dags/tutorial_objectstorage.py
[2024-04-01T06:50:01.043+0000] {processor.py:840} INFO - DAG(s) 'tutorial_objectstorage' retrieved from /home/airflow/.local/lib/python3.8/site-packages/airflow/example_dags/tutorial_objectstorage.py
[2024-04-01T06:50:01.055+0000] {logging_mixin.py:188} INFO - [2024-04-01T06:50:01.055+0000] {dag.py:3047} INFO - Sync 1 DAGs
[2024-04-01T06:50:01.063+0000] {logging_mixin.py:188} INFO - [2024-04-01T06:50:01.063+0000] {dag.py:3834} INFO - Setting next_dagrun for tutorial_objectstorage to None, run_after=None
[2024-04-01T06:50:01.073+0000] {processor.py:183} INFO - Processing /home/airflow/.local/lib/python3.8/site-packages/airflow/example_dags/tutorial_objectstorage.py took 0.039 seconds
[2024-04-01T06:50:31.981+0000] {processor.py:161} INFO - Started process (PID=407) to work on /home/airflow/.local/lib/python3.8/site-packages/airflow/example_dags/tutorial_objectstorage.py
[2024-04-01T06:50:31.982+0000] {processor.py:830} INFO - Processing file /home/airflow/.local/lib/python3.8/site-packages/airflow/example_dags/tutorial_objectstorage.py for tasks to queue
[2024-04-01T06:50:31.983+0000] {logging_mixin.py:188} INFO - [2024-04-01T06:50:31.983+0000] {dagbag.py:540} INFO - Filling up the DagBag from /home/airflow/.local/lib/python3.8/site-packages/airflow/example_dags/tutorial_objectstorage.py
[2024-04-01T06:50:31.987+0000] {processor.py:840} INFO - DAG(s) 'tutorial_objectstorage' retrieved from /home/airflow/.local/lib/python3.8/site-packages/airflow/example_dags/tutorial_objectstorage.py
[2024-04-01T06:50:31.997+0000] {logging_mixin.py:188} INFO - [2024-04-01T06:50:31.997+0000] {dag.py:3047} INFO - Sync 1 DAGs
[2024-04-01T06:50:32.004+0000] {logging_mixin.py:188} INFO - [2024-04-01T06:50:32.003+0000] {dag.py:3834} INFO - Setting next_dagrun for tutorial_objectstorage to None, run_after=None
[2024-04-01T06:50:32.013+0000] {processor.py:183} INFO - Processing /home/airflow/.local/lib/python3.8/site-packages/airflow/example_dags/tutorial_objectstorage.py took 0.033 seconds
[2024-04-01T06:51:02.651+0000] {processor.py:161} INFO - Started process (PID=462) to work on /home/airflow/.local/lib/python3.8/site-packages/airflow/example_dags/tutorial_objectstorage.py
[2024-04-01T06:51:02.652+0000] {processor.py:830} INFO - Processing file /home/airflow/.local/lib/python3.8/site-packages/airflow/example_dags/tutorial_objectstorage.py for tasks to queue
[2024-04-01T06:51:02.653+0000] {logging_mixin.py:188} INFO - [2024-04-01T06:51:02.653+0000] {dagbag.py:540} INFO - Filling up the DagBag from /home/airflow/.local/lib/python3.8/site-packages/airflow/example_dags/tutorial_objectstorage.py
[2024-04-01T06:51:02.657+0000] {processor.py:840} INFO - DAG(s) 'tutorial_objectstorage' retrieved from /home/airflow/.local/lib/python3.8/site-packages/airflow/example_dags/tutorial_objectstorage.py
[2024-04-01T06:51:02.668+0000] {logging_mixin.py:188} INFO - [2024-04-01T06:51:02.668+0000] {dag.py:3047} INFO - Sync 1 DAGs
[2024-04-01T06:51:02.674+0000] {logging_mixin.py:188} INFO - [2024-04-01T06:51:02.674+0000] {dag.py:3834} INFO - Setting next_dagrun for tutorial_objectstorage to None, run_after=None
[2024-04-01T06:51:02.683+0000] {processor.py:183} INFO - Processing /home/airflow/.local/lib/python3.8/site-packages/airflow/example_dags/tutorial_objectstorage.py took 0.034 seconds
[2024-04-01T06:51:33.392+0000] {processor.py:161} INFO - Started process (PID=517) to work on /home/airflow/.local/lib/python3.8/site-packages/airflow/example_dags/tutorial_objectstorage.py
[2024-04-01T06:51:33.393+0000] {processor.py:830} INFO - Processing file /home/airflow/.local/lib/python3.8/site-packages/airflow/example_dags/tutorial_objectstorage.py for tasks to queue
[2024-04-01T06:51:33.394+0000] {logging_mixin.py:188} INFO - [2024-04-01T06:51:33.394+0000] {dagbag.py:540} INFO - Filling up the DagBag from /home/airflow/.local/lib/python3.8/site-packages/airflow/example_dags/tutorial_objectstorage.py
[2024-04-01T06:51:33.398+0000] {processor.py:840} INFO - DAG(s) 'tutorial_objectstorage' retrieved from /home/airflow/.local/lib/python3.8/site-packages/airflow/example_dags/tutorial_objectstorage.py
[2024-04-01T06:51:33.409+0000] {logging_mixin.py:188} INFO - [2024-04-01T06:51:33.409+0000] {dag.py:3047} INFO - Sync 1 DAGs
[2024-04-01T06:51:33.415+0000] {logging_mixin.py:188} INFO - [2024-04-01T06:51:33.415+0000] {dag.py:3834} INFO - Setting next_dagrun for tutorial_objectstorage to None, run_after=None
[2024-04-01T06:51:33.424+0000] {processor.py:183} INFO - Processing /home/airflow/.local/lib/python3.8/site-packages/airflow/example_dags/tutorial_objectstorage.py took 0.033 seconds
[2024-04-01T06:52:04.255+0000] {processor.py:161} INFO - Started process (PID=572) to work on /home/airflow/.local/lib/python3.8/site-packages/airflow/example_dags/tutorial_objectstorage.py
[2024-04-01T06:52:04.256+0000] {processor.py:830} INFO - Processing file /home/airflow/.local/lib/python3.8/site-packages/airflow/example_dags/tutorial_objectstorage.py for tasks to queue
[2024-04-01T06:52:04.257+0000] {logging_mixin.py:188} INFO - [2024-04-01T06:52:04.257+0000] {dagbag.py:540} INFO - Filling up the DagBag from /home/airflow/.local/lib/python3.8/site-packages/airflow/example_dags/tutorial_objectstorage.py
[2024-04-01T06:52:04.262+0000] {processor.py:840} INFO - DAG(s) 'tutorial_objectstorage' retrieved from /home/airflow/.local/lib/python3.8/site-packages/airflow/example_dags/tutorial_objectstorage.py
[2024-04-01T06:52:04.272+0000] {logging_mixin.py:188} INFO - [2024-04-01T06:52:04.272+0000] {dag.py:3047} INFO - Sync 1 DAGs
[2024-04-01T06:52:04.279+0000] {logging_mixin.py:188} INFO - [2024-04-01T06:52:04.279+0000] {dag.py:3834} INFO - Setting next_dagrun for tutorial_objectstorage to None, run_after=None
[2024-04-01T06:52:04.288+0000] {processor.py:183} INFO - Processing /home/airflow/.local/lib/python3.8/site-packages/airflow/example_dags/tutorial_objectstorage.py took 0.035 seconds
[2024-04-01T06:52:35.103+0000] {processor.py:161} INFO - Started process (PID=627) to work on /home/airflow/.local/lib/python3.8/site-packages/airflow/example_dags/tutorial_objectstorage.py
[2024-04-01T06:52:35.104+0000] {processor.py:830} INFO - Processing file /home/airflow/.local/lib/python3.8/site-packages/airflow/example_dags/tutorial_objectstorage.py for tasks to queue
[2024-04-01T06:52:35.105+0000] {logging_mixin.py:188} INFO - [2024-04-01T06:52:35.105+0000] {dagbag.py:540} INFO - Filling up the DagBag from /home/airflow/.local/lib/python3.8/site-packages/airflow/example_dags/tutorial_objectstorage.py
[2024-04-01T06:52:35.110+0000] {processor.py:840} INFO - DAG(s) 'tutorial_objectstorage' retrieved from /home/airflow/.local/lib/python3.8/site-packages/airflow/example_dags/tutorial_objectstorage.py
[2024-04-01T06:52:35.122+0000] {logging_mixin.py:188} INFO - [2024-04-01T06:52:35.122+0000] {dag.py:3047} INFO - Sync 1 DAGs
[2024-04-01T06:52:35.129+0000] {logging_mixin.py:188} INFO - [2024-04-01T06:52:35.129+0000] {dag.py:3834} INFO - Setting next_dagrun for tutorial_objectstorage to None, run_after=None
[2024-04-01T06:52:35.139+0000] {processor.py:183} INFO - Processing /home/airflow/.local/lib/python3.8/site-packages/airflow/example_dags/tutorial_objectstorage.py took 0.038 seconds
[2024-04-01T06:53:05.312+0000] {processor.py:161} INFO - Started process (PID=682) to work on /home/airflow/.local/lib/python3.8/site-packages/airflow/example_dags/tutorial_objectstorage.py
[2024-04-01T06:53:05.313+0000] {processor.py:830} INFO - Processing file /home/airflow/.local/lib/python3.8/site-packages/airflow/example_dags/tutorial_objectstorage.py for tasks to queue
[2024-04-01T06:53:05.314+0000] {logging_mixin.py:188} INFO - [2024-04-01T06:53:05.314+0000] {dagbag.py:540} INFO - Filling up the DagBag from /home/airflow/.local/lib/python3.8/site-packages/airflow/example_dags/tutorial_objectstorage.py
[2024-04-01T06:53:05.319+0000] {processor.py:840} INFO - DAG(s) 'tutorial_objectstorage' retrieved from /home/airflow/.local/lib/python3.8/site-packages/airflow/example_dags/tutorial_objectstorage.py
[2024-04-01T06:53:05.330+0000] {logging_mixin.py:188} INFO - [2024-04-01T06:53:05.330+0000] {dag.py:3047} INFO - Sync 1 DAGs
[2024-04-01T06:53:05.339+0000] {logging_mixin.py:188} INFO - [2024-04-01T06:53:05.339+0000] {dag.py:3834} INFO - Setting next_dagrun for tutorial_objectstorage to None, run_after=None
[2024-04-01T06:53:05.349+0000] {processor.py:183} INFO - Processing /home/airflow/.local/lib/python3.8/site-packages/airflow/example_dags/tutorial_objectstorage.py took 0.038 seconds
[2024-04-01T06:53:35.573+0000] {processor.py:161} INFO - Started process (PID=737) to work on /home/airflow/.local/lib/python3.8/site-packages/airflow/example_dags/tutorial_objectstorage.py
[2024-04-01T06:53:35.574+0000] {processor.py:830} INFO - Processing file /home/airflow/.local/lib/python3.8/site-packages/airflow/example_dags/tutorial_objectstorage.py for tasks to queue
[2024-04-01T06:53:35.576+0000] {logging_mixin.py:188} INFO - [2024-04-01T06:53:35.575+0000] {dagbag.py:540} INFO - Filling up the DagBag from /home/airflow/.local/lib/python3.8/site-packages/airflow/example_dags/tutorial_objectstorage.py
[2024-04-01T06:53:35.580+0000] {processor.py:840} INFO - DAG(s) 'tutorial_objectstorage' retrieved from /home/airflow/.local/lib/python3.8/site-packages/airflow/example_dags/tutorial_objectstorage.py
[2024-04-01T06:53:35.594+0000] {logging_mixin.py:188} INFO - [2024-04-01T06:53:35.594+0000] {dag.py:3047} INFO - Sync 1 DAGs
[2024-04-01T06:53:35.603+0000] {logging_mixin.py:188} INFO - [2024-04-01T06:53:35.602+0000] {dag.py:3834} INFO - Setting next_dagrun for tutorial_objectstorage to None, run_after=None
[2024-04-01T06:53:35.614+0000] {processor.py:183} INFO - Processing /home/airflow/.local/lib/python3.8/site-packages/airflow/example_dags/tutorial_objectstorage.py took 0.043 seconds
[2024-04-01T06:54:06.291+0000] {processor.py:161} INFO - Started process (PID=792) to work on /home/airflow/.local/lib/python3.8/site-packages/airflow/example_dags/tutorial_objectstorage.py
[2024-04-01T06:54:06.292+0000] {processor.py:830} INFO - Processing file /home/airflow/.local/lib/python3.8/site-packages/airflow/example_dags/tutorial_objectstorage.py for tasks to queue
[2024-04-01T06:54:06.293+0000] {logging_mixin.py:188} INFO - [2024-04-01T06:54:06.293+0000] {dagbag.py:540} INFO - Filling up the DagBag from /home/airflow/.local/lib/python3.8/site-packages/airflow/example_dags/tutorial_objectstorage.py
[2024-04-01T06:54:06.297+0000] {processor.py:840} INFO - DAG(s) 'tutorial_objectstorage' retrieved from /home/airflow/.local/lib/python3.8/site-packages/airflow/example_dags/tutorial_objectstorage.py
[2024-04-01T06:54:06.308+0000] {logging_mixin.py:188} INFO - [2024-04-01T06:54:06.308+0000] {dag.py:3047} INFO - Sync 1 DAGs
[2024-04-01T06:54:06.315+0000] {logging_mixin.py:188} INFO - [2024-04-01T06:54:06.315+0000] {dag.py:3834} INFO - Setting next_dagrun for tutorial_objectstorage to None, run_after=None
[2024-04-01T06:54:06.324+0000] {processor.py:183} INFO - Processing /home/airflow/.local/lib/python3.8/site-packages/airflow/example_dags/tutorial_objectstorage.py took 0.035 seconds
[2024-04-01T06:54:36.998+0000] {processor.py:161} INFO - Started process (PID=847) to work on /home/airflow/.local/lib/python3.8/site-packages/airflow/example_dags/tutorial_objectstorage.py
[2024-04-01T06:54:36.999+0000] {processor.py:830} INFO - Processing file /home/airflow/.local/lib/python3.8/site-packages/airflow/example_dags/tutorial_objectstorage.py for tasks to queue
[2024-04-01T06:54:37.000+0000] {logging_mixin.py:188} INFO - [2024-04-01T06:54:37.000+0000] {dagbag.py:540} INFO - Filling up the DagBag from /home/airflow/.local/lib/python3.8/site-packages/airflow/example_dags/tutorial_objectstorage.py
[2024-04-01T06:54:37.005+0000] {processor.py:840} INFO - DAG(s) 'tutorial_objectstorage' retrieved from /home/airflow/.local/lib/python3.8/site-packages/airflow/example_dags/tutorial_objectstorage.py
[2024-04-01T06:54:37.016+0000] {logging_mixin.py:188} INFO - [2024-04-01T06:54:37.016+0000] {dag.py:3047} INFO - Sync 1 DAGs
[2024-04-01T06:54:37.023+0000] {logging_mixin.py:188} INFO - [2024-04-01T06:54:37.023+0000] {dag.py:3834} INFO - Setting next_dagrun for tutorial_objectstorage to None, run_after=None
[2024-04-01T06:54:37.032+0000] {processor.py:183} INFO - Processing /home/airflow/.local/lib/python3.8/site-packages/airflow/example_dags/tutorial_objectstorage.py took 0.036 seconds
[2024-04-01T06:55:07.767+0000] {processor.py:161} INFO - Started process (PID=902) to work on /home/airflow/.local/lib/python3.8/site-packages/airflow/example_dags/tutorial_objectstorage.py
[2024-04-01T06:55:07.768+0000] {processor.py:830} INFO - Processing file /home/airflow/.local/lib/python3.8/site-packages/airflow/example_dags/tutorial_objectstorage.py for tasks to queue
[2024-04-01T06:55:07.769+0000] {logging_mixin.py:188} INFO - [2024-04-01T06:55:07.769+0000] {dagbag.py:540} INFO - Filling up the DagBag from /home/airflow/.local/lib/python3.8/site-packages/airflow/example_dags/tutorial_objectstorage.py
[2024-04-01T06:55:07.774+0000] {processor.py:840} INFO - DAG(s) 'tutorial_objectstorage' retrieved from /home/airflow/.local/lib/python3.8/site-packages/airflow/example_dags/tutorial_objectstorage.py
[2024-04-01T06:55:07.786+0000] {logging_mixin.py:188} INFO - [2024-04-01T06:55:07.785+0000] {dag.py:3047} INFO - Sync 1 DAGs
[2024-04-01T06:55:07.793+0000] {logging_mixin.py:188} INFO - [2024-04-01T06:55:07.793+0000] {dag.py:3834} INFO - Setting next_dagrun for tutorial_objectstorage to None, run_after=None
[2024-04-01T06:55:07.803+0000] {processor.py:183} INFO - Processing /home/airflow/.local/lib/python3.8/site-packages/airflow/example_dags/tutorial_objectstorage.py took 0.038 seconds
[2024-04-01T06:55:38.497+0000] {processor.py:161} INFO - Started process (PID=957) to work on /home/airflow/.local/lib/python3.8/site-packages/airflow/example_dags/tutorial_objectstorage.py
[2024-04-01T06:55:38.498+0000] {processor.py:830} INFO - Processing file /home/airflow/.local/lib/python3.8/site-packages/airflow/example_dags/tutorial_objectstorage.py for tasks to queue
[2024-04-01T06:55:38.499+0000] {logging_mixin.py:188} INFO - [2024-04-01T06:55:38.499+0000] {dagbag.py:540} INFO - Filling up the DagBag from /home/airflow/.local/lib/python3.8/site-packages/airflow/example_dags/tutorial_objectstorage.py
[2024-04-01T06:55:38.504+0000] {processor.py:840} INFO - DAG(s) 'tutorial_objectstorage' retrieved from /home/airflow/.local/lib/python3.8/site-packages/airflow/example_dags/tutorial_objectstorage.py
[2024-04-01T06:55:38.516+0000] {logging_mixin.py:188} INFO - [2024-04-01T06:55:38.516+0000] {dag.py:3047} INFO - Sync 1 DAGs
[2024-04-01T06:55:38.524+0000] {logging_mixin.py:188} INFO - [2024-04-01T06:55:38.524+0000] {dag.py:3834} INFO - Setting next_dagrun for tutorial_objectstorage to None, run_after=None
[2024-04-01T06:55:38.535+0000] {processor.py:183} INFO - Processing /home/airflow/.local/lib/python3.8/site-packages/airflow/example_dags/tutorial_objectstorage.py took 0.040 seconds
[2024-04-01T06:56:09.169+0000] {processor.py:161} INFO - Started process (PID=1012) to work on /home/airflow/.local/lib/python3.8/site-packages/airflow/example_dags/tutorial_objectstorage.py
[2024-04-01T06:56:09.170+0000] {processor.py:830} INFO - Processing file /home/airflow/.local/lib/python3.8/site-packages/airflow/example_dags/tutorial_objectstorage.py for tasks to queue
[2024-04-01T06:56:09.171+0000] {logging_mixin.py:188} INFO - [2024-04-01T06:56:09.171+0000] {dagbag.py:540} INFO - Filling up the DagBag from /home/airflow/.local/lib/python3.8/site-packages/airflow/example_dags/tutorial_objectstorage.py
[2024-04-01T06:56:09.175+0000] {processor.py:840} INFO - DAG(s) 'tutorial_objectstorage' retrieved from /home/airflow/.local/lib/python3.8/site-packages/airflow/example_dags/tutorial_objectstorage.py
[2024-04-01T06:56:09.187+0000] {logging_mixin.py:188} INFO - [2024-04-01T06:56:09.187+0000] {dag.py:3047} INFO - Sync 1 DAGs
[2024-04-01T06:56:09.194+0000] {logging_mixin.py:188} INFO - [2024-04-01T06:56:09.194+0000] {dag.py:3834} INFO - Setting next_dagrun for tutorial_objectstorage to None, run_after=None
[2024-04-01T06:56:09.204+0000] {processor.py:183} INFO - Processing /home/airflow/.local/lib/python3.8/site-packages/airflow/example_dags/tutorial_objectstorage.py took 0.037 seconds
[2024-04-01T06:56:39.965+0000] {processor.py:161} INFO - Started process (PID=1066) to work on /home/airflow/.local/lib/python3.8/site-packages/airflow/example_dags/tutorial_objectstorage.py
[2024-04-01T06:56:39.966+0000] {processor.py:830} INFO - Processing file /home/airflow/.local/lib/python3.8/site-packages/airflow/example_dags/tutorial_objectstorage.py for tasks to queue
[2024-04-01T06:56:39.967+0000] {logging_mixin.py:188} INFO - [2024-04-01T06:56:39.967+0000] {dagbag.py:540} INFO - Filling up the DagBag from /home/airflow/.local/lib/python3.8/site-packages/airflow/example_dags/tutorial_objectstorage.py
[2024-04-01T06:56:39.971+0000] {processor.py:840} INFO - DAG(s) 'tutorial_objectstorage' retrieved from /home/airflow/.local/lib/python3.8/site-packages/airflow/example_dags/tutorial_objectstorage.py
[2024-04-01T06:56:39.984+0000] {logging_mixin.py:188} INFO - [2024-04-01T06:56:39.983+0000] {dag.py:3047} INFO - Sync 1 DAGs
[2024-04-01T06:56:39.991+0000] {logging_mixin.py:188} INFO - [2024-04-01T06:56:39.991+0000] {dag.py:3834} INFO - Setting next_dagrun for tutorial_objectstorage to None, run_after=None
[2024-04-01T06:56:40.001+0000] {processor.py:183} INFO - Processing /home/airflow/.local/lib/python3.8/site-packages/airflow/example_dags/tutorial_objectstorage.py took 0.038 seconds
[2024-04-01T06:57:10.138+0000] {processor.py:161} INFO - Started process (PID=1121) to work on /home/airflow/.local/lib/python3.8/site-packages/airflow/example_dags/tutorial_objectstorage.py
[2024-04-01T06:57:10.139+0000] {processor.py:830} INFO - Processing file /home/airflow/.local/lib/python3.8/site-packages/airflow/example_dags/tutorial_objectstorage.py for tasks to queue
[2024-04-01T06:57:10.141+0000] {logging_mixin.py:188} INFO - [2024-04-01T06:57:10.140+0000] {dagbag.py:540} INFO - Filling up the DagBag from /home/airflow/.local/lib/python3.8/site-packages/airflow/example_dags/tutorial_objectstorage.py
[2024-04-01T06:57:10.146+0000] {processor.py:840} INFO - DAG(s) 'tutorial_objectstorage' retrieved from /home/airflow/.local/lib/python3.8/site-packages/airflow/example_dags/tutorial_objectstorage.py
[2024-04-01T06:57:10.158+0000] {logging_mixin.py:188} INFO - [2024-04-01T06:57:10.158+0000] {dag.py:3047} INFO - Sync 1 DAGs
[2024-04-01T06:57:10.166+0000] {logging_mixin.py:188} INFO - [2024-04-01T06:57:10.165+0000] {dag.py:3834} INFO - Setting next_dagrun for tutorial_objectstorage to None, run_after=None
[2024-04-01T06:57:10.175+0000] {processor.py:183} INFO - Processing /home/airflow/.local/lib/python3.8/site-packages/airflow/example_dags/tutorial_objectstorage.py took 0.039 seconds
[2024-04-01T06:57:40.827+0000] {processor.py:161} INFO - Started process (PID=1176) to work on /home/airflow/.local/lib/python3.8/site-packages/airflow/example_dags/tutorial_objectstorage.py
[2024-04-01T06:57:40.827+0000] {processor.py:830} INFO - Processing file /home/airflow/.local/lib/python3.8/site-packages/airflow/example_dags/tutorial_objectstorage.py for tasks to queue
[2024-04-01T06:57:40.829+0000] {logging_mixin.py:188} INFO - [2024-04-01T06:57:40.828+0000] {dagbag.py:540} INFO - Filling up the DagBag from /home/airflow/.local/lib/python3.8/site-packages/airflow/example_dags/tutorial_objectstorage.py
[2024-04-01T06:57:40.833+0000] {processor.py:840} INFO - DAG(s) 'tutorial_objectstorage' retrieved from /home/airflow/.local/lib/python3.8/site-packages/airflow/example_dags/tutorial_objectstorage.py
[2024-04-01T06:57:40.844+0000] {logging_mixin.py:188} INFO - [2024-04-01T06:57:40.844+0000] {dag.py:3047} INFO - Sync 1 DAGs
[2024-04-01T06:57:40.851+0000] {logging_mixin.py:188} INFO - [2024-04-01T06:57:40.851+0000] {dag.py:3834} INFO - Setting next_dagrun for tutorial_objectstorage to None, run_after=None
[2024-04-01T06:57:40.860+0000] {processor.py:183} INFO - Processing /home/airflow/.local/lib/python3.8/site-packages/airflow/example_dags/tutorial_objectstorage.py took 0.035 seconds
[2024-04-01T06:58:11.701+0000] {processor.py:161} INFO - Started process (PID=1231) to work on /home/airflow/.local/lib/python3.8/site-packages/airflow/example_dags/tutorial_objectstorage.py
[2024-04-01T06:58:11.702+0000] {processor.py:830} INFO - Processing file /home/airflow/.local/lib/python3.8/site-packages/airflow/example_dags/tutorial_objectstorage.py for tasks to queue
[2024-04-01T06:58:11.704+0000] {logging_mixin.py:188} INFO - [2024-04-01T06:58:11.704+0000] {dagbag.py:540} INFO - Filling up the DagBag from /home/airflow/.local/lib/python3.8/site-packages/airflow/example_dags/tutorial_objectstorage.py
[2024-04-01T06:58:11.710+0000] {processor.py:840} INFO - DAG(s) 'tutorial_objectstorage' retrieved from /home/airflow/.local/lib/python3.8/site-packages/airflow/example_dags/tutorial_objectstorage.py
[2024-04-01T06:58:11.727+0000] {logging_mixin.py:188} INFO - [2024-04-01T06:58:11.727+0000] {dag.py:3047} INFO - Sync 1 DAGs
[2024-04-01T06:58:11.735+0000] {logging_mixin.py:188} INFO - [2024-04-01T06:58:11.735+0000] {dag.py:3834} INFO - Setting next_dagrun for tutorial_objectstorage to None, run_after=None
[2024-04-01T06:58:11.745+0000] {processor.py:183} INFO - Processing /home/airflow/.local/lib/python3.8/site-packages/airflow/example_dags/tutorial_objectstorage.py took 0.047 seconds
[2024-04-01T06:58:41.793+0000] {processor.py:161} INFO - Started process (PID=1286) to work on /home/airflow/.local/lib/python3.8/site-packages/airflow/example_dags/tutorial_objectstorage.py
[2024-04-01T06:58:41.793+0000] {processor.py:830} INFO - Processing file /home/airflow/.local/lib/python3.8/site-packages/airflow/example_dags/tutorial_objectstorage.py for tasks to queue
[2024-04-01T06:58:41.795+0000] {logging_mixin.py:188} INFO - [2024-04-01T06:58:41.794+0000] {dagbag.py:540} INFO - Filling up the DagBag from /home/airflow/.local/lib/python3.8/site-packages/airflow/example_dags/tutorial_objectstorage.py
[2024-04-01T06:58:41.799+0000] {processor.py:840} INFO - DAG(s) 'tutorial_objectstorage' retrieved from /home/airflow/.local/lib/python3.8/site-packages/airflow/example_dags/tutorial_objectstorage.py
[2024-04-01T06:58:41.813+0000] {logging_mixin.py:188} INFO - [2024-04-01T06:58:41.813+0000] {dag.py:3047} INFO - Sync 1 DAGs
[2024-04-01T06:58:41.821+0000] {logging_mixin.py:188} INFO - [2024-04-01T06:58:41.821+0000] {dag.py:3834} INFO - Setting next_dagrun for tutorial_objectstorage to None, run_after=None
[2024-04-01T06:58:41.832+0000] {processor.py:183} INFO - Processing /home/airflow/.local/lib/python3.8/site-packages/airflow/example_dags/tutorial_objectstorage.py took 0.042 seconds
[2024-04-01T06:59:12.355+0000] {processor.py:161} INFO - Started process (PID=1341) to work on /home/airflow/.local/lib/python3.8/site-packages/airflow/example_dags/tutorial_objectstorage.py
[2024-04-01T06:59:12.355+0000] {processor.py:830} INFO - Processing file /home/airflow/.local/lib/python3.8/site-packages/airflow/example_dags/tutorial_objectstorage.py for tasks to queue
[2024-04-01T06:59:12.356+0000] {logging_mixin.py:188} INFO - [2024-04-01T06:59:12.356+0000] {dagbag.py:540} INFO - Filling up the DagBag from /home/airflow/.local/lib/python3.8/site-packages/airflow/example_dags/tutorial_objectstorage.py
[2024-04-01T06:59:12.360+0000] {processor.py:840} INFO - DAG(s) 'tutorial_objectstorage' retrieved from /home/airflow/.local/lib/python3.8/site-packages/airflow/example_dags/tutorial_objectstorage.py
[2024-04-01T06:59:12.372+0000] {logging_mixin.py:188} INFO - [2024-04-01T06:59:12.372+0000] {dag.py:3047} INFO - Sync 1 DAGs
[2024-04-01T06:59:12.379+0000] {logging_mixin.py:188} INFO - [2024-04-01T06:59:12.379+0000] {dag.py:3834} INFO - Setting next_dagrun for tutorial_objectstorage to None, run_after=None
[2024-04-01T06:59:12.389+0000] {processor.py:183} INFO - Processing /home/airflow/.local/lib/python3.8/site-packages/airflow/example_dags/tutorial_objectstorage.py took 0.036 seconds
[2024-04-01T06:59:43.129+0000] {processor.py:161} INFO - Started process (PID=1395) to work on /home/airflow/.local/lib/python3.8/site-packages/airflow/example_dags/tutorial_objectstorage.py
[2024-04-01T06:59:43.130+0000] {processor.py:830} INFO - Processing file /home/airflow/.local/lib/python3.8/site-packages/airflow/example_dags/tutorial_objectstorage.py for tasks to queue
[2024-04-01T06:59:43.131+0000] {logging_mixin.py:188} INFO - [2024-04-01T06:59:43.130+0000] {dagbag.py:540} INFO - Filling up the DagBag from /home/airflow/.local/lib/python3.8/site-packages/airflow/example_dags/tutorial_objectstorage.py
[2024-04-01T06:59:43.135+0000] {processor.py:840} INFO - DAG(s) 'tutorial_objectstorage' retrieved from /home/airflow/.local/lib/python3.8/site-packages/airflow/example_dags/tutorial_objectstorage.py
[2024-04-01T06:59:43.145+0000] {logging_mixin.py:188} INFO - [2024-04-01T06:59:43.145+0000] {dag.py:3047} INFO - Sync 1 DAGs
[2024-04-01T06:59:43.152+0000] {logging_mixin.py:188} INFO - [2024-04-01T06:59:43.152+0000] {dag.py:3834} INFO - Setting next_dagrun for tutorial_objectstorage to None, run_after=None
[2024-04-01T06:59:43.162+0000] {processor.py:183} INFO - Processing /home/airflow/.local/lib/python3.8/site-packages/airflow/example_dags/tutorial_objectstorage.py took 0.035 seconds
[2024-04-01T07:00:14.176+0000] {processor.py:161} INFO - Started process (PID=1451) to work on /home/airflow/.local/lib/python3.8/site-packages/airflow/example_dags/tutorial_objectstorage.py
[2024-04-01T07:00:14.177+0000] {processor.py:830} INFO - Processing file /home/airflow/.local/lib/python3.8/site-packages/airflow/example_dags/tutorial_objectstorage.py for tasks to queue
[2024-04-01T07:00:14.178+0000] {logging_mixin.py:188} INFO - [2024-04-01T07:00:14.178+0000] {dagbag.py:540} INFO - Filling up the DagBag from /home/airflow/.local/lib/python3.8/site-packages/airflow/example_dags/tutorial_objectstorage.py
[2024-04-01T07:00:14.182+0000] {processor.py:840} INFO - DAG(s) 'tutorial_objectstorage' retrieved from /home/airflow/.local/lib/python3.8/site-packages/airflow/example_dags/tutorial_objectstorage.py
[2024-04-01T07:00:14.193+0000] {logging_mixin.py:188} INFO - [2024-04-01T07:00:14.193+0000] {dag.py:3047} INFO - Sync 1 DAGs
[2024-04-01T07:00:14.200+0000] {logging_mixin.py:188} INFO - [2024-04-01T07:00:14.200+0000] {dag.py:3834} INFO - Setting next_dagrun for tutorial_objectstorage to None, run_after=None
[2024-04-01T07:00:14.209+0000] {processor.py:183} INFO - Processing /home/airflow/.local/lib/python3.8/site-packages/airflow/example_dags/tutorial_objectstorage.py took 0.035 seconds
[2024-04-01T07:00:44.631+0000] {processor.py:161} INFO - Started process (PID=1506) to work on /home/airflow/.local/lib/python3.8/site-packages/airflow/example_dags/tutorial_objectstorage.py
[2024-04-01T07:00:44.632+0000] {processor.py:830} INFO - Processing file /home/airflow/.local/lib/python3.8/site-packages/airflow/example_dags/tutorial_objectstorage.py for tasks to queue
[2024-04-01T07:00:44.633+0000] {logging_mixin.py:188} INFO - [2024-04-01T07:00:44.632+0000] {dagbag.py:540} INFO - Filling up the DagBag from /home/airflow/.local/lib/python3.8/site-packages/airflow/example_dags/tutorial_objectstorage.py
[2024-04-01T07:00:44.637+0000] {processor.py:840} INFO - DAG(s) 'tutorial_objectstorage' retrieved from /home/airflow/.local/lib/python3.8/site-packages/airflow/example_dags/tutorial_objectstorage.py
[2024-04-01T07:00:44.647+0000] {logging_mixin.py:188} INFO - [2024-04-01T07:00:44.647+0000] {dag.py:3047} INFO - Sync 1 DAGs
[2024-04-01T07:00:44.654+0000] {logging_mixin.py:188} INFO - [2024-04-01T07:00:44.654+0000] {dag.py:3834} INFO - Setting next_dagrun for tutorial_objectstorage to None, run_after=None
[2024-04-01T07:00:44.663+0000] {processor.py:183} INFO - Processing /home/airflow/.local/lib/python3.8/site-packages/airflow/example_dags/tutorial_objectstorage.py took 0.034 seconds
[2024-04-01T07:01:38.035+0000] {processor.py:161} INFO - Started process (PID=77) to work on /home/airflow/.local/lib/python3.8/site-packages/airflow/example_dags/tutorial_objectstorage.py
[2024-04-01T07:01:38.036+0000] {processor.py:830} INFO - Processing file /home/airflow/.local/lib/python3.8/site-packages/airflow/example_dags/tutorial_objectstorage.py for tasks to queue
[2024-04-01T07:01:38.037+0000] {logging_mixin.py:188} INFO - [2024-04-01T07:01:38.037+0000] {dagbag.py:540} INFO - Filling up the DagBag from /home/airflow/.local/lib/python3.8/site-packages/airflow/example_dags/tutorial_objectstorage.py
[2024-04-01T07:01:38.043+0000] {processor.py:840} INFO - DAG(s) 'tutorial_objectstorage' retrieved from /home/airflow/.local/lib/python3.8/site-packages/airflow/example_dags/tutorial_objectstorage.py
[2024-04-01T07:01:38.051+0000] {logging_mixin.py:188} INFO - [2024-04-01T07:01:38.051+0000] {dag.py:3047} INFO - Sync 1 DAGs
[2024-04-01T07:01:38.060+0000] {logging_mixin.py:188} INFO - [2024-04-01T07:01:38.059+0000] {dag.py:3834} INFO - Setting next_dagrun for tutorial_objectstorage to None, run_after=None
[2024-04-01T07:01:38.072+0000] {processor.py:183} INFO - Processing /home/airflow/.local/lib/python3.8/site-packages/airflow/example_dags/tutorial_objectstorage.py took 0.041 seconds
[2024-04-01T07:02:08.911+0000] {processor.py:161} INFO - Started process (PID=132) to work on /home/airflow/.local/lib/python3.8/site-packages/airflow/example_dags/tutorial_objectstorage.py
[2024-04-01T07:02:08.912+0000] {processor.py:830} INFO - Processing file /home/airflow/.local/lib/python3.8/site-packages/airflow/example_dags/tutorial_objectstorage.py for tasks to queue
[2024-04-01T07:02:08.913+0000] {logging_mixin.py:188} INFO - [2024-04-01T07:02:08.913+0000] {dagbag.py:540} INFO - Filling up the DagBag from /home/airflow/.local/lib/python3.8/site-packages/airflow/example_dags/tutorial_objectstorage.py
[2024-04-01T07:02:08.918+0000] {processor.py:840} INFO - DAG(s) 'tutorial_objectstorage' retrieved from /home/airflow/.local/lib/python3.8/site-packages/airflow/example_dags/tutorial_objectstorage.py
[2024-04-01T07:02:08.971+0000] {logging_mixin.py:188} INFO - [2024-04-01T07:02:08.971+0000] {dag.py:3047} INFO - Sync 1 DAGs
[2024-04-01T07:02:08.976+0000] {logging_mixin.py:188} INFO - [2024-04-01T07:02:08.976+0000] {dag.py:3834} INFO - Setting next_dagrun for tutorial_objectstorage to None, run_after=None
[2024-04-01T07:02:08.986+0000] {processor.py:183} INFO - Processing /home/airflow/.local/lib/python3.8/site-packages/airflow/example_dags/tutorial_objectstorage.py took 0.077 seconds
[2024-04-01T07:02:39.165+0000] {processor.py:161} INFO - Started process (PID=186) to work on /home/airflow/.local/lib/python3.8/site-packages/airflow/example_dags/tutorial_objectstorage.py
[2024-04-01T07:02:39.166+0000] {processor.py:830} INFO - Processing file /home/airflow/.local/lib/python3.8/site-packages/airflow/example_dags/tutorial_objectstorage.py for tasks to queue
[2024-04-01T07:02:39.167+0000] {logging_mixin.py:188} INFO - [2024-04-01T07:02:39.167+0000] {dagbag.py:540} INFO - Filling up the DagBag from /home/airflow/.local/lib/python3.8/site-packages/airflow/example_dags/tutorial_objectstorage.py
[2024-04-01T07:02:39.172+0000] {processor.py:840} INFO - DAG(s) 'tutorial_objectstorage' retrieved from /home/airflow/.local/lib/python3.8/site-packages/airflow/example_dags/tutorial_objectstorage.py
[2024-04-01T07:02:39.184+0000] {logging_mixin.py:188} INFO - [2024-04-01T07:02:39.184+0000] {dag.py:3047} INFO - Sync 1 DAGs
[2024-04-01T07:02:39.192+0000] {logging_mixin.py:188} INFO - [2024-04-01T07:02:39.192+0000] {dag.py:3834} INFO - Setting next_dagrun for tutorial_objectstorage to None, run_after=None
[2024-04-01T07:02:39.202+0000] {processor.py:183} INFO - Processing /home/airflow/.local/lib/python3.8/site-packages/airflow/example_dags/tutorial_objectstorage.py took 0.039 seconds
[2024-04-01T07:03:09.278+0000] {processor.py:161} INFO - Started process (PID=241) to work on /home/airflow/.local/lib/python3.8/site-packages/airflow/example_dags/tutorial_objectstorage.py
[2024-04-01T07:03:09.279+0000] {processor.py:830} INFO - Processing file /home/airflow/.local/lib/python3.8/site-packages/airflow/example_dags/tutorial_objectstorage.py for tasks to queue
[2024-04-01T07:03:09.281+0000] {logging_mixin.py:188} INFO - [2024-04-01T07:03:09.281+0000] {dagbag.py:540} INFO - Filling up the DagBag from /home/airflow/.local/lib/python3.8/site-packages/airflow/example_dags/tutorial_objectstorage.py
[2024-04-01T07:03:09.286+0000] {processor.py:840} INFO - DAG(s) 'tutorial_objectstorage' retrieved from /home/airflow/.local/lib/python3.8/site-packages/airflow/example_dags/tutorial_objectstorage.py
[2024-04-01T07:03:09.300+0000] {logging_mixin.py:188} INFO - [2024-04-01T07:03:09.300+0000] {dag.py:3047} INFO - Sync 1 DAGs
[2024-04-01T07:03:09.309+0000] {logging_mixin.py:188} INFO - [2024-04-01T07:03:09.308+0000] {dag.py:3834} INFO - Setting next_dagrun for tutorial_objectstorage to None, run_after=None
[2024-04-01T07:03:09.318+0000] {processor.py:183} INFO - Processing /home/airflow/.local/lib/python3.8/site-packages/airflow/example_dags/tutorial_objectstorage.py took 0.042 seconds
[2024-04-01T07:03:39.449+0000] {processor.py:161} INFO - Started process (PID=296) to work on /home/airflow/.local/lib/python3.8/site-packages/airflow/example_dags/tutorial_objectstorage.py
[2024-04-01T07:03:39.449+0000] {processor.py:830} INFO - Processing file /home/airflow/.local/lib/python3.8/site-packages/airflow/example_dags/tutorial_objectstorage.py for tasks to queue
[2024-04-01T07:03:39.451+0000] {logging_mixin.py:188} INFO - [2024-04-01T07:03:39.451+0000] {dagbag.py:540} INFO - Filling up the DagBag from /home/airflow/.local/lib/python3.8/site-packages/airflow/example_dags/tutorial_objectstorage.py
[2024-04-01T07:03:39.456+0000] {processor.py:840} INFO - DAG(s) 'tutorial_objectstorage' retrieved from /home/airflow/.local/lib/python3.8/site-packages/airflow/example_dags/tutorial_objectstorage.py
[2024-04-01T07:03:39.468+0000] {logging_mixin.py:188} INFO - [2024-04-01T07:03:39.468+0000] {dag.py:3047} INFO - Sync 1 DAGs
[2024-04-01T07:03:39.475+0000] {logging_mixin.py:188} INFO - [2024-04-01T07:03:39.474+0000] {dag.py:3834} INFO - Setting next_dagrun for tutorial_objectstorage to None, run_after=None
[2024-04-01T07:03:39.485+0000] {processor.py:183} INFO - Processing /home/airflow/.local/lib/python3.8/site-packages/airflow/example_dags/tutorial_objectstorage.py took 0.038 seconds
[2024-04-01T07:04:10.460+0000] {processor.py:161} INFO - Started process (PID=351) to work on /home/airflow/.local/lib/python3.8/site-packages/airflow/example_dags/tutorial_objectstorage.py
[2024-04-01T07:04:10.460+0000] {processor.py:830} INFO - Processing file /home/airflow/.local/lib/python3.8/site-packages/airflow/example_dags/tutorial_objectstorage.py for tasks to queue
[2024-04-01T07:04:10.461+0000] {logging_mixin.py:188} INFO - [2024-04-01T07:04:10.461+0000] {dagbag.py:540} INFO - Filling up the DagBag from /home/airflow/.local/lib/python3.8/site-packages/airflow/example_dags/tutorial_objectstorage.py
[2024-04-01T07:04:10.466+0000] {processor.py:840} INFO - DAG(s) 'tutorial_objectstorage' retrieved from /home/airflow/.local/lib/python3.8/site-packages/airflow/example_dags/tutorial_objectstorage.py
[2024-04-01T07:04:10.476+0000] {logging_mixin.py:188} INFO - [2024-04-01T07:04:10.475+0000] {dag.py:3047} INFO - Sync 1 DAGs
[2024-04-01T07:04:10.482+0000] {logging_mixin.py:188} INFO - [2024-04-01T07:04:10.482+0000] {dag.py:3834} INFO - Setting next_dagrun for tutorial_objectstorage to None, run_after=None
[2024-04-01T07:04:10.491+0000] {processor.py:183} INFO - Processing /home/airflow/.local/lib/python3.8/site-packages/airflow/example_dags/tutorial_objectstorage.py took 0.033 seconds
[2024-04-01T07:04:40.661+0000] {processor.py:161} INFO - Started process (PID=406) to work on /home/airflow/.local/lib/python3.8/site-packages/airflow/example_dags/tutorial_objectstorage.py
[2024-04-01T07:04:40.662+0000] {processor.py:830} INFO - Processing file /home/airflow/.local/lib/python3.8/site-packages/airflow/example_dags/tutorial_objectstorage.py for tasks to queue
[2024-04-01T07:04:40.663+0000] {logging_mixin.py:188} INFO - [2024-04-01T07:04:40.663+0000] {dagbag.py:540} INFO - Filling up the DagBag from /home/airflow/.local/lib/python3.8/site-packages/airflow/example_dags/tutorial_objectstorage.py
[2024-04-01T07:04:40.668+0000] {processor.py:840} INFO - DAG(s) 'tutorial_objectstorage' retrieved from /home/airflow/.local/lib/python3.8/site-packages/airflow/example_dags/tutorial_objectstorage.py
[2024-04-01T07:04:40.683+0000] {logging_mixin.py:188} INFO - [2024-04-01T07:04:40.683+0000] {dag.py:3047} INFO - Sync 1 DAGs
[2024-04-01T07:04:40.691+0000] {logging_mixin.py:188} INFO - [2024-04-01T07:04:40.691+0000] {dag.py:3834} INFO - Setting next_dagrun for tutorial_objectstorage to None, run_after=None
[2024-04-01T07:04:40.702+0000] {processor.py:183} INFO - Processing /home/airflow/.local/lib/python3.8/site-packages/airflow/example_dags/tutorial_objectstorage.py took 0.044 seconds
[2024-04-01T07:05:10.723+0000] {processor.py:161} INFO - Started process (PID=461) to work on /home/airflow/.local/lib/python3.8/site-packages/airflow/example_dags/tutorial_objectstorage.py
[2024-04-01T07:05:10.724+0000] {processor.py:830} INFO - Processing file /home/airflow/.local/lib/python3.8/site-packages/airflow/example_dags/tutorial_objectstorage.py for tasks to queue
[2024-04-01T07:05:10.725+0000] {logging_mixin.py:188} INFO - [2024-04-01T07:05:10.725+0000] {dagbag.py:540} INFO - Filling up the DagBag from /home/airflow/.local/lib/python3.8/site-packages/airflow/example_dags/tutorial_objectstorage.py
[2024-04-01T07:05:10.729+0000] {processor.py:840} INFO - DAG(s) 'tutorial_objectstorage' retrieved from /home/airflow/.local/lib/python3.8/site-packages/airflow/example_dags/tutorial_objectstorage.py
[2024-04-01T07:05:10.739+0000] {logging_mixin.py:188} INFO - [2024-04-01T07:05:10.739+0000] {dag.py:3047} INFO - Sync 1 DAGs
[2024-04-01T07:05:10.745+0000] {logging_mixin.py:188} INFO - [2024-04-01T07:05:10.745+0000] {dag.py:3834} INFO - Setting next_dagrun for tutorial_objectstorage to None, run_after=None
[2024-04-01T07:05:10.754+0000] {processor.py:183} INFO - Processing /home/airflow/.local/lib/python3.8/site-packages/airflow/example_dags/tutorial_objectstorage.py took 0.032 seconds
[2024-04-01T07:05:40.903+0000] {processor.py:161} INFO - Started process (PID=516) to work on /home/airflow/.local/lib/python3.8/site-packages/airflow/example_dags/tutorial_objectstorage.py
[2024-04-01T07:05:40.904+0000] {processor.py:830} INFO - Processing file /home/airflow/.local/lib/python3.8/site-packages/airflow/example_dags/tutorial_objectstorage.py for tasks to queue
[2024-04-01T07:05:40.906+0000] {logging_mixin.py:188} INFO - [2024-04-01T07:05:40.905+0000] {dagbag.py:540} INFO - Filling up the DagBag from /home/airflow/.local/lib/python3.8/site-packages/airflow/example_dags/tutorial_objectstorage.py
[2024-04-01T07:05:40.911+0000] {processor.py:840} INFO - DAG(s) 'tutorial_objectstorage' retrieved from /home/airflow/.local/lib/python3.8/site-packages/airflow/example_dags/tutorial_objectstorage.py
[2024-04-01T07:05:40.924+0000] {logging_mixin.py:188} INFO - [2024-04-01T07:05:40.924+0000] {dag.py:3047} INFO - Sync 1 DAGs
[2024-04-01T07:05:40.932+0000] {logging_mixin.py:188} INFO - [2024-04-01T07:05:40.932+0000] {dag.py:3834} INFO - Setting next_dagrun for tutorial_objectstorage to None, run_after=None
[2024-04-01T07:05:40.942+0000] {processor.py:183} INFO - Processing /home/airflow/.local/lib/python3.8/site-packages/airflow/example_dags/tutorial_objectstorage.py took 0.041 seconds
[2024-04-01T07:06:11.071+0000] {processor.py:161} INFO - Started process (PID=571) to work on /home/airflow/.local/lib/python3.8/site-packages/airflow/example_dags/tutorial_objectstorage.py
[2024-04-01T07:06:11.072+0000] {processor.py:830} INFO - Processing file /home/airflow/.local/lib/python3.8/site-packages/airflow/example_dags/tutorial_objectstorage.py for tasks to queue
[2024-04-01T07:06:11.073+0000] {logging_mixin.py:188} INFO - [2024-04-01T07:06:11.073+0000] {dagbag.py:540} INFO - Filling up the DagBag from /home/airflow/.local/lib/python3.8/site-packages/airflow/example_dags/tutorial_objectstorage.py
[2024-04-01T07:06:11.081+0000] {processor.py:840} INFO - DAG(s) 'tutorial_objectstorage' retrieved from /home/airflow/.local/lib/python3.8/site-packages/airflow/example_dags/tutorial_objectstorage.py
[2024-04-01T07:06:11.098+0000] {logging_mixin.py:188} INFO - [2024-04-01T07:06:11.098+0000] {dag.py:3047} INFO - Sync 1 DAGs
[2024-04-01T07:06:11.108+0000] {logging_mixin.py:188} INFO - [2024-04-01T07:06:11.107+0000] {dag.py:3834} INFO - Setting next_dagrun for tutorial_objectstorage to None, run_after=None
[2024-04-01T07:06:11.121+0000] {processor.py:183} INFO - Processing /home/airflow/.local/lib/python3.8/site-packages/airflow/example_dags/tutorial_objectstorage.py took 0.054 seconds
[2024-04-01T07:06:41.603+0000] {processor.py:161} INFO - Started process (PID=626) to work on /home/airflow/.local/lib/python3.8/site-packages/airflow/example_dags/tutorial_objectstorage.py
[2024-04-01T07:06:41.604+0000] {processor.py:830} INFO - Processing file /home/airflow/.local/lib/python3.8/site-packages/airflow/example_dags/tutorial_objectstorage.py for tasks to queue
[2024-04-01T07:06:41.605+0000] {logging_mixin.py:188} INFO - [2024-04-01T07:06:41.605+0000] {dagbag.py:540} INFO - Filling up the DagBag from /home/airflow/.local/lib/python3.8/site-packages/airflow/example_dags/tutorial_objectstorage.py
[2024-04-01T07:06:41.611+0000] {processor.py:840} INFO - DAG(s) 'tutorial_objectstorage' retrieved from /home/airflow/.local/lib/python3.8/site-packages/airflow/example_dags/tutorial_objectstorage.py
[2024-04-01T07:06:41.627+0000] {logging_mixin.py:188} INFO - [2024-04-01T07:06:41.627+0000] {dag.py:3047} INFO - Sync 1 DAGs
[2024-04-01T07:06:41.638+0000] {logging_mixin.py:188} INFO - [2024-04-01T07:06:41.638+0000] {dag.py:3834} INFO - Setting next_dagrun for tutorial_objectstorage to None, run_after=None
[2024-04-01T07:06:41.653+0000] {processor.py:183} INFO - Processing /home/airflow/.local/lib/python3.8/site-packages/airflow/example_dags/tutorial_objectstorage.py took 0.052 seconds
[2024-04-01T07:07:11.733+0000] {processor.py:161} INFO - Started process (PID=681) to work on /home/airflow/.local/lib/python3.8/site-packages/airflow/example_dags/tutorial_objectstorage.py
[2024-04-01T07:07:11.735+0000] {processor.py:830} INFO - Processing file /home/airflow/.local/lib/python3.8/site-packages/airflow/example_dags/tutorial_objectstorage.py for tasks to queue
[2024-04-01T07:07:11.736+0000] {logging_mixin.py:188} INFO - [2024-04-01T07:07:11.736+0000] {dagbag.py:540} INFO - Filling up the DagBag from /home/airflow/.local/lib/python3.8/site-packages/airflow/example_dags/tutorial_objectstorage.py
[2024-04-01T07:07:11.741+0000] {processor.py:840} INFO - DAG(s) 'tutorial_objectstorage' retrieved from /home/airflow/.local/lib/python3.8/site-packages/airflow/example_dags/tutorial_objectstorage.py
[2024-04-01T07:07:11.757+0000] {logging_mixin.py:188} INFO - [2024-04-01T07:07:11.756+0000] {dag.py:3047} INFO - Sync 1 DAGs
[2024-04-01T07:07:11.764+0000] {logging_mixin.py:188} INFO - [2024-04-01T07:07:11.764+0000] {dag.py:3834} INFO - Setting next_dagrun for tutorial_objectstorage to None, run_after=None
[2024-04-01T07:07:11.776+0000] {processor.py:183} INFO - Processing /home/airflow/.local/lib/python3.8/site-packages/airflow/example_dags/tutorial_objectstorage.py took 0.046 seconds
[2024-04-01T07:07:41.899+0000] {processor.py:161} INFO - Started process (PID=736) to work on /home/airflow/.local/lib/python3.8/site-packages/airflow/example_dags/tutorial_objectstorage.py
[2024-04-01T07:07:41.900+0000] {processor.py:830} INFO - Processing file /home/airflow/.local/lib/python3.8/site-packages/airflow/example_dags/tutorial_objectstorage.py for tasks to queue
[2024-04-01T07:07:41.901+0000] {logging_mixin.py:188} INFO - [2024-04-01T07:07:41.901+0000] {dagbag.py:540} INFO - Filling up the DagBag from /home/airflow/.local/lib/python3.8/site-packages/airflow/example_dags/tutorial_objectstorage.py
[2024-04-01T07:07:41.906+0000] {processor.py:840} INFO - DAG(s) 'tutorial_objectstorage' retrieved from /home/airflow/.local/lib/python3.8/site-packages/airflow/example_dags/tutorial_objectstorage.py
[2024-04-01T07:07:41.918+0000] {logging_mixin.py:188} INFO - [2024-04-01T07:07:41.918+0000] {dag.py:3047} INFO - Sync 1 DAGs
[2024-04-01T07:07:41.925+0000] {logging_mixin.py:188} INFO - [2024-04-01T07:07:41.925+0000] {dag.py:3834} INFO - Setting next_dagrun for tutorial_objectstorage to None, run_after=None
[2024-04-01T07:07:41.934+0000] {processor.py:183} INFO - Processing /home/airflow/.local/lib/python3.8/site-packages/airflow/example_dags/tutorial_objectstorage.py took 0.037 seconds
[2024-04-01T07:08:12.938+0000] {processor.py:161} INFO - Started process (PID=791) to work on /home/airflow/.local/lib/python3.8/site-packages/airflow/example_dags/tutorial_objectstorage.py
[2024-04-01T07:08:12.939+0000] {processor.py:830} INFO - Processing file /home/airflow/.local/lib/python3.8/site-packages/airflow/example_dags/tutorial_objectstorage.py for tasks to queue
[2024-04-01T07:08:12.940+0000] {logging_mixin.py:188} INFO - [2024-04-01T07:08:12.940+0000] {dagbag.py:540} INFO - Filling up the DagBag from /home/airflow/.local/lib/python3.8/site-packages/airflow/example_dags/tutorial_objectstorage.py
[2024-04-01T07:08:12.944+0000] {processor.py:840} INFO - DAG(s) 'tutorial_objectstorage' retrieved from /home/airflow/.local/lib/python3.8/site-packages/airflow/example_dags/tutorial_objectstorage.py
[2024-04-01T07:08:12.956+0000] {logging_mixin.py:188} INFO - [2024-04-01T07:08:12.956+0000] {dag.py:3047} INFO - Sync 1 DAGs
[2024-04-01T07:08:12.966+0000] {logging_mixin.py:188} INFO - [2024-04-01T07:08:12.966+0000] {dag.py:3834} INFO - Setting next_dagrun for tutorial_objectstorage to None, run_after=None
[2024-04-01T07:08:12.976+0000] {processor.py:183} INFO - Processing /home/airflow/.local/lib/python3.8/site-packages/airflow/example_dags/tutorial_objectstorage.py took 0.040 seconds
[2024-04-01T07:08:43.711+0000] {processor.py:161} INFO - Started process (PID=846) to work on /home/airflow/.local/lib/python3.8/site-packages/airflow/example_dags/tutorial_objectstorage.py
[2024-04-01T07:08:43.712+0000] {processor.py:830} INFO - Processing file /home/airflow/.local/lib/python3.8/site-packages/airflow/example_dags/tutorial_objectstorage.py for tasks to queue
[2024-04-01T07:08:43.713+0000] {logging_mixin.py:188} INFO - [2024-04-01T07:08:43.713+0000] {dagbag.py:540} INFO - Filling up the DagBag from /home/airflow/.local/lib/python3.8/site-packages/airflow/example_dags/tutorial_objectstorage.py
[2024-04-01T07:08:43.717+0000] {processor.py:840} INFO - DAG(s) 'tutorial_objectstorage' retrieved from /home/airflow/.local/lib/python3.8/site-packages/airflow/example_dags/tutorial_objectstorage.py
[2024-04-01T07:08:43.727+0000] {logging_mixin.py:188} INFO - [2024-04-01T07:08:43.727+0000] {dag.py:3047} INFO - Sync 1 DAGs
[2024-04-01T07:08:43.734+0000] {logging_mixin.py:188} INFO - [2024-04-01T07:08:43.734+0000] {dag.py:3834} INFO - Setting next_dagrun for tutorial_objectstorage to None, run_after=None
[2024-04-01T07:08:43.743+0000] {processor.py:183} INFO - Processing /home/airflow/.local/lib/python3.8/site-packages/airflow/example_dags/tutorial_objectstorage.py took 0.034 seconds
[2024-04-01T07:09:13.920+0000] {processor.py:161} INFO - Started process (PID=901) to work on /home/airflow/.local/lib/python3.8/site-packages/airflow/example_dags/tutorial_objectstorage.py
[2024-04-01T07:09:13.921+0000] {processor.py:830} INFO - Processing file /home/airflow/.local/lib/python3.8/site-packages/airflow/example_dags/tutorial_objectstorage.py for tasks to queue
[2024-04-01T07:09:13.922+0000] {logging_mixin.py:188} INFO - [2024-04-01T07:09:13.922+0000] {dagbag.py:540} INFO - Filling up the DagBag from /home/airflow/.local/lib/python3.8/site-packages/airflow/example_dags/tutorial_objectstorage.py
[2024-04-01T07:09:13.927+0000] {processor.py:840} INFO - DAG(s) 'tutorial_objectstorage' retrieved from /home/airflow/.local/lib/python3.8/site-packages/airflow/example_dags/tutorial_objectstorage.py
[2024-04-01T07:09:13.939+0000] {logging_mixin.py:188} INFO - [2024-04-01T07:09:13.938+0000] {dag.py:3047} INFO - Sync 1 DAGs
[2024-04-01T07:09:13.946+0000] {logging_mixin.py:188} INFO - [2024-04-01T07:09:13.946+0000] {dag.py:3834} INFO - Setting next_dagrun for tutorial_objectstorage to None, run_after=None
[2024-04-01T07:09:13.955+0000] {processor.py:183} INFO - Processing /home/airflow/.local/lib/python3.8/site-packages/airflow/example_dags/tutorial_objectstorage.py took 0.037 seconds
[2024-04-01T07:09:44.894+0000] {processor.py:161} INFO - Started process (PID=956) to work on /home/airflow/.local/lib/python3.8/site-packages/airflow/example_dags/tutorial_objectstorage.py
[2024-04-01T07:09:44.895+0000] {processor.py:830} INFO - Processing file /home/airflow/.local/lib/python3.8/site-packages/airflow/example_dags/tutorial_objectstorage.py for tasks to queue
[2024-04-01T07:09:44.896+0000] {logging_mixin.py:188} INFO - [2024-04-01T07:09:44.896+0000] {dagbag.py:540} INFO - Filling up the DagBag from /home/airflow/.local/lib/python3.8/site-packages/airflow/example_dags/tutorial_objectstorage.py
[2024-04-01T07:09:44.901+0000] {processor.py:840} INFO - DAG(s) 'tutorial_objectstorage' retrieved from /home/airflow/.local/lib/python3.8/site-packages/airflow/example_dags/tutorial_objectstorage.py
[2024-04-01T07:09:44.911+0000] {logging_mixin.py:188} INFO - [2024-04-01T07:09:44.911+0000] {dag.py:3047} INFO - Sync 1 DAGs
[2024-04-01T07:09:44.918+0000] {logging_mixin.py:188} INFO - [2024-04-01T07:09:44.918+0000] {dag.py:3834} INFO - Setting next_dagrun for tutorial_objectstorage to None, run_after=None
[2024-04-01T07:09:44.928+0000] {processor.py:183} INFO - Processing /home/airflow/.local/lib/python3.8/site-packages/airflow/example_dags/tutorial_objectstorage.py took 0.035 seconds
[2024-04-01T07:10:15.927+0000] {processor.py:161} INFO - Started process (PID=1011) to work on /home/airflow/.local/lib/python3.8/site-packages/airflow/example_dags/tutorial_objectstorage.py
[2024-04-01T07:10:15.927+0000] {processor.py:830} INFO - Processing file /home/airflow/.local/lib/python3.8/site-packages/airflow/example_dags/tutorial_objectstorage.py for tasks to queue
[2024-04-01T07:10:15.928+0000] {logging_mixin.py:188} INFO - [2024-04-01T07:10:15.928+0000] {dagbag.py:540} INFO - Filling up the DagBag from /home/airflow/.local/lib/python3.8/site-packages/airflow/example_dags/tutorial_objectstorage.py
[2024-04-01T07:10:15.932+0000] {processor.py:840} INFO - DAG(s) 'tutorial_objectstorage' retrieved from /home/airflow/.local/lib/python3.8/site-packages/airflow/example_dags/tutorial_objectstorage.py
[2024-04-01T07:10:15.947+0000] {logging_mixin.py:188} INFO - [2024-04-01T07:10:15.946+0000] {dag.py:3047} INFO - Sync 1 DAGs
[2024-04-01T07:10:15.954+0000] {logging_mixin.py:188} INFO - [2024-04-01T07:10:15.954+0000] {dag.py:3834} INFO - Setting next_dagrun for tutorial_objectstorage to None, run_after=None
[2024-04-01T07:10:15.965+0000] {processor.py:183} INFO - Processing /home/airflow/.local/lib/python3.8/site-packages/airflow/example_dags/tutorial_objectstorage.py took 0.041 seconds
[2024-04-01T07:10:46.096+0000] {processor.py:161} INFO - Started process (PID=1066) to work on /home/airflow/.local/lib/python3.8/site-packages/airflow/example_dags/tutorial_objectstorage.py
[2024-04-01T07:10:46.097+0000] {processor.py:830} INFO - Processing file /home/airflow/.local/lib/python3.8/site-packages/airflow/example_dags/tutorial_objectstorage.py for tasks to queue
[2024-04-01T07:10:46.098+0000] {logging_mixin.py:188} INFO - [2024-04-01T07:10:46.098+0000] {dagbag.py:540} INFO - Filling up the DagBag from /home/airflow/.local/lib/python3.8/site-packages/airflow/example_dags/tutorial_objectstorage.py
[2024-04-01T07:10:46.104+0000] {processor.py:840} INFO - DAG(s) 'tutorial_objectstorage' retrieved from /home/airflow/.local/lib/python3.8/site-packages/airflow/example_dags/tutorial_objectstorage.py
[2024-04-01T07:10:46.119+0000] {logging_mixin.py:188} INFO - [2024-04-01T07:10:46.119+0000] {dag.py:3047} INFO - Sync 1 DAGs
[2024-04-01T07:10:46.128+0000] {logging_mixin.py:188} INFO - [2024-04-01T07:10:46.128+0000] {dag.py:3834} INFO - Setting next_dagrun for tutorial_objectstorage to None, run_after=None
[2024-04-01T07:10:46.142+0000] {processor.py:183} INFO - Processing /home/airflow/.local/lib/python3.8/site-packages/airflow/example_dags/tutorial_objectstorage.py took 0.048 seconds
[2024-04-01T07:11:16.231+0000] {processor.py:161} INFO - Started process (PID=1128) to work on /home/airflow/.local/lib/python3.8/site-packages/airflow/example_dags/tutorial_objectstorage.py
[2024-04-01T07:11:16.232+0000] {processor.py:830} INFO - Processing file /home/airflow/.local/lib/python3.8/site-packages/airflow/example_dags/tutorial_objectstorage.py for tasks to queue
[2024-04-01T07:11:16.233+0000] {logging_mixin.py:188} INFO - [2024-04-01T07:11:16.233+0000] {dagbag.py:540} INFO - Filling up the DagBag from /home/airflow/.local/lib/python3.8/site-packages/airflow/example_dags/tutorial_objectstorage.py
[2024-04-01T07:11:16.239+0000] {processor.py:840} INFO - DAG(s) 'tutorial_objectstorage' retrieved from /home/airflow/.local/lib/python3.8/site-packages/airflow/example_dags/tutorial_objectstorage.py
[2024-04-01T07:11:16.252+0000] {logging_mixin.py:188} INFO - [2024-04-01T07:11:16.252+0000] {dag.py:3047} INFO - Sync 1 DAGs
[2024-04-01T07:11:16.261+0000] {logging_mixin.py:188} INFO - [2024-04-01T07:11:16.260+0000] {dag.py:3834} INFO - Setting next_dagrun for tutorial_objectstorage to None, run_after=None
[2024-04-01T07:11:16.272+0000] {processor.py:183} INFO - Processing /home/airflow/.local/lib/python3.8/site-packages/airflow/example_dags/tutorial_objectstorage.py took 0.043 seconds
[2024-04-01T07:11:46.392+0000] {processor.py:161} INFO - Started process (PID=1183) to work on /home/airflow/.local/lib/python3.8/site-packages/airflow/example_dags/tutorial_objectstorage.py
[2024-04-01T07:11:46.393+0000] {processor.py:830} INFO - Processing file /home/airflow/.local/lib/python3.8/site-packages/airflow/example_dags/tutorial_objectstorage.py for tasks to queue
[2024-04-01T07:11:46.394+0000] {logging_mixin.py:188} INFO - [2024-04-01T07:11:46.394+0000] {dagbag.py:540} INFO - Filling up the DagBag from /home/airflow/.local/lib/python3.8/site-packages/airflow/example_dags/tutorial_objectstorage.py
[2024-04-01T07:11:46.399+0000] {processor.py:840} INFO - DAG(s) 'tutorial_objectstorage' retrieved from /home/airflow/.local/lib/python3.8/site-packages/airflow/example_dags/tutorial_objectstorage.py
[2024-04-01T07:11:46.428+0000] {logging_mixin.py:188} INFO - [2024-04-01T07:11:46.428+0000] {dag.py:3047} INFO - Sync 1 DAGs
[2024-04-01T07:11:46.440+0000] {logging_mixin.py:188} INFO - [2024-04-01T07:11:46.440+0000] {dag.py:3834} INFO - Setting next_dagrun for tutorial_objectstorage to None, run_after=None
[2024-04-01T07:11:46.455+0000] {processor.py:183} INFO - Processing /home/airflow/.local/lib/python3.8/site-packages/airflow/example_dags/tutorial_objectstorage.py took 0.065 seconds
[2024-04-01T07:12:17.403+0000] {processor.py:161} INFO - Started process (PID=1238) to work on /home/airflow/.local/lib/python3.8/site-packages/airflow/example_dags/tutorial_objectstorage.py
[2024-04-01T07:12:17.403+0000] {processor.py:830} INFO - Processing file /home/airflow/.local/lib/python3.8/site-packages/airflow/example_dags/tutorial_objectstorage.py for tasks to queue
[2024-04-01T07:12:17.404+0000] {logging_mixin.py:188} INFO - [2024-04-01T07:12:17.404+0000] {dagbag.py:540} INFO - Filling up the DagBag from /home/airflow/.local/lib/python3.8/site-packages/airflow/example_dags/tutorial_objectstorage.py
[2024-04-01T07:12:17.409+0000] {processor.py:840} INFO - DAG(s) 'tutorial_objectstorage' retrieved from /home/airflow/.local/lib/python3.8/site-packages/airflow/example_dags/tutorial_objectstorage.py
[2024-04-01T07:12:17.421+0000] {logging_mixin.py:188} INFO - [2024-04-01T07:12:17.421+0000] {dag.py:3047} INFO - Sync 1 DAGs
[2024-04-01T07:12:17.429+0000] {logging_mixin.py:188} INFO - [2024-04-01T07:12:17.429+0000] {dag.py:3834} INFO - Setting next_dagrun for tutorial_objectstorage to None, run_after=None
[2024-04-01T07:12:17.440+0000] {processor.py:183} INFO - Processing /home/airflow/.local/lib/python3.8/site-packages/airflow/example_dags/tutorial_objectstorage.py took 0.040 seconds
