[2024-04-01T06:47:26.375+0000] {processor.py:161} INFO - Started process (PID=56) to work on /home/airflow/.local/lib/python3.8/site-packages/airflow/example_dags/tutorial.py
[2024-04-01T06:47:26.376+0000] {processor.py:830} INFO - Processing file /home/airflow/.local/lib/python3.8/site-packages/airflow/example_dags/tutorial.py for tasks to queue
[2024-04-01T06:47:26.378+0000] {logging_mixin.py:188} INFO - [2024-04-01T06:47:26.378+0000] {dagbag.py:540} INFO - Filling up the DagBag from /home/airflow/.local/lib/python3.8/site-packages/airflow/example_dags/tutorial.py
[2024-04-01T06:47:26.384+0000] {processor.py:840} INFO - DAG(s) 'tutorial' retrieved from /home/airflow/.local/lib/python3.8/site-packages/airflow/example_dags/tutorial.py
[2024-04-01T06:47:26.392+0000] {logging_mixin.py:188} INFO - [2024-04-01T06:47:26.392+0000] {dag.py:3047} INFO - Sync 1 DAGs
[2024-04-01T06:47:26.408+0000] {logging_mixin.py:188} INFO - [2024-04-01T06:47:26.408+0000] {dag.py:3834} INFO - Setting next_dagrun for tutorial to 2024-03-31 00:00:00+00:00, run_after=2024-04-01 00:00:00+00:00
[2024-04-01T06:47:26.419+0000] {processor.py:183} INFO - Processing /home/airflow/.local/lib/python3.8/site-packages/airflow/example_dags/tutorial.py took 0.046 seconds
[2024-04-01T06:47:57.419+0000] {processor.py:161} INFO - Started process (PID=111) to work on /home/airflow/.local/lib/python3.8/site-packages/airflow/example_dags/tutorial.py
[2024-04-01T06:47:57.419+0000] {processor.py:830} INFO - Processing file /home/airflow/.local/lib/python3.8/site-packages/airflow/example_dags/tutorial.py for tasks to queue
[2024-04-01T06:47:57.420+0000] {logging_mixin.py:188} INFO - [2024-04-01T06:47:57.420+0000] {dagbag.py:540} INFO - Filling up the DagBag from /home/airflow/.local/lib/python3.8/site-packages/airflow/example_dags/tutorial.py
[2024-04-01T06:47:57.424+0000] {processor.py:840} INFO - DAG(s) 'tutorial' retrieved from /home/airflow/.local/lib/python3.8/site-packages/airflow/example_dags/tutorial.py
[2024-04-01T06:47:57.475+0000] {logging_mixin.py:188} INFO - [2024-04-01T06:47:57.475+0000] {dag.py:3047} INFO - Sync 1 DAGs
[2024-04-01T06:47:57.485+0000] {logging_mixin.py:188} INFO - [2024-04-01T06:47:57.485+0000] {dag.py:3834} INFO - Setting next_dagrun for tutorial to 2024-03-31 00:00:00+00:00, run_after=2024-04-01 00:00:00+00:00
[2024-04-01T06:47:57.495+0000] {processor.py:183} INFO - Processing /home/airflow/.local/lib/python3.8/site-packages/airflow/example_dags/tutorial.py took 0.077 seconds
[2024-04-01T06:48:27.835+0000] {processor.py:161} INFO - Started process (PID=166) to work on /home/airflow/.local/lib/python3.8/site-packages/airflow/example_dags/tutorial.py
[2024-04-01T06:48:27.835+0000] {processor.py:830} INFO - Processing file /home/airflow/.local/lib/python3.8/site-packages/airflow/example_dags/tutorial.py for tasks to queue
[2024-04-01T06:48:27.837+0000] {logging_mixin.py:188} INFO - [2024-04-01T06:48:27.836+0000] {dagbag.py:540} INFO - Filling up the DagBag from /home/airflow/.local/lib/python3.8/site-packages/airflow/example_dags/tutorial.py
[2024-04-01T06:48:27.840+0000] {processor.py:840} INFO - DAG(s) 'tutorial' retrieved from /home/airflow/.local/lib/python3.8/site-packages/airflow/example_dags/tutorial.py
[2024-04-01T06:48:27.850+0000] {logging_mixin.py:188} INFO - [2024-04-01T06:48:27.850+0000] {dag.py:3047} INFO - Sync 1 DAGs
[2024-04-01T06:48:27.862+0000] {logging_mixin.py:188} INFO - [2024-04-01T06:48:27.862+0000] {dag.py:3834} INFO - Setting next_dagrun for tutorial to 2024-03-31 00:00:00+00:00, run_after=2024-04-01 00:00:00+00:00
[2024-04-01T06:48:27.871+0000] {processor.py:183} INFO - Processing /home/airflow/.local/lib/python3.8/site-packages/airflow/example_dags/tutorial.py took 0.038 seconds
[2024-04-01T06:48:58.690+0000] {processor.py:161} INFO - Started process (PID=221) to work on /home/airflow/.local/lib/python3.8/site-packages/airflow/example_dags/tutorial.py
[2024-04-01T06:48:58.691+0000] {processor.py:830} INFO - Processing file /home/airflow/.local/lib/python3.8/site-packages/airflow/example_dags/tutorial.py for tasks to queue
[2024-04-01T06:48:58.692+0000] {logging_mixin.py:188} INFO - [2024-04-01T06:48:58.692+0000] {dagbag.py:540} INFO - Filling up the DagBag from /home/airflow/.local/lib/python3.8/site-packages/airflow/example_dags/tutorial.py
[2024-04-01T06:48:58.695+0000] {processor.py:840} INFO - DAG(s) 'tutorial' retrieved from /home/airflow/.local/lib/python3.8/site-packages/airflow/example_dags/tutorial.py
[2024-04-01T06:48:58.706+0000] {logging_mixin.py:188} INFO - [2024-04-01T06:48:58.706+0000] {dag.py:3047} INFO - Sync 1 DAGs
[2024-04-01T06:48:58.718+0000] {logging_mixin.py:188} INFO - [2024-04-01T06:48:58.718+0000] {dag.py:3834} INFO - Setting next_dagrun for tutorial to 2024-03-31 00:00:00+00:00, run_after=2024-04-01 00:00:00+00:00
[2024-04-01T06:48:58.728+0000] {processor.py:183} INFO - Processing /home/airflow/.local/lib/python3.8/site-packages/airflow/example_dags/tutorial.py took 0.039 seconds
[2024-04-01T06:49:29.348+0000] {processor.py:161} INFO - Started process (PID=276) to work on /home/airflow/.local/lib/python3.8/site-packages/airflow/example_dags/tutorial.py
[2024-04-01T06:49:29.349+0000] {processor.py:830} INFO - Processing file /home/airflow/.local/lib/python3.8/site-packages/airflow/example_dags/tutorial.py for tasks to queue
[2024-04-01T06:49:29.351+0000] {logging_mixin.py:188} INFO - [2024-04-01T06:49:29.350+0000] {dagbag.py:540} INFO - Filling up the DagBag from /home/airflow/.local/lib/python3.8/site-packages/airflow/example_dags/tutorial.py
[2024-04-01T06:49:29.354+0000] {processor.py:840} INFO - DAG(s) 'tutorial' retrieved from /home/airflow/.local/lib/python3.8/site-packages/airflow/example_dags/tutorial.py
[2024-04-01T06:49:29.365+0000] {logging_mixin.py:188} INFO - [2024-04-01T06:49:29.365+0000] {dag.py:3047} INFO - Sync 1 DAGs
[2024-04-01T06:49:29.376+0000] {logging_mixin.py:188} INFO - [2024-04-01T06:49:29.376+0000] {dag.py:3834} INFO - Setting next_dagrun for tutorial to 2024-03-31 00:00:00+00:00, run_after=2024-04-01 00:00:00+00:00
[2024-04-01T06:49:29.385+0000] {processor.py:183} INFO - Processing /home/airflow/.local/lib/python3.8/site-packages/airflow/example_dags/tutorial.py took 0.039 seconds
[2024-04-01T06:50:00.193+0000] {processor.py:161} INFO - Started process (PID=331) to work on /home/airflow/.local/lib/python3.8/site-packages/airflow/example_dags/tutorial.py
[2024-04-01T06:50:00.194+0000] {processor.py:830} INFO - Processing file /home/airflow/.local/lib/python3.8/site-packages/airflow/example_dags/tutorial.py for tasks to queue
[2024-04-01T06:50:00.195+0000] {logging_mixin.py:188} INFO - [2024-04-01T06:50:00.195+0000] {dagbag.py:540} INFO - Filling up the DagBag from /home/airflow/.local/lib/python3.8/site-packages/airflow/example_dags/tutorial.py
[2024-04-01T06:50:00.198+0000] {processor.py:840} INFO - DAG(s) 'tutorial' retrieved from /home/airflow/.local/lib/python3.8/site-packages/airflow/example_dags/tutorial.py
[2024-04-01T06:50:00.209+0000] {logging_mixin.py:188} INFO - [2024-04-01T06:50:00.209+0000] {dag.py:3047} INFO - Sync 1 DAGs
[2024-04-01T06:50:00.220+0000] {logging_mixin.py:188} INFO - [2024-04-01T06:50:00.220+0000] {dag.py:3834} INFO - Setting next_dagrun for tutorial to 2024-03-31 00:00:00+00:00, run_after=2024-04-01 00:00:00+00:00
[2024-04-01T06:50:00.229+0000] {processor.py:183} INFO - Processing /home/airflow/.local/lib/python3.8/site-packages/airflow/example_dags/tutorial.py took 0.038 seconds
[2024-04-01T06:50:30.305+0000] {processor.py:161} INFO - Started process (PID=386) to work on /home/airflow/.local/lib/python3.8/site-packages/airflow/example_dags/tutorial.py
[2024-04-01T06:50:30.306+0000] {processor.py:830} INFO - Processing file /home/airflow/.local/lib/python3.8/site-packages/airflow/example_dags/tutorial.py for tasks to queue
[2024-04-01T06:50:30.308+0000] {logging_mixin.py:188} INFO - [2024-04-01T06:50:30.308+0000] {dagbag.py:540} INFO - Filling up the DagBag from /home/airflow/.local/lib/python3.8/site-packages/airflow/example_dags/tutorial.py
[2024-04-01T06:50:30.313+0000] {processor.py:840} INFO - DAG(s) 'tutorial' retrieved from /home/airflow/.local/lib/python3.8/site-packages/airflow/example_dags/tutorial.py
[2024-04-01T06:50:30.331+0000] {logging_mixin.py:188} INFO - [2024-04-01T06:50:30.331+0000] {dag.py:3047} INFO - Sync 1 DAGs
[2024-04-01T06:50:30.345+0000] {logging_mixin.py:188} INFO - [2024-04-01T06:50:30.345+0000] {dag.py:3834} INFO - Setting next_dagrun for tutorial to 2024-03-31 00:00:00+00:00, run_after=2024-04-01 00:00:00+00:00
[2024-04-01T06:50:30.356+0000] {processor.py:183} INFO - Processing /home/airflow/.local/lib/python3.8/site-packages/airflow/example_dags/tutorial.py took 0.053 seconds
[2024-04-01T06:51:01.035+0000] {processor.py:161} INFO - Started process (PID=441) to work on /home/airflow/.local/lib/python3.8/site-packages/airflow/example_dags/tutorial.py
[2024-04-01T06:51:01.036+0000] {processor.py:830} INFO - Processing file /home/airflow/.local/lib/python3.8/site-packages/airflow/example_dags/tutorial.py for tasks to queue
[2024-04-01T06:51:01.037+0000] {logging_mixin.py:188} INFO - [2024-04-01T06:51:01.037+0000] {dagbag.py:540} INFO - Filling up the DagBag from /home/airflow/.local/lib/python3.8/site-packages/airflow/example_dags/tutorial.py
[2024-04-01T06:51:01.041+0000] {processor.py:840} INFO - DAG(s) 'tutorial' retrieved from /home/airflow/.local/lib/python3.8/site-packages/airflow/example_dags/tutorial.py
[2024-04-01T06:51:01.052+0000] {logging_mixin.py:188} INFO - [2024-04-01T06:51:01.052+0000] {dag.py:3047} INFO - Sync 1 DAGs
[2024-04-01T06:51:01.064+0000] {logging_mixin.py:188} INFO - [2024-04-01T06:51:01.064+0000] {dag.py:3834} INFO - Setting next_dagrun for tutorial to 2024-03-31 00:00:00+00:00, run_after=2024-04-01 00:00:00+00:00
[2024-04-01T06:51:01.074+0000] {processor.py:183} INFO - Processing /home/airflow/.local/lib/python3.8/site-packages/airflow/example_dags/tutorial.py took 0.040 seconds
[2024-04-01T06:51:31.739+0000] {processor.py:161} INFO - Started process (PID=496) to work on /home/airflow/.local/lib/python3.8/site-packages/airflow/example_dags/tutorial.py
[2024-04-01T06:51:31.740+0000] {processor.py:830} INFO - Processing file /home/airflow/.local/lib/python3.8/site-packages/airflow/example_dags/tutorial.py for tasks to queue
[2024-04-01T06:51:31.741+0000] {logging_mixin.py:188} INFO - [2024-04-01T06:51:31.741+0000] {dagbag.py:540} INFO - Filling up the DagBag from /home/airflow/.local/lib/python3.8/site-packages/airflow/example_dags/tutorial.py
[2024-04-01T06:51:31.747+0000] {processor.py:840} INFO - DAG(s) 'tutorial' retrieved from /home/airflow/.local/lib/python3.8/site-packages/airflow/example_dags/tutorial.py
[2024-04-01T06:51:31.762+0000] {logging_mixin.py:188} INFO - [2024-04-01T06:51:31.762+0000] {dag.py:3047} INFO - Sync 1 DAGs
[2024-04-01T06:51:31.778+0000] {logging_mixin.py:188} INFO - [2024-04-01T06:51:31.777+0000] {dag.py:3834} INFO - Setting next_dagrun for tutorial to 2024-03-31 00:00:00+00:00, run_after=2024-04-01 00:00:00+00:00
[2024-04-01T06:51:31.788+0000] {processor.py:183} INFO - Processing /home/airflow/.local/lib/python3.8/site-packages/airflow/example_dags/tutorial.py took 0.053 seconds
[2024-04-01T06:52:02.554+0000] {processor.py:161} INFO - Started process (PID=551) to work on /home/airflow/.local/lib/python3.8/site-packages/airflow/example_dags/tutorial.py
[2024-04-01T06:52:02.554+0000] {processor.py:830} INFO - Processing file /home/airflow/.local/lib/python3.8/site-packages/airflow/example_dags/tutorial.py for tasks to queue
[2024-04-01T06:52:02.555+0000] {logging_mixin.py:188} INFO - [2024-04-01T06:52:02.555+0000] {dagbag.py:540} INFO - Filling up the DagBag from /home/airflow/.local/lib/python3.8/site-packages/airflow/example_dags/tutorial.py
[2024-04-01T06:52:02.558+0000] {processor.py:840} INFO - DAG(s) 'tutorial' retrieved from /home/airflow/.local/lib/python3.8/site-packages/airflow/example_dags/tutorial.py
[2024-04-01T06:52:02.569+0000] {logging_mixin.py:188} INFO - [2024-04-01T06:52:02.568+0000] {dag.py:3047} INFO - Sync 1 DAGs
[2024-04-01T06:52:02.580+0000] {logging_mixin.py:188} INFO - [2024-04-01T06:52:02.580+0000] {dag.py:3834} INFO - Setting next_dagrun for tutorial to 2024-03-31 00:00:00+00:00, run_after=2024-04-01 00:00:00+00:00
[2024-04-01T06:52:02.589+0000] {processor.py:183} INFO - Processing /home/airflow/.local/lib/python3.8/site-packages/airflow/example_dags/tutorial.py took 0.038 seconds
[2024-04-01T06:52:33.369+0000] {processor.py:161} INFO - Started process (PID=606) to work on /home/airflow/.local/lib/python3.8/site-packages/airflow/example_dags/tutorial.py
[2024-04-01T06:52:33.370+0000] {processor.py:830} INFO - Processing file /home/airflow/.local/lib/python3.8/site-packages/airflow/example_dags/tutorial.py for tasks to queue
[2024-04-01T06:52:33.371+0000] {logging_mixin.py:188} INFO - [2024-04-01T06:52:33.371+0000] {dagbag.py:540} INFO - Filling up the DagBag from /home/airflow/.local/lib/python3.8/site-packages/airflow/example_dags/tutorial.py
[2024-04-01T06:52:33.375+0000] {processor.py:840} INFO - DAG(s) 'tutorial' retrieved from /home/airflow/.local/lib/python3.8/site-packages/airflow/example_dags/tutorial.py
[2024-04-01T06:52:33.387+0000] {logging_mixin.py:188} INFO - [2024-04-01T06:52:33.386+0000] {dag.py:3047} INFO - Sync 1 DAGs
[2024-04-01T06:52:33.400+0000] {logging_mixin.py:188} INFO - [2024-04-01T06:52:33.400+0000] {dag.py:3834} INFO - Setting next_dagrun for tutorial to 2024-03-31 00:00:00+00:00, run_after=2024-04-01 00:00:00+00:00
[2024-04-01T06:52:33.410+0000] {processor.py:183} INFO - Processing /home/airflow/.local/lib/python3.8/site-packages/airflow/example_dags/tutorial.py took 0.042 seconds
[2024-04-01T06:53:03.557+0000] {processor.py:161} INFO - Started process (PID=661) to work on /home/airflow/.local/lib/python3.8/site-packages/airflow/example_dags/tutorial.py
[2024-04-01T06:53:03.558+0000] {processor.py:830} INFO - Processing file /home/airflow/.local/lib/python3.8/site-packages/airflow/example_dags/tutorial.py for tasks to queue
[2024-04-01T06:53:03.564+0000] {logging_mixin.py:188} INFO - [2024-04-01T06:53:03.563+0000] {dagbag.py:540} INFO - Filling up the DagBag from /home/airflow/.local/lib/python3.8/site-packages/airflow/example_dags/tutorial.py
[2024-04-01T06:53:03.568+0000] {processor.py:840} INFO - DAG(s) 'tutorial' retrieved from /home/airflow/.local/lib/python3.8/site-packages/airflow/example_dags/tutorial.py
[2024-04-01T06:53:03.583+0000] {logging_mixin.py:188} INFO - [2024-04-01T06:53:03.583+0000] {dag.py:3047} INFO - Sync 1 DAGs
[2024-04-01T06:53:03.596+0000] {logging_mixin.py:188} INFO - [2024-04-01T06:53:03.596+0000] {dag.py:3834} INFO - Setting next_dagrun for tutorial to 2024-03-31 00:00:00+00:00, run_after=2024-04-01 00:00:00+00:00
[2024-04-01T06:53:03.606+0000] {processor.py:183} INFO - Processing /home/airflow/.local/lib/python3.8/site-packages/airflow/example_dags/tutorial.py took 0.052 seconds
[2024-04-01T06:53:33.755+0000] {processor.py:161} INFO - Started process (PID=716) to work on /home/airflow/.local/lib/python3.8/site-packages/airflow/example_dags/tutorial.py
[2024-04-01T06:53:33.756+0000] {processor.py:830} INFO - Processing file /home/airflow/.local/lib/python3.8/site-packages/airflow/example_dags/tutorial.py for tasks to queue
[2024-04-01T06:53:33.758+0000] {logging_mixin.py:188} INFO - [2024-04-01T06:53:33.758+0000] {dagbag.py:540} INFO - Filling up the DagBag from /home/airflow/.local/lib/python3.8/site-packages/airflow/example_dags/tutorial.py
[2024-04-01T06:53:33.763+0000] {processor.py:840} INFO - DAG(s) 'tutorial' retrieved from /home/airflow/.local/lib/python3.8/site-packages/airflow/example_dags/tutorial.py
[2024-04-01T06:53:33.777+0000] {logging_mixin.py:188} INFO - [2024-04-01T06:53:33.777+0000] {dag.py:3047} INFO - Sync 1 DAGs
[2024-04-01T06:53:33.791+0000] {logging_mixin.py:188} INFO - [2024-04-01T06:53:33.791+0000] {dag.py:3834} INFO - Setting next_dagrun for tutorial to 2024-03-31 00:00:00+00:00, run_after=2024-04-01 00:00:00+00:00
[2024-04-01T06:53:33.802+0000] {processor.py:183} INFO - Processing /home/airflow/.local/lib/python3.8/site-packages/airflow/example_dags/tutorial.py took 0.049 seconds
[2024-04-01T06:54:04.647+0000] {processor.py:161} INFO - Started process (PID=771) to work on /home/airflow/.local/lib/python3.8/site-packages/airflow/example_dags/tutorial.py
[2024-04-01T06:54:04.648+0000] {processor.py:830} INFO - Processing file /home/airflow/.local/lib/python3.8/site-packages/airflow/example_dags/tutorial.py for tasks to queue
[2024-04-01T06:54:04.649+0000] {logging_mixin.py:188} INFO - [2024-04-01T06:54:04.649+0000] {dagbag.py:540} INFO - Filling up the DagBag from /home/airflow/.local/lib/python3.8/site-packages/airflow/example_dags/tutorial.py
[2024-04-01T06:54:04.652+0000] {processor.py:840} INFO - DAG(s) 'tutorial' retrieved from /home/airflow/.local/lib/python3.8/site-packages/airflow/example_dags/tutorial.py
[2024-04-01T06:54:04.663+0000] {logging_mixin.py:188} INFO - [2024-04-01T06:54:04.663+0000] {dag.py:3047} INFO - Sync 1 DAGs
[2024-04-01T06:54:04.674+0000] {logging_mixin.py:188} INFO - [2024-04-01T06:54:04.674+0000] {dag.py:3834} INFO - Setting next_dagrun for tutorial to 2024-03-31 00:00:00+00:00, run_after=2024-04-01 00:00:00+00:00
[2024-04-01T06:54:04.683+0000] {processor.py:183} INFO - Processing /home/airflow/.local/lib/python3.8/site-packages/airflow/example_dags/tutorial.py took 0.038 seconds
[2024-04-01T06:54:35.314+0000] {processor.py:161} INFO - Started process (PID=826) to work on /home/airflow/.local/lib/python3.8/site-packages/airflow/example_dags/tutorial.py
[2024-04-01T06:54:35.315+0000] {processor.py:830} INFO - Processing file /home/airflow/.local/lib/python3.8/site-packages/airflow/example_dags/tutorial.py for tasks to queue
[2024-04-01T06:54:35.316+0000] {logging_mixin.py:188} INFO - [2024-04-01T06:54:35.316+0000] {dagbag.py:540} INFO - Filling up the DagBag from /home/airflow/.local/lib/python3.8/site-packages/airflow/example_dags/tutorial.py
[2024-04-01T06:54:35.319+0000] {processor.py:840} INFO - DAG(s) 'tutorial' retrieved from /home/airflow/.local/lib/python3.8/site-packages/airflow/example_dags/tutorial.py
[2024-04-01T06:54:35.330+0000] {logging_mixin.py:188} INFO - [2024-04-01T06:54:35.330+0000] {dag.py:3047} INFO - Sync 1 DAGs
[2024-04-01T06:54:35.341+0000] {logging_mixin.py:188} INFO - [2024-04-01T06:54:35.341+0000] {dag.py:3834} INFO - Setting next_dagrun for tutorial to 2024-03-31 00:00:00+00:00, run_after=2024-04-01 00:00:00+00:00
[2024-04-01T06:54:35.350+0000] {processor.py:183} INFO - Processing /home/airflow/.local/lib/python3.8/site-packages/airflow/example_dags/tutorial.py took 0.037 seconds
[2024-04-01T06:55:06.021+0000] {processor.py:161} INFO - Started process (PID=881) to work on /home/airflow/.local/lib/python3.8/site-packages/airflow/example_dags/tutorial.py
[2024-04-01T06:55:06.022+0000] {processor.py:830} INFO - Processing file /home/airflow/.local/lib/python3.8/site-packages/airflow/example_dags/tutorial.py for tasks to queue
[2024-04-01T06:55:06.023+0000] {logging_mixin.py:188} INFO - [2024-04-01T06:55:06.022+0000] {dagbag.py:540} INFO - Filling up the DagBag from /home/airflow/.local/lib/python3.8/site-packages/airflow/example_dags/tutorial.py
[2024-04-01T06:55:06.026+0000] {processor.py:840} INFO - DAG(s) 'tutorial' retrieved from /home/airflow/.local/lib/python3.8/site-packages/airflow/example_dags/tutorial.py
[2024-04-01T06:55:06.037+0000] {logging_mixin.py:188} INFO - [2024-04-01T06:55:06.037+0000] {dag.py:3047} INFO - Sync 1 DAGs
[2024-04-01T06:55:06.049+0000] {logging_mixin.py:188} INFO - [2024-04-01T06:55:06.049+0000] {dag.py:3834} INFO - Setting next_dagrun for tutorial to 2024-03-31 00:00:00+00:00, run_after=2024-04-01 00:00:00+00:00
[2024-04-01T06:55:06.059+0000] {processor.py:183} INFO - Processing /home/airflow/.local/lib/python3.8/site-packages/airflow/example_dags/tutorial.py took 0.040 seconds
[2024-04-01T06:55:36.780+0000] {processor.py:161} INFO - Started process (PID=936) to work on /home/airflow/.local/lib/python3.8/site-packages/airflow/example_dags/tutorial.py
[2024-04-01T06:55:36.780+0000] {processor.py:830} INFO - Processing file /home/airflow/.local/lib/python3.8/site-packages/airflow/example_dags/tutorial.py for tasks to queue
[2024-04-01T06:55:36.781+0000] {logging_mixin.py:188} INFO - [2024-04-01T06:55:36.781+0000] {dagbag.py:540} INFO - Filling up the DagBag from /home/airflow/.local/lib/python3.8/site-packages/airflow/example_dags/tutorial.py
[2024-04-01T06:55:36.785+0000] {processor.py:840} INFO - DAG(s) 'tutorial' retrieved from /home/airflow/.local/lib/python3.8/site-packages/airflow/example_dags/tutorial.py
[2024-04-01T06:55:36.795+0000] {logging_mixin.py:188} INFO - [2024-04-01T06:55:36.795+0000] {dag.py:3047} INFO - Sync 1 DAGs
[2024-04-01T06:55:36.807+0000] {logging_mixin.py:188} INFO - [2024-04-01T06:55:36.807+0000] {dag.py:3834} INFO - Setting next_dagrun for tutorial to 2024-03-31 00:00:00+00:00, run_after=2024-04-01 00:00:00+00:00
[2024-04-01T06:55:36.815+0000] {processor.py:183} INFO - Processing /home/airflow/.local/lib/python3.8/site-packages/airflow/example_dags/tutorial.py took 0.038 seconds
[2024-04-01T06:56:07.501+0000] {processor.py:161} INFO - Started process (PID=991) to work on /home/airflow/.local/lib/python3.8/site-packages/airflow/example_dags/tutorial.py
[2024-04-01T06:56:07.502+0000] {processor.py:830} INFO - Processing file /home/airflow/.local/lib/python3.8/site-packages/airflow/example_dags/tutorial.py for tasks to queue
[2024-04-01T06:56:07.503+0000] {logging_mixin.py:188} INFO - [2024-04-01T06:56:07.503+0000] {dagbag.py:540} INFO - Filling up the DagBag from /home/airflow/.local/lib/python3.8/site-packages/airflow/example_dags/tutorial.py
[2024-04-01T06:56:07.506+0000] {processor.py:840} INFO - DAG(s) 'tutorial' retrieved from /home/airflow/.local/lib/python3.8/site-packages/airflow/example_dags/tutorial.py
[2024-04-01T06:56:07.518+0000] {logging_mixin.py:188} INFO - [2024-04-01T06:56:07.518+0000] {dag.py:3047} INFO - Sync 1 DAGs
[2024-04-01T06:56:07.531+0000] {logging_mixin.py:188} INFO - [2024-04-01T06:56:07.531+0000] {dag.py:3834} INFO - Setting next_dagrun for tutorial to 2024-03-31 00:00:00+00:00, run_after=2024-04-01 00:00:00+00:00
[2024-04-01T06:56:07.542+0000] {processor.py:183} INFO - Processing /home/airflow/.local/lib/python3.8/site-packages/airflow/example_dags/tutorial.py took 0.043 seconds
[2024-04-01T06:56:38.327+0000] {processor.py:161} INFO - Started process (PID=1045) to work on /home/airflow/.local/lib/python3.8/site-packages/airflow/example_dags/tutorial.py
[2024-04-01T06:56:38.328+0000] {processor.py:830} INFO - Processing file /home/airflow/.local/lib/python3.8/site-packages/airflow/example_dags/tutorial.py for tasks to queue
[2024-04-01T06:56:38.330+0000] {logging_mixin.py:188} INFO - [2024-04-01T06:56:38.329+0000] {dagbag.py:540} INFO - Filling up the DagBag from /home/airflow/.local/lib/python3.8/site-packages/airflow/example_dags/tutorial.py
[2024-04-01T06:56:38.334+0000] {processor.py:840} INFO - DAG(s) 'tutorial' retrieved from /home/airflow/.local/lib/python3.8/site-packages/airflow/example_dags/tutorial.py
[2024-04-01T06:56:38.348+0000] {logging_mixin.py:188} INFO - [2024-04-01T06:56:38.348+0000] {dag.py:3047} INFO - Sync 1 DAGs
[2024-04-01T06:56:38.363+0000] {logging_mixin.py:188} INFO - [2024-04-01T06:56:38.363+0000] {dag.py:3834} INFO - Setting next_dagrun for tutorial to 2024-03-31 00:00:00+00:00, run_after=2024-04-01 00:00:00+00:00
[2024-04-01T06:56:38.373+0000] {processor.py:183} INFO - Processing /home/airflow/.local/lib/python3.8/site-packages/airflow/example_dags/tutorial.py took 0.048 seconds
[2024-04-01T06:57:09.377+0000] {processor.py:161} INFO - Started process (PID=1100) to work on /home/airflow/.local/lib/python3.8/site-packages/airflow/example_dags/tutorial.py
[2024-04-01T06:57:09.378+0000] {processor.py:830} INFO - Processing file /home/airflow/.local/lib/python3.8/site-packages/airflow/example_dags/tutorial.py for tasks to queue
[2024-04-01T06:57:09.380+0000] {logging_mixin.py:188} INFO - [2024-04-01T06:57:09.379+0000] {dagbag.py:540} INFO - Filling up the DagBag from /home/airflow/.local/lib/python3.8/site-packages/airflow/example_dags/tutorial.py
[2024-04-01T06:57:09.385+0000] {processor.py:840} INFO - DAG(s) 'tutorial' retrieved from /home/airflow/.local/lib/python3.8/site-packages/airflow/example_dags/tutorial.py
[2024-04-01T06:57:09.401+0000] {logging_mixin.py:188} INFO - [2024-04-01T06:57:09.401+0000] {dag.py:3047} INFO - Sync 1 DAGs
[2024-04-01T06:57:09.418+0000] {logging_mixin.py:188} INFO - [2024-04-01T06:57:09.418+0000] {dag.py:3834} INFO - Setting next_dagrun for tutorial to 2024-03-31 00:00:00+00:00, run_after=2024-04-01 00:00:00+00:00
[2024-04-01T06:57:09.431+0000] {processor.py:183} INFO - Processing /home/airflow/.local/lib/python3.8/site-packages/airflow/example_dags/tutorial.py took 0.057 seconds
[2024-04-01T06:57:40.155+0000] {processor.py:161} INFO - Started process (PID=1155) to work on /home/airflow/.local/lib/python3.8/site-packages/airflow/example_dags/tutorial.py
[2024-04-01T06:57:40.155+0000] {processor.py:830} INFO - Processing file /home/airflow/.local/lib/python3.8/site-packages/airflow/example_dags/tutorial.py for tasks to queue
[2024-04-01T06:57:40.156+0000] {logging_mixin.py:188} INFO - [2024-04-01T06:57:40.156+0000] {dagbag.py:540} INFO - Filling up the DagBag from /home/airflow/.local/lib/python3.8/site-packages/airflow/example_dags/tutorial.py
[2024-04-01T06:57:40.160+0000] {processor.py:840} INFO - DAG(s) 'tutorial' retrieved from /home/airflow/.local/lib/python3.8/site-packages/airflow/example_dags/tutorial.py
[2024-04-01T06:57:40.174+0000] {logging_mixin.py:188} INFO - [2024-04-01T06:57:40.173+0000] {dag.py:3047} INFO - Sync 1 DAGs
[2024-04-01T06:57:40.187+0000] {logging_mixin.py:188} INFO - [2024-04-01T06:57:40.187+0000] {dag.py:3834} INFO - Setting next_dagrun for tutorial to 2024-03-31 00:00:00+00:00, run_after=2024-04-01 00:00:00+00:00
[2024-04-01T06:57:40.197+0000] {processor.py:183} INFO - Processing /home/airflow/.local/lib/python3.8/site-packages/airflow/example_dags/tutorial.py took 0.045 seconds
[2024-04-01T06:58:10.975+0000] {processor.py:161} INFO - Started process (PID=1210) to work on /home/airflow/.local/lib/python3.8/site-packages/airflow/example_dags/tutorial.py
[2024-04-01T06:58:10.976+0000] {processor.py:830} INFO - Processing file /home/airflow/.local/lib/python3.8/site-packages/airflow/example_dags/tutorial.py for tasks to queue
[2024-04-01T06:58:10.978+0000] {logging_mixin.py:188} INFO - [2024-04-01T06:58:10.977+0000] {dagbag.py:540} INFO - Filling up the DagBag from /home/airflow/.local/lib/python3.8/site-packages/airflow/example_dags/tutorial.py
[2024-04-01T06:58:10.983+0000] {processor.py:840} INFO - DAG(s) 'tutorial' retrieved from /home/airflow/.local/lib/python3.8/site-packages/airflow/example_dags/tutorial.py
[2024-04-01T06:58:11.000+0000] {logging_mixin.py:188} INFO - [2024-04-01T06:58:11.000+0000] {dag.py:3047} INFO - Sync 1 DAGs
[2024-04-01T06:58:11.016+0000] {logging_mixin.py:188} INFO - [2024-04-01T06:58:11.016+0000] {dag.py:3834} INFO - Setting next_dagrun for tutorial to 2024-03-31 00:00:00+00:00, run_after=2024-04-01 00:00:00+00:00
[2024-04-01T06:58:11.027+0000] {processor.py:183} INFO - Processing /home/airflow/.local/lib/python3.8/site-packages/airflow/example_dags/tutorial.py took 0.056 seconds
[2024-04-01T06:58:41.082+0000] {processor.py:161} INFO - Started process (PID=1265) to work on /home/airflow/.local/lib/python3.8/site-packages/airflow/example_dags/tutorial.py
[2024-04-01T06:58:41.083+0000] {processor.py:830} INFO - Processing file /home/airflow/.local/lib/python3.8/site-packages/airflow/example_dags/tutorial.py for tasks to queue
[2024-04-01T06:58:41.084+0000] {logging_mixin.py:188} INFO - [2024-04-01T06:58:41.084+0000] {dagbag.py:540} INFO - Filling up the DagBag from /home/airflow/.local/lib/python3.8/site-packages/airflow/example_dags/tutorial.py
[2024-04-01T06:58:41.088+0000] {processor.py:840} INFO - DAG(s) 'tutorial' retrieved from /home/airflow/.local/lib/python3.8/site-packages/airflow/example_dags/tutorial.py
[2024-04-01T06:58:41.099+0000] {logging_mixin.py:188} INFO - [2024-04-01T06:58:41.099+0000] {dag.py:3047} INFO - Sync 1 DAGs
[2024-04-01T06:58:41.111+0000] {logging_mixin.py:188} INFO - [2024-04-01T06:58:41.111+0000] {dag.py:3834} INFO - Setting next_dagrun for tutorial to 2024-03-31 00:00:00+00:00, run_after=2024-04-01 00:00:00+00:00
[2024-04-01T06:58:41.122+0000] {processor.py:183} INFO - Processing /home/airflow/.local/lib/python3.8/site-packages/airflow/example_dags/tutorial.py took 0.042 seconds
[2024-04-01T06:59:11.741+0000] {processor.py:161} INFO - Started process (PID=1320) to work on /home/airflow/.local/lib/python3.8/site-packages/airflow/example_dags/tutorial.py
[2024-04-01T06:59:11.741+0000] {processor.py:830} INFO - Processing file /home/airflow/.local/lib/python3.8/site-packages/airflow/example_dags/tutorial.py for tasks to queue
[2024-04-01T06:59:11.742+0000] {logging_mixin.py:188} INFO - [2024-04-01T06:59:11.742+0000] {dagbag.py:540} INFO - Filling up the DagBag from /home/airflow/.local/lib/python3.8/site-packages/airflow/example_dags/tutorial.py
[2024-04-01T06:59:11.746+0000] {processor.py:840} INFO - DAG(s) 'tutorial' retrieved from /home/airflow/.local/lib/python3.8/site-packages/airflow/example_dags/tutorial.py
[2024-04-01T06:59:11.757+0000] {logging_mixin.py:188} INFO - [2024-04-01T06:59:11.757+0000] {dag.py:3047} INFO - Sync 1 DAGs
[2024-04-01T06:59:11.770+0000] {logging_mixin.py:188} INFO - [2024-04-01T06:59:11.769+0000] {dag.py:3834} INFO - Setting next_dagrun for tutorial to 2024-03-31 00:00:00+00:00, run_after=2024-04-01 00:00:00+00:00
[2024-04-01T06:59:11.779+0000] {processor.py:183} INFO - Processing /home/airflow/.local/lib/python3.8/site-packages/airflow/example_dags/tutorial.py took 0.040 seconds
[2024-04-01T06:59:42.476+0000] {processor.py:161} INFO - Started process (PID=1375) to work on /home/airflow/.local/lib/python3.8/site-packages/airflow/example_dags/tutorial.py
[2024-04-01T06:59:42.477+0000] {processor.py:830} INFO - Processing file /home/airflow/.local/lib/python3.8/site-packages/airflow/example_dags/tutorial.py for tasks to queue
[2024-04-01T06:59:42.478+0000] {logging_mixin.py:188} INFO - [2024-04-01T06:59:42.478+0000] {dagbag.py:540} INFO - Filling up the DagBag from /home/airflow/.local/lib/python3.8/site-packages/airflow/example_dags/tutorial.py
[2024-04-01T06:59:42.482+0000] {processor.py:840} INFO - DAG(s) 'tutorial' retrieved from /home/airflow/.local/lib/python3.8/site-packages/airflow/example_dags/tutorial.py
[2024-04-01T06:59:42.497+0000] {logging_mixin.py:188} INFO - [2024-04-01T06:59:42.497+0000] {dag.py:3047} INFO - Sync 1 DAGs
[2024-04-01T06:59:42.511+0000] {logging_mixin.py:188} INFO - [2024-04-01T06:59:42.511+0000] {dag.py:3834} INFO - Setting next_dagrun for tutorial to 2024-03-31 00:00:00+00:00, run_after=2024-04-01 00:00:00+00:00
[2024-04-01T06:59:42.523+0000] {processor.py:183} INFO - Processing /home/airflow/.local/lib/python3.8/site-packages/airflow/example_dags/tutorial.py took 0.049 seconds
[2024-04-01T07:00:12.570+0000] {processor.py:161} INFO - Started process (PID=1430) to work on /home/airflow/.local/lib/python3.8/site-packages/airflow/example_dags/tutorial.py
[2024-04-01T07:00:12.571+0000] {processor.py:830} INFO - Processing file /home/airflow/.local/lib/python3.8/site-packages/airflow/example_dags/tutorial.py for tasks to queue
[2024-04-01T07:00:12.572+0000] {logging_mixin.py:188} INFO - [2024-04-01T07:00:12.572+0000] {dagbag.py:540} INFO - Filling up the DagBag from /home/airflow/.local/lib/python3.8/site-packages/airflow/example_dags/tutorial.py
[2024-04-01T07:00:12.575+0000] {processor.py:840} INFO - DAG(s) 'tutorial' retrieved from /home/airflow/.local/lib/python3.8/site-packages/airflow/example_dags/tutorial.py
[2024-04-01T07:00:12.586+0000] {logging_mixin.py:188} INFO - [2024-04-01T07:00:12.586+0000] {dag.py:3047} INFO - Sync 1 DAGs
[2024-04-01T07:00:12.598+0000] {logging_mixin.py:188} INFO - [2024-04-01T07:00:12.598+0000] {dag.py:3834} INFO - Setting next_dagrun for tutorial to 2024-03-31 00:00:00+00:00, run_after=2024-04-01 00:00:00+00:00
[2024-04-01T07:00:12.608+0000] {processor.py:183} INFO - Processing /home/airflow/.local/lib/python3.8/site-packages/airflow/example_dags/tutorial.py took 0.039 seconds
[2024-04-01T07:00:43.045+0000] {processor.py:161} INFO - Started process (PID=1485) to work on /home/airflow/.local/lib/python3.8/site-packages/airflow/example_dags/tutorial.py
[2024-04-01T07:00:43.045+0000] {processor.py:830} INFO - Processing file /home/airflow/.local/lib/python3.8/site-packages/airflow/example_dags/tutorial.py for tasks to queue
[2024-04-01T07:00:43.046+0000] {logging_mixin.py:188} INFO - [2024-04-01T07:00:43.046+0000] {dagbag.py:540} INFO - Filling up the DagBag from /home/airflow/.local/lib/python3.8/site-packages/airflow/example_dags/tutorial.py
[2024-04-01T07:00:43.050+0000] {processor.py:840} INFO - DAG(s) 'tutorial' retrieved from /home/airflow/.local/lib/python3.8/site-packages/airflow/example_dags/tutorial.py
[2024-04-01T07:00:43.061+0000] {logging_mixin.py:188} INFO - [2024-04-01T07:00:43.061+0000] {dag.py:3047} INFO - Sync 1 DAGs
[2024-04-01T07:00:43.073+0000] {logging_mixin.py:188} INFO - [2024-04-01T07:00:43.073+0000] {dag.py:3834} INFO - Setting next_dagrun for tutorial to 2024-03-31 00:00:00+00:00, run_after=2024-04-01 00:00:00+00:00
[2024-04-01T07:00:43.082+0000] {processor.py:183} INFO - Processing /home/airflow/.local/lib/python3.8/site-packages/airflow/example_dags/tutorial.py took 0.040 seconds
[2024-04-01T07:01:37.099+0000] {processor.py:161} INFO - Started process (PID=56) to work on /home/airflow/.local/lib/python3.8/site-packages/airflow/example_dags/tutorial.py
[2024-04-01T07:01:37.101+0000] {processor.py:830} INFO - Processing file /home/airflow/.local/lib/python3.8/site-packages/airflow/example_dags/tutorial.py for tasks to queue
[2024-04-01T07:01:37.103+0000] {logging_mixin.py:188} INFO - [2024-04-01T07:01:37.102+0000] {dagbag.py:540} INFO - Filling up the DagBag from /home/airflow/.local/lib/python3.8/site-packages/airflow/example_dags/tutorial.py
[2024-04-01T07:01:37.109+0000] {processor.py:840} INFO - DAG(s) 'tutorial' retrieved from /home/airflow/.local/lib/python3.8/site-packages/airflow/example_dags/tutorial.py
[2024-04-01T07:01:37.117+0000] {logging_mixin.py:188} INFO - [2024-04-01T07:01:37.117+0000] {dag.py:3047} INFO - Sync 1 DAGs
[2024-04-01T07:01:37.135+0000] {logging_mixin.py:188} INFO - [2024-04-01T07:01:37.134+0000] {dag.py:3834} INFO - Setting next_dagrun for tutorial to 2024-03-31 00:00:00+00:00, run_after=2024-04-01 00:00:00+00:00
[2024-04-01T07:01:37.147+0000] {processor.py:183} INFO - Processing /home/airflow/.local/lib/python3.8/site-packages/airflow/example_dags/tutorial.py took 0.050 seconds
[2024-04-01T07:02:07.669+0000] {processor.py:161} INFO - Started process (PID=111) to work on /home/airflow/.local/lib/python3.8/site-packages/airflow/example_dags/tutorial.py
[2024-04-01T07:02:07.669+0000] {processor.py:830} INFO - Processing file /home/airflow/.local/lib/python3.8/site-packages/airflow/example_dags/tutorial.py for tasks to queue
[2024-04-01T07:02:07.670+0000] {logging_mixin.py:188} INFO - [2024-04-01T07:02:07.670+0000] {dagbag.py:540} INFO - Filling up the DagBag from /home/airflow/.local/lib/python3.8/site-packages/airflow/example_dags/tutorial.py
[2024-04-01T07:02:07.674+0000] {processor.py:840} INFO - DAG(s) 'tutorial' retrieved from /home/airflow/.local/lib/python3.8/site-packages/airflow/example_dags/tutorial.py
[2024-04-01T07:02:07.730+0000] {logging_mixin.py:188} INFO - [2024-04-01T07:02:07.730+0000] {dag.py:3047} INFO - Sync 1 DAGs
[2024-04-01T07:02:07.741+0000] {logging_mixin.py:188} INFO - [2024-04-01T07:02:07.740+0000] {dag.py:3834} INFO - Setting next_dagrun for tutorial to 2024-03-31 00:00:00+00:00, run_after=2024-04-01 00:00:00+00:00
[2024-04-01T07:02:07.751+0000] {processor.py:183} INFO - Processing /home/airflow/.local/lib/python3.8/site-packages/airflow/example_dags/tutorial.py took 0.084 seconds
[2024-04-01T07:02:38.326+0000] {processor.py:161} INFO - Started process (PID=165) to work on /home/airflow/.local/lib/python3.8/site-packages/airflow/example_dags/tutorial.py
[2024-04-01T07:02:38.327+0000] {processor.py:830} INFO - Processing file /home/airflow/.local/lib/python3.8/site-packages/airflow/example_dags/tutorial.py for tasks to queue
[2024-04-01T07:02:38.329+0000] {logging_mixin.py:188} INFO - [2024-04-01T07:02:38.329+0000] {dagbag.py:540} INFO - Filling up the DagBag from /home/airflow/.local/lib/python3.8/site-packages/airflow/example_dags/tutorial.py
[2024-04-01T07:02:38.334+0000] {processor.py:840} INFO - DAG(s) 'tutorial' retrieved from /home/airflow/.local/lib/python3.8/site-packages/airflow/example_dags/tutorial.py
[2024-04-01T07:02:38.348+0000] {logging_mixin.py:188} INFO - [2024-04-01T07:02:38.348+0000] {dag.py:3047} INFO - Sync 1 DAGs
[2024-04-01T07:02:38.362+0000] {logging_mixin.py:188} INFO - [2024-04-01T07:02:38.362+0000] {dag.py:3834} INFO - Setting next_dagrun for tutorial to 2024-03-31 00:00:00+00:00, run_after=2024-04-01 00:00:00+00:00
[2024-04-01T07:02:38.373+0000] {processor.py:183} INFO - Processing /home/airflow/.local/lib/python3.8/site-packages/airflow/example_dags/tutorial.py took 0.048 seconds
[2024-04-01T07:03:08.458+0000] {processor.py:161} INFO - Started process (PID=220) to work on /home/airflow/.local/lib/python3.8/site-packages/airflow/example_dags/tutorial.py
[2024-04-01T07:03:08.459+0000] {processor.py:830} INFO - Processing file /home/airflow/.local/lib/python3.8/site-packages/airflow/example_dags/tutorial.py for tasks to queue
[2024-04-01T07:03:08.460+0000] {logging_mixin.py:188} INFO - [2024-04-01T07:03:08.460+0000] {dagbag.py:540} INFO - Filling up the DagBag from /home/airflow/.local/lib/python3.8/site-packages/airflow/example_dags/tutorial.py
[2024-04-01T07:03:08.465+0000] {processor.py:840} INFO - DAG(s) 'tutorial' retrieved from /home/airflow/.local/lib/python3.8/site-packages/airflow/example_dags/tutorial.py
[2024-04-01T07:03:08.478+0000] {logging_mixin.py:188} INFO - [2024-04-01T07:03:08.478+0000] {dag.py:3047} INFO - Sync 1 DAGs
[2024-04-01T07:03:08.491+0000] {logging_mixin.py:188} INFO - [2024-04-01T07:03:08.491+0000] {dag.py:3834} INFO - Setting next_dagrun for tutorial to 2024-03-31 00:00:00+00:00, run_after=2024-04-01 00:00:00+00:00
[2024-04-01T07:03:08.500+0000] {processor.py:183} INFO - Processing /home/airflow/.local/lib/python3.8/site-packages/airflow/example_dags/tutorial.py took 0.044 seconds
[2024-04-01T07:03:38.532+0000] {processor.py:161} INFO - Started process (PID=275) to work on /home/airflow/.local/lib/python3.8/site-packages/airflow/example_dags/tutorial.py
[2024-04-01T07:03:38.533+0000] {processor.py:830} INFO - Processing file /home/airflow/.local/lib/python3.8/site-packages/airflow/example_dags/tutorial.py for tasks to queue
[2024-04-01T07:03:38.534+0000] {logging_mixin.py:188} INFO - [2024-04-01T07:03:38.534+0000] {dagbag.py:540} INFO - Filling up the DagBag from /home/airflow/.local/lib/python3.8/site-packages/airflow/example_dags/tutorial.py
[2024-04-01T07:03:38.541+0000] {processor.py:840} INFO - DAG(s) 'tutorial' retrieved from /home/airflow/.local/lib/python3.8/site-packages/airflow/example_dags/tutorial.py
[2024-04-01T07:03:38.555+0000] {logging_mixin.py:188} INFO - [2024-04-01T07:03:38.555+0000] {dag.py:3047} INFO - Sync 1 DAGs
[2024-04-01T07:03:38.569+0000] {logging_mixin.py:188} INFO - [2024-04-01T07:03:38.569+0000] {dag.py:3834} INFO - Setting next_dagrun for tutorial to 2024-03-31 00:00:00+00:00, run_after=2024-04-01 00:00:00+00:00
[2024-04-01T07:03:38.579+0000] {processor.py:183} INFO - Processing /home/airflow/.local/lib/python3.8/site-packages/airflow/example_dags/tutorial.py took 0.052 seconds
[2024-04-01T07:04:08.661+0000] {processor.py:161} INFO - Started process (PID=330) to work on /home/airflow/.local/lib/python3.8/site-packages/airflow/example_dags/tutorial.py
[2024-04-01T07:04:08.662+0000] {processor.py:830} INFO - Processing file /home/airflow/.local/lib/python3.8/site-packages/airflow/example_dags/tutorial.py for tasks to queue
[2024-04-01T07:04:08.663+0000] {logging_mixin.py:188} INFO - [2024-04-01T07:04:08.663+0000] {dagbag.py:540} INFO - Filling up the DagBag from /home/airflow/.local/lib/python3.8/site-packages/airflow/example_dags/tutorial.py
[2024-04-01T07:04:08.668+0000] {processor.py:840} INFO - DAG(s) 'tutorial' retrieved from /home/airflow/.local/lib/python3.8/site-packages/airflow/example_dags/tutorial.py
[2024-04-01T07:04:08.683+0000] {logging_mixin.py:188} INFO - [2024-04-01T07:04:08.682+0000] {dag.py:3047} INFO - Sync 1 DAGs
[2024-04-01T07:04:08.696+0000] {logging_mixin.py:188} INFO - [2024-04-01T07:04:08.696+0000] {dag.py:3834} INFO - Setting next_dagrun for tutorial to 2024-03-31 00:00:00+00:00, run_after=2024-04-01 00:00:00+00:00
[2024-04-01T07:04:08.705+0000] {processor.py:183} INFO - Processing /home/airflow/.local/lib/python3.8/site-packages/airflow/example_dags/tutorial.py took 0.047 seconds
[2024-04-01T07:04:38.787+0000] {processor.py:161} INFO - Started process (PID=385) to work on /home/airflow/.local/lib/python3.8/site-packages/airflow/example_dags/tutorial.py
[2024-04-01T07:04:38.788+0000] {processor.py:830} INFO - Processing file /home/airflow/.local/lib/python3.8/site-packages/airflow/example_dags/tutorial.py for tasks to queue
[2024-04-01T07:04:38.790+0000] {logging_mixin.py:188} INFO - [2024-04-01T07:04:38.789+0000] {dagbag.py:540} INFO - Filling up the DagBag from /home/airflow/.local/lib/python3.8/site-packages/airflow/example_dags/tutorial.py
[2024-04-01T07:04:38.794+0000] {processor.py:840} INFO - DAG(s) 'tutorial' retrieved from /home/airflow/.local/lib/python3.8/site-packages/airflow/example_dags/tutorial.py
[2024-04-01T07:04:38.811+0000] {logging_mixin.py:188} INFO - [2024-04-01T07:04:38.810+0000] {dag.py:3047} INFO - Sync 1 DAGs
[2024-04-01T07:04:38.825+0000] {logging_mixin.py:188} INFO - [2024-04-01T07:04:38.825+0000] {dag.py:3834} INFO - Setting next_dagrun for tutorial to 2024-03-31 00:00:00+00:00, run_after=2024-04-01 00:00:00+00:00
[2024-04-01T07:04:38.838+0000] {processor.py:183} INFO - Processing /home/airflow/.local/lib/python3.8/site-packages/airflow/example_dags/tutorial.py took 0.054 seconds
[2024-04-01T07:05:09.024+0000] {processor.py:161} INFO - Started process (PID=440) to work on /home/airflow/.local/lib/python3.8/site-packages/airflow/example_dags/tutorial.py
[2024-04-01T07:05:09.025+0000] {processor.py:830} INFO - Processing file /home/airflow/.local/lib/python3.8/site-packages/airflow/example_dags/tutorial.py for tasks to queue
[2024-04-01T07:05:09.026+0000] {logging_mixin.py:188} INFO - [2024-04-01T07:05:09.026+0000] {dagbag.py:540} INFO - Filling up the DagBag from /home/airflow/.local/lib/python3.8/site-packages/airflow/example_dags/tutorial.py
[2024-04-01T07:05:09.030+0000] {processor.py:840} INFO - DAG(s) 'tutorial' retrieved from /home/airflow/.local/lib/python3.8/site-packages/airflow/example_dags/tutorial.py
[2024-04-01T07:05:09.045+0000] {logging_mixin.py:188} INFO - [2024-04-01T07:05:09.045+0000] {dag.py:3047} INFO - Sync 1 DAGs
[2024-04-01T07:05:09.058+0000] {logging_mixin.py:188} INFO - [2024-04-01T07:05:09.058+0000] {dag.py:3834} INFO - Setting next_dagrun for tutorial to 2024-03-31 00:00:00+00:00, run_after=2024-04-01 00:00:00+00:00
[2024-04-01T07:05:09.068+0000] {processor.py:183} INFO - Processing /home/airflow/.local/lib/python3.8/site-packages/airflow/example_dags/tutorial.py took 0.046 seconds
[2024-04-01T07:05:39.094+0000] {processor.py:161} INFO - Started process (PID=494) to work on /home/airflow/.local/lib/python3.8/site-packages/airflow/example_dags/tutorial.py
[2024-04-01T07:05:39.095+0000] {processor.py:830} INFO - Processing file /home/airflow/.local/lib/python3.8/site-packages/airflow/example_dags/tutorial.py for tasks to queue
[2024-04-01T07:05:39.096+0000] {logging_mixin.py:188} INFO - [2024-04-01T07:05:39.096+0000] {dagbag.py:540} INFO - Filling up the DagBag from /home/airflow/.local/lib/python3.8/site-packages/airflow/example_dags/tutorial.py
[2024-04-01T07:05:39.099+0000] {processor.py:840} INFO - DAG(s) 'tutorial' retrieved from /home/airflow/.local/lib/python3.8/site-packages/airflow/example_dags/tutorial.py
[2024-04-01T07:05:39.111+0000] {logging_mixin.py:188} INFO - [2024-04-01T07:05:39.110+0000] {dag.py:3047} INFO - Sync 1 DAGs
[2024-04-01T07:05:39.126+0000] {logging_mixin.py:188} INFO - [2024-04-01T07:05:39.126+0000] {dag.py:3834} INFO - Setting next_dagrun for tutorial to 2024-03-31 00:00:00+00:00, run_after=2024-04-01 00:00:00+00:00
[2024-04-01T07:05:39.134+0000] {processor.py:183} INFO - Processing /home/airflow/.local/lib/python3.8/site-packages/airflow/example_dags/tutorial.py took 0.042 seconds
[2024-04-01T07:06:09.303+0000] {processor.py:161} INFO - Started process (PID=549) to work on /home/airflow/.local/lib/python3.8/site-packages/airflow/example_dags/tutorial.py
[2024-04-01T07:06:09.304+0000] {processor.py:830} INFO - Processing file /home/airflow/.local/lib/python3.8/site-packages/airflow/example_dags/tutorial.py for tasks to queue
[2024-04-01T07:06:09.305+0000] {logging_mixin.py:188} INFO - [2024-04-01T07:06:09.305+0000] {dagbag.py:540} INFO - Filling up the DagBag from /home/airflow/.local/lib/python3.8/site-packages/airflow/example_dags/tutorial.py
[2024-04-01T07:06:09.309+0000] {processor.py:840} INFO - DAG(s) 'tutorial' retrieved from /home/airflow/.local/lib/python3.8/site-packages/airflow/example_dags/tutorial.py
[2024-04-01T07:06:09.319+0000] {logging_mixin.py:188} INFO - [2024-04-01T07:06:09.319+0000] {dag.py:3047} INFO - Sync 1 DAGs
[2024-04-01T07:06:09.331+0000] {logging_mixin.py:188} INFO - [2024-04-01T07:06:09.331+0000] {dag.py:3834} INFO - Setting next_dagrun for tutorial to 2024-03-31 00:00:00+00:00, run_after=2024-04-01 00:00:00+00:00
[2024-04-01T07:06:09.341+0000] {processor.py:183} INFO - Processing /home/airflow/.local/lib/python3.8/site-packages/airflow/example_dags/tutorial.py took 0.040 seconds
[2024-04-01T07:06:39.645+0000] {processor.py:161} INFO - Started process (PID=605) to work on /home/airflow/.local/lib/python3.8/site-packages/airflow/example_dags/tutorial.py
[2024-04-01T07:06:39.646+0000] {processor.py:830} INFO - Processing file /home/airflow/.local/lib/python3.8/site-packages/airflow/example_dags/tutorial.py for tasks to queue
[2024-04-01T07:06:39.650+0000] {logging_mixin.py:188} INFO - [2024-04-01T07:06:39.649+0000] {dagbag.py:540} INFO - Filling up the DagBag from /home/airflow/.local/lib/python3.8/site-packages/airflow/example_dags/tutorial.py
[2024-04-01T07:06:39.657+0000] {processor.py:840} INFO - DAG(s) 'tutorial' retrieved from /home/airflow/.local/lib/python3.8/site-packages/airflow/example_dags/tutorial.py
[2024-04-01T07:06:39.677+0000] {logging_mixin.py:188} INFO - [2024-04-01T07:06:39.676+0000] {dag.py:3047} INFO - Sync 1 DAGs
[2024-04-01T07:06:39.702+0000] {logging_mixin.py:188} INFO - [2024-04-01T07:06:39.701+0000] {dag.py:3834} INFO - Setting next_dagrun for tutorial to 2024-03-31 00:00:00+00:00, run_after=2024-04-01 00:00:00+00:00
[2024-04-01T07:06:39.719+0000] {processor.py:183} INFO - Processing /home/airflow/.local/lib/python3.8/site-packages/airflow/example_dags/tutorial.py took 0.078 seconds
[2024-04-01T07:07:09.826+0000] {processor.py:161} INFO - Started process (PID=660) to work on /home/airflow/.local/lib/python3.8/site-packages/airflow/example_dags/tutorial.py
[2024-04-01T07:07:09.827+0000] {processor.py:830} INFO - Processing file /home/airflow/.local/lib/python3.8/site-packages/airflow/example_dags/tutorial.py for tasks to queue
[2024-04-01T07:07:09.828+0000] {logging_mixin.py:188} INFO - [2024-04-01T07:07:09.828+0000] {dagbag.py:540} INFO - Filling up the DagBag from /home/airflow/.local/lib/python3.8/site-packages/airflow/example_dags/tutorial.py
[2024-04-01T07:07:09.833+0000] {processor.py:840} INFO - DAG(s) 'tutorial' retrieved from /home/airflow/.local/lib/python3.8/site-packages/airflow/example_dags/tutorial.py
[2024-04-01T07:07:09.848+0000] {logging_mixin.py:188} INFO - [2024-04-01T07:07:09.848+0000] {dag.py:3047} INFO - Sync 1 DAGs
[2024-04-01T07:07:09.863+0000] {logging_mixin.py:188} INFO - [2024-04-01T07:07:09.863+0000] {dag.py:3834} INFO - Setting next_dagrun for tutorial to 2024-03-31 00:00:00+00:00, run_after=2024-04-01 00:00:00+00:00
[2024-04-01T07:07:09.874+0000] {processor.py:183} INFO - Processing /home/airflow/.local/lib/python3.8/site-packages/airflow/example_dags/tutorial.py took 0.049 seconds
[2024-04-01T07:07:40.066+0000] {processor.py:161} INFO - Started process (PID=715) to work on /home/airflow/.local/lib/python3.8/site-packages/airflow/example_dags/tutorial.py
[2024-04-01T07:07:40.067+0000] {processor.py:830} INFO - Processing file /home/airflow/.local/lib/python3.8/site-packages/airflow/example_dags/tutorial.py for tasks to queue
[2024-04-01T07:07:40.069+0000] {logging_mixin.py:188} INFO - [2024-04-01T07:07:40.069+0000] {dagbag.py:540} INFO - Filling up the DagBag from /home/airflow/.local/lib/python3.8/site-packages/airflow/example_dags/tutorial.py
[2024-04-01T07:07:40.074+0000] {processor.py:840} INFO - DAG(s) 'tutorial' retrieved from /home/airflow/.local/lib/python3.8/site-packages/airflow/example_dags/tutorial.py
[2024-04-01T07:07:40.091+0000] {logging_mixin.py:188} INFO - [2024-04-01T07:07:40.090+0000] {dag.py:3047} INFO - Sync 1 DAGs
[2024-04-01T07:07:40.105+0000] {logging_mixin.py:188} INFO - [2024-04-01T07:07:40.105+0000] {dag.py:3834} INFO - Setting next_dagrun for tutorial to 2024-03-31 00:00:00+00:00, run_after=2024-04-01 00:00:00+00:00
[2024-04-01T07:07:40.116+0000] {processor.py:183} INFO - Processing /home/airflow/.local/lib/python3.8/site-packages/airflow/example_dags/tutorial.py took 0.052 seconds
[2024-04-01T07:08:10.224+0000] {processor.py:161} INFO - Started process (PID=770) to work on /home/airflow/.local/lib/python3.8/site-packages/airflow/example_dags/tutorial.py
[2024-04-01T07:08:10.224+0000] {processor.py:830} INFO - Processing file /home/airflow/.local/lib/python3.8/site-packages/airflow/example_dags/tutorial.py for tasks to queue
[2024-04-01T07:08:10.225+0000] {logging_mixin.py:188} INFO - [2024-04-01T07:08:10.225+0000] {dagbag.py:540} INFO - Filling up the DagBag from /home/airflow/.local/lib/python3.8/site-packages/airflow/example_dags/tutorial.py
[2024-04-01T07:08:10.229+0000] {processor.py:840} INFO - DAG(s) 'tutorial' retrieved from /home/airflow/.local/lib/python3.8/site-packages/airflow/example_dags/tutorial.py
[2024-04-01T07:08:10.239+0000] {logging_mixin.py:188} INFO - [2024-04-01T07:08:10.239+0000] {dag.py:3047} INFO - Sync 1 DAGs
[2024-04-01T07:08:10.251+0000] {logging_mixin.py:188} INFO - [2024-04-01T07:08:10.251+0000] {dag.py:3834} INFO - Setting next_dagrun for tutorial to 2024-03-31 00:00:00+00:00, run_after=2024-04-01 00:00:00+00:00
[2024-04-01T07:08:10.260+0000] {processor.py:183} INFO - Processing /home/airflow/.local/lib/python3.8/site-packages/airflow/example_dags/tutorial.py took 0.038 seconds
[2024-04-01T07:08:41.064+0000] {processor.py:161} INFO - Started process (PID=825) to work on /home/airflow/.local/lib/python3.8/site-packages/airflow/example_dags/tutorial.py
[2024-04-01T07:08:41.065+0000] {processor.py:830} INFO - Processing file /home/airflow/.local/lib/python3.8/site-packages/airflow/example_dags/tutorial.py for tasks to queue
[2024-04-01T07:08:41.066+0000] {logging_mixin.py:188} INFO - [2024-04-01T07:08:41.066+0000] {dagbag.py:540} INFO - Filling up the DagBag from /home/airflow/.local/lib/python3.8/site-packages/airflow/example_dags/tutorial.py
[2024-04-01T07:08:41.070+0000] {processor.py:840} INFO - DAG(s) 'tutorial' retrieved from /home/airflow/.local/lib/python3.8/site-packages/airflow/example_dags/tutorial.py
[2024-04-01T07:08:41.081+0000] {logging_mixin.py:188} INFO - [2024-04-01T07:08:41.081+0000] {dag.py:3047} INFO - Sync 1 DAGs
[2024-04-01T07:08:41.094+0000] {logging_mixin.py:188} INFO - [2024-04-01T07:08:41.093+0000] {dag.py:3834} INFO - Setting next_dagrun for tutorial to 2024-03-31 00:00:00+00:00, run_after=2024-04-01 00:00:00+00:00
[2024-04-01T07:08:41.103+0000] {processor.py:183} INFO - Processing /home/airflow/.local/lib/python3.8/site-packages/airflow/example_dags/tutorial.py took 0.041 seconds
[2024-04-01T07:09:11.272+0000] {processor.py:161} INFO - Started process (PID=880) to work on /home/airflow/.local/lib/python3.8/site-packages/airflow/example_dags/tutorial.py
[2024-04-01T07:09:11.273+0000] {processor.py:830} INFO - Processing file /home/airflow/.local/lib/python3.8/site-packages/airflow/example_dags/tutorial.py for tasks to queue
[2024-04-01T07:09:11.274+0000] {logging_mixin.py:188} INFO - [2024-04-01T07:09:11.274+0000] {dagbag.py:540} INFO - Filling up the DagBag from /home/airflow/.local/lib/python3.8/site-packages/airflow/example_dags/tutorial.py
[2024-04-01T07:09:11.279+0000] {processor.py:840} INFO - DAG(s) 'tutorial' retrieved from /home/airflow/.local/lib/python3.8/site-packages/airflow/example_dags/tutorial.py
[2024-04-01T07:09:11.293+0000] {logging_mixin.py:188} INFO - [2024-04-01T07:09:11.293+0000] {dag.py:3047} INFO - Sync 1 DAGs
[2024-04-01T07:09:11.307+0000] {logging_mixin.py:188} INFO - [2024-04-01T07:09:11.307+0000] {dag.py:3834} INFO - Setting next_dagrun for tutorial to 2024-03-31 00:00:00+00:00, run_after=2024-04-01 00:00:00+00:00
[2024-04-01T07:09:11.317+0000] {processor.py:183} INFO - Processing /home/airflow/.local/lib/python3.8/site-packages/airflow/example_dags/tutorial.py took 0.048 seconds
[2024-04-01T07:09:42.232+0000] {processor.py:161} INFO - Started process (PID=935) to work on /home/airflow/.local/lib/python3.8/site-packages/airflow/example_dags/tutorial.py
[2024-04-01T07:09:42.232+0000] {processor.py:830} INFO - Processing file /home/airflow/.local/lib/python3.8/site-packages/airflow/example_dags/tutorial.py for tasks to queue
[2024-04-01T07:09:42.233+0000] {logging_mixin.py:188} INFO - [2024-04-01T07:09:42.233+0000] {dagbag.py:540} INFO - Filling up the DagBag from /home/airflow/.local/lib/python3.8/site-packages/airflow/example_dags/tutorial.py
[2024-04-01T07:09:42.237+0000] {processor.py:840} INFO - DAG(s) 'tutorial' retrieved from /home/airflow/.local/lib/python3.8/site-packages/airflow/example_dags/tutorial.py
[2024-04-01T07:09:42.248+0000] {logging_mixin.py:188} INFO - [2024-04-01T07:09:42.248+0000] {dag.py:3047} INFO - Sync 1 DAGs
[2024-04-01T07:09:42.260+0000] {logging_mixin.py:188} INFO - [2024-04-01T07:09:42.260+0000] {dag.py:3834} INFO - Setting next_dagrun for tutorial to 2024-03-31 00:00:00+00:00, run_after=2024-04-01 00:00:00+00:00
[2024-04-01T07:09:42.269+0000] {processor.py:183} INFO - Processing /home/airflow/.local/lib/python3.8/site-packages/airflow/example_dags/tutorial.py took 0.039 seconds
[2024-04-01T07:10:13.070+0000] {processor.py:161} INFO - Started process (PID=990) to work on /home/airflow/.local/lib/python3.8/site-packages/airflow/example_dags/tutorial.py
[2024-04-01T07:10:13.070+0000] {processor.py:830} INFO - Processing file /home/airflow/.local/lib/python3.8/site-packages/airflow/example_dags/tutorial.py for tasks to queue
[2024-04-01T07:10:13.071+0000] {logging_mixin.py:188} INFO - [2024-04-01T07:10:13.071+0000] {dagbag.py:540} INFO - Filling up the DagBag from /home/airflow/.local/lib/python3.8/site-packages/airflow/example_dags/tutorial.py
[2024-04-01T07:10:13.076+0000] {processor.py:840} INFO - DAG(s) 'tutorial' retrieved from /home/airflow/.local/lib/python3.8/site-packages/airflow/example_dags/tutorial.py
[2024-04-01T07:10:13.089+0000] {logging_mixin.py:188} INFO - [2024-04-01T07:10:13.089+0000] {dag.py:3047} INFO - Sync 1 DAGs
[2024-04-01T07:10:13.103+0000] {logging_mixin.py:188} INFO - [2024-04-01T07:10:13.103+0000] {dag.py:3834} INFO - Setting next_dagrun for tutorial to 2024-03-31 00:00:00+00:00, run_after=2024-04-01 00:00:00+00:00
[2024-04-01T07:10:13.114+0000] {processor.py:183} INFO - Processing /home/airflow/.local/lib/python3.8/site-packages/airflow/example_dags/tutorial.py took 0.047 seconds
[2024-04-01T07:10:43.185+0000] {processor.py:161} INFO - Started process (PID=1045) to work on /home/airflow/.local/lib/python3.8/site-packages/airflow/example_dags/tutorial.py
[2024-04-01T07:10:43.185+0000] {processor.py:830} INFO - Processing file /home/airflow/.local/lib/python3.8/site-packages/airflow/example_dags/tutorial.py for tasks to queue
[2024-04-01T07:10:43.186+0000] {logging_mixin.py:188} INFO - [2024-04-01T07:10:43.186+0000] {dagbag.py:540} INFO - Filling up the DagBag from /home/airflow/.local/lib/python3.8/site-packages/airflow/example_dags/tutorial.py
[2024-04-01T07:10:43.190+0000] {processor.py:840} INFO - DAG(s) 'tutorial' retrieved from /home/airflow/.local/lib/python3.8/site-packages/airflow/example_dags/tutorial.py
[2024-04-01T07:10:43.202+0000] {logging_mixin.py:188} INFO - [2024-04-01T07:10:43.202+0000] {dag.py:3047} INFO - Sync 1 DAGs
[2024-04-01T07:10:43.214+0000] {logging_mixin.py:188} INFO - [2024-04-01T07:10:43.214+0000] {dag.py:3834} INFO - Setting next_dagrun for tutorial to 2024-03-31 00:00:00+00:00, run_after=2024-04-01 00:00:00+00:00
[2024-04-01T07:10:43.225+0000] {processor.py:183} INFO - Processing /home/airflow/.local/lib/python3.8/site-packages/airflow/example_dags/tutorial.py took 0.042 seconds
[2024-04-01T07:11:13.312+0000] {processor.py:161} INFO - Started process (PID=1107) to work on /home/airflow/.local/lib/python3.8/site-packages/airflow/example_dags/tutorial.py
[2024-04-01T07:11:13.313+0000] {processor.py:830} INFO - Processing file /home/airflow/.local/lib/python3.8/site-packages/airflow/example_dags/tutorial.py for tasks to queue
[2024-04-01T07:11:13.314+0000] {logging_mixin.py:188} INFO - [2024-04-01T07:11:13.314+0000] {dagbag.py:540} INFO - Filling up the DagBag from /home/airflow/.local/lib/python3.8/site-packages/airflow/example_dags/tutorial.py
[2024-04-01T07:11:13.318+0000] {processor.py:840} INFO - DAG(s) 'tutorial' retrieved from /home/airflow/.local/lib/python3.8/site-packages/airflow/example_dags/tutorial.py
[2024-04-01T07:11:13.329+0000] {logging_mixin.py:188} INFO - [2024-04-01T07:11:13.329+0000] {dag.py:3047} INFO - Sync 1 DAGs
[2024-04-01T07:11:13.342+0000] {logging_mixin.py:188} INFO - [2024-04-01T07:11:13.341+0000] {dag.py:3834} INFO - Setting next_dagrun for tutorial to 2024-03-31 00:00:00+00:00, run_after=2024-04-01 00:00:00+00:00
[2024-04-01T07:11:13.352+0000] {processor.py:183} INFO - Processing /home/airflow/.local/lib/python3.8/site-packages/airflow/example_dags/tutorial.py took 0.043 seconds
[2024-04-01T07:11:43.410+0000] {processor.py:161} INFO - Started process (PID=1162) to work on /home/airflow/.local/lib/python3.8/site-packages/airflow/example_dags/tutorial.py
[2024-04-01T07:11:43.411+0000] {processor.py:830} INFO - Processing file /home/airflow/.local/lib/python3.8/site-packages/airflow/example_dags/tutorial.py for tasks to queue
[2024-04-01T07:11:43.413+0000] {logging_mixin.py:188} INFO - [2024-04-01T07:11:43.413+0000] {dagbag.py:540} INFO - Filling up the DagBag from /home/airflow/.local/lib/python3.8/site-packages/airflow/example_dags/tutorial.py
[2024-04-01T07:11:43.422+0000] {processor.py:840} INFO - DAG(s) 'tutorial' retrieved from /home/airflow/.local/lib/python3.8/site-packages/airflow/example_dags/tutorial.py
[2024-04-01T07:11:43.435+0000] {logging_mixin.py:188} INFO - [2024-04-01T07:11:43.434+0000] {dag.py:3047} INFO - Sync 1 DAGs
[2024-04-01T07:11:43.448+0000] {logging_mixin.py:188} INFO - [2024-04-01T07:11:43.448+0000] {dag.py:3834} INFO - Setting next_dagrun for tutorial to 2024-03-31 00:00:00+00:00, run_after=2024-04-01 00:00:00+00:00
[2024-04-01T07:11:43.459+0000] {processor.py:183} INFO - Processing /home/airflow/.local/lib/python3.8/site-packages/airflow/example_dags/tutorial.py took 0.050 seconds
[2024-04-01T07:12:13.649+0000] {processor.py:161} INFO - Started process (PID=1217) to work on /home/airflow/.local/lib/python3.8/site-packages/airflow/example_dags/tutorial.py
[2024-04-01T07:12:13.650+0000] {processor.py:830} INFO - Processing file /home/airflow/.local/lib/python3.8/site-packages/airflow/example_dags/tutorial.py for tasks to queue
[2024-04-01T07:12:13.651+0000] {logging_mixin.py:188} INFO - [2024-04-01T07:12:13.651+0000] {dagbag.py:540} INFO - Filling up the DagBag from /home/airflow/.local/lib/python3.8/site-packages/airflow/example_dags/tutorial.py
[2024-04-01T07:12:13.656+0000] {processor.py:840} INFO - DAG(s) 'tutorial' retrieved from /home/airflow/.local/lib/python3.8/site-packages/airflow/example_dags/tutorial.py
[2024-04-01T07:12:13.673+0000] {logging_mixin.py:188} INFO - [2024-04-01T07:12:13.672+0000] {dag.py:3047} INFO - Sync 1 DAGs
[2024-04-01T07:12:13.688+0000] {logging_mixin.py:188} INFO - [2024-04-01T07:12:13.688+0000] {dag.py:3834} INFO - Setting next_dagrun for tutorial to 2024-03-31 00:00:00+00:00, run_after=2024-04-01 00:00:00+00:00
[2024-04-01T07:12:13.699+0000] {processor.py:183} INFO - Processing /home/airflow/.local/lib/python3.8/site-packages/airflow/example_dags/tutorial.py took 0.051 seconds
